2021-05-04 01:17:17.405 [DEBUG] com.dippy.mapper.SysUserCollectCarMapper.selectOne - ==>  Preparing: SELECT car_id FROM sys_user_collect_cars WHERE (user_id = ? AND car_id = ?)
2021-05-04 01:17:19.912 [DEBUG] com.dippy.mapper.SysUserCollectCarMapper.selectOne - ==> Parameters: 1(Integer), 1(Integer)
2021-05-04 01:17:21.766 [DEBUG] com.dippy.mapper.SysUserCollectCarMapper.selectOne - <==      Total: 0
2021-05-04 01:17:28.843 [DEBUG] com.dippy.mapper.SysUserCollectCarMapper.insert - ==>  Preparing: INSERT INTO sys_user_collect_cars ( user_id, car_id ) VALUES ( ?, ? )
2021-05-04 01:17:28.866 [DEBUG] com.dippy.mapper.SysUserCollectCarMapper.insert - ==> Parameters: 1(Integer), 1(Integer)
2021-05-04 01:17:28.889 [DEBUG] com.dippy.mapper.SysUserCollectCarMapper.insert - <==    Updates: 1
2021-05-04 01:17:47.157 [DEBUG] com.dippy.mapper.SysUserCollectCarMapper.selectOne - ==>  Preparing: SELECT car_id FROM sys_user_collect_cars WHERE (user_id = ? AND car_id = ?)
2021-05-04 01:17:47.171 [DEBUG] com.dippy.mapper.SysUserCollectCarMapper.selectOne - ==> Parameters: 1(Integer), 1(Integer)
2021-05-04 01:17:47.238 [DEBUG] com.dippy.mapper.SysUserCollectCarMapper.selectOne - <==      Total: 1
2021-05-04 01:17:58.249 [DEBUG] com.dippy.mapper.SysUserCollectCarMapper.delete - ==>  Preparing: DELETE FROM sys_user_collect_cars WHERE (user_id = ? AND car_id = ?)
2021-05-04 01:17:58.261 [DEBUG] com.dippy.mapper.SysUserCollectCarMapper.delete - ==> Parameters: 1(Integer), 1(Integer)
2021-05-04 01:17:58.280 [DEBUG] com.dippy.mapper.SysUserCollectCarMapper.delete - <==    Updates: 1
2021-05-04 01:20:23.265 [DEBUG] com.dippy.mapper.SysUserMapper.selectOne - ==>  Preparing: SELECT user_id,username,password,name,sex,avatar,address_id,province,city,area,detailed_address,phone,email,birthday,is_lock,create_time,update_time FROM sys_user WHERE (username = ?)
2021-05-04 01:20:23.266 [DEBUG] com.dippy.mapper.SysUserMapper.selectOne - ==> Parameters: admin(String)
2021-05-04 01:20:23.279 [DEBUG] com.dippy.mapper.SysUserMapper.selectOne - <==      Total: 1
2021-05-04 01:20:23.298 [DEBUG] com.dippy.mapper.SysRoleUserMapper.selectList - ==>  Preparing: SELECT role_id FROM sys_role_user WHERE (user_id = ?)
2021-05-04 01:20:23.299 [DEBUG] com.dippy.mapper.SysRoleUserMapper.selectList - ==> Parameters: 1(Integer)
2021-05-04 01:20:23.303 [DEBUG] com.dippy.mapper.SysRoleUserMapper.selectList - <==      Total: 1
2021-05-04 01:20:23.304 [DEBUG] com.dippy.mapper.SysPermissionMapper.listPermissionByUserId - ==>  Preparing: SELECT p.* FROM sys_user u, sys_permission p LEFT JOIN sys_role_permission rp ON p.permission_id = rp.permission_id LEFT JOIN sys_role_user ru ON rp.role_id = ru.role_id WHERE u.user_id = ?
2021-05-04 01:20:23.305 [DEBUG] com.dippy.mapper.SysPermissionMapper.listPermissionByUserId - ==> Parameters: 1(Integer)
2021-05-04 01:20:23.328 [DEBUG] com.dippy.mapper.SysPermissionMapper.listPermissionByUserId - <==      Total: 80
2021-05-04 01:21:03.712 [DEBUG] com.dippy.mapper.CarInfoMapper.selectById - ==>  Preparing: SELECT car_id,car_brand,car_series,car_type,car_price,car_count,car_user_time,transfer_count,car_car_mileage,car_color,car_picture_id,car_gear_box,car_displacement,produce_time,car_configuration,car_seat,car_fuel_type,car_quality_time,car_region_id,car_front_tyre,rear_tyre,car_describe,create_time,update_time,car_status,car_title,user_id,car_picture FROM car_info WHERE car_id=?
2021-05-04 01:21:03.714 [DEBUG] com.dippy.mapper.CarInfoMapper.selectById - ==> Parameters: 1(Integer)
2021-05-04 01:21:03.717 [DEBUG] com.dippy.mapper.CarInfoMapper.selectById - <==      Total: 1
2021-05-04 01:21:03.722 [DEBUG] com.dippy.mapper.CarPictureMapper.selectList - ==>  Preparing: SELECT car_picture_location,car_url FROM car_picture WHERE (car_id = ?)
2021-05-04 01:21:03.723 [DEBUG] com.dippy.mapper.CarPictureMapper.selectList - ==> Parameters: 1(Integer)
2021-05-04 01:21:03.728 [DEBUG] com.dippy.mapper.CarPictureMapper.selectList - <==      Total: 20
2021-05-04 01:21:03.733 [DEBUG] com.dippy.mapper.SysUserMapper.selectOne - ==>  Preparing: SELECT name,phone,sex FROM sys_user WHERE (user_id = ?)
2021-05-04 01:21:03.734 [DEBUG] com.dippy.mapper.SysUserMapper.selectOne - ==> Parameters: 1(Integer)
2021-05-04 01:21:03.736 [DEBUG] com.dippy.mapper.SysUserMapper.selectOne - <==      Total: 1
2021-05-04 01:21:14.278 [DEBUG] com.dippy.mapper.SysUserCollectCarMapper.selectOne - ==>  Preparing: SELECT car_id FROM sys_user_collect_cars WHERE (user_id = ? AND car_id = ?)
2021-05-04 01:21:14.279 [DEBUG] com.dippy.mapper.SysUserCollectCarMapper.selectOne - ==> Parameters: 1(Integer), null
2021-05-04 01:21:14.281 [DEBUG] com.dippy.mapper.SysUserCollectCarMapper.selectOne - <==      Total: 0
2021-05-04 01:21:14.282 [DEBUG] com.dippy.mapper.SysUserCollectCarMapper.insert - ==>  Preparing: INSERT INTO sys_user_collect_cars ( user_id ) VALUES ( ? )
2021-05-04 01:21:14.283 [DEBUG] com.dippy.mapper.SysUserCollectCarMapper.insert - ==> Parameters: 1(Integer)
2021-05-04 01:21:14.288 [DEBUG] com.dippy.mapper.SysUserCollectCarMapper.insert - <==    Updates: 1
2021-05-04 01:21:16.850 [DEBUG] com.dippy.mapper.SysUserCollectCarMapper.selectOne - ==>  Preparing: SELECT car_id FROM sys_user_collect_cars WHERE (user_id = ? AND car_id = ?)
2021-05-04 01:21:16.851 [DEBUG] com.dippy.mapper.SysUserCollectCarMapper.selectOne - ==> Parameters: 1(Integer), null
2021-05-04 01:21:16.853 [DEBUG] com.dippy.mapper.SysUserCollectCarMapper.selectOne - <==      Total: 0
2021-05-04 01:21:16.854 [DEBUG] com.dippy.mapper.SysUserCollectCarMapper.insert - ==>  Preparing: INSERT INTO sys_user_collect_cars ( user_id ) VALUES ( ? )
2021-05-04 01:21:16.855 [DEBUG] com.dippy.mapper.SysUserCollectCarMapper.insert - ==> Parameters: 1(Integer)
2021-05-04 01:21:16.857 [DEBUG] com.dippy.mapper.SysUserCollectCarMapper.insert - <==    Updates: 1
2021-05-04 01:23:46.144 [DEBUG] com.dippy.mapper.CarInfoMapper.selectById - ==>  Preparing: SELECT car_id,car_brand,car_series,car_type,car_price,car_count,car_user_time,transfer_count,car_car_mileage,car_color,car_picture_id,car_gear_box,car_displacement,produce_time,car_configuration,car_seat,car_fuel_type,car_quality_time,car_region_id,car_front_tyre,rear_tyre,car_describe,create_time,update_time,car_status,car_title,user_id,car_picture FROM car_info WHERE car_id=?
2021-05-04 01:23:46.145 [DEBUG] com.dippy.mapper.CarInfoMapper.selectById - ==> Parameters: 1(Integer)
2021-05-04 01:23:46.149 [DEBUG] com.dippy.mapper.CarInfoMapper.selectById - <==      Total: 1
2021-05-04 01:23:46.157 [DEBUG] com.dippy.mapper.CarPictureMapper.selectList - ==>  Preparing: SELECT car_picture_location,car_url FROM car_picture WHERE (car_id = ?)
2021-05-04 01:23:46.159 [DEBUG] com.dippy.mapper.CarPictureMapper.selectList - ==> Parameters: 1(Integer)
2021-05-04 01:23:46.163 [DEBUG] com.dippy.mapper.CarPictureMapper.selectList - <==      Total: 20
2021-05-04 01:23:46.167 [DEBUG] com.dippy.mapper.SysUserMapper.selectOne - ==>  Preparing: SELECT name,phone,sex FROM sys_user WHERE (user_id = ?)
2021-05-04 01:23:46.168 [DEBUG] com.dippy.mapper.SysUserMapper.selectOne - ==> Parameters: 1(Integer)
2021-05-04 01:23:46.170 [DEBUG] com.dippy.mapper.SysUserMapper.selectOne - <==      Total: 1
2021-05-04 01:26:13.240 [DEBUG] com.dippy.mapper.CarInfoMapper.selectById - ==>  Preparing: SELECT car_id,car_brand,car_series,car_type,car_price,car_count,car_user_time,transfer_count,car_car_mileage,car_color,car_picture_id,car_gear_box,car_displacement,produce_time,car_configuration,car_seat,car_fuel_type,car_quality_time,car_region_id,car_front_tyre,rear_tyre,car_describe,create_time,update_time,car_status,car_title,user_id,car_picture FROM car_info WHERE car_id=?
2021-05-04 01:26:13.241 [DEBUG] com.dippy.mapper.CarInfoMapper.selectById - ==> Parameters: 1(Integer)
2021-05-04 01:26:13.244 [DEBUG] com.dippy.mapper.CarInfoMapper.selectById - <==      Total: 1
2021-05-04 01:26:13.251 [DEBUG] com.dippy.mapper.CarPictureMapper.selectList - ==>  Preparing: SELECT car_picture_location,car_url FROM car_picture WHERE (car_id = ?)
2021-05-04 01:26:13.252 [DEBUG] com.dippy.mapper.CarPictureMapper.selectList - ==> Parameters: 1(Integer)
2021-05-04 01:26:13.255 [DEBUG] com.dippy.mapper.CarPictureMapper.selectList - <==      Total: 20
2021-05-04 01:26:13.259 [DEBUG] com.dippy.mapper.SysUserMapper.selectOne - ==>  Preparing: SELECT name,phone,sex FROM sys_user WHERE (user_id = ?)
2021-05-04 01:26:13.260 [DEBUG] com.dippy.mapper.SysUserMapper.selectOne - ==> Parameters: 1(Integer)
2021-05-04 01:26:13.264 [DEBUG] com.dippy.mapper.SysUserMapper.selectOne - <==      Total: 1
2021-05-04 01:27:52.460 [DEBUG] com.dippy.mapper.CarInfoMapper.selectById - ==>  Preparing: SELECT car_id,car_brand,car_series,car_type,car_price,car_count,car_user_time,transfer_count,car_car_mileage,car_color,car_picture_id,car_gear_box,car_displacement,produce_time,car_configuration,car_seat,car_fuel_type,car_quality_time,car_region_id,car_front_tyre,rear_tyre,car_describe,create_time,update_time,car_status,car_title,user_id,car_picture FROM car_info WHERE car_id=?
2021-05-04 01:27:52.461 [DEBUG] com.dippy.mapper.CarInfoMapper.selectById - ==> Parameters: 1(Integer)
2021-05-04 01:27:52.464 [DEBUG] com.dippy.mapper.CarInfoMapper.selectById - <==      Total: 1
2021-05-04 01:27:52.466 [DEBUG] com.dippy.mapper.CarPictureMapper.selectList - ==>  Preparing: SELECT car_picture_location,car_url FROM car_picture WHERE (car_id = ?)
2021-05-04 01:27:52.467 [DEBUG] com.dippy.mapper.CarPictureMapper.selectList - ==> Parameters: 1(Integer)
2021-05-04 01:27:52.470 [DEBUG] com.dippy.mapper.CarPictureMapper.selectList - <==      Total: 20
2021-05-04 01:27:52.472 [DEBUG] com.dippy.mapper.SysUserMapper.selectOne - ==>  Preparing: SELECT name,phone,sex FROM sys_user WHERE (user_id = ?)
2021-05-04 01:27:52.473 [DEBUG] com.dippy.mapper.SysUserMapper.selectOne - ==> Parameters: 1(Integer)
2021-05-04 01:27:52.475 [DEBUG] com.dippy.mapper.SysUserMapper.selectOne - <==      Total: 1
2021-05-04 01:28:01.326 [DEBUG] com.dippy.mapper.SysUserCollectCarMapper.selectOne - ==>  Preparing: SELECT car_id FROM sys_user_collect_cars WHERE (user_id = ? AND car_id = ?)
2021-05-04 01:28:01.327 [DEBUG] com.dippy.mapper.SysUserCollectCarMapper.selectOne - ==> Parameters: 1(Integer), 1(Integer)
2021-05-04 01:28:01.329 [DEBUG] com.dippy.mapper.SysUserCollectCarMapper.selectOne - <==      Total: 0
2021-05-04 01:28:01.331 [DEBUG] com.dippy.mapper.SysUserCollectCarMapper.insert - ==>  Preparing: INSERT INTO sys_user_collect_cars ( user_id, car_id ) VALUES ( ?, ? )
2021-05-04 01:28:01.332 [DEBUG] com.dippy.mapper.SysUserCollectCarMapper.insert - ==> Parameters: 1(Integer), 1(Integer)
2021-05-04 01:28:01.335 [DEBUG] com.dippy.mapper.SysUserCollectCarMapper.insert - <==    Updates: 1
2021-05-04 01:28:07.368 [DEBUG] com.dippy.mapper.SysUserCollectCarMapper.selectOne - ==>  Preparing: SELECT car_id FROM sys_user_collect_cars WHERE (user_id = ? AND car_id = ?)
2021-05-04 01:28:07.369 [DEBUG] com.dippy.mapper.SysUserCollectCarMapper.selectOne - ==> Parameters: 1(Integer), 1(Integer)
2021-05-04 01:28:07.370 [DEBUG] com.dippy.mapper.SysUserCollectCarMapper.selectOne - <==      Total: 1
2021-05-04 01:28:07.373 [DEBUG] com.dippy.mapper.SysUserCollectCarMapper.delete - ==>  Preparing: DELETE FROM sys_user_collect_cars WHERE (user_id = ? AND car_id = ?)
2021-05-04 01:28:07.374 [DEBUG] com.dippy.mapper.SysUserCollectCarMapper.delete - ==> Parameters: 1(Integer), 1(Integer)
2021-05-04 01:28:07.378 [DEBUG] com.dippy.mapper.SysUserCollectCarMapper.delete - <==    Updates: 1
2021-05-04 01:38:18.155 [DEBUG] com.dippy.mapper.SysUserCollectCarMapper.selectOne - ==>  Preparing: SELECT car_id FROM sys_user_collect_cars WHERE (user_id = ? AND car_id = ?)
2021-05-04 01:38:18.156 [DEBUG] com.dippy.mapper.SysUserCollectCarMapper.selectOne - ==> Parameters: 1(Integer), 1(Integer)
2021-05-04 01:38:18.158 [DEBUG] com.dippy.mapper.SysUserCollectCarMapper.selectOne - <==      Total: 0
2021-05-04 01:38:18.159 [DEBUG] com.dippy.mapper.SysUserCollectCarMapper.insert - ==>  Preparing: INSERT INTO sys_user_collect_cars ( user_id, car_id ) VALUES ( ?, ? )
2021-05-04 01:38:18.160 [DEBUG] com.dippy.mapper.SysUserCollectCarMapper.insert - ==> Parameters: 1(Integer), 1(Integer)
2021-05-04 01:38:18.169 [DEBUG] com.dippy.mapper.SysUserCollectCarMapper.insert - <==    Updates: 1
2021-05-04 01:38:20.415 [DEBUG] com.dippy.mapper.SysUserCollectCarMapper.selectOne - ==>  Preparing: SELECT car_id FROM sys_user_collect_cars WHERE (user_id = ? AND car_id = ?)
2021-05-04 01:38:20.416 [DEBUG] com.dippy.mapper.SysUserCollectCarMapper.selectOne - ==> Parameters: 1(Integer), 1(Integer)
2021-05-04 01:38:20.419 [DEBUG] com.dippy.mapper.SysUserCollectCarMapper.selectOne - <==      Total: 1
2021-05-04 01:38:20.423 [DEBUG] com.dippy.mapper.SysUserCollectCarMapper.delete - ==>  Preparing: DELETE FROM sys_user_collect_cars WHERE (user_id = ? AND car_id = ?)
2021-05-04 01:38:20.424 [DEBUG] com.dippy.mapper.SysUserCollectCarMapper.delete - ==> Parameters: 1(Integer), 1(Integer)
2021-05-04 01:38:20.431 [DEBUG] com.dippy.mapper.SysUserCollectCarMapper.delete - <==    Updates: 1
2021-05-04 01:41:16.916 [DEBUG] com.dippy.mapper.SysUserCollectCarMapper.selectOne - ==>  Preparing: SELECT car_id FROM sys_user_collect_cars WHERE (user_id = ? AND car_id = ?)
2021-05-04 01:41:16.917 [DEBUG] com.dippy.mapper.SysUserCollectCarMapper.selectOne - ==> Parameters: 1(Integer), 1(Integer)
2021-05-04 01:41:16.918 [DEBUG] com.dippy.mapper.SysUserCollectCarMapper.selectOne - <==      Total: 0
2021-05-04 01:41:16.920 [DEBUG] com.dippy.mapper.SysUserCollectCarMapper.insert - ==>  Preparing: INSERT INTO sys_user_collect_cars ( user_id, car_id ) VALUES ( ?, ? )
2021-05-04 01:41:16.921 [DEBUG] com.dippy.mapper.SysUserCollectCarMapper.insert - ==> Parameters: 1(Integer), 1(Integer)
2021-05-04 01:41:16.927 [DEBUG] com.dippy.mapper.SysUserCollectCarMapper.insert - <==    Updates: 1
2021-05-04 01:41:20.692 [DEBUG] com.dippy.mapper.SysUserCollectCarMapper.selectOne - ==>  Preparing: SELECT car_id FROM sys_user_collect_cars WHERE (user_id = ? AND car_id = ?)
2021-05-04 01:41:20.693 [DEBUG] com.dippy.mapper.SysUserCollectCarMapper.selectOne - ==> Parameters: 1(Integer), 1(Integer)
2021-05-04 01:41:20.695 [DEBUG] com.dippy.mapper.SysUserCollectCarMapper.selectOne - <==      Total: 1
2021-05-04 01:41:20.698 [DEBUG] com.dippy.mapper.SysUserCollectCarMapper.delete - ==>  Preparing: DELETE FROM sys_user_collect_cars WHERE (user_id = ? AND car_id = ?)
2021-05-04 01:41:20.699 [DEBUG] com.dippy.mapper.SysUserCollectCarMapper.delete - ==> Parameters: 1(Integer), 1(Integer)
2021-05-04 01:41:20.704 [DEBUG] com.dippy.mapper.SysUserCollectCarMapper.delete - <==    Updates: 1
2021-05-04 01:41:27.104 [DEBUG] com.dippy.mapper.SysUserCollectCarMapper.selectOne - ==>  Preparing: SELECT car_id FROM sys_user_collect_cars WHERE (user_id = ? AND car_id = ?)
2021-05-04 01:41:27.106 [DEBUG] com.dippy.mapper.SysUserCollectCarMapper.selectOne - ==> Parameters: 1(Integer), 1(Integer)
2021-05-04 01:41:27.108 [DEBUG] com.dippy.mapper.SysUserCollectCarMapper.selectOne - <==      Total: 0
2021-05-04 01:41:27.110 [DEBUG] com.dippy.mapper.SysUserCollectCarMapper.insert - ==>  Preparing: INSERT INTO sys_user_collect_cars ( user_id, car_id ) VALUES ( ?, ? )
2021-05-04 01:41:27.111 [DEBUG] com.dippy.mapper.SysUserCollectCarMapper.insert - ==> Parameters: 1(Integer), 1(Integer)
2021-05-04 01:41:27.115 [DEBUG] com.dippy.mapper.SysUserCollectCarMapper.insert - <==    Updates: 1
2021-05-04 01:41:32.982 [DEBUG] com.dippy.mapper.CarInfoMapper.selectById - ==>  Preparing: SELECT car_id,car_brand,car_series,car_type,car_price,car_count,car_user_time,transfer_count,car_car_mileage,car_color,car_picture_id,car_gear_box,car_displacement,produce_time,car_configuration,car_seat,car_fuel_type,car_quality_time,car_region_id,car_front_tyre,rear_tyre,car_describe,create_time,update_time,car_status,car_title,user_id,car_picture FROM car_info WHERE car_id=?
2021-05-04 01:41:32.982 [DEBUG] com.dippy.mapper.CarInfoMapper.selectById - ==> Parameters: 2(Integer)
2021-05-04 01:41:32.987 [DEBUG] com.dippy.mapper.CarInfoMapper.selectById - <==      Total: 1
2021-05-04 01:41:32.989 [DEBUG] com.dippy.mapper.CarPictureMapper.selectList - ==>  Preparing: SELECT car_picture_location,car_url FROM car_picture WHERE (car_id = ?)
2021-05-04 01:41:32.990 [DEBUG] com.dippy.mapper.CarPictureMapper.selectList - ==> Parameters: 2(Integer)
2021-05-04 01:41:32.992 [DEBUG] com.dippy.mapper.CarPictureMapper.selectList - <==      Total: 2
2021-05-04 01:41:32.995 [DEBUG] com.dippy.mapper.SysUserMapper.selectOne - ==>  Preparing: SELECT name,phone,sex FROM sys_user WHERE (user_id = ?)
2021-05-04 01:41:32.996 [DEBUG] com.dippy.mapper.SysUserMapper.selectOne - ==> Parameters: 3(Integer)
2021-05-04 01:41:32.997 [DEBUG] com.dippy.mapper.SysUserMapper.selectOne - <==      Total: 0
2021-05-04 01:41:37.798 [DEBUG] com.dippy.mapper.SysUserCollectCarMapper.selectOne - ==>  Preparing: SELECT car_id FROM sys_user_collect_cars WHERE (user_id = ? AND car_id = ?)
2021-05-04 01:41:37.800 [DEBUG] com.dippy.mapper.SysUserCollectCarMapper.selectOne - ==> Parameters: 1(Integer), 2(Integer)
2021-05-04 01:41:37.801 [DEBUG] com.dippy.mapper.SysUserCollectCarMapper.selectOne - <==      Total: 0
2021-05-04 01:41:37.802 [DEBUG] com.dippy.mapper.SysUserCollectCarMapper.insert - ==>  Preparing: INSERT INTO sys_user_collect_cars ( user_id, car_id ) VALUES ( ?, ? )
2021-05-04 01:41:37.803 [DEBUG] com.dippy.mapper.SysUserCollectCarMapper.insert - ==> Parameters: 1(Integer), 2(Integer)
2021-05-04 01:41:37.808 [DEBUG] com.dippy.mapper.SysUserCollectCarMapper.insert - <==    Updates: 1
2021-05-04 01:41:59.048 [DEBUG] com.dippy.mapper.CarInfoMapper.selectById - ==>  Preparing: SELECT car_id,car_brand,car_series,car_type,car_price,car_count,car_user_time,transfer_count,car_car_mileage,car_color,car_picture_id,car_gear_box,car_displacement,produce_time,car_configuration,car_seat,car_fuel_type,car_quality_time,car_region_id,car_front_tyre,rear_tyre,car_describe,create_time,update_time,car_status,car_title,user_id,car_picture FROM car_info WHERE car_id=?
2021-05-04 01:41:59.049 [DEBUG] com.dippy.mapper.CarInfoMapper.selectById - ==> Parameters: 2(Integer)
2021-05-04 01:41:59.051 [DEBUG] com.dippy.mapper.CarInfoMapper.selectById - <==      Total: 1
2021-05-04 01:41:59.054 [DEBUG] com.dippy.mapper.CarPictureMapper.selectList - ==>  Preparing: SELECT car_picture_location,car_url FROM car_picture WHERE (car_id = ?)
2021-05-04 01:41:59.054 [DEBUG] com.dippy.mapper.CarPictureMapper.selectList - ==> Parameters: 2(Integer)
2021-05-04 01:41:59.056 [DEBUG] com.dippy.mapper.CarPictureMapper.selectList - <==      Total: 2
2021-05-04 01:41:59.059 [DEBUG] com.dippy.mapper.SysUserMapper.selectOne - ==>  Preparing: SELECT name,phone,sex FROM sys_user WHERE (user_id = ?)
2021-05-04 01:41:59.059 [DEBUG] com.dippy.mapper.SysUserMapper.selectOne - ==> Parameters: 3(Integer)
2021-05-04 01:41:59.061 [DEBUG] com.dippy.mapper.SysUserMapper.selectOne - <==      Total: 0
2021-05-04 14:49:56.690 [DEBUG] com.dippy.mapper.CarInfoMapper.selectById - ==>  Preparing: SELECT car_id,car_brand,car_series,car_type,car_price,car_count,car_user_time,transfer_count,car_car_mileage,car_color,car_picture_id,car_gear_box,car_displacement,produce_time,car_configuration,car_seat,car_fuel_type,car_quality_time,car_region_id,car_front_tyre,rear_tyre,car_describe,create_time,update_time,car_status,car_title,user_id,car_picture FROM car_info WHERE car_id=?
2021-05-04 14:49:56.770 [DEBUG] com.dippy.mapper.CarInfoMapper.selectById - ==> Parameters: 2(Integer)
2021-05-04 14:49:56.880 [DEBUG] com.dippy.mapper.CarInfoMapper.selectById - <==      Total: 1
2021-05-04 14:49:57.146 [DEBUG] com.dippy.mapper.CarPictureMapper.selectList - ==>  Preparing: SELECT car_picture_location,car_url FROM car_picture WHERE (car_id = ?)
2021-05-04 14:49:57.151 [DEBUG] com.dippy.mapper.CarPictureMapper.selectList - ==> Parameters: 2(Integer)
2021-05-04 14:49:57.209 [DEBUG] com.dippy.mapper.CarPictureMapper.selectList - <==      Total: 2
2021-05-04 14:49:57.225 [DEBUG] com.dippy.mapper.SysUserMapper.selectOne - ==>  Preparing: SELECT name,phone,sex FROM sys_user WHERE (user_id = ?)
2021-05-04 14:49:57.227 [DEBUG] com.dippy.mapper.SysUserMapper.selectOne - ==> Parameters: 3(Integer)
2021-05-04 14:49:57.275 [DEBUG] com.dippy.mapper.SysUserMapper.selectOne - <==      Total: 0
2021-05-04 14:56:25.066 [DEBUG] com.dippy.mapper.CarInfoMapper.selectById - ==>  Preparing: SELECT car_id,car_brand,car_series,car_type,car_price,car_count,car_user_time,transfer_count,car_car_mileage,car_color,car_picture_id,car_gear_box,car_displacement,produce_time,car_configuration,car_seat,car_fuel_type,car_quality_time,car_region_id,car_front_tyre,rear_tyre,car_describe,create_time,update_time,car_status,car_title,user_id,car_picture FROM car_info WHERE car_id=?
2021-05-04 14:56:25.068 [DEBUG] com.dippy.mapper.CarInfoMapper.selectById - ==> Parameters: 2(Integer)
2021-05-04 14:56:25.073 [DEBUG] com.dippy.mapper.CarInfoMapper.selectById - <==      Total: 1
2021-05-04 14:56:25.076 [DEBUG] com.dippy.mapper.CarPictureMapper.selectList - ==>  Preparing: SELECT car_picture_location,car_url FROM car_picture WHERE (car_id = ?)
2021-05-04 14:56:25.077 [DEBUG] com.dippy.mapper.CarPictureMapper.selectList - ==> Parameters: 2(Integer)
2021-05-04 14:56:25.081 [DEBUG] com.dippy.mapper.CarPictureMapper.selectList - <==      Total: 2
2021-05-04 14:56:25.084 [DEBUG] com.dippy.mapper.SysUserMapper.selectOne - ==>  Preparing: SELECT name,phone,sex FROM sys_user WHERE (user_id = ?)
2021-05-04 14:56:25.086 [DEBUG] com.dippy.mapper.SysUserMapper.selectOne - ==> Parameters: 3(Integer)
2021-05-04 14:56:25.087 [DEBUG] com.dippy.mapper.SysUserMapper.selectOne - <==      Total: 0
2021-05-04 14:57:30.056 [DEBUG] com.dippy.mapper.SysUserMapper.selectOne - ==>  Preparing: SELECT user_id,username,password,name,sex,avatar,address_id,province,city,area,detailed_address,phone,email,birthday,is_lock,create_time,update_time FROM sys_user WHERE (username = ?)
2021-05-04 14:57:30.057 [DEBUG] com.dippy.mapper.SysUserMapper.selectOne - ==> Parameters: admin(String)
2021-05-04 14:57:30.063 [DEBUG] com.dippy.mapper.SysUserMapper.selectOne - <==      Total: 1
2021-05-04 14:57:30.079 [DEBUG] com.dippy.mapper.SysRoleUserMapper.selectList - ==>  Preparing: SELECT role_id FROM sys_role_user WHERE (user_id = ?)
2021-05-04 14:57:30.080 [DEBUG] com.dippy.mapper.SysRoleUserMapper.selectList - ==> Parameters: 1(Integer)
2021-05-04 14:57:30.099 [DEBUG] com.dippy.mapper.SysRoleUserMapper.selectList - <==      Total: 1
2021-05-04 14:57:30.101 [DEBUG] com.dippy.mapper.SysPermissionMapper.listPermissionByUserId - ==>  Preparing: SELECT p.* FROM sys_user u, sys_permission p LEFT JOIN sys_role_permission rp ON p.permission_id = rp.permission_id LEFT JOIN sys_role_user ru ON rp.role_id = ru.role_id WHERE u.user_id = ?
2021-05-04 14:57:30.101 [DEBUG] com.dippy.mapper.SysPermissionMapper.listPermissionByUserId - ==> Parameters: 1(Integer)
2021-05-04 14:57:30.170 [DEBUG] com.dippy.mapper.SysPermissionMapper.listPermissionByUserId - <==      Total: 80
2021-05-04 14:57:47.375 [DEBUG] com.dippy.mapper.CarInfoMapper.selectById - ==>  Preparing: SELECT car_id,car_brand,car_series,car_type,car_price,car_count,car_user_time,transfer_count,car_car_mileage,car_color,car_picture_id,car_gear_box,car_displacement,produce_time,car_configuration,car_seat,car_fuel_type,car_quality_time,car_region_id,car_front_tyre,rear_tyre,car_describe,create_time,update_time,car_status,car_title,user_id,car_picture FROM car_info WHERE car_id=?
2021-05-04 14:57:47.376 [DEBUG] com.dippy.mapper.CarInfoMapper.selectById - ==> Parameters: 1(Integer)
2021-05-04 14:57:47.379 [DEBUG] com.dippy.mapper.CarInfoMapper.selectById - <==      Total: 1
2021-05-04 14:57:47.382 [DEBUG] com.dippy.mapper.CarPictureMapper.selectList - ==>  Preparing: SELECT car_picture_location,car_url FROM car_picture WHERE (car_id = ?)
2021-05-04 14:57:47.383 [DEBUG] com.dippy.mapper.CarPictureMapper.selectList - ==> Parameters: 1(Integer)
2021-05-04 14:57:47.389 [DEBUG] com.dippy.mapper.CarPictureMapper.selectList - <==      Total: 20
2021-05-04 14:57:47.392 [DEBUG] com.dippy.mapper.SysUserMapper.selectOne - ==>  Preparing: SELECT name,phone,sex FROM sys_user WHERE (user_id = ?)
2021-05-04 14:57:47.393 [DEBUG] com.dippy.mapper.SysUserMapper.selectOne - ==> Parameters: 1(Integer)
2021-05-04 14:57:47.395 [DEBUG] com.dippy.mapper.SysUserMapper.selectOne - <==      Total: 1
2021-05-04 15:01:10.195 [DEBUG] com.dippy.mapper.CarInfoMapper.selectById - ==>  Preparing: SELECT car_id,car_brand,car_series,car_type,car_price,car_count,car_user_time,transfer_count,car_car_mileage,car_color,car_picture_id,car_gear_box,car_displacement,produce_time,car_configuration,car_seat,car_fuel_type,car_quality_time,car_region_id,car_front_tyre,rear_tyre,car_describe,create_time,update_time,car_status,car_title,user_id,car_picture FROM car_info WHERE car_id=?
2021-05-04 15:01:10.196 [DEBUG] com.dippy.mapper.CarInfoMapper.selectById - ==> Parameters: 1(Integer)
2021-05-04 15:01:10.200 [DEBUG] com.dippy.mapper.CarInfoMapper.selectById - <==      Total: 1
2021-05-04 15:01:10.203 [DEBUG] com.dippy.mapper.CarPictureMapper.selectList - ==>  Preparing: SELECT car_picture_location,car_url FROM car_picture WHERE (car_id = ?)
2021-05-04 15:01:10.204 [DEBUG] com.dippy.mapper.CarPictureMapper.selectList - ==> Parameters: 1(Integer)
2021-05-04 15:01:10.208 [DEBUG] com.dippy.mapper.CarPictureMapper.selectList - <==      Total: 20
2021-05-04 15:01:10.211 [DEBUG] com.dippy.mapper.SysUserMapper.selectOne - ==>  Preparing: SELECT name,phone,sex FROM sys_user WHERE (user_id = ?)
2021-05-04 15:01:10.212 [DEBUG] com.dippy.mapper.SysUserMapper.selectOne - ==> Parameters: 1(Integer)
2021-05-04 15:01:10.214 [DEBUG] com.dippy.mapper.SysUserMapper.selectOne - <==      Total: 1
2021-05-04 16:21:31.466 [DEBUG] com.dippy.mapper.SysUserCollectCarMapper.selectOne - ==>  Preparing: SELECT car_id FROM sys_user_collect_cars WHERE (user_id = ? AND car_id = ?)
2021-05-04 16:21:31.470 [DEBUG] com.dippy.mapper.SysUserCollectCarMapper.selectOne - ==> Parameters: 1(Integer), 1(Integer)
2021-05-04 16:21:31.493 [DEBUG] com.dippy.mapper.SysUserCollectCarMapper.selectOne - <==      Total: 1
2021-05-04 16:21:31.497 [DEBUG] com.dippy.mapper.SysUserCollectCarMapper.delete - ==>  Preparing: DELETE FROM sys_user_collect_cars WHERE (user_id = ? AND car_id = ?)
2021-05-04 16:21:31.497 [DEBUG] com.dippy.mapper.SysUserCollectCarMapper.delete - ==> Parameters: 1(Integer), 1(Integer)
2021-05-04 16:21:31.508 [DEBUG] com.dippy.mapper.SysUserCollectCarMapper.delete - <==    Updates: 1
2021-05-04 16:21:38.749 [DEBUG] com.dippy.mapper.SysUserCollectCarMapper.selectOne - ==>  Preparing: SELECT car_id FROM sys_user_collect_cars WHERE (user_id = ? AND car_id = ?)
2021-05-04 16:21:38.750 [DEBUG] com.dippy.mapper.SysUserCollectCarMapper.selectOne - ==> Parameters: 1(Integer), 1(Integer)
2021-05-04 16:21:38.752 [DEBUG] com.dippy.mapper.SysUserCollectCarMapper.selectOne - <==      Total: 0
2021-05-04 16:21:38.757 [DEBUG] com.dippy.mapper.SysUserCollectCarMapper.insert - ==>  Preparing: INSERT INTO sys_user_collect_cars ( user_id, car_id ) VALUES ( ?, ? )
2021-05-04 16:21:38.758 [DEBUG] com.dippy.mapper.SysUserCollectCarMapper.insert - ==> Parameters: 1(Integer), 1(Integer)
2021-05-04 16:21:38.766 [DEBUG] com.dippy.mapper.SysUserCollectCarMapper.insert - <==    Updates: 1
2021-05-04 16:22:43.722 [DEBUG] com.dippy.mapper.CarInfoMapper.selectById - ==>  Preparing: SELECT car_id,car_brand,car_series,car_type,car_price,car_count,car_user_time,transfer_count,car_car_mileage,car_color,car_picture_id,car_gear_box,car_displacement,produce_time,car_configuration,car_seat,car_fuel_type,car_quality_time,car_region_id,car_front_tyre,rear_tyre,car_describe,create_time,update_time,car_status,car_title,user_id,car_picture FROM car_info WHERE car_id=?
2021-05-04 16:22:43.723 [DEBUG] com.dippy.mapper.CarInfoMapper.selectById - ==> Parameters: 1(Integer)
2021-05-04 16:22:43.726 [DEBUG] com.dippy.mapper.CarInfoMapper.selectById - <==      Total: 1
2021-05-04 16:22:43.728 [DEBUG] com.dippy.mapper.CarPictureMapper.selectList - ==>  Preparing: SELECT car_picture_location,car_url FROM car_picture WHERE (car_id = ?)
2021-05-04 16:22:43.729 [DEBUG] com.dippy.mapper.CarPictureMapper.selectList - ==> Parameters: 1(Integer)
2021-05-04 16:22:43.731 [DEBUG] com.dippy.mapper.CarPictureMapper.selectList - <==      Total: 20
2021-05-04 16:22:43.734 [DEBUG] com.dippy.mapper.SysUserMapper.selectOne - ==>  Preparing: SELECT name,phone,sex FROM sys_user WHERE (user_id = ?)
2021-05-04 16:22:43.734 [DEBUG] com.dippy.mapper.SysUserMapper.selectOne - ==> Parameters: 1(Integer)
2021-05-04 16:22:43.736 [DEBUG] com.dippy.mapper.SysUserMapper.selectOne - <==      Total: 1
2021-05-04 16:23:44.105 [DEBUG] com.dippy.mapper.CarInfoMapper.selectById - ==>  Preparing: SELECT car_id,car_brand,car_series,car_type,car_price,car_count,car_user_time,transfer_count,car_car_mileage,car_color,car_picture_id,car_gear_box,car_displacement,produce_time,car_configuration,car_seat,car_fuel_type,car_quality_time,car_region_id,car_front_tyre,rear_tyre,car_describe,create_time,update_time,car_status,car_title,user_id,car_picture FROM car_info WHERE car_id=?
2021-05-04 16:23:44.109 [DEBUG] com.dippy.mapper.CarInfoMapper.selectById - ==> Parameters: 1(Integer)
2021-05-04 16:23:44.114 [DEBUG] com.dippy.mapper.CarInfoMapper.selectById - <==      Total: 1
2021-05-04 16:23:44.127 [DEBUG] com.dippy.mapper.CarPictureMapper.selectList - ==>  Preparing: SELECT car_picture_location,car_url FROM car_picture WHERE (car_id = ?)
2021-05-04 16:23:44.129 [DEBUG] com.dippy.mapper.CarPictureMapper.selectList - ==> Parameters: 1(Integer)
2021-05-04 16:23:44.134 [DEBUG] com.dippy.mapper.CarPictureMapper.selectList - <==      Total: 20
2021-05-04 16:23:44.143 [DEBUG] com.dippy.mapper.SysUserMapper.selectOne - ==>  Preparing: SELECT name,phone,sex FROM sys_user WHERE (user_id = ?)
2021-05-04 16:23:44.144 [DEBUG] com.dippy.mapper.SysUserMapper.selectOne - ==> Parameters: 1(Integer)
2021-05-04 16:23:44.147 [DEBUG] com.dippy.mapper.SysUserMapper.selectOne - <==      Total: 1
2021-05-04 16:23:45.968 [DEBUG] com.dippy.mapper.SysUserCollectCarMapper.selectOne - ==>  Preparing: SELECT car_id FROM sys_user_collect_cars WHERE (user_id = ? AND car_id = ?)
2021-05-04 16:23:45.971 [DEBUG] com.dippy.mapper.SysUserCollectCarMapper.selectOne - ==> Parameters: 1(Integer), 1(Integer)
2021-05-04 16:23:45.974 [DEBUG] com.dippy.mapper.SysUserCollectCarMapper.selectOne - <==      Total: 1
2021-05-04 16:23:45.977 [DEBUG] com.dippy.mapper.SysUserCollectCarMapper.delete - ==>  Preparing: DELETE FROM sys_user_collect_cars WHERE (user_id = ? AND car_id = ?)
2021-05-04 16:23:45.979 [DEBUG] com.dippy.mapper.SysUserCollectCarMapper.delete - ==> Parameters: 1(Integer), 1(Integer)
2021-05-04 16:23:45.983 [DEBUG] com.dippy.mapper.SysUserCollectCarMapper.delete - <==    Updates: 1
2021-05-04 16:28:31.146 [DEBUG] com.dippy.mapper.CarInfoMapper.selectById - ==>  Preparing: SELECT car_id,car_brand,car_series,car_type,car_price,car_count,car_user_time,transfer_count,car_car_mileage,car_color,car_picture_id,car_gear_box,car_displacement,produce_time,car_configuration,car_seat,car_fuel_type,car_quality_time,car_region_id,car_front_tyre,rear_tyre,car_describe,create_time,update_time,car_status,car_title,user_id,car_picture FROM car_info WHERE car_id=?
2021-05-04 16:28:31.147 [DEBUG] com.dippy.mapper.CarInfoMapper.selectById - ==> Parameters: 1(Integer)
2021-05-04 16:28:31.151 [DEBUG] com.dippy.mapper.CarInfoMapper.selectById - <==      Total: 1
2021-05-04 16:28:31.153 [DEBUG] com.dippy.mapper.CarPictureMapper.selectList - ==>  Preparing: SELECT car_picture_location,car_url FROM car_picture WHERE (car_id = ?)
2021-05-04 16:28:31.154 [DEBUG] com.dippy.mapper.CarPictureMapper.selectList - ==> Parameters: 1(Integer)
2021-05-04 16:28:31.159 [DEBUG] com.dippy.mapper.CarPictureMapper.selectList - <==      Total: 20
2021-05-04 16:28:31.164 [DEBUG] com.dippy.mapper.SysUserMapper.selectOne - ==>  Preparing: SELECT name,phone,sex FROM sys_user WHERE (user_id = ?)
2021-05-04 16:28:31.165 [DEBUG] com.dippy.mapper.SysUserMapper.selectOne - ==> Parameters: 1(Integer)
2021-05-04 16:28:31.167 [DEBUG] com.dippy.mapper.SysUserMapper.selectOne - <==      Total: 1
2021-05-04 16:28:33.729 [DEBUG] com.dippy.mapper.CarInfoMapper.selectById - ==>  Preparing: SELECT car_id,car_brand,car_series,car_type,car_price,car_count,car_user_time,transfer_count,car_car_mileage,car_color,car_picture_id,car_gear_box,car_displacement,produce_time,car_configuration,car_seat,car_fuel_type,car_quality_time,car_region_id,car_front_tyre,rear_tyre,car_describe,create_time,update_time,car_status,car_title,user_id,car_picture FROM car_info WHERE car_id=?
2021-05-04 16:28:33.731 [DEBUG] com.dippy.mapper.CarInfoMapper.selectById - ==> Parameters: 1(Integer)
2021-05-04 16:28:33.734 [DEBUG] com.dippy.mapper.CarInfoMapper.selectById - <==      Total: 1
2021-05-04 16:28:33.738 [DEBUG] com.dippy.mapper.CarPictureMapper.selectList - ==>  Preparing: SELECT car_picture_location,car_url FROM car_picture WHERE (car_id = ?)
2021-05-04 16:28:33.739 [DEBUG] com.dippy.mapper.CarPictureMapper.selectList - ==> Parameters: 1(Integer)
2021-05-04 16:28:33.743 [DEBUG] com.dippy.mapper.CarPictureMapper.selectList - <==      Total: 20
2021-05-04 16:28:33.746 [DEBUG] com.dippy.mapper.SysUserMapper.selectOne - ==>  Preparing: SELECT name,phone,sex FROM sys_user WHERE (user_id = ?)
2021-05-04 16:28:33.747 [DEBUG] com.dippy.mapper.SysUserMapper.selectOne - ==> Parameters: 1(Integer)
2021-05-04 16:28:33.749 [DEBUG] com.dippy.mapper.SysUserMapper.selectOne - <==      Total: 1
2021-05-04 16:28:35.369 [DEBUG] com.dippy.mapper.SysUserCollectCarMapper.selectOne - ==>  Preparing: SELECT car_id FROM sys_user_collect_cars WHERE (user_id = ? AND car_id = ?)
2021-05-04 16:28:35.370 [DEBUG] com.dippy.mapper.SysUserCollectCarMapper.selectOne - ==> Parameters: 1(Integer), 1(Integer)
2021-05-04 16:28:35.371 [DEBUG] com.dippy.mapper.SysUserCollectCarMapper.selectOne - <==      Total: 0
2021-05-04 16:28:35.373 [DEBUG] com.dippy.mapper.SysUserCollectCarMapper.insert - ==>  Preparing: INSERT INTO sys_user_collect_cars ( user_id, car_id ) VALUES ( ?, ? )
2021-05-04 16:28:35.374 [DEBUG] com.dippy.mapper.SysUserCollectCarMapper.insert - ==> Parameters: 1(Integer), 1(Integer)
2021-05-04 16:28:35.379 [DEBUG] com.dippy.mapper.SysUserCollectCarMapper.insert - <==    Updates: 1
2021-05-04 16:28:40.937 [DEBUG] com.dippy.mapper.SysUserCollectCarMapper.selectOne - ==>  Preparing: SELECT car_id FROM sys_user_collect_cars WHERE (user_id = ? AND car_id = ?)
2021-05-04 16:28:40.938 [DEBUG] com.dippy.mapper.SysUserCollectCarMapper.selectOne - ==> Parameters: 1(Integer), 1(Integer)
2021-05-04 16:28:40.940 [DEBUG] com.dippy.mapper.SysUserCollectCarMapper.selectOne - <==      Total: 1
2021-05-04 16:28:40.943 [DEBUG] com.dippy.mapper.SysUserCollectCarMapper.delete - ==>  Preparing: DELETE FROM sys_user_collect_cars WHERE (user_id = ? AND car_id = ?)
2021-05-04 16:28:40.946 [DEBUG] com.dippy.mapper.SysUserCollectCarMapper.delete - ==> Parameters: 1(Integer), 1(Integer)
2021-05-04 16:28:40.948 [DEBUG] com.dippy.mapper.SysUserCollectCarMapper.delete - <==    Updates: 1
2021-05-04 16:28:44.964 [DEBUG] com.dippy.mapper.SysUserCollectCarMapper.selectOne - ==>  Preparing: SELECT car_id FROM sys_user_collect_cars WHERE (user_id = ? AND car_id = ?)
2021-05-04 16:28:44.966 [DEBUG] com.dippy.mapper.SysUserCollectCarMapper.selectOne - ==> Parameters: 1(Integer), 1(Integer)
2021-05-04 16:28:44.967 [DEBUG] com.dippy.mapper.SysUserCollectCarMapper.selectOne - <==      Total: 0
2021-05-04 16:28:44.969 [DEBUG] com.dippy.mapper.SysUserCollectCarMapper.insert - ==>  Preparing: INSERT INTO sys_user_collect_cars ( user_id, car_id ) VALUES ( ?, ? )
2021-05-04 16:28:44.970 [DEBUG] com.dippy.mapper.SysUserCollectCarMapper.insert - ==> Parameters: 1(Integer), 1(Integer)
2021-05-04 16:28:44.974 [DEBUG] com.dippy.mapper.SysUserCollectCarMapper.insert - <==    Updates: 1
2021-05-04 16:28:47.113 [DEBUG] com.dippy.mapper.SysUserCollectCarMapper.selectOne - ==>  Preparing: SELECT car_id FROM sys_user_collect_cars WHERE (user_id = ? AND car_id = ?)
2021-05-04 16:28:47.114 [DEBUG] com.dippy.mapper.SysUserCollectCarMapper.selectOne - ==> Parameters: 1(Integer), 1(Integer)
2021-05-04 16:28:47.116 [DEBUG] com.dippy.mapper.SysUserCollectCarMapper.selectOne - <==      Total: 1
2021-05-04 16:28:47.118 [DEBUG] com.dippy.mapper.SysUserCollectCarMapper.delete - ==>  Preparing: DELETE FROM sys_user_collect_cars WHERE (user_id = ? AND car_id = ?)
2021-05-04 16:28:47.120 [DEBUG] com.dippy.mapper.SysUserCollectCarMapper.delete - ==> Parameters: 1(Integer), 1(Integer)
2021-05-04 16:28:47.126 [DEBUG] com.dippy.mapper.SysUserCollectCarMapper.delete - <==    Updates: 1
2021-05-04 16:29:35.998 [DEBUG] com.dippy.mapper.SysUserCollectCarMapper.selectOne - ==>  Preparing: SELECT car_id FROM sys_user_collect_cars WHERE (user_id = ? AND car_id = ?)
2021-05-04 16:29:35.999 [DEBUG] com.dippy.mapper.SysUserCollectCarMapper.selectOne - ==> Parameters: 1(Integer), 1(Integer)
2021-05-04 16:29:36.000 [DEBUG] com.dippy.mapper.SysUserCollectCarMapper.selectOne - <==      Total: 0
2021-05-04 16:29:36.003 [DEBUG] com.dippy.mapper.SysUserCollectCarMapper.insert - ==>  Preparing: INSERT INTO sys_user_collect_cars ( user_id, car_id ) VALUES ( ?, ? )
2021-05-04 16:29:36.004 [DEBUG] com.dippy.mapper.SysUserCollectCarMapper.insert - ==> Parameters: 1(Integer), 1(Integer)
2021-05-04 16:29:36.009 [DEBUG] com.dippy.mapper.SysUserCollectCarMapper.insert - <==    Updates: 1
2021-05-04 16:29:42.716 [DEBUG] com.dippy.mapper.SysUserCollectCarMapper.selectOne - ==>  Preparing: SELECT car_id FROM sys_user_collect_cars WHERE (user_id = ? AND car_id = ?)
2021-05-04 16:29:42.718 [DEBUG] com.dippy.mapper.SysUserCollectCarMapper.selectOne - ==> Parameters: 1(Integer), 1(Integer)
2021-05-04 16:29:42.722 [DEBUG] com.dippy.mapper.SysUserCollectCarMapper.selectOne - <==      Total: 1
2021-05-04 16:29:42.724 [DEBUG] com.dippy.mapper.SysUserCollectCarMapper.delete - ==>  Preparing: DELETE FROM sys_user_collect_cars WHERE (user_id = ? AND car_id = ?)
2021-05-04 16:29:42.725 [DEBUG] com.dippy.mapper.SysUserCollectCarMapper.delete - ==> Parameters: 1(Integer), 1(Integer)
2021-05-04 16:29:42.731 [DEBUG] com.dippy.mapper.SysUserCollectCarMapper.delete - <==    Updates: 1
2021-05-04 16:29:50.473 [DEBUG] com.dippy.mapper.SysUserCollectCarMapper.selectOne - ==>  Preparing: SELECT car_id FROM sys_user_collect_cars WHERE (user_id = ? AND car_id = ?)
2021-05-04 16:29:50.474 [DEBUG] com.dippy.mapper.SysUserCollectCarMapper.selectOne - ==> Parameters: 1(Integer), 1(Integer)
2021-05-04 16:29:50.475 [DEBUG] com.dippy.mapper.SysUserCollectCarMapper.selectOne - <==      Total: 0
2021-05-04 16:29:50.477 [DEBUG] com.dippy.mapper.SysUserCollectCarMapper.insert - ==>  Preparing: INSERT INTO sys_user_collect_cars ( user_id, car_id ) VALUES ( ?, ? )
2021-05-04 16:29:50.478 [DEBUG] com.dippy.mapper.SysUserCollectCarMapper.insert - ==> Parameters: 1(Integer), 1(Integer)
2021-05-04 16:29:50.483 [DEBUG] com.dippy.mapper.SysUserCollectCarMapper.insert - <==    Updates: 1
2021-05-04 16:29:51.942 [DEBUG] com.dippy.mapper.SysUserCollectCarMapper.selectOne - ==>  Preparing: SELECT car_id FROM sys_user_collect_cars WHERE (user_id = ? AND car_id = ?)
2021-05-04 16:29:51.946 [DEBUG] com.dippy.mapper.SysUserCollectCarMapper.selectOne - ==> Parameters: 1(Integer), 1(Integer)
2021-05-04 16:29:51.949 [DEBUG] com.dippy.mapper.SysUserCollectCarMapper.selectOne - <==      Total: 1
2021-05-04 16:29:51.952 [DEBUG] com.dippy.mapper.SysUserCollectCarMapper.delete - ==>  Preparing: DELETE FROM sys_user_collect_cars WHERE (user_id = ? AND car_id = ?)
2021-05-04 16:29:51.953 [DEBUG] com.dippy.mapper.SysUserCollectCarMapper.delete - ==> Parameters: 1(Integer), 1(Integer)
2021-05-04 16:29:51.958 [DEBUG] com.dippy.mapper.SysUserCollectCarMapper.delete - <==    Updates: 1
2021-05-04 16:31:42.350 [DEBUG] com.dippy.mapper.CarInfoMapper.selectById - ==>  Preparing: SELECT car_id,car_brand,car_series,car_type,car_price,car_count,car_user_time,transfer_count,car_car_mileage,car_color,car_picture_id,car_gear_box,car_displacement,produce_time,car_configuration,car_seat,car_fuel_type,car_quality_time,car_region_id,car_front_tyre,rear_tyre,car_describe,create_time,update_time,car_status,car_title,user_id,car_picture FROM car_info WHERE car_id=?
2021-05-04 16:31:42.351 [DEBUG] com.dippy.mapper.CarInfoMapper.selectById - ==> Parameters: 1(Integer)
2021-05-04 16:31:42.354 [DEBUG] com.dippy.mapper.CarInfoMapper.selectById - <==      Total: 1
2021-05-04 16:31:42.358 [DEBUG] com.dippy.mapper.CarPictureMapper.selectList - ==>  Preparing: SELECT car_picture_location,car_url FROM car_picture WHERE (car_id = ?)
2021-05-04 16:31:42.359 [DEBUG] com.dippy.mapper.CarPictureMapper.selectList - ==> Parameters: 1(Integer)
2021-05-04 16:31:42.362 [DEBUG] com.dippy.mapper.CarPictureMapper.selectList - <==      Total: 20
2021-05-04 16:31:42.394 [DEBUG] com.dippy.mapper.SysUserMapper.selectOne - ==>  Preparing: SELECT name,phone,sex FROM sys_user WHERE (user_id = ?)
2021-05-04 16:31:42.395 [DEBUG] com.dippy.mapper.SysUserMapper.selectOne - ==> Parameters: 1(Integer)
2021-05-04 16:31:42.398 [DEBUG] com.dippy.mapper.SysUserMapper.selectOne - <==      Total: 1
2021-05-04 16:31:43.641 [DEBUG] com.dippy.mapper.SysUserCollectCarMapper.selectOne - ==>  Preparing: SELECT car_id FROM sys_user_collect_cars WHERE (user_id = ? AND car_id = ?)
2021-05-04 16:31:43.642 [DEBUG] com.dippy.mapper.SysUserCollectCarMapper.selectOne - ==> Parameters: 1(Integer), 1(Integer)
2021-05-04 16:31:43.643 [DEBUG] com.dippy.mapper.SysUserCollectCarMapper.selectOne - <==      Total: 0
2021-05-04 16:31:43.647 [DEBUG] com.dippy.mapper.SysUserCollectCarMapper.insert - ==>  Preparing: INSERT INTO sys_user_collect_cars ( user_id, car_id ) VALUES ( ?, ? )
2021-05-04 16:31:43.648 [DEBUG] com.dippy.mapper.SysUserCollectCarMapper.insert - ==> Parameters: 1(Integer), 1(Integer)
2021-05-04 16:31:43.652 [DEBUG] com.dippy.mapper.SysUserCollectCarMapper.insert - <==    Updates: 1
2021-05-04 16:31:45.156 [DEBUG] com.dippy.mapper.SysUserCollectCarMapper.selectOne - ==>  Preparing: SELECT car_id FROM sys_user_collect_cars WHERE (user_id = ? AND car_id = ?)
2021-05-04 16:31:45.157 [DEBUG] com.dippy.mapper.SysUserCollectCarMapper.selectOne - ==> Parameters: 1(Integer), 1(Integer)
2021-05-04 16:31:45.159 [DEBUG] com.dippy.mapper.SysUserCollectCarMapper.selectOne - <==      Total: 1
2021-05-04 16:31:45.162 [DEBUG] com.dippy.mapper.SysUserCollectCarMapper.delete - ==>  Preparing: DELETE FROM sys_user_collect_cars WHERE (user_id = ? AND car_id = ?)
2021-05-04 16:31:45.163 [DEBUG] com.dippy.mapper.SysUserCollectCarMapper.delete - ==> Parameters: 1(Integer), 1(Integer)
2021-05-04 16:31:45.168 [DEBUG] com.dippy.mapper.SysUserCollectCarMapper.delete - <==    Updates: 1
2021-05-04 16:31:46.456 [DEBUG] com.dippy.mapper.SysUserCollectCarMapper.selectOne - ==>  Preparing: SELECT car_id FROM sys_user_collect_cars WHERE (user_id = ? AND car_id = ?)
2021-05-04 16:31:46.457 [DEBUG] com.dippy.mapper.SysUserCollectCarMapper.selectOne - ==> Parameters: 1(Integer), 1(Integer)
2021-05-04 16:31:46.458 [DEBUG] com.dippy.mapper.SysUserCollectCarMapper.selectOne - <==      Total: 0
2021-05-04 16:31:46.460 [DEBUG] com.dippy.mapper.SysUserCollectCarMapper.insert - ==>  Preparing: INSERT INTO sys_user_collect_cars ( user_id, car_id ) VALUES ( ?, ? )
2021-05-04 16:31:46.461 [DEBUG] com.dippy.mapper.SysUserCollectCarMapper.insert - ==> Parameters: 1(Integer), 1(Integer)
2021-05-04 16:31:46.468 [DEBUG] com.dippy.mapper.SysUserCollectCarMapper.insert - <==    Updates: 1
2021-05-04 16:31:47.437 [DEBUG] com.dippy.mapper.SysUserCollectCarMapper.selectOne - ==>  Preparing: SELECT car_id FROM sys_user_collect_cars WHERE (user_id = ? AND car_id = ?)
2021-05-04 16:31:47.438 [DEBUG] com.dippy.mapper.SysUserCollectCarMapper.selectOne - ==> Parameters: 1(Integer), 1(Integer)
2021-05-04 16:31:47.440 [DEBUG] com.dippy.mapper.SysUserCollectCarMapper.selectOne - <==      Total: 1
2021-05-04 16:31:47.442 [DEBUG] com.dippy.mapper.SysUserCollectCarMapper.delete - ==>  Preparing: DELETE FROM sys_user_collect_cars WHERE (user_id = ? AND car_id = ?)
2021-05-04 16:31:47.443 [DEBUG] com.dippy.mapper.SysUserCollectCarMapper.delete - ==> Parameters: 1(Integer), 1(Integer)
2021-05-04 16:31:47.449 [DEBUG] com.dippy.mapper.SysUserCollectCarMapper.delete - <==    Updates: 1
2021-05-04 16:31:48.120 [DEBUG] com.dippy.mapper.SysUserCollectCarMapper.selectOne - ==>  Preparing: SELECT car_id FROM sys_user_collect_cars WHERE (user_id = ? AND car_id = ?)
2021-05-04 16:31:48.121 [DEBUG] com.dippy.mapper.SysUserCollectCarMapper.selectOne - ==> Parameters: 1(Integer), 1(Integer)
2021-05-04 16:31:48.123 [DEBUG] com.dippy.mapper.SysUserCollectCarMapper.selectOne - <==      Total: 0
2021-05-04 16:31:48.124 [DEBUG] com.dippy.mapper.SysUserCollectCarMapper.insert - ==>  Preparing: INSERT INTO sys_user_collect_cars ( user_id, car_id ) VALUES ( ?, ? )
2021-05-04 16:31:48.126 [DEBUG] com.dippy.mapper.SysUserCollectCarMapper.insert - ==> Parameters: 1(Integer), 1(Integer)
2021-05-04 16:31:48.131 [DEBUG] com.dippy.mapper.SysUserCollectCarMapper.insert - <==    Updates: 1
2021-05-04 16:31:48.689 [DEBUG] com.dippy.mapper.SysUserCollectCarMapper.selectOne - ==>  Preparing: SELECT car_id FROM sys_user_collect_cars WHERE (user_id = ? AND car_id = ?)
2021-05-04 16:31:48.690 [DEBUG] com.dippy.mapper.SysUserCollectCarMapper.selectOne - ==> Parameters: 1(Integer), 1(Integer)
2021-05-04 16:31:48.691 [DEBUG] com.dippy.mapper.SysUserCollectCarMapper.selectOne - <==      Total: 1
2021-05-04 16:31:48.694 [DEBUG] com.dippy.mapper.SysUserCollectCarMapper.delete - ==>  Preparing: DELETE FROM sys_user_collect_cars WHERE (user_id = ? AND car_id = ?)
2021-05-04 16:31:48.695 [DEBUG] com.dippy.mapper.SysUserCollectCarMapper.delete - ==> Parameters: 1(Integer), 1(Integer)
2021-05-04 16:31:48.698 [DEBUG] com.dippy.mapper.SysUserCollectCarMapper.delete - <==    Updates: 1
2021-05-04 16:32:25.278 [DEBUG] com.dippy.mapper.CarInfoMapper.selectById - ==>  Preparing: SELECT car_id,car_brand,car_series,car_type,car_price,car_count,car_user_time,transfer_count,car_car_mileage,car_color,car_picture_id,car_gear_box,car_displacement,produce_time,car_configuration,car_seat,car_fuel_type,car_quality_time,car_region_id,car_front_tyre,rear_tyre,car_describe,create_time,update_time,car_status,car_title,user_id,car_picture FROM car_info WHERE car_id=?
2021-05-04 16:32:25.279 [DEBUG] com.dippy.mapper.CarInfoMapper.selectById - ==> Parameters: 1(Integer)
2021-05-04 16:32:25.281 [DEBUG] com.dippy.mapper.CarInfoMapper.selectById - <==      Total: 1
2021-05-04 16:32:25.284 [DEBUG] com.dippy.mapper.CarPictureMapper.selectList - ==>  Preparing: SELECT car_picture_location,car_url FROM car_picture WHERE (car_id = ?)
2021-05-04 16:32:25.284 [DEBUG] com.dippy.mapper.CarPictureMapper.selectList - ==> Parameters: 1(Integer)
2021-05-04 16:32:25.287 [DEBUG] com.dippy.mapper.CarPictureMapper.selectList - <==      Total: 20
2021-05-04 16:32:25.290 [DEBUG] com.dippy.mapper.SysUserMapper.selectOne - ==>  Preparing: SELECT name,phone,sex FROM sys_user WHERE (user_id = ?)
2021-05-04 16:32:25.291 [DEBUG] com.dippy.mapper.SysUserMapper.selectOne - ==> Parameters: 1(Integer)
2021-05-04 16:32:25.292 [DEBUG] com.dippy.mapper.SysUserMapper.selectOne - <==      Total: 1
2021-05-04 16:36:07.712 [DEBUG] com.dippy.mapper.CarInfoMapper.selectById - ==>  Preparing: SELECT car_id,car_brand,car_series,car_type,car_price,car_count,car_user_time,transfer_count,car_car_mileage,car_color,car_picture_id,car_gear_box,car_displacement,produce_time,car_configuration,car_seat,car_fuel_type,car_quality_time,car_region_id,car_front_tyre,rear_tyre,car_describe,create_time,update_time,car_status,car_title,user_id,car_picture FROM car_info WHERE car_id=?
2021-05-04 16:36:07.713 [DEBUG] com.dippy.mapper.CarInfoMapper.selectById - ==> Parameters: 1(Integer)
2021-05-04 16:36:07.716 [DEBUG] com.dippy.mapper.CarInfoMapper.selectById - <==      Total: 1
2021-05-04 16:36:07.718 [DEBUG] com.dippy.mapper.CarPictureMapper.selectList - ==>  Preparing: SELECT car_picture_location,car_url FROM car_picture WHERE (car_id = ?)
2021-05-04 16:36:07.719 [DEBUG] com.dippy.mapper.CarPictureMapper.selectList - ==> Parameters: 1(Integer)
2021-05-04 16:36:07.721 [DEBUG] com.dippy.mapper.CarPictureMapper.selectList - <==      Total: 20
2021-05-04 16:36:07.724 [DEBUG] com.dippy.mapper.SysUserMapper.selectOne - ==>  Preparing: SELECT name,phone,sex FROM sys_user WHERE (user_id = ?)
2021-05-04 16:36:07.725 [DEBUG] com.dippy.mapper.SysUserMapper.selectOne - ==> Parameters: 1(Integer)
2021-05-04 16:36:07.728 [DEBUG] com.dippy.mapper.SysUserMapper.selectOne - <==      Total: 1
2021-05-04 16:39:08.433 [DEBUG] com.dippy.mapper.CarInfoMapper.selectById - ==>  Preparing: SELECT car_id,car_brand,car_series,car_type,car_price,car_count,car_user_time,transfer_count,car_car_mileage,car_color,car_picture_id,car_gear_box,car_displacement,produce_time,car_configuration,car_seat,car_fuel_type,car_quality_time,car_region_id,car_front_tyre,rear_tyre,car_describe,create_time,update_time,car_status,car_title,user_id,car_picture FROM car_info WHERE car_id=?
2021-05-04 16:39:08.435 [DEBUG] com.dippy.mapper.CarInfoMapper.selectById - ==> Parameters: 1(Integer)
2021-05-04 16:39:08.438 [DEBUG] com.dippy.mapper.CarInfoMapper.selectById - <==      Total: 1
2021-05-04 16:39:08.440 [DEBUG] com.dippy.mapper.CarPictureMapper.selectList - ==>  Preparing: SELECT car_picture_location,car_url FROM car_picture WHERE (car_id = ?)
2021-05-04 16:39:08.441 [DEBUG] com.dippy.mapper.CarPictureMapper.selectList - ==> Parameters: 1(Integer)
2021-05-04 16:39:08.444 [DEBUG] com.dippy.mapper.CarPictureMapper.selectList - <==      Total: 20
2021-05-04 16:39:08.446 [DEBUG] com.dippy.mapper.SysUserMapper.selectOne - ==>  Preparing: SELECT name,phone,sex FROM sys_user WHERE (user_id = ?)
2021-05-04 16:39:08.447 [DEBUG] com.dippy.mapper.SysUserMapper.selectOne - ==> Parameters: 1(Integer)
2021-05-04 16:39:08.449 [DEBUG] com.dippy.mapper.SysUserMapper.selectOne - <==      Total: 1
2021-05-04 16:45:40.701 [DEBUG] com.dippy.mapper.CarInfoMapper.selectById - ==>  Preparing: SELECT car_id,car_brand,car_series,car_type,car_price,car_count,car_user_time,transfer_count,car_car_mileage,car_color,car_picture_id,car_gear_box,car_displacement,produce_time,car_configuration,car_seat,car_fuel_type,car_quality_time,car_region_id,car_front_tyre,rear_tyre,car_describe,create_time,update_time,car_status,car_title,user_id,car_picture FROM car_info WHERE car_id=?
2021-05-04 16:45:40.702 [DEBUG] com.dippy.mapper.CarInfoMapper.selectById - ==> Parameters: 1(Integer)
2021-05-04 16:45:40.705 [DEBUG] com.dippy.mapper.CarInfoMapper.selectById - <==      Total: 1
2021-05-04 16:45:40.707 [DEBUG] com.dippy.mapper.CarPictureMapper.selectList - ==>  Preparing: SELECT car_picture_location,car_url FROM car_picture WHERE (car_id = ?)
2021-05-04 16:45:40.708 [DEBUG] com.dippy.mapper.CarPictureMapper.selectList - ==> Parameters: 1(Integer)
2021-05-04 16:45:40.711 [DEBUG] com.dippy.mapper.CarPictureMapper.selectList - <==      Total: 20
2021-05-04 16:45:40.713 [DEBUG] com.dippy.mapper.SysUserMapper.selectOne - ==>  Preparing: SELECT name,phone,sex FROM sys_user WHERE (user_id = ?)
2021-05-04 16:45:40.714 [DEBUG] com.dippy.mapper.SysUserMapper.selectOne - ==> Parameters: 1(Integer)
2021-05-04 16:45:40.716 [DEBUG] com.dippy.mapper.SysUserMapper.selectOne - <==      Total: 1
2021-05-04 16:45:45.645 [DEBUG] com.dippy.mapper.SysUserCollectCarMapper.selectOne - ==>  Preparing: SELECT car_id FROM sys_user_collect_cars WHERE (user_id = ? AND car_id = ?)
2021-05-04 16:45:45.646 [DEBUG] com.dippy.mapper.SysUserCollectCarMapper.selectOne - ==> Parameters: 1(Integer), 1(Integer)
2021-05-04 16:45:45.647 [DEBUG] com.dippy.mapper.SysUserCollectCarMapper.selectOne - <==      Total: 0
2021-05-04 16:45:45.648 [DEBUG] com.dippy.mapper.SysUserCollectCarMapper.insert - ==>  Preparing: INSERT INTO sys_user_collect_cars ( user_id, car_id ) VALUES ( ?, ? )
2021-05-04 16:45:45.649 [DEBUG] com.dippy.mapper.SysUserCollectCarMapper.insert - ==> Parameters: 1(Integer), 1(Integer)
2021-05-04 16:45:45.654 [DEBUG] com.dippy.mapper.SysUserCollectCarMapper.insert - <==    Updates: 1
2021-05-04 16:45:51.936 [DEBUG] com.dippy.mapper.SysUserCollectCarMapper.selectOne - ==>  Preparing: SELECT car_id FROM sys_user_collect_cars WHERE (user_id = ? AND car_id = ?)
2021-05-04 16:45:51.937 [DEBUG] com.dippy.mapper.SysUserCollectCarMapper.selectOne - ==> Parameters: 1(Integer), 1(Integer)
2021-05-04 16:45:51.939 [DEBUG] com.dippy.mapper.SysUserCollectCarMapper.selectOne - <==      Total: 1
2021-05-04 16:45:51.942 [DEBUG] com.dippy.mapper.SysUserCollectCarMapper.delete - ==>  Preparing: DELETE FROM sys_user_collect_cars WHERE (user_id = ? AND car_id = ?)
2021-05-04 16:45:51.943 [DEBUG] com.dippy.mapper.SysUserCollectCarMapper.delete - ==> Parameters: 1(Integer), 1(Integer)
2021-05-04 16:45:51.947 [DEBUG] com.dippy.mapper.SysUserCollectCarMapper.delete - <==    Updates: 1
2021-05-04 16:49:12.576 [DEBUG] com.dippy.mapper.SysUserMapper.selectOne - ==>  Preparing: SELECT user_id,username,password,name,sex,avatar,address_id,province,city,area,detailed_address,phone,email,birthday,is_lock,create_time,update_time FROM sys_user WHERE (username = ?)
2021-05-04 16:49:12.577 [DEBUG] com.dippy.mapper.SysUserMapper.selectOne - ==> Parameters: admin(String)
2021-05-04 16:49:12.579 [DEBUG] com.dippy.mapper.SysUserMapper.selectOne - <==      Total: 1
2021-05-04 16:49:12.597 [DEBUG] com.dippy.mapper.SysRoleUserMapper.selectList - ==>  Preparing: SELECT role_id FROM sys_role_user WHERE (user_id = ?)
2021-05-04 16:49:12.597 [DEBUG] com.dippy.mapper.SysRoleUserMapper.selectList - ==> Parameters: 1(Integer)
2021-05-04 16:49:12.599 [DEBUG] com.dippy.mapper.SysRoleUserMapper.selectList - <==      Total: 1
2021-05-04 16:49:12.600 [DEBUG] com.dippy.mapper.SysPermissionMapper.listPermissionByUserId - ==>  Preparing: SELECT p.* FROM sys_user u, sys_permission p LEFT JOIN sys_role_permission rp ON p.permission_id = rp.permission_id LEFT JOIN sys_role_user ru ON rp.role_id = ru.role_id WHERE u.user_id = ?
2021-05-04 16:49:12.601 [DEBUG] com.dippy.mapper.SysPermissionMapper.listPermissionByUserId - ==> Parameters: 1(Integer)
2021-05-04 16:49:12.608 [DEBUG] com.dippy.mapper.SysPermissionMapper.listPermissionByUserId - <==      Total: 80
2021-05-04 16:49:12.632 [DEBUG] com.dippy.mapper.CarInfoMapper.selectById - ==>  Preparing: SELECT car_id,car_brand,car_series,car_type,car_price,car_count,car_user_time,transfer_count,car_car_mileage,car_color,car_picture_id,car_gear_box,car_displacement,produce_time,car_configuration,car_seat,car_fuel_type,car_quality_time,car_region_id,car_front_tyre,rear_tyre,car_describe,create_time,update_time,car_status,car_title,user_id,car_picture FROM car_info WHERE car_id=?
2021-05-04 16:49:12.633 [DEBUG] com.dippy.mapper.CarInfoMapper.selectById - ==> Parameters: 1(Integer)
2021-05-04 16:49:12.635 [DEBUG] com.dippy.mapper.CarInfoMapper.selectById - <==      Total: 1
2021-05-04 16:49:12.639 [DEBUG] com.dippy.mapper.CarPictureMapper.selectList - ==>  Preparing: SELECT car_picture_location,car_url FROM car_picture WHERE (car_id = ?)
2021-05-04 16:49:12.640 [DEBUG] com.dippy.mapper.CarPictureMapper.selectList - ==> Parameters: 1(Integer)
2021-05-04 16:49:12.642 [DEBUG] com.dippy.mapper.CarPictureMapper.selectList - <==      Total: 20
2021-05-04 16:49:12.645 [DEBUG] com.dippy.mapper.SysUserMapper.selectOne - ==>  Preparing: SELECT name,phone,sex FROM sys_user WHERE (user_id = ?)
2021-05-04 16:49:12.646 [DEBUG] com.dippy.mapper.SysUserMapper.selectOne - ==> Parameters: 1(Integer)
2021-05-04 16:49:12.647 [DEBUG] com.dippy.mapper.SysUserMapper.selectOne - <==      Total: 1
2021-05-04 16:52:31.281 [DEBUG] com.dippy.mapper.SysUserCollectCarMapper.selectOne - ==>  Preparing: SELECT car_id FROM sys_user_collect_cars WHERE (user_id = ? AND car_id = ?)
2021-05-04 16:52:31.282 [DEBUG] com.dippy.mapper.SysUserCollectCarMapper.selectOne - ==> Parameters: 1(Integer), 1(Integer)
2021-05-04 16:52:31.284 [DEBUG] com.dippy.mapper.SysUserCollectCarMapper.selectOne - <==      Total: 0
2021-05-04 16:52:31.285 [DEBUG] com.dippy.mapper.SysUserCollectCarMapper.insert - ==>  Preparing: INSERT INTO sys_user_collect_cars ( user_id, car_id ) VALUES ( ?, ? )
2021-05-04 16:52:31.286 [DEBUG] com.dippy.mapper.SysUserCollectCarMapper.insert - ==> Parameters: 1(Integer), 1(Integer)
2021-05-04 16:52:31.289 [DEBUG] com.dippy.mapper.SysUserCollectCarMapper.insert - <==    Updates: 1
2021-05-04 16:53:22.184 [DEBUG] com.dippy.mapper.SysUserCollectCarMapper.selectOne - ==>  Preparing: SELECT car_id FROM sys_user_collect_cars WHERE (user_id = ? AND car_id = ?)
2021-05-04 16:53:22.186 [DEBUG] com.dippy.mapper.SysUserCollectCarMapper.selectOne - ==> Parameters: 1(Integer), 1(Integer)
2021-05-04 16:53:22.188 [DEBUG] com.dippy.mapper.SysUserCollectCarMapper.selectOne - <==      Total: 1
2021-05-04 16:53:22.191 [DEBUG] com.dippy.mapper.SysUserCollectCarMapper.delete - ==>  Preparing: DELETE FROM sys_user_collect_cars WHERE (user_id = ? AND car_id = ?)
2021-05-04 16:53:22.192 [DEBUG] com.dippy.mapper.SysUserCollectCarMapper.delete - ==> Parameters: 1(Integer), 1(Integer)
2021-05-04 16:53:22.198 [DEBUG] com.dippy.mapper.SysUserCollectCarMapper.delete - <==    Updates: 1
2021-05-04 16:53:25.738 [DEBUG] com.dippy.mapper.SysUserCollectCarMapper.selectOne - ==>  Preparing: SELECT car_id FROM sys_user_collect_cars WHERE (user_id = ? AND car_id = ?)
2021-05-04 16:53:25.740 [DEBUG] com.dippy.mapper.SysUserCollectCarMapper.selectOne - ==> Parameters: 1(Integer), 1(Integer)
2021-05-04 16:53:25.741 [DEBUG] com.dippy.mapper.SysUserCollectCarMapper.selectOne - <==      Total: 0
2021-05-04 16:53:25.742 [DEBUG] com.dippy.mapper.SysUserCollectCarMapper.insert - ==>  Preparing: INSERT INTO sys_user_collect_cars ( user_id, car_id ) VALUES ( ?, ? )
2021-05-04 16:53:25.743 [DEBUG] com.dippy.mapper.SysUserCollectCarMapper.insert - ==> Parameters: 1(Integer), 1(Integer)
2021-05-04 16:53:25.745 [DEBUG] com.dippy.mapper.SysUserCollectCarMapper.insert - <==    Updates: 1
2021-05-04 17:01:29.120 [DEBUG] com.dippy.mapper.SysUserCollectCarMapper.selectList - ==>  Preparing: SELECT car_id FROM sys_user_collect_cars WHERE (user_id = ?)
2021-05-04 17:01:29.121 [DEBUG] com.dippy.mapper.SysUserCollectCarMapper.selectList - ==> Parameters: 1(Integer)
2021-05-04 17:01:29.125 [DEBUG] com.dippy.mapper.SysUserCollectCarMapper.selectList - <==      Total: 2
2021-05-04 17:02:40.056 [DEBUG] com.dippy.mapper.SysUserCollectCarMapper.selectList - ==>  Preparing: SELECT car_id FROM sys_user_collect_cars WHERE (user_id = ?)
2021-05-04 17:02:40.057 [DEBUG] com.dippy.mapper.SysUserCollectCarMapper.selectList - ==> Parameters: 1(Integer)
2021-05-04 17:02:40.058 [DEBUG] com.dippy.mapper.SysUserCollectCarMapper.selectList - <==      Total: 2
2021-05-04 17:03:11.254 [DEBUG] com.dippy.mapper.SysUserCollectCarMapper.selectList - ==>  Preparing: SELECT car_id FROM sys_user_collect_cars WHERE (user_id = ?)
2021-05-04 17:03:11.254 [DEBUG] com.dippy.mapper.SysUserCollectCarMapper.selectList - ==> Parameters: 1(Integer)
2021-05-04 17:03:11.284 [DEBUG] com.dippy.mapper.SysUserCollectCarMapper.selectList - <==      Total: 2
2021-05-04 17:03:59.929 [DEBUG] com.dippy.mapper.SysUserCollectCarMapper.selectList - ==>  Preparing: SELECT car_id FROM sys_user_collect_cars WHERE (user_id = ?)
2021-05-04 17:03:59.930 [DEBUG] com.dippy.mapper.SysUserCollectCarMapper.selectList - ==> Parameters: 1(Integer)
2021-05-04 17:03:59.931 [DEBUG] com.dippy.mapper.SysUserCollectCarMapper.selectList - <==      Total: 2
2021-05-04 17:04:03.201 [DEBUG] com.dippy.mapper.SysUserCollectCarMapper.selectList - ==>  Preparing: SELECT car_id FROM sys_user_collect_cars WHERE (user_id = ?)
2021-05-04 17:04:03.203 [DEBUG] com.dippy.mapper.SysUserCollectCarMapper.selectList - ==> Parameters: 1(Integer)
2021-05-04 17:04:03.205 [DEBUG] com.dippy.mapper.SysUserCollectCarMapper.selectList - <==      Total: 2
2021-05-04 17:05:24.255 [DEBUG] com.dippy.mapper.SysUserCollectCarMapper.selectList - ==>  Preparing: SELECT car_id FROM sys_user_collect_cars WHERE (user_id = ?)
2021-05-04 17:05:24.255 [DEBUG] com.dippy.mapper.SysUserCollectCarMapper.selectList - ==> Parameters: 1(Integer)
2021-05-04 17:05:24.257 [DEBUG] com.dippy.mapper.SysUserCollectCarMapper.selectList - <==      Total: 2
2021-05-04 17:05:28.326 [DEBUG] com.dippy.mapper.SysUserCollectCarMapper.selectList - ==>  Preparing: SELECT car_id FROM sys_user_collect_cars WHERE (user_id = ?)
2021-05-04 17:05:28.327 [DEBUG] com.dippy.mapper.SysUserCollectCarMapper.selectList - ==> Parameters: 1(Integer)
2021-05-04 17:05:28.329 [DEBUG] com.dippy.mapper.SysUserCollectCarMapper.selectList - <==      Total: 2
2021-05-04 17:06:34.395 [DEBUG] com.dippy.mapper.SysUserCollectCarMapper.selectList - ==>  Preparing: SELECT car_id FROM sys_user_collect_cars WHERE (user_id = ?)
2021-05-04 17:06:34.417 [DEBUG] com.dippy.mapper.SysUserCollectCarMapper.selectList - ==> Parameters: 1(Integer)
2021-05-04 17:06:34.448 [DEBUG] com.dippy.mapper.SysUserCollectCarMapper.selectList - <==      Total: 2
2021-05-04 18:00:49.248 [DEBUG] com.dippy.mapper.SysUserMapper.selectOne - ==>  Preparing: SELECT user_id,username,password,name,sex,avatar,address_id,province,city,area,detailed_address,phone,email,birthday,is_lock,create_time,update_time FROM sys_user WHERE (username = ?)
2021-05-04 18:00:49.251 [DEBUG] com.dippy.mapper.SysUserMapper.selectOne - ==> Parameters: admin(String)
2021-05-04 18:00:49.256 [DEBUG] com.dippy.mapper.SysUserMapper.selectOne - <==      Total: 1
2021-05-04 18:00:49.269 [DEBUG] com.dippy.mapper.SysRoleUserMapper.selectList - ==>  Preparing: SELECT role_id FROM sys_role_user WHERE (user_id = ?)
2021-05-04 18:00:49.269 [DEBUG] com.dippy.mapper.SysRoleUserMapper.selectList - ==> Parameters: 1(Integer)
2021-05-04 18:00:49.271 [DEBUG] com.dippy.mapper.SysRoleUserMapper.selectList - <==      Total: 1
2021-05-04 18:00:49.272 [DEBUG] com.dippy.mapper.SysPermissionMapper.listPermissionByUserId - ==>  Preparing: SELECT p.* FROM sys_user u, sys_permission p LEFT JOIN sys_role_permission rp ON p.permission_id = rp.permission_id LEFT JOIN sys_role_user ru ON rp.role_id = ru.role_id WHERE u.user_id = ?
2021-05-04 18:00:49.273 [DEBUG] com.dippy.mapper.SysPermissionMapper.listPermissionByUserId - ==> Parameters: 1(Integer)
2021-05-04 18:00:49.279 [DEBUG] com.dippy.mapper.SysPermissionMapper.listPermissionByUserId - <==      Total: 80
2021-05-04 23:05:18.994 [DEBUG] com.dippy.mapper.SysUserMapper.selectOne - ==>  Preparing: SELECT user_id,username,password,name,sex,avatar,address_id,province,city,area,detailed_address,phone,email,birthday,is_lock,create_time,update_time FROM sys_user WHERE (username = ?)
2021-05-04 23:05:19.015 [DEBUG] com.dippy.mapper.SysUserMapper.selectOne - ==> Parameters: admin(String)
2021-05-04 23:05:19.025 [DEBUG] com.dippy.mapper.SysUserMapper.selectOne - <==      Total: 1
2021-05-04 23:05:19.060 [DEBUG] com.dippy.mapper.SysRoleUserMapper.selectList - ==>  Preparing: SELECT role_id FROM sys_role_user WHERE (user_id = ?)
2021-05-04 23:05:19.061 [DEBUG] com.dippy.mapper.SysRoleUserMapper.selectList - ==> Parameters: 1(Integer)
2021-05-04 23:05:19.062 [DEBUG] com.dippy.mapper.SysRoleUserMapper.selectList - <==      Total: 1
2021-05-04 23:05:19.064 [DEBUG] com.dippy.mapper.SysPermissionMapper.listPermissionByUserId - ==>  Preparing: SELECT p.* FROM sys_user u, sys_permission p LEFT JOIN sys_role_permission rp ON p.permission_id = rp.permission_id LEFT JOIN sys_role_user ru ON rp.role_id = ru.role_id WHERE u.user_id = ?
2021-05-04 23:05:19.065 [DEBUG] com.dippy.mapper.SysPermissionMapper.listPermissionByUserId - ==> Parameters: 1(Integer)
2021-05-04 23:05:19.073 [DEBUG] com.dippy.mapper.SysPermissionMapper.listPermissionByUserId - <==      Total: 80
2021-05-04 23:05:25.044 [DEBUG] com.dippy.mapper.CarInfoMapper.selectById - ==>  Preparing: SELECT car_id,car_brand,car_series,car_type,car_price,car_count,car_user_time,transfer_count,car_car_mileage,car_color,car_picture_id,car_gear_box,car_displacement,produce_time,car_configuration,car_seat,car_fuel_type,car_quality_time,car_region_id,car_front_tyre,rear_tyre,car_describe,create_time,update_time,car_status,car_title,user_id,car_picture FROM car_info WHERE car_id=?
2021-05-04 23:05:25.045 [DEBUG] com.dippy.mapper.CarInfoMapper.selectById - ==> Parameters: 1(Integer)
2021-05-04 23:05:25.051 [DEBUG] com.dippy.mapper.CarInfoMapper.selectById - <==      Total: 1
2021-05-04 23:05:25.053 [DEBUG] com.dippy.mapper.CarPictureMapper.selectList - ==>  Preparing: SELECT car_picture_location,car_url FROM car_picture WHERE (car_id = ?)
2021-05-04 23:05:25.054 [DEBUG] com.dippy.mapper.CarPictureMapper.selectList - ==> Parameters: 1(Integer)
2021-05-04 23:05:25.057 [DEBUG] com.dippy.mapper.CarPictureMapper.selectList - <==      Total: 20
2021-05-04 23:05:25.059 [DEBUG] com.dippy.mapper.SysUserMapper.selectOne - ==>  Preparing: SELECT name,phone,sex FROM sys_user WHERE (user_id = ?)
2021-05-04 23:05:25.060 [DEBUG] com.dippy.mapper.SysUserMapper.selectOne - ==> Parameters: 1(Integer)
2021-05-04 23:05:25.062 [DEBUG] com.dippy.mapper.SysUserMapper.selectOne - <==      Total: 1
2021-05-04 23:15:52.679 [DEBUG] com.dippy.mapper.CarInfoMapper.selectById - ==>  Preparing: SELECT car_id,car_brand,car_series,car_type,car_price,car_count,car_user_time,transfer_count,car_car_mileage,car_color,car_picture_id,car_gear_box,car_displacement,produce_time,car_configuration,car_seat,car_fuel_type,car_quality_time,car_region_id,car_front_tyre,rear_tyre,car_describe,create_time,update_time,car_status,car_title,user_id,car_picture FROM car_info WHERE car_id=?
2021-05-04 23:15:52.680 [DEBUG] com.dippy.mapper.CarInfoMapper.selectById - ==> Parameters: 1(Integer)
2021-05-04 23:15:52.710 [DEBUG] com.dippy.mapper.CarInfoMapper.selectById - <==      Total: 1
2021-05-04 23:15:52.713 [DEBUG] com.dippy.mapper.CarPictureMapper.selectList - ==>  Preparing: SELECT car_picture_location,car_url FROM car_picture WHERE (car_id = ?)
2021-05-04 23:15:52.714 [DEBUG] com.dippy.mapper.CarPictureMapper.selectList - ==> Parameters: 1(Integer)
2021-05-04 23:15:52.716 [DEBUG] com.dippy.mapper.CarPictureMapper.selectList - <==      Total: 20
2021-05-04 23:15:52.730 [DEBUG] com.dippy.mapper.SysUserMapper.selectOne - ==>  Preparing: SELECT name,phone,sex FROM sys_user WHERE (user_id = ?)
2021-05-04 23:15:52.731 [DEBUG] com.dippy.mapper.SysUserMapper.selectOne - ==> Parameters: 1(Integer)
2021-05-04 23:15:52.734 [DEBUG] com.dippy.mapper.SysUserMapper.selectOne - <==      Total: 1
2021-05-04 23:17:01.755 [DEBUG] com.dippy.mapper.CarInfoMapper.selectById - ==>  Preparing: SELECT car_id,car_brand,car_series,car_type,car_price,car_count,car_user_time,transfer_count,car_car_mileage,car_color,car_picture_id,car_gear_box,car_displacement,produce_time,car_configuration,car_seat,car_fuel_type,car_quality_time,car_region_id,car_front_tyre,rear_tyre,car_describe,create_time,update_time,car_status,car_title,user_id,car_picture FROM car_info WHERE car_id=?
2021-05-04 23:17:01.756 [DEBUG] com.dippy.mapper.CarInfoMapper.selectById - ==> Parameters: 1(Integer)
2021-05-04 23:17:01.764 [DEBUG] com.dippy.mapper.CarInfoMapper.selectById - <==      Total: 1
2021-05-04 23:17:01.766 [DEBUG] com.dippy.mapper.CarPictureMapper.selectList - ==>  Preparing: SELECT car_picture_location,car_url FROM car_picture WHERE (car_id = ?)
2021-05-04 23:17:01.768 [DEBUG] com.dippy.mapper.CarPictureMapper.selectList - ==> Parameters: 1(Integer)
2021-05-04 23:17:01.769 [DEBUG] com.dippy.mapper.CarPictureMapper.selectList - <==      Total: 20
2021-05-04 23:17:01.772 [DEBUG] com.dippy.mapper.SysUserMapper.selectOne - ==>  Preparing: SELECT name,phone,sex FROM sys_user WHERE (user_id = ?)
2021-05-04 23:17:01.772 [DEBUG] com.dippy.mapper.SysUserMapper.selectOne - ==> Parameters: 1(Integer)
2021-05-04 23:17:01.773 [DEBUG] com.dippy.mapper.SysUserMapper.selectOne - <==      Total: 1
2021-05-04 23:20:48.571 [DEBUG] com.dippy.mapper.CarInfoMapper.selectById - ==>  Preparing: SELECT car_id,car_brand,car_series,car_type,car_price,car_count,car_user_time,transfer_count,car_car_mileage,car_color,car_picture_id,car_gear_box,car_displacement,produce_time,car_configuration,car_seat,car_fuel_type,car_quality_time,car_region_id,car_front_tyre,rear_tyre,car_describe,create_time,update_time,car_status,car_title,user_id,car_picture FROM car_info WHERE car_id=?
2021-05-04 23:20:48.573 [DEBUG] com.dippy.mapper.CarInfoMapper.selectById - ==> Parameters: 1(Integer)
2021-05-04 23:20:48.575 [DEBUG] com.dippy.mapper.CarInfoMapper.selectById - <==      Total: 1
2021-05-04 23:20:48.577 [DEBUG] com.dippy.mapper.CarPictureMapper.selectList - ==>  Preparing: SELECT car_picture_location,car_url FROM car_picture WHERE (car_id = ?)
2021-05-04 23:20:48.578 [DEBUG] com.dippy.mapper.CarPictureMapper.selectList - ==> Parameters: 1(Integer)
2021-05-04 23:20:48.580 [DEBUG] com.dippy.mapper.CarPictureMapper.selectList - <==      Total: 20
2021-05-04 23:20:48.582 [DEBUG] com.dippy.mapper.SysUserMapper.selectOne - ==>  Preparing: SELECT name,phone,sex FROM sys_user WHERE (user_id = ?)
2021-05-04 23:20:48.583 [DEBUG] com.dippy.mapper.SysUserMapper.selectOne - ==> Parameters: 1(Integer)
2021-05-04 23:20:48.584 [DEBUG] com.dippy.mapper.SysUserMapper.selectOne - <==      Total: 1
2021-05-04 23:21:46.462 [DEBUG] com.dippy.mapper.CarInfoMapper.selectById - ==>  Preparing: SELECT car_id,car_brand,car_series,car_type,car_price,car_count,car_user_time,transfer_count,car_car_mileage,car_color,car_picture_id,car_gear_box,car_displacement,produce_time,car_configuration,car_seat,car_fuel_type,car_quality_time,car_region_id,car_front_tyre,rear_tyre,car_describe,create_time,update_time,car_status,car_title,user_id,car_picture FROM car_info WHERE car_id=?
2021-05-04 23:21:46.464 [DEBUG] com.dippy.mapper.CarInfoMapper.selectById - ==> Parameters: 1(Integer)
2021-05-04 23:21:46.469 [DEBUG] com.dippy.mapper.CarInfoMapper.selectById - <==      Total: 1
2021-05-04 23:21:46.471 [DEBUG] com.dippy.mapper.CarPictureMapper.selectList - ==>  Preparing: SELECT car_picture_location,car_url FROM car_picture WHERE (car_id = ?)
2021-05-04 23:21:46.472 [DEBUG] com.dippy.mapper.CarPictureMapper.selectList - ==> Parameters: 1(Integer)
2021-05-04 23:21:46.474 [DEBUG] com.dippy.mapper.CarPictureMapper.selectList - <==      Total: 20
2021-05-04 23:21:46.476 [DEBUG] com.dippy.mapper.SysUserMapper.selectOne - ==>  Preparing: SELECT name,phone,sex FROM sys_user WHERE (user_id = ?)
2021-05-04 23:21:46.477 [DEBUG] com.dippy.mapper.SysUserMapper.selectOne - ==> Parameters: 1(Integer)
2021-05-04 23:21:46.477 [DEBUG] com.dippy.mapper.SysUserMapper.selectOne - <==      Total: 1
2021-05-04 23:22:59.970 [DEBUG] com.dippy.mapper.CarInfoMapper.selectById - ==>  Preparing: SELECT car_id,car_brand,car_series,car_type,car_price,car_count,car_user_time,transfer_count,car_car_mileage,car_color,car_picture_id,car_gear_box,car_displacement,produce_time,car_configuration,car_seat,car_fuel_type,car_quality_time,car_region_id,car_front_tyre,rear_tyre,car_describe,create_time,update_time,car_status,car_title,user_id,car_picture FROM car_info WHERE car_id=?
2021-05-04 23:22:59.971 [DEBUG] com.dippy.mapper.CarInfoMapper.selectById - ==> Parameters: 1(Integer)
2021-05-04 23:22:59.973 [DEBUG] com.dippy.mapper.CarInfoMapper.selectById - <==      Total: 1
2021-05-04 23:22:59.975 [DEBUG] com.dippy.mapper.CarPictureMapper.selectList - ==>  Preparing: SELECT car_picture_location,car_url FROM car_picture WHERE (car_id = ?)
2021-05-04 23:22:59.976 [DEBUG] com.dippy.mapper.CarPictureMapper.selectList - ==> Parameters: 1(Integer)
2021-05-04 23:22:59.980 [DEBUG] com.dippy.mapper.CarPictureMapper.selectList - <==      Total: 20
2021-05-04 23:22:59.986 [DEBUG] com.dippy.mapper.SysUserMapper.selectOne - ==>  Preparing: SELECT name,phone,sex FROM sys_user WHERE (user_id = ?)
2021-05-04 23:22:59.987 [DEBUG] com.dippy.mapper.SysUserMapper.selectOne - ==> Parameters: 1(Integer)
2021-05-04 23:22:59.989 [DEBUG] com.dippy.mapper.SysUserMapper.selectOne - <==      Total: 1
2021-05-04 23:53:34.060 [DEBUG] com.dippy.mapper.CarInfoMapper.selectById - ==>  Preparing: SELECT car_id,car_brand,car_series,car_type,car_price,car_count,car_user_time,transfer_count,car_car_mileage,car_color,car_picture_id,car_gear_box,car_displacement,produce_time,car_configuration,car_seat,car_fuel_type,car_quality_time,car_region_id,car_front_tyre,rear_tyre,car_describe,create_time,update_time,car_status,car_title,user_id,car_picture FROM car_info WHERE car_id=?
2021-05-04 23:53:34.064 [DEBUG] com.dippy.mapper.CarInfoMapper.selectById - ==> Parameters: 1(Integer)
2021-05-04 23:53:34.066 [DEBUG] com.dippy.mapper.CarInfoMapper.selectById - <==      Total: 1
2021-05-04 23:53:34.069 [DEBUG] com.dippy.mapper.CarPictureMapper.selectList - ==>  Preparing: SELECT car_picture_location,car_url FROM car_picture WHERE (car_id = ?)
2021-05-04 23:53:34.070 [DEBUG] com.dippy.mapper.CarPictureMapper.selectList - ==> Parameters: 1(Integer)
2021-05-04 23:53:34.072 [DEBUG] com.dippy.mapper.CarPictureMapper.selectList - <==      Total: 20
2021-05-04 23:53:34.111 [DEBUG] com.dippy.mapper.SysUserMapper.selectOne - ==>  Preparing: SELECT name,phone,sex FROM sys_user WHERE (user_id = ?)
2021-05-04 23:53:34.112 [DEBUG] com.dippy.mapper.SysUserMapper.selectOne - ==> Parameters: 1(Integer)
2021-05-04 23:53:34.114 [DEBUG] com.dippy.mapper.SysUserMapper.selectOne - <==      Total: 1
2021-05-04 23:53:54.287 [DEBUG] com.dippy.mapper.CarInfoMapper.selectById - ==>  Preparing: SELECT car_id,car_brand,car_series,car_type,car_price,car_count,car_user_time,transfer_count,car_car_mileage,car_color,car_picture_id,car_gear_box,car_displacement,produce_time,car_configuration,car_seat,car_fuel_type,car_quality_time,car_region_id,car_front_tyre,rear_tyre,car_describe,create_time,update_time,car_status,car_title,user_id,car_picture FROM car_info WHERE car_id=?
2021-05-04 23:53:54.288 [DEBUG] com.dippy.mapper.CarInfoMapper.selectById - ==> Parameters: 1(Integer)
2021-05-04 23:53:54.290 [DEBUG] com.dippy.mapper.CarInfoMapper.selectById - <==      Total: 1
2021-05-04 23:53:54.292 [DEBUG] com.dippy.mapper.CarPictureMapper.selectList - ==>  Preparing: SELECT car_picture_location,car_url FROM car_picture WHERE (car_id = ?)
2021-05-04 23:53:54.293 [DEBUG] com.dippy.mapper.CarPictureMapper.selectList - ==> Parameters: 1(Integer)
2021-05-04 23:53:54.295 [DEBUG] com.dippy.mapper.CarPictureMapper.selectList - <==      Total: 20
2021-05-04 23:53:54.298 [DEBUG] com.dippy.mapper.SysUserMapper.selectOne - ==>  Preparing: SELECT name,phone,sex FROM sys_user WHERE (user_id = ?)
2021-05-04 23:53:54.300 [DEBUG] com.dippy.mapper.SysUserMapper.selectOne - ==> Parameters: 1(Integer)
2021-05-04 23:53:54.300 [DEBUG] com.dippy.mapper.SysUserMapper.selectOne - <==      Total: 1
