2021-05-11 00:08:13.625 [DEBUG] com.dippy.mapper.CarInfoMapper.findMySellCarByPage_mpCount - ==>  Preparing: SELECT COUNT(*) FROM car_info WHERE car_info.user_id = ?
2021-05-11 00:08:13.663 [DEBUG] com.dippy.mapper.CarInfoMapper.findMySellCarByPage_mpCount - ==> Parameters: 1(Integer)
2021-05-11 00:08:13.667 [DEBUG] com.dippy.mapper.CarInfoMapper.findMySellCarByPage_mpCount - <==      Total: 1
2021-05-11 00:08:13.669 [DEBUG] com.dippy.mapper.CarInfoMapper.findMySellCarByPage - ==>  Preparing: select * from car_info left join car_picture cp on car_info.car_id = cp.car_id where car_info.user_id = ? LIMIT ?
2021-05-11 00:08:13.669 [DEBUG] com.dippy.mapper.CarInfoMapper.findMySellCarByPage - ==> Parameters: 1(Integer), 5(Long)
2021-05-11 00:08:13.673 [DEBUG] com.dippy.mapper.CarInfoMapper.findMySellCarByPage - <==      Total: 5
2021-05-11 00:08:40.964 [DEBUG] com.dippy.mapper.CarInfoMapper.findMySellCarByPage_mpCount - ==>  Preparing: SELECT COUNT(*) FROM car_info WHERE car_info.user_id = ?
2021-05-11 00:08:41.152 [DEBUG] com.dippy.mapper.CarInfoMapper.findMySellCarByPage_mpCount - ==> Parameters: 1(Integer)
2021-05-11 00:08:41.154 [DEBUG] com.dippy.mapper.CarInfoMapper.findMySellCarByPage_mpCount - <==      Total: 1
2021-05-11 00:08:41.156 [DEBUG] com.dippy.mapper.CarInfoMapper.findMySellCarByPage - ==>  Preparing: select * from car_info left join car_picture cp on car_info.car_id = cp.car_id where car_info.user_id = ? LIMIT ?
2021-05-11 00:08:41.157 [DEBUG] com.dippy.mapper.CarInfoMapper.findMySellCarByPage - ==> Parameters: 1(Integer), 5(Long)
2021-05-11 00:08:41.160 [DEBUG] com.dippy.mapper.CarInfoMapper.findMySellCarByPage - <==      Total: 5
2021-05-11 00:11:57.870 [DEBUG] com.dippy.mapper.CarInfoMapper.findMySellCarByPage_mpCount - ==>  Preparing: SELECT COUNT(*) FROM car_info WHERE car_info.user_id = ?
2021-05-11 00:11:57.870 [DEBUG] com.dippy.mapper.CarInfoMapper.findMySellCarByPage_mpCount - ==> Parameters: 1(Integer)
2021-05-11 00:11:57.872 [DEBUG] com.dippy.mapper.CarInfoMapper.findMySellCarByPage_mpCount - <==      Total: 1
2021-05-11 00:11:57.874 [DEBUG] com.dippy.mapper.CarInfoMapper.findMySellCarByPage - ==>  Preparing: select * from car_info left join car_picture cp on car_info.car_id = cp.car_id where car_info.user_id = ? LIMIT ?
2021-05-11 00:11:57.874 [DEBUG] com.dippy.mapper.CarInfoMapper.findMySellCarByPage - ==> Parameters: 1(Integer), 5(Long)
2021-05-11 00:11:57.877 [DEBUG] com.dippy.mapper.CarInfoMapper.findMySellCarByPage - <==      Total: 5
2021-05-11 00:12:13.327 [DEBUG] com.dippy.mapper.CarInfoMapper.findMySellCarByPage_mpCount - ==>  Preparing: SELECT COUNT(*) FROM car_info WHERE car_info.user_id = ?
2021-05-11 00:12:13.327 [DEBUG] com.dippy.mapper.CarInfoMapper.findMySellCarByPage_mpCount - ==> Parameters: 1(Integer)
2021-05-11 00:12:13.329 [DEBUG] com.dippy.mapper.CarInfoMapper.findMySellCarByPage_mpCount - <==      Total: 1
2021-05-11 00:12:13.330 [DEBUG] com.dippy.mapper.CarInfoMapper.findMySellCarByPage - ==>  Preparing: select * from car_info left join car_picture cp on car_info.car_id = cp.car_id where car_info.user_id = ? LIMIT ?
2021-05-11 00:12:13.331 [DEBUG] com.dippy.mapper.CarInfoMapper.findMySellCarByPage - ==> Parameters: 1(Integer), 5(Long)
2021-05-11 00:12:13.333 [DEBUG] com.dippy.mapper.CarInfoMapper.findMySellCarByPage - <==      Total: 5
2021-05-11 00:12:48.468 [DEBUG] com.dippy.mapper.CarInfoMapper.findMySellCarByPage_mpCount - ==>  Preparing: SELECT COUNT(*) FROM car_info WHERE car_info.user_id = ?
2021-05-11 00:12:48.480 [DEBUG] com.dippy.mapper.CarInfoMapper.findMySellCarByPage_mpCount - ==> Parameters: 1(Integer)
2021-05-11 00:12:48.498 [DEBUG] com.dippy.mapper.CarInfoMapper.findMySellCarByPage_mpCount - <==      Total: 1
2021-05-11 00:12:48.521 [DEBUG] com.dippy.mapper.CarInfoMapper.findMySellCarByPage - ==>  Preparing: select * from car_info left join car_picture cp on car_info.car_id = cp.car_id where car_info.user_id = ? LIMIT ?
2021-05-11 00:12:48.533 [DEBUG] com.dippy.mapper.CarInfoMapper.findMySellCarByPage - ==> Parameters: 1(Integer), 5(Long)
2021-05-11 00:12:48.629 [DEBUG] com.dippy.mapper.CarInfoMapper.findMySellCarByPage - <==      Total: 5
2021-05-11 00:13:30.390 [DEBUG] com.dippy.mapper.CarInfoMapper.findMySellCarByPage_mpCount - ==>  Preparing: SELECT COUNT(*) FROM car_info WHERE car_info.user_id = ?
2021-05-11 00:13:30.391 [DEBUG] com.dippy.mapper.CarInfoMapper.findMySellCarByPage_mpCount - ==> Parameters: 1(Integer)
2021-05-11 00:13:30.394 [DEBUG] com.dippy.mapper.CarInfoMapper.findMySellCarByPage_mpCount - <==      Total: 1
2021-05-11 00:13:30.396 [DEBUG] com.dippy.mapper.CarInfoMapper.findMySellCarByPage - ==>  Preparing: select * from car_info left join car_picture cp on car_info.car_id = cp.car_id where car_info.user_id = ? LIMIT ?
2021-05-11 00:13:30.397 [DEBUG] com.dippy.mapper.CarInfoMapper.findMySellCarByPage - ==> Parameters: 1(Integer), 5(Long)
2021-05-11 00:13:30.400 [DEBUG] com.dippy.mapper.CarInfoMapper.findMySellCarByPage - <==      Total: 5
2021-05-11 00:14:52.452 [DEBUG] com.dippy.mapper.CarInfoMapper.findMySellCarByPage_mpCount - ==>  Preparing: SELECT COUNT(*) FROM car_info WHERE car_info.user_id = ?
2021-05-11 00:14:52.463 [DEBUG] com.dippy.mapper.CarInfoMapper.findMySellCarByPage_mpCount - ==> Parameters: 1(Integer)
2021-05-11 00:14:52.482 [DEBUG] com.dippy.mapper.CarInfoMapper.findMySellCarByPage_mpCount - <==      Total: 1
2021-05-11 00:14:52.504 [DEBUG] com.dippy.mapper.CarInfoMapper.findMySellCarByPage - ==>  Preparing: select * from car_info left join car_picture cp on car_info.car_id = cp.car_id where car_info.user_id = ? LIMIT ?
2021-05-11 00:14:52.515 [DEBUG] com.dippy.mapper.CarInfoMapper.findMySellCarByPage - ==> Parameters: 1(Integer), 5(Long)
2021-05-11 00:14:52.614 [DEBUG] com.dippy.mapper.CarInfoMapper.findMySellCarByPage - <==      Total: 5
2021-05-11 00:16:18.379 [DEBUG] com.dippy.mapper.CarInfoMapper.findMySellCarByPage_mpCount - ==>  Preparing: SELECT COUNT(*) FROM car_info WHERE car_info.user_id = ?
2021-05-11 00:16:18.380 [DEBUG] com.dippy.mapper.CarInfoMapper.findMySellCarByPage_mpCount - ==> Parameters: 1(Integer)
2021-05-11 00:16:18.381 [DEBUG] com.dippy.mapper.CarInfoMapper.findMySellCarByPage_mpCount - <==      Total: 1
2021-05-11 00:16:18.382 [DEBUG] com.dippy.mapper.CarInfoMapper.findMySellCarByPage - ==>  Preparing: select * from car_info left join car_picture cp on car_info.car_id = cp.car_id where car_info.user_id = ? LIMIT ?
2021-05-11 00:16:18.383 [DEBUG] com.dippy.mapper.CarInfoMapper.findMySellCarByPage - ==> Parameters: 1(Integer), 5(Long)
2021-05-11 00:16:18.385 [DEBUG] com.dippy.mapper.CarInfoMapper.findMySellCarByPage - <==      Total: 5
2021-05-11 00:20:30.268 [DEBUG] com.dippy.mapper.CarInfoMapper.findMySellCarByPage_mpCount - ==>  Preparing: SELECT COUNT(*) FROM car_info WHERE car_info.user_id = ?
2021-05-11 00:20:30.269 [DEBUG] com.dippy.mapper.CarInfoMapper.findMySellCarByPage_mpCount - ==> Parameters: 1(Integer)
2021-05-11 00:20:30.271 [DEBUG] com.dippy.mapper.CarInfoMapper.findMySellCarByPage_mpCount - <==      Total: 1
2021-05-11 00:20:30.272 [DEBUG] com.dippy.mapper.CarInfoMapper.findMySellCarByPage - ==>  Preparing: select * from car_info left join car_picture cp on car_info.car_id = cp.car_id where car_info.user_id = ? LIMIT ?
2021-05-11 00:20:30.273 [DEBUG] com.dippy.mapper.CarInfoMapper.findMySellCarByPage - ==> Parameters: 1(Integer), 5(Long)
2021-05-11 00:20:30.275 [DEBUG] com.dippy.mapper.CarInfoMapper.findMySellCarByPage - <==      Total: 5
2021-05-11 00:20:46.691 [DEBUG] com.dippy.mapper.CarInfoMapper.findMySellCarByPage_mpCount - ==>  Preparing: SELECT COUNT(*) FROM car_info WHERE car_info.user_id = ?
2021-05-11 00:20:46.691 [DEBUG] com.dippy.mapper.CarInfoMapper.findMySellCarByPage_mpCount - ==> Parameters: 1(Integer)
2021-05-11 00:20:46.693 [DEBUG] com.dippy.mapper.CarInfoMapper.findMySellCarByPage_mpCount - <==      Total: 1
2021-05-11 00:20:46.696 [DEBUG] com.dippy.mapper.CarInfoMapper.findMySellCarByPage - ==>  Preparing: select * from car_info left join car_picture cp on car_info.car_id = cp.car_id where car_info.user_id = ? LIMIT ?
2021-05-11 00:20:46.697 [DEBUG] com.dippy.mapper.CarInfoMapper.findMySellCarByPage - ==> Parameters: 1(Integer), 5(Long)
2021-05-11 00:20:46.699 [DEBUG] com.dippy.mapper.CarInfoMapper.findMySellCarByPage - <==      Total: 5
2021-05-11 00:21:27.940 [DEBUG] com.dippy.mapper.CarInfoMapper.findMySellCarByPage_mpCount - ==>  Preparing: SELECT COUNT(*) FROM car_info WHERE car_info.user_id = ?
2021-05-11 00:21:27.941 [DEBUG] com.dippy.mapper.CarInfoMapper.findMySellCarByPage_mpCount - ==> Parameters: 1(Integer)
2021-05-11 00:21:27.942 [DEBUG] com.dippy.mapper.CarInfoMapper.findMySellCarByPage_mpCount - <==      Total: 1
2021-05-11 00:21:27.944 [DEBUG] com.dippy.mapper.CarInfoMapper.findMySellCarByPage - ==>  Preparing: select * from car_info left join car_picture cp on car_info.car_id = cp.car_id where car_info.user_id = ? LIMIT ?
2021-05-11 00:21:27.945 [DEBUG] com.dippy.mapper.CarInfoMapper.findMySellCarByPage - ==> Parameters: 1(Integer), 5(Long)
2021-05-11 00:21:27.947 [DEBUG] com.dippy.mapper.CarInfoMapper.findMySellCarByPage - <==      Total: 5
2021-05-11 00:21:45.991 [DEBUG] com.dippy.mapper.CarInfoMapper.findMySellCarByPage_mpCount - ==>  Preparing: SELECT COUNT(*) FROM car_info WHERE car_info.user_id = ?
2021-05-11 00:21:45.992 [DEBUG] com.dippy.mapper.CarInfoMapper.findMySellCarByPage_mpCount - ==> Parameters: 1(Integer)
2021-05-11 00:21:45.993 [DEBUG] com.dippy.mapper.CarInfoMapper.findMySellCarByPage_mpCount - <==      Total: 1
2021-05-11 00:21:45.994 [DEBUG] com.dippy.mapper.CarInfoMapper.findMySellCarByPage - ==>  Preparing: select * from car_info left join car_picture cp on car_info.car_id = cp.car_id where car_info.user_id = ? LIMIT ?
2021-05-11 00:21:45.996 [DEBUG] com.dippy.mapper.CarInfoMapper.findMySellCarByPage - ==> Parameters: 1(Integer), 5(Long)
2021-05-11 00:21:45.999 [DEBUG] com.dippy.mapper.CarInfoMapper.findMySellCarByPage - <==      Total: 5
2021-05-11 00:25:41.897 [DEBUG] com.dippy.mapper.CarInfoMapper.findMySellCarByPage_mpCount - ==>  Preparing: SELECT COUNT(*) FROM car_info WHERE car_info.user_id = ?
2021-05-11 00:25:41.898 [DEBUG] com.dippy.mapper.CarInfoMapper.findMySellCarByPage_mpCount - ==> Parameters: 1(Integer)
2021-05-11 00:25:41.900 [DEBUG] com.dippy.mapper.CarInfoMapper.findMySellCarByPage_mpCount - <==      Total: 1
2021-05-11 00:25:41.902 [DEBUG] com.dippy.mapper.CarInfoMapper.findMySellCarByPage - ==>  Preparing: select * from car_info left join car_picture cp on car_info.car_id = cp.car_id where car_info.user_id = ? LIMIT ?
2021-05-11 00:25:41.902 [DEBUG] com.dippy.mapper.CarInfoMapper.findMySellCarByPage - ==> Parameters: 1(Integer), 5(Long)
2021-05-11 00:25:41.905 [DEBUG] com.dippy.mapper.CarInfoMapper.findMySellCarByPage - <==      Total: 5
2021-05-11 00:28:31.499 [DEBUG] com.dippy.mapper.CarInfoMapper.findMySellCarByPage_mpCount - ==>  Preparing: SELECT COUNT(*) FROM car_info WHERE car_info.user_id = ?
2021-05-11 00:28:31.500 [DEBUG] com.dippy.mapper.CarInfoMapper.findMySellCarByPage_mpCount - ==> Parameters: 1(Integer)
2021-05-11 00:28:31.501 [DEBUG] com.dippy.mapper.CarInfoMapper.findMySellCarByPage_mpCount - <==      Total: 1
2021-05-11 00:28:31.502 [DEBUG] com.dippy.mapper.CarInfoMapper.findMySellCarByPage - ==>  Preparing: select * from car_info left join car_picture cp on car_info.car_id = cp.car_id where car_info.user_id = ? LIMIT ?
2021-05-11 00:28:31.503 [DEBUG] com.dippy.mapper.CarInfoMapper.findMySellCarByPage - ==> Parameters: 1(Integer), 5(Long)
2021-05-11 00:28:31.505 [DEBUG] com.dippy.mapper.CarInfoMapper.findMySellCarByPage - <==      Total: 5
2021-05-11 00:30:55.272 [DEBUG] com.dippy.mapper.CarInfoMapper.findMySellCarByPage_mpCount - ==>  Preparing: SELECT COUNT(*) FROM car_info WHERE car_info.user_id = ?
2021-05-11 00:30:55.273 [DEBUG] com.dippy.mapper.CarInfoMapper.findMySellCarByPage_mpCount - ==> Parameters: 1(Integer)
2021-05-11 00:30:55.275 [DEBUG] com.dippy.mapper.CarInfoMapper.findMySellCarByPage_mpCount - <==      Total: 1
2021-05-11 00:30:55.277 [DEBUG] com.dippy.mapper.CarInfoMapper.findMySellCarByPage - ==>  Preparing: select * from car_info left join car_picture cp on car_info.car_id = cp.car_id where car_info.user_id = ? LIMIT ?
2021-05-11 00:30:55.278 [DEBUG] com.dippy.mapper.CarInfoMapper.findMySellCarByPage - ==> Parameters: 1(Integer), 5(Long)
2021-05-11 00:30:55.280 [DEBUG] com.dippy.mapper.CarInfoMapper.findMySellCarByPage - <==      Total: 5
2021-05-11 00:31:37.538 [DEBUG] com.dippy.mapper.CarInfoMapper.findMySellCarByPage_mpCount - ==>  Preparing: SELECT COUNT(*) FROM car_info WHERE car_info.user_id = ?
2021-05-11 00:31:37.539 [DEBUG] com.dippy.mapper.CarInfoMapper.findMySellCarByPage_mpCount - ==> Parameters: 1(Integer)
2021-05-11 00:31:37.540 [DEBUG] com.dippy.mapper.CarInfoMapper.findMySellCarByPage_mpCount - <==      Total: 1
2021-05-11 00:31:37.541 [DEBUG] com.dippy.mapper.CarInfoMapper.findMySellCarByPage - ==>  Preparing: select * from car_info left join car_picture cp on car_info.car_id = cp.car_id where car_info.user_id = ? LIMIT ?
2021-05-11 00:31:37.542 [DEBUG] com.dippy.mapper.CarInfoMapper.findMySellCarByPage - ==> Parameters: 1(Integer), 5(Long)
2021-05-11 00:31:37.544 [DEBUG] com.dippy.mapper.CarInfoMapper.findMySellCarByPage - <==      Total: 5
2021-05-11 00:32:04.350 [DEBUG] com.dippy.mapper.CarInfoMapper.findMySellCarByPage_mpCount - ==>  Preparing: SELECT COUNT(*) FROM car_info WHERE car_info.user_id = ?
2021-05-11 00:32:04.350 [DEBUG] com.dippy.mapper.CarInfoMapper.findMySellCarByPage_mpCount - ==> Parameters: 1(Integer)
2021-05-11 00:32:04.352 [DEBUG] com.dippy.mapper.CarInfoMapper.findMySellCarByPage_mpCount - <==      Total: 1
2021-05-11 00:32:04.354 [DEBUG] com.dippy.mapper.CarInfoMapper.findMySellCarByPage - ==>  Preparing: select * from car_info left join car_picture cp on car_info.car_id = cp.car_id where car_info.user_id = ? LIMIT ?
2021-05-11 00:32:04.355 [DEBUG] com.dippy.mapper.CarInfoMapper.findMySellCarByPage - ==> Parameters: 1(Integer), 5(Long)
2021-05-11 00:32:04.357 [DEBUG] com.dippy.mapper.CarInfoMapper.findMySellCarByPage - <==      Total: 5
2021-05-11 00:36:06.844 [DEBUG] com.dippy.mapper.CarInfoMapper.findMySellCarByPage_mpCount - ==>  Preparing: SELECT COUNT(*) FROM car_info WHERE car_info.user_id = ?
2021-05-11 00:36:06.845 [DEBUG] com.dippy.mapper.CarInfoMapper.findMySellCarByPage_mpCount - ==> Parameters: 1(Integer)
2021-05-11 00:36:06.846 [DEBUG] com.dippy.mapper.CarInfoMapper.findMySellCarByPage_mpCount - <==      Total: 1
2021-05-11 00:36:06.847 [DEBUG] com.dippy.mapper.CarInfoMapper.findMySellCarByPage - ==>  Preparing: select * from car_info left join car_picture cp on car_info.car_id = cp.car_id where car_info.user_id = ? LIMIT ?
2021-05-11 00:36:06.848 [DEBUG] com.dippy.mapper.CarInfoMapper.findMySellCarByPage - ==> Parameters: 1(Integer), 5(Long)
2021-05-11 00:36:06.851 [DEBUG] com.dippy.mapper.CarInfoMapper.findMySellCarByPage - <==      Total: 5
2021-05-11 00:40:32.242 [DEBUG] com.dippy.mapper.CarInfoMapper.findMySellCarByPage_mpCount - ==>  Preparing: SELECT COUNT(*) FROM car_info WHERE car_info.user_id = ?
2021-05-11 00:40:32.243 [DEBUG] com.dippy.mapper.CarInfoMapper.findMySellCarByPage_mpCount - ==> Parameters: 1(Integer)
2021-05-11 00:40:32.244 [DEBUG] com.dippy.mapper.CarInfoMapper.findMySellCarByPage_mpCount - <==      Total: 1
2021-05-11 00:40:32.246 [DEBUG] com.dippy.mapper.CarInfoMapper.findMySellCarByPage - ==>  Preparing: select * from car_info left join car_picture cp on car_info.car_id = cp.car_id where car_info.user_id = ? LIMIT ?
2021-05-11 00:40:32.246 [DEBUG] com.dippy.mapper.CarInfoMapper.findMySellCarByPage - ==> Parameters: 1(Integer), 5(Long)
2021-05-11 00:40:32.249 [DEBUG] com.dippy.mapper.CarInfoMapper.findMySellCarByPage - <==      Total: 5
2021-05-11 00:41:58.123 [DEBUG] com.dippy.mapper.CarInfoMapper.findMySellCarByPage_mpCount - ==>  Preparing: SELECT COUNT(*) FROM car_info WHERE car_info.user_id = ?
2021-05-11 00:41:58.124 [DEBUG] com.dippy.mapper.CarInfoMapper.findMySellCarByPage_mpCount - ==> Parameters: 1(Integer)
2021-05-11 00:41:58.126 [DEBUG] com.dippy.mapper.CarInfoMapper.findMySellCarByPage_mpCount - <==      Total: 1
2021-05-11 00:41:58.127 [DEBUG] com.dippy.mapper.CarInfoMapper.findMySellCarByPage - ==>  Preparing: select * from car_info left join car_picture cp on car_info.car_id = cp.car_id where car_info.user_id = ? LIMIT ?
2021-05-11 00:41:58.128 [DEBUG] com.dippy.mapper.CarInfoMapper.findMySellCarByPage - ==> Parameters: 1(Integer), 5(Long)
2021-05-11 00:41:58.131 [DEBUG] com.dippy.mapper.CarInfoMapper.findMySellCarByPage - <==      Total: 5
2021-05-11 00:43:43.160 [DEBUG] com.dippy.mapper.CarInfoMapper.findMySellCarByPage_mpCount - ==>  Preparing: SELECT COUNT(*) FROM car_info WHERE car_info.user_id = ?
2021-05-11 00:43:43.161 [DEBUG] com.dippy.mapper.CarInfoMapper.findMySellCarByPage_mpCount - ==> Parameters: 1(Integer)
2021-05-11 00:43:43.163 [DEBUG] com.dippy.mapper.CarInfoMapper.findMySellCarByPage_mpCount - <==      Total: 1
2021-05-11 00:43:43.164 [DEBUG] com.dippy.mapper.CarInfoMapper.findMySellCarByPage - ==>  Preparing: select * from car_info left join car_picture cp on car_info.car_id = cp.car_id where car_info.user_id = ? LIMIT ?
2021-05-11 00:43:43.165 [DEBUG] com.dippy.mapper.CarInfoMapper.findMySellCarByPage - ==> Parameters: 1(Integer), 5(Long)
2021-05-11 00:43:43.167 [DEBUG] com.dippy.mapper.CarInfoMapper.findMySellCarByPage - <==      Total: 5
2021-05-11 00:44:29.112 [DEBUG] com.dippy.mapper.CarInfoMapper.findMySellCarByPage_mpCount - ==>  Preparing: SELECT COUNT(*) FROM car_info WHERE car_info.user_id = ?
2021-05-11 00:44:29.113 [DEBUG] com.dippy.mapper.CarInfoMapper.findMySellCarByPage_mpCount - ==> Parameters: 1(Integer)
2021-05-11 00:44:29.114 [DEBUG] com.dippy.mapper.CarInfoMapper.findMySellCarByPage_mpCount - <==      Total: 1
2021-05-11 00:44:29.115 [DEBUG] com.dippy.mapper.CarInfoMapper.findMySellCarByPage - ==>  Preparing: select * from car_info left join car_picture cp on car_info.car_id = cp.car_id where car_info.user_id = ? LIMIT ?
2021-05-11 00:44:29.116 [DEBUG] com.dippy.mapper.CarInfoMapper.findMySellCarByPage - ==> Parameters: 1(Integer), 5(Long)
2021-05-11 00:44:29.119 [DEBUG] com.dippy.mapper.CarInfoMapper.findMySellCarByPage - <==      Total: 5
2021-05-11 16:15:23.000 [DEBUG] com.dippy.mapper.CarPictureMapper.delete - ==>  Preparing: DELETE FROM car_picture WHERE (car_id = ?)
2021-05-11 16:15:23.072 [DEBUG] com.dippy.mapper.CarPictureMapper.delete - ==> Parameters: 45(Integer)
2021-05-11 16:15:23.081 [DEBUG] com.dippy.mapper.CarPictureMapper.delete - <==    Updates: 3
2021-05-11 16:36:11.660 [DEBUG] com.dippy.mapper.SysUserMapper.selectOne - ==>  Preparing: SELECT user_id,username,password,name,sex,avatar,address_id,province,city,area,detailed_address,phone,email,birthday,is_lock,create_time,update_time FROM sys_user WHERE (username = ?)
2021-05-11 16:36:11.730 [DEBUG] com.dippy.mapper.SysUserMapper.selectOne - ==> Parameters: admin(String)
2021-05-11 16:36:11.813 [DEBUG] com.dippy.mapper.SysUserMapper.selectOne - <==      Total: 1
2021-05-11 16:36:11.858 [DEBUG] com.dippy.mapper.SysRoleUserMapper.selectList - ==>  Preparing: SELECT role_id FROM sys_role_user WHERE (user_id = ?)
2021-05-11 16:36:11.858 [DEBUG] com.dippy.mapper.SysRoleUserMapper.selectList - ==> Parameters: 1(Integer)
2021-05-11 16:36:11.861 [DEBUG] com.dippy.mapper.SysRoleUserMapper.selectList - <==      Total: 1
2021-05-11 16:36:11.865 [DEBUG] com.dippy.mapper.SysPermissionMapper.listPermissionByUserId - ==>  Preparing: SELECT p.* FROM sys_user u, sys_permission p LEFT JOIN sys_role_permission rp ON p.permission_id = rp.permission_id LEFT JOIN sys_role_user ru ON rp.role_id = ru.role_id WHERE u.user_id = ?
2021-05-11 16:36:11.866 [DEBUG] com.dippy.mapper.SysPermissionMapper.listPermissionByUserId - ==> Parameters: 1(Integer)
2021-05-11 16:36:11.891 [DEBUG] com.dippy.mapper.SysPermissionMapper.listPermissionByUserId - <==      Total: 80
2021-05-11 16:36:39.264 [DEBUG] com.dippy.mapper.CarInfoMapper.findMySellCarByPage_mpCount - ==>  Preparing: SELECT COUNT(*) FROM car_info WHERE car_info.user_id = ?
2021-05-11 16:36:39.265 [DEBUG] com.dippy.mapper.CarInfoMapper.findMySellCarByPage_mpCount - ==> Parameters: 1(Integer)
2021-05-11 16:36:39.270 [DEBUG] com.dippy.mapper.CarInfoMapper.findMySellCarByPage_mpCount - <==      Total: 1
2021-05-11 16:36:39.292 [DEBUG] com.dippy.mapper.CarInfoMapper.findMySellCarByPage - ==>  Preparing: select * from car_info left join car_picture cp on car_info.car_id = cp.car_id where car_info.user_id = ? LIMIT ?
2021-05-11 16:36:39.293 [DEBUG] com.dippy.mapper.CarInfoMapper.findMySellCarByPage - ==> Parameters: 1(Integer), 5(Long)
2021-05-11 16:36:39.302 [DEBUG] com.dippy.mapper.CarInfoMapper.findMySellCarByPage - <==      Total: 5
2021-05-11 16:41:19.646 [DEBUG] com.dippy.mapper.CarInfoMapper.findMySellCarByPage_mpCount - ==>  Preparing: SELECT COUNT(*) FROM car_info WHERE car_info.user_id = ?
2021-05-11 16:41:19.648 [DEBUG] com.dippy.mapper.CarInfoMapper.findMySellCarByPage_mpCount - ==> Parameters: 1(Integer)
2021-05-11 16:41:19.650 [DEBUG] com.dippy.mapper.CarInfoMapper.findMySellCarByPage_mpCount - <==      Total: 1
2021-05-11 16:41:19.651 [DEBUG] com.dippy.mapper.CarInfoMapper.findMySellCarByPage - ==>  Preparing: select * from car_info left join car_picture cp on car_info.car_id = cp.car_id where car_info.user_id = ? LIMIT ?
2021-05-11 16:41:19.653 [DEBUG] com.dippy.mapper.CarInfoMapper.findMySellCarByPage - ==> Parameters: 1(Integer), 5(Long)
2021-05-11 16:41:19.659 [DEBUG] com.dippy.mapper.CarInfoMapper.findMySellCarByPage - <==      Total: 5
2021-05-11 16:41:45.464 [DEBUG] com.dippy.mapper.CarInfoMapper.findMySellCarByPage_mpCount - ==>  Preparing: SELECT COUNT(*) FROM car_info WHERE car_info.user_id = ?
2021-05-11 16:41:45.466 [DEBUG] com.dippy.mapper.CarInfoMapper.findMySellCarByPage_mpCount - ==> Parameters: 1(Integer)
2021-05-11 16:41:45.468 [DEBUG] com.dippy.mapper.CarInfoMapper.findMySellCarByPage_mpCount - <==      Total: 1
2021-05-11 16:41:45.470 [DEBUG] com.dippy.mapper.CarInfoMapper.findMySellCarByPage - ==>  Preparing: select * from car_info left join car_picture cp on car_info.car_id = cp.car_id where car_info.user_id = ? LIMIT ?
2021-05-11 16:41:45.471 [DEBUG] com.dippy.mapper.CarInfoMapper.findMySellCarByPage - ==> Parameters: 1(Integer), 5(Long)
2021-05-11 16:41:45.476 [DEBUG] com.dippy.mapper.CarInfoMapper.findMySellCarByPage - <==      Total: 5
2021-05-11 16:42:14.678 [DEBUG] com.dippy.mapper.CarInfoMapper.findMySellCarByPage_mpCount - ==>  Preparing: SELECT COUNT(*) FROM car_info WHERE car_info.user_id = ?
2021-05-11 16:42:14.679 [DEBUG] com.dippy.mapper.CarInfoMapper.findMySellCarByPage_mpCount - ==> Parameters: 1(Integer)
2021-05-11 16:42:14.682 [DEBUG] com.dippy.mapper.CarInfoMapper.findMySellCarByPage_mpCount - <==      Total: 1
2021-05-11 16:42:14.684 [DEBUG] com.dippy.mapper.CarInfoMapper.findMySellCarByPage - ==>  Preparing: select * from car_info left join car_picture cp on car_info.car_id = cp.car_id where car_info.user_id = ? LIMIT ?
2021-05-11 16:42:14.685 [DEBUG] com.dippy.mapper.CarInfoMapper.findMySellCarByPage - ==> Parameters: 1(Integer), 5(Long)
2021-05-11 16:42:14.690 [DEBUG] com.dippy.mapper.CarInfoMapper.findMySellCarByPage - <==      Total: 5
2021-05-11 16:45:41.525 [DEBUG] com.dippy.mapper.CarInfoMapper.findMySellCarByPage_mpCount - ==>  Preparing: SELECT COUNT(*) FROM car_info WHERE car_info.user_id = ?
2021-05-11 16:45:41.527 [DEBUG] com.dippy.mapper.CarInfoMapper.findMySellCarByPage_mpCount - ==> Parameters: 1(Integer)
2021-05-11 16:45:41.529 [DEBUG] com.dippy.mapper.CarInfoMapper.findMySellCarByPage_mpCount - <==      Total: 1
2021-05-11 16:45:41.531 [DEBUG] com.dippy.mapper.CarInfoMapper.findMySellCarByPage - ==>  Preparing: select * from car_info left join car_picture cp on car_info.car_id = cp.car_id where car_info.user_id = ? LIMIT ?
2021-05-11 16:45:41.532 [DEBUG] com.dippy.mapper.CarInfoMapper.findMySellCarByPage - ==> Parameters: 1(Integer), 5(Long)
2021-05-11 16:45:41.539 [DEBUG] com.dippy.mapper.CarInfoMapper.findMySellCarByPage - <==      Total: 5
2021-05-11 16:45:43.688 [DEBUG] com.dippy.mapper.CarInfoMapper.findMySellCarByPage_mpCount - ==>  Preparing: SELECT COUNT(*) FROM car_info WHERE car_info.user_id = ?
2021-05-11 16:45:43.689 [DEBUG] com.dippy.mapper.CarInfoMapper.findMySellCarByPage_mpCount - ==> Parameters: 1(Integer)
2021-05-11 16:45:43.692 [DEBUG] com.dippy.mapper.CarInfoMapper.findMySellCarByPage_mpCount - <==      Total: 1
2021-05-11 16:45:43.695 [DEBUG] com.dippy.mapper.CarInfoMapper.findMySellCarByPage - ==>  Preparing: select * from car_info left join car_picture cp on car_info.car_id = cp.car_id where car_info.user_id = ? LIMIT ?
2021-05-11 16:45:43.696 [DEBUG] com.dippy.mapper.CarInfoMapper.findMySellCarByPage - ==> Parameters: 1(Integer), 5(Long)
2021-05-11 16:45:43.702 [DEBUG] com.dippy.mapper.CarInfoMapper.findMySellCarByPage - <==      Total: 5
2021-05-11 16:46:19.645 [DEBUG] com.dippy.mapper.CarInfoMapper.findMySellCarByPage_mpCount - ==>  Preparing: SELECT COUNT(*) FROM car_info WHERE car_info.user_id = ?
2021-05-11 16:46:19.648 [DEBUG] com.dippy.mapper.CarInfoMapper.findMySellCarByPage_mpCount - ==> Parameters: 1(Integer)
2021-05-11 16:46:19.652 [DEBUG] com.dippy.mapper.CarInfoMapper.findMySellCarByPage_mpCount - <==      Total: 1
2021-05-11 16:46:19.656 [DEBUG] com.dippy.mapper.CarInfoMapper.findMySellCarByPage - ==>  Preparing: select * from car_info left join car_picture cp on car_info.car_id = cp.car_id where car_info.user_id = ? LIMIT ?
2021-05-11 16:46:19.658 [DEBUG] com.dippy.mapper.CarInfoMapper.findMySellCarByPage - ==> Parameters: 1(Integer), 5(Long)
2021-05-11 16:46:19.662 [DEBUG] com.dippy.mapper.CarInfoMapper.findMySellCarByPage - <==      Total: 5
2021-05-11 16:46:32.840 [DEBUG] com.dippy.mapper.CarInfoMapper.findMySellCarByPage_mpCount - ==>  Preparing: SELECT COUNT(*) FROM car_info WHERE car_info.user_id = ?
2021-05-11 16:46:32.841 [DEBUG] com.dippy.mapper.CarInfoMapper.findMySellCarByPage_mpCount - ==> Parameters: 1(Integer)
2021-05-11 16:46:32.844 [DEBUG] com.dippy.mapper.CarInfoMapper.findMySellCarByPage_mpCount - <==      Total: 1
2021-05-11 16:46:32.847 [DEBUG] com.dippy.mapper.CarInfoMapper.findMySellCarByPage - ==>  Preparing: select * from car_info left join car_picture cp on car_info.car_id = cp.car_id where car_info.user_id = ? LIMIT ?
2021-05-11 16:46:32.848 [DEBUG] com.dippy.mapper.CarInfoMapper.findMySellCarByPage - ==> Parameters: 1(Integer), 5(Long)
2021-05-11 16:46:32.861 [DEBUG] com.dippy.mapper.CarInfoMapper.findMySellCarByPage - <==      Total: 5
2021-05-11 16:48:31.999 [DEBUG] com.dippy.mapper.CarInfoMapper.findMySellCarByPage_mpCount - ==>  Preparing: SELECT COUNT(*) FROM car_info WHERE car_info.user_id = ?
2021-05-11 16:48:32.002 [DEBUG] com.dippy.mapper.CarInfoMapper.findMySellCarByPage_mpCount - ==> Parameters: 1(Integer)
2021-05-11 16:48:32.005 [DEBUG] com.dippy.mapper.CarInfoMapper.findMySellCarByPage_mpCount - <==      Total: 1
2021-05-11 16:48:32.008 [DEBUG] com.dippy.mapper.CarInfoMapper.findMySellCarByPage - ==>  Preparing: select * from car_info left join car_picture cp on car_info.car_id = cp.car_id where car_info.user_id = ? LIMIT ?
2021-05-11 16:48:32.009 [DEBUG] com.dippy.mapper.CarInfoMapper.findMySellCarByPage - ==> Parameters: 1(Integer), 5(Long)
2021-05-11 16:48:32.014 [DEBUG] com.dippy.mapper.CarInfoMapper.findMySellCarByPage - <==      Total: 5
2021-05-11 16:50:25.140 [DEBUG] com.dippy.mapper.CarInfoMapper.findMySellCarByPage_mpCount - ==>  Preparing: SELECT COUNT(*) FROM car_info WHERE car_info.user_id = ?
2021-05-11 16:50:25.141 [DEBUG] com.dippy.mapper.CarInfoMapper.findMySellCarByPage_mpCount - ==> Parameters: 1(Integer)
2021-05-11 16:50:25.143 [DEBUG] com.dippy.mapper.CarInfoMapper.findMySellCarByPage_mpCount - <==      Total: 1
2021-05-11 16:50:25.144 [DEBUG] com.dippy.mapper.CarInfoMapper.findMySellCarByPage - ==>  Preparing: select * from car_info left join car_picture cp on car_info.car_id = cp.car_id where car_info.user_id = ? LIMIT ?
2021-05-11 16:50:25.145 [DEBUG] com.dippy.mapper.CarInfoMapper.findMySellCarByPage - ==> Parameters: 1(Integer), 5(Long)
2021-05-11 16:50:25.148 [DEBUG] com.dippy.mapper.CarInfoMapper.findMySellCarByPage - <==      Total: 5
2021-05-11 16:50:49.685 [DEBUG] com.dippy.mapper.CarInfoMapper.findMySellCarByPage_mpCount - ==>  Preparing: SELECT COUNT(*) FROM car_info WHERE car_info.user_id = ?
2021-05-11 16:50:49.686 [DEBUG] com.dippy.mapper.CarInfoMapper.findMySellCarByPage_mpCount - ==> Parameters: 1(Integer)
2021-05-11 16:50:49.687 [DEBUG] com.dippy.mapper.CarInfoMapper.findMySellCarByPage_mpCount - <==      Total: 1
2021-05-11 16:50:49.689 [DEBUG] com.dippy.mapper.CarInfoMapper.findMySellCarByPage - ==>  Preparing: select * from car_info left join car_picture cp on car_info.car_id = cp.car_id where car_info.user_id = ? LIMIT ?
2021-05-11 16:50:49.689 [DEBUG] com.dippy.mapper.CarInfoMapper.findMySellCarByPage - ==> Parameters: 1(Integer), 5(Long)
2021-05-11 16:50:49.693 [DEBUG] com.dippy.mapper.CarInfoMapper.findMySellCarByPage - <==      Total: 5
2021-05-11 16:51:22.505 [DEBUG] com.dippy.mapper.CarInfoMapper.findMySellCarByPage_mpCount - ==>  Preparing: SELECT COUNT(*) FROM car_info WHERE car_info.user_id = ?
2021-05-11 16:51:22.506 [DEBUG] com.dippy.mapper.CarInfoMapper.findMySellCarByPage_mpCount - ==> Parameters: 1(Integer)
2021-05-11 16:51:22.508 [DEBUG] com.dippy.mapper.CarInfoMapper.findMySellCarByPage_mpCount - <==      Total: 1
2021-05-11 16:51:22.510 [DEBUG] com.dippy.mapper.CarInfoMapper.findMySellCarByPage - ==>  Preparing: select * from car_info left join car_picture cp on car_info.car_id = cp.car_id where car_info.user_id = ? LIMIT ?
2021-05-11 16:51:22.511 [DEBUG] com.dippy.mapper.CarInfoMapper.findMySellCarByPage - ==> Parameters: 1(Integer), 5(Long)
2021-05-11 16:51:22.514 [DEBUG] com.dippy.mapper.CarInfoMapper.findMySellCarByPage - <==      Total: 5
2021-05-11 17:01:43.071 [DEBUG] com.dippy.mapper.CarInfoMapper.findMySellCarByPage_mpCount - ==>  Preparing: SELECT COUNT(*) FROM car_info WHERE car_info.user_id = ?
2021-05-11 17:01:43.142 [DEBUG] com.dippy.mapper.CarInfoMapper.findMySellCarByPage_mpCount - ==> Parameters: 1(Integer)
2021-05-11 17:01:43.205 [DEBUG] com.dippy.mapper.CarInfoMapper.findMySellCarByPage_mpCount - <==      Total: 1
2021-05-11 17:01:43.231 [DEBUG] com.dippy.mapper.CarInfoMapper.findMySellCarByPage - ==>  Preparing: select * from car_info left join car_picture cp on car_info.car_id = cp.car_id where car_info.user_id = ? LIMIT ?
2021-05-11 17:01:43.232 [DEBUG] com.dippy.mapper.CarInfoMapper.findMySellCarByPage - ==> Parameters: 1(Integer), 5(Long)
2021-05-11 17:01:43.247 [DEBUG] com.dippy.mapper.CarInfoMapper.findMySellCarByPage - <==      Total: 5
2021-05-11 17:18:33.705 [DEBUG] com.dippy.mapper.CarInfoMapper.insert - ==>  Preparing: INSERT INTO car_info ( car_brand, car_series, car_type, car_price, car_user_time, transfer_count, car_car_mileage, car_color, car_gear_box, car_displacement, produce_time, car_configuration, car_seat, car_fuel_type, car_front_tyre, rear_tyre, car_describe, create_time, car_status, car_title ) VALUES ( ?, ?, ?, ?, ?, ?, ?, ?, ?, ?, ?, ?, ?, ?, ?, ?, ?, ?, ?, ? )
2021-05-11 17:18:33.711 [DEBUG] com.dippy.mapper.CarInfoMapper.insert - ==> Parameters: 宝马3(String), 3(String), SUV(String), 11233.0(Double), 1(Integer), 0(Integer), 34.0(Double), 红(String), 自动(String), 1.0(Double), 2020-05-11(LocalDate), 无(String), 4(Integer), 机油(String), 2(String), 1(String), 嗯嗯嗯(String), 2021-05-11T17:18:33.650(LocalDateTime), 1(Integer), lll(String)
2021-05-11 17:18:33.715 [DEBUG] com.dippy.mapper.CarInfoMapper.insert - <==    Updates: 1
2021-05-11 17:18:33.724 [DEBUG] com.dippy.mapper.SellerCarMapper.insert - ==>  Preparing: INSERT INTO seller_car ( car_id, create_time ) VALUES ( ?, ? )
2021-05-11 17:18:33.725 [DEBUG] com.dippy.mapper.SellerCarMapper.insert - ==> Parameters: 32(Integer), 2021-05-11T17:18:33.722(LocalDateTime)
2021-05-11 17:18:33.742 [DEBUG] com.dippy.mapper.SellerCarMapper.insert - <==    Updates: 1
2021-05-11 17:18:33.964 [DEBUG] com.dippy.mapper.CarInfoMapper.selectOne - ==>  Preparing: SELECT car_id,car_brand,car_series,car_type,car_price,car_count,car_user_time,transfer_count,car_car_mileage,car_color,car_picture_id,car_gear_box,car_displacement,produce_time,car_configuration,car_seat,car_fuel_type,car_quality_time,car_region_id,car_front_tyre,rear_tyre,car_describe,create_time,update_time,car_status,car_title,user_id,car_picture FROM car_info WHERE (car_id = ?)
2021-05-11 17:18:33.965 [DEBUG] com.dippy.mapper.CarInfoMapper.selectOne - ==> Parameters: 32(Integer)
2021-05-11 17:18:33.971 [DEBUG] com.dippy.mapper.CarInfoMapper.selectOne - <==      Total: 1
2021-05-11 17:18:47.789 [DEBUG] com.dippy.mapper.CarPictureMapper.insert - ==>  Preparing: INSERT INTO car_picture ( car_url, car_picture_location, car_id ) VALUES ( ?, ?, ? )
2021-05-11 17:18:47.791 [DEBUG] com.dippy.mapper.CarPictureMapper.insert - ==> Parameters: http://qrg5og3v4.hn-bkt.clouddn.com/56hbGOgq9NQNJea6.jpg(String), 0(Integer), 32(Integer)
2021-05-11 17:18:47.793 [DEBUG] com.dippy.mapper.CarPictureMapper.insert - <==    Updates: 1
2021-05-11 17:18:47.819 [DEBUG] com.dippy.mapper.CarInfoMapper.updateById - ==>  Preparing: UPDATE car_info SET user_id=?, car_picture=? WHERE car_id=?
2021-05-11 17:18:47.820 [DEBUG] com.dippy.mapper.CarInfoMapper.updateById - ==> Parameters: 1(Integer), http://qrg5og3v4.hn-bkt.clouddn.com/56hbGOgq9NQNJea6.jpg(String), 32(Integer)
2021-05-11 17:18:47.824 [DEBUG] com.dippy.mapper.CarInfoMapper.updateById - <==    Updates: 1
2021-05-11 17:18:47.830 [DEBUG] com.dippy.mapper.CarInfoMapper.selectOne - ==>  Preparing: SELECT car_id,car_brand,car_series,car_type,car_price,car_count,car_user_time,transfer_count,car_car_mileage,car_color,car_picture_id,car_gear_box,car_displacement,produce_time,car_configuration,car_seat,car_fuel_type,car_quality_time,car_region_id,car_front_tyre,rear_tyre,car_describe,create_time,update_time,car_status,car_title,user_id,car_picture FROM car_info WHERE (car_id = ?)
2021-05-11 17:18:47.831 [DEBUG] com.dippy.mapper.CarInfoMapper.selectOne - ==> Parameters: 32(Integer)
2021-05-11 17:18:47.834 [DEBUG] com.dippy.mapper.CarInfoMapper.selectOne - <==      Total: 1
2021-05-11 17:18:59.987 [DEBUG] com.dippy.mapper.CarPictureMapper.insert - ==>  Preparing: INSERT INTO car_picture ( car_url, car_picture_location, car_id ) VALUES ( ?, ?, ? )
2021-05-11 17:18:59.988 [DEBUG] com.dippy.mapper.CarPictureMapper.insert - ==> Parameters: http://qrg5og3v4.hn-bkt.clouddn.com/OF9029PX6TINVeu.jpg(String), 1(Integer), 32(Integer)
2021-05-11 17:18:59.990 [DEBUG] com.dippy.mapper.CarPictureMapper.insert - <==    Updates: 1
2021-05-11 17:19:00.064 [DEBUG] com.dippy.mapper.CarPictureMapper.insert - ==>  Preparing: INSERT INTO car_picture ( car_url, car_picture_location, car_id ) VALUES ( ?, ?, ? )
2021-05-11 17:19:00.066 [DEBUG] com.dippy.mapper.CarPictureMapper.insert - ==> Parameters: http://qrg5og3v4.hn-bkt.clouddn.com/ck3JR0so1cp199.jpg(String), 1(Integer), 32(Integer)
2021-05-11 17:19:00.068 [DEBUG] com.dippy.mapper.CarPictureMapper.insert - <==    Updates: 1
2021-05-11 17:19:00.152 [DEBUG] com.dippy.mapper.CarPictureMapper.insert - ==>  Preparing: INSERT INTO car_picture ( car_url, car_picture_location, car_id ) VALUES ( ?, ?, ? )
2021-05-11 17:19:00.154 [DEBUG] com.dippy.mapper.CarPictureMapper.insert - ==> Parameters: http://qrg5og3v4.hn-bkt.clouddn.com/ba70ZZ313971.jpg(String), 1(Integer), 32(Integer)
2021-05-11 17:19:00.155 [DEBUG] com.dippy.mapper.CarPictureMapper.insert - <==    Updates: 1
2021-05-11 17:19:00.318 [DEBUG] com.dippy.mapper.CarPictureMapper.insert - ==>  Preparing: INSERT INTO car_picture ( car_url, car_picture_location, car_id ) VALUES ( ?, ?, ? )
2021-05-11 17:19:00.319 [DEBUG] com.dippy.mapper.CarPictureMapper.insert - ==> Parameters: http://qrg5og3v4.hn-bkt.clouddn.com/97tdNAsz09DL67.jpg(String), 1(Integer), 32(Integer)
2021-05-11 17:19:00.320 [DEBUG] com.dippy.mapper.CarPictureMapper.insert - <==    Updates: 1
2021-05-11 17:19:00.328 [DEBUG] com.dippy.mapper.CarInfoMapper.selectOne - ==>  Preparing: SELECT car_id,car_brand,car_series,car_type,car_price,car_count,car_user_time,transfer_count,car_car_mileage,car_color,car_picture_id,car_gear_box,car_displacement,produce_time,car_configuration,car_seat,car_fuel_type,car_quality_time,car_region_id,car_front_tyre,rear_tyre,car_describe,create_time,update_time,car_status,car_title,user_id,car_picture FROM car_info WHERE (car_id = ?)
2021-05-11 17:19:00.330 [DEBUG] com.dippy.mapper.CarInfoMapper.selectOne - ==> Parameters: 32(Integer)
2021-05-11 17:19:00.335 [DEBUG] com.dippy.mapper.CarInfoMapper.selectOne - <==      Total: 1
2021-05-11 17:19:20.769 [DEBUG] com.dippy.mapper.CarPictureMapper.insert - ==>  Preparing: INSERT INTO car_picture ( car_url, car_picture_location, car_id ) VALUES ( ?, ?, ? )
2021-05-11 17:19:20.770 [DEBUG] com.dippy.mapper.CarPictureMapper.insert - ==> Parameters: http://qrg5og3v4.hn-bkt.clouddn.com/ynxjYH6CO88656.jpg(String), 2(Integer), 32(Integer)
2021-05-11 17:19:20.772 [DEBUG] com.dippy.mapper.CarPictureMapper.insert - <==    Updates: 1
2021-05-11 17:19:20.903 [DEBUG] com.dippy.mapper.CarPictureMapper.insert - ==>  Preparing: INSERT INTO car_picture ( car_url, car_picture_location, car_id ) VALUES ( ?, ?, ? )
2021-05-11 17:19:20.905 [DEBUG] com.dippy.mapper.CarPictureMapper.insert - ==> Parameters: http://qrg5og3v4.hn-bkt.clouddn.com/7duYN0nyms8az24.jpg(String), 2(Integer), 32(Integer)
2021-05-11 17:19:20.907 [DEBUG] com.dippy.mapper.CarPictureMapper.insert - <==    Updates: 1
2021-05-11 17:19:20.991 [DEBUG] com.dippy.mapper.CarPictureMapper.insert - ==>  Preparing: INSERT INTO car_picture ( car_url, car_picture_location, car_id ) VALUES ( ?, ?, ? )
2021-05-11 17:19:20.994 [DEBUG] com.dippy.mapper.CarPictureMapper.insert - ==> Parameters: http://qrg5og3v4.hn-bkt.clouddn.com/33GFIV6gaku6CJ7.jpg(String), 2(Integer), 32(Integer)
2021-05-11 17:19:20.997 [DEBUG] com.dippy.mapper.CarPictureMapper.insert - <==    Updates: 1
2021-05-11 17:19:21.079 [DEBUG] com.dippy.mapper.CarPictureMapper.insert - ==>  Preparing: INSERT INTO car_picture ( car_url, car_picture_location, car_id ) VALUES ( ?, ?, ? )
2021-05-11 17:19:21.080 [DEBUG] com.dippy.mapper.CarPictureMapper.insert - ==> Parameters: http://qrg5og3v4.hn-bkt.clouddn.com/4tycz0MZ9FIlkru8.jpg(String), 2(Integer), 32(Integer)
2021-05-11 17:19:21.082 [DEBUG] com.dippy.mapper.CarPictureMapper.insert - <==    Updates: 1
2021-05-11 17:19:21.104 [DEBUG] com.dippy.mapper.CarInfoMapper.selectOne - ==>  Preparing: SELECT car_id,car_brand,car_series,car_type,car_price,car_count,car_user_time,transfer_count,car_car_mileage,car_color,car_picture_id,car_gear_box,car_displacement,produce_time,car_configuration,car_seat,car_fuel_type,car_quality_time,car_region_id,car_front_tyre,rear_tyre,car_describe,create_time,update_time,car_status,car_title,user_id,car_picture FROM car_info WHERE (car_id = ?)
2021-05-11 17:19:21.105 [DEBUG] com.dippy.mapper.CarInfoMapper.selectOne - ==> Parameters: 32(Integer)
2021-05-11 17:19:21.110 [DEBUG] com.dippy.mapper.CarInfoMapper.selectOne - <==      Total: 1
2021-05-11 17:19:36.766 [DEBUG] com.dippy.mapper.CarPictureMapper.insert - ==>  Preparing: INSERT INTO car_picture ( car_url, car_picture_location, car_id ) VALUES ( ?, ?, ? )
2021-05-11 17:19:36.767 [DEBUG] com.dippy.mapper.CarPictureMapper.insert - ==> Parameters: http://qrg5og3v4.hn-bkt.clouddn.com/TNAJvt126qvMR30.jpg(String), 3(Integer), 32(Integer)
2021-05-11 17:19:36.770 [DEBUG] com.dippy.mapper.CarPictureMapper.insert - <==    Updates: 1
2021-05-11 17:19:36.903 [DEBUG] com.dippy.mapper.CarPictureMapper.insert - ==>  Preparing: INSERT INTO car_picture ( car_url, car_picture_location, car_id ) VALUES ( ?, ?, ? )
2021-05-11 17:19:36.905 [DEBUG] com.dippy.mapper.CarPictureMapper.insert - ==> Parameters: http://qrg5og3v4.hn-bkt.clouddn.com/82HTXUwfSN656FN.jpg(String), 3(Integer), 32(Integer)
2021-05-11 17:19:36.907 [DEBUG] com.dippy.mapper.CarPictureMapper.insert - <==    Updates: 1
2021-05-11 17:19:36.919 [DEBUG] com.dippy.mapper.CarInfoMapper.selectOne - ==>  Preparing: SELECT car_id,car_brand,car_series,car_type,car_price,car_count,car_user_time,transfer_count,car_car_mileage,car_color,car_picture_id,car_gear_box,car_displacement,produce_time,car_configuration,car_seat,car_fuel_type,car_quality_time,car_region_id,car_front_tyre,rear_tyre,car_describe,create_time,update_time,car_status,car_title,user_id,car_picture FROM car_info WHERE (car_id = ?)
2021-05-11 17:19:36.920 [DEBUG] com.dippy.mapper.CarInfoMapper.selectOne - ==> Parameters: 32(Integer)
2021-05-11 17:19:36.923 [DEBUG] com.dippy.mapper.CarInfoMapper.selectOne - <==      Total: 1
2021-05-11 17:19:58.231 [DEBUG] com.dippy.mapper.CarPictureMapper.insert - ==>  Preparing: INSERT INTO car_picture ( car_url, car_picture_location, car_id ) VALUES ( ?, ?, ? )
2021-05-11 17:19:58.232 [DEBUG] com.dippy.mapper.CarPictureMapper.insert - ==> Parameters: http://qrg5og3v4.hn-bkt.clouddn.com/04ou3lh48eqJQtt.jpg(String), 4(Integer), 32(Integer)
2021-05-11 17:19:58.236 [DEBUG] com.dippy.mapper.CarPictureMapper.insert - <==    Updates: 1
2021-05-11 17:19:58.314 [DEBUG] com.dippy.mapper.CarPictureMapper.insert - ==>  Preparing: INSERT INTO car_picture ( car_url, car_picture_location, car_id ) VALUES ( ?, ?, ? )
2021-05-11 17:19:58.315 [DEBUG] com.dippy.mapper.CarPictureMapper.insert - ==> Parameters: http://qrg5og3v4.hn-bkt.clouddn.com/583rn52fb39VF.jpg(String), 4(Integer), 32(Integer)
2021-05-11 17:19:58.318 [DEBUG] com.dippy.mapper.CarPictureMapper.insert - <==    Updates: 1
2021-05-11 17:19:58.430 [DEBUG] com.dippy.mapper.CarPictureMapper.insert - ==>  Preparing: INSERT INTO car_picture ( car_url, car_picture_location, car_id ) VALUES ( ?, ?, ? )
2021-05-11 17:19:58.432 [DEBUG] com.dippy.mapper.CarPictureMapper.insert - ==> Parameters: http://qrg5og3v4.hn-bkt.clouddn.com/4EU7OIdpSATW9lj2.jpg(String), 4(Integer), 32(Integer)
2021-05-11 17:19:58.433 [DEBUG] com.dippy.mapper.CarPictureMapper.insert - <==    Updates: 1
2021-05-11 17:19:58.513 [DEBUG] com.dippy.mapper.CarPictureMapper.insert - ==>  Preparing: INSERT INTO car_picture ( car_url, car_picture_location, car_id ) VALUES ( ?, ?, ? )
2021-05-11 17:19:58.514 [DEBUG] com.dippy.mapper.CarPictureMapper.insert - ==> Parameters: http://qrg5og3v4.hn-bkt.clouddn.com/2cbMGurrd83818.jpg(String), 4(Integer), 32(Integer)
2021-05-11 17:19:58.516 [DEBUG] com.dippy.mapper.CarPictureMapper.insert - <==    Updates: 1
2021-05-11 17:19:58.594 [DEBUG] com.dippy.mapper.CarPictureMapper.insert - ==>  Preparing: INSERT INTO car_picture ( car_url, car_picture_location, car_id ) VALUES ( ?, ?, ? )
2021-05-11 17:19:58.594 [DEBUG] com.dippy.mapper.CarPictureMapper.insert - ==> Parameters: http://qrg5og3v4.hn-bkt.clouddn.com/0OD950va9XV9XR.jpg(String), 4(Integer), 32(Integer)
2021-05-11 17:19:58.605 [DEBUG] com.dippy.mapper.CarPictureMapper.insert - <==    Updates: 1
2021-05-11 17:19:58.672 [DEBUG] com.dippy.mapper.CarPictureMapper.insert - ==>  Preparing: INSERT INTO car_picture ( car_url, car_picture_location, car_id ) VALUES ( ?, ?, ? )
2021-05-11 17:19:58.673 [DEBUG] com.dippy.mapper.CarPictureMapper.insert - ==> Parameters: http://qrg5og3v4.hn-bkt.clouddn.com/vpXD1xa154919.jpg(String), 4(Integer), 32(Integer)
2021-05-11 17:19:58.675 [DEBUG] com.dippy.mapper.CarPictureMapper.insert - <==    Updates: 1
2021-05-11 17:19:58.682 [DEBUG] com.dippy.mapper.CarInfoMapper.selectOne - ==>  Preparing: SELECT car_id,car_brand,car_series,car_type,car_price,car_count,car_user_time,transfer_count,car_car_mileage,car_color,car_picture_id,car_gear_box,car_displacement,produce_time,car_configuration,car_seat,car_fuel_type,car_quality_time,car_region_id,car_front_tyre,rear_tyre,car_describe,create_time,update_time,car_status,car_title,user_id,car_picture FROM car_info WHERE (car_id = ?)
2021-05-11 17:19:58.683 [DEBUG] com.dippy.mapper.CarInfoMapper.selectOne - ==> Parameters: 32(Integer)
2021-05-11 17:19:58.686 [DEBUG] com.dippy.mapper.CarInfoMapper.selectOne - <==      Total: 1
2021-05-11 17:20:06.095 [DEBUG] com.dippy.mapper.CarInfoMapper.findMySellCarByPage_mpCount - ==>  Preparing: SELECT COUNT(*) FROM car_info WHERE car_info.user_id = ?
2021-05-11 17:20:06.096 [DEBUG] com.dippy.mapper.CarInfoMapper.findMySellCarByPage_mpCount - ==> Parameters: 1(Integer)
2021-05-11 17:20:06.098 [DEBUG] com.dippy.mapper.CarInfoMapper.findMySellCarByPage_mpCount - <==      Total: 1
2021-05-11 17:20:06.100 [DEBUG] com.dippy.mapper.CarInfoMapper.findMySellCarByPage - ==>  Preparing: select * from car_info left join car_picture cp on car_info.car_id = cp.car_id where car_info.user_id = ? LIMIT ?
2021-05-11 17:20:06.101 [DEBUG] com.dippy.mapper.CarInfoMapper.findMySellCarByPage - ==> Parameters: 1(Integer), 5(Long)
2021-05-11 17:20:06.106 [DEBUG] com.dippy.mapper.CarInfoMapper.findMySellCarByPage - <==      Total: 5
2021-05-11 17:21:53.607 [DEBUG] com.dippy.mapper.CarInfoMapper.findMySellCarByPage_mpCount - ==>  Preparing: SELECT COUNT(*) FROM car_info WHERE car_info.user_id = ?
2021-05-11 17:21:53.609 [DEBUG] com.dippy.mapper.CarInfoMapper.findMySellCarByPage_mpCount - ==> Parameters: 1(Integer)
2021-05-11 17:21:53.611 [DEBUG] com.dippy.mapper.CarInfoMapper.findMySellCarByPage_mpCount - <==      Total: 1
2021-05-11 17:21:53.614 [DEBUG] com.dippy.mapper.CarInfoMapper.findMySellCarByPage - ==>  Preparing: select * from car_info left join car_picture cp on car_info.car_id = cp.car_id where car_info.user_id = ? LIMIT ?
2021-05-11 17:21:53.615 [DEBUG] com.dippy.mapper.CarInfoMapper.findMySellCarByPage - ==> Parameters: 1(Integer), 5(Long)
2021-05-11 17:21:53.621 [DEBUG] com.dippy.mapper.CarInfoMapper.findMySellCarByPage - <==      Total: 5
2021-05-11 17:23:36.947 [DEBUG] com.dippy.mapper.CarInfoMapper.findMySellCarByPage_mpCount - ==>  Preparing: SELECT COUNT(*) FROM car_info WHERE car_info.user_id = ?
2021-05-11 17:23:36.959 [DEBUG] com.dippy.mapper.CarInfoMapper.findMySellCarByPage_mpCount - ==> Parameters: 1(Integer)
2021-05-11 17:23:36.979 [DEBUG] com.dippy.mapper.CarInfoMapper.findMySellCarByPage_mpCount - <==      Total: 1
2021-05-11 17:23:37.003 [DEBUG] com.dippy.mapper.CarInfoMapper.findMySellCarByPage - ==>  Preparing: select * from car_info left join car_picture cp on car_info.car_id = cp.car_id where car_info.user_id = ? LIMIT ?
2021-05-11 17:23:37.014 [DEBUG] com.dippy.mapper.CarInfoMapper.findMySellCarByPage - ==> Parameters: 1(Integer), 5(Long)
2021-05-11 17:23:37.110 [DEBUG] com.dippy.mapper.CarInfoMapper.findMySellCarByPage - <==      Total: 5
