2020-12-11 00:07:41.753 [INFO ] org.hibernate.validator.internal.util.Version - HV000001: Hibernate Validator 6.1.5.Final
2020-12-11 00:07:41.891 [INFO ] com.dippy.SpringbootSecondcarApplication - Starting SpringbootSecondcarApplication on Dippy with PID 22212 (E:\workspace\IDEA\springboot\springboot-secondcar\target\classes started by Mindless in E:\workspace\IDEA\springboot\springboot-secondcar)
2020-12-11 00:07:41.893 [INFO ] com.dippy.SpringbootSecondcarApplication - No active profile set, falling back to default profiles: default
2020-12-11 00:07:42.032 [INFO ] org.springframework.boot.devtools.env.DevToolsPropertyDefaultsPostProcessor - Devtools property defaults active! Set 'spring.devtools.add-properties' to 'false' to disable
2020-12-11 00:07:42.033 [INFO ] org.springframework.boot.devtools.env.DevToolsPropertyDefaultsPostProcessor - For additional web related logging consider setting the 'logging.level.web' property to 'DEBUG'
2020-12-11 00:07:44.470 [INFO ] org.springframework.data.repository.config.RepositoryConfigurationDelegate - Multiple Spring Data modules found, entering strict repository configuration mode!
2020-12-11 00:07:44.476 [INFO ] org.springframework.data.repository.config.RepositoryConfigurationDelegate - Bootstrapping Spring Data Redis repositories in DEFAULT mode.
2020-12-11 00:07:44.632 [INFO ] org.springframework.data.repository.config.RepositoryConfigurationDelegate - Finished Spring Data repository scanning in 126ms. Found 0 Redis repository interfaces.
2020-12-11 00:07:46.088 [INFO ] org.springframework.boot.web.embedded.tomcat.TomcatWebServer - Tomcat initialized with port(s): 8090 (http)
2020-12-11 00:07:46.121 [INFO ] org.apache.coyote.http11.Http11NioProtocol - Initializing ProtocolHandler ["http-nio-8090"]
2020-12-11 00:07:46.122 [INFO ] org.apache.catalina.core.StandardService - Starting service [Tomcat]
2020-12-11 00:07:46.123 [INFO ] org.apache.catalina.core.StandardEngine - Starting Servlet engine: [Apache Tomcat/9.0.38]
2020-12-11 00:07:46.399 [INFO ] org.apache.catalina.core.ContainerBase.[Tomcat].[localhost].[/] - Initializing Spring embedded WebApplicationContext
2020-12-11 00:07:46.399 [INFO ] org.springframework.boot.web.servlet.context.ServletWebServerApplicationContext - Root WebApplicationContext: initialization completed in 4365 ms
2020-12-11 00:07:49.372 [INFO ] springfox.documentation.spring.web.PropertySourcedRequestMappingHandlerMapping - Mapped URL path [/v2/api-docs] onto method [springfox.documentation.swagger2.web.Swagger2Controller#getDocumentation(String, HttpServletRequest)]
2020-12-11 00:07:49.547 [INFO ] org.springframework.scheduling.concurrent.ThreadPoolTaskExecutor - Initializing ExecutorService 'applicationTaskExecutor'
2020-12-11 00:07:49.624 [INFO ] org.springframework.boot.devtools.autoconfigure.OptionalLiveReloadServer - LiveReload server is running on port 35729
2020-12-11 00:07:50.582 [INFO ] org.springframework.security.web.DefaultSecurityFilterChain - Creating filter chain: Ant [pattern='/captcha.jpg'], []
2020-12-11 00:07:50.634 [INFO ] org.springframework.security.web.DefaultSecurityFilterChain - Creating filter chain: any request, [org.springframework.security.web.context.request.async.WebAsyncManagerIntegrationFilter@52e5ad71, org.springframework.security.web.context.SecurityContextPersistenceFilter@6eeb15f9, org.springframework.security.web.header.HeaderWriterFilter@57657b96, org.springframework.web.filter.CorsFilter@1ac3a6f, org.springframework.security.web.authentication.logout.LogoutFilter@52288c65, com.dippy.filter.TokenFilter@5c5f12e, org.springframework.security.web.authentication.UsernamePasswordAuthenticationFilter@33ef393a, org.springframework.security.web.savedrequest.RequestCacheAwareFilter@568cbf8d, org.springframework.security.web.servletapi.SecurityContextHolderAwareRequestFilter@5c960f64, org.springframework.security.web.authentication.AnonymousAuthenticationFilter@696a6506, org.springframework.security.web.session.SessionManagementFilter@64864875, org.springframework.security.web.access.ExceptionTranslationFilter@2bab1821, org.springframework.security.web.access.intercept.FilterSecurityInterceptor@56897de0]
2020-12-11 00:07:50.762 [INFO ] org.apache.coyote.http11.Http11NioProtocol - Starting ProtocolHandler ["http-nio-8090"]
2020-12-11 00:07:50.816 [INFO ] org.springframework.boot.web.embedded.tomcat.TomcatWebServer - Tomcat started on port(s): 8090 (http) with context path ''
2020-12-11 00:07:50.818 [INFO ] springfox.documentation.spring.web.plugins.DocumentationPluginsBootstrapper - Context refreshed
2020-12-11 00:07:50.853 [INFO ] springfox.documentation.spring.web.plugins.DocumentationPluginsBootstrapper - Found 1 custom documentation plugin(s)
2020-12-11 00:07:50.919 [INFO ] springfox.documentation.spring.web.scanners.ApiListingReferenceScanner - Scanning for api listing references
2020-12-11 00:07:51.159 [INFO ] com.dippy.SpringbootSecondcarApplication - Started SpringbootSecondcarApplication in 11.275 seconds (JVM running for 20.317)
2020-12-11 00:10:16.907 [INFO ] org.springframework.data.repository.config.RepositoryConfigurationDelegate - Bootstrapping Spring Data Redis repositories in DEFAULT mode.
2020-12-11 00:10:16.970 [INFO ] org.springframework.data.repository.config.RepositoryConfigurationDelegate - Finished Spring Data repository scanning in 61ms. Found 0 Redis repository interfaces.
2020-12-11 00:11:22.795 [INFO ] org.apache.catalina.core.ContainerBase.[Tomcat].[localhost].[/] - Initializing Spring DispatcherServlet 'dispatcherServlet'
2020-12-11 00:14:49.605 [INFO ] org.springframework.data.repository.config.RepositoryConfigurationDelegate - Bootstrapping Spring Data Redis repositories in DEFAULT mode.
2020-12-11 00:14:49.665 [INFO ] org.springframework.data.repository.config.RepositoryConfigurationDelegate - Finished Spring Data repository scanning in 59ms. Found 0 Redis repository interfaces.
2020-12-11 00:14:49.741 [INFO ] springfox.documentation.spring.web.PropertySourcedRequestMappingHandlerMapping - Mapped URL path [/v2/api-docs] onto method [springfox.documentation.swagger2.web.Swagger2Controller#getDocumentation(String, HttpServletRequest)]
2020-12-11 00:20:10.824 [INFO ] org.springframework.data.repository.config.RepositoryConfigurationDelegate - Bootstrapping Spring Data Redis repositories in DEFAULT mode.
2020-12-11 00:20:10.881 [INFO ] org.springframework.data.repository.config.RepositoryConfigurationDelegate - Finished Spring Data repository scanning in 56ms. Found 0 Redis repository interfaces.
2020-12-11 00:20:11.278 [INFO ] org.springframework.beans.factory.annotation.AutowiredAnnotationBeanPostProcessor - Autowired annotation is not supported on static fields: private static java.lang.String com.dippy.controller.KaptchaController.KAPTCHA_SESSION_KEY
2020-12-11 00:20:11.451 [INFO ] springfox.documentation.spring.web.PropertySourcedRequestMappingHandlerMapping - Mapped URL path [/v2/api-docs] onto method [springfox.documentation.swagger2.web.Swagger2Controller#getDocumentation(String, HttpServletRequest)]
2020-12-11 00:21:19.326 [INFO ] org.springframework.data.repository.config.RepositoryConfigurationDelegate - Bootstrapping Spring Data Redis repositories in DEFAULT mode.
2020-12-11 00:21:19.394 [INFO ] org.springframework.data.repository.config.RepositoryConfigurationDelegate - Finished Spring Data repository scanning in 67ms. Found 0 Redis repository interfaces.
2020-12-11 00:21:19.494 [INFO ] org.springframework.beans.factory.annotation.AutowiredAnnotationBeanPostProcessor - Autowired annotation is not supported on static fields: private static java.lang.String com.dippy.controller.KaptchaController.KAPTCHA_SESSION_KEY
2020-12-11 00:21:19.571 [INFO ] springfox.documentation.spring.web.PropertySourcedRequestMappingHandlerMapping - Mapped URL path [/v2/api-docs] onto method [springfox.documentation.swagger2.web.Swagger2Controller#getDocumentation(String, HttpServletRequest)]
2020-12-11 00:23:28.352 [INFO ] org.springframework.data.repository.config.RepositoryConfigurationDelegate - Bootstrapping Spring Data Redis repositories in DEFAULT mode.
2020-12-11 00:23:28.405 [INFO ] org.springframework.data.repository.config.RepositoryConfigurationDelegate - Finished Spring Data repository scanning in 51ms. Found 0 Redis repository interfaces.
2020-12-11 00:23:28.566 [INFO ] com.dippy.service.impl.UserDetailServiceImpl - 执行自定义登录逻辑---dippy--用户名
2020-12-11 00:23:28.567 [INFO ] com.dippy.service.impl.UserDetailServiceImpl - 用户名为：dippy
2020-12-11 00:25:59.535 [INFO ] org.springframework.data.repository.config.RepositoryConfigurationDelegate - Bootstrapping Spring Data Redis repositories in DEFAULT mode.
2020-12-11 00:25:59.596 [INFO ] org.springframework.data.repository.config.RepositoryConfigurationDelegate - Finished Spring Data repository scanning in 59ms. Found 0 Redis repository interfaces.
2020-12-11 00:25:59.742 [INFO ] com.dippy.service.impl.UserDetailServiceImpl - 执行自定义登录逻辑---dippy--用户名
2020-12-11 00:25:59.743 [INFO ] com.dippy.service.impl.UserDetailServiceImpl - 用户名为：dippy
2020-12-11 00:25:59.969 [INFO ] com.dippy.common.SecurityHandlerConfig - 执行了登录成功处理器------
2020-12-11 00:32:28.750 [INFO ] org.springframework.scheduling.concurrent.ThreadPoolTaskExecutor - Shutting down ExecutorService 'applicationTaskExecutor'
2020-12-11 00:32:37.638 [INFO ] org.hibernate.validator.internal.util.Version - HV000001: Hibernate Validator 6.1.5.Final
2020-12-11 00:32:37.735 [INFO ] com.dippy.SpringbootSecondcarApplication - Starting SpringbootSecondcarApplication on Dippy with PID 5948 (E:\workspace\IDEA\springboot\springboot-secondcar\target\classes started by Mindless in E:\workspace\IDEA\springboot\springboot-secondcar)
2020-12-11 00:32:37.737 [INFO ] com.dippy.SpringbootSecondcarApplication - No active profile set, falling back to default profiles: default
2020-12-11 00:32:37.873 [INFO ] org.springframework.boot.devtools.env.DevToolsPropertyDefaultsPostProcessor - Devtools property defaults active! Set 'spring.devtools.add-properties' to 'false' to disable
2020-12-11 00:32:37.873 [INFO ] org.springframework.boot.devtools.env.DevToolsPropertyDefaultsPostProcessor - For additional web related logging consider setting the 'logging.level.web' property to 'DEBUG'
2020-12-11 00:32:39.755 [INFO ] org.springframework.data.repository.config.RepositoryConfigurationDelegate - Multiple Spring Data modules found, entering strict repository configuration mode!
2020-12-11 00:32:39.760 [INFO ] org.springframework.data.repository.config.RepositoryConfigurationDelegate - Bootstrapping Spring Data Redis repositories in DEFAULT mode.
2020-12-11 00:32:39.919 [INFO ] org.springframework.data.repository.config.RepositoryConfigurationDelegate - Finished Spring Data repository scanning in 132ms. Found 0 Redis repository interfaces.
2020-12-11 00:32:41.340 [INFO ] org.springframework.boot.web.embedded.tomcat.TomcatWebServer - Tomcat initialized with port(s): 8090 (http)
2020-12-11 00:32:41.360 [INFO ] org.apache.coyote.http11.Http11NioProtocol - Initializing ProtocolHandler ["http-nio-8090"]
2020-12-11 00:32:41.362 [INFO ] org.apache.catalina.core.StandardService - Starting service [Tomcat]
2020-12-11 00:32:41.362 [INFO ] org.apache.catalina.core.StandardEngine - Starting Servlet engine: [Apache Tomcat/9.0.38]
2020-12-11 00:32:41.721 [INFO ] org.apache.catalina.core.ContainerBase.[Tomcat].[localhost].[/] - Initializing Spring embedded WebApplicationContext
2020-12-11 00:32:41.721 [INFO ] org.springframework.boot.web.servlet.context.ServletWebServerApplicationContext - Root WebApplicationContext: initialization completed in 3846 ms
2020-12-11 00:32:42.522 [INFO ] org.springframework.beans.factory.annotation.AutowiredAnnotationBeanPostProcessor - Autowired annotation is not supported on static fields: private static java.lang.String com.dippy.controller.KaptchaController.KAPTCHA_SESSION_KEY
2020-12-11 00:32:45.724 [INFO ] springfox.documentation.spring.web.PropertySourcedRequestMappingHandlerMapping - Mapped URL path [/v2/api-docs] onto method [springfox.documentation.swagger2.web.Swagger2Controller#getDocumentation(String, HttpServletRequest)]
2020-12-11 00:32:45.956 [INFO ] org.springframework.scheduling.concurrent.ThreadPoolTaskExecutor - Initializing ExecutorService 'applicationTaskExecutor'
2020-12-11 00:32:46.053 [INFO ] org.springframework.boot.devtools.autoconfigure.OptionalLiveReloadServer - LiveReload server is running on port 35729
2020-12-11 00:32:47.207 [INFO ] org.springframework.security.web.DefaultSecurityFilterChain - Creating filter chain: Ant [pattern='/captcha.jpg'], []
2020-12-11 00:32:47.286 [INFO ] org.springframework.security.web.DefaultSecurityFilterChain - Creating filter chain: any request, [org.springframework.security.web.context.request.async.WebAsyncManagerIntegrationFilter@834b0f7, org.springframework.security.web.context.SecurityContextPersistenceFilter@7c0ecdbf, org.springframework.security.web.header.HeaderWriterFilter@d79a69b, org.springframework.web.filter.CorsFilter@612ac38b, org.springframework.security.web.authentication.logout.LogoutFilter@1737834, com.dippy.filter.TokenFilter@8ce3f27, org.springframework.security.web.authentication.UsernamePasswordAuthenticationFilter@58ec3e8b, org.springframework.security.web.savedrequest.RequestCacheAwareFilter@2226fd2b, org.springframework.security.web.servletapi.SecurityContextHolderAwareRequestFilter@b1e63b5, org.springframework.security.web.authentication.AnonymousAuthenticationFilter@4c69b396, org.springframework.security.web.session.SessionManagementFilter@62682ece, org.springframework.security.web.access.ExceptionTranslationFilter@ee7a538, org.springframework.security.web.access.intercept.FilterSecurityInterceptor@435a4d2d]
2020-12-11 00:32:47.483 [INFO ] org.apache.coyote.http11.Http11NioProtocol - Starting ProtocolHandler ["http-nio-8090"]
2020-12-11 00:32:47.568 [INFO ] org.springframework.boot.web.embedded.tomcat.TomcatWebServer - Tomcat started on port(s): 8090 (http) with context path ''
2020-12-11 00:32:47.579 [INFO ] springfox.documentation.spring.web.plugins.DocumentationPluginsBootstrapper - Context refreshed
2020-12-11 00:32:47.617 [INFO ] springfox.documentation.spring.web.plugins.DocumentationPluginsBootstrapper - Found 1 custom documentation plugin(s)
2020-12-11 00:32:47.741 [INFO ] springfox.documentation.spring.web.scanners.ApiListingReferenceScanner - Scanning for api listing references
2020-12-11 00:32:47.991 [INFO ] com.dippy.SpringbootSecondcarApplication - Started SpringbootSecondcarApplication in 11.685 seconds (JVM running for 17.508)
2020-12-11 00:34:40.919 [INFO ] org.apache.catalina.core.ContainerBase.[Tomcat].[localhost].[/] - Initializing Spring DispatcherServlet 'dispatcherServlet'
2020-12-11 00:34:41.100 [INFO ] com.dippy.service.impl.UserDetailServiceImpl - 执行自定义登录逻辑---dippy--用户名
2020-12-11 00:34:41.101 [INFO ] com.dippy.service.impl.UserDetailServiceImpl - 用户名为：dippy
2020-12-11 00:34:41.297 [INFO ] com.dippy.common.SecurityHandlerConfig - 执行了SecurityHandlerConfig登录成功处理器------
2020-12-11 00:36:48.425 [INFO ] org.springframework.data.repository.config.RepositoryConfigurationDelegate - Bootstrapping Spring Data Redis repositories in DEFAULT mode.
2020-12-11 00:36:48.499 [INFO ] org.springframework.data.repository.config.RepositoryConfigurationDelegate - Finished Spring Data repository scanning in 72ms. Found 0 Redis repository interfaces.
2020-12-11 00:36:48.731 [INFO ] springfox.documentation.spring.web.PropertySourcedRequestMappingHandlerMapping - Mapped URL path [/v2/api-docs] onto method [springfox.documentation.swagger2.web.Swagger2Controller#getDocumentation(String, HttpServletRequest)]
2020-12-11 01:04:13.942 [INFO ] org.springframework.data.repository.config.RepositoryConfigurationDelegate - Bootstrapping Spring Data Redis repositories in DEFAULT mode.
2020-12-11 01:04:13.997 [INFO ] org.springframework.data.repository.config.RepositoryConfigurationDelegate - Finished Spring Data repository scanning in 54ms. Found 0 Redis repository interfaces.
2020-12-11 01:04:14.046 [INFO ] springfox.documentation.spring.web.PropertySourcedRequestMappingHandlerMapping - Mapped URL path [/v2/api-docs] onto method [springfox.documentation.swagger2.web.Swagger2Controller#getDocumentation(String, HttpServletRequest)]
2020-12-11 01:17:19.488 [INFO ] org.springframework.data.repository.config.RepositoryConfigurationDelegate - Bootstrapping Spring Data Redis repositories in DEFAULT mode.
2020-12-11 01:17:19.539 [INFO ] org.springframework.data.repository.config.RepositoryConfigurationDelegate - Finished Spring Data repository scanning in 51ms. Found 0 Redis repository interfaces.
2020-12-11 01:17:19.592 [INFO ] springfox.documentation.spring.web.PropertySourcedRequestMappingHandlerMapping - Mapped URL path [/v2/api-docs] onto method [springfox.documentation.swagger2.web.Swagger2Controller#getDocumentation(String, HttpServletRequest)]
2020-12-11 01:32:36.228 [INFO ] com.dippy.service.impl.UserDetailServiceImpl - 执行自定义登录逻辑---dippy--用户名
2020-12-11 01:32:36.229 [INFO ] com.dippy.service.impl.UserDetailServiceImpl - 用户名为：dippy
2020-12-11 01:32:36.436 [INFO ] com.dippy.common.SecurityHandlerConfig - 执行了SecurityHandlerConfig登录成功处理器------
2020-12-11 01:37:50.140 [INFO ] org.springframework.scheduling.concurrent.ThreadPoolTaskExecutor - Shutting down ExecutorService 'applicationTaskExecutor'
