2021-05-02 00:03:48.513 [http-nio-8090-exec-6] WARN  org.mybatis.spring.mapper.ClassPathMapperScanner - No MyBatis mapper was found in '[com.dippy.mapper]' package. Please check your configuration.
2021-05-02 00:03:48.552 [http-nio-8090-exec-6] WARN  org.mybatis.spring.mapper.ClassPathMapperScanner - No MyBatis mapper was found in '[com.dippy.mapper]' package. Please check your configuration.
2021-05-02 00:28:46.104 [AMQP Connection 192.168.88.136:5672] WARN  com.rabbitmq.client.impl.ForgivingExceptionHandler - An unexpected connection driver error occured (Exception message: Connection reset)
2021-05-02 00:29:00.595 [lettuce-nioEventLoop-4-1] WARN  io.lettuce.core.protocol.ConnectionWatchdog - Cannot reconnect to [yuechi.com:6379]: connection timed out: yuechi.com/192.168.88.136:6379
2021-05-02 11:19:41.829 [lettuce-nioEventLoop-4-3] WARN  io.lettuce.core.protocol.ConnectionWatchdog - Cannot reconnect to [yuechi.com:6379]: Reconnection attempt exceeded timeout of 60 SECONDS 
2021-05-02 11:19:43.883 [HikariPool-1 housekeeper] WARN  com.zaxxer.hikari.pool.HikariPool - HikariPool-1 - Thread starvation or clock leap detected (housekeeper delta=10h50m44s161ms32µs101ns).
2021-05-02 15:05:04.361 [main] WARN  org.mybatis.spring.mapper.ClassPathMapperScanner - Skipping MapperFactoryBean with name 'carInfoMapper' and 'com.dippy.mapper.CarInfoMapper' mapperInterface. Bean already defined with the same name!
2021-05-02 15:05:04.362 [main] WARN  org.mybatis.spring.mapper.ClassPathMapperScanner - Skipping MapperFactoryBean with name 'carPictureMapper' and 'com.dippy.mapper.CarPictureMapper' mapperInterface. Bean already defined with the same name!
2021-05-02 15:05:04.363 [main] WARN  org.mybatis.spring.mapper.ClassPathMapperScanner - Skipping MapperFactoryBean with name 'logLoginMapper' and 'com.dippy.mapper.LogLoginMapper' mapperInterface. Bean already defined with the same name!
2021-05-02 15:05:04.363 [main] WARN  org.mybatis.spring.mapper.ClassPathMapperScanner - Skipping MapperFactoryBean with name 'persistentLoginsMapper' and 'com.dippy.mapper.PersistentLoginsMapper' mapperInterface. Bean already defined with the same name!
2021-05-02 15:05:04.365 [main] WARN  org.mybatis.spring.mapper.ClassPathMapperScanner - Skipping MapperFactoryBean with name 'regionMapper' and 'com.dippy.mapper.RegionMapper' mapperInterface. Bean already defined with the same name!
2021-05-02 15:05:04.366 [main] WARN  org.mybatis.spring.mapper.ClassPathMapperScanner - Skipping MapperFactoryBean with name 'sellerCarMapper' and 'com.dippy.mapper.SellerCarMapper' mapperInterface. Bean already defined with the same name!
2021-05-02 15:05:04.366 [main] WARN  org.mybatis.spring.mapper.ClassPathMapperScanner - Skipping MapperFactoryBean with name 'shAreaMapper' and 'com.dippy.mapper.ShAreaMapper' mapperInterface. Bean already defined with the same name!
2021-05-02 15:05:04.367 [main] WARN  org.mybatis.spring.mapper.ClassPathMapperScanner - Skipping MapperFactoryBean with name 'sysPermissionMapper' and 'com.dippy.mapper.SysPermissionMapper' mapperInterface. Bean already defined with the same name!
2021-05-02 15:05:04.368 [main] WARN  org.mybatis.spring.mapper.ClassPathMapperScanner - Skipping MapperFactoryBean with name 'sysRoleMapper' and 'com.dippy.mapper.SysRoleMapper' mapperInterface. Bean already defined with the same name!
2021-05-02 15:05:04.370 [main] WARN  org.mybatis.spring.mapper.ClassPathMapperScanner - Skipping MapperFactoryBean with name 'sysRolePermissionMapper' and 'com.dippy.mapper.SysRolePermissionMapper' mapperInterface. Bean already defined with the same name!
2021-05-02 15:05:04.371 [main] WARN  org.mybatis.spring.mapper.ClassPathMapperScanner - Skipping MapperFactoryBean with name 'sysRoleUserMapper' and 'com.dippy.mapper.SysRoleUserMapper' mapperInterface. Bean already defined with the same name!
2021-05-02 15:05:04.372 [main] WARN  org.mybatis.spring.mapper.ClassPathMapperScanner - Skipping MapperFactoryBean with name 'sysUserAddressMapper' and 'com.dippy.mapper.SysUserAddressMapper' mapperInterface. Bean already defined with the same name!
2021-05-02 15:05:04.386 [main] WARN  org.mybatis.spring.mapper.ClassPathMapperScanner - Skipping MapperFactoryBean with name 'sysUserMapper' and 'com.dippy.mapper.SysUserMapper' mapperInterface. Bean already defined with the same name!
2021-05-02 15:05:04.386 [main] WARN  org.mybatis.spring.mapper.ClassPathMapperScanner - Skipping MapperFactoryBean with name 'userAddressMapper' and 'com.dippy.mapper.UserAddressMapper' mapperInterface. Bean already defined with the same name!
2021-05-02 15:05:04.386 [main] WARN  org.mybatis.spring.mapper.ClassPathMapperScanner - Skipping MapperFactoryBean with name 'userInfoMapper' and 'com.dippy.mapper.UserInfoMapper' mapperInterface. Bean already defined with the same name!
2021-05-02 15:05:04.387 [main] WARN  org.mybatis.spring.mapper.ClassPathMapperScanner - No MyBatis mapper was found in '[com.dippy.mapper]' package. Please check your configuration.
2021-05-02 15:05:11.108 [main] WARN  c.b.mybatisplus.core.metadata.TableInfoHelper - Can not find table primary key in Class: "com.dippy.entity.PersistentLogins".
2021-05-02 15:05:11.431 [main] WARN  c.b.mybatisplus.core.metadata.TableInfoHelper - Can not find table primary key in Class: "com.dippy.entity.SysRoleUser".
2021-05-02 15:05:14.747 [main] WARN  org.springframework.data.convert.CustomConversions - Registering converter from class org.springframework.data.geo.Point to interface java.util.Map as writing converter although it doesn't convert to a store-supported type! You might want to check your annotation setup at the converter implementation.
2021-05-02 15:05:14.749 [main] WARN  org.springframework.data.convert.CustomConversions - Registering converter from interface java.util.Map to class org.springframework.data.geo.Point as reading converter although it doesn't convert from a store-supported type! You might want to check your annotation setup at the converter implementation.
2021-05-02 15:05:14.750 [main] WARN  org.springframework.data.convert.CustomConversions - Registering converter from class org.springframework.data.elasticsearch.core.geo.GeoPoint to interface java.util.Map as writing converter although it doesn't convert to a store-supported type! You might want to check your annotation setup at the converter implementation.
2021-05-02 15:05:14.750 [main] WARN  org.springframework.data.convert.CustomConversions - Registering converter from interface java.util.Map to class org.springframework.data.elasticsearch.core.geo.GeoPoint as reading converter although it doesn't convert from a store-supported type! You might want to check your annotation setup at the converter implementation.
2021-05-02 15:05:14.998 [main] WARN  o.s.data.elasticsearch.support.VersionInfo - Version mismatch in between Elasticsearch Clients build/use: 7.6.2 - 7.10.1
2021-05-02 15:25:56.642 [AMQP Connection 192.168.88.136:5672] WARN  com.rabbitmq.client.impl.ForgivingExceptionHandler - An unexpected connection driver error occured (Exception message: Connection reset)
