2021-04-11 14:00:29.492 [DEBUG] com.dippy.mapper.CarInfoMapper.getAllCarBrand - ==>  Preparing: SELECT distinct(car_brand) FROM car_info
2021-04-11 14:00:29.566 [DEBUG] com.dippy.mapper.CarInfoMapper.getAllCarBrand - ==> Parameters: 
2021-04-11 14:00:29.596 [DEBUG] com.dippy.mapper.CarInfoMapper.getAllCarBrand - <==      Total: 9
2021-04-11 14:00:29.658 [DEBUG] com.dippy.mapper.CarInfoMapper.getAllCarBrand - ==>  Preparing: SELECT distinct(car_brand) FROM car_info
2021-04-11 14:00:29.660 [DEBUG] com.dippy.mapper.CarInfoMapper.getAllCarBrand - ==> Parameters: 
2021-04-11 14:00:29.688 [DEBUG] com.dippy.mapper.CarInfoMapper.getAllCarBrand - <==      Total: 9
2021-04-11 14:00:30.393 [DEBUG] com.dippy.mapper.CarInfoMapper.getAllCarBrand - ==>  Preparing: SELECT distinct(car_brand) FROM car_info
2021-04-11 14:00:30.394 [DEBUG] com.dippy.mapper.CarInfoMapper.getAllCarBrand - ==> Parameters: 
2021-04-11 14:00:30.397 [DEBUG] com.dippy.mapper.CarInfoMapper.getAllCarBrand - <==      Total: 9
2021-04-11 14:00:30.504 [DEBUG] com.dippy.mapper.CarInfoMapper.getAllCarBrand - ==>  Preparing: SELECT distinct(car_brand) FROM car_info
2021-04-11 14:00:30.504 [DEBUG] com.dippy.mapper.CarInfoMapper.getAllCarBrand - ==> Parameters: 
2021-04-11 14:00:30.507 [DEBUG] com.dippy.mapper.CarInfoMapper.getAllCarBrand - <==      Total: 9
2021-04-11 14:48:32.791 [DEBUG] com.dippy.mapper.CarInfoMapper.getAllCarBrand - ==>  Preparing: SELECT distinct(car_brand) FROM car_info
2021-04-11 14:48:32.794 [DEBUG] com.dippy.mapper.CarInfoMapper.getAllCarBrand - ==> Parameters: 
2021-04-11 14:48:32.803 [DEBUG] com.dippy.mapper.CarInfoMapper.getAllCarBrand - <==      Total: 9
2021-04-11 14:48:32.948 [DEBUG] com.dippy.mapper.CarInfoMapper.getAllCarBrand - ==>  Preparing: SELECT distinct(car_brand) FROM car_info
2021-04-11 14:48:32.949 [DEBUG] com.dippy.mapper.CarInfoMapper.getAllCarBrand - ==> Parameters: 
2021-04-11 14:48:32.951 [DEBUG] com.dippy.mapper.CarInfoMapper.getAllCarBrand - <==      Total: 9
2021-04-11 15:08:39.012 [DEBUG] com.dippy.mapper.CarInfoMapper.getAllCarBrand - ==>  Preparing: SELECT distinct(car_brand) FROM car_info
2021-04-11 15:08:39.012 [DEBUG] com.dippy.mapper.CarInfoMapper.getAllCarBrand - ==> Parameters: 
2021-04-11 15:08:39.015 [DEBUG] com.dippy.mapper.CarInfoMapper.getAllCarBrand - <==      Total: 9
2021-04-11 15:08:39.067 [DEBUG] com.dippy.mapper.CarInfoMapper.getAllCarBrand - ==>  Preparing: SELECT distinct(car_brand) FROM car_info
2021-04-11 15:08:39.068 [DEBUG] com.dippy.mapper.CarInfoMapper.getAllCarBrand - ==> Parameters: 
2021-04-11 15:08:39.070 [DEBUG] com.dippy.mapper.CarInfoMapper.getAllCarBrand - <==      Total: 9
2021-04-11 15:25:20.812 [DEBUG] com.dippy.mapper.CarInfoMapper.getAllCarBrand - ==>  Preparing: SELECT distinct(car_brand) FROM car_info
2021-04-11 15:25:20.814 [DEBUG] com.dippy.mapper.CarInfoMapper.getAllCarBrand - ==> Parameters: 
2021-04-11 15:25:20.816 [DEBUG] com.dippy.mapper.CarInfoMapper.getAllCarBrand - <==      Total: 9
2021-04-11 15:25:20.844 [DEBUG] com.dippy.mapper.CarInfoMapper.getAllCarBrand - ==>  Preparing: SELECT distinct(car_brand) FROM car_info
2021-04-11 15:25:20.844 [DEBUG] com.dippy.mapper.CarInfoMapper.getAllCarBrand - ==> Parameters: 
2021-04-11 15:25:20.847 [DEBUG] com.dippy.mapper.CarInfoMapper.getAllCarBrand - <==      Total: 9
2021-04-11 15:36:37.588 [DEBUG] com.dippy.mapper.CarInfoMapper.getAllCarBrand - ==>  Preparing: SELECT distinct(car_brand) FROM car_info
2021-04-11 15:36:37.589 [DEBUG] com.dippy.mapper.CarInfoMapper.getAllCarBrand - ==> Parameters: 
2021-04-11 15:36:37.592 [DEBUG] com.dippy.mapper.CarInfoMapper.getAllCarBrand - <==      Total: 9
2021-04-11 15:36:37.679 [DEBUG] com.dippy.mapper.CarInfoMapper.getAllCarBrand - ==>  Preparing: SELECT distinct(car_brand) FROM car_info
2021-04-11 15:36:37.680 [DEBUG] com.dippy.mapper.CarInfoMapper.getAllCarBrand - ==> Parameters: 
2021-04-11 15:36:37.683 [DEBUG] com.dippy.mapper.CarInfoMapper.getAllCarBrand - <==      Total: 9
2021-04-11 19:10:55.376 [DEBUG] com.dippy.mapper.CarInfoMapper.selectList - ==>  Preparing: SELECT car_id,car_brand,car_series,car_type,car_price,car_count,car_user_time,transfer_count,car_car_mileage,car_color,car_picture_id,car_gear_box,car_displacement,produce_time,car_configuration,car_seat,car_fuel_type,car_quality_time,car_region_id,car_front_tyre,rear_tyre,car_describe,create_time,update_time,car_status,car_title,user_id FROM car_info
2021-04-11 19:10:55.479 [DEBUG] com.dippy.mapper.CarInfoMapper.selectList - ==> Parameters: 
2021-04-11 19:10:55.573 [DEBUG] com.dippy.mapper.CarInfoMapper.selectList - <==      Total: 13
2021-04-11 19:10:55.646 [DEBUG] com.dippy.mapper.CarPictureMapper.selectList - ==>  Preparing: SELECT car_picture_id,car_url,car_picture_location,car_id FROM car_picture WHERE (car_id = ?)
2021-04-11 19:10:55.647 [DEBUG] com.dippy.mapper.CarPictureMapper.selectList - ==> Parameters: 1(Integer)
2021-04-11 19:10:55.652 [DEBUG] com.dippy.mapper.CarPictureMapper.selectList - <==      Total: 1
2021-04-11 19:10:55.657 [DEBUG] com.dippy.mapper.CarPictureMapper.selectList - ==>  Preparing: SELECT car_picture_id,car_url,car_picture_location,car_id FROM car_picture WHERE (car_id = ?)
2021-04-11 19:10:55.658 [DEBUG] com.dippy.mapper.CarPictureMapper.selectList - ==> Parameters: 2(Integer)
2021-04-11 19:10:55.660 [DEBUG] com.dippy.mapper.CarPictureMapper.selectList - <==      Total: 1
2021-04-11 19:10:55.663 [DEBUG] com.dippy.mapper.CarPictureMapper.selectList - ==>  Preparing: SELECT car_picture_id,car_url,car_picture_location,car_id FROM car_picture WHERE (car_id = ?)
2021-04-11 19:10:55.664 [DEBUG] com.dippy.mapper.CarPictureMapper.selectList - ==> Parameters: 3(Integer)
2021-04-11 19:10:55.667 [DEBUG] com.dippy.mapper.CarPictureMapper.selectList - <==      Total: 1
2021-04-11 19:10:55.673 [DEBUG] com.dippy.mapper.CarPictureMapper.selectList - ==>  Preparing: SELECT car_picture_id,car_url,car_picture_location,car_id FROM car_picture WHERE (car_id = ?)
2021-04-11 19:10:55.673 [DEBUG] com.dippy.mapper.CarPictureMapper.selectList - ==> Parameters: 8(Integer)
2021-04-11 19:10:55.676 [DEBUG] com.dippy.mapper.CarPictureMapper.selectList - <==      Total: 0
2021-04-11 19:10:55.679 [DEBUG] com.dippy.mapper.CarPictureMapper.selectList - ==>  Preparing: SELECT car_picture_id,car_url,car_picture_location,car_id FROM car_picture WHERE (car_id = ?)
2021-04-11 19:10:55.680 [DEBUG] com.dippy.mapper.CarPictureMapper.selectList - ==> Parameters: 9(Integer)
2021-04-11 19:10:55.681 [DEBUG] com.dippy.mapper.CarPictureMapper.selectList - <==      Total: 0
2021-04-11 19:10:55.690 [DEBUG] com.dippy.mapper.CarPictureMapper.selectList - ==>  Preparing: SELECT car_picture_id,car_url,car_picture_location,car_id FROM car_picture WHERE (car_id = ?)
2021-04-11 19:10:55.691 [DEBUG] com.dippy.mapper.CarPictureMapper.selectList - ==> Parameters: 10(Integer)
2021-04-11 19:10:55.692 [DEBUG] com.dippy.mapper.CarPictureMapper.selectList - <==      Total: 0
2021-04-11 19:10:55.695 [DEBUG] com.dippy.mapper.CarPictureMapper.selectList - ==>  Preparing: SELECT car_picture_id,car_url,car_picture_location,car_id FROM car_picture WHERE (car_id = ?)
2021-04-11 19:10:55.696 [DEBUG] com.dippy.mapper.CarPictureMapper.selectList - ==> Parameters: 11(Integer)
2021-04-11 19:10:55.697 [DEBUG] com.dippy.mapper.CarPictureMapper.selectList - <==      Total: 0
2021-04-11 19:10:55.702 [DEBUG] com.dippy.mapper.CarPictureMapper.selectList - ==>  Preparing: SELECT car_picture_id,car_url,car_picture_location,car_id FROM car_picture WHERE (car_id = ?)
2021-04-11 19:10:55.703 [DEBUG] com.dippy.mapper.CarPictureMapper.selectList - ==> Parameters: 12(Integer)
2021-04-11 19:10:55.704 [DEBUG] com.dippy.mapper.CarPictureMapper.selectList - <==      Total: 0
2021-04-11 19:10:55.707 [DEBUG] com.dippy.mapper.CarPictureMapper.selectList - ==>  Preparing: SELECT car_picture_id,car_url,car_picture_location,car_id FROM car_picture WHERE (car_id = ?)
2021-04-11 19:10:55.708 [DEBUG] com.dippy.mapper.CarPictureMapper.selectList - ==> Parameters: 13(Integer)
2021-04-11 19:10:55.710 [DEBUG] com.dippy.mapper.CarPictureMapper.selectList - <==      Total: 0
2021-04-11 19:10:55.714 [DEBUG] com.dippy.mapper.CarPictureMapper.selectList - ==>  Preparing: SELECT car_picture_id,car_url,car_picture_location,car_id FROM car_picture WHERE (car_id = ?)
2021-04-11 19:10:55.715 [DEBUG] com.dippy.mapper.CarPictureMapper.selectList - ==> Parameters: 14(Integer)
2021-04-11 19:10:55.717 [DEBUG] com.dippy.mapper.CarPictureMapper.selectList - <==      Total: 0
2021-04-11 19:10:55.721 [DEBUG] com.dippy.mapper.CarPictureMapper.selectList - ==>  Preparing: SELECT car_picture_id,car_url,car_picture_location,car_id FROM car_picture WHERE (car_id = ?)
2021-04-11 19:10:55.721 [DEBUG] com.dippy.mapper.CarPictureMapper.selectList - ==> Parameters: 15(Integer)
2021-04-11 19:10:55.723 [DEBUG] com.dippy.mapper.CarPictureMapper.selectList - <==      Total: 0
2021-04-11 19:10:55.746 [DEBUG] com.dippy.mapper.CarPictureMapper.selectList - ==>  Preparing: SELECT car_picture_id,car_url,car_picture_location,car_id FROM car_picture WHERE (car_id = ?)
2021-04-11 19:10:55.747 [DEBUG] com.dippy.mapper.CarPictureMapper.selectList - ==> Parameters: 16(Integer)
2021-04-11 19:10:55.750 [DEBUG] com.dippy.mapper.CarPictureMapper.selectList - <==      Total: 0
2021-04-11 19:10:55.753 [DEBUG] com.dippy.mapper.CarPictureMapper.selectList - ==>  Preparing: SELECT car_picture_id,car_url,car_picture_location,car_id FROM car_picture WHERE (car_id = ?)
2021-04-11 19:10:55.755 [DEBUG] com.dippy.mapper.CarPictureMapper.selectList - ==> Parameters: 17(Integer)
2021-04-11 19:10:55.756 [DEBUG] com.dippy.mapper.CarPictureMapper.selectList - <==      Total: 0
2021-04-11 19:23:30.600 [DEBUG] com.dippy.mapper.CarInfoMapper.selectList - ==>  Preparing: SELECT car_id,car_brand,car_series,car_type,car_price,car_count,car_user_time,transfer_count,car_car_mileage,car_color,car_picture_id,car_gear_box,car_displacement,produce_time,car_configuration,car_seat,car_fuel_type,car_quality_time,car_region_id,car_front_tyre,rear_tyre,car_describe,create_time,update_time,car_status,car_title,user_id FROM car_info
2021-04-11 19:23:30.601 [DEBUG] com.dippy.mapper.CarInfoMapper.selectList - ==> Parameters: 
2021-04-11 19:23:30.612 [DEBUG] com.dippy.mapper.CarInfoMapper.selectList - <==      Total: 13
2021-04-11 19:23:30.620 [DEBUG] com.dippy.mapper.CarPictureMapper.selectList - ==>  Preparing: SELECT car_picture_id,car_url,car_picture_location,car_id FROM car_picture WHERE (car_id = ?)
2021-04-11 19:23:30.622 [DEBUG] com.dippy.mapper.CarPictureMapper.selectList - ==> Parameters: 1(Integer)
2021-04-11 19:23:30.627 [DEBUG] com.dippy.mapper.CarPictureMapper.selectList - <==      Total: 2
2021-04-11 19:23:30.634 [DEBUG] com.dippy.mapper.CarPictureMapper.selectList - ==>  Preparing: SELECT car_picture_id,car_url,car_picture_location,car_id FROM car_picture WHERE (car_id = ?)
2021-04-11 19:23:30.635 [DEBUG] com.dippy.mapper.CarPictureMapper.selectList - ==> Parameters: 2(Integer)
2021-04-11 19:23:30.636 [DEBUG] com.dippy.mapper.CarPictureMapper.selectList - <==      Total: 1
2021-04-11 19:23:30.648 [DEBUG] com.dippy.mapper.CarPictureMapper.selectList - ==>  Preparing: SELECT car_picture_id,car_url,car_picture_location,car_id FROM car_picture WHERE (car_id = ?)
2021-04-11 19:23:30.649 [DEBUG] com.dippy.mapper.CarPictureMapper.selectList - ==> Parameters: 3(Integer)
2021-04-11 19:23:30.651 [DEBUG] com.dippy.mapper.CarPictureMapper.selectList - <==      Total: 1
2021-04-11 19:23:30.654 [DEBUG] com.dippy.mapper.CarPictureMapper.selectList - ==>  Preparing: SELECT car_picture_id,car_url,car_picture_location,car_id FROM car_picture WHERE (car_id = ?)
2021-04-11 19:23:30.655 [DEBUG] com.dippy.mapper.CarPictureMapper.selectList - ==> Parameters: 8(Integer)
2021-04-11 19:23:30.656 [DEBUG] com.dippy.mapper.CarPictureMapper.selectList - <==      Total: 0
2021-04-11 19:23:30.659 [DEBUG] com.dippy.mapper.CarPictureMapper.selectList - ==>  Preparing: SELECT car_picture_id,car_url,car_picture_location,car_id FROM car_picture WHERE (car_id = ?)
2021-04-11 19:23:30.661 [DEBUG] com.dippy.mapper.CarPictureMapper.selectList - ==> Parameters: 9(Integer)
2021-04-11 19:23:30.663 [DEBUG] com.dippy.mapper.CarPictureMapper.selectList - <==      Total: 0
2021-04-11 19:23:30.667 [DEBUG] com.dippy.mapper.CarPictureMapper.selectList - ==>  Preparing: SELECT car_picture_id,car_url,car_picture_location,car_id FROM car_picture WHERE (car_id = ?)
2021-04-11 19:23:30.668 [DEBUG] com.dippy.mapper.CarPictureMapper.selectList - ==> Parameters: 10(Integer)
2021-04-11 19:23:30.669 [DEBUG] com.dippy.mapper.CarPictureMapper.selectList - <==      Total: 0
2021-04-11 19:23:30.672 [DEBUG] com.dippy.mapper.CarPictureMapper.selectList - ==>  Preparing: SELECT car_picture_id,car_url,car_picture_location,car_id FROM car_picture WHERE (car_id = ?)
2021-04-11 19:23:30.673 [DEBUG] com.dippy.mapper.CarPictureMapper.selectList - ==> Parameters: 11(Integer)
2021-04-11 19:23:30.674 [DEBUG] com.dippy.mapper.CarPictureMapper.selectList - <==      Total: 0
2021-04-11 19:23:30.679 [DEBUG] com.dippy.mapper.CarPictureMapper.selectList - ==>  Preparing: SELECT car_picture_id,car_url,car_picture_location,car_id FROM car_picture WHERE (car_id = ?)
2021-04-11 19:23:30.680 [DEBUG] com.dippy.mapper.CarPictureMapper.selectList - ==> Parameters: 12(Integer)
2021-04-11 19:23:30.681 [DEBUG] com.dippy.mapper.CarPictureMapper.selectList - <==      Total: 0
2021-04-11 19:23:30.684 [DEBUG] com.dippy.mapper.CarPictureMapper.selectList - ==>  Preparing: SELECT car_picture_id,car_url,car_picture_location,car_id FROM car_picture WHERE (car_id = ?)
2021-04-11 19:23:30.685 [DEBUG] com.dippy.mapper.CarPictureMapper.selectList - ==> Parameters: 13(Integer)
2021-04-11 19:23:30.686 [DEBUG] com.dippy.mapper.CarPictureMapper.selectList - <==      Total: 0
2021-04-11 19:23:30.689 [DEBUG] com.dippy.mapper.CarPictureMapper.selectList - ==>  Preparing: SELECT car_picture_id,car_url,car_picture_location,car_id FROM car_picture WHERE (car_id = ?)
2021-04-11 19:23:30.690 [DEBUG] com.dippy.mapper.CarPictureMapper.selectList - ==> Parameters: 14(Integer)
2021-04-11 19:23:30.691 [DEBUG] com.dippy.mapper.CarPictureMapper.selectList - <==      Total: 0
2021-04-11 19:23:30.695 [DEBUG] com.dippy.mapper.CarPictureMapper.selectList - ==>  Preparing: SELECT car_picture_id,car_url,car_picture_location,car_id FROM car_picture WHERE (car_id = ?)
2021-04-11 19:23:30.696 [DEBUG] com.dippy.mapper.CarPictureMapper.selectList - ==> Parameters: 15(Integer)
2021-04-11 19:23:30.697 [DEBUG] com.dippy.mapper.CarPictureMapper.selectList - <==      Total: 0
2021-04-11 19:23:30.700 [DEBUG] com.dippy.mapper.CarPictureMapper.selectList - ==>  Preparing: SELECT car_picture_id,car_url,car_picture_location,car_id FROM car_picture WHERE (car_id = ?)
2021-04-11 19:23:30.701 [DEBUG] com.dippy.mapper.CarPictureMapper.selectList - ==> Parameters: 16(Integer)
2021-04-11 19:23:30.703 [DEBUG] com.dippy.mapper.CarPictureMapper.selectList - <==      Total: 0
2021-04-11 19:23:30.705 [DEBUG] com.dippy.mapper.CarPictureMapper.selectList - ==>  Preparing: SELECT car_picture_id,car_url,car_picture_location,car_id FROM car_picture WHERE (car_id = ?)
2021-04-11 19:23:30.706 [DEBUG] com.dippy.mapper.CarPictureMapper.selectList - ==> Parameters: 17(Integer)
2021-04-11 19:23:30.707 [DEBUG] com.dippy.mapper.CarPictureMapper.selectList - <==      Total: 0
2021-04-11 19:23:58.598 [DEBUG] com.dippy.mapper.CarInfoMapper.selectList - ==>  Preparing: SELECT car_id,car_brand,car_series,car_type,car_price,car_count,car_user_time,transfer_count,car_car_mileage,car_color,car_picture_id,car_gear_box,car_displacement,produce_time,car_configuration,car_seat,car_fuel_type,car_quality_time,car_region_id,car_front_tyre,rear_tyre,car_describe,create_time,update_time,car_status,car_title,user_id FROM car_info
2021-04-11 19:23:58.599 [DEBUG] com.dippy.mapper.CarInfoMapper.selectList - ==> Parameters: 
2021-04-11 19:23:58.608 [DEBUG] com.dippy.mapper.CarInfoMapper.selectList - <==      Total: 13
2021-04-11 19:23:58.612 [DEBUG] com.dippy.mapper.CarPictureMapper.selectList - ==>  Preparing: SELECT car_picture_id,car_url,car_picture_location,car_id FROM car_picture WHERE (car_id = ?)
2021-04-11 19:23:58.613 [DEBUG] com.dippy.mapper.CarPictureMapper.selectList - ==> Parameters: 1(Integer)
2021-04-11 19:23:58.615 [DEBUG] com.dippy.mapper.CarPictureMapper.selectList - <==      Total: 2
2021-04-11 19:23:58.620 [DEBUG] com.dippy.mapper.CarPictureMapper.selectList - ==>  Preparing: SELECT car_picture_id,car_url,car_picture_location,car_id FROM car_picture WHERE (car_id = ?)
2021-04-11 19:23:58.620 [DEBUG] com.dippy.mapper.CarPictureMapper.selectList - ==> Parameters: 2(Integer)
2021-04-11 19:23:58.622 [DEBUG] com.dippy.mapper.CarPictureMapper.selectList - <==      Total: 1
2021-04-11 19:23:58.625 [DEBUG] com.dippy.mapper.CarPictureMapper.selectList - ==>  Preparing: SELECT car_picture_id,car_url,car_picture_location,car_id FROM car_picture WHERE (car_id = ?)
2021-04-11 19:23:58.626 [DEBUG] com.dippy.mapper.CarPictureMapper.selectList - ==> Parameters: 3(Integer)
2021-04-11 19:23:58.627 [DEBUG] com.dippy.mapper.CarPictureMapper.selectList - <==      Total: 1
2021-04-11 19:23:58.630 [DEBUG] com.dippy.mapper.CarPictureMapper.selectList - ==>  Preparing: SELECT car_picture_id,car_url,car_picture_location,car_id FROM car_picture WHERE (car_id = ?)
2021-04-11 19:23:58.631 [DEBUG] com.dippy.mapper.CarPictureMapper.selectList - ==> Parameters: 8(Integer)
2021-04-11 19:23:58.632 [DEBUG] com.dippy.mapper.CarPictureMapper.selectList - <==      Total: 0
2021-04-11 19:23:58.636 [DEBUG] com.dippy.mapper.CarPictureMapper.selectList - ==>  Preparing: SELECT car_picture_id,car_url,car_picture_location,car_id FROM car_picture WHERE (car_id = ?)
2021-04-11 19:23:58.636 [DEBUG] com.dippy.mapper.CarPictureMapper.selectList - ==> Parameters: 9(Integer)
2021-04-11 19:23:58.638 [DEBUG] com.dippy.mapper.CarPictureMapper.selectList - <==      Total: 0
2021-04-11 19:23:58.641 [DEBUG] com.dippy.mapper.CarPictureMapper.selectList - ==>  Preparing: SELECT car_picture_id,car_url,car_picture_location,car_id FROM car_picture WHERE (car_id = ?)
2021-04-11 19:23:58.641 [DEBUG] com.dippy.mapper.CarPictureMapper.selectList - ==> Parameters: 10(Integer)
2021-04-11 19:23:58.643 [DEBUG] com.dippy.mapper.CarPictureMapper.selectList - <==      Total: 0
2021-04-11 19:23:58.645 [DEBUG] com.dippy.mapper.CarPictureMapper.selectList - ==>  Preparing: SELECT car_picture_id,car_url,car_picture_location,car_id FROM car_picture WHERE (car_id = ?)
2021-04-11 19:23:58.646 [DEBUG] com.dippy.mapper.CarPictureMapper.selectList - ==> Parameters: 11(Integer)
2021-04-11 19:23:58.647 [DEBUG] com.dippy.mapper.CarPictureMapper.selectList - <==      Total: 0
2021-04-11 19:23:58.651 [DEBUG] com.dippy.mapper.CarPictureMapper.selectList - ==>  Preparing: SELECT car_picture_id,car_url,car_picture_location,car_id FROM car_picture WHERE (car_id = ?)
2021-04-11 19:23:58.652 [DEBUG] com.dippy.mapper.CarPictureMapper.selectList - ==> Parameters: 12(Integer)
2021-04-11 19:23:58.654 [DEBUG] com.dippy.mapper.CarPictureMapper.selectList - <==      Total: 0
2021-04-11 19:23:58.656 [DEBUG] com.dippy.mapper.CarPictureMapper.selectList - ==>  Preparing: SELECT car_picture_id,car_url,car_picture_location,car_id FROM car_picture WHERE (car_id = ?)
2021-04-11 19:23:58.657 [DEBUG] com.dippy.mapper.CarPictureMapper.selectList - ==> Parameters: 13(Integer)
2021-04-11 19:23:58.658 [DEBUG] com.dippy.mapper.CarPictureMapper.selectList - <==      Total: 0
2021-04-11 19:23:58.661 [DEBUG] com.dippy.mapper.CarPictureMapper.selectList - ==>  Preparing: SELECT car_picture_id,car_url,car_picture_location,car_id FROM car_picture WHERE (car_id = ?)
2021-04-11 19:23:58.661 [DEBUG] com.dippy.mapper.CarPictureMapper.selectList - ==> Parameters: 14(Integer)
2021-04-11 19:23:58.662 [DEBUG] com.dippy.mapper.CarPictureMapper.selectList - <==      Total: 0
2021-04-11 19:23:58.664 [DEBUG] com.dippy.mapper.CarPictureMapper.selectList - ==>  Preparing: SELECT car_picture_id,car_url,car_picture_location,car_id FROM car_picture WHERE (car_id = ?)
2021-04-11 19:23:58.665 [DEBUG] com.dippy.mapper.CarPictureMapper.selectList - ==> Parameters: 15(Integer)
2021-04-11 19:23:58.666 [DEBUG] com.dippy.mapper.CarPictureMapper.selectList - <==      Total: 0
2021-04-11 19:23:58.670 [DEBUG] com.dippy.mapper.CarPictureMapper.selectList - ==>  Preparing: SELECT car_picture_id,car_url,car_picture_location,car_id FROM car_picture WHERE (car_id = ?)
2021-04-11 19:23:58.670 [DEBUG] com.dippy.mapper.CarPictureMapper.selectList - ==> Parameters: 16(Integer)
2021-04-11 19:23:58.672 [DEBUG] com.dippy.mapper.CarPictureMapper.selectList - <==      Total: 0
2021-04-11 19:23:58.674 [DEBUG] com.dippy.mapper.CarPictureMapper.selectList - ==>  Preparing: SELECT car_picture_id,car_url,car_picture_location,car_id FROM car_picture WHERE (car_id = ?)
2021-04-11 19:23:58.675 [DEBUG] com.dippy.mapper.CarPictureMapper.selectList - ==> Parameters: 17(Integer)
2021-04-11 19:23:58.676 [DEBUG] com.dippy.mapper.CarPictureMapper.selectList - <==      Total: 0
2021-04-11 19:24:40.828 [DEBUG] com.dippy.mapper.CarInfoMapper.selectList - ==>  Preparing: SELECT car_id,car_brand,car_series,car_type,car_price,car_count,car_user_time,transfer_count,car_car_mileage,car_color,car_picture_id,car_gear_box,car_displacement,produce_time,car_configuration,car_seat,car_fuel_type,car_quality_time,car_region_id,car_front_tyre,rear_tyre,car_describe,create_time,update_time,car_status,car_title,user_id FROM car_info
2021-04-11 19:24:40.829 [DEBUG] com.dippy.mapper.CarInfoMapper.selectList - ==> Parameters: 
2021-04-11 19:24:40.835 [DEBUG] com.dippy.mapper.CarInfoMapper.selectList - <==      Total: 13
2021-04-11 19:24:40.839 [DEBUG] com.dippy.mapper.CarPictureMapper.selectList - ==>  Preparing: SELECT car_picture_id,car_url,car_picture_location,car_id FROM car_picture WHERE (car_id = ?)
2021-04-11 19:24:40.839 [DEBUG] com.dippy.mapper.CarPictureMapper.selectList - ==> Parameters: 1(Integer)
2021-04-11 19:24:40.841 [DEBUG] com.dippy.mapper.CarPictureMapper.selectList - <==      Total: 2
2021-04-11 19:24:40.844 [DEBUG] com.dippy.mapper.CarPictureMapper.selectList - ==>  Preparing: SELECT car_picture_id,car_url,car_picture_location,car_id FROM car_picture WHERE (car_id = ?)
2021-04-11 19:24:40.844 [DEBUG] com.dippy.mapper.CarPictureMapper.selectList - ==> Parameters: 2(Integer)
2021-04-11 19:24:40.846 [DEBUG] com.dippy.mapper.CarPictureMapper.selectList - <==      Total: 1
2021-04-11 19:24:40.848 [DEBUG] com.dippy.mapper.CarPictureMapper.selectList - ==>  Preparing: SELECT car_picture_id,car_url,car_picture_location,car_id FROM car_picture WHERE (car_id = ?)
2021-04-11 19:24:40.849 [DEBUG] com.dippy.mapper.CarPictureMapper.selectList - ==> Parameters: 3(Integer)
2021-04-11 19:24:40.851 [DEBUG] com.dippy.mapper.CarPictureMapper.selectList - <==      Total: 1
2021-04-11 19:24:40.854 [DEBUG] com.dippy.mapper.CarPictureMapper.selectList - ==>  Preparing: SELECT car_picture_id,car_url,car_picture_location,car_id FROM car_picture WHERE (car_id = ?)
2021-04-11 19:24:40.855 [DEBUG] com.dippy.mapper.CarPictureMapper.selectList - ==> Parameters: 8(Integer)
2021-04-11 19:24:40.857 [DEBUG] com.dippy.mapper.CarPictureMapper.selectList - <==      Total: 1
2021-04-11 19:24:40.860 [DEBUG] com.dippy.mapper.CarPictureMapper.selectList - ==>  Preparing: SELECT car_picture_id,car_url,car_picture_location,car_id FROM car_picture WHERE (car_id = ?)
2021-04-11 19:24:40.861 [DEBUG] com.dippy.mapper.CarPictureMapper.selectList - ==> Parameters: 9(Integer)
2021-04-11 19:24:40.862 [DEBUG] com.dippy.mapper.CarPictureMapper.selectList - <==      Total: 1
2021-04-11 19:24:40.865 [DEBUG] com.dippy.mapper.CarPictureMapper.selectList - ==>  Preparing: SELECT car_picture_id,car_url,car_picture_location,car_id FROM car_picture WHERE (car_id = ?)
2021-04-11 19:24:40.865 [DEBUG] com.dippy.mapper.CarPictureMapper.selectList - ==> Parameters: 10(Integer)
2021-04-11 19:24:40.867 [DEBUG] com.dippy.mapper.CarPictureMapper.selectList - <==      Total: 0
2021-04-11 19:24:40.869 [DEBUG] com.dippy.mapper.CarPictureMapper.selectList - ==>  Preparing: SELECT car_picture_id,car_url,car_picture_location,car_id FROM car_picture WHERE (car_id = ?)
2021-04-11 19:24:40.870 [DEBUG] com.dippy.mapper.CarPictureMapper.selectList - ==> Parameters: 11(Integer)
2021-04-11 19:24:40.873 [DEBUG] com.dippy.mapper.CarPictureMapper.selectList - <==      Total: 0
2021-04-11 19:24:40.875 [DEBUG] com.dippy.mapper.CarPictureMapper.selectList - ==>  Preparing: SELECT car_picture_id,car_url,car_picture_location,car_id FROM car_picture WHERE (car_id = ?)
2021-04-11 19:24:40.876 [DEBUG] com.dippy.mapper.CarPictureMapper.selectList - ==> Parameters: 12(Integer)
2021-04-11 19:24:40.878 [DEBUG] com.dippy.mapper.CarPictureMapper.selectList - <==      Total: 0
2021-04-11 19:24:40.880 [DEBUG] com.dippy.mapper.CarPictureMapper.selectList - ==>  Preparing: SELECT car_picture_id,car_url,car_picture_location,car_id FROM car_picture WHERE (car_id = ?)
2021-04-11 19:24:40.881 [DEBUG] com.dippy.mapper.CarPictureMapper.selectList - ==> Parameters: 13(Integer)
2021-04-11 19:24:40.881 [DEBUG] com.dippy.mapper.CarPictureMapper.selectList - <==      Total: 1
2021-04-11 19:24:40.885 [DEBUG] com.dippy.mapper.CarPictureMapper.selectList - ==>  Preparing: SELECT car_picture_id,car_url,car_picture_location,car_id FROM car_picture WHERE (car_id = ?)
2021-04-11 19:24:40.885 [DEBUG] com.dippy.mapper.CarPictureMapper.selectList - ==> Parameters: 14(Integer)
2021-04-11 19:24:40.887 [DEBUG] com.dippy.mapper.CarPictureMapper.selectList - <==      Total: 0
2021-04-11 19:24:40.889 [DEBUG] com.dippy.mapper.CarPictureMapper.selectList - ==>  Preparing: SELECT car_picture_id,car_url,car_picture_location,car_id FROM car_picture WHERE (car_id = ?)
2021-04-11 19:24:40.890 [DEBUG] com.dippy.mapper.CarPictureMapper.selectList - ==> Parameters: 15(Integer)
2021-04-11 19:24:40.892 [DEBUG] com.dippy.mapper.CarPictureMapper.selectList - <==      Total: 0
2021-04-11 19:24:40.895 [DEBUG] com.dippy.mapper.CarPictureMapper.selectList - ==>  Preparing: SELECT car_picture_id,car_url,car_picture_location,car_id FROM car_picture WHERE (car_id = ?)
2021-04-11 19:24:40.895 [DEBUG] com.dippy.mapper.CarPictureMapper.selectList - ==> Parameters: 16(Integer)
2021-04-11 19:24:40.897 [DEBUG] com.dippy.mapper.CarPictureMapper.selectList - <==      Total: 0
2021-04-11 19:24:40.899 [DEBUG] com.dippy.mapper.CarPictureMapper.selectList - ==>  Preparing: SELECT car_picture_id,car_url,car_picture_location,car_id FROM car_picture WHERE (car_id = ?)
2021-04-11 19:24:40.900 [DEBUG] com.dippy.mapper.CarPictureMapper.selectList - ==> Parameters: 17(Integer)
2021-04-11 19:24:40.901 [DEBUG] com.dippy.mapper.CarPictureMapper.selectList - <==      Total: 0
2021-04-11 19:57:31.790 [DEBUG] com.dippy.mapper.CarInfoMapper.selectList - ==>  Preparing: SELECT car_id,car_brand,car_series,car_type,car_price,car_count,car_user_time,transfer_count,car_car_mileage,car_color,car_picture_id,car_gear_box,car_displacement,produce_time,car_configuration,car_seat,car_fuel_type,car_quality_time,car_region_id,car_front_tyre,rear_tyre,car_describe,create_time,update_time,car_status,car_title,user_id,car_picture FROM car_info
2021-04-11 19:57:31.838 [DEBUG] com.dippy.mapper.CarInfoMapper.selectList - ==> Parameters: 
2021-04-11 19:57:31.900 [DEBUG] com.dippy.mapper.CarInfoMapper.selectList - <==      Total: 13
2021-04-11 19:57:32.009 [DEBUG] com.dippy.mapper.CarPictureMapper.selectList - ==>  Preparing: SELECT car_picture_id,car_url,car_picture_location,car_id FROM car_picture WHERE (car_id = ?)
2021-04-11 19:57:32.010 [DEBUG] com.dippy.mapper.CarPictureMapper.selectList - ==> Parameters: 1(Integer)
2021-04-11 19:57:32.013 [DEBUG] com.dippy.mapper.CarPictureMapper.selectList - <==      Total: 2
2021-04-11 19:57:32.016 [DEBUG] com.dippy.mapper.CarPictureMapper.selectList - ==>  Preparing: SELECT car_picture_id,car_url,car_picture_location,car_id FROM car_picture WHERE (car_id = ?)
2021-04-11 19:57:32.017 [DEBUG] com.dippy.mapper.CarPictureMapper.selectList - ==> Parameters: 2(Integer)
2021-04-11 19:57:32.021 [DEBUG] com.dippy.mapper.CarPictureMapper.selectList - <==      Total: 1
2021-04-11 19:57:32.025 [DEBUG] com.dippy.mapper.CarPictureMapper.selectList - ==>  Preparing: SELECT car_picture_id,car_url,car_picture_location,car_id FROM car_picture WHERE (car_id = ?)
2021-04-11 19:57:32.026 [DEBUG] com.dippy.mapper.CarPictureMapper.selectList - ==> Parameters: 3(Integer)
2021-04-11 19:57:32.028 [DEBUG] com.dippy.mapper.CarPictureMapper.selectList - <==      Total: 1
2021-04-11 19:57:32.031 [DEBUG] com.dippy.mapper.CarPictureMapper.selectList - ==>  Preparing: SELECT car_picture_id,car_url,car_picture_location,car_id FROM car_picture WHERE (car_id = ?)
2021-04-11 19:57:32.032 [DEBUG] com.dippy.mapper.CarPictureMapper.selectList - ==> Parameters: 8(Integer)
2021-04-11 19:57:32.034 [DEBUG] com.dippy.mapper.CarPictureMapper.selectList - <==      Total: 1
2021-04-11 19:57:32.039 [DEBUG] com.dippy.mapper.CarPictureMapper.selectList - ==>  Preparing: SELECT car_picture_id,car_url,car_picture_location,car_id FROM car_picture WHERE (car_id = ?)
2021-04-11 19:57:32.040 [DEBUG] com.dippy.mapper.CarPictureMapper.selectList - ==> Parameters: 9(Integer)
2021-04-11 19:57:32.042 [DEBUG] com.dippy.mapper.CarPictureMapper.selectList - <==      Total: 1
2021-04-11 19:57:32.045 [DEBUG] com.dippy.mapper.CarPictureMapper.selectList - ==>  Preparing: SELECT car_picture_id,car_url,car_picture_location,car_id FROM car_picture WHERE (car_id = ?)
2021-04-11 19:57:32.046 [DEBUG] com.dippy.mapper.CarPictureMapper.selectList - ==> Parameters: 10(Integer)
2021-04-11 19:57:32.047 [DEBUG] com.dippy.mapper.CarPictureMapper.selectList - <==      Total: 0
2021-04-11 19:57:32.050 [DEBUG] com.dippy.mapper.CarPictureMapper.selectList - ==>  Preparing: SELECT car_picture_id,car_url,car_picture_location,car_id FROM car_picture WHERE (car_id = ?)
2021-04-11 19:57:32.051 [DEBUG] com.dippy.mapper.CarPictureMapper.selectList - ==> Parameters: 11(Integer)
2021-04-11 19:57:32.054 [DEBUG] com.dippy.mapper.CarPictureMapper.selectList - <==      Total: 0
2021-04-11 19:57:32.057 [DEBUG] com.dippy.mapper.CarPictureMapper.selectList - ==>  Preparing: SELECT car_picture_id,car_url,car_picture_location,car_id FROM car_picture WHERE (car_id = ?)
2021-04-11 19:57:32.060 [DEBUG] com.dippy.mapper.CarPictureMapper.selectList - ==> Parameters: 12(Integer)
2021-04-11 19:57:32.061 [DEBUG] com.dippy.mapper.CarPictureMapper.selectList - <==      Total: 0
2021-04-11 19:57:32.064 [DEBUG] com.dippy.mapper.CarPictureMapper.selectList - ==>  Preparing: SELECT car_picture_id,car_url,car_picture_location,car_id FROM car_picture WHERE (car_id = ?)
2021-04-11 19:57:32.065 [DEBUG] com.dippy.mapper.CarPictureMapper.selectList - ==> Parameters: 13(Integer)
2021-04-11 19:57:32.067 [DEBUG] com.dippy.mapper.CarPictureMapper.selectList - <==      Total: 1
2021-04-11 19:57:32.072 [DEBUG] com.dippy.mapper.CarPictureMapper.selectList - ==>  Preparing: SELECT car_picture_id,car_url,car_picture_location,car_id FROM car_picture WHERE (car_id = ?)
2021-04-11 19:57:32.072 [DEBUG] com.dippy.mapper.CarPictureMapper.selectList - ==> Parameters: 14(Integer)
2021-04-11 19:57:32.074 [DEBUG] com.dippy.mapper.CarPictureMapper.selectList - <==      Total: 0
2021-04-11 19:57:32.078 [DEBUG] com.dippy.mapper.CarPictureMapper.selectList - ==>  Preparing: SELECT car_picture_id,car_url,car_picture_location,car_id FROM car_picture WHERE (car_id = ?)
2021-04-11 19:57:32.079 [DEBUG] com.dippy.mapper.CarPictureMapper.selectList - ==> Parameters: 15(Integer)
2021-04-11 19:57:32.080 [DEBUG] com.dippy.mapper.CarPictureMapper.selectList - <==      Total: 0
2021-04-11 19:57:32.083 [DEBUG] com.dippy.mapper.CarPictureMapper.selectList - ==>  Preparing: SELECT car_picture_id,car_url,car_picture_location,car_id FROM car_picture WHERE (car_id = ?)
2021-04-11 19:57:32.084 [DEBUG] com.dippy.mapper.CarPictureMapper.selectList - ==> Parameters: 16(Integer)
2021-04-11 19:57:32.085 [DEBUG] com.dippy.mapper.CarPictureMapper.selectList - <==      Total: 0
2021-04-11 19:57:32.090 [DEBUG] com.dippy.mapper.CarPictureMapper.selectList - ==>  Preparing: SELECT car_picture_id,car_url,car_picture_location,car_id FROM car_picture WHERE (car_id = ?)
2021-04-11 19:57:32.090 [DEBUG] com.dippy.mapper.CarPictureMapper.selectList - ==> Parameters: 17(Integer)
2021-04-11 19:57:32.092 [DEBUG] com.dippy.mapper.CarPictureMapper.selectList - <==      Total: 0
2021-04-11 19:58:06.224 [DEBUG] com.dippy.mapper.CarInfoMapper.selectList - ==>  Preparing: SELECT car_id,car_brand,car_series,car_type,car_price,car_count,car_user_time,transfer_count,car_car_mileage,car_color,car_picture_id,car_gear_box,car_displacement,produce_time,car_configuration,car_seat,car_fuel_type,car_quality_time,car_region_id,car_front_tyre,rear_tyre,car_describe,create_time,update_time,car_status,car_title,user_id,car_picture FROM car_info
2021-04-11 19:58:06.226 [DEBUG] com.dippy.mapper.CarInfoMapper.selectList - ==> Parameters: 
2021-04-11 19:58:06.236 [DEBUG] com.dippy.mapper.CarInfoMapper.selectList - <==      Total: 13
2021-04-11 19:58:06.249 [DEBUG] com.dippy.mapper.CarPictureMapper.selectList - ==>  Preparing: SELECT car_picture_id,car_url,car_picture_location,car_id FROM car_picture WHERE (car_id = ?)
2021-04-11 19:58:06.250 [DEBUG] com.dippy.mapper.CarPictureMapper.selectList - ==> Parameters: 1(Integer)
2021-04-11 19:58:06.253 [DEBUG] com.dippy.mapper.CarPictureMapper.selectList - <==      Total: 2
2021-04-11 19:58:06.260 [DEBUG] com.dippy.mapper.CarPictureMapper.selectList - ==>  Preparing: SELECT car_picture_id,car_url,car_picture_location,car_id FROM car_picture WHERE (car_id = ?)
2021-04-11 19:58:06.261 [DEBUG] com.dippy.mapper.CarPictureMapper.selectList - ==> Parameters: 2(Integer)
2021-04-11 19:58:06.263 [DEBUG] com.dippy.mapper.CarPictureMapper.selectList - <==      Total: 1
2021-04-11 19:58:06.280 [DEBUG] com.dippy.mapper.CarPictureMapper.selectList - ==>  Preparing: SELECT car_picture_id,car_url,car_picture_location,car_id FROM car_picture WHERE (car_id = ?)
2021-04-11 19:58:06.281 [DEBUG] com.dippy.mapper.CarPictureMapper.selectList - ==> Parameters: 3(Integer)
2021-04-11 19:58:06.283 [DEBUG] com.dippy.mapper.CarPictureMapper.selectList - <==      Total: 1
2021-04-11 19:58:06.286 [DEBUG] com.dippy.mapper.CarPictureMapper.selectList - ==>  Preparing: SELECT car_picture_id,car_url,car_picture_location,car_id FROM car_picture WHERE (car_id = ?)
2021-04-11 19:58:06.287 [DEBUG] com.dippy.mapper.CarPictureMapper.selectList - ==> Parameters: 8(Integer)
2021-04-11 19:58:06.288 [DEBUG] com.dippy.mapper.CarPictureMapper.selectList - <==      Total: 1
2021-04-11 19:58:06.292 [DEBUG] com.dippy.mapper.CarPictureMapper.selectList - ==>  Preparing: SELECT car_picture_id,car_url,car_picture_location,car_id FROM car_picture WHERE (car_id = ?)
2021-04-11 19:58:06.293 [DEBUG] com.dippy.mapper.CarPictureMapper.selectList - ==> Parameters: 9(Integer)
2021-04-11 19:58:06.295 [DEBUG] com.dippy.mapper.CarPictureMapper.selectList - <==      Total: 1
2021-04-11 19:58:06.299 [DEBUG] com.dippy.mapper.CarPictureMapper.selectList - ==>  Preparing: SELECT car_picture_id,car_url,car_picture_location,car_id FROM car_picture WHERE (car_id = ?)
2021-04-11 19:58:06.300 [DEBUG] com.dippy.mapper.CarPictureMapper.selectList - ==> Parameters: 10(Integer)
2021-04-11 19:58:06.301 [DEBUG] com.dippy.mapper.CarPictureMapper.selectList - <==      Total: 0
2021-04-11 19:58:06.304 [DEBUG] com.dippy.mapper.CarPictureMapper.selectList - ==>  Preparing: SELECT car_picture_id,car_url,car_picture_location,car_id FROM car_picture WHERE (car_id = ?)
2021-04-11 19:58:06.305 [DEBUG] com.dippy.mapper.CarPictureMapper.selectList - ==> Parameters: 11(Integer)
2021-04-11 19:58:06.306 [DEBUG] com.dippy.mapper.CarPictureMapper.selectList - <==      Total: 0
2021-04-11 19:58:06.312 [DEBUG] com.dippy.mapper.CarPictureMapper.selectList - ==>  Preparing: SELECT car_picture_id,car_url,car_picture_location,car_id FROM car_picture WHERE (car_id = ?)
2021-04-11 19:58:06.312 [DEBUG] com.dippy.mapper.CarPictureMapper.selectList - ==> Parameters: 12(Integer)
2021-04-11 19:58:06.314 [DEBUG] com.dippy.mapper.CarPictureMapper.selectList - <==      Total: 0
2021-04-11 19:58:06.317 [DEBUG] com.dippy.mapper.CarPictureMapper.selectList - ==>  Preparing: SELECT car_picture_id,car_url,car_picture_location,car_id FROM car_picture WHERE (car_id = ?)
2021-04-11 19:58:06.317 [DEBUG] com.dippy.mapper.CarPictureMapper.selectList - ==> Parameters: 13(Integer)
2021-04-11 19:58:06.319 [DEBUG] com.dippy.mapper.CarPictureMapper.selectList - <==      Total: 1
2021-04-11 19:58:06.321 [DEBUG] com.dippy.mapper.CarPictureMapper.selectList - ==>  Preparing: SELECT car_picture_id,car_url,car_picture_location,car_id FROM car_picture WHERE (car_id = ?)
2021-04-11 19:58:06.322 [DEBUG] com.dippy.mapper.CarPictureMapper.selectList - ==> Parameters: 14(Integer)
2021-04-11 19:58:06.323 [DEBUG] com.dippy.mapper.CarPictureMapper.selectList - <==      Total: 0
2021-04-11 19:58:06.328 [DEBUG] com.dippy.mapper.CarPictureMapper.selectList - ==>  Preparing: SELECT car_picture_id,car_url,car_picture_location,car_id FROM car_picture WHERE (car_id = ?)
2021-04-11 19:58:06.329 [DEBUG] com.dippy.mapper.CarPictureMapper.selectList - ==> Parameters: 15(Integer)
2021-04-11 19:58:06.331 [DEBUG] com.dippy.mapper.CarPictureMapper.selectList - <==      Total: 0
2021-04-11 19:58:06.334 [DEBUG] com.dippy.mapper.CarPictureMapper.selectList - ==>  Preparing: SELECT car_picture_id,car_url,car_picture_location,car_id FROM car_picture WHERE (car_id = ?)
2021-04-11 19:58:06.335 [DEBUG] com.dippy.mapper.CarPictureMapper.selectList - ==> Parameters: 16(Integer)
2021-04-11 19:58:06.336 [DEBUG] com.dippy.mapper.CarPictureMapper.selectList - <==      Total: 0
2021-04-11 19:58:06.339 [DEBUG] com.dippy.mapper.CarPictureMapper.selectList - ==>  Preparing: SELECT car_picture_id,car_url,car_picture_location,car_id FROM car_picture WHERE (car_id = ?)
2021-04-11 19:58:06.340 [DEBUG] com.dippy.mapper.CarPictureMapper.selectList - ==> Parameters: 17(Integer)
2021-04-11 19:58:06.342 [DEBUG] com.dippy.mapper.CarPictureMapper.selectList - <==      Total: 0
2021-04-11 20:04:18.126 [DEBUG] com.dippy.mapper.CarInfoMapper.selectList - ==>  Preparing: SELECT car_id,car_brand,car_series,car_type,car_price,car_count,car_user_time,transfer_count,car_car_mileage,car_color,car_picture_id,car_gear_box,car_displacement,produce_time,car_configuration,car_seat,car_fuel_type,car_quality_time,car_region_id,car_front_tyre,rear_tyre,car_describe,create_time,update_time,car_status,car_title,user_id,car_picture FROM car_info
2021-04-11 20:04:18.127 [DEBUG] com.dippy.mapper.CarInfoMapper.selectList - ==> Parameters: 
2021-04-11 20:04:18.138 [DEBUG] com.dippy.mapper.CarInfoMapper.selectList - <==      Total: 13
2021-04-11 20:04:18.142 [DEBUG] com.dippy.mapper.CarPictureMapper.selectList - ==>  Preparing: SELECT car_picture_id,car_url,car_picture_location,car_id FROM car_picture WHERE (car_id = ?)
2021-04-11 20:04:18.142 [DEBUG] com.dippy.mapper.CarPictureMapper.selectList - ==> Parameters: 1(Integer)
2021-04-11 20:04:18.144 [DEBUG] com.dippy.mapper.CarPictureMapper.selectList - <==      Total: 2
2021-04-11 20:04:18.146 [DEBUG] com.dippy.mapper.CarPictureMapper.selectList - ==>  Preparing: SELECT car_picture_id,car_url,car_picture_location,car_id FROM car_picture WHERE (car_id = ?)
2021-04-11 20:04:18.147 [DEBUG] com.dippy.mapper.CarPictureMapper.selectList - ==> Parameters: 2(Integer)
2021-04-11 20:04:18.149 [DEBUG] com.dippy.mapper.CarPictureMapper.selectList - <==      Total: 1
2021-04-11 20:04:18.152 [DEBUG] com.dippy.mapper.CarPictureMapper.selectList - ==>  Preparing: SELECT car_picture_id,car_url,car_picture_location,car_id FROM car_picture WHERE (car_id = ?)
2021-04-11 20:04:18.153 [DEBUG] com.dippy.mapper.CarPictureMapper.selectList - ==> Parameters: 3(Integer)
2021-04-11 20:04:18.155 [DEBUG] com.dippy.mapper.CarPictureMapper.selectList - <==      Total: 1
2021-04-11 20:04:18.158 [DEBUG] com.dippy.mapper.CarPictureMapper.selectList - ==>  Preparing: SELECT car_picture_id,car_url,car_picture_location,car_id FROM car_picture WHERE (car_id = ?)
2021-04-11 20:04:18.158 [DEBUG] com.dippy.mapper.CarPictureMapper.selectList - ==> Parameters: 8(Integer)
2021-04-11 20:04:18.160 [DEBUG] com.dippy.mapper.CarPictureMapper.selectList - <==      Total: 1
2021-04-11 20:04:18.162 [DEBUG] com.dippy.mapper.CarPictureMapper.selectList - ==>  Preparing: SELECT car_picture_id,car_url,car_picture_location,car_id FROM car_picture WHERE (car_id = ?)
2021-04-11 20:04:18.163 [DEBUG] com.dippy.mapper.CarPictureMapper.selectList - ==> Parameters: 9(Integer)
2021-04-11 20:04:18.166 [DEBUG] com.dippy.mapper.CarPictureMapper.selectList - <==      Total: 1
2021-04-11 20:04:18.169 [DEBUG] com.dippy.mapper.CarPictureMapper.selectList - ==>  Preparing: SELECT car_picture_id,car_url,car_picture_location,car_id FROM car_picture WHERE (car_id = ?)
2021-04-11 20:04:18.170 [DEBUG] com.dippy.mapper.CarPictureMapper.selectList - ==> Parameters: 10(Integer)
2021-04-11 20:04:18.171 [DEBUG] com.dippy.mapper.CarPictureMapper.selectList - <==      Total: 0
2021-04-11 20:04:18.174 [DEBUG] com.dippy.mapper.CarPictureMapper.selectList - ==>  Preparing: SELECT car_picture_id,car_url,car_picture_location,car_id FROM car_picture WHERE (car_id = ?)
2021-04-11 20:04:18.174 [DEBUG] com.dippy.mapper.CarPictureMapper.selectList - ==> Parameters: 11(Integer)
2021-04-11 20:04:18.175 [DEBUG] com.dippy.mapper.CarPictureMapper.selectList - <==      Total: 0
2021-04-11 20:04:18.178 [DEBUG] com.dippy.mapper.CarPictureMapper.selectList - ==>  Preparing: SELECT car_picture_id,car_url,car_picture_location,car_id FROM car_picture WHERE (car_id = ?)
2021-04-11 20:04:18.179 [DEBUG] com.dippy.mapper.CarPictureMapper.selectList - ==> Parameters: 12(Integer)
2021-04-11 20:04:18.180 [DEBUG] com.dippy.mapper.CarPictureMapper.selectList - <==      Total: 0
2021-04-11 20:04:18.183 [DEBUG] com.dippy.mapper.CarPictureMapper.selectList - ==>  Preparing: SELECT car_picture_id,car_url,car_picture_location,car_id FROM car_picture WHERE (car_id = ?)
2021-04-11 20:04:18.184 [DEBUG] com.dippy.mapper.CarPictureMapper.selectList - ==> Parameters: 13(Integer)
2021-04-11 20:04:18.186 [DEBUG] com.dippy.mapper.CarPictureMapper.selectList - <==      Total: 1
2021-04-11 20:04:18.189 [DEBUG] com.dippy.mapper.CarPictureMapper.selectList - ==>  Preparing: SELECT car_picture_id,car_url,car_picture_location,car_id FROM car_picture WHERE (car_id = ?)
2021-04-11 20:04:18.190 [DEBUG] com.dippy.mapper.CarPictureMapper.selectList - ==> Parameters: 14(Integer)
2021-04-11 20:04:18.191 [DEBUG] com.dippy.mapper.CarPictureMapper.selectList - <==      Total: 0
2021-04-11 20:04:18.193 [DEBUG] com.dippy.mapper.CarPictureMapper.selectList - ==>  Preparing: SELECT car_picture_id,car_url,car_picture_location,car_id FROM car_picture WHERE (car_id = ?)
2021-04-11 20:04:18.194 [DEBUG] com.dippy.mapper.CarPictureMapper.selectList - ==> Parameters: 15(Integer)
2021-04-11 20:04:18.195 [DEBUG] com.dippy.mapper.CarPictureMapper.selectList - <==      Total: 0
2021-04-11 20:04:18.197 [DEBUG] com.dippy.mapper.CarPictureMapper.selectList - ==>  Preparing: SELECT car_picture_id,car_url,car_picture_location,car_id FROM car_picture WHERE (car_id = ?)
2021-04-11 20:04:18.198 [DEBUG] com.dippy.mapper.CarPictureMapper.selectList - ==> Parameters: 16(Integer)
2021-04-11 20:04:18.200 [DEBUG] com.dippy.mapper.CarPictureMapper.selectList - <==      Total: 0
2021-04-11 20:04:18.203 [DEBUG] com.dippy.mapper.CarPictureMapper.selectList - ==>  Preparing: SELECT car_picture_id,car_url,car_picture_location,car_id FROM car_picture WHERE (car_id = ?)
2021-04-11 20:04:18.203 [DEBUG] com.dippy.mapper.CarPictureMapper.selectList - ==> Parameters: 17(Integer)
2021-04-11 20:04:18.205 [DEBUG] com.dippy.mapper.CarPictureMapper.selectList - <==      Total: 0
