2021-05-05 22:28:48.300 [DEBUG] com.dippy.mapper.CarInfoMapper.selectById - ==>  Preparing: SELECT car_id,car_brand,car_series,car_type,car_price,car_count,car_user_time,transfer_count,car_car_mileage,car_color,car_picture_id,car_gear_box,car_displacement,produce_time,car_configuration,car_seat,car_fuel_type,car_quality_time,car_region_id,car_front_tyre,rear_tyre,car_describe,create_time,update_time,car_status,car_title,user_id,car_picture FROM car_info WHERE car_id=?
2021-05-05 22:28:48.356 [DEBUG] com.dippy.mapper.CarInfoMapper.selectById - ==> Parameters: 1(Integer)
2021-05-05 22:28:48.427 [DEBUG] com.dippy.mapper.CarInfoMapper.selectById - <==      Total: 1
2021-05-05 22:28:48.513 [DEBUG] com.dippy.mapper.CarPictureMapper.selectList - ==>  Preparing: SELECT car_picture_location,car_url FROM car_picture WHERE (car_id = ?)
2021-05-05 22:28:48.515 [DEBUG] com.dippy.mapper.CarPictureMapper.selectList - ==> Parameters: 1(Integer)
2021-05-05 22:28:48.524 [DEBUG] com.dippy.mapper.CarPictureMapper.selectList - <==      Total: 20
2021-05-05 22:28:48.536 [DEBUG] com.dippy.mapper.SysUserMapper.selectOne - ==>  Preparing: SELECT name,phone,sex FROM sys_user WHERE (user_id = ?)
2021-05-05 22:28:48.537 [DEBUG] com.dippy.mapper.SysUserMapper.selectOne - ==> Parameters: 1(Integer)
2021-05-05 22:28:48.540 [DEBUG] com.dippy.mapper.SysUserMapper.selectOne - <==      Total: 1
2021-05-05 22:30:41.055 [DEBUG] com.dippy.mapper.CarInfoMapper.selectById - ==>  Preparing: SELECT car_id,car_brand,car_series,car_type,car_price,car_count,car_user_time,transfer_count,car_car_mileage,car_color,car_picture_id,car_gear_box,car_displacement,produce_time,car_configuration,car_seat,car_fuel_type,car_quality_time,car_region_id,car_front_tyre,rear_tyre,car_describe,create_time,update_time,car_status,car_title,user_id,car_picture FROM car_info WHERE car_id=?
2021-05-05 22:30:41.056 [DEBUG] com.dippy.mapper.CarInfoMapper.selectById - ==> Parameters: 1(Integer)
2021-05-05 22:30:41.060 [DEBUG] com.dippy.mapper.CarInfoMapper.selectById - <==      Total: 1
2021-05-05 22:30:41.064 [DEBUG] com.dippy.mapper.CarPictureMapper.selectList - ==>  Preparing: SELECT car_picture_location,car_url FROM car_picture WHERE (car_id = ?)
2021-05-05 22:30:41.066 [DEBUG] com.dippy.mapper.CarPictureMapper.selectList - ==> Parameters: 1(Integer)
2021-05-05 22:30:41.070 [DEBUG] com.dippy.mapper.CarPictureMapper.selectList - <==      Total: 20
2021-05-05 22:30:41.073 [DEBUG] com.dippy.mapper.SysUserMapper.selectOne - ==>  Preparing: SELECT name,phone,sex FROM sys_user WHERE (user_id = ?)
2021-05-05 22:30:41.075 [DEBUG] com.dippy.mapper.SysUserMapper.selectOne - ==> Parameters: 1(Integer)
2021-05-05 22:30:41.077 [DEBUG] com.dippy.mapper.SysUserMapper.selectOne - <==      Total: 1
2021-05-05 22:32:01.136 [DEBUG] com.dippy.mapper.CarInfoMapper.selectById - ==>  Preparing: SELECT car_id,car_brand,car_series,car_type,car_price,car_count,car_user_time,transfer_count,car_car_mileage,car_color,car_picture_id,car_gear_box,car_displacement,produce_time,car_configuration,car_seat,car_fuel_type,car_quality_time,car_region_id,car_front_tyre,rear_tyre,car_describe,create_time,update_time,car_status,car_title,user_id,car_picture FROM car_info WHERE car_id=?
2021-05-05 22:32:01.137 [DEBUG] com.dippy.mapper.CarInfoMapper.selectById - ==> Parameters: 1(Integer)
2021-05-05 22:32:01.140 [DEBUG] com.dippy.mapper.CarInfoMapper.selectById - <==      Total: 1
2021-05-05 22:32:01.143 [DEBUG] com.dippy.mapper.CarPictureMapper.selectList - ==>  Preparing: SELECT car_picture_location,car_url FROM car_picture WHERE (car_id = ?)
2021-05-05 22:32:01.144 [DEBUG] com.dippy.mapper.CarPictureMapper.selectList - ==> Parameters: 1(Integer)
2021-05-05 22:32:01.149 [DEBUG] com.dippy.mapper.CarPictureMapper.selectList - <==      Total: 20
2021-05-05 22:32:01.153 [DEBUG] com.dippy.mapper.SysUserMapper.selectOne - ==>  Preparing: SELECT name,phone,sex FROM sys_user WHERE (user_id = ?)
2021-05-05 22:32:01.155 [DEBUG] com.dippy.mapper.SysUserMapper.selectOne - ==> Parameters: 1(Integer)
2021-05-05 22:32:01.157 [DEBUG] com.dippy.mapper.SysUserMapper.selectOne - <==      Total: 1
2021-05-05 22:33:40.529 [DEBUG] com.dippy.mapper.CarInfoMapper.selectById - ==>  Preparing: SELECT car_id,car_brand,car_series,car_type,car_price,car_count,car_user_time,transfer_count,car_car_mileage,car_color,car_picture_id,car_gear_box,car_displacement,produce_time,car_configuration,car_seat,car_fuel_type,car_quality_time,car_region_id,car_front_tyre,rear_tyre,car_describe,create_time,update_time,car_status,car_title,user_id,car_picture FROM car_info WHERE car_id=?
2021-05-05 22:33:40.531 [DEBUG] com.dippy.mapper.CarInfoMapper.selectById - ==> Parameters: 1(Integer)
2021-05-05 22:33:40.535 [DEBUG] com.dippy.mapper.CarInfoMapper.selectById - <==      Total: 1
2021-05-05 22:33:40.538 [DEBUG] com.dippy.mapper.CarPictureMapper.selectList - ==>  Preparing: SELECT car_picture_location,car_url FROM car_picture WHERE (car_id = ?)
2021-05-05 22:33:40.539 [DEBUG] com.dippy.mapper.CarPictureMapper.selectList - ==> Parameters: 1(Integer)
2021-05-05 22:33:40.545 [DEBUG] com.dippy.mapper.CarPictureMapper.selectList - <==      Total: 20
2021-05-05 22:33:40.549 [DEBUG] com.dippy.mapper.SysUserMapper.selectOne - ==>  Preparing: SELECT name,phone,sex FROM sys_user WHERE (user_id = ?)
2021-05-05 22:33:40.551 [DEBUG] com.dippy.mapper.SysUserMapper.selectOne - ==> Parameters: 1(Integer)
2021-05-05 22:33:40.553 [DEBUG] com.dippy.mapper.SysUserMapper.selectOne - <==      Total: 1
2021-05-05 22:49:36.106 [DEBUG] com.dippy.mapper.CarInfoMapper.selectById - ==>  Preparing: SELECT car_id,car_brand,car_series,car_type,car_price,car_count,car_user_time,transfer_count,car_car_mileage,car_color,car_picture_id,car_gear_box,car_displacement,produce_time,car_configuration,car_seat,car_fuel_type,car_quality_time,car_region_id,car_front_tyre,rear_tyre,car_describe,create_time,update_time,car_status,car_title,user_id,car_picture FROM car_info WHERE car_id=?
2021-05-05 22:49:36.107 [DEBUG] com.dippy.mapper.CarInfoMapper.selectById - ==> Parameters: 1(Integer)
2021-05-05 22:49:36.110 [DEBUG] com.dippy.mapper.CarInfoMapper.selectById - <==      Total: 1
2021-05-05 22:49:36.113 [DEBUG] com.dippy.mapper.CarPictureMapper.selectList - ==>  Preparing: SELECT car_picture_location,car_url FROM car_picture WHERE (car_id = ?)
2021-05-05 22:49:36.114 [DEBUG] com.dippy.mapper.CarPictureMapper.selectList - ==> Parameters: 1(Integer)
2021-05-05 22:49:36.118 [DEBUG] com.dippy.mapper.CarPictureMapper.selectList - <==      Total: 20
2021-05-05 22:49:36.121 [DEBUG] com.dippy.mapper.SysUserMapper.selectOne - ==>  Preparing: SELECT name,phone,sex FROM sys_user WHERE (user_id = ?)
2021-05-05 22:49:36.122 [DEBUG] com.dippy.mapper.SysUserMapper.selectOne - ==> Parameters: 1(Integer)
2021-05-05 22:49:36.124 [DEBUG] com.dippy.mapper.SysUserMapper.selectOne - <==      Total: 1
2021-05-05 22:52:42.326 [DEBUG] com.dippy.mapper.CarInfoMapper.selectById - ==>  Preparing: SELECT car_id,car_brand,car_series,car_type,car_price,car_count,car_user_time,transfer_count,car_car_mileage,car_color,car_picture_id,car_gear_box,car_displacement,produce_time,car_configuration,car_seat,car_fuel_type,car_quality_time,car_region_id,car_front_tyre,rear_tyre,car_describe,create_time,update_time,car_status,car_title,user_id,car_picture FROM car_info WHERE car_id=?
2021-05-05 22:52:42.328 [DEBUG] com.dippy.mapper.CarInfoMapper.selectById - ==> Parameters: 1(Integer)
2021-05-05 22:52:42.333 [DEBUG] com.dippy.mapper.CarInfoMapper.selectById - <==      Total: 1
2021-05-05 22:52:42.339 [DEBUG] com.dippy.mapper.CarPictureMapper.selectList - ==>  Preparing: SELECT car_picture_location,car_url FROM car_picture WHERE (car_id = ?)
2021-05-05 22:52:42.340 [DEBUG] com.dippy.mapper.CarPictureMapper.selectList - ==> Parameters: 1(Integer)
2021-05-05 22:52:42.344 [DEBUG] com.dippy.mapper.CarPictureMapper.selectList - <==      Total: 20
2021-05-05 22:52:42.347 [DEBUG] com.dippy.mapper.SysUserMapper.selectOne - ==>  Preparing: SELECT name,phone,sex FROM sys_user WHERE (user_id = ?)
2021-05-05 22:52:42.347 [DEBUG] com.dippy.mapper.SysUserMapper.selectOne - ==> Parameters: 1(Integer)
2021-05-05 22:52:42.349 [DEBUG] com.dippy.mapper.SysUserMapper.selectOne - <==      Total: 1
2021-05-05 22:56:30.212 [DEBUG] com.dippy.mapper.CarInfoMapper.selectById - ==>  Preparing: SELECT car_id,car_brand,car_series,car_type,car_price,car_count,car_user_time,transfer_count,car_car_mileage,car_color,car_picture_id,car_gear_box,car_displacement,produce_time,car_configuration,car_seat,car_fuel_type,car_quality_time,car_region_id,car_front_tyre,rear_tyre,car_describe,create_time,update_time,car_status,car_title,user_id,car_picture FROM car_info WHERE car_id=?
2021-05-05 22:56:30.213 [DEBUG] com.dippy.mapper.CarInfoMapper.selectById - ==> Parameters: 1(Integer)
2021-05-05 22:56:30.215 [DEBUG] com.dippy.mapper.CarInfoMapper.selectById - <==      Total: 1
2021-05-05 22:56:30.218 [DEBUG] com.dippy.mapper.CarPictureMapper.selectList - ==>  Preparing: SELECT car_picture_location,car_url FROM car_picture WHERE (car_id = ?)
2021-05-05 22:56:30.219 [DEBUG] com.dippy.mapper.CarPictureMapper.selectList - ==> Parameters: 1(Integer)
2021-05-05 22:56:30.222 [DEBUG] com.dippy.mapper.CarPictureMapper.selectList - <==      Total: 20
2021-05-05 22:56:30.225 [DEBUG] com.dippy.mapper.SysUserMapper.selectOne - ==>  Preparing: SELECT name,phone,sex FROM sys_user WHERE (user_id = ?)
2021-05-05 22:56:30.226 [DEBUG] com.dippy.mapper.SysUserMapper.selectOne - ==> Parameters: 1(Integer)
2021-05-05 22:56:30.228 [DEBUG] com.dippy.mapper.SysUserMapper.selectOne - <==      Total: 1
2021-05-05 22:57:45.576 [DEBUG] com.dippy.mapper.CarInfoMapper.selectById - ==>  Preparing: SELECT car_id,car_brand,car_series,car_type,car_price,car_count,car_user_time,transfer_count,car_car_mileage,car_color,car_picture_id,car_gear_box,car_displacement,produce_time,car_configuration,car_seat,car_fuel_type,car_quality_time,car_region_id,car_front_tyre,rear_tyre,car_describe,create_time,update_time,car_status,car_title,user_id,car_picture FROM car_info WHERE car_id=?
2021-05-05 22:57:45.577 [DEBUG] com.dippy.mapper.CarInfoMapper.selectById - ==> Parameters: 1(Integer)
2021-05-05 22:57:45.604 [DEBUG] com.dippy.mapper.CarInfoMapper.selectById - <==      Total: 1
2021-05-05 22:57:45.606 [DEBUG] com.dippy.mapper.CarPictureMapper.selectList - ==>  Preparing: SELECT car_picture_location,car_url FROM car_picture WHERE (car_id = ?)
2021-05-05 22:57:45.608 [DEBUG] com.dippy.mapper.CarPictureMapper.selectList - ==> Parameters: 1(Integer)
2021-05-05 22:57:45.611 [DEBUG] com.dippy.mapper.CarPictureMapper.selectList - <==      Total: 20
2021-05-05 22:57:45.616 [DEBUG] com.dippy.mapper.SysUserMapper.selectOne - ==>  Preparing: SELECT name,phone,sex FROM sys_user WHERE (user_id = ?)
2021-05-05 22:57:45.617 [DEBUG] com.dippy.mapper.SysUserMapper.selectOne - ==> Parameters: 1(Integer)
2021-05-05 22:57:45.619 [DEBUG] com.dippy.mapper.SysUserMapper.selectOne - <==      Total: 1
2021-05-05 23:19:00.609 [DEBUG] com.dippy.mapper.CarInfoMapper.selectById - ==>  Preparing: SELECT car_id,car_brand,car_series,car_type,car_price,car_count,car_user_time,transfer_count,car_car_mileage,car_color,car_picture_id,car_gear_box,car_displacement,produce_time,car_configuration,car_seat,car_fuel_type,car_quality_time,car_region_id,car_front_tyre,rear_tyre,car_describe,create_time,update_time,car_status,car_title,user_id,car_picture FROM car_info WHERE car_id=?
2021-05-05 23:19:00.610 [DEBUG] com.dippy.mapper.CarInfoMapper.selectById - ==> Parameters: 1(Integer)
2021-05-05 23:19:00.613 [DEBUG] com.dippy.mapper.CarInfoMapper.selectById - <==      Total: 1
2021-05-05 23:19:00.615 [DEBUG] com.dippy.mapper.CarPictureMapper.selectList - ==>  Preparing: SELECT car_picture_location,car_url FROM car_picture WHERE (car_id = ?)
2021-05-05 23:19:00.616 [DEBUG] com.dippy.mapper.CarPictureMapper.selectList - ==> Parameters: 1(Integer)
2021-05-05 23:19:00.619 [DEBUG] com.dippy.mapper.CarPictureMapper.selectList - <==      Total: 20
2021-05-05 23:19:00.621 [DEBUG] com.dippy.mapper.SysUserMapper.selectOne - ==>  Preparing: SELECT name,phone,sex FROM sys_user WHERE (user_id = ?)
2021-05-05 23:19:00.622 [DEBUG] com.dippy.mapper.SysUserMapper.selectOne - ==> Parameters: 1(Integer)
2021-05-05 23:19:00.624 [DEBUG] com.dippy.mapper.SysUserMapper.selectOne - <==      Total: 1
2021-05-05 23:20:11.986 [DEBUG] com.dippy.mapper.CarInfoMapper.selectById - ==>  Preparing: SELECT car_id,car_brand,car_series,car_type,car_price,car_count,car_user_time,transfer_count,car_car_mileage,car_color,car_picture_id,car_gear_box,car_displacement,produce_time,car_configuration,car_seat,car_fuel_type,car_quality_time,car_region_id,car_front_tyre,rear_tyre,car_describe,create_time,update_time,car_status,car_title,user_id,car_picture FROM car_info WHERE car_id=?
2021-05-05 23:20:11.987 [DEBUG] com.dippy.mapper.CarInfoMapper.selectById - ==> Parameters: 1(Integer)
2021-05-05 23:20:11.990 [DEBUG] com.dippy.mapper.CarInfoMapper.selectById - <==      Total: 1
2021-05-05 23:20:11.994 [DEBUG] com.dippy.mapper.CarPictureMapper.selectList - ==>  Preparing: SELECT car_picture_location,car_url FROM car_picture WHERE (car_id = ?)
2021-05-05 23:20:11.995 [DEBUG] com.dippy.mapper.CarPictureMapper.selectList - ==> Parameters: 1(Integer)
2021-05-05 23:20:11.998 [DEBUG] com.dippy.mapper.CarPictureMapper.selectList - <==      Total: 20
2021-05-05 23:20:12.000 [DEBUG] com.dippy.mapper.SysUserMapper.selectOne - ==>  Preparing: SELECT name,phone,sex FROM sys_user WHERE (user_id = ?)
2021-05-05 23:20:12.001 [DEBUG] com.dippy.mapper.SysUserMapper.selectOne - ==> Parameters: 1(Integer)
2021-05-05 23:20:12.003 [DEBUG] com.dippy.mapper.SysUserMapper.selectOne - <==      Total: 1
2021-05-05 23:21:29.013 [DEBUG] com.dippy.mapper.CarInfoMapper.selectById - ==>  Preparing: SELECT car_id,car_brand,car_series,car_type,car_price,car_count,car_user_time,transfer_count,car_car_mileage,car_color,car_picture_id,car_gear_box,car_displacement,produce_time,car_configuration,car_seat,car_fuel_type,car_quality_time,car_region_id,car_front_tyre,rear_tyre,car_describe,create_time,update_time,car_status,car_title,user_id,car_picture FROM car_info WHERE car_id=?
2021-05-05 23:21:29.014 [DEBUG] com.dippy.mapper.CarInfoMapper.selectById - ==> Parameters: 1(Integer)
2021-05-05 23:21:29.017 [DEBUG] com.dippy.mapper.CarInfoMapper.selectById - <==      Total: 1
2021-05-05 23:21:29.020 [DEBUG] com.dippy.mapper.CarPictureMapper.selectList - ==>  Preparing: SELECT car_picture_location,car_url FROM car_picture WHERE (car_id = ?)
2021-05-05 23:21:29.021 [DEBUG] com.dippy.mapper.CarPictureMapper.selectList - ==> Parameters: 1(Integer)
2021-05-05 23:21:29.024 [DEBUG] com.dippy.mapper.CarPictureMapper.selectList - <==      Total: 20
2021-05-05 23:21:29.026 [DEBUG] com.dippy.mapper.SysUserMapper.selectOne - ==>  Preparing: SELECT name,phone,sex FROM sys_user WHERE (user_id = ?)
2021-05-05 23:21:29.027 [DEBUG] com.dippy.mapper.SysUserMapper.selectOne - ==> Parameters: 1(Integer)
2021-05-05 23:21:29.028 [DEBUG] com.dippy.mapper.SysUserMapper.selectOne - <==      Total: 1
2021-05-05 23:21:51.533 [DEBUG] com.dippy.mapper.CarInfoMapper.selectById - ==>  Preparing: SELECT car_id,car_brand,car_series,car_type,car_price,car_count,car_user_time,transfer_count,car_car_mileage,car_color,car_picture_id,car_gear_box,car_displacement,produce_time,car_configuration,car_seat,car_fuel_type,car_quality_time,car_region_id,car_front_tyre,rear_tyre,car_describe,create_time,update_time,car_status,car_title,user_id,car_picture FROM car_info WHERE car_id=?
2021-05-05 23:21:51.533 [DEBUG] com.dippy.mapper.CarInfoMapper.selectById - ==> Parameters: 1(Integer)
2021-05-05 23:21:51.536 [DEBUG] com.dippy.mapper.CarInfoMapper.selectById - <==      Total: 1
2021-05-05 23:21:51.538 [DEBUG] com.dippy.mapper.CarPictureMapper.selectList - ==>  Preparing: SELECT car_picture_location,car_url FROM car_picture WHERE (car_id = ?)
2021-05-05 23:21:51.539 [DEBUG] com.dippy.mapper.CarPictureMapper.selectList - ==> Parameters: 1(Integer)
2021-05-05 23:21:51.542 [DEBUG] com.dippy.mapper.CarPictureMapper.selectList - <==      Total: 20
2021-05-05 23:21:51.545 [DEBUG] com.dippy.mapper.SysUserMapper.selectOne - ==>  Preparing: SELECT name,phone,sex FROM sys_user WHERE (user_id = ?)
2021-05-05 23:21:51.546 [DEBUG] com.dippy.mapper.SysUserMapper.selectOne - ==> Parameters: 1(Integer)
2021-05-05 23:21:51.548 [DEBUG] com.dippy.mapper.SysUserMapper.selectOne - <==      Total: 1
2021-05-05 23:22:25.490 [DEBUG] com.dippy.mapper.CarInfoMapper.selectById - ==>  Preparing: SELECT car_id,car_brand,car_series,car_type,car_price,car_count,car_user_time,transfer_count,car_car_mileage,car_color,car_picture_id,car_gear_box,car_displacement,produce_time,car_configuration,car_seat,car_fuel_type,car_quality_time,car_region_id,car_front_tyre,rear_tyre,car_describe,create_time,update_time,car_status,car_title,user_id,car_picture FROM car_info WHERE car_id=?
2021-05-05 23:22:25.491 [DEBUG] com.dippy.mapper.CarInfoMapper.selectById - ==> Parameters: 1(Integer)
2021-05-05 23:22:25.493 [DEBUG] com.dippy.mapper.CarInfoMapper.selectById - <==      Total: 1
2021-05-05 23:22:25.495 [DEBUG] com.dippy.mapper.CarPictureMapper.selectList - ==>  Preparing: SELECT car_picture_location,car_url FROM car_picture WHERE (car_id = ?)
2021-05-05 23:22:25.497 [DEBUG] com.dippy.mapper.CarPictureMapper.selectList - ==> Parameters: 1(Integer)
2021-05-05 23:22:25.502 [DEBUG] com.dippy.mapper.CarPictureMapper.selectList - <==      Total: 20
2021-05-05 23:22:25.505 [DEBUG] com.dippy.mapper.SysUserMapper.selectOne - ==>  Preparing: SELECT name,phone,sex FROM sys_user WHERE (user_id = ?)
2021-05-05 23:22:25.505 [DEBUG] com.dippy.mapper.SysUserMapper.selectOne - ==> Parameters: 1(Integer)
2021-05-05 23:22:25.507 [DEBUG] com.dippy.mapper.SysUserMapper.selectOne - <==      Total: 1
2021-05-05 23:23:41.923 [DEBUG] com.dippy.mapper.CarInfoMapper.selectById - ==>  Preparing: SELECT car_id,car_brand,car_series,car_type,car_price,car_count,car_user_time,transfer_count,car_car_mileage,car_color,car_picture_id,car_gear_box,car_displacement,produce_time,car_configuration,car_seat,car_fuel_type,car_quality_time,car_region_id,car_front_tyre,rear_tyre,car_describe,create_time,update_time,car_status,car_title,user_id,car_picture FROM car_info WHERE car_id=?
2021-05-05 23:23:41.924 [DEBUG] com.dippy.mapper.CarInfoMapper.selectById - ==> Parameters: 1(Integer)
2021-05-05 23:23:41.926 [DEBUG] com.dippy.mapper.CarInfoMapper.selectById - <==      Total: 1
2021-05-05 23:23:41.928 [DEBUG] com.dippy.mapper.CarPictureMapper.selectList - ==>  Preparing: SELECT car_picture_location,car_url FROM car_picture WHERE (car_id = ?)
2021-05-05 23:23:41.929 [DEBUG] com.dippy.mapper.CarPictureMapper.selectList - ==> Parameters: 1(Integer)
2021-05-05 23:23:41.931 [DEBUG] com.dippy.mapper.CarPictureMapper.selectList - <==      Total: 20
2021-05-05 23:23:41.934 [DEBUG] com.dippy.mapper.SysUserMapper.selectOne - ==>  Preparing: SELECT name,phone,sex FROM sys_user WHERE (user_id = ?)
2021-05-05 23:23:41.935 [DEBUG] com.dippy.mapper.SysUserMapper.selectOne - ==> Parameters: 1(Integer)
2021-05-05 23:23:41.937 [DEBUG] com.dippy.mapper.SysUserMapper.selectOne - <==      Total: 1
2021-05-05 23:23:54.280 [DEBUG] com.dippy.mapper.CarInfoMapper.selectById - ==>  Preparing: SELECT car_id,car_brand,car_series,car_type,car_price,car_count,car_user_time,transfer_count,car_car_mileage,car_color,car_picture_id,car_gear_box,car_displacement,produce_time,car_configuration,car_seat,car_fuel_type,car_quality_time,car_region_id,car_front_tyre,rear_tyre,car_describe,create_time,update_time,car_status,car_title,user_id,car_picture FROM car_info WHERE car_id=?
2021-05-05 23:23:54.281 [DEBUG] com.dippy.mapper.CarInfoMapper.selectById - ==> Parameters: 1(Integer)
2021-05-05 23:23:54.284 [DEBUG] com.dippy.mapper.CarInfoMapper.selectById - <==      Total: 1
2021-05-05 23:23:54.286 [DEBUG] com.dippy.mapper.CarPictureMapper.selectList - ==>  Preparing: SELECT car_picture_location,car_url FROM car_picture WHERE (car_id = ?)
2021-05-05 23:23:54.287 [DEBUG] com.dippy.mapper.CarPictureMapper.selectList - ==> Parameters: 1(Integer)
2021-05-05 23:23:54.289 [DEBUG] com.dippy.mapper.CarPictureMapper.selectList - <==      Total: 20
2021-05-05 23:23:54.291 [DEBUG] com.dippy.mapper.SysUserMapper.selectOne - ==>  Preparing: SELECT name,phone,sex FROM sys_user WHERE (user_id = ?)
2021-05-05 23:23:54.292 [DEBUG] com.dippy.mapper.SysUserMapper.selectOne - ==> Parameters: 1(Integer)
2021-05-05 23:23:54.294 [DEBUG] com.dippy.mapper.SysUserMapper.selectOne - <==      Total: 1
2021-05-05 23:30:02.105 [DEBUG] com.dippy.mapper.SysUserMapper.selectOne - ==>  Preparing: SELECT user_id,username,password,name,sex,avatar,address_id,province,city,area,detailed_address,phone,email,birthday,is_lock,create_time,update_time FROM sys_user WHERE (username = ?)
2021-05-05 23:30:02.106 [DEBUG] com.dippy.mapper.SysUserMapper.selectOne - ==> Parameters: admin(String)
2021-05-05 23:30:02.111 [DEBUG] com.dippy.mapper.SysUserMapper.selectOne - <==      Total: 1
2021-05-05 23:30:02.135 [DEBUG] com.dippy.mapper.SysRoleUserMapper.selectList - ==>  Preparing: SELECT role_id FROM sys_role_user WHERE (user_id = ?)
2021-05-05 23:30:02.136 [DEBUG] com.dippy.mapper.SysRoleUserMapper.selectList - ==> Parameters: 1(Integer)
2021-05-05 23:30:02.138 [DEBUG] com.dippy.mapper.SysRoleUserMapper.selectList - <==      Total: 1
2021-05-05 23:30:02.139 [DEBUG] com.dippy.mapper.SysPermissionMapper.listPermissionByUserId - ==>  Preparing: SELECT p.* FROM sys_user u, sys_permission p LEFT JOIN sys_role_permission rp ON p.permission_id = rp.permission_id LEFT JOIN sys_role_user ru ON rp.role_id = ru.role_id WHERE u.user_id = ?
2021-05-05 23:30:02.140 [DEBUG] com.dippy.mapper.SysPermissionMapper.listPermissionByUserId - ==> Parameters: 1(Integer)
2021-05-05 23:30:02.157 [DEBUG] com.dippy.mapper.SysPermissionMapper.listPermissionByUserId - <==      Total: 80
2021-05-05 23:31:06.278 [DEBUG] com.dippy.mapper.CarInfoMapper.findMySellCarByPage_mpCount - ==>  Preparing: SELECT COUNT(*) FROM car_info WHERE car_info.user_id = ?
2021-05-05 23:31:06.279 [DEBUG] com.dippy.mapper.CarInfoMapper.findMySellCarByPage_mpCount - ==> Parameters: 1(Integer)
2021-05-05 23:31:06.281 [DEBUG] com.dippy.mapper.CarInfoMapper.findMySellCarByPage_mpCount - <==      Total: 1
2021-05-05 23:31:06.300 [DEBUG] com.dippy.mapper.CarInfoMapper.findMySellCarByPage - ==>  Preparing: select * from car_info left join car_picture cp on car_info.car_id = cp.car_id where car_info.user_id = ? LIMIT ?
2021-05-05 23:31:06.301 [DEBUG] com.dippy.mapper.CarInfoMapper.findMySellCarByPage - ==> Parameters: 1(Integer), 5(Long)
2021-05-05 23:31:06.315 [DEBUG] com.dippy.mapper.CarInfoMapper.findMySellCarByPage - <==      Total: 5
2021-05-05 23:31:49.801 [DEBUG] com.dippy.mapper.CarInfoMapper.selectById - ==>  Preparing: SELECT car_id,car_brand,car_series,car_type,car_price,car_count,car_user_time,transfer_count,car_car_mileage,car_color,car_picture_id,car_gear_box,car_displacement,produce_time,car_configuration,car_seat,car_fuel_type,car_quality_time,car_region_id,car_front_tyre,rear_tyre,car_describe,create_time,update_time,car_status,car_title,user_id,car_picture FROM car_info WHERE car_id=?
2021-05-05 23:31:49.803 [DEBUG] com.dippy.mapper.CarInfoMapper.selectById - ==> Parameters: 1(Integer)
2021-05-05 23:31:49.807 [DEBUG] com.dippy.mapper.CarInfoMapper.selectById - <==      Total: 1
2021-05-05 23:31:49.811 [DEBUG] com.dippy.mapper.CarPictureMapper.selectList - ==>  Preparing: SELECT car_picture_location,car_url FROM car_picture WHERE (car_id = ?)
2021-05-05 23:31:49.811 [DEBUG] com.dippy.mapper.CarPictureMapper.selectList - ==> Parameters: 1(Integer)
2021-05-05 23:31:49.814 [DEBUG] com.dippy.mapper.CarPictureMapper.selectList - <==      Total: 20
2021-05-05 23:31:49.819 [DEBUG] com.dippy.mapper.SysUserMapper.selectOne - ==>  Preparing: SELECT name,phone,sex FROM sys_user WHERE (user_id = ?)
2021-05-05 23:31:49.820 [DEBUG] com.dippy.mapper.SysUserMapper.selectOne - ==> Parameters: 1(Integer)
2021-05-05 23:31:49.821 [DEBUG] com.dippy.mapper.SysUserMapper.selectOne - <==      Total: 1
2021-05-05 23:37:08.261 [DEBUG] com.dippy.mapper.CarInfoMapper.selectById - ==>  Preparing: SELECT car_id,car_brand,car_series,car_type,car_price,car_count,car_user_time,transfer_count,car_car_mileage,car_color,car_picture_id,car_gear_box,car_displacement,produce_time,car_configuration,car_seat,car_fuel_type,car_quality_time,car_region_id,car_front_tyre,rear_tyre,car_describe,create_time,update_time,car_status,car_title,user_id,car_picture FROM car_info WHERE car_id=?
2021-05-05 23:37:08.262 [DEBUG] com.dippy.mapper.CarInfoMapper.selectById - ==> Parameters: 1(Integer)
2021-05-05 23:37:08.265 [DEBUG] com.dippy.mapper.CarInfoMapper.selectById - <==      Total: 1
2021-05-05 23:37:08.272 [DEBUG] com.dippy.mapper.CarPictureMapper.selectList - ==>  Preparing: SELECT car_picture_location,car_url FROM car_picture WHERE (car_id = ?)
2021-05-05 23:37:08.273 [DEBUG] com.dippy.mapper.CarPictureMapper.selectList - ==> Parameters: 1(Integer)
2021-05-05 23:37:08.276 [DEBUG] com.dippy.mapper.CarPictureMapper.selectList - <==      Total: 20
2021-05-05 23:37:08.278 [DEBUG] com.dippy.mapper.SysUserMapper.selectOne - ==>  Preparing: SELECT name,phone,sex FROM sys_user WHERE (user_id = ?)
2021-05-05 23:37:08.279 [DEBUG] com.dippy.mapper.SysUserMapper.selectOne - ==> Parameters: 1(Integer)
2021-05-05 23:37:08.281 [DEBUG] com.dippy.mapper.SysUserMapper.selectOne - <==      Total: 1
2021-05-05 23:37:42.279 [DEBUG] com.dippy.mapper.CarInfoMapper.selectById - ==>  Preparing: SELECT car_id,car_brand,car_series,car_type,car_price,car_count,car_user_time,transfer_count,car_car_mileage,car_color,car_picture_id,car_gear_box,car_displacement,produce_time,car_configuration,car_seat,car_fuel_type,car_quality_time,car_region_id,car_front_tyre,rear_tyre,car_describe,create_time,update_time,car_status,car_title,user_id,car_picture FROM car_info WHERE car_id=?
2021-05-05 23:37:42.280 [DEBUG] com.dippy.mapper.CarInfoMapper.selectById - ==> Parameters: 1(Integer)
2021-05-05 23:37:42.282 [DEBUG] com.dippy.mapper.CarInfoMapper.selectById - <==      Total: 1
2021-05-05 23:37:42.285 [DEBUG] com.dippy.mapper.CarPictureMapper.selectList - ==>  Preparing: SELECT car_picture_location,car_url FROM car_picture WHERE (car_id = ?)
2021-05-05 23:37:42.286 [DEBUG] com.dippy.mapper.CarPictureMapper.selectList - ==> Parameters: 1(Integer)
2021-05-05 23:37:42.289 [DEBUG] com.dippy.mapper.CarPictureMapper.selectList - <==      Total: 20
2021-05-05 23:37:42.292 [DEBUG] com.dippy.mapper.SysUserMapper.selectOne - ==>  Preparing: SELECT name,phone,sex FROM sys_user WHERE (user_id = ?)
2021-05-05 23:37:42.293 [DEBUG] com.dippy.mapper.SysUserMapper.selectOne - ==> Parameters: 1(Integer)
2021-05-05 23:37:42.295 [DEBUG] com.dippy.mapper.SysUserMapper.selectOne - <==      Total: 1
2021-05-05 23:57:38.660 [DEBUG] com.dippy.mapper.SysUserChatMessageMapper.selectList - ==>  Preparing: SELECT to_id FROM sys_user_chat_message WHERE (from_id = ?)
2021-05-05 23:57:38.661 [DEBUG] com.dippy.mapper.SysUserChatMessageMapper.selectList - ==> Parameters: 1(Integer)
2021-05-05 23:57:38.666 [DEBUG] com.dippy.mapper.SysUserChatMessageMapper.selectList - <==      Total: 3
