2021-01-30 02:58:40.791 [main] WARN  org.mybatis.spring.mapper.ClassPathMapperScanner - Skipping MapperFactoryBean with name 'userInfoMapper' and 'com.dippy.mapper.UserInfoMapper' mapperInterface. Bean already defined with the same name!
2021-01-30 02:58:40.793 [main] WARN  org.mybatis.spring.mapper.ClassPathMapperScanner - No MyBatis mapper was found in '[com.dippy.mapper]' package. Please check your configuration.
2021-01-30 03:05:54.898 [http-nio-8090-exec-1] WARN  org.mybatis.spring.mapper.ClassPathMapperScanner - No MyBatis mapper was found in '[com.dippy.mapper]' package. Please check your configuration.
2021-01-30 03:05:54.913 [http-nio-8090-exec-1] WARN  org.mybatis.spring.mapper.ClassPathMapperScanner - No MyBatis mapper was found in '[com.dippy.mapper]' package. Please check your configuration.
2021-01-30 03:07:25.309 [main] WARN  org.mybatis.spring.mapper.ClassPathMapperScanner - Skipping MapperFactoryBean with name 'userInfoMapper' and 'com.dippy.mapper.UserInfoMapper' mapperInterface. Bean already defined with the same name!
2021-01-30 03:07:25.310 [main] WARN  org.mybatis.spring.mapper.ClassPathMapperScanner - No MyBatis mapper was found in '[com.dippy.mapper]' package. Please check your configuration.
2021-01-30 03:10:22.982 [http-nio-8090-exec-4] WARN  org.mybatis.spring.mapper.ClassPathMapperScanner - No MyBatis mapper was found in '[com.dippy.mapper]' package. Please check your configuration.
2021-01-30 03:10:23.024 [http-nio-8090-exec-4] WARN  org.mybatis.spring.mapper.ClassPathMapperScanner - No MyBatis mapper was found in '[com.dippy.mapper]' package. Please check your configuration.
2021-01-30 03:15:11.762 [http-nio-8090-exec-1] WARN  org.mybatis.spring.mapper.ClassPathMapperScanner - No MyBatis mapper was found in '[com.dippy.mapper]' package. Please check your configuration.
2021-01-30 03:15:11.771 [http-nio-8090-exec-1] WARN  org.mybatis.spring.mapper.ClassPathMapperScanner - No MyBatis mapper was found in '[com.dippy.mapper]' package. Please check your configuration.
2021-01-30 03:27:24.863 [http-nio-8090-exec-6] WARN  org.mybatis.spring.mapper.ClassPathMapperScanner - No MyBatis mapper was found in '[com.dippy.mapper]' package. Please check your configuration.
2021-01-30 03:27:24.890 [http-nio-8090-exec-6] WARN  org.mybatis.spring.mapper.ClassPathMapperScanner - No MyBatis mapper was found in '[com.dippy.mapper]' package. Please check your configuration.
2021-01-30 03:30:06.384 [main] WARN  org.mybatis.spring.mapper.ClassPathMapperScanner - Skipping MapperFactoryBean with name 'userInfoMapper' and 'com.dippy.mapper.UserInfoMapper' mapperInterface. Bean already defined with the same name!
2021-01-30 03:30:06.385 [main] WARN  org.mybatis.spring.mapper.ClassPathMapperScanner - No MyBatis mapper was found in '[com.dippy.mapper]' package. Please check your configuration.
2021-01-30 14:56:04.287 [main] WARN  org.mybatis.spring.mapper.ClassPathMapperScanner - Skipping MapperFactoryBean with name 'userInfoMapper' and 'com.dippy.mapper.UserInfoMapper' mapperInterface. Bean already defined with the same name!
2021-01-30 14:56:04.298 [main] WARN  org.mybatis.spring.mapper.ClassPathMapperScanner - No MyBatis mapper was found in '[com.dippy.mapper]' package. Please check your configuration.
2021-01-30 15:07:21.157 [http-nio-8090-exec-1] WARN  org.mybatis.spring.mapper.ClassPathMapperScanner - No MyBatis mapper was found in '[com.dippy.mapper]' package. Please check your configuration.
2021-01-30 15:07:21.160 [http-nio-8090-exec-1] WARN  org.mybatis.spring.mapper.ClassPathMapperScanner - No MyBatis mapper was found in '[com.dippy.mapper]' package. Please check your configuration.
2021-01-30 15:17:17.702 [http-nio-8090-exec-3] WARN  org.mybatis.spring.mapper.ClassPathMapperScanner - No MyBatis mapper was found in '[com.dippy.mapper]' package. Please check your configuration.
2021-01-30 15:17:17.708 [http-nio-8090-exec-3] WARN  org.mybatis.spring.mapper.ClassPathMapperScanner - No MyBatis mapper was found in '[com.dippy.mapper]' package. Please check your configuration.
2021-01-30 15:18:22.593 [http-nio-8090-exec-2] WARN  o.s.w.s.m.m.a.ExceptionHandlerExceptionResolver - Resolved [org.springframework.web.HttpRequestMethodNotSupportedException: Request method 'GET' not supported]
2021-01-30 15:19:19.854 [http-nio-8090-exec-6] WARN  org.mybatis.spring.mapper.ClassPathMapperScanner - No MyBatis mapper was found in '[com.dippy.mapper]' package. Please check your configuration.
2021-01-30 15:19:19.859 [http-nio-8090-exec-6] WARN  org.mybatis.spring.mapper.ClassPathMapperScanner - No MyBatis mapper was found in '[com.dippy.mapper]' package. Please check your configuration.
2021-01-30 15:19:44.928 [http-nio-8090-exec-5] WARN  org.mybatis.spring.mapper.ClassPathMapperScanner - No MyBatis mapper was found in '[com.dippy.mapper]' package. Please check your configuration.
2021-01-30 15:19:44.933 [http-nio-8090-exec-5] WARN  org.mybatis.spring.mapper.ClassPathMapperScanner - No MyBatis mapper was found in '[com.dippy.mapper]' package. Please check your configuration.
2021-01-30 15:38:54.038 [main] WARN  org.mybatis.spring.mapper.ClassPathMapperScanner - Skipping MapperFactoryBean with name 'userInfoMapper' and 'com.dippy.mapper.UserInfoMapper' mapperInterface. Bean already defined with the same name!
2021-01-30 15:38:54.039 [main] WARN  org.mybatis.spring.mapper.ClassPathMapperScanner - No MyBatis mapper was found in '[com.dippy.mapper]' package. Please check your configuration.
2021-01-30 19:39:42.961 [HikariPool-1 housekeeper] WARN  com.zaxxer.hikari.pool.HikariPool - HikariPool-1 - Thread starvation or clock leap detected (housekeeper delta=2h52m39s729ms432µs600ns).
2021-01-30 19:43:59.764 [http-nio-8090-exec-1] WARN  org.mybatis.spring.mapper.ClassPathMapperScanner - No MyBatis mapper was found in '[com.dippy.mapper]' package. Please check your configuration.
2021-01-30 19:43:59.866 [http-nio-8090-exec-1] WARN  org.mybatis.spring.mapper.ClassPathMapperScanner - No MyBatis mapper was found in '[com.dippy.mapper]' package. Please check your configuration.
2021-01-30 19:48:07.831 [HikariPool-1 housekeeper] WARN  com.zaxxer.hikari.pool.HikariPool - HikariPool-1 - Thread starvation or clock leap detected (housekeeper delta=3m54s322ms516µs200ns).
2021-01-30 19:48:28.370 [http-nio-8090-exec-2] WARN  org.mybatis.spring.mapper.ClassPathMapperScanner - No MyBatis mapper was found in '[com.dippy.mapper]' package. Please check your configuration.
2021-01-30 19:48:28.452 [http-nio-8090-exec-2] WARN  org.mybatis.spring.mapper.ClassPathMapperScanner - No MyBatis mapper was found in '[com.dippy.mapper]' package. Please check your configuration.
2021-01-30 19:50:48.825 [http-nio-8090-exec-10] WARN  org.mybatis.spring.mapper.ClassPathMapperScanner - No MyBatis mapper was found in '[com.dippy.mapper]' package. Please check your configuration.
2021-01-30 19:50:48.965 [http-nio-8090-exec-10] WARN  org.mybatis.spring.mapper.ClassPathMapperScanner - No MyBatis mapper was found in '[com.dippy.mapper]' package. Please check your configuration.
2021-01-30 19:55:21.078 [http-nio-8090-exec-1] WARN  org.mybatis.spring.mapper.ClassPathMapperScanner - No MyBatis mapper was found in '[com.dippy.mapper]' package. Please check your configuration.
2021-01-30 19:55:21.198 [http-nio-8090-exec-1] WARN  org.mybatis.spring.mapper.ClassPathMapperScanner - No MyBatis mapper was found in '[com.dippy.mapper]' package. Please check your configuration.
