2021-05-09 00:07:49.389 [DEBUG] com.dippy.mapper.CarInfoMapper.findMySellCarByPage_mpCount - ==>  Preparing: SELECT COUNT(*) FROM car_info WHERE car_info.user_id = ?
2021-05-09 00:07:49.401 [DEBUG] com.dippy.mapper.CarInfoMapper.findMySellCarByPage_mpCount - ==> Parameters: 1(Integer)
2021-05-09 00:07:49.404 [DEBUG] com.dippy.mapper.CarInfoMapper.findMySellCarByPage_mpCount - <==      Total: 1
2021-05-09 00:07:49.408 [DEBUG] com.dippy.mapper.CarInfoMapper.findMySellCarByPage - ==>  Preparing: select * from car_info left join car_picture cp on car_info.car_id = cp.car_id where car_info.user_id = ? LIMIT ?
2021-05-09 00:07:49.410 [DEBUG] com.dippy.mapper.CarInfoMapper.findMySellCarByPage - ==> Parameters: 1(Integer), 5(Long)
2021-05-09 00:07:49.414 [DEBUG] com.dippy.mapper.CarInfoMapper.findMySellCarByPage - <==      Total: 5
2021-05-09 00:18:01.672 [DEBUG] com.dippy.mapper.CarInfoMapper.findMySellCarByPage_mpCount - ==>  Preparing: SELECT COUNT(*) FROM car_info WHERE car_info.user_id = ?
2021-05-09 00:18:01.673 [DEBUG] com.dippy.mapper.CarInfoMapper.findMySellCarByPage_mpCount - ==> Parameters: 1(Integer)
2021-05-09 00:18:01.675 [DEBUG] com.dippy.mapper.CarInfoMapper.findMySellCarByPage_mpCount - <==      Total: 1
2021-05-09 00:18:01.691 [DEBUG] com.dippy.mapper.CarInfoMapper.findMySellCarByPage - ==>  Preparing: select * from car_info left join car_picture cp on car_info.car_id = cp.car_id where car_info.user_id = ? LIMIT ?
2021-05-09 00:18:01.692 [DEBUG] com.dippy.mapper.CarInfoMapper.findMySellCarByPage - ==> Parameters: 1(Integer), 5(Long)
2021-05-09 00:18:01.705 [DEBUG] com.dippy.mapper.CarInfoMapper.findMySellCarByPage - <==      Total: 5
2021-05-09 00:19:44.391 [DEBUG] com.dippy.mapper.CarInfoMapper.findMySellCarByPage_mpCount - ==>  Preparing: SELECT COUNT(*) FROM car_info WHERE car_info.user_id = ?
2021-05-09 00:19:44.395 [DEBUG] com.dippy.mapper.CarInfoMapper.findMySellCarByPage_mpCount - ==> Parameters: 1(Integer)
2021-05-09 00:19:44.396 [DEBUG] com.dippy.mapper.CarInfoMapper.findMySellCarByPage_mpCount - <==      Total: 1
2021-05-09 00:19:44.398 [DEBUG] com.dippy.mapper.CarInfoMapper.findMySellCarByPage - ==>  Preparing: select * from car_info left join car_picture cp on car_info.car_id = cp.car_id where car_info.user_id = ? LIMIT ?
2021-05-09 00:19:44.399 [DEBUG] com.dippy.mapper.CarInfoMapper.findMySellCarByPage - ==> Parameters: 1(Integer), 5(Long)
2021-05-09 00:19:44.403 [DEBUG] com.dippy.mapper.CarInfoMapper.findMySellCarByPage - <==      Total: 5
2021-05-09 00:20:39.313 [DEBUG] com.dippy.mapper.CarInfoMapper.findMySellCarByPage_mpCount - ==>  Preparing: SELECT COUNT(*) FROM car_info WHERE car_info.user_id = ?
2021-05-09 00:20:39.314 [DEBUG] com.dippy.mapper.CarInfoMapper.findMySellCarByPage_mpCount - ==> Parameters: 1(Integer)
2021-05-09 00:20:39.316 [DEBUG] com.dippy.mapper.CarInfoMapper.findMySellCarByPage_mpCount - <==      Total: 1
2021-05-09 00:20:39.318 [DEBUG] com.dippy.mapper.CarInfoMapper.findMySellCarByPage - ==>  Preparing: select * from car_info left join car_picture cp on car_info.car_id = cp.car_id where car_info.user_id = ? LIMIT ?
2021-05-09 00:20:39.318 [DEBUG] com.dippy.mapper.CarInfoMapper.findMySellCarByPage - ==> Parameters: 1(Integer), 5(Long)
2021-05-09 00:20:39.321 [DEBUG] com.dippy.mapper.CarInfoMapper.findMySellCarByPage - <==      Total: 5
2021-05-09 00:24:03.130 [DEBUG] com.dippy.mapper.CarInfoMapper.findMySellCarByPage_mpCount - ==>  Preparing: SELECT COUNT(*) FROM car_info WHERE car_info.user_id = ?
2021-05-09 00:24:03.131 [DEBUG] com.dippy.mapper.CarInfoMapper.findMySellCarByPage_mpCount - ==> Parameters: 1(Integer)
2021-05-09 00:24:03.132 [DEBUG] com.dippy.mapper.CarInfoMapper.findMySellCarByPage_mpCount - <==      Total: 1
2021-05-09 00:24:03.134 [DEBUG] com.dippy.mapper.CarInfoMapper.findMySellCarByPage - ==>  Preparing: select * from car_info left join car_picture cp on car_info.car_id = cp.car_id where car_info.user_id = ? LIMIT ?
2021-05-09 00:24:03.135 [DEBUG] com.dippy.mapper.CarInfoMapper.findMySellCarByPage - ==> Parameters: 1(Integer), 5(Long)
2021-05-09 00:24:03.137 [DEBUG] com.dippy.mapper.CarInfoMapper.findMySellCarByPage - <==      Total: 5
2021-05-09 00:46:10.685 [DEBUG] com.dippy.mapper.CarInfoMapper.findMySellCarByPage_mpCount - ==>  Preparing: SELECT COUNT(*) FROM car_info WHERE car_info.user_id = ?
2021-05-09 00:46:10.686 [DEBUG] com.dippy.mapper.CarInfoMapper.findMySellCarByPage_mpCount - ==> Parameters: 1(Integer)
2021-05-09 00:46:10.689 [DEBUG] com.dippy.mapper.CarInfoMapper.findMySellCarByPage_mpCount - <==      Total: 1
2021-05-09 00:46:10.691 [DEBUG] com.dippy.mapper.CarInfoMapper.findMySellCarByPage - ==>  Preparing: select * from car_info left join car_picture cp on car_info.car_id = cp.car_id where car_info.user_id = ? LIMIT ?
2021-05-09 00:46:10.692 [DEBUG] com.dippy.mapper.CarInfoMapper.findMySellCarByPage - ==> Parameters: 1(Integer), 5(Long)
2021-05-09 00:46:10.698 [DEBUG] com.dippy.mapper.CarInfoMapper.findMySellCarByPage - <==      Total: 5
2021-05-09 00:56:25.884 [DEBUG] com.dippy.mapper.CarInfoMapper.findMySellCarByPage_mpCount - ==>  Preparing: SELECT COUNT(*) FROM car_info WHERE car_info.user_id = ?
2021-05-09 00:56:25.885 [DEBUG] com.dippy.mapper.CarInfoMapper.findMySellCarByPage_mpCount - ==> Parameters: 1(Integer)
2021-05-09 00:56:25.888 [DEBUG] com.dippy.mapper.CarInfoMapper.findMySellCarByPage_mpCount - <==      Total: 1
2021-05-09 00:56:25.890 [DEBUG] com.dippy.mapper.CarInfoMapper.findMySellCarByPage - ==>  Preparing: select * from car_info left join car_picture cp on car_info.car_id = cp.car_id where car_info.user_id = ? LIMIT ?
2021-05-09 00:56:25.891 [DEBUG] com.dippy.mapper.CarInfoMapper.findMySellCarByPage - ==> Parameters: 1(Integer), 5(Long)
2021-05-09 00:56:25.896 [DEBUG] com.dippy.mapper.CarInfoMapper.findMySellCarByPage - <==      Total: 5
2021-05-09 00:56:35.746 [DEBUG] com.dippy.mapper.CarInfoMapper.insert - ==>  Preparing: INSERT INTO car_info ( car_brand, car_series, car_type, car_price, car_user_time, transfer_count, car_car_mileage, car_color, car_gear_box, car_displacement, car_configuration, car_seat, car_fuel_type, car_front_tyre, rear_tyre, car_describe, car_status, car_title ) VALUES ( ?, ?, ?, ?, ?, ?, ?, ?, ?, ?, ?, ?, ?, ?, ?, ?, ?, ? )
2021-05-09 00:56:35.749 [DEBUG] com.dippy.mapper.CarInfoMapper.insert - ==> Parameters: (String), (String), (String), 0.0(Double), 0(Integer), 0(Integer), 0.0(Double), (String), (String), 0.0(Double), (String), 0(Integer), (String), 0(String), 0(String), (String), 0(Integer), (String)
2021-05-09 00:56:35.759 [DEBUG] com.dippy.mapper.CarInfoMapper.insert - <==    Updates: 1
2021-05-09 01:08:41.031 [DEBUG] com.dippy.mapper.CarInfoMapper.selectList - ==>  Preparing: SELECT car_id,car_brand,car_series,car_type,car_price,car_count,car_user_time,transfer_count,car_car_mileage,car_color,car_picture_id,car_gear_box,car_displacement,produce_time,car_configuration,car_seat,car_fuel_type,car_quality_time,car_region_id,car_front_tyre,rear_tyre,car_describe,create_time,update_time,car_status,car_title,user_id,car_picture FROM car_info
2021-05-09 01:08:41.086 [DEBUG] com.dippy.mapper.CarInfoMapper.selectList - ==> Parameters: 
2021-05-09 01:08:41.178 [DEBUG] com.dippy.mapper.CarInfoMapper.selectList - <==      Total: 14
2021-05-09 01:08:41.315 [DEBUG] com.dippy.mapper.CarPictureMapper.selectList - ==>  Preparing: SELECT car_picture_id,car_url,car_picture_location,car_id FROM car_picture WHERE (car_id = ?)
2021-05-09 01:08:41.316 [DEBUG] com.dippy.mapper.CarPictureMapper.selectList - ==> Parameters: 1(Integer)
2021-05-09 01:08:41.323 [DEBUG] com.dippy.mapper.CarPictureMapper.selectList - <==      Total: 20
2021-05-09 01:08:41.326 [DEBUG] com.dippy.mapper.CarPictureMapper.selectList - ==>  Preparing: SELECT car_picture_id,car_url,car_picture_location,car_id FROM car_picture WHERE (car_id = ?)
2021-05-09 01:08:41.327 [DEBUG] com.dippy.mapper.CarPictureMapper.selectList - ==> Parameters: 2(Integer)
2021-05-09 01:08:41.329 [DEBUG] com.dippy.mapper.CarPictureMapper.selectList - <==      Total: 2
2021-05-09 01:08:41.331 [DEBUG] com.dippy.mapper.CarPictureMapper.selectList - ==>  Preparing: SELECT car_picture_id,car_url,car_picture_location,car_id FROM car_picture WHERE (car_id = ?)
2021-05-09 01:08:41.332 [DEBUG] com.dippy.mapper.CarPictureMapper.selectList - ==> Parameters: 3(Integer)
2021-05-09 01:08:41.333 [DEBUG] com.dippy.mapper.CarPictureMapper.selectList - <==      Total: 1
2021-05-09 01:08:41.336 [DEBUG] com.dippy.mapper.CarPictureMapper.selectList - ==>  Preparing: SELECT car_picture_id,car_url,car_picture_location,car_id FROM car_picture WHERE (car_id = ?)
2021-05-09 01:08:41.337 [DEBUG] com.dippy.mapper.CarPictureMapper.selectList - ==> Parameters: 8(Integer)
2021-05-09 01:08:41.338 [DEBUG] com.dippy.mapper.CarPictureMapper.selectList - <==      Total: 0
2021-05-09 01:08:41.341 [DEBUG] com.dippy.mapper.CarPictureMapper.selectList - ==>  Preparing: SELECT car_picture_id,car_url,car_picture_location,car_id FROM car_picture WHERE (car_id = ?)
2021-05-09 01:08:41.342 [DEBUG] com.dippy.mapper.CarPictureMapper.selectList - ==> Parameters: 9(Integer)
2021-05-09 01:08:41.343 [DEBUG] com.dippy.mapper.CarPictureMapper.selectList - <==      Total: 0
2021-05-09 01:08:41.347 [DEBUG] com.dippy.mapper.CarPictureMapper.selectList - ==>  Preparing: SELECT car_picture_id,car_url,car_picture_location,car_id FROM car_picture WHERE (car_id = ?)
2021-05-09 01:08:41.347 [DEBUG] com.dippy.mapper.CarPictureMapper.selectList - ==> Parameters: 10(Integer)
2021-05-09 01:08:41.348 [DEBUG] com.dippy.mapper.CarPictureMapper.selectList - <==      Total: 0
2021-05-09 01:08:41.351 [DEBUG] com.dippy.mapper.CarPictureMapper.selectList - ==>  Preparing: SELECT car_picture_id,car_url,car_picture_location,car_id FROM car_picture WHERE (car_id = ?)
2021-05-09 01:08:41.352 [DEBUG] com.dippy.mapper.CarPictureMapper.selectList - ==> Parameters: 11(Integer)
2021-05-09 01:08:41.353 [DEBUG] com.dippy.mapper.CarPictureMapper.selectList - <==      Total: 0
2021-05-09 01:08:41.357 [DEBUG] com.dippy.mapper.CarPictureMapper.selectList - ==>  Preparing: SELECT car_picture_id,car_url,car_picture_location,car_id FROM car_picture WHERE (car_id = ?)
2021-05-09 01:08:41.358 [DEBUG] com.dippy.mapper.CarPictureMapper.selectList - ==> Parameters: 12(Integer)
2021-05-09 01:08:41.359 [DEBUG] com.dippy.mapper.CarPictureMapper.selectList - <==      Total: 0
2021-05-09 01:08:41.362 [DEBUG] com.dippy.mapper.CarPictureMapper.selectList - ==>  Preparing: SELECT car_picture_id,car_url,car_picture_location,car_id FROM car_picture WHERE (car_id = ?)
2021-05-09 01:08:41.363 [DEBUG] com.dippy.mapper.CarPictureMapper.selectList - ==> Parameters: 13(Integer)
2021-05-09 01:08:41.365 [DEBUG] com.dippy.mapper.CarPictureMapper.selectList - <==      Total: 1
2021-05-09 01:08:41.367 [DEBUG] com.dippy.mapper.CarPictureMapper.selectList - ==>  Preparing: SELECT car_picture_id,car_url,car_picture_location,car_id FROM car_picture WHERE (car_id = ?)
2021-05-09 01:08:41.368 [DEBUG] com.dippy.mapper.CarPictureMapper.selectList - ==> Parameters: 14(Integer)
2021-05-09 01:08:41.370 [DEBUG] com.dippy.mapper.CarPictureMapper.selectList - <==      Total: 0
2021-05-09 01:08:41.373 [DEBUG] com.dippy.mapper.CarPictureMapper.selectList - ==>  Preparing: SELECT car_picture_id,car_url,car_picture_location,car_id FROM car_picture WHERE (car_id = ?)
2021-05-09 01:08:41.374 [DEBUG] com.dippy.mapper.CarPictureMapper.selectList - ==> Parameters: 15(Integer)
2021-05-09 01:08:41.375 [DEBUG] com.dippy.mapper.CarPictureMapper.selectList - <==      Total: 0
2021-05-09 01:08:41.378 [DEBUG] com.dippy.mapper.CarPictureMapper.selectList - ==>  Preparing: SELECT car_picture_id,car_url,car_picture_location,car_id FROM car_picture WHERE (car_id = ?)
2021-05-09 01:08:41.379 [DEBUG] com.dippy.mapper.CarPictureMapper.selectList - ==> Parameters: 16(Integer)
2021-05-09 01:08:41.380 [DEBUG] com.dippy.mapper.CarPictureMapper.selectList - <==      Total: 0
2021-05-09 01:08:41.383 [DEBUG] com.dippy.mapper.CarPictureMapper.selectList - ==>  Preparing: SELECT car_picture_id,car_url,car_picture_location,car_id FROM car_picture WHERE (car_id = ?)
2021-05-09 01:08:41.383 [DEBUG] com.dippy.mapper.CarPictureMapper.selectList - ==> Parameters: 17(Integer)
2021-05-09 01:08:41.385 [DEBUG] com.dippy.mapper.CarPictureMapper.selectList - <==      Total: 0
2021-05-09 01:08:41.387 [DEBUG] com.dippy.mapper.CarPictureMapper.selectList - ==>  Preparing: SELECT car_picture_id,car_url,car_picture_location,car_id FROM car_picture WHERE (car_id = ?)
2021-05-09 01:08:41.388 [DEBUG] com.dippy.mapper.CarPictureMapper.selectList - ==> Parameters: 18(Integer)
2021-05-09 01:08:41.389 [DEBUG] com.dippy.mapper.CarPictureMapper.selectList - <==      Total: 0
2021-05-09 01:11:38.506 [DEBUG] com.dippy.mapper.SysUserMapper.selectOne - ==>  Preparing: SELECT user_id,username,password,name,sex,avatar,address_id,province,city,area,detailed_address,phone,email,birthday,is_lock,create_time,update_time FROM sys_user WHERE (username = ?)
2021-05-09 01:11:38.508 [DEBUG] com.dippy.mapper.SysUserMapper.selectOne - ==> Parameters: admin(String)
2021-05-09 01:11:38.516 [DEBUG] com.dippy.mapper.SysUserMapper.selectOne - <==      Total: 1
2021-05-09 01:11:38.540 [DEBUG] com.dippy.mapper.SysRoleUserMapper.selectList - ==>  Preparing: SELECT role_id FROM sys_role_user WHERE (user_id = ?)
2021-05-09 01:11:38.540 [DEBUG] com.dippy.mapper.SysRoleUserMapper.selectList - ==> Parameters: 1(Integer)
2021-05-09 01:11:38.542 [DEBUG] com.dippy.mapper.SysRoleUserMapper.selectList - <==      Total: 1
2021-05-09 01:11:38.546 [DEBUG] com.dippy.mapper.SysPermissionMapper.listPermissionByUserId - ==>  Preparing: SELECT p.* FROM sys_user u, sys_permission p LEFT JOIN sys_role_permission rp ON p.permission_id = rp.permission_id LEFT JOIN sys_role_user ru ON rp.role_id = ru.role_id WHERE u.user_id = ?
2021-05-09 01:11:38.548 [DEBUG] com.dippy.mapper.SysPermissionMapper.listPermissionByUserId - ==> Parameters: 1(Integer)
2021-05-09 01:11:38.560 [DEBUG] com.dippy.mapper.SysPermissionMapper.listPermissionByUserId - <==      Total: 80
2021-05-09 01:20:09.585 [DEBUG] com.dippy.mapper.SysUserMapper.selectOne - ==>  Preparing: SELECT user_id,username,password,name,sex,avatar,address_id,province,city,area,detailed_address,phone,email,birthday,is_lock,create_time,update_time FROM sys_user WHERE (username = ?)
2021-05-09 01:20:09.586 [DEBUG] com.dippy.mapper.SysUserMapper.selectOne - ==> Parameters: user(String)
2021-05-09 01:20:09.589 [DEBUG] com.dippy.mapper.SysUserMapper.selectOne - <==      Total: 1
2021-05-09 01:20:09.591 [DEBUG] com.dippy.mapper.SysRoleUserMapper.selectList - ==>  Preparing: SELECT role_id FROM sys_role_user WHERE (user_id = ?)
2021-05-09 01:20:09.592 [DEBUG] com.dippy.mapper.SysRoleUserMapper.selectList - ==> Parameters: 2(Integer)
2021-05-09 01:20:09.594 [DEBUG] com.dippy.mapper.SysRoleUserMapper.selectList - <==      Total: 1
2021-05-09 01:20:09.596 [DEBUG] com.dippy.mapper.SysPermissionMapper.listPermissionByUserId - ==>  Preparing: SELECT p.* FROM sys_user u, sys_permission p LEFT JOIN sys_role_permission rp ON p.permission_id = rp.permission_id LEFT JOIN sys_role_user ru ON rp.role_id = ru.role_id WHERE u.user_id = ?
2021-05-09 01:20:09.597 [DEBUG] com.dippy.mapper.SysPermissionMapper.listPermissionByUserId - ==> Parameters: 2(Integer)
2021-05-09 01:20:09.605 [DEBUG] com.dippy.mapper.SysPermissionMapper.listPermissionByUserId - <==      Total: 80
2021-05-09 01:30:05.793 [DEBUG] com.dippy.mapper.SysUserMapper.selectOne - ==>  Preparing: SELECT user_id,username,password,name,sex,avatar,address_id,province,city,area,detailed_address,phone,email,birthday,is_lock,create_time,update_time FROM sys_user WHERE (username = ?)
2021-05-09 01:30:05.794 [DEBUG] com.dippy.mapper.SysUserMapper.selectOne - ==> Parameters: user(String)
2021-05-09 01:30:05.797 [DEBUG] com.dippy.mapper.SysUserMapper.selectOne - <==      Total: 1
2021-05-09 01:30:05.799 [DEBUG] com.dippy.mapper.SysRoleUserMapper.selectList - ==>  Preparing: SELECT role_id FROM sys_role_user WHERE (user_id = ?)
2021-05-09 01:30:05.799 [DEBUG] com.dippy.mapper.SysRoleUserMapper.selectList - ==> Parameters: 2(Integer)
2021-05-09 01:30:05.801 [DEBUG] com.dippy.mapper.SysRoleUserMapper.selectList - <==      Total: 1
2021-05-09 01:30:05.803 [DEBUG] com.dippy.mapper.SysPermissionMapper.listPermissionByUserId - ==>  Preparing: SELECT p.* FROM sys_user u, sys_permission p LEFT JOIN sys_role_permission rp ON p.permission_id = rp.permission_id LEFT JOIN sys_role_user ru ON rp.role_id = ru.role_id WHERE u.user_id = ?
2021-05-09 01:30:05.803 [DEBUG] com.dippy.mapper.SysPermissionMapper.listPermissionByUserId - ==> Parameters: 2(Integer)
2021-05-09 01:30:05.810 [DEBUG] com.dippy.mapper.SysPermissionMapper.listPermissionByUserId - <==      Total: 80
2021-05-09 01:31:53.046 [DEBUG] com.dippy.mapper.CarInfoMapper.findMySellCarByPage_mpCount - ==>  Preparing: SELECT COUNT(*) FROM car_info WHERE car_info.user_id = ?
2021-05-09 01:31:53.046 [DEBUG] com.dippy.mapper.CarInfoMapper.findMySellCarByPage_mpCount - ==> Parameters: 2(Integer)
2021-05-09 01:31:53.048 [DEBUG] com.dippy.mapper.CarInfoMapper.findMySellCarByPage_mpCount - <==      Total: 1
2021-05-09 01:31:53.071 [DEBUG] com.dippy.mapper.CarInfoMapper.findMySellCarByPage - ==>  Preparing: select * from car_info left join car_picture cp on car_info.car_id = cp.car_id where car_info.user_id = ? LIMIT ?
2021-05-09 01:31:53.072 [DEBUG] com.dippy.mapper.CarInfoMapper.findMySellCarByPage - ==> Parameters: 2(Integer), 5(Long)
2021-05-09 01:31:53.083 [DEBUG] com.dippy.mapper.CarInfoMapper.findMySellCarByPage - <==      Total: 4
2021-05-09 01:36:59.912 [DEBUG] com.dippy.mapper.CarInfoMapper.selectById - ==>  Preparing: SELECT car_id,car_brand,car_series,car_type,car_price,car_count,car_user_time,transfer_count,car_car_mileage,car_color,car_picture_id,car_gear_box,car_displacement,produce_time,car_configuration,car_seat,car_fuel_type,car_quality_time,car_region_id,car_front_tyre,rear_tyre,car_describe,create_time,update_time,car_status,car_title,user_id,car_picture FROM car_info WHERE car_id=?
2021-05-09 01:36:59.913 [DEBUG] com.dippy.mapper.CarInfoMapper.selectById - ==> Parameters: 1(Integer)
2021-05-09 01:36:59.916 [DEBUG] com.dippy.mapper.CarInfoMapper.selectById - <==      Total: 1
2021-05-09 01:36:59.919 [DEBUG] com.dippy.mapper.CarPictureMapper.selectList - ==>  Preparing: SELECT car_picture_location,car_url FROM car_picture WHERE (car_id = ?)
2021-05-09 01:36:59.919 [DEBUG] com.dippy.mapper.CarPictureMapper.selectList - ==> Parameters: 1(Integer)
2021-05-09 01:36:59.921 [DEBUG] com.dippy.mapper.CarPictureMapper.selectList - <==      Total: 20
2021-05-09 01:36:59.925 [DEBUG] com.dippy.mapper.SysUserMapper.selectOne - ==>  Preparing: SELECT name,phone,sex FROM sys_user WHERE (user_id = ?)
2021-05-09 01:36:59.925 [DEBUG] com.dippy.mapper.SysUserMapper.selectOne - ==> Parameters: 1(Integer)
2021-05-09 01:36:59.927 [DEBUG] com.dippy.mapper.SysUserMapper.selectOne - <==      Total: 1
2021-05-09 02:04:45.813 [DEBUG] com.dippy.mapper.CarInfoMapper.selectById - ==>  Preparing: SELECT car_id,car_brand,car_series,car_type,car_price,car_count,car_user_time,transfer_count,car_car_mileage,car_color,car_picture_id,car_gear_box,car_displacement,produce_time,car_configuration,car_seat,car_fuel_type,car_quality_time,car_region_id,car_front_tyre,rear_tyre,car_describe,create_time,update_time,car_status,car_title,user_id,car_picture FROM car_info WHERE car_id=?
2021-05-09 02:04:45.814 [DEBUG] com.dippy.mapper.CarInfoMapper.selectById - ==> Parameters: 1(Integer)
2021-05-09 02:04:45.818 [DEBUG] com.dippy.mapper.CarInfoMapper.selectById - <==      Total: 1
2021-05-09 02:04:45.820 [DEBUG] com.dippy.mapper.CarPictureMapper.selectList - ==>  Preparing: SELECT car_picture_location,car_url FROM car_picture WHERE (car_id = ?)
2021-05-09 02:04:45.821 [DEBUG] com.dippy.mapper.CarPictureMapper.selectList - ==> Parameters: 1(Integer)
2021-05-09 02:04:45.823 [DEBUG] com.dippy.mapper.CarPictureMapper.selectList - <==      Total: 20
2021-05-09 02:04:45.825 [DEBUG] com.dippy.mapper.SysUserMapper.selectOne - ==>  Preparing: SELECT name,phone,sex FROM sys_user WHERE (user_id = ?)
2021-05-09 02:04:45.825 [DEBUG] com.dippy.mapper.SysUserMapper.selectOne - ==> Parameters: 1(Integer)
2021-05-09 02:04:45.827 [DEBUG] com.dippy.mapper.SysUserMapper.selectOne - <==      Total: 1
2021-05-09 02:06:26.063 [DEBUG] com.dippy.mapper.CarInfoMapper.selectById - ==>  Preparing: SELECT car_id,car_brand,car_series,car_type,car_price,car_count,car_user_time,transfer_count,car_car_mileage,car_color,car_picture_id,car_gear_box,car_displacement,produce_time,car_configuration,car_seat,car_fuel_type,car_quality_time,car_region_id,car_front_tyre,rear_tyre,car_describe,create_time,update_time,car_status,car_title,user_id,car_picture FROM car_info WHERE car_id=?
2021-05-09 02:06:26.064 [DEBUG] com.dippy.mapper.CarInfoMapper.selectById - ==> Parameters: 1(Integer)
2021-05-09 02:06:26.066 [DEBUG] com.dippy.mapper.CarInfoMapper.selectById - <==      Total: 1
2021-05-09 02:06:26.069 [DEBUG] com.dippy.mapper.CarPictureMapper.selectList - ==>  Preparing: SELECT car_picture_location,car_url FROM car_picture WHERE (car_id = ?)
2021-05-09 02:06:26.069 [DEBUG] com.dippy.mapper.CarPictureMapper.selectList - ==> Parameters: 1(Integer)
2021-05-09 02:06:26.071 [DEBUG] com.dippy.mapper.CarPictureMapper.selectList - <==      Total: 20
2021-05-09 02:06:26.073 [DEBUG] com.dippy.mapper.SysUserMapper.selectOne - ==>  Preparing: SELECT name,phone,sex FROM sys_user WHERE (user_id = ?)
2021-05-09 02:06:26.074 [DEBUG] com.dippy.mapper.SysUserMapper.selectOne - ==> Parameters: 1(Integer)
2021-05-09 02:06:26.075 [DEBUG] com.dippy.mapper.SysUserMapper.selectOne - <==      Total: 1
2021-05-09 02:07:37.348 [DEBUG] com.dippy.mapper.CarInfoMapper.selectById - ==>  Preparing: SELECT car_id,car_brand,car_series,car_type,car_price,car_count,car_user_time,transfer_count,car_car_mileage,car_color,car_picture_id,car_gear_box,car_displacement,produce_time,car_configuration,car_seat,car_fuel_type,car_quality_time,car_region_id,car_front_tyre,rear_tyre,car_describe,create_time,update_time,car_status,car_title,user_id,car_picture FROM car_info WHERE car_id=?
2021-05-09 02:07:37.349 [DEBUG] com.dippy.mapper.CarInfoMapper.selectById - ==> Parameters: 1(Integer)
2021-05-09 02:07:37.351 [DEBUG] com.dippy.mapper.CarInfoMapper.selectById - <==      Total: 1
2021-05-09 02:07:37.354 [DEBUG] com.dippy.mapper.CarPictureMapper.selectList - ==>  Preparing: SELECT car_picture_location,car_url FROM car_picture WHERE (car_id = ?)
2021-05-09 02:07:37.354 [DEBUG] com.dippy.mapper.CarPictureMapper.selectList - ==> Parameters: 1(Integer)
2021-05-09 02:07:37.357 [DEBUG] com.dippy.mapper.CarPictureMapper.selectList - <==      Total: 20
2021-05-09 02:07:37.359 [DEBUG] com.dippy.mapper.SysUserMapper.selectOne - ==>  Preparing: SELECT name,phone,sex FROM sys_user WHERE (user_id = ?)
2021-05-09 02:07:37.360 [DEBUG] com.dippy.mapper.SysUserMapper.selectOne - ==> Parameters: 1(Integer)
2021-05-09 02:07:37.361 [DEBUG] com.dippy.mapper.SysUserMapper.selectOne - <==      Total: 1
2021-05-09 02:09:27.935 [DEBUG] com.dippy.mapper.CarInfoMapper.selectById - ==>  Preparing: SELECT car_id,car_brand,car_series,car_type,car_price,car_count,car_user_time,transfer_count,car_car_mileage,car_color,car_picture_id,car_gear_box,car_displacement,produce_time,car_configuration,car_seat,car_fuel_type,car_quality_time,car_region_id,car_front_tyre,rear_tyre,car_describe,create_time,update_time,car_status,car_title,user_id,car_picture FROM car_info WHERE car_id=?
2021-05-09 02:09:27.935 [DEBUG] com.dippy.mapper.CarInfoMapper.selectById - ==> Parameters: 1(Integer)
2021-05-09 02:09:27.938 [DEBUG] com.dippy.mapper.CarInfoMapper.selectById - <==      Total: 1
2021-05-09 02:09:27.941 [DEBUG] com.dippy.mapper.CarPictureMapper.selectList - ==>  Preparing: SELECT car_picture_location,car_url FROM car_picture WHERE (car_id = ?)
2021-05-09 02:09:27.942 [DEBUG] com.dippy.mapper.CarPictureMapper.selectList - ==> Parameters: 1(Integer)
2021-05-09 02:09:27.943 [DEBUG] com.dippy.mapper.CarPictureMapper.selectList - <==      Total: 20
2021-05-09 02:09:27.945 [DEBUG] com.dippy.mapper.SysUserMapper.selectOne - ==>  Preparing: SELECT name,phone,sex FROM sys_user WHERE (user_id = ?)
2021-05-09 02:09:27.946 [DEBUG] com.dippy.mapper.SysUserMapper.selectOne - ==> Parameters: 1(Integer)
2021-05-09 02:09:27.948 [DEBUG] com.dippy.mapper.SysUserMapper.selectOne - <==      Total: 1
2021-05-09 02:11:08.956 [DEBUG] com.dippy.mapper.CarInfoMapper.selectById - ==>  Preparing: SELECT car_id,car_brand,car_series,car_type,car_price,car_count,car_user_time,transfer_count,car_car_mileage,car_color,car_picture_id,car_gear_box,car_displacement,produce_time,car_configuration,car_seat,car_fuel_type,car_quality_time,car_region_id,car_front_tyre,rear_tyre,car_describe,create_time,update_time,car_status,car_title,user_id,car_picture FROM car_info WHERE car_id=?
2021-05-09 02:11:08.957 [DEBUG] com.dippy.mapper.CarInfoMapper.selectById - ==> Parameters: 1(Integer)
2021-05-09 02:11:08.959 [DEBUG] com.dippy.mapper.CarInfoMapper.selectById - <==      Total: 1
2021-05-09 02:11:08.961 [DEBUG] com.dippy.mapper.CarPictureMapper.selectList - ==>  Preparing: SELECT car_picture_location,car_url FROM car_picture WHERE (car_id = ?)
2021-05-09 02:11:08.962 [DEBUG] com.dippy.mapper.CarPictureMapper.selectList - ==> Parameters: 1(Integer)
2021-05-09 02:11:08.964 [DEBUG] com.dippy.mapper.CarPictureMapper.selectList - <==      Total: 20
2021-05-09 02:11:08.966 [DEBUG] com.dippy.mapper.SysUserMapper.selectOne - ==>  Preparing: SELECT name,phone,sex FROM sys_user WHERE (user_id = ?)
2021-05-09 02:11:08.967 [DEBUG] com.dippy.mapper.SysUserMapper.selectOne - ==> Parameters: 1(Integer)
2021-05-09 02:11:08.969 [DEBUG] com.dippy.mapper.SysUserMapper.selectOne - <==      Total: 1
2021-05-09 02:16:26.787 [DEBUG] com.dippy.mapper.SysUserMapper.selectOne - ==>  Preparing: SELECT user_id,username,password,name,sex,avatar,address_id,province,city,area,detailed_address,phone,email,birthday,is_lock,create_time,update_time FROM sys_user WHERE (username = ?)
2021-05-09 02:16:26.788 [DEBUG] com.dippy.mapper.SysUserMapper.selectOne - ==> Parameters: admin(String)
2021-05-09 02:16:26.789 [DEBUG] com.dippy.mapper.SysUserMapper.selectOne - <==      Total: 1
2021-05-09 02:16:26.791 [DEBUG] com.dippy.mapper.SysRoleUserMapper.selectList - ==>  Preparing: SELECT role_id FROM sys_role_user WHERE (user_id = ?)
2021-05-09 02:16:26.792 [DEBUG] com.dippy.mapper.SysRoleUserMapper.selectList - ==> Parameters: 1(Integer)
2021-05-09 02:16:26.793 [DEBUG] com.dippy.mapper.SysRoleUserMapper.selectList - <==      Total: 1
2021-05-09 02:16:26.794 [DEBUG] com.dippy.mapper.SysPermissionMapper.listPermissionByUserId - ==>  Preparing: SELECT p.* FROM sys_user u, sys_permission p LEFT JOIN sys_role_permission rp ON p.permission_id = rp.permission_id LEFT JOIN sys_role_user ru ON rp.role_id = ru.role_id WHERE u.user_id = ?
2021-05-09 02:16:26.795 [DEBUG] com.dippy.mapper.SysPermissionMapper.listPermissionByUserId - ==> Parameters: 1(Integer)
2021-05-09 02:16:26.802 [DEBUG] com.dippy.mapper.SysPermissionMapper.listPermissionByUserId - <==      Total: 80
2021-05-09 02:16:52.428 [DEBUG] com.dippy.mapper.CarInfoMapper.findMySellCarByPage_mpCount - ==>  Preparing: SELECT COUNT(*) FROM car_info WHERE car_info.user_id = ?
2021-05-09 02:16:52.429 [DEBUG] com.dippy.mapper.CarInfoMapper.findMySellCarByPage_mpCount - ==> Parameters: 1(Integer)
2021-05-09 02:16:52.431 [DEBUG] com.dippy.mapper.CarInfoMapper.findMySellCarByPage_mpCount - <==      Total: 1
2021-05-09 02:16:52.432 [DEBUG] com.dippy.mapper.CarInfoMapper.findMySellCarByPage - ==>  Preparing: select * from car_info left join car_picture cp on car_info.car_id = cp.car_id where car_info.user_id = ? LIMIT ?
2021-05-09 02:16:52.433 [DEBUG] com.dippy.mapper.CarInfoMapper.findMySellCarByPage - ==> Parameters: 1(Integer), 5(Long)
2021-05-09 02:16:52.436 [DEBUG] com.dippy.mapper.CarInfoMapper.findMySellCarByPage - <==      Total: 5
2021-05-09 02:17:03.662 [DEBUG] com.dippy.mapper.CarInfoMapper.selectById - ==>  Preparing: SELECT car_id,car_brand,car_series,car_type,car_price,car_count,car_user_time,transfer_count,car_car_mileage,car_color,car_picture_id,car_gear_box,car_displacement,produce_time,car_configuration,car_seat,car_fuel_type,car_quality_time,car_region_id,car_front_tyre,rear_tyre,car_describe,create_time,update_time,car_status,car_title,user_id,car_picture FROM car_info WHERE car_id=?
2021-05-09 02:17:03.663 [DEBUG] com.dippy.mapper.CarInfoMapper.selectById - ==> Parameters: 1(Integer)
2021-05-09 02:17:03.672 [DEBUG] com.dippy.mapper.CarInfoMapper.selectById - <==      Total: 1
2021-05-09 02:17:03.674 [DEBUG] com.dippy.mapper.CarPictureMapper.selectList - ==>  Preparing: SELECT car_picture_location,car_url FROM car_picture WHERE (car_id = ?)
2021-05-09 02:17:03.674 [DEBUG] com.dippy.mapper.CarPictureMapper.selectList - ==> Parameters: 1(Integer)
2021-05-09 02:17:03.676 [DEBUG] com.dippy.mapper.CarPictureMapper.selectList - <==      Total: 20
2021-05-09 02:17:03.678 [DEBUG] com.dippy.mapper.SysUserMapper.selectOne - ==>  Preparing: SELECT name,phone,sex FROM sys_user WHERE (user_id = ?)
2021-05-09 02:17:03.678 [DEBUG] com.dippy.mapper.SysUserMapper.selectOne - ==> Parameters: 1(Integer)
2021-05-09 02:17:03.680 [DEBUG] com.dippy.mapper.SysUserMapper.selectOne - <==      Total: 1
2021-05-09 23:38:54.720 [DEBUG] com.dippy.mapper.CarInfoMapper.selectById - ==>  Preparing: SELECT car_id,car_brand,car_series,car_type,car_price,car_count,car_user_time,transfer_count,car_car_mileage,car_color,car_picture_id,car_gear_box,car_displacement,produce_time,car_configuration,car_seat,car_fuel_type,car_quality_time,car_region_id,car_front_tyre,rear_tyre,car_describe,create_time,update_time,car_status,car_title,user_id,car_picture FROM car_info WHERE car_id=?
2021-05-09 23:38:54.944 [DEBUG] com.dippy.mapper.CarInfoMapper.selectById - ==> Parameters: 1(Integer)
2021-05-09 23:38:55.018 [DEBUG] com.dippy.mapper.CarInfoMapper.selectById - <==      Total: 1
2021-05-09 23:38:55.122 [DEBUG] com.dippy.mapper.CarPictureMapper.selectList - ==>  Preparing: SELECT car_picture_location,car_url FROM car_picture WHERE (car_id = ?)
2021-05-09 23:38:55.124 [DEBUG] com.dippy.mapper.CarPictureMapper.selectList - ==> Parameters: 1(Integer)
2021-05-09 23:38:55.151 [DEBUG] com.dippy.mapper.CarPictureMapper.selectList - <==      Total: 20
2021-05-09 23:38:55.163 [DEBUG] com.dippy.mapper.SysUserMapper.selectOne - ==>  Preparing: SELECT name,phone,sex FROM sys_user WHERE (user_id = ?)
2021-05-09 23:38:55.164 [DEBUG] com.dippy.mapper.SysUserMapper.selectOne - ==> Parameters: 1(Integer)
2021-05-09 23:38:55.182 [DEBUG] com.dippy.mapper.SysUserMapper.selectOne - <==      Total: 1
2021-05-09 23:39:16.649 [DEBUG] com.dippy.mapper.SysUserMapper.selectOne - ==>  Preparing: SELECT user_id,username,password,name,sex,avatar,address_id,province,city,area,detailed_address,phone,email,birthday,is_lock,create_time,update_time FROM sys_user WHERE (username = ?)
2021-05-09 23:39:16.650 [DEBUG] com.dippy.mapper.SysUserMapper.selectOne - ==> Parameters: admin(String)
2021-05-09 23:39:16.655 [DEBUG] com.dippy.mapper.SysUserMapper.selectOne - <==      Total: 1
2021-05-09 23:39:16.674 [DEBUG] com.dippy.mapper.SysRoleUserMapper.selectList - ==>  Preparing: SELECT role_id FROM sys_role_user WHERE (user_id = ?)
2021-05-09 23:39:16.674 [DEBUG] com.dippy.mapper.SysRoleUserMapper.selectList - ==> Parameters: 1(Integer)
2021-05-09 23:39:16.694 [DEBUG] com.dippy.mapper.SysRoleUserMapper.selectList - <==      Total: 1
2021-05-09 23:39:16.696 [DEBUG] com.dippy.mapper.SysPermissionMapper.listPermissionByUserId - ==>  Preparing: SELECT p.* FROM sys_user u, sys_permission p LEFT JOIN sys_role_permission rp ON p.permission_id = rp.permission_id LEFT JOIN sys_role_user ru ON rp.role_id = ru.role_id WHERE u.user_id = ?
2021-05-09 23:39:16.696 [DEBUG] com.dippy.mapper.SysPermissionMapper.listPermissionByUserId - ==> Parameters: 1(Integer)
2021-05-09 23:39:16.741 [DEBUG] com.dippy.mapper.SysPermissionMapper.listPermissionByUserId - <==      Total: 80
2021-05-09 23:39:21.162 [DEBUG] com.dippy.mapper.CarInfoMapper.selectById - ==>  Preparing: SELECT car_id,car_brand,car_series,car_type,car_price,car_count,car_user_time,transfer_count,car_car_mileage,car_color,car_picture_id,car_gear_box,car_displacement,produce_time,car_configuration,car_seat,car_fuel_type,car_quality_time,car_region_id,car_front_tyre,rear_tyre,car_describe,create_time,update_time,car_status,car_title,user_id,car_picture FROM car_info WHERE car_id=?
2021-05-09 23:39:21.175 [DEBUG] com.dippy.mapper.CarInfoMapper.selectById - ==> Parameters: 1(Integer)
2021-05-09 23:39:21.178 [DEBUG] com.dippy.mapper.CarInfoMapper.selectById - <==      Total: 1
2021-05-09 23:39:21.182 [DEBUG] com.dippy.mapper.CarPictureMapper.selectList - ==>  Preparing: SELECT car_picture_location,car_url FROM car_picture WHERE (car_id = ?)
2021-05-09 23:39:21.183 [DEBUG] com.dippy.mapper.CarPictureMapper.selectList - ==> Parameters: 1(Integer)
2021-05-09 23:39:21.186 [DEBUG] com.dippy.mapper.CarPictureMapper.selectList - <==      Total: 20
2021-05-09 23:39:21.190 [DEBUG] com.dippy.mapper.SysUserMapper.selectOne - ==>  Preparing: SELECT name,phone,sex FROM sys_user WHERE (user_id = ?)
2021-05-09 23:39:21.191 [DEBUG] com.dippy.mapper.SysUserMapper.selectOne - ==> Parameters: 1(Integer)
2021-05-09 23:39:21.193 [DEBUG] com.dippy.mapper.SysUserMapper.selectOne - <==      Total: 1
2021-05-09 23:40:48.900 [DEBUG] com.dippy.mapper.CarInfoMapper.findMySellCarByPage_mpCount - ==>  Preparing: SELECT COUNT(*) FROM car_info WHERE car_info.user_id = ?
2021-05-09 23:40:48.902 [DEBUG] com.dippy.mapper.CarInfoMapper.findMySellCarByPage_mpCount - ==> Parameters: 1(Integer)
2021-05-09 23:40:48.905 [DEBUG] com.dippy.mapper.CarInfoMapper.findMySellCarByPage_mpCount - <==      Total: 1
2021-05-09 23:40:48.922 [DEBUG] com.dippy.mapper.CarInfoMapper.findMySellCarByPage - ==>  Preparing: select * from car_info left join car_picture cp on car_info.car_id = cp.car_id where car_info.user_id = ? LIMIT ?
2021-05-09 23:40:48.923 [DEBUG] com.dippy.mapper.CarInfoMapper.findMySellCarByPage - ==> Parameters: 1(Integer), 5(Long)
2021-05-09 23:40:48.929 [DEBUG] com.dippy.mapper.CarInfoMapper.findMySellCarByPage - <==      Total: 5
