2021-03-19 16:59:31.926 [main] ERROR org.springframework.boot.SpringApplication - Application run failed
org.springframework.beans.factory.BeanCreationException: Error creating bean with name 'carInfoRepository' defined in com.dippy.es.repository.CarInfoRepository defined in @EnableElasticsearchRepositories declared on ElasticsearchRepositoriesRegistrar.EnableElasticsearchRepositoriesConfiguration: Invocation of init method failed; nested exception is org.springframework.data.mapping.MappingException: Property CarInfoModel.produceTime is annotated with FieldType.Date but has no DateFormat defined
	at org.springframework.beans.factory.support.AbstractAutowireCapableBeanFactory.initializeBean(AbstractAutowireCapableBeanFactory.java:1794)
	at org.springframework.beans.factory.support.AbstractAutowireCapableBeanFactory.doCreateBean(AbstractAutowireCapableBeanFactory.java:594)
	at org.springframework.beans.factory.support.AbstractAutowireCapableBeanFactory.createBean(AbstractAutowireCapableBeanFactory.java:516)
	at org.springframework.beans.factory.support.AbstractBeanFactory.lambda$doGetBean$0(AbstractBeanFactory.java:324)
	at org.springframework.beans.factory.support.DefaultSingletonBeanRegistry.getSingleton(DefaultSingletonBeanRegistry.java:234)
	at org.springframework.beans.factory.support.AbstractBeanFactory.doGetBean(AbstractBeanFactory.java:322)
	at org.springframework.beans.factory.support.AbstractBeanFactory.getBean(AbstractBeanFactory.java:202)
	at org.springframework.beans.factory.support.DefaultListableBeanFactory.preInstantiateSingletons(DefaultListableBeanFactory.java:878)
	at org.springframework.context.support.AbstractApplicationContext.finishBeanFactoryInitialization(AbstractApplicationContext.java:879)
	at org.springframework.context.support.AbstractApplicationContext.__refresh(AbstractApplicationContext.java:551)
	at org.springframework.context.support.AbstractApplicationContext.jrLockAndRefresh(AbstractApplicationContext.java:40002)
	at org.springframework.context.support.AbstractApplicationContext.refresh(AbstractApplicationContext.java:41008)
	at org.springframework.boot.web.servlet.context.ServletWebServerApplicationContext.refresh(ServletWebServerApplicationContext.java:143)
	at org.springframework.boot.SpringApplication.refresh(SpringApplication.java:758)
	at org.springframework.boot.SpringApplication.refresh(SpringApplication.java:750)
	at org.springframework.boot.SpringApplication.refreshContext(SpringApplication.java:397)
	at org.springframework.boot.SpringApplication.run(SpringApplication.java:315)
	at org.springframework.boot.SpringApplication.run(SpringApplication.java:1237)
	at org.springframework.boot.SpringApplication.run(SpringApplication.java:1226)
	at com.dippy.SpringbootSecondcarApplication.main(SpringbootSecondcarApplication.java:23)
Caused by: org.springframework.data.mapping.MappingException: Property CarInfoModel.produceTime is annotated with FieldType.Date but has no DateFormat defined
	at org.springframework.data.elasticsearch.core.mapping.SimpleElasticsearchPersistentProperty.initDateConverter(SimpleElasticsearchPersistentProperty.java:132)
	at org.springframework.data.elasticsearch.core.mapping.SimpleElasticsearchPersistentProperty.<init>(SimpleElasticsearchPersistentProperty.java:91)
	at org.springframework.data.elasticsearch.core.mapping.SimpleElasticsearchMappingContext.createPersistentProperty(SimpleElasticsearchMappingContext.java:53)
	at org.springframework.data.elasticsearch.core.mapping.SimpleElasticsearchMappingContext.createPersistentProperty(SimpleElasticsearchMappingContext.java:34)
	at org.springframework.data.mapping.context.AbstractMappingContext$PersistentPropertyCreator.createAndRegisterProperty(AbstractMappingContext.java:542)
	at org.springframework.data.mapping.context.AbstractMappingContext$PersistentPropertyCreator.doWith(AbstractMappingContext.java:520)
	at org.springframework.util.ReflectionUtils.doWithFields(ReflectionUtils.java:705)
	at org.springframework.data.mapping.context.AbstractMappingContext.addPersistentEntity(AbstractMappingContext.java:389)
	at org.springframework.data.mapping.context.AbstractMappingContext.getPersistentEntity(AbstractMappingContext.java:263)
	at org.springframework.data.mapping.context.AbstractMappingContext.getPersistentEntity(AbstractMappingContext.java:206)
	at org.springframework.data.mapping.context.AbstractMappingContext.getPersistentEntity(AbstractMappingContext.java:90)
	at org.springframework.data.repository.core.support.RepositoryFactoryBeanSupport.lambda$afterPropertiesSet$4(RepositoryFactoryBeanSupport.java:295)
	at java.util.Optional.ifPresent(Optional.java:159)
	at org.springframework.data.repository.core.support.RepositoryFactoryBeanSupport.afterPropertiesSet(RepositoryFactoryBeanSupport.java:295)
	at org.springframework.data.elasticsearch.repository.support.ElasticsearchRepositoryFactoryBean.afterPropertiesSet(ElasticsearchRepositoryFactoryBean.java:69)
	at org.springframework.beans.factory.support.AbstractAutowireCapableBeanFactory.invokeInitMethods(AbstractAutowireCapableBeanFactory.java:1853)
	at org.springframework.beans.factory.support.AbstractAutowireCapableBeanFactory.initializeBean(AbstractAutowireCapableBeanFactory.java:1790)
	... 19 common frames omitted
2021-03-19 21:13:45.839 [main] ERROR org.springframework.boot.SpringApplication - Application run failed
org.springframework.beans.factory.BeanCreationException: Error creating bean with name 'carInfoRepository' defined in com.dippy.es.repository.CarInfoRepository defined in @EnableElasticsearchRepositories declared on ElasticsearchRepositoriesRegistrar.EnableElasticsearchRepositoriesConfiguration: Invocation of init method failed; nested exception is org.springframework.data.mapping.MappingException: Property CarInfoModel.createTime is annotated with FieldType.Date but has no DateFormat defined
	at org.springframework.beans.factory.support.AbstractAutowireCapableBeanFactory.initializeBean(AbstractAutowireCapableBeanFactory.java:1794)
	at org.springframework.beans.factory.support.AbstractAutowireCapableBeanFactory.doCreateBean(AbstractAutowireCapableBeanFactory.java:594)
	at org.springframework.beans.factory.support.AbstractAutowireCapableBeanFactory.createBean(AbstractAutowireCapableBeanFactory.java:516)
	at org.springframework.beans.factory.support.AbstractBeanFactory.lambda$doGetBean$0(AbstractBeanFactory.java:324)
	at org.springframework.beans.factory.support.DefaultSingletonBeanRegistry.getSingleton(DefaultSingletonBeanRegistry.java:234)
	at org.springframework.beans.factory.support.AbstractBeanFactory.doGetBean(AbstractBeanFactory.java:322)
	at org.springframework.beans.factory.support.AbstractBeanFactory.getBean(AbstractBeanFactory.java:202)
	at org.springframework.beans.factory.support.DefaultListableBeanFactory.preInstantiateSingletons(DefaultListableBeanFactory.java:878)
	at org.springframework.context.support.AbstractApplicationContext.finishBeanFactoryInitialization(AbstractApplicationContext.java:879)
	at org.springframework.context.support.AbstractApplicationContext.__refresh(AbstractApplicationContext.java:551)
	at org.springframework.context.support.AbstractApplicationContext.jrLockAndRefresh(AbstractApplicationContext.java:40002)
	at org.springframework.context.support.AbstractApplicationContext.refresh(AbstractApplicationContext.java:41008)
	at org.springframework.boot.web.servlet.context.ServletWebServerApplicationContext.refresh(ServletWebServerApplicationContext.java:143)
	at org.springframework.boot.SpringApplication.refresh(SpringApplication.java:758)
	at org.springframework.boot.SpringApplication.refresh(SpringApplication.java:750)
	at org.springframework.boot.SpringApplication.refreshContext(SpringApplication.java:397)
	at org.springframework.boot.SpringApplication.run(SpringApplication.java:315)
	at org.springframework.boot.SpringApplication.run(SpringApplication.java:1237)
	at org.springframework.boot.SpringApplication.run(SpringApplication.java:1226)
	at com.dippy.SpringbootSecondcarApplication.main(SpringbootSecondcarApplication.java:23)
Caused by: org.springframework.data.mapping.MappingException: Property CarInfoModel.createTime is annotated with FieldType.Date but has no DateFormat defined
	at org.springframework.data.elasticsearch.core.mapping.SimpleElasticsearchPersistentProperty.initDateConverter(SimpleElasticsearchPersistentProperty.java:132)
	at org.springframework.data.elasticsearch.core.mapping.SimpleElasticsearchPersistentProperty.<init>(SimpleElasticsearchPersistentProperty.java:91)
	at org.springframework.data.elasticsearch.core.mapping.SimpleElasticsearchMappingContext.createPersistentProperty(SimpleElasticsearchMappingContext.java:53)
	at org.springframework.data.elasticsearch.core.mapping.SimpleElasticsearchMappingContext.createPersistentProperty(SimpleElasticsearchMappingContext.java:34)
	at org.springframework.data.mapping.context.AbstractMappingContext$PersistentPropertyCreator.createAndRegisterProperty(AbstractMappingContext.java:542)
	at org.springframework.data.mapping.context.AbstractMappingContext$PersistentPropertyCreator.doWith(AbstractMappingContext.java:520)
	at org.springframework.util.ReflectionUtils.doWithFields(ReflectionUtils.java:705)
	at org.springframework.data.mapping.context.AbstractMappingContext.addPersistentEntity(AbstractMappingContext.java:389)
	at org.springframework.data.mapping.context.AbstractMappingContext.getPersistentEntity(AbstractMappingContext.java:263)
	at org.springframework.data.mapping.context.AbstractMappingContext.getPersistentEntity(AbstractMappingContext.java:206)
	at org.springframework.data.mapping.context.AbstractMappingContext.getPersistentEntity(AbstractMappingContext.java:90)
	at org.springframework.data.repository.core.support.RepositoryFactoryBeanSupport.lambda$afterPropertiesSet$4(RepositoryFactoryBeanSupport.java:295)
	at java.util.Optional.ifPresent(Optional.java:159)
	at org.springframework.data.repository.core.support.RepositoryFactoryBeanSupport.afterPropertiesSet(RepositoryFactoryBeanSupport.java:295)
	at org.springframework.data.elasticsearch.repository.support.ElasticsearchRepositoryFactoryBean.afterPropertiesSet(ElasticsearchRepositoryFactoryBean.java:69)
	at org.springframework.beans.factory.support.AbstractAutowireCapableBeanFactory.invokeInitMethods(AbstractAutowireCapableBeanFactory.java:1853)
	at org.springframework.beans.factory.support.AbstractAutowireCapableBeanFactory.initializeBean(AbstractAutowireCapableBeanFactory.java:1790)
	... 19 common frames omitted
2021-03-19 22:37:59.441 [main] ERROR org.springframework.boot.SpringApplication - Application run failed
org.springframework.beans.factory.BeanCreationException: Error creating bean with name 'elasticsearchRestClientBuilder' defined in class path resource [org/springframework/boot/autoconfigure/elasticsearch/ElasticsearchRestClientConfigurations$RestClientBuilderConfiguration.class]: Bean instantiation via factory method failed; nested exception is org.springframework.beans.BeanInstantiationException: Failed to instantiate [org.elasticsearch.client.RestClientBuilder]: Factory method 'elasticsearchRestClientBuilder' threw exception; nested exception is java.lang.IllegalArgumentException: Invalid HTTP host: 192.168.88.128:9200/
	at org.springframework.beans.factory.support.ConstructorResolver.instantiate(ConstructorResolver.java:655)
	at org.springframework.beans.factory.support.ConstructorResolver.instantiateUsingFactoryMethod(ConstructorResolver.java:635)
	at org.springframework.beans.factory.support.AbstractAutowireCapableBeanFactory.instantiateUsingFactoryMethod(AbstractAutowireCapableBeanFactory.java:1336)
	at org.springframework.beans.factory.support.AbstractAutowireCapableBeanFactory.createBeanInstance(AbstractAutowireCapableBeanFactory.java:1176)
	at org.springframework.beans.factory.support.AbstractAutowireCapableBeanFactory.doCreateBean(AbstractAutowireCapableBeanFactory.java:556)
	at org.springframework.beans.factory.support.AbstractAutowireCapableBeanFactory.createBean(AbstractAutowireCapableBeanFactory.java:516)
	at org.springframework.beans.factory.support.AbstractBeanFactory.lambda$doGetBean$0(AbstractBeanFactory.java:324)
	at org.springframework.beans.factory.support.DefaultSingletonBeanRegistry.getSingleton(DefaultSingletonBeanRegistry.java:234)
	at org.springframework.beans.factory.support.AbstractBeanFactory.doGetBean(AbstractBeanFactory.java:322)
	at org.springframework.beans.factory.support.AbstractBeanFactory.getBean(AbstractBeanFactory.java:202)
	at org.springframework.beans.factory.support.DefaultListableBeanFactory.preInstantiateSingletons(DefaultListableBeanFactory.java:897)
	at org.springframework.context.support.AbstractApplicationContext.finishBeanFactoryInitialization(AbstractApplicationContext.java:879)
	at org.springframework.context.support.AbstractApplicationContext.__refresh(AbstractApplicationContext.java:551)
	at org.springframework.context.support.AbstractApplicationContext.jrLockAndRefresh(AbstractApplicationContext.java:40002)
	at org.springframework.context.support.AbstractApplicationContext.refresh(AbstractApplicationContext.java:41008)
	at org.springframework.boot.web.servlet.context.ServletWebServerApplicationContext.refresh(ServletWebServerApplicationContext.java:143)
	at org.springframework.boot.SpringApplication.refresh(SpringApplication.java:758)
	at org.springframework.boot.SpringApplication.refresh(SpringApplication.java:750)
	at org.springframework.boot.SpringApplication.refreshContext(SpringApplication.java:397)
	at org.springframework.boot.SpringApplication.run(SpringApplication.java:315)
	at org.springframework.boot.SpringApplication.run(SpringApplication.java:1237)
	at org.springframework.boot.SpringApplication.run(SpringApplication.java:1226)
	at com.dippy.SpringbootSecondcarApplication.main(SpringbootSecondcarApplication.java:23)
Caused by: org.springframework.beans.BeanInstantiationException: Failed to instantiate [org.elasticsearch.client.RestClientBuilder]: Factory method 'elasticsearchRestClientBuilder' threw exception; nested exception is java.lang.IllegalArgumentException: Invalid HTTP host: 192.168.88.128:9200/
	at org.springframework.beans.factory.support.SimpleInstantiationStrategy.instantiate(SimpleInstantiationStrategy.java:185)
	at org.springframework.beans.factory.support.ConstructorResolver.instantiate(ConstructorResolver.java:650)
	... 22 common frames omitted
Caused by: java.lang.IllegalArgumentException: Invalid HTTP host: 192.168.88.128:9200/
	at org.apache.http.HttpHost.create(HttpHost.java:122)
	at org.springframework.boot.autoconfigure.elasticsearch.ElasticsearchRestClientConfigurations$RestClientBuilderConfiguration.createHttpHost(ElasticsearchRestClientConfigurations.java:83)
	at java.util.stream.ReferencePipeline$3$1.accept(ReferencePipeline.java:193)
	at java.util.ArrayList$ArrayListSpliterator.forEachRemaining(ArrayList.java:1382)
	at java.util.stream.AbstractPipeline.copyInto(AbstractPipeline.java:481)
	at java.util.stream.AbstractPipeline.wrapAndCopyInto(AbstractPipeline.java:471)
	at java.util.stream.AbstractPipeline.evaluate(AbstractPipeline.java:545)
	at java.util.stream.AbstractPipeline.evaluateToArrayNode(AbstractPipeline.java:260)
	at java.util.stream.ReferencePipeline.toArray(ReferencePipeline.java:438)
	at org.springframework.boot.autoconfigure.elasticsearch.ElasticsearchRestClientConfigurations$RestClientBuilderConfiguration.elasticsearchRestClientBuilder(ElasticsearchRestClientConfigurations.java:64)
	at sun.reflect.NativeMethodAccessorImpl.invoke0(Native Method)
	at sun.reflect.NativeMethodAccessorImpl.invoke(NativeMethodAccessorImpl.java:62)
	at sun.reflect.DelegatingMethodAccessorImpl.invoke(DelegatingMethodAccessorImpl.java:43)
	at java.lang.reflect.Method.invoke(Method.java:498)
	at org.springframework.beans.factory.support.SimpleInstantiationStrategy.instantiate(SimpleInstantiationStrategy.java:154)
	... 23 common frames omitted
