2021-05-10 14:35:29.228 [DEBUG] com.dippy.mapper.SysUserMapper.selectOne - ==>  Preparing: SELECT user_id,username,password,name,sex,avatar,address_id,province,city,area,detailed_address,phone,email,birthday,is_lock,create_time,update_time FROM sys_user WHERE (username = ?)
2021-05-10 14:35:29.286 [DEBUG] com.dippy.mapper.SysUserMapper.selectOne - ==> Parameters: admin(String)
2021-05-10 14:35:29.395 [DEBUG] com.dippy.mapper.SysUserMapper.selectOne - <==      Total: 1
2021-05-10 14:35:29.423 [DEBUG] com.dippy.mapper.SysRoleUserMapper.selectList - ==>  Preparing: SELECT role_id FROM sys_role_user WHERE (user_id = ?)
2021-05-10 14:35:29.424 [DEBUG] com.dippy.mapper.SysRoleUserMapper.selectList - ==> Parameters: 1(Integer)
2021-05-10 14:35:29.461 [DEBUG] com.dippy.mapper.SysRoleUserMapper.selectList - <==      Total: 1
2021-05-10 14:35:29.464 [DEBUG] com.dippy.mapper.SysPermissionMapper.listPermissionByUserId - ==>  Preparing: SELECT p.* FROM sys_user u, sys_permission p LEFT JOIN sys_role_permission rp ON p.permission_id = rp.permission_id LEFT JOIN sys_role_user ru ON rp.role_id = ru.role_id WHERE u.user_id = ?
2021-05-10 14:35:29.465 [DEBUG] com.dippy.mapper.SysPermissionMapper.listPermissionByUserId - ==> Parameters: 1(Integer)
2021-05-10 14:35:29.515 [DEBUG] com.dippy.mapper.SysPermissionMapper.listPermissionByUserId - <==      Total: 80
2021-05-10 14:35:53.781 [DEBUG] com.dippy.mapper.CarInfoMapper.findMySellCarByPage_mpCount - ==>  Preparing: SELECT COUNT(*) FROM car_info WHERE car_info.user_id = ?
2021-05-10 14:35:53.783 [DEBUG] com.dippy.mapper.CarInfoMapper.findMySellCarByPage_mpCount - ==> Parameters: 1(Integer)
2021-05-10 14:35:53.801 [DEBUG] com.dippy.mapper.CarInfoMapper.findMySellCarByPage_mpCount - <==      Total: 1
2021-05-10 14:35:53.819 [DEBUG] com.dippy.mapper.CarInfoMapper.findMySellCarByPage - ==>  Preparing: select * from car_info left join car_picture cp on car_info.car_id = cp.car_id where car_info.user_id = ? LIMIT ?
2021-05-10 14:35:53.820 [DEBUG] com.dippy.mapper.CarInfoMapper.findMySellCarByPage - ==> Parameters: 1(Integer), 5(Long)
2021-05-10 14:35:53.850 [DEBUG] com.dippy.mapper.CarInfoMapper.findMySellCarByPage - <==      Total: 5
2021-05-10 14:53:12.174 [DEBUG] com.dippy.mapper.CarInfoMapper.findMySellCarByPage_mpCount - ==>  Preparing: SELECT COUNT(*) FROM car_info WHERE car_info.user_id = ?
2021-05-10 14:53:12.176 [DEBUG] com.dippy.mapper.CarInfoMapper.findMySellCarByPage_mpCount - ==> Parameters: 1(Integer)
2021-05-10 14:53:12.178 [DEBUG] com.dippy.mapper.CarInfoMapper.findMySellCarByPage_mpCount - <==      Total: 1
2021-05-10 14:53:12.180 [DEBUG] com.dippy.mapper.CarInfoMapper.findMySellCarByPage - ==>  Preparing: select * from car_info left join car_picture cp on car_info.car_id = cp.car_id where car_info.user_id = ? LIMIT ?
2021-05-10 14:53:12.181 [DEBUG] com.dippy.mapper.CarInfoMapper.findMySellCarByPage - ==> Parameters: 1(Integer), 5(Long)
2021-05-10 14:53:12.186 [DEBUG] com.dippy.mapper.CarInfoMapper.findMySellCarByPage - <==      Total: 5
2021-05-10 15:08:49.226 [DEBUG] com.dippy.mapper.CarInfoMapper.findMySellCarByPage_mpCount - ==>  Preparing: SELECT COUNT(*) FROM car_info WHERE car_info.user_id = ?
2021-05-10 15:08:49.229 [DEBUG] com.dippy.mapper.CarInfoMapper.findMySellCarByPage_mpCount - ==> Parameters: 1(Integer)
2021-05-10 15:08:49.231 [DEBUG] com.dippy.mapper.CarInfoMapper.findMySellCarByPage_mpCount - <==      Total: 1
2021-05-10 15:08:49.233 [DEBUG] com.dippy.mapper.CarInfoMapper.findMySellCarByPage - ==>  Preparing: select * from car_info left join car_picture cp on car_info.car_id = cp.car_id where car_info.user_id = ? LIMIT ?
2021-05-10 15:08:49.234 [DEBUG] com.dippy.mapper.CarInfoMapper.findMySellCarByPage - ==> Parameters: 1(Integer), 5(Long)
2021-05-10 15:08:49.238 [DEBUG] com.dippy.mapper.CarInfoMapper.findMySellCarByPage - <==      Total: 5
2021-05-10 15:09:03.886 [DEBUG] com.dippy.mapper.CarInfoMapper.insert - ==>  Preparing: INSERT INTO car_info ( car_brand, car_series, car_type, car_price, car_user_time, transfer_count, car_car_mileage, car_color, car_gear_box, car_displacement, car_configuration, car_seat, car_fuel_type, car_front_tyre, rear_tyre, car_describe, create_time, car_status, car_title ) VALUES ( ?, ?, ?, ?, ?, ?, ?, ?, ?, ?, ?, ?, ?, ?, ?, ?, ?, ?, ? )
2021-05-10 15:09:03.995 [DEBUG] com.dippy.mapper.CarInfoMapper.insert - ==> Parameters: (String), (String), (String), 0.0(Double), 0(Integer), 0(Integer), 0.0(Double), (String), (String), 0.0(Double), (String), 0(Integer), (String), 0(String), 0(String), (String), 2021-05-10T15:09:03.864(LocalDateTime), 0(Integer), (String)
2021-05-10 15:09:04.012 [DEBUG] com.dippy.mapper.CarInfoMapper.insert - <==    Updates: 1
2021-05-10 15:09:04.070 [DEBUG] com.dippy.mapper.CarInfoMapper.selectOne - ==>  Preparing: SELECT car_id,car_brand,car_series,car_type,car_price,car_count,car_user_time,transfer_count,car_car_mileage,car_color,car_picture_id,car_gear_box,car_displacement,produce_time,car_configuration,car_seat,car_fuel_type,car_quality_time,car_region_id,car_front_tyre,rear_tyre,car_describe,create_time,update_time,car_status,car_title,user_id,car_picture FROM car_info WHERE (car_id = ?)
2021-05-10 15:09:04.070 [DEBUG] com.dippy.mapper.CarInfoMapper.selectOne - ==> Parameters: 19(Integer)
2021-05-10 15:09:04.074 [DEBUG] com.dippy.mapper.CarInfoMapper.selectOne - <==      Total: 1
2021-05-10 15:18:12.383 [DEBUG] com.dippy.mapper.CarInfoMapper.findMySellCarByPage_mpCount - ==>  Preparing: SELECT COUNT(*) FROM car_info WHERE car_info.user_id = ?
2021-05-10 15:18:12.384 [DEBUG] com.dippy.mapper.CarInfoMapper.findMySellCarByPage_mpCount - ==> Parameters: 1(Integer)
2021-05-10 15:18:12.386 [DEBUG] com.dippy.mapper.CarInfoMapper.findMySellCarByPage_mpCount - <==      Total: 1
2021-05-10 15:18:12.388 [DEBUG] com.dippy.mapper.CarInfoMapper.findMySellCarByPage - ==>  Preparing: select * from car_info left join car_picture cp on car_info.car_id = cp.car_id where car_info.user_id = ? LIMIT ?
2021-05-10 15:18:12.389 [DEBUG] com.dippy.mapper.CarInfoMapper.findMySellCarByPage - ==> Parameters: 1(Integer), 5(Long)
2021-05-10 15:18:12.393 [DEBUG] com.dippy.mapper.CarInfoMapper.findMySellCarByPage - <==      Total: 5
2021-05-10 15:18:33.351 [DEBUG] com.dippy.mapper.CarInfoMapper.findMySellCarByPage_mpCount - ==>  Preparing: SELECT COUNT(*) FROM car_info WHERE car_info.user_id = ?
2021-05-10 15:18:33.353 [DEBUG] com.dippy.mapper.CarInfoMapper.findMySellCarByPage_mpCount - ==> Parameters: 1(Integer)
2021-05-10 15:18:33.355 [DEBUG] com.dippy.mapper.CarInfoMapper.findMySellCarByPage_mpCount - <==      Total: 1
2021-05-10 15:18:33.357 [DEBUG] com.dippy.mapper.CarInfoMapper.findMySellCarByPage - ==>  Preparing: select * from car_info left join car_picture cp on car_info.car_id = cp.car_id where car_info.user_id = ? LIMIT ?
2021-05-10 15:18:33.358 [DEBUG] com.dippy.mapper.CarInfoMapper.findMySellCarByPage - ==> Parameters: 1(Integer), 5(Long)
2021-05-10 15:18:33.362 [DEBUG] com.dippy.mapper.CarInfoMapper.findMySellCarByPage - <==      Total: 5
2021-05-10 15:20:08.873 [DEBUG] com.dippy.mapper.CarInfoMapper.findMySellCarByPage_mpCount - ==>  Preparing: SELECT COUNT(*) FROM car_info WHERE car_info.user_id = ?
2021-05-10 15:20:08.875 [DEBUG] com.dippy.mapper.CarInfoMapper.findMySellCarByPage_mpCount - ==> Parameters: 1(Integer)
2021-05-10 15:20:08.877 [DEBUG] com.dippy.mapper.CarInfoMapper.findMySellCarByPage_mpCount - <==      Total: 1
2021-05-10 15:20:08.880 [DEBUG] com.dippy.mapper.CarInfoMapper.findMySellCarByPage - ==>  Preparing: select * from car_info left join car_picture cp on car_info.car_id = cp.car_id where car_info.user_id = ? LIMIT ?
2021-05-10 15:20:08.882 [DEBUG] com.dippy.mapper.CarInfoMapper.findMySellCarByPage - ==> Parameters: 1(Integer), 5(Long)
2021-05-10 15:20:08.887 [DEBUG] com.dippy.mapper.CarInfoMapper.findMySellCarByPage - <==      Total: 5
2021-05-10 15:21:39.067 [DEBUG] com.dippy.mapper.CarInfoMapper.findMySellCarByPage_mpCount - ==>  Preparing: SELECT COUNT(*) FROM car_info WHERE car_info.user_id = ?
2021-05-10 15:21:39.068 [DEBUG] com.dippy.mapper.CarInfoMapper.findMySellCarByPage_mpCount - ==> Parameters: 1(Integer)
2021-05-10 15:21:39.070 [DEBUG] com.dippy.mapper.CarInfoMapper.findMySellCarByPage_mpCount - <==      Total: 1
2021-05-10 15:21:39.072 [DEBUG] com.dippy.mapper.CarInfoMapper.findMySellCarByPage - ==>  Preparing: select * from car_info left join car_picture cp on car_info.car_id = cp.car_id where car_info.user_id = ? LIMIT ?
2021-05-10 15:21:39.073 [DEBUG] com.dippy.mapper.CarInfoMapper.findMySellCarByPage - ==> Parameters: 1(Integer), 5(Long)
2021-05-10 15:21:39.081 [DEBUG] com.dippy.mapper.CarInfoMapper.findMySellCarByPage - <==      Total: 5
2021-05-10 15:22:03.001 [DEBUG] com.dippy.mapper.CarInfoMapper.insert - ==>  Preparing: INSERT INTO car_info ( car_brand, car_series, car_type, car_price, car_user_time, transfer_count, car_car_mileage, car_color, car_gear_box, car_displacement, car_configuration, car_seat, car_fuel_type, car_front_tyre, rear_tyre, car_describe, create_time, car_status, car_title ) VALUES ( ?, ?, ?, ?, ?, ?, ?, ?, ?, ?, ?, ?, ?, ?, ?, ?, ?, ?, ? )
2021-05-10 15:22:03.003 [DEBUG] com.dippy.mapper.CarInfoMapper.insert - ==> Parameters: (String), (String), (String), 0.0(Double), 0(Integer), 0(Integer), 0.0(Double), (String), (String), 0.0(Double), (String), 0(Integer), (String), 0(String), 0(String), (String), 2021-05-10T15:22:02.998(LocalDateTime), 0(Integer), (String)
2021-05-10 15:22:03.008 [DEBUG] com.dippy.mapper.CarInfoMapper.insert - <==    Updates: 1
2021-05-10 15:22:03.019 [DEBUG] com.dippy.mapper.CarInfoMapper.selectOne - ==>  Preparing: SELECT car_id,car_brand,car_series,car_type,car_price,car_count,car_user_time,transfer_count,car_car_mileage,car_color,car_picture_id,car_gear_box,car_displacement,produce_time,car_configuration,car_seat,car_fuel_type,car_quality_time,car_region_id,car_front_tyre,rear_tyre,car_describe,create_time,update_time,car_status,car_title,user_id,car_picture FROM car_info WHERE (car_id = ?)
2021-05-10 15:22:03.019 [DEBUG] com.dippy.mapper.CarInfoMapper.selectOne - ==> Parameters: 20(Integer)
2021-05-10 15:22:03.022 [DEBUG] com.dippy.mapper.CarInfoMapper.selectOne - <==      Total: 1
2021-05-10 15:29:04.810 [DEBUG] com.dippy.mapper.CarInfoMapper.insert - ==>  Preparing: INSERT INTO car_info ( car_brand, car_series, car_type, car_price, car_user_time, transfer_count, car_car_mileage, car_color, car_gear_box, car_displacement, car_configuration, car_seat, car_fuel_type, car_front_tyre, rear_tyre, car_describe, create_time, car_status, car_title ) VALUES ( ?, ?, ?, ?, ?, ?, ?, ?, ?, ?, ?, ?, ?, ?, ?, ?, ?, ?, ? )
2021-05-10 15:29:04.814 [DEBUG] com.dippy.mapper.CarInfoMapper.insert - ==> Parameters: (String), (String), (String), 0.0(Double), 0(Integer), 0(Integer), 0.0(Double), (String), (String), 0.0(Double), (String), 0(Integer), (String), 0(String), 0(String), (String), 2021-05-10T15:29:04.807(LocalDateTime), 0(Integer), (String)
2021-05-10 15:29:04.818 [DEBUG] com.dippy.mapper.CarInfoMapper.insert - <==    Updates: 1
2021-05-10 15:29:04.848 [DEBUG] com.dippy.mapper.CarInfoMapper.selectOne - ==>  Preparing: SELECT car_id,car_brand,car_series,car_type,car_price,car_count,car_user_time,transfer_count,car_car_mileage,car_color,car_picture_id,car_gear_box,car_displacement,produce_time,car_configuration,car_seat,car_fuel_type,car_quality_time,car_region_id,car_front_tyre,rear_tyre,car_describe,create_time,update_time,car_status,car_title,user_id,car_picture FROM car_info WHERE (car_id = ?)
2021-05-10 15:29:04.849 [DEBUG] com.dippy.mapper.CarInfoMapper.selectOne - ==> Parameters: 21(Integer)
2021-05-10 15:29:04.855 [DEBUG] com.dippy.mapper.CarInfoMapper.selectOne - <==      Total: 1
2021-05-10 15:30:35.562 [DEBUG] com.dippy.mapper.CarInfoMapper.findMySellCarByPage_mpCount - ==>  Preparing: SELECT COUNT(*) FROM car_info WHERE car_info.user_id = ?
2021-05-10 15:30:35.563 [DEBUG] com.dippy.mapper.CarInfoMapper.findMySellCarByPage_mpCount - ==> Parameters: 1(Integer)
2021-05-10 15:30:35.565 [DEBUG] com.dippy.mapper.CarInfoMapper.findMySellCarByPage_mpCount - <==      Total: 1
2021-05-10 15:30:35.567 [DEBUG] com.dippy.mapper.CarInfoMapper.findMySellCarByPage - ==>  Preparing: select * from car_info left join car_picture cp on car_info.car_id = cp.car_id where car_info.user_id = ? LIMIT ?
2021-05-10 15:30:35.568 [DEBUG] com.dippy.mapper.CarInfoMapper.findMySellCarByPage - ==> Parameters: 1(Integer), 5(Long)
2021-05-10 15:30:35.577 [DEBUG] com.dippy.mapper.CarInfoMapper.findMySellCarByPage - <==      Total: 5
2021-05-10 15:30:39.508 [DEBUG] com.dippy.mapper.CarInfoMapper.insert - ==>  Preparing: INSERT INTO car_info ( car_brand, car_series, car_type, car_price, car_user_time, transfer_count, car_car_mileage, car_color, car_gear_box, car_displacement, car_configuration, car_seat, car_fuel_type, car_front_tyre, rear_tyre, car_describe, create_time, car_status, car_title ) VALUES ( ?, ?, ?, ?, ?, ?, ?, ?, ?, ?, ?, ?, ?, ?, ?, ?, ?, ?, ? )
2021-05-10 15:30:39.511 [DEBUG] com.dippy.mapper.CarInfoMapper.insert - ==> Parameters: (String), (String), (String), 0.0(Double), 0(Integer), 0(Integer), 0.0(Double), (String), (String), 0.0(Double), (String), 0(Integer), (String), 0(String), 0(String), (String), 2021-05-10T15:30:39.505(LocalDateTime), 0(Integer), (String)
2021-05-10 15:30:39.517 [DEBUG] com.dippy.mapper.CarInfoMapper.insert - <==    Updates: 1
2021-05-10 15:30:39.543 [DEBUG] com.dippy.mapper.CarInfoMapper.selectOne - ==>  Preparing: SELECT car_id,car_brand,car_series,car_type,car_price,car_count,car_user_time,transfer_count,car_car_mileage,car_color,car_picture_id,car_gear_box,car_displacement,produce_time,car_configuration,car_seat,car_fuel_type,car_quality_time,car_region_id,car_front_tyre,rear_tyre,car_describe,create_time,update_time,car_status,car_title,user_id,car_picture FROM car_info WHERE (car_id = ?)
2021-05-10 15:30:39.544 [DEBUG] com.dippy.mapper.CarInfoMapper.selectOne - ==> Parameters: 22(Integer)
2021-05-10 15:30:39.547 [DEBUG] com.dippy.mapper.CarInfoMapper.selectOne - <==      Total: 1
2021-05-10 15:35:25.357 [DEBUG] com.dippy.mapper.CarInfoMapper.findMySellCarByPage_mpCount - ==>  Preparing: SELECT COUNT(*) FROM car_info WHERE car_info.user_id = ?
2021-05-10 15:35:25.418 [DEBUG] com.dippy.mapper.CarInfoMapper.findMySellCarByPage_mpCount - ==> Parameters: 1(Integer)
2021-05-10 15:35:25.486 [DEBUG] com.dippy.mapper.CarInfoMapper.findMySellCarByPage_mpCount - <==      Total: 1
2021-05-10 15:35:25.506 [DEBUG] com.dippy.mapper.CarInfoMapper.findMySellCarByPage - ==>  Preparing: select * from car_info left join car_picture cp on car_info.car_id = cp.car_id where car_info.user_id = ? LIMIT ?
2021-05-10 15:35:25.507 [DEBUG] com.dippy.mapper.CarInfoMapper.findMySellCarByPage - ==> Parameters: 1(Integer), 5(Long)
2021-05-10 15:35:25.521 [DEBUG] com.dippy.mapper.CarInfoMapper.findMySellCarByPage - <==      Total: 5
2021-05-10 15:35:33.849 [DEBUG] com.dippy.mapper.CarInfoMapper.insert - ==>  Preparing: INSERT INTO car_info ( car_brand, car_series, car_type, car_price, car_user_time, transfer_count, car_car_mileage, car_color, car_gear_box, car_displacement, car_configuration, car_seat, car_fuel_type, car_front_tyre, rear_tyre, car_describe, create_time, car_status, car_title ) VALUES ( ?, ?, ?, ?, ?, ?, ?, ?, ?, ?, ?, ?, ?, ?, ?, ?, ?, ?, ? )
2021-05-10 15:35:33.855 [DEBUG] com.dippy.mapper.CarInfoMapper.insert - ==> Parameters: (String), (String), (String), 0.0(Double), 0(Integer), 0(Integer), 0.0(Double), (String), (String), 0.0(Double), (String), 0(Integer), (String), 0(String), 0(String), (String), 2021-05-10T15:35:33.799(LocalDateTime), 0(Integer), (String)
2021-05-10 15:35:33.861 [DEBUG] com.dippy.mapper.CarInfoMapper.insert - <==    Updates: 1
2021-05-10 15:35:33.977 [DEBUG] com.dippy.mapper.CarInfoMapper.selectOne - ==>  Preparing: SELECT car_id,car_brand,car_series,car_type,car_price,car_count,car_user_time,transfer_count,car_car_mileage,car_color,car_picture_id,car_gear_box,car_displacement,produce_time,car_configuration,car_seat,car_fuel_type,car_quality_time,car_region_id,car_front_tyre,rear_tyre,car_describe,create_time,update_time,car_status,car_title,user_id,car_picture FROM car_info WHERE (car_id = ?)
2021-05-10 15:35:33.978 [DEBUG] com.dippy.mapper.CarInfoMapper.selectOne - ==> Parameters: 23(Integer)
2021-05-10 15:35:33.983 [DEBUG] com.dippy.mapper.CarInfoMapper.selectOne - <==      Total: 1
2021-05-10 15:38:52.943 [DEBUG] com.dippy.mapper.CarInfoMapper.findMySellCarByPage_mpCount - ==>  Preparing: SELECT COUNT(*) FROM car_info WHERE car_info.user_id = ?
2021-05-10 15:38:52.945 [DEBUG] com.dippy.mapper.CarInfoMapper.findMySellCarByPage_mpCount - ==> Parameters: 1(Integer)
2021-05-10 15:38:52.947 [DEBUG] com.dippy.mapper.CarInfoMapper.findMySellCarByPage_mpCount - <==      Total: 1
2021-05-10 15:38:52.950 [DEBUG] com.dippy.mapper.CarInfoMapper.findMySellCarByPage - ==>  Preparing: select * from car_info left join car_picture cp on car_info.car_id = cp.car_id where car_info.user_id = ? LIMIT ?
2021-05-10 15:38:52.952 [DEBUG] com.dippy.mapper.CarInfoMapper.findMySellCarByPage - ==> Parameters: 1(Integer), 5(Long)
2021-05-10 15:38:52.959 [DEBUG] com.dippy.mapper.CarInfoMapper.findMySellCarByPage - <==      Total: 5
2021-05-10 15:38:57.462 [DEBUG] com.dippy.mapper.CarInfoMapper.insert - ==>  Preparing: INSERT INTO car_info ( car_brand, car_series, car_type, car_price, car_user_time, transfer_count, car_car_mileage, car_color, car_gear_box, car_displacement, car_configuration, car_seat, car_fuel_type, car_front_tyre, rear_tyre, car_describe, create_time, car_status, car_title ) VALUES ( ?, ?, ?, ?, ?, ?, ?, ?, ?, ?, ?, ?, ?, ?, ?, ?, ?, ?, ? )
2021-05-10 15:38:57.470 [DEBUG] com.dippy.mapper.CarInfoMapper.insert - ==> Parameters: (String), (String), (String), 0.0(Double), 0(Integer), 0(Integer), 0.0(Double), (String), (String), 0.0(Double), (String), 0(Integer), (String), 0(String), 0(String), (String), 2021-05-10T15:38:57.459(LocalDateTime), 0(Integer), (String)
2021-05-10 15:38:57.476 [DEBUG] com.dippy.mapper.CarInfoMapper.insert - <==    Updates: 1
2021-05-10 15:38:57.484 [DEBUG] com.dippy.mapper.CarInfoMapper.selectOne - ==>  Preparing: SELECT car_id,car_brand,car_series,car_type,car_price,car_count,car_user_time,transfer_count,car_car_mileage,car_color,car_picture_id,car_gear_box,car_displacement,produce_time,car_configuration,car_seat,car_fuel_type,car_quality_time,car_region_id,car_front_tyre,rear_tyre,car_describe,create_time,update_time,car_status,car_title,user_id,car_picture FROM car_info WHERE (car_id = ?)
2021-05-10 15:38:57.486 [DEBUG] com.dippy.mapper.CarInfoMapper.selectOne - ==> Parameters: 24(Integer)
2021-05-10 15:38:57.490 [DEBUG] com.dippy.mapper.CarInfoMapper.selectOne - <==      Total: 1
2021-05-10 15:40:21.435 [DEBUG] com.dippy.mapper.CarInfoMapper.insert - ==>  Preparing: INSERT INTO car_info ( car_brand, car_series, car_type, car_price, car_user_time, transfer_count, car_car_mileage, car_color, car_gear_box, car_displacement, car_configuration, car_seat, car_fuel_type, car_front_tyre, rear_tyre, car_describe, create_time, car_status, car_title ) VALUES ( ?, ?, ?, ?, ?, ?, ?, ?, ?, ?, ?, ?, ?, ?, ?, ?, ?, ?, ? )
2021-05-10 15:40:21.437 [DEBUG] com.dippy.mapper.CarInfoMapper.insert - ==> Parameters: (String), (String), (String), 0.0(Double), 0(Integer), 0(Integer), 0.0(Double), (String), (String), 0.0(Double), (String), 0(Integer), (String), 0(String), 0(String), (String), 2021-05-10T15:40:21.432(LocalDateTime), 0(Integer), (String)
2021-05-10 15:40:21.445 [DEBUG] com.dippy.mapper.CarInfoMapper.insert - <==    Updates: 1
2021-05-10 15:40:21.454 [DEBUG] com.dippy.mapper.CarInfoMapper.selectOne - ==>  Preparing: SELECT car_id,car_brand,car_series,car_type,car_price,car_count,car_user_time,transfer_count,car_car_mileage,car_color,car_picture_id,car_gear_box,car_displacement,produce_time,car_configuration,car_seat,car_fuel_type,car_quality_time,car_region_id,car_front_tyre,rear_tyre,car_describe,create_time,update_time,car_status,car_title,user_id,car_picture FROM car_info WHERE (car_id = ?)
2021-05-10 15:40:21.457 [DEBUG] com.dippy.mapper.CarInfoMapper.selectOne - ==> Parameters: 25(Integer)
2021-05-10 15:40:21.460 [DEBUG] com.dippy.mapper.CarInfoMapper.selectOne - <==      Total: 1
2021-05-10 15:40:29.667 [DEBUG] com.dippy.mapper.CarInfoMapper.insert - ==>  Preparing: INSERT INTO car_info ( car_brand, car_series, car_type, car_price, car_user_time, transfer_count, car_car_mileage, car_color, car_gear_box, car_displacement, car_configuration, car_seat, car_fuel_type, car_front_tyre, rear_tyre, car_describe, create_time, car_status, car_title ) VALUES ( ?, ?, ?, ?, ?, ?, ?, ?, ?, ?, ?, ?, ?, ?, ?, ?, ?, ?, ? )
2021-05-10 15:40:29.668 [DEBUG] com.dippy.mapper.CarInfoMapper.insert - ==> Parameters: (String), (String), (String), 0.0(Double), 0(Integer), 0(Integer), 0.0(Double), (String), (String), 0.0(Double), (String), 0(Integer), (String), 0(String), 0(String), (String), 2021-05-10T15:40:29.664(LocalDateTime), 0(Integer), (String)
2021-05-10 15:40:29.674 [DEBUG] com.dippy.mapper.CarInfoMapper.insert - <==    Updates: 1
2021-05-10 15:40:29.682 [DEBUG] com.dippy.mapper.CarInfoMapper.selectOne - ==>  Preparing: SELECT car_id,car_brand,car_series,car_type,car_price,car_count,car_user_time,transfer_count,car_car_mileage,car_color,car_picture_id,car_gear_box,car_displacement,produce_time,car_configuration,car_seat,car_fuel_type,car_quality_time,car_region_id,car_front_tyre,rear_tyre,car_describe,create_time,update_time,car_status,car_title,user_id,car_picture FROM car_info WHERE (car_id = ?)
2021-05-10 15:40:29.683 [DEBUG] com.dippy.mapper.CarInfoMapper.selectOne - ==> Parameters: 26(Integer)
2021-05-10 15:40:29.687 [DEBUG] com.dippy.mapper.CarInfoMapper.selectOne - <==      Total: 1
2021-05-10 15:43:23.378 [DEBUG] com.dippy.mapper.CarInfoMapper.findMySellCarByPage_mpCount - ==>  Preparing: SELECT COUNT(*) FROM car_info WHERE car_info.user_id = ?
2021-05-10 15:43:23.379 [DEBUG] com.dippy.mapper.CarInfoMapper.findMySellCarByPage_mpCount - ==> Parameters: 1(Integer)
2021-05-10 15:43:23.382 [DEBUG] com.dippy.mapper.CarInfoMapper.findMySellCarByPage_mpCount - <==      Total: 1
2021-05-10 15:43:23.384 [DEBUG] com.dippy.mapper.CarInfoMapper.findMySellCarByPage - ==>  Preparing: select * from car_info left join car_picture cp on car_info.car_id = cp.car_id where car_info.user_id = ? LIMIT ?
2021-05-10 15:43:23.385 [DEBUG] com.dippy.mapper.CarInfoMapper.findMySellCarByPage - ==> Parameters: 1(Integer), 5(Long)
2021-05-10 15:43:23.391 [DEBUG] com.dippy.mapper.CarInfoMapper.findMySellCarByPage - <==      Total: 5
2021-05-10 15:50:06.176 [DEBUG] com.dippy.mapper.CarInfoMapper.findMySellCarByPage_mpCount - ==>  Preparing: SELECT COUNT(*) FROM car_info WHERE car_info.user_id = ?
2021-05-10 15:50:06.178 [DEBUG] com.dippy.mapper.CarInfoMapper.findMySellCarByPage_mpCount - ==> Parameters: 1(Integer)
2021-05-10 15:50:06.180 [DEBUG] com.dippy.mapper.CarInfoMapper.findMySellCarByPage_mpCount - <==      Total: 1
2021-05-10 15:50:06.183 [DEBUG] com.dippy.mapper.CarInfoMapper.findMySellCarByPage - ==>  Preparing: select * from car_info left join car_picture cp on car_info.car_id = cp.car_id where car_info.user_id = ? LIMIT ?
2021-05-10 15:50:06.185 [DEBUG] com.dippy.mapper.CarInfoMapper.findMySellCarByPage - ==> Parameters: 1(Integer), 5(Long)
2021-05-10 15:50:06.192 [DEBUG] com.dippy.mapper.CarInfoMapper.findMySellCarByPage - <==      Total: 5
2021-05-10 15:51:01.494 [DEBUG] com.dippy.mapper.CarInfoMapper.findMySellCarByPage_mpCount - ==>  Preparing: SELECT COUNT(*) FROM car_info WHERE car_info.user_id = ?
2021-05-10 15:51:01.495 [DEBUG] com.dippy.mapper.CarInfoMapper.findMySellCarByPage_mpCount - ==> Parameters: 1(Integer)
2021-05-10 15:51:01.497 [DEBUG] com.dippy.mapper.CarInfoMapper.findMySellCarByPage_mpCount - <==      Total: 1
2021-05-10 15:51:01.499 [DEBUG] com.dippy.mapper.CarInfoMapper.findMySellCarByPage - ==>  Preparing: select * from car_info left join car_picture cp on car_info.car_id = cp.car_id where car_info.user_id = ? LIMIT ?
2021-05-10 15:51:01.500 [DEBUG] com.dippy.mapper.CarInfoMapper.findMySellCarByPage - ==> Parameters: 1(Integer), 5(Long)
2021-05-10 15:51:01.505 [DEBUG] com.dippy.mapper.CarInfoMapper.findMySellCarByPage - <==      Total: 5
2021-05-10 15:53:56.164 [DEBUG] com.dippy.mapper.CarInfoMapper.findMySellCarByPage_mpCount - ==>  Preparing: SELECT COUNT(*) FROM car_info WHERE car_info.user_id = ?
2021-05-10 15:53:56.165 [DEBUG] com.dippy.mapper.CarInfoMapper.findMySellCarByPage_mpCount - ==> Parameters: 1(Integer)
2021-05-10 15:53:56.167 [DEBUG] com.dippy.mapper.CarInfoMapper.findMySellCarByPage_mpCount - <==      Total: 1
2021-05-10 15:53:56.169 [DEBUG] com.dippy.mapper.CarInfoMapper.findMySellCarByPage - ==>  Preparing: select * from car_info left join car_picture cp on car_info.car_id = cp.car_id where car_info.user_id = ? LIMIT ?
2021-05-10 15:53:56.171 [DEBUG] com.dippy.mapper.CarInfoMapper.findMySellCarByPage - ==> Parameters: 1(Integer), 5(Long)
2021-05-10 15:53:56.183 [DEBUG] com.dippy.mapper.CarInfoMapper.findMySellCarByPage - <==      Total: 5
2021-05-10 15:54:57.170 [DEBUG] com.dippy.mapper.CarInfoMapper.findMySellCarByPage_mpCount - ==>  Preparing: SELECT COUNT(*) FROM car_info WHERE car_info.user_id = ?
2021-05-10 15:54:57.171 [DEBUG] com.dippy.mapper.CarInfoMapper.findMySellCarByPage_mpCount - ==> Parameters: 1(Integer)
2021-05-10 15:54:57.173 [DEBUG] com.dippy.mapper.CarInfoMapper.findMySellCarByPage_mpCount - <==      Total: 1
2021-05-10 15:54:57.175 [DEBUG] com.dippy.mapper.CarInfoMapper.findMySellCarByPage - ==>  Preparing: select * from car_info left join car_picture cp on car_info.car_id = cp.car_id where car_info.user_id = ? LIMIT ?
2021-05-10 15:54:57.176 [DEBUG] com.dippy.mapper.CarInfoMapper.findMySellCarByPage - ==> Parameters: 1(Integer), 5(Long)
2021-05-10 15:54:57.180 [DEBUG] com.dippy.mapper.CarInfoMapper.findMySellCarByPage - <==      Total: 5
2021-05-10 15:55:46.876 [DEBUG] com.dippy.mapper.CarInfoMapper.findMySellCarByPage_mpCount - ==>  Preparing: SELECT COUNT(*) FROM car_info WHERE car_info.user_id = ?
2021-05-10 15:55:46.877 [DEBUG] com.dippy.mapper.CarInfoMapper.findMySellCarByPage_mpCount - ==> Parameters: 1(Integer)
2021-05-10 15:55:46.878 [DEBUG] com.dippy.mapper.CarInfoMapper.findMySellCarByPage_mpCount - <==      Total: 1
2021-05-10 15:55:46.881 [DEBUG] com.dippy.mapper.CarInfoMapper.findMySellCarByPage - ==>  Preparing: select * from car_info left join car_picture cp on car_info.car_id = cp.car_id where car_info.user_id = ? LIMIT ?
2021-05-10 15:55:46.881 [DEBUG] com.dippy.mapper.CarInfoMapper.findMySellCarByPage - ==> Parameters: 1(Integer), 5(Long)
2021-05-10 15:55:46.890 [DEBUG] com.dippy.mapper.CarInfoMapper.findMySellCarByPage - <==      Total: 5
2021-05-10 16:00:27.256 [DEBUG] com.dippy.mapper.CarInfoMapper.findMySellCarByPage_mpCount - ==>  Preparing: SELECT COUNT(*) FROM car_info WHERE car_info.user_id = ?
2021-05-10 16:00:27.257 [DEBUG] com.dippy.mapper.CarInfoMapper.findMySellCarByPage_mpCount - ==> Parameters: 1(Integer)
2021-05-10 16:00:27.259 [DEBUG] com.dippy.mapper.CarInfoMapper.findMySellCarByPage_mpCount - <==      Total: 1
2021-05-10 16:00:27.261 [DEBUG] com.dippy.mapper.CarInfoMapper.findMySellCarByPage - ==>  Preparing: select * from car_info left join car_picture cp on car_info.car_id = cp.car_id where car_info.user_id = ? LIMIT ?
2021-05-10 16:00:27.262 [DEBUG] com.dippy.mapper.CarInfoMapper.findMySellCarByPage - ==> Parameters: 1(Integer), 5(Long)
2021-05-10 16:00:27.267 [DEBUG] com.dippy.mapper.CarInfoMapper.findMySellCarByPage - <==      Total: 5
2021-05-10 17:36:03.986 [DEBUG] com.dippy.mapper.SysUserMapper.selectOne - ==>  Preparing: SELECT user_id,username,password,name,sex,avatar,address_id,province,city,area,detailed_address,phone,email,birthday,is_lock,create_time,update_time FROM sys_user WHERE (username = ?)
2021-05-10 17:36:03.988 [DEBUG] com.dippy.mapper.SysUserMapper.selectOne - ==> Parameters: admin(String)
2021-05-10 17:36:03.997 [DEBUG] com.dippy.mapper.SysUserMapper.selectOne - <==      Total: 1
2021-05-10 17:36:04.018 [DEBUG] com.dippy.mapper.SysRoleUserMapper.selectList - ==>  Preparing: SELECT role_id FROM sys_role_user WHERE (user_id = ?)
2021-05-10 17:36:04.018 [DEBUG] com.dippy.mapper.SysRoleUserMapper.selectList - ==> Parameters: 1(Integer)
2021-05-10 17:36:04.020 [DEBUG] com.dippy.mapper.SysRoleUserMapper.selectList - <==      Total: 1
2021-05-10 17:36:04.022 [DEBUG] com.dippy.mapper.SysPermissionMapper.listPermissionByUserId - ==>  Preparing: SELECT p.* FROM sys_user u, sys_permission p LEFT JOIN sys_role_permission rp ON p.permission_id = rp.permission_id LEFT JOIN sys_role_user ru ON rp.role_id = ru.role_id WHERE u.user_id = ?
2021-05-10 17:36:04.022 [DEBUG] com.dippy.mapper.SysPermissionMapper.listPermissionByUserId - ==> Parameters: 1(Integer)
2021-05-10 17:36:04.033 [DEBUG] com.dippy.mapper.SysPermissionMapper.listPermissionByUserId - <==      Total: 80
2021-05-10 17:36:46.981 [DEBUG] com.dippy.mapper.CarInfoMapper.findMySellCarByPage_mpCount - ==>  Preparing: SELECT COUNT(*) FROM car_info WHERE car_info.user_id = ?
2021-05-10 17:36:46.982 [DEBUG] com.dippy.mapper.CarInfoMapper.findMySellCarByPage_mpCount - ==> Parameters: 1(Integer)
2021-05-10 17:36:46.984 [DEBUG] com.dippy.mapper.CarInfoMapper.findMySellCarByPage_mpCount - <==      Total: 1
2021-05-10 17:36:46.987 [DEBUG] com.dippy.mapper.CarInfoMapper.findMySellCarByPage - ==>  Preparing: select * from car_info left join car_picture cp on car_info.car_id = cp.car_id where car_info.user_id = ? LIMIT ?
2021-05-10 17:36:46.987 [DEBUG] com.dippy.mapper.CarInfoMapper.findMySellCarByPage - ==> Parameters: 1(Integer), 5(Long)
2021-05-10 17:36:46.992 [DEBUG] com.dippy.mapper.CarInfoMapper.findMySellCarByPage - <==      Total: 5
2021-05-10 17:37:15.450 [DEBUG] com.dippy.mapper.CarInfoMapper.findMySellCarByPage_mpCount - ==>  Preparing: SELECT COUNT(*) FROM car_info WHERE car_info.user_id = ?
2021-05-10 17:37:15.451 [DEBUG] com.dippy.mapper.CarInfoMapper.findMySellCarByPage_mpCount - ==> Parameters: 1(Integer)
2021-05-10 17:37:15.452 [DEBUG] com.dippy.mapper.CarInfoMapper.findMySellCarByPage_mpCount - <==      Total: 1
2021-05-10 17:37:15.454 [DEBUG] com.dippy.mapper.CarInfoMapper.findMySellCarByPage - ==>  Preparing: select * from car_info left join car_picture cp on car_info.car_id = cp.car_id where car_info.user_id = ? LIMIT ?
2021-05-10 17:37:15.454 [DEBUG] com.dippy.mapper.CarInfoMapper.findMySellCarByPage - ==> Parameters: 1(Integer), 5(Long)
2021-05-10 17:37:15.457 [DEBUG] com.dippy.mapper.CarInfoMapper.findMySellCarByPage - <==      Total: 5
2021-05-10 17:37:23.450 [DEBUG] com.dippy.mapper.CarInfoMapper.insert - ==>  Preparing: INSERT INTO car_info ( car_brand, car_series, car_type, car_price, car_user_time, transfer_count, car_car_mileage, car_color, car_gear_box, car_displacement, car_configuration, car_seat, car_fuel_type, car_front_tyre, rear_tyre, car_describe, create_time, car_status, car_title ) VALUES ( ?, ?, ?, ?, ?, ?, ?, ?, ?, ?, ?, ?, ?, ?, ?, ?, ?, ?, ? )
2021-05-10 17:37:23.452 [DEBUG] com.dippy.mapper.CarInfoMapper.insert - ==> Parameters: (String), (String), (String), 0.0(Double), 0(Integer), 0(Integer), 0.0(Double), (String), (String), 0.0(Double), (String), 0(Integer), (String), 0(String), 0(String), (String), 2021-05-10T17:37:23.447(LocalDateTime), 0(Integer), (String)
2021-05-10 17:37:23.458 [DEBUG] com.dippy.mapper.CarInfoMapper.insert - <==    Updates: 1
2021-05-10 17:37:23.480 [DEBUG] com.dippy.mapper.CarInfoMapper.selectOne - ==>  Preparing: SELECT car_id,car_brand,car_series,car_type,car_price,car_count,car_user_time,transfer_count,car_car_mileage,car_color,car_picture_id,car_gear_box,car_displacement,produce_time,car_configuration,car_seat,car_fuel_type,car_quality_time,car_region_id,car_front_tyre,rear_tyre,car_describe,create_time,update_time,car_status,car_title,user_id,car_picture FROM car_info WHERE (car_id = ?)
2021-05-10 17:37:23.481 [DEBUG] com.dippy.mapper.CarInfoMapper.selectOne - ==> Parameters: 27(Integer)
2021-05-10 17:37:23.483 [DEBUG] com.dippy.mapper.CarInfoMapper.selectOne - <==      Total: 1
2021-05-10 17:40:48.556 [DEBUG] com.dippy.mapper.CarInfoMapper.findMySellCarByPage_mpCount - ==>  Preparing: SELECT COUNT(*) FROM car_info WHERE car_info.user_id = ?
2021-05-10 17:40:48.557 [DEBUG] com.dippy.mapper.CarInfoMapper.findMySellCarByPage_mpCount - ==> Parameters: 1(Integer)
2021-05-10 17:40:48.559 [DEBUG] com.dippy.mapper.CarInfoMapper.findMySellCarByPage_mpCount - <==      Total: 1
2021-05-10 17:40:48.561 [DEBUG] com.dippy.mapper.CarInfoMapper.findMySellCarByPage - ==>  Preparing: select * from car_info left join car_picture cp on car_info.car_id = cp.car_id where car_info.user_id = ? LIMIT ?
2021-05-10 17:40:48.562 [DEBUG] com.dippy.mapper.CarInfoMapper.findMySellCarByPage - ==> Parameters: 1(Integer), 5(Long)
2021-05-10 17:40:48.565 [DEBUG] com.dippy.mapper.CarInfoMapper.findMySellCarByPage - <==      Total: 5
2021-05-10 17:40:52.800 [DEBUG] com.dippy.mapper.CarInfoMapper.insert - ==>  Preparing: INSERT INTO car_info ( car_brand, car_series, car_type, car_price, car_user_time, transfer_count, car_car_mileage, car_color, car_gear_box, car_displacement, car_configuration, car_seat, car_fuel_type, car_front_tyre, rear_tyre, car_describe, create_time, car_status, car_title ) VALUES ( ?, ?, ?, ?, ?, ?, ?, ?, ?, ?, ?, ?, ?, ?, ?, ?, ?, ?, ? )
2021-05-10 17:40:52.803 [DEBUG] com.dippy.mapper.CarInfoMapper.insert - ==> Parameters: (String), (String), (String), 0.0(Double), 0(Integer), 0(Integer), 0.0(Double), (String), (String), 0.0(Double), (String), 0(Integer), (String), 0(String), 0(String), (String), 2021-05-10T17:40:52.799(LocalDateTime), 0(Integer), (String)
2021-05-10 17:40:52.807 [DEBUG] com.dippy.mapper.CarInfoMapper.insert - <==    Updates: 1
2021-05-10 17:40:52.827 [DEBUG] com.dippy.mapper.CarInfoMapper.selectOne - ==>  Preparing: SELECT car_id,car_brand,car_series,car_type,car_price,car_count,car_user_time,transfer_count,car_car_mileage,car_color,car_picture_id,car_gear_box,car_displacement,produce_time,car_configuration,car_seat,car_fuel_type,car_quality_time,car_region_id,car_front_tyre,rear_tyre,car_describe,create_time,update_time,car_status,car_title,user_id,car_picture FROM car_info WHERE (car_id = ?)
2021-05-10 17:40:52.828 [DEBUG] com.dippy.mapper.CarInfoMapper.selectOne - ==> Parameters: 28(Integer)
2021-05-10 17:40:52.830 [DEBUG] com.dippy.mapper.CarInfoMapper.selectOne - <==      Total: 1
2021-05-10 17:41:50.596 [DEBUG] com.dippy.mapper.CarInfoMapper.insert - ==>  Preparing: INSERT INTO car_info ( car_brand, car_series, car_type, car_price, car_user_time, transfer_count, car_car_mileage, car_color, car_gear_box, car_displacement, car_configuration, car_seat, car_fuel_type, car_front_tyre, rear_tyre, car_describe, create_time, car_status, car_title ) VALUES ( ?, ?, ?, ?, ?, ?, ?, ?, ?, ?, ?, ?, ?, ?, ?, ?, ?, ?, ? )
2021-05-10 17:41:50.598 [DEBUG] com.dippy.mapper.CarInfoMapper.insert - ==> Parameters: (String), (String), (String), 0.0(Double), 0(Integer), 0(Integer), 0.0(Double), (String), (String), 0.0(Double), (String), 0(Integer), (String), 0(String), 0(String), (String), 2021-05-10T17:41:50.595(LocalDateTime), 0(Integer), (String)
2021-05-10 17:41:50.601 [DEBUG] com.dippy.mapper.CarInfoMapper.insert - <==    Updates: 1
2021-05-10 17:41:50.626 [DEBUG] com.dippy.mapper.CarInfoMapper.selectOne - ==>  Preparing: SELECT car_id,car_brand,car_series,car_type,car_price,car_count,car_user_time,transfer_count,car_car_mileage,car_color,car_picture_id,car_gear_box,car_displacement,produce_time,car_configuration,car_seat,car_fuel_type,car_quality_time,car_region_id,car_front_tyre,rear_tyre,car_describe,create_time,update_time,car_status,car_title,user_id,car_picture FROM car_info WHERE (car_id = ?)
2021-05-10 17:41:50.627 [DEBUG] com.dippy.mapper.CarInfoMapper.selectOne - ==> Parameters: 29(Integer)
2021-05-10 17:41:50.629 [DEBUG] com.dippy.mapper.CarInfoMapper.selectOne - <==      Total: 1
2021-05-10 20:54:20.622 [DEBUG] com.dippy.mapper.SysUserMapper.selectOne - ==>  Preparing: SELECT user_id,username,password,name,sex,avatar,address_id,province,city,area,detailed_address,phone,email,birthday,is_lock,create_time,update_time FROM sys_user WHERE (username = ?)
2021-05-10 20:54:20.625 [DEBUG] com.dippy.mapper.SysUserMapper.selectOne - ==> Parameters: user(String)
2021-05-10 20:54:20.635 [DEBUG] com.dippy.mapper.SysUserMapper.selectOne - <==      Total: 1
2021-05-10 20:54:20.650 [DEBUG] com.dippy.mapper.SysRoleUserMapper.selectList - ==>  Preparing: SELECT role_id FROM sys_role_user WHERE (user_id = ?)
2021-05-10 20:54:20.650 [DEBUG] com.dippy.mapper.SysRoleUserMapper.selectList - ==> Parameters: 2(Integer)
2021-05-10 20:54:20.652 [DEBUG] com.dippy.mapper.SysRoleUserMapper.selectList - <==      Total: 1
2021-05-10 20:54:20.653 [DEBUG] com.dippy.mapper.SysPermissionMapper.listPermissionByUserId - ==>  Preparing: SELECT p.* FROM sys_user u, sys_permission p LEFT JOIN sys_role_permission rp ON p.permission_id = rp.permission_id LEFT JOIN sys_role_user ru ON rp.role_id = ru.role_id WHERE u.user_id = ?
2021-05-10 20:54:20.654 [DEBUG] com.dippy.mapper.SysPermissionMapper.listPermissionByUserId - ==> Parameters: 2(Integer)
2021-05-10 20:54:20.665 [DEBUG] com.dippy.mapper.SysPermissionMapper.listPermissionByUserId - <==      Total: 80
2021-05-10 20:54:48.486 [DEBUG] com.dippy.mapper.CarInfoMapper.findMySellCarByPage_mpCount - ==>  Preparing: SELECT COUNT(*) FROM car_info WHERE car_info.user_id = ?
2021-05-10 20:54:48.486 [DEBUG] com.dippy.mapper.CarInfoMapper.findMySellCarByPage_mpCount - ==> Parameters: 2(Integer)
2021-05-10 20:54:48.488 [DEBUG] com.dippy.mapper.CarInfoMapper.findMySellCarByPage_mpCount - <==      Total: 1
2021-05-10 20:54:48.490 [DEBUG] com.dippy.mapper.CarInfoMapper.findMySellCarByPage - ==>  Preparing: select * from car_info left join car_picture cp on car_info.car_id = cp.car_id where car_info.user_id = ? LIMIT ?
2021-05-10 20:54:48.491 [DEBUG] com.dippy.mapper.CarInfoMapper.findMySellCarByPage - ==> Parameters: 2(Integer), 5(Long)
2021-05-10 20:54:48.501 [DEBUG] com.dippy.mapper.CarInfoMapper.findMySellCarByPage - <==      Total: 4
2021-05-10 20:55:19.983 [DEBUG] com.dippy.mapper.CarInfoMapper.insert - ==>  Preparing: INSERT INTO car_info ( car_brand, car_series, car_type, car_price, car_user_time, transfer_count, car_car_mileage, car_color, car_gear_box, car_displacement, car_configuration, car_seat, car_fuel_type, car_front_tyre, rear_tyre, car_describe, create_time, car_status, car_title ) VALUES ( ?, ?, ?, ?, ?, ?, ?, ?, ?, ?, ?, ?, ?, ?, ?, ?, ?, ?, ? )
2021-05-10 20:55:19.988 [DEBUG] com.dippy.mapper.CarInfoMapper.insert - ==> Parameters: dd(String), (String), (String), 0.0(Double), 0(Integer), 0(Integer), 0.0(Double), (String), (String), 0.0(Double), (String), 0(Integer), (String), 0(String), 0(String), (String), 2021-05-10T20:55:19.979(LocalDateTime), 0(Integer), (String)
2021-05-10 20:55:19.995 [DEBUG] com.dippy.mapper.CarInfoMapper.insert - <==    Updates: 1
2021-05-10 20:55:20.012 [DEBUG] com.dippy.mapper.CarInfoMapper.selectOne - ==>  Preparing: SELECT car_id,car_brand,car_series,car_type,car_price,car_count,car_user_time,transfer_count,car_car_mileage,car_color,car_picture_id,car_gear_box,car_displacement,produce_time,car_configuration,car_seat,car_fuel_type,car_quality_time,car_region_id,car_front_tyre,rear_tyre,car_describe,create_time,update_time,car_status,car_title,user_id,car_picture FROM car_info WHERE (car_id = ?)
2021-05-10 20:55:20.012 [DEBUG] com.dippy.mapper.CarInfoMapper.selectOne - ==> Parameters: 30(Integer)
2021-05-10 20:55:20.015 [DEBUG] com.dippy.mapper.CarInfoMapper.selectOne - <==      Total: 1
2021-05-10 20:56:42.281 [DEBUG] com.dippy.mapper.CarPictureMapper.insert - ==>  Preparing: INSERT INTO car_picture ( car_url, car_picture_location, car_id ) VALUES ( ?, ?, ? )
2021-05-10 20:56:42.282 [DEBUG] com.dippy.mapper.CarPictureMapper.insert - ==> Parameters: http://qrg5og3v4.hn-bkt.clouddn.com/wt0YB019yonqNR9.jpg(String), 0(Integer), 30(Integer)
2021-05-10 20:56:42.284 [DEBUG] com.dippy.mapper.CarPictureMapper.insert - <==    Updates: 1
2021-05-10 20:56:42.314 [DEBUG] com.dippy.mapper.CarInfoMapper.updateById - ==>  Preparing: UPDATE car_info SET user_id=?, car_picture=? WHERE car_id=?
2021-05-10 20:56:42.315 [DEBUG] com.dippy.mapper.CarInfoMapper.updateById - ==> Parameters: 2(Integer), http://qrg5og3v4.hn-bkt.clouddn.com/wt0YB019yonqNR9.jpg(String), null
2021-05-10 20:56:42.319 [DEBUG] com.dippy.mapper.CarInfoMapper.updateById - <==    Updates: 0
2021-05-10 20:56:42.331 [DEBUG] com.dippy.mapper.CarInfoMapper.selectOne - ==>  Preparing: SELECT car_id,car_brand,car_series,car_type,car_price,car_count,car_user_time,transfer_count,car_car_mileage,car_color,car_picture_id,car_gear_box,car_displacement,produce_time,car_configuration,car_seat,car_fuel_type,car_quality_time,car_region_id,car_front_tyre,rear_tyre,car_describe,create_time,update_time,car_status,car_title,user_id,car_picture FROM car_info WHERE (car_id = ?)
2021-05-10 20:56:42.332 [DEBUG] com.dippy.mapper.CarInfoMapper.selectOne - ==> Parameters: 30(Integer)
2021-05-10 20:56:42.335 [DEBUG] com.dippy.mapper.CarInfoMapper.selectOne - <==      Total: 1
2021-05-10 21:11:03.888 [DEBUG] com.dippy.mapper.CarInfoMapper.findMySellCarByPage_mpCount - ==>  Preparing: SELECT COUNT(*) FROM car_info WHERE car_info.user_id = ?
2021-05-10 21:11:03.889 [DEBUG] com.dippy.mapper.CarInfoMapper.findMySellCarByPage_mpCount - ==> Parameters: 2(Integer)
2021-05-10 21:11:03.891 [DEBUG] com.dippy.mapper.CarInfoMapper.findMySellCarByPage_mpCount - <==      Total: 1
2021-05-10 21:11:03.892 [DEBUG] com.dippy.mapper.CarInfoMapper.findMySellCarByPage - ==>  Preparing: select * from car_info left join car_picture cp on car_info.car_id = cp.car_id where car_info.user_id = ? LIMIT ?
2021-05-10 21:11:03.893 [DEBUG] com.dippy.mapper.CarInfoMapper.findMySellCarByPage - ==> Parameters: 2(Integer), 5(Long)
2021-05-10 21:11:03.897 [DEBUG] com.dippy.mapper.CarInfoMapper.findMySellCarByPage - <==      Total: 4
2021-05-10 21:11:07.976 [DEBUG] com.dippy.mapper.CarInfoMapper.findMySellCarByPage_mpCount - ==>  Preparing: SELECT COUNT(*) FROM car_info WHERE car_info.user_id = ?
2021-05-10 21:11:07.976 [DEBUG] com.dippy.mapper.CarInfoMapper.findMySellCarByPage_mpCount - ==> Parameters: 2(Integer)
2021-05-10 21:11:07.978 [DEBUG] com.dippy.mapper.CarInfoMapper.findMySellCarByPage_mpCount - <==      Total: 1
2021-05-10 21:11:07.979 [DEBUG] com.dippy.mapper.CarInfoMapper.findMySellCarByPage - ==>  Preparing: select * from car_info left join car_picture cp on car_info.car_id = cp.car_id where car_info.user_id = ? LIMIT ?
2021-05-10 21:11:07.980 [DEBUG] com.dippy.mapper.CarInfoMapper.findMySellCarByPage - ==> Parameters: 2(Integer), 5(Long)
2021-05-10 21:11:07.984 [DEBUG] com.dippy.mapper.CarInfoMapper.findMySellCarByPage - <==      Total: 4
2021-05-10 21:14:41.742 [DEBUG] com.dippy.mapper.CarInfoMapper.insert - ==>  Preparing: INSERT INTO car_info ( car_brand, car_series, car_type, car_price, car_user_time, transfer_count, car_car_mileage, car_color, car_gear_box, car_displacement, car_configuration, car_seat, car_fuel_type, car_front_tyre, rear_tyre, car_describe, create_time, car_status, car_title ) VALUES ( ?, ?, ?, ?, ?, ?, ?, ?, ?, ?, ?, ?, ?, ?, ?, ?, ?, ?, ? )
2021-05-10 21:14:41.744 [DEBUG] com.dippy.mapper.CarInfoMapper.insert - ==> Parameters: (String), (String), (String), 0.0(Double), 0(Integer), 0(Integer), 0.0(Double), (String), (String), 0.0(Double), (String), 0(Integer), (String), 0(String), 0(String), (String), 2021-05-10T21:14:41.741(LocalDateTime), 0(Integer), (String)
2021-05-10 21:14:41.748 [DEBUG] com.dippy.mapper.CarInfoMapper.insert - <==    Updates: 1
2021-05-10 21:14:41.768 [DEBUG] com.dippy.mapper.CarInfoMapper.selectOne - ==>  Preparing: SELECT car_id,car_brand,car_series,car_type,car_price,car_count,car_user_time,transfer_count,car_car_mileage,car_color,car_picture_id,car_gear_box,car_displacement,produce_time,car_configuration,car_seat,car_fuel_type,car_quality_time,car_region_id,car_front_tyre,rear_tyre,car_describe,create_time,update_time,car_status,car_title,user_id,car_picture FROM car_info WHERE (car_id = ?)
2021-05-10 21:14:41.769 [DEBUG] com.dippy.mapper.CarInfoMapper.selectOne - ==> Parameters: 31(Integer)
2021-05-10 21:14:41.771 [DEBUG] com.dippy.mapper.CarInfoMapper.selectOne - <==      Total: 1
2021-05-10 21:14:56.394 [DEBUG] com.dippy.mapper.CarPictureMapper.insert - ==>  Preparing: INSERT INTO car_picture ( car_url, car_picture_location, car_id ) VALUES ( ?, ?, ? )
2021-05-10 21:14:56.395 [DEBUG] com.dippy.mapper.CarPictureMapper.insert - ==> Parameters: http://qrg5og3v4.hn-bkt.clouddn.com/ufvw33br10ou05.jpg(String), 0(Integer), 31(Integer)
2021-05-10 21:14:56.400 [DEBUG] com.dippy.mapper.CarPictureMapper.insert - <==    Updates: 1
2021-05-10 21:14:56.403 [DEBUG] com.dippy.mapper.CarInfoMapper.updateById - ==>  Preparing: UPDATE car_info SET user_id=?, car_picture=? WHERE car_id=?
2021-05-10 21:14:56.404 [DEBUG] com.dippy.mapper.CarInfoMapper.updateById - ==> Parameters: 2(Integer), http://qrg5og3v4.hn-bkt.clouddn.com/ufvw33br10ou05.jpg(String), 31(Integer)
2021-05-10 21:14:56.408 [DEBUG] com.dippy.mapper.CarInfoMapper.updateById - <==    Updates: 1
2021-05-10 21:14:56.416 [DEBUG] com.dippy.mapper.CarInfoMapper.selectOne - ==>  Preparing: SELECT car_id,car_brand,car_series,car_type,car_price,car_count,car_user_time,transfer_count,car_car_mileage,car_color,car_picture_id,car_gear_box,car_displacement,produce_time,car_configuration,car_seat,car_fuel_type,car_quality_time,car_region_id,car_front_tyre,rear_tyre,car_describe,create_time,update_time,car_status,car_title,user_id,car_picture FROM car_info WHERE (car_id = ?)
2021-05-10 21:14:56.418 [DEBUG] com.dippy.mapper.CarInfoMapper.selectOne - ==> Parameters: 31(Integer)
2021-05-10 21:14:56.420 [DEBUG] com.dippy.mapper.CarInfoMapper.selectOne - <==      Total: 1
2021-05-10 21:18:13.941 [DEBUG] com.dippy.mapper.CarPictureMapper.insert - ==>  Preparing: INSERT INTO car_picture ( car_url, car_picture_location, car_id ) VALUES ( ?, ?, ? )
2021-05-10 21:18:13.965 [DEBUG] com.dippy.mapper.CarPictureMapper.insert - ==> Parameters: http://qrg5og3v4.hn-bkt.clouddn.com/YMLY1IZazJENKomCT5.jpg(String), 1(Integer), 31(Integer)
2021-05-10 21:18:13.985 [DEBUG] com.dippy.mapper.CarPictureMapper.insert - <==    Updates: 1
2021-05-10 21:18:15.265 [DEBUG] com.dippy.mapper.CarInfoMapper.updateById - ==>  Preparing: UPDATE car_info SET user_id=?, car_picture=? WHERE car_id=?
2021-05-10 21:18:15.280 [DEBUG] com.dippy.mapper.CarInfoMapper.updateById - ==> Parameters: 2(Integer), http://qrg5og3v4.hn-bkt.clouddn.com/YMLY1IZazJENKomCT5.jpg(String), 31(Integer)
2021-05-10 21:18:15.296 [DEBUG] com.dippy.mapper.CarInfoMapper.updateById - <==    Updates: 1
2021-05-10 21:18:19.484 [DEBUG] com.dippy.mapper.CarPictureMapper.insert - ==>  Preparing: INSERT INTO car_picture ( car_url, car_picture_location, car_id ) VALUES ( ?, ?, ? )
2021-05-10 21:18:19.513 [DEBUG] com.dippy.mapper.CarPictureMapper.insert - ==> Parameters: http://qrg5og3v4.hn-bkt.clouddn.com/vfipFG98bh336wx.jpg(String), 1(Integer), 31(Integer)
2021-05-10 21:18:19.531 [DEBUG] com.dippy.mapper.CarPictureMapper.insert - <==    Updates: 1
2021-05-10 21:18:33.045 [DEBUG] com.dippy.mapper.CarInfoMapper.updateById - ==>  Preparing: UPDATE car_info SET user_id=?, car_picture=? WHERE car_id=?
2021-05-10 21:18:33.059 [DEBUG] com.dippy.mapper.CarInfoMapper.updateById - ==> Parameters: 2(Integer), http://qrg5og3v4.hn-bkt.clouddn.com/vfipFG98bh336wx.jpg(String), 31(Integer)
2021-05-10 21:18:33.075 [DEBUG] com.dippy.mapper.CarInfoMapper.updateById - <==    Updates: 1
2021-05-10 21:18:42.254 [DEBUG] com.dippy.mapper.CarPictureMapper.insert - ==>  Preparing: INSERT INTO car_picture ( car_url, car_picture_location, car_id ) VALUES ( ?, ?, ? )
2021-05-10 21:18:42.277 [DEBUG] com.dippy.mapper.CarPictureMapper.insert - ==> Parameters: http://qrg5og3v4.hn-bkt.clouddn.com/2NRECqk8eycxmy17.jpg(String), 1(Integer), 31(Integer)
2021-05-10 21:18:42.293 [DEBUG] com.dippy.mapper.CarPictureMapper.insert - <==    Updates: 1
2021-05-10 21:18:44.540 [DEBUG] com.dippy.mapper.CarInfoMapper.updateById - ==>  Preparing: UPDATE car_info SET user_id=?, car_picture=? WHERE car_id=?
2021-05-10 21:18:44.554 [DEBUG] com.dippy.mapper.CarInfoMapper.updateById - ==> Parameters: 2(Integer), http://qrg5og3v4.hn-bkt.clouddn.com/2NRECqk8eycxmy17.jpg(String), 31(Integer)
2021-05-10 21:18:44.570 [DEBUG] com.dippy.mapper.CarInfoMapper.updateById - <==    Updates: 1
2021-05-10 21:19:01.624 [DEBUG] com.dippy.mapper.CarInfoMapper.selectOne - ==>  Preparing: SELECT car_id,car_brand,car_series,car_type,car_price,car_count,car_user_time,transfer_count,car_car_mileage,car_color,car_picture_id,car_gear_box,car_displacement,produce_time,car_configuration,car_seat,car_fuel_type,car_quality_time,car_region_id,car_front_tyre,rear_tyre,car_describe,create_time,update_time,car_status,car_title,user_id,car_picture FROM car_info WHERE (car_id = ?)
2021-05-10 21:19:01.719 [DEBUG] com.dippy.mapper.CarInfoMapper.selectOne - ==> Parameters: 31(Integer)
2021-05-10 21:19:01.720 [DEBUG] com.dippy.mapper.CarInfoMapper.selectOne - <==      Total: 1
2021-05-10 21:20:57.061 [DEBUG] com.dippy.mapper.CarPictureMapper.insert - ==>  Preparing: INSERT INTO car_picture ( car_url, car_picture_location, car_id ) VALUES ( ?, ?, ? )
2021-05-10 21:20:57.086 [DEBUG] com.dippy.mapper.CarPictureMapper.insert - ==> Parameters: http://qrg5og3v4.hn-bkt.clouddn.com/4wx8XS65QFwc2GX.jpg(String), 2(Integer), 31(Integer)
2021-05-10 21:20:57.103 [DEBUG] com.dippy.mapper.CarPictureMapper.insert - <==    Updates: 1
2021-05-10 21:21:01.330 [DEBUG] com.dippy.mapper.CarPictureMapper.insert - ==>  Preparing: INSERT INTO car_picture ( car_url, car_picture_location, car_id ) VALUES ( ?, ?, ? )
2021-05-10 21:21:01.356 [DEBUG] com.dippy.mapper.CarPictureMapper.insert - ==> Parameters: http://qrg5og3v4.hn-bkt.clouddn.com/zw3KL4EALM5339.jpg(String), 2(Integer), 31(Integer)
2021-05-10 21:21:01.373 [DEBUG] com.dippy.mapper.CarPictureMapper.insert - <==    Updates: 1
2021-05-10 21:21:04.770 [DEBUG] com.dippy.mapper.CarPictureMapper.insert - ==>  Preparing: INSERT INTO car_picture ( car_url, car_picture_location, car_id ) VALUES ( ?, ?, ? )
2021-05-10 21:21:04.793 [DEBUG] com.dippy.mapper.CarPictureMapper.insert - ==> Parameters: http://qrg5og3v4.hn-bkt.clouddn.com/4UNawgvFKSUvy8ZN2.jpg(String), 2(Integer), 31(Integer)
2021-05-10 21:21:04.809 [DEBUG] com.dippy.mapper.CarPictureMapper.insert - <==    Updates: 1
2021-05-10 21:21:09.203 [DEBUG] com.dippy.mapper.CarInfoMapper.selectOne - ==>  Preparing: SELECT car_id,car_brand,car_series,car_type,car_price,car_count,car_user_time,transfer_count,car_car_mileage,car_color,car_picture_id,car_gear_box,car_displacement,produce_time,car_configuration,car_seat,car_fuel_type,car_quality_time,car_region_id,car_front_tyre,rear_tyre,car_describe,create_time,update_time,car_status,car_title,user_id,car_picture FROM car_info WHERE (car_id = ?)
2021-05-10 21:21:09.205 [DEBUG] com.dippy.mapper.CarInfoMapper.selectOne - ==> Parameters: 31(Integer)
2021-05-10 21:21:09.208 [DEBUG] com.dippy.mapper.CarInfoMapper.selectOne - <==      Total: 1
2021-05-10 22:07:51.977 [DEBUG] com.dippy.mapper.CarInfoMapper.findMySellCarByPage_mpCount - ==>  Preparing: SELECT COUNT(*) FROM car_info WHERE car_info.user_id = ?
2021-05-10 22:07:51.978 [DEBUG] com.dippy.mapper.CarInfoMapper.findMySellCarByPage_mpCount - ==> Parameters: 2(Integer)
2021-05-10 22:07:51.984 [DEBUG] com.dippy.mapper.CarInfoMapper.findMySellCarByPage_mpCount - <==      Total: 1
2021-05-10 22:07:51.987 [DEBUG] com.dippy.mapper.CarInfoMapper.findMySellCarByPage - ==>  Preparing: select * from car_info left join car_picture cp on car_info.car_id = cp.car_id where car_info.user_id = ? LIMIT ?
2021-05-10 22:07:51.992 [DEBUG] com.dippy.mapper.CarInfoMapper.findMySellCarByPage - ==> Parameters: 2(Integer), 5(Long)
2021-05-10 22:07:51.997 [DEBUG] com.dippy.mapper.CarInfoMapper.findMySellCarByPage - <==      Total: 5
2021-05-10 22:07:52.566 [DEBUG] com.dippy.mapper.CarPictureMapper.insert - ==>  Preparing: INSERT INTO car_picture ( car_url, car_picture_location, car_id ) VALUES ( ?, ?, ? )
2021-05-10 22:07:52.567 [DEBUG] com.dippy.mapper.CarPictureMapper.insert - ==> Parameters: http://qrg5og3v4.hn-bkt.clouddn.com/321623FW7VE0.jpg(String), 4(Integer), 31(Integer)
2021-05-10 22:07:52.569 [DEBUG] com.dippy.mapper.CarPictureMapper.insert - <==    Updates: 1
2021-05-10 22:07:52.940 [DEBUG] com.dippy.mapper.CarInfoMapper.selectOne - ==>  Preparing: SELECT car_id,car_brand,car_series,car_type,car_price,car_count,car_user_time,transfer_count,car_car_mileage,car_color,car_picture_id,car_gear_box,car_displacement,produce_time,car_configuration,car_seat,car_fuel_type,car_quality_time,car_region_id,car_front_tyre,rear_tyre,car_describe,create_time,update_time,car_status,car_title,user_id,car_picture FROM car_info WHERE (car_id = ?)
2021-05-10 22:07:52.942 [DEBUG] com.dippy.mapper.CarInfoMapper.selectOne - ==> Parameters: 31(Integer)
2021-05-10 22:07:52.944 [DEBUG] com.dippy.mapper.CarInfoMapper.selectOne - <==      Total: 1
2021-05-10 22:08:23.570 [DEBUG] com.dippy.mapper.SysUserMapper.selectOne - ==>  Preparing: SELECT user_id,username,password,name,sex,avatar,address_id,province,city,area,detailed_address,phone,email,birthday,is_lock,create_time,update_time FROM sys_user WHERE (username = ?)
2021-05-10 22:08:23.571 [DEBUG] com.dippy.mapper.SysUserMapper.selectOne - ==> Parameters: admin(String)
2021-05-10 22:08:23.574 [DEBUG] com.dippy.mapper.SysUserMapper.selectOne - <==      Total: 1
2021-05-10 22:08:23.585 [DEBUG] com.dippy.mapper.SysRoleUserMapper.selectList - ==>  Preparing: SELECT role_id FROM sys_role_user WHERE (user_id = ?)
2021-05-10 22:08:23.586 [DEBUG] com.dippy.mapper.SysRoleUserMapper.selectList - ==> Parameters: 1(Integer)
2021-05-10 22:08:23.587 [DEBUG] com.dippy.mapper.SysRoleUserMapper.selectList - <==      Total: 1
2021-05-10 22:08:23.589 [DEBUG] com.dippy.mapper.SysPermissionMapper.listPermissionByUserId - ==>  Preparing: SELECT p.* FROM sys_user u, sys_permission p LEFT JOIN sys_role_permission rp ON p.permission_id = rp.permission_id LEFT JOIN sys_role_user ru ON rp.role_id = ru.role_id WHERE u.user_id = ?
2021-05-10 22:08:23.589 [DEBUG] com.dippy.mapper.SysPermissionMapper.listPermissionByUserId - ==> Parameters: 1(Integer)
2021-05-10 22:08:23.595 [DEBUG] com.dippy.mapper.SysPermissionMapper.listPermissionByUserId - <==      Total: 80
2021-05-10 22:08:53.598 [DEBUG] com.dippy.mapper.CarInfoMapper.findMySellCarByPage_mpCount - ==>  Preparing: SELECT COUNT(*) FROM car_info WHERE car_info.user_id = ?
2021-05-10 22:08:53.599 [DEBUG] com.dippy.mapper.CarInfoMapper.findMySellCarByPage_mpCount - ==> Parameters: 1(Integer)
2021-05-10 22:08:53.602 [DEBUG] com.dippy.mapper.CarInfoMapper.findMySellCarByPage_mpCount - <==      Total: 1
2021-05-10 22:08:53.603 [DEBUG] com.dippy.mapper.CarInfoMapper.findMySellCarByPage - ==>  Preparing: select * from car_info left join car_picture cp on car_info.car_id = cp.car_id where car_info.user_id = ? LIMIT ?
2021-05-10 22:08:53.604 [DEBUG] com.dippy.mapper.CarInfoMapper.findMySellCarByPage - ==> Parameters: 1(Integer), 5(Long)
2021-05-10 22:08:53.608 [DEBUG] com.dippy.mapper.CarInfoMapper.findMySellCarByPage - <==      Total: 5
2021-05-10 22:10:26.783 [DEBUG] com.dippy.mapper.CarInfoMapper.findMySellCarByPage_mpCount - ==>  Preparing: SELECT COUNT(*) FROM car_info WHERE car_info.user_id = ?
2021-05-10 22:10:26.785 [DEBUG] com.dippy.mapper.CarInfoMapper.findMySellCarByPage_mpCount - ==> Parameters: 1(Integer)
2021-05-10 22:10:26.786 [DEBUG] com.dippy.mapper.CarInfoMapper.findMySellCarByPage_mpCount - <==      Total: 1
2021-05-10 22:10:26.788 [DEBUG] com.dippy.mapper.CarInfoMapper.findMySellCarByPage - ==>  Preparing: select * from car_info left join car_picture cp on car_info.car_id = cp.car_id where car_info.user_id = ? LIMIT ?
2021-05-10 22:10:26.789 [DEBUG] com.dippy.mapper.CarInfoMapper.findMySellCarByPage - ==> Parameters: 1(Integer), 5(Long)
2021-05-10 22:10:26.791 [DEBUG] com.dippy.mapper.CarInfoMapper.findMySellCarByPage - <==      Total: 5
2021-05-10 22:11:36.738 [DEBUG] com.dippy.mapper.CarInfoMapper.findMySellCarByPage_mpCount - ==>  Preparing: SELECT COUNT(*) FROM car_info WHERE car_info.user_id = ?
2021-05-10 22:11:36.739 [DEBUG] com.dippy.mapper.CarInfoMapper.findMySellCarByPage_mpCount - ==> Parameters: 1(Integer)
2021-05-10 22:11:36.743 [DEBUG] com.dippy.mapper.CarInfoMapper.findMySellCarByPage_mpCount - <==      Total: 1
2021-05-10 22:11:36.744 [DEBUG] com.dippy.mapper.CarInfoMapper.findMySellCarByPage - ==>  Preparing: select * from car_info left join car_picture cp on car_info.car_id = cp.car_id where car_info.user_id = ? LIMIT ?
2021-05-10 22:11:36.745 [DEBUG] com.dippy.mapper.CarInfoMapper.findMySellCarByPage - ==> Parameters: 1(Integer), 5(Long)
2021-05-10 22:11:36.747 [DEBUG] com.dippy.mapper.CarInfoMapper.findMySellCarByPage - <==      Total: 5
2021-05-10 22:12:29.836 [DEBUG] com.dippy.mapper.CarInfoMapper.findMySellCarByPage_mpCount - ==>  Preparing: SELECT COUNT(*) FROM car_info WHERE car_info.user_id = ?
2021-05-10 22:12:29.837 [DEBUG] com.dippy.mapper.CarInfoMapper.findMySellCarByPage_mpCount - ==> Parameters: 1(Integer)
2021-05-10 22:12:29.838 [DEBUG] com.dippy.mapper.CarInfoMapper.findMySellCarByPage_mpCount - <==      Total: 1
2021-05-10 22:12:29.843 [DEBUG] com.dippy.mapper.CarInfoMapper.findMySellCarByPage - ==>  Preparing: select * from car_info left join car_picture cp on car_info.car_id = cp.car_id where car_info.user_id = ? LIMIT ?
2021-05-10 22:12:29.844 [DEBUG] com.dippy.mapper.CarInfoMapper.findMySellCarByPage - ==> Parameters: 1(Integer), 5(Long)
2021-05-10 22:12:29.846 [DEBUG] com.dippy.mapper.CarInfoMapper.findMySellCarByPage - <==      Total: 5
2021-05-10 22:29:25.277 [DEBUG] com.dippy.mapper.CarInfoMapper.findMySellCarByPage_mpCount - ==>  Preparing: SELECT COUNT(*) FROM car_info WHERE car_info.user_id = ?
2021-05-10 22:29:25.278 [DEBUG] com.dippy.mapper.CarInfoMapper.findMySellCarByPage_mpCount - ==> Parameters: 1(Integer)
2021-05-10 22:29:25.279 [DEBUG] com.dippy.mapper.CarInfoMapper.findMySellCarByPage_mpCount - <==      Total: 1
2021-05-10 22:29:25.283 [DEBUG] com.dippy.mapper.CarInfoMapper.findMySellCarByPage - ==>  Preparing: select * from car_info left join car_picture cp on car_info.car_id = cp.car_id where car_info.user_id = ? LIMIT ?
2021-05-10 22:29:25.284 [DEBUG] com.dippy.mapper.CarInfoMapper.findMySellCarByPage - ==> Parameters: 1(Integer), 5(Long)
2021-05-10 22:29:25.286 [DEBUG] com.dippy.mapper.CarInfoMapper.findMySellCarByPage - <==      Total: 5
2021-05-10 22:31:26.786 [DEBUG] com.dippy.mapper.CarInfoMapper.findMySellCarByPage_mpCount - ==>  Preparing: SELECT COUNT(*) FROM car_info WHERE car_info.user_id = ?
2021-05-10 22:31:26.788 [DEBUG] com.dippy.mapper.CarInfoMapper.findMySellCarByPage_mpCount - ==> Parameters: 1(Integer)
2021-05-10 22:31:26.790 [DEBUG] com.dippy.mapper.CarInfoMapper.findMySellCarByPage_mpCount - <==      Total: 1
2021-05-10 22:31:26.791 [DEBUG] com.dippy.mapper.CarInfoMapper.findMySellCarByPage - ==>  Preparing: select * from car_info left join car_picture cp on car_info.car_id = cp.car_id where car_info.user_id = ? LIMIT ?
2021-05-10 22:31:26.792 [DEBUG] com.dippy.mapper.CarInfoMapper.findMySellCarByPage - ==> Parameters: 1(Integer), 5(Long)
2021-05-10 22:31:26.795 [DEBUG] com.dippy.mapper.CarInfoMapper.findMySellCarByPage - <==      Total: 5
2021-05-10 22:31:41.366 [DEBUG] com.dippy.mapper.CarInfoMapper.findMySellCarByPage_mpCount - ==>  Preparing: SELECT COUNT(*) FROM car_info WHERE car_info.user_id = ?
2021-05-10 22:31:41.367 [DEBUG] com.dippy.mapper.CarInfoMapper.findMySellCarByPage_mpCount - ==> Parameters: 1(Integer)
2021-05-10 22:31:41.369 [DEBUG] com.dippy.mapper.CarInfoMapper.findMySellCarByPage_mpCount - <==      Total: 1
2021-05-10 22:31:41.370 [DEBUG] com.dippy.mapper.CarInfoMapper.findMySellCarByPage - ==>  Preparing: select * from car_info left join car_picture cp on car_info.car_id = cp.car_id where car_info.user_id = ? LIMIT ?
2021-05-10 22:31:41.371 [DEBUG] com.dippy.mapper.CarInfoMapper.findMySellCarByPage - ==> Parameters: 1(Integer), 5(Long)
2021-05-10 22:31:41.373 [DEBUG] com.dippy.mapper.CarInfoMapper.findMySellCarByPage - <==      Total: 5
2021-05-10 22:39:14.589 [DEBUG] com.dippy.mapper.CarInfoMapper.findMySellCarByPage_mpCount - ==>  Preparing: SELECT COUNT(*) FROM car_info WHERE car_info.user_id = ?
2021-05-10 22:39:14.602 [DEBUG] com.dippy.mapper.CarInfoMapper.findMySellCarByPage_mpCount - ==> Parameters: 1(Integer)
2021-05-10 22:39:14.621 [DEBUG] com.dippy.mapper.CarInfoMapper.findMySellCarByPage_mpCount - <==      Total: 1
2021-05-10 22:39:14.645 [DEBUG] com.dippy.mapper.CarInfoMapper.findMySellCarByPage - ==>  Preparing: select * from car_info left join car_picture cp on car_info.car_id = cp.car_id where car_info.user_id = ? LIMIT ?
2021-05-10 22:39:14.658 [DEBUG] com.dippy.mapper.CarInfoMapper.findMySellCarByPage - ==> Parameters: 1(Integer), 5(Long)
2021-05-10 22:39:14.760 [DEBUG] com.dippy.mapper.CarInfoMapper.findMySellCarByPage - <==      Total: 5
2021-05-10 23:17:36.963 [DEBUG] com.dippy.mapper.CarInfoMapper.findMySellCarByPage_mpCount - ==>  Preparing: SELECT COUNT(*) FROM car_info WHERE car_info.user_id = ?
2021-05-10 23:17:36.965 [DEBUG] com.dippy.mapper.CarInfoMapper.findMySellCarByPage_mpCount - ==> Parameters: 1(Integer)
2021-05-10 23:17:36.967 [DEBUG] com.dippy.mapper.CarInfoMapper.findMySellCarByPage_mpCount - <==      Total: 1
2021-05-10 23:17:36.969 [DEBUG] com.dippy.mapper.CarInfoMapper.findMySellCarByPage - ==>  Preparing: select * from car_info left join car_picture cp on car_info.car_id = cp.car_id where car_info.user_id = ? LIMIT ?
2021-05-10 23:17:36.969 [DEBUG] com.dippy.mapper.CarInfoMapper.findMySellCarByPage - ==> Parameters: 1(Integer), 5(Long)
2021-05-10 23:17:36.971 [DEBUG] com.dippy.mapper.CarInfoMapper.findMySellCarByPage - <==      Total: 5
2021-05-10 23:21:29.465 [DEBUG] com.dippy.mapper.CarInfoMapper.findMySellCarByPage_mpCount - ==>  Preparing: SELECT COUNT(*) FROM car_info WHERE car_info.user_id = ?
2021-05-10 23:21:29.466 [DEBUG] com.dippy.mapper.CarInfoMapper.findMySellCarByPage_mpCount - ==> Parameters: 1(Integer)
2021-05-10 23:21:29.468 [DEBUG] com.dippy.mapper.CarInfoMapper.findMySellCarByPage_mpCount - <==      Total: 1
2021-05-10 23:21:29.469 [DEBUG] com.dippy.mapper.CarInfoMapper.findMySellCarByPage - ==>  Preparing: select * from car_info left join car_picture cp on car_info.car_id = cp.car_id where car_info.user_id = ? LIMIT ?
2021-05-10 23:21:29.470 [DEBUG] com.dippy.mapper.CarInfoMapper.findMySellCarByPage - ==> Parameters: 1(Integer), 5(Long)
2021-05-10 23:21:29.472 [DEBUG] com.dippy.mapper.CarInfoMapper.findMySellCarByPage - <==      Total: 5
2021-05-10 23:31:39.282 [DEBUG] com.dippy.mapper.CarInfoMapper.findMySellCarByPage_mpCount - ==>  Preparing: SELECT COUNT(*) FROM car_info WHERE car_info.user_id = ?
2021-05-10 23:31:39.283 [DEBUG] com.dippy.mapper.CarInfoMapper.findMySellCarByPage_mpCount - ==> Parameters: 1(Integer)
2021-05-10 23:31:39.284 [DEBUG] com.dippy.mapper.CarInfoMapper.findMySellCarByPage_mpCount - <==      Total: 1
2021-05-10 23:31:39.285 [DEBUG] com.dippy.mapper.CarInfoMapper.findMySellCarByPage - ==>  Preparing: select * from car_info left join car_picture cp on car_info.car_id = cp.car_id where car_info.user_id = ? LIMIT ?
2021-05-10 23:31:39.286 [DEBUG] com.dippy.mapper.CarInfoMapper.findMySellCarByPage - ==> Parameters: 1(Integer), 5(Long)
2021-05-10 23:31:39.288 [DEBUG] com.dippy.mapper.CarInfoMapper.findMySellCarByPage - <==      Total: 5
2021-05-10 23:32:32.505 [DEBUG] com.dippy.mapper.CarInfoMapper.findMySellCarByPage_mpCount - ==>  Preparing: SELECT COUNT(*) FROM car_info WHERE car_info.user_id = ?
2021-05-10 23:32:32.506 [DEBUG] com.dippy.mapper.CarInfoMapper.findMySellCarByPage_mpCount - ==> Parameters: 1(Integer)
2021-05-10 23:32:32.508 [DEBUG] com.dippy.mapper.CarInfoMapper.findMySellCarByPage_mpCount - <==      Total: 1
2021-05-10 23:32:32.513 [DEBUG] com.dippy.mapper.CarInfoMapper.findMySellCarByPage - ==>  Preparing: select * from car_info left join car_picture cp on car_info.car_id = cp.car_id where car_info.user_id = ? LIMIT ?
2021-05-10 23:32:32.514 [DEBUG] com.dippy.mapper.CarInfoMapper.findMySellCarByPage - ==> Parameters: 1(Integer), 5(Long)
2021-05-10 23:32:32.516 [DEBUG] com.dippy.mapper.CarInfoMapper.findMySellCarByPage - <==      Total: 5
2021-05-10 23:34:17.455 [DEBUG] com.dippy.mapper.CarInfoMapper.findMySellCarByPage_mpCount - ==>  Preparing: SELECT COUNT(*) FROM car_info WHERE car_info.user_id = ?
2021-05-10 23:34:17.456 [DEBUG] com.dippy.mapper.CarInfoMapper.findMySellCarByPage_mpCount - ==> Parameters: 1(Integer)
2021-05-10 23:34:17.458 [DEBUG] com.dippy.mapper.CarInfoMapper.findMySellCarByPage_mpCount - <==      Total: 1
2021-05-10 23:34:17.459 [DEBUG] com.dippy.mapper.CarInfoMapper.findMySellCarByPage - ==>  Preparing: select * from car_info left join car_picture cp on car_info.car_id = cp.car_id where car_info.user_id = ? LIMIT ?
2021-05-10 23:34:17.460 [DEBUG] com.dippy.mapper.CarInfoMapper.findMySellCarByPage - ==> Parameters: 1(Integer), 5(Long)
2021-05-10 23:34:17.463 [DEBUG] com.dippy.mapper.CarInfoMapper.findMySellCarByPage - <==      Total: 5
2021-05-10 23:34:28.373 [DEBUG] com.dippy.mapper.CarInfoMapper.findMySellCarByPage_mpCount - ==>  Preparing: SELECT COUNT(*) FROM car_info WHERE car_info.user_id = ?
2021-05-10 23:34:28.374 [DEBUG] com.dippy.mapper.CarInfoMapper.findMySellCarByPage_mpCount - ==> Parameters: 1(Integer)
2021-05-10 23:34:28.375 [DEBUG] com.dippy.mapper.CarInfoMapper.findMySellCarByPage_mpCount - <==      Total: 1
2021-05-10 23:34:28.377 [DEBUG] com.dippy.mapper.CarInfoMapper.findMySellCarByPage - ==>  Preparing: select * from car_info left join car_picture cp on car_info.car_id = cp.car_id where car_info.user_id = ? LIMIT ?
2021-05-10 23:34:28.384 [DEBUG] com.dippy.mapper.CarInfoMapper.findMySellCarByPage - ==> Parameters: 1(Integer), 5(Long)
2021-05-10 23:34:28.389 [DEBUG] com.dippy.mapper.CarInfoMapper.findMySellCarByPage - <==      Total: 5
2021-05-10 23:42:34.699 [DEBUG] com.dippy.mapper.CarInfoMapper.findMySellCarByPage_mpCount - ==>  Preparing: SELECT COUNT(*) FROM car_info WHERE car_info.user_id = ?
2021-05-10 23:42:34.700 [DEBUG] com.dippy.mapper.CarInfoMapper.findMySellCarByPage_mpCount - ==> Parameters: 1(Integer)
2021-05-10 23:42:34.702 [DEBUG] com.dippy.mapper.CarInfoMapper.findMySellCarByPage_mpCount - <==      Total: 1
2021-05-10 23:42:34.703 [DEBUG] com.dippy.mapper.CarInfoMapper.findMySellCarByPage - ==>  Preparing: select * from car_info left join car_picture cp on car_info.car_id = cp.car_id where car_info.user_id = ? LIMIT ?
2021-05-10 23:42:34.704 [DEBUG] com.dippy.mapper.CarInfoMapper.findMySellCarByPage - ==> Parameters: 1(Integer), 5(Long)
2021-05-10 23:42:34.706 [DEBUG] com.dippy.mapper.CarInfoMapper.findMySellCarByPage - <==      Total: 5
2021-05-10 23:45:30.916 [DEBUG] com.dippy.mapper.CarInfoMapper.findMySellCarByPage_mpCount - ==>  Preparing: SELECT COUNT(*) FROM car_info WHERE car_info.user_id = ?
2021-05-10 23:45:30.917 [DEBUG] com.dippy.mapper.CarInfoMapper.findMySellCarByPage_mpCount - ==> Parameters: 1(Integer)
2021-05-10 23:45:30.918 [DEBUG] com.dippy.mapper.CarInfoMapper.findMySellCarByPage_mpCount - <==      Total: 1
2021-05-10 23:45:30.920 [DEBUG] com.dippy.mapper.CarInfoMapper.findMySellCarByPage - ==>  Preparing: select * from car_info left join car_picture cp on car_info.car_id = cp.car_id where car_info.user_id = ? LIMIT ?
2021-05-10 23:45:30.921 [DEBUG] com.dippy.mapper.CarInfoMapper.findMySellCarByPage - ==> Parameters: 1(Integer), 5(Long)
2021-05-10 23:45:30.923 [DEBUG] com.dippy.mapper.CarInfoMapper.findMySellCarByPage - <==      Total: 5
2021-05-10 23:49:50.138 [DEBUG] com.dippy.mapper.CarInfoMapper.findMySellCarByPage_mpCount - ==>  Preparing: SELECT COUNT(*) FROM car_info WHERE car_info.user_id = ?
2021-05-10 23:49:50.139 [DEBUG] com.dippy.mapper.CarInfoMapper.findMySellCarByPage_mpCount - ==> Parameters: 1(Integer)
2021-05-10 23:49:50.140 [DEBUG] com.dippy.mapper.CarInfoMapper.findMySellCarByPage_mpCount - <==      Total: 1
2021-05-10 23:49:50.142 [DEBUG] com.dippy.mapper.CarInfoMapper.findMySellCarByPage - ==>  Preparing: select * from car_info left join car_picture cp on car_info.car_id = cp.car_id where car_info.user_id = ? LIMIT ?
2021-05-10 23:49:50.143 [DEBUG] com.dippy.mapper.CarInfoMapper.findMySellCarByPage - ==> Parameters: 1(Integer), 5(Long)
2021-05-10 23:49:50.146 [DEBUG] com.dippy.mapper.CarInfoMapper.findMySellCarByPage - <==      Total: 5
2021-05-10 23:50:10.923 [DEBUG] com.dippy.mapper.CarInfoMapper.findMySellCarByPage_mpCount - ==>  Preparing: SELECT COUNT(*) FROM car_info WHERE car_info.user_id = ?
2021-05-10 23:50:10.924 [DEBUG] com.dippy.mapper.CarInfoMapper.findMySellCarByPage_mpCount - ==> Parameters: 1(Integer)
2021-05-10 23:50:10.925 [DEBUG] com.dippy.mapper.CarInfoMapper.findMySellCarByPage_mpCount - <==      Total: 1
2021-05-10 23:50:10.927 [DEBUG] com.dippy.mapper.CarInfoMapper.findMySellCarByPage - ==>  Preparing: select * from car_info left join car_picture cp on car_info.car_id = cp.car_id where car_info.user_id = ? LIMIT ?
2021-05-10 23:50:10.927 [DEBUG] com.dippy.mapper.CarInfoMapper.findMySellCarByPage - ==> Parameters: 1(Integer), 5(Long)
2021-05-10 23:50:10.930 [DEBUG] com.dippy.mapper.CarInfoMapper.findMySellCarByPage - <==      Total: 5
2021-05-10 23:50:36.491 [DEBUG] com.dippy.mapper.CarInfoMapper.findMySellCarByPage_mpCount - ==>  Preparing: SELECT COUNT(*) FROM car_info WHERE car_info.user_id = ?
2021-05-10 23:50:36.492 [DEBUG] com.dippy.mapper.CarInfoMapper.findMySellCarByPage_mpCount - ==> Parameters: 1(Integer)
2021-05-10 23:50:36.494 [DEBUG] com.dippy.mapper.CarInfoMapper.findMySellCarByPage_mpCount - <==      Total: 1
2021-05-10 23:50:36.495 [DEBUG] com.dippy.mapper.CarInfoMapper.findMySellCarByPage - ==>  Preparing: select * from car_info left join car_picture cp on car_info.car_id = cp.car_id where car_info.user_id = ? LIMIT ?
2021-05-10 23:50:36.496 [DEBUG] com.dippy.mapper.CarInfoMapper.findMySellCarByPage - ==> Parameters: 1(Integer), 5(Long)
2021-05-10 23:50:36.499 [DEBUG] com.dippy.mapper.CarInfoMapper.findMySellCarByPage - <==      Total: 5
2021-05-10 23:55:16.635 [DEBUG] com.dippy.mapper.CarInfoMapper.findMySellCarByPage_mpCount - ==>  Preparing: SELECT COUNT(*) FROM car_info WHERE car_info.user_id = ?
2021-05-10 23:55:16.636 [DEBUG] com.dippy.mapper.CarInfoMapper.findMySellCarByPage_mpCount - ==> Parameters: 1(Integer)
2021-05-10 23:55:16.638 [DEBUG] com.dippy.mapper.CarInfoMapper.findMySellCarByPage_mpCount - <==      Total: 1
2021-05-10 23:55:16.639 [DEBUG] com.dippy.mapper.CarInfoMapper.findMySellCarByPage - ==>  Preparing: select * from car_info left join car_picture cp on car_info.car_id = cp.car_id where car_info.user_id = ? LIMIT ?
2021-05-10 23:55:16.640 [DEBUG] com.dippy.mapper.CarInfoMapper.findMySellCarByPage - ==> Parameters: 1(Integer), 5(Long)
2021-05-10 23:55:16.642 [DEBUG] com.dippy.mapper.CarInfoMapper.findMySellCarByPage - <==      Total: 5
2021-05-10 23:56:48.428 [DEBUG] com.dippy.mapper.CarInfoMapper.findMySellCarByPage_mpCount - ==>  Preparing: SELECT COUNT(*) FROM car_info WHERE car_info.user_id = ?
2021-05-10 23:56:48.429 [DEBUG] com.dippy.mapper.CarInfoMapper.findMySellCarByPage_mpCount - ==> Parameters: 1(Integer)
2021-05-10 23:56:48.430 [DEBUG] com.dippy.mapper.CarInfoMapper.findMySellCarByPage_mpCount - <==      Total: 1
2021-05-10 23:56:48.432 [DEBUG] com.dippy.mapper.CarInfoMapper.findMySellCarByPage - ==>  Preparing: select * from car_info left join car_picture cp on car_info.car_id = cp.car_id where car_info.user_id = ? LIMIT ?
2021-05-10 23:56:48.433 [DEBUG] com.dippy.mapper.CarInfoMapper.findMySellCarByPage - ==> Parameters: 1(Integer), 5(Long)
2021-05-10 23:56:48.436 [DEBUG] com.dippy.mapper.CarInfoMapper.findMySellCarByPage - <==      Total: 5
2021-05-10 23:59:07.235 [DEBUG] com.dippy.mapper.SysUserMapper.selectOne - ==>  Preparing: SELECT user_id,username,password,name,sex,avatar,address_id,province,city,area,detailed_address,phone,email,birthday,is_lock,create_time,update_time FROM sys_user WHERE (username = ?)
2021-05-10 23:59:07.237 [DEBUG] com.dippy.mapper.SysUserMapper.selectOne - ==> Parameters: admin(String)
2021-05-10 23:59:07.239 [DEBUG] com.dippy.mapper.SysUserMapper.selectOne - <==      Total: 1
2021-05-10 23:59:07.242 [DEBUG] com.dippy.mapper.SysRoleUserMapper.selectList - ==>  Preparing: SELECT role_id FROM sys_role_user WHERE (user_id = ?)
2021-05-10 23:59:07.243 [DEBUG] com.dippy.mapper.SysRoleUserMapper.selectList - ==> Parameters: 1(Integer)
2021-05-10 23:59:07.244 [DEBUG] com.dippy.mapper.SysRoleUserMapper.selectList - <==      Total: 1
2021-05-10 23:59:07.246 [DEBUG] com.dippy.mapper.SysPermissionMapper.listPermissionByUserId - ==>  Preparing: SELECT p.* FROM sys_user u, sys_permission p LEFT JOIN sys_role_permission rp ON p.permission_id = rp.permission_id LEFT JOIN sys_role_user ru ON rp.role_id = ru.role_id WHERE u.user_id = ?
2021-05-10 23:59:07.246 [DEBUG] com.dippy.mapper.SysPermissionMapper.listPermissionByUserId - ==> Parameters: 1(Integer)
2021-05-10 23:59:07.252 [DEBUG] com.dippy.mapper.SysPermissionMapper.listPermissionByUserId - <==      Total: 80
2021-05-10 23:59:07.402 [DEBUG] com.dippy.mapper.CarInfoMapper.findMySellCarByPage_mpCount - ==>  Preparing: SELECT COUNT(*) FROM car_info WHERE car_info.user_id = ?
2021-05-10 23:59:07.403 [DEBUG] com.dippy.mapper.CarInfoMapper.findMySellCarByPage_mpCount - ==> Parameters: 1(Integer)
2021-05-10 23:59:07.405 [DEBUG] com.dippy.mapper.CarInfoMapper.findMySellCarByPage_mpCount - <==      Total: 1
2021-05-10 23:59:07.406 [DEBUG] com.dippy.mapper.CarInfoMapper.findMySellCarByPage - ==>  Preparing: select * from car_info left join car_picture cp on car_info.car_id = cp.car_id where car_info.user_id = ? LIMIT ?
2021-05-10 23:59:07.407 [DEBUG] com.dippy.mapper.CarInfoMapper.findMySellCarByPage - ==> Parameters: 1(Integer), 5(Long)
2021-05-10 23:59:07.409 [DEBUG] com.dippy.mapper.CarInfoMapper.findMySellCarByPage - <==      Total: 5
