2021-04-04 16:07:51.190 [DEBUG] com.dippy.mapper.CarInfoMapper.selectPage - ==>  Preparing: SELECT COUNT(1) FROM car_info
2021-04-04 16:07:51.246 [DEBUG] com.dippy.mapper.CarInfoMapper.selectPage - ==> Parameters: 
2021-04-04 16:07:51.311 [DEBUG] com.dippy.mapper.CarInfoMapper.selectPage - ==>  Preparing: SELECT car_id,car_brand,car_series,car_type,car_price,car_count,car_user_time,transfer_count,car_car_mileage,car_color,car_picture_id,car_gear_box,car_displacement,produce_time,car_configuration,car_seat,car_fuel_type,car_quality_time,car_region_id,car_front_tyre,rear_tyre,car_describe,create_time,update_time,car_status FROM car_info LIMIT ?
2021-04-04 16:07:51.313 [DEBUG] com.dippy.mapper.CarInfoMapper.selectPage - ==> Parameters: 5(Long)
2021-04-04 16:07:51.336 [DEBUG] com.dippy.mapper.CarInfoMapper.selectPage - <==      Total: 5
2021-04-04 16:07:51.452 [DEBUG] com.dippy.mapper.CarPictureMapper.selectList - ==>  Preparing: SELECT car_picture_id,car_url,car_picture_location,car_id FROM car_picture WHERE (car_id = ?)
2021-04-04 16:07:51.453 [DEBUG] com.dippy.mapper.CarPictureMapper.selectList - ==> Parameters: 1(Integer)
2021-04-04 16:07:51.456 [DEBUG] com.dippy.mapper.CarPictureMapper.selectList - <==      Total: 1
2021-04-04 16:07:51.460 [DEBUG] com.dippy.mapper.CarPictureMapper.selectList - ==>  Preparing: SELECT car_picture_id,car_url,car_picture_location,car_id FROM car_picture WHERE (car_id = ?)
2021-04-04 16:07:51.461 [DEBUG] com.dippy.mapper.CarPictureMapper.selectList - ==> Parameters: 2(Integer)
2021-04-04 16:07:51.463 [DEBUG] com.dippy.mapper.CarPictureMapper.selectList - <==      Total: 1
2021-04-04 16:07:51.466 [DEBUG] com.dippy.mapper.CarPictureMapper.selectList - ==>  Preparing: SELECT car_picture_id,car_url,car_picture_location,car_id FROM car_picture WHERE (car_id = ?)
2021-04-04 16:07:51.468 [DEBUG] com.dippy.mapper.CarPictureMapper.selectList - ==> Parameters: 3(Integer)
2021-04-04 16:07:51.471 [DEBUG] com.dippy.mapper.CarPictureMapper.selectList - <==      Total: 1
2021-04-04 16:07:51.474 [DEBUG] com.dippy.mapper.CarPictureMapper.selectList - ==>  Preparing: SELECT car_picture_id,car_url,car_picture_location,car_id FROM car_picture WHERE (car_id = ?)
2021-04-04 16:07:51.475 [DEBUG] com.dippy.mapper.CarPictureMapper.selectList - ==> Parameters: 8(Integer)
2021-04-04 16:07:51.477 [DEBUG] com.dippy.mapper.CarPictureMapper.selectList - <==      Total: 0
2021-04-04 16:07:51.481 [DEBUG] com.dippy.mapper.CarPictureMapper.selectList - ==>  Preparing: SELECT car_picture_id,car_url,car_picture_location,car_id FROM car_picture WHERE (car_id = ?)
2021-04-04 16:07:51.482 [DEBUG] com.dippy.mapper.CarPictureMapper.selectList - ==> Parameters: 9(Integer)
2021-04-04 16:07:51.483 [DEBUG] com.dippy.mapper.CarPictureMapper.selectList - <==      Total: 0
