2020-12-08 16:08:30.539 [INFO ] org.hibernate.validator.internal.util.Version - HV000001: Hibernate Validator 6.1.5.Final
2020-12-08 16:08:30.566 [INFO ] com.dippy.SpringbootSecondcarApplication - Starting SpringbootSecondcarApplication on Dippy with PID 4768 (E:\workspace\IDEA\springboot\springboot-secondcar\target\classes started by Mindless in E:\workspace\IDEA\springboot\springboot-secondcar)
2020-12-08 16:08:30.568 [INFO ] com.dippy.SpringbootSecondcarApplication - No active profile set, falling back to default profiles: default
2020-12-08 16:08:30.657 [INFO ] org.springframework.boot.devtools.env.DevToolsPropertyDefaultsPostProcessor - Devtools property defaults active! Set 'spring.devtools.add-properties' to 'false' to disable
2020-12-08 16:08:30.658 [INFO ] org.springframework.boot.devtools.env.DevToolsPropertyDefaultsPostProcessor - For additional web related logging consider setting the 'logging.level.web' property to 'DEBUG'
2020-12-08 16:08:32.573 [INFO ] org.springframework.boot.web.embedded.tomcat.TomcatWebServer - Tomcat initialized with port(s): 8090 (http)
2020-12-08 16:08:32.585 [INFO ] org.apache.coyote.http11.Http11NioProtocol - Initializing ProtocolHandler ["http-nio-8090"]
2020-12-08 16:08:32.585 [INFO ] org.apache.catalina.core.StandardService - Starting service [Tomcat]
2020-12-08 16:08:32.586 [INFO ] org.apache.catalina.core.StandardEngine - Starting Servlet engine: [Apache Tomcat/9.0.38]
2020-12-08 16:08:32.760 [INFO ] org.apache.catalina.core.ContainerBase.[Tomcat].[localhost].[/] - Initializing Spring embedded WebApplicationContext
2020-12-08 16:08:32.761 [INFO ] org.springframework.boot.web.servlet.context.ServletWebServerApplicationContext - Root WebApplicationContext: initialization completed in 2103 ms
2020-12-08 16:08:37.151 [INFO ] springfox.documentation.spring.web.PropertySourcedRequestMappingHandlerMapping - Mapped URL path [/v2/api-docs] onto method [springfox.documentation.swagger2.web.Swagger2Controller#getDocumentation(String, HttpServletRequest)]
2020-12-08 16:08:37.254 [INFO ] org.springframework.scheduling.concurrent.ThreadPoolTaskExecutor - Initializing ExecutorService 'applicationTaskExecutor'
2020-12-08 16:08:37.309 [INFO ] org.springframework.boot.devtools.autoconfigure.OptionalLiveReloadServer - LiveReload server is running on port 35729
2020-12-08 16:08:37.711 [INFO ] org.springframework.security.web.DefaultSecurityFilterChain - Creating filter chain: any request, [org.springframework.security.web.context.request.async.WebAsyncManagerIntegrationFilter@1bb54045, org.springframework.security.web.context.SecurityContextPersistenceFilter@68763a5f, org.springframework.security.web.header.HeaderWriterFilter@69019397, org.springframework.web.filter.CorsFilter@6bf8eb8, org.springframework.security.web.authentication.logout.LogoutFilter@1c786cd8, org.springframework.security.web.authentication.UsernamePasswordAuthenticationFilter@76807a37, org.springframework.security.web.savedrequest.RequestCacheAwareFilter@383cd3fd, org.springframework.security.web.servletapi.SecurityContextHolderAwareRequestFilter@473f5c0a, org.springframework.security.web.authentication.AnonymousAuthenticationFilter@5ab4fb15, org.springframework.security.web.session.SessionManagementFilter@28b06da7, org.springframework.security.web.access.ExceptionTranslationFilter@3a86f60e, org.springframework.security.web.access.intercept.FilterSecurityInterceptor@70facb2a]
2020-12-08 16:08:37.799 [INFO ] org.apache.coyote.http11.Http11NioProtocol - Starting ProtocolHandler ["http-nio-8090"]
2020-12-08 16:08:37.829 [INFO ] org.springframework.boot.web.embedded.tomcat.TomcatWebServer - Tomcat started on port(s): 8090 (http) with context path ''
2020-12-08 16:08:37.830 [INFO ] springfox.documentation.spring.web.plugins.DocumentationPluginsBootstrapper - Context refreshed
2020-12-08 16:08:37.852 [INFO ] springfox.documentation.spring.web.plugins.DocumentationPluginsBootstrapper - Found 1 custom documentation plugin(s)
2020-12-08 16:08:37.899 [INFO ] springfox.documentation.spring.web.scanners.ApiListingReferenceScanner - Scanning for api listing references
2020-12-08 16:08:38.073 [INFO ] com.dippy.SpringbootSecondcarApplication - Started SpringbootSecondcarApplication in 8.35 seconds (JVM running for 10.388)
2020-12-08 16:47:37.241 [INFO ] org.hibernate.validator.internal.util.Version - HV000001: Hibernate Validator 6.1.5.Final
2020-12-08 16:47:37.345 [INFO ] com.dippy.SpringbootSecondcarApplication - Starting SpringbootSecondcarApplication on Dippy with PID 21440 (E:\workspace\IDEA\springboot\springboot-secondcar\target\classes started by Mindless in E:\workspace\IDEA\springboot\springboot-secondcar)
2020-12-08 16:47:37.346 [INFO ] com.dippy.SpringbootSecondcarApplication - No active profile set, falling back to default profiles: default
2020-12-08 16:47:37.457 [INFO ] org.springframework.boot.devtools.env.DevToolsPropertyDefaultsPostProcessor - Devtools property defaults active! Set 'spring.devtools.add-properties' to 'false' to disable
2020-12-08 16:47:37.458 [INFO ] org.springframework.boot.devtools.env.DevToolsPropertyDefaultsPostProcessor - For additional web related logging consider setting the 'logging.level.web' property to 'DEBUG'
2020-12-08 16:47:40.173 [INFO ] org.springframework.boot.web.embedded.tomcat.TomcatWebServer - Tomcat initialized with port(s): 8090 (http)
2020-12-08 16:47:40.355 [INFO ] org.apache.coyote.http11.Http11NioProtocol - Initializing ProtocolHandler ["http-nio-8090"]
2020-12-08 16:47:40.356 [INFO ] org.apache.catalina.core.StandardService - Starting service [Tomcat]
2020-12-08 16:47:40.357 [INFO ] org.apache.catalina.core.StandardEngine - Starting Servlet engine: [Apache Tomcat/9.0.38]
2020-12-08 16:47:40.590 [INFO ] org.apache.catalina.core.ContainerBase.[Tomcat].[localhost].[/] - Initializing Spring embedded WebApplicationContext
2020-12-08 16:47:40.590 [INFO ] org.springframework.boot.web.servlet.context.ServletWebServerApplicationContext - Root WebApplicationContext: initialization completed in 3132 ms
2020-12-08 16:47:43.123 [INFO ] springfox.documentation.spring.web.PropertySourcedRequestMappingHandlerMapping - Mapped URL path [/v2/api-docs] onto method [springfox.documentation.swagger2.web.Swagger2Controller#getDocumentation(String, HttpServletRequest)]
2020-12-08 16:47:43.270 [INFO ] org.springframework.scheduling.concurrent.ThreadPoolTaskExecutor - Initializing ExecutorService 'applicationTaskExecutor'
2020-12-08 16:47:43.335 [INFO ] org.springframework.boot.devtools.autoconfigure.OptionalLiveReloadServer - LiveReload server is running on port 35729
2020-12-08 16:47:43.839 [INFO ] org.springframework.security.web.DefaultSecurityFilterChain - Creating filter chain: any request, [org.springframework.security.web.context.request.async.WebAsyncManagerIntegrationFilter@22ed2886, org.springframework.security.web.context.SecurityContextPersistenceFilter@f8fe81e, org.springframework.security.web.header.HeaderWriterFilter@6b756a62, org.springframework.web.filter.CorsFilter@5e158f33, org.springframework.security.web.authentication.logout.LogoutFilter@e2344da, org.springframework.security.web.authentication.UsernamePasswordAuthenticationFilter@71135794, org.springframework.security.web.savedrequest.RequestCacheAwareFilter@7de43652, org.springframework.security.web.servletapi.SecurityContextHolderAwareRequestFilter@2d3768ce, org.springframework.security.web.authentication.AnonymousAuthenticationFilter@30ca66c5, org.springframework.security.web.session.SessionManagementFilter@6e0f259e, org.springframework.security.web.access.ExceptionTranslationFilter@24ee6faa, org.springframework.security.web.access.intercept.FilterSecurityInterceptor@57fec63f]
2020-12-08 16:47:43.935 [INFO ] org.apache.coyote.http11.Http11NioProtocol - Starting ProtocolHandler ["http-nio-8090"]
2020-12-08 16:47:43.979 [INFO ] org.springframework.boot.web.embedded.tomcat.TomcatWebServer - Tomcat started on port(s): 8090 (http) with context path ''
2020-12-08 16:47:43.980 [INFO ] springfox.documentation.spring.web.plugins.DocumentationPluginsBootstrapper - Context refreshed
2020-12-08 16:47:44.007 [INFO ] springfox.documentation.spring.web.plugins.DocumentationPluginsBootstrapper - Found 1 custom documentation plugin(s)
2020-12-08 16:47:44.072 [INFO ] springfox.documentation.spring.web.scanners.ApiListingReferenceScanner - Scanning for api listing references
2020-12-08 16:47:44.314 [INFO ] com.dippy.SpringbootSecondcarApplication - Started SpringbootSecondcarApplication in 8.172 seconds (JVM running for 14.264)
2020-12-08 16:49:08.306 [INFO ] org.apache.catalina.core.ContainerBase.[Tomcat].[localhost].[/] - Initializing Spring DispatcherServlet 'dispatcherServlet'
2020-12-08 16:49:08.480 [INFO ] com.dippy.service.impl.UserDetailServiceImpl - 执行自定义登录逻辑-----登录了
2020-12-08 16:50:55.776 [INFO ] com.dippy.service.impl.UserDetailServiceImpl - 执行自定义登录逻辑-----登录了
2020-12-08 16:53:39.051 [INFO ] com.dippy.service.impl.UserDetailServiceImpl - 执行自定义登录逻辑-----登录了
2020-12-08 16:58:43.020 [INFO ] com.dippy.service.impl.UserDetailServiceImpl - 执行自定义登录逻辑-----登录了
2020-12-08 17:00:58.848 [INFO ] com.dippy.service.impl.UserDetailServiceImpl - 执行自定义登录逻辑-----登录了
2020-12-08 17:01:48.875 [INFO ] com.dippy.service.impl.UserDetailServiceImpl - 执行自定义登录逻辑-----登录了
2020-12-08 17:03:20.130 [INFO ] org.springframework.scheduling.concurrent.ThreadPoolTaskExecutor - Shutting down ExecutorService 'applicationTaskExecutor'
2020-12-08 17:05:29.790 [INFO ] org.hibernate.validator.internal.util.Version - HV000001: Hibernate Validator 6.1.5.Final
2020-12-08 17:05:29.922 [INFO ] com.dippy.SpringbootSecondcarApplication - Starting SpringbootSecondcarApplication on Dippy with PID 18720 (E:\workspace\IDEA\springboot\springboot-secondcar\target\classes started by Mindless in E:\workspace\IDEA\springboot\springboot-secondcar)
2020-12-08 17:05:29.925 [INFO ] com.dippy.SpringbootSecondcarApplication - No active profile set, falling back to default profiles: default
2020-12-08 17:05:30.090 [INFO ] org.springframework.boot.devtools.env.DevToolsPropertyDefaultsPostProcessor - Devtools property defaults active! Set 'spring.devtools.add-properties' to 'false' to disable
2020-12-08 17:05:30.094 [INFO ] org.springframework.boot.devtools.env.DevToolsPropertyDefaultsPostProcessor - For additional web related logging consider setting the 'logging.level.web' property to 'DEBUG'
2020-12-08 17:05:33.337 [INFO ] org.springframework.boot.web.embedded.tomcat.TomcatWebServer - Tomcat initialized with port(s): 8090 (http)
2020-12-08 17:05:33.357 [INFO ] org.apache.coyote.http11.Http11NioProtocol - Initializing ProtocolHandler ["http-nio-8090"]
2020-12-08 17:05:33.358 [INFO ] org.apache.catalina.core.StandardService - Starting service [Tomcat]
2020-12-08 17:05:33.359 [INFO ] org.apache.catalina.core.StandardEngine - Starting Servlet engine: [Apache Tomcat/9.0.38]
2020-12-08 17:05:33.738 [INFO ] org.apache.catalina.core.ContainerBase.[Tomcat].[localhost].[/] - Initializing Spring embedded WebApplicationContext
2020-12-08 17:05:33.738 [INFO ] org.springframework.boot.web.servlet.context.ServletWebServerApplicationContext - Root WebApplicationContext: initialization completed in 3644 ms
2020-12-08 17:05:36.348 [INFO ] springfox.documentation.spring.web.PropertySourcedRequestMappingHandlerMapping - Mapped URL path [/v2/api-docs] onto method [springfox.documentation.swagger2.web.Swagger2Controller#getDocumentation(String, HttpServletRequest)]
2020-12-08 17:05:36.491 [INFO ] org.springframework.scheduling.concurrent.ThreadPoolTaskExecutor - Initializing ExecutorService 'applicationTaskExecutor'
2020-12-08 17:05:36.565 [INFO ] org.springframework.boot.devtools.autoconfigure.OptionalLiveReloadServer - LiveReload server is running on port 35729
2020-12-08 17:05:37.076 [INFO ] org.springframework.security.web.DefaultSecurityFilterChain - Creating filter chain: any request, [org.springframework.security.web.context.request.async.WebAsyncManagerIntegrationFilter@575fe6da, org.springframework.security.web.context.SecurityContextPersistenceFilter@21d48c40, org.springframework.security.web.header.HeaderWriterFilter@e2344da, org.springframework.security.web.csrf.CsrfFilter@2a9ea03f, org.springframework.security.web.authentication.logout.LogoutFilter@4cd6f08b, org.springframework.security.web.authentication.UsernamePasswordAuthenticationFilter@78b2d29e, org.springframework.security.web.savedrequest.RequestCacheAwareFilter@37f627d0, org.springframework.security.web.servletapi.SecurityContextHolderAwareRequestFilter@3e24bab6, org.springframework.security.web.authentication.AnonymousAuthenticationFilter@149238fe, org.springframework.security.web.session.SessionManagementFilter@79b0956e, org.springframework.security.web.access.ExceptionTranslationFilter@1c528f2f]
2020-12-08 17:05:37.174 [INFO ] org.apache.coyote.http11.Http11NioProtocol - Starting ProtocolHandler ["http-nio-8090"]
2020-12-08 17:05:37.220 [INFO ] org.springframework.boot.web.embedded.tomcat.TomcatWebServer - Tomcat started on port(s): 8090 (http) with context path ''
2020-12-08 17:05:37.221 [INFO ] springfox.documentation.spring.web.plugins.DocumentationPluginsBootstrapper - Context refreshed
2020-12-08 17:05:37.248 [INFO ] springfox.documentation.spring.web.plugins.DocumentationPluginsBootstrapper - Found 1 custom documentation plugin(s)
2020-12-08 17:05:37.316 [INFO ] springfox.documentation.spring.web.scanners.ApiListingReferenceScanner - Scanning for api listing references
2020-12-08 17:05:37.559 [INFO ] com.dippy.SpringbootSecondcarApplication - Started SpringbootSecondcarApplication in 9.02 seconds (JVM running for 14.989)
2020-12-08 17:09:29.158 [INFO ] org.apache.catalina.core.ContainerBase.[Tomcat].[localhost].[/] - Initializing Spring DispatcherServlet 'dispatcherServlet'
2020-12-08 17:11:29.228 [INFO ] org.springframework.scheduling.concurrent.ThreadPoolTaskExecutor - Shutting down ExecutorService 'applicationTaskExecutor'
2020-12-08 17:11:38.090 [INFO ] org.hibernate.validator.internal.util.Version - HV000001: Hibernate Validator 6.1.5.Final
2020-12-08 17:11:38.194 [INFO ] com.dippy.SpringbootSecondcarApplication - Starting SpringbootSecondcarApplication on Dippy with PID 5964 (E:\workspace\IDEA\springboot\springboot-secondcar\target\classes started by Mindless in E:\workspace\IDEA\springboot\springboot-secondcar)
2020-12-08 17:11:38.195 [INFO ] com.dippy.SpringbootSecondcarApplication - No active profile set, falling back to default profiles: default
2020-12-08 17:11:38.333 [INFO ] org.springframework.boot.devtools.env.DevToolsPropertyDefaultsPostProcessor - Devtools property defaults active! Set 'spring.devtools.add-properties' to 'false' to disable
2020-12-08 17:11:38.333 [INFO ] org.springframework.boot.devtools.env.DevToolsPropertyDefaultsPostProcessor - For additional web related logging consider setting the 'logging.level.web' property to 'DEBUG'
2020-12-08 17:11:40.885 [INFO ] org.springframework.boot.web.embedded.tomcat.TomcatWebServer - Tomcat initialized with port(s): 8090 (http)
2020-12-08 17:11:41.056 [INFO ] org.apache.coyote.http11.Http11NioProtocol - Initializing ProtocolHandler ["http-nio-8090"]
2020-12-08 17:11:41.057 [INFO ] org.apache.catalina.core.StandardService - Starting service [Tomcat]
2020-12-08 17:11:41.058 [INFO ] org.apache.catalina.core.StandardEngine - Starting Servlet engine: [Apache Tomcat/9.0.38]
2020-12-08 17:11:41.378 [INFO ] org.apache.catalina.core.ContainerBase.[Tomcat].[localhost].[/] - Initializing Spring embedded WebApplicationContext
2020-12-08 17:11:41.378 [INFO ] org.springframework.boot.web.servlet.context.ServletWebServerApplicationContext - Root WebApplicationContext: initialization completed in 3044 ms
2020-12-08 17:11:44.756 [INFO ] springfox.documentation.spring.web.PropertySourcedRequestMappingHandlerMapping - Mapped URL path [/v2/api-docs] onto method [springfox.documentation.swagger2.web.Swagger2Controller#getDocumentation(String, HttpServletRequest)]
2020-12-08 17:11:44.902 [INFO ] org.springframework.scheduling.concurrent.ThreadPoolTaskExecutor - Initializing ExecutorService 'applicationTaskExecutor'
2020-12-08 17:11:44.979 [INFO ] org.springframework.boot.devtools.autoconfigure.OptionalLiveReloadServer - LiveReload server is running on port 35729
2020-12-08 17:11:45.628 [INFO ] org.springframework.security.web.DefaultSecurityFilterChain - Creating filter chain: any request, [org.springframework.security.web.context.request.async.WebAsyncManagerIntegrationFilter@1ce8084a, org.springframework.security.web.context.SecurityContextPersistenceFilter@4ed19540, org.springframework.security.web.header.HeaderWriterFilter@41948c13, org.springframework.security.web.authentication.logout.LogoutFilter@7c6fc278, org.springframework.security.web.authentication.UsernamePasswordAuthenticationFilter@23ee92df, org.springframework.security.web.savedrequest.RequestCacheAwareFilter@322eb1a, org.springframework.security.web.servletapi.SecurityContextHolderAwareRequestFilter@5c20505f, org.springframework.security.web.authentication.AnonymousAuthenticationFilter@61d24347, org.springframework.security.web.session.SessionManagementFilter@62264d4f, org.springframework.security.web.access.ExceptionTranslationFilter@52d01430, org.springframework.security.web.access.intercept.FilterSecurityInterceptor@20462820]
2020-12-08 17:11:45.777 [INFO ] org.apache.coyote.http11.Http11NioProtocol - Starting ProtocolHandler ["http-nio-8090"]
2020-12-08 17:11:45.860 [INFO ] org.springframework.boot.web.embedded.tomcat.TomcatWebServer - Tomcat started on port(s): 8090 (http) with context path ''
2020-12-08 17:11:45.868 [INFO ] springfox.documentation.spring.web.plugins.DocumentationPluginsBootstrapper - Context refreshed
2020-12-08 17:11:45.897 [INFO ] springfox.documentation.spring.web.plugins.DocumentationPluginsBootstrapper - Found 1 custom documentation plugin(s)
2020-12-08 17:11:45.969 [INFO ] springfox.documentation.spring.web.scanners.ApiListingReferenceScanner - Scanning for api listing references
2020-12-08 17:11:46.270 [INFO ] com.dippy.SpringbootSecondcarApplication - Started SpringbootSecondcarApplication in 9.307 seconds (JVM running for 14.225)
2020-12-08 17:11:59.242 [INFO ] org.apache.catalina.core.ContainerBase.[Tomcat].[localhost].[/] - Initializing Spring DispatcherServlet 'dispatcherServlet'
2020-12-08 17:11:59.474 [INFO ] com.dippy.service.impl.UserDetailServiceImpl - 执行自定义登录逻辑-----登录了
2020-12-08 17:12:28.963 [INFO ] com.dippy.service.impl.UserDetailServiceImpl - 执行自定义登录逻辑-----登录了
2020-12-08 17:13:28.095 [INFO ] org.springframework.scheduling.concurrent.ThreadPoolTaskExecutor - Shutting down ExecutorService 'applicationTaskExecutor'
2020-12-08 17:13:36.727 [INFO ] org.hibernate.validator.internal.util.Version - HV000001: Hibernate Validator 6.1.5.Final
2020-12-08 17:13:36.760 [INFO ] com.dippy.SpringbootSecondcarApplication - Starting SpringbootSecondcarApplication on Dippy with PID 15004 (E:\workspace\IDEA\springboot\springboot-secondcar\target\classes started by Mindless in E:\workspace\IDEA\springboot\springboot-secondcar)
2020-12-08 17:13:36.760 [INFO ] com.dippy.SpringbootSecondcarApplication - No active profile set, falling back to default profiles: default
2020-12-08 17:13:36.829 [INFO ] org.springframework.boot.devtools.env.DevToolsPropertyDefaultsPostProcessor - Devtools property defaults active! Set 'spring.devtools.add-properties' to 'false' to disable
2020-12-08 17:13:36.830 [INFO ] org.springframework.boot.devtools.env.DevToolsPropertyDefaultsPostProcessor - For additional web related logging consider setting the 'logging.level.web' property to 'DEBUG'
2020-12-08 17:13:39.233 [INFO ] org.springframework.boot.web.embedded.tomcat.TomcatWebServer - Tomcat initialized with port(s): 8090 (http)
2020-12-08 17:13:39.246 [INFO ] org.apache.coyote.http11.Http11NioProtocol - Initializing ProtocolHandler ["http-nio-8090"]
2020-12-08 17:13:39.247 [INFO ] org.apache.catalina.core.StandardService - Starting service [Tomcat]
2020-12-08 17:13:39.248 [INFO ] org.apache.catalina.core.StandardEngine - Starting Servlet engine: [Apache Tomcat/9.0.38]
2020-12-08 17:13:39.411 [INFO ] org.apache.catalina.core.ContainerBase.[Tomcat].[localhost].[/] - Initializing Spring embedded WebApplicationContext
2020-12-08 17:13:39.412 [INFO ] org.springframework.boot.web.servlet.context.ServletWebServerApplicationContext - Root WebApplicationContext: initialization completed in 2582 ms
2020-12-08 17:13:41.597 [INFO ] springfox.documentation.spring.web.PropertySourcedRequestMappingHandlerMapping - Mapped URL path [/v2/api-docs] onto method [springfox.documentation.swagger2.web.Swagger2Controller#getDocumentation(String, HttpServletRequest)]
2020-12-08 17:13:41.714 [INFO ] org.springframework.scheduling.concurrent.ThreadPoolTaskExecutor - Initializing ExecutorService 'applicationTaskExecutor'
2020-12-08 17:13:41.763 [INFO ] org.springframework.boot.devtools.autoconfigure.OptionalLiveReloadServer - LiveReload server is running on port 35729
2020-12-08 17:13:42.159 [INFO ] org.springframework.security.web.DefaultSecurityFilterChain - Creating filter chain: any request, [org.springframework.security.web.context.request.async.WebAsyncManagerIntegrationFilter@6c3d62d4, org.springframework.security.web.context.SecurityContextPersistenceFilter@53e2dcc2, org.springframework.security.web.header.HeaderWriterFilter@335aeb23, org.springframework.security.web.authentication.logout.LogoutFilter@79eedd8c, org.springframework.security.web.authentication.UsernamePasswordAuthenticationFilter@8ec9a23, org.springframework.security.web.savedrequest.RequestCacheAwareFilter@c4864aa, org.springframework.security.web.servletapi.SecurityContextHolderAwareRequestFilter@13dcbe73, org.springframework.security.web.authentication.AnonymousAuthenticationFilter@6d151cf1, org.springframework.security.web.session.SessionManagementFilter@2c05348b, org.springframework.security.web.access.ExceptionTranslationFilter@397ef641, org.springframework.security.web.access.intercept.FilterSecurityInterceptor@3daafba7]
2020-12-08 17:13:42.243 [INFO ] org.apache.coyote.http11.Http11NioProtocol - Starting ProtocolHandler ["http-nio-8090"]
2020-12-08 17:13:42.276 [INFO ] org.springframework.boot.web.embedded.tomcat.TomcatWebServer - Tomcat started on port(s): 8090 (http) with context path ''
2020-12-08 17:13:42.277 [INFO ] springfox.documentation.spring.web.plugins.DocumentationPluginsBootstrapper - Context refreshed
2020-12-08 17:13:42.298 [INFO ] springfox.documentation.spring.web.plugins.DocumentationPluginsBootstrapper - Found 1 custom documentation plugin(s)
2020-12-08 17:13:42.344 [INFO ] springfox.documentation.spring.web.scanners.ApiListingReferenceScanner - Scanning for api listing references
2020-12-08 17:13:42.534 [INFO ] com.dippy.SpringbootSecondcarApplication - Started SpringbootSecondcarApplication in 6.581 seconds (JVM running for 8.701)
2020-12-08 17:13:55.526 [INFO ] org.apache.catalina.core.ContainerBase.[Tomcat].[localhost].[/] - Initializing Spring DispatcherServlet 'dispatcherServlet'
2020-12-08 17:13:55.707 [INFO ] com.dippy.service.impl.UserDetailServiceImpl - 执行自定义登录逻辑-----登录了
2020-12-08 17:15:48.229 [INFO ] com.dippy.service.impl.UserDetailServiceImpl - 执行自定义登录逻辑-----登录了
2020-12-08 17:16:14.769 [INFO ] org.springframework.scheduling.concurrent.ThreadPoolTaskExecutor - Shutting down ExecutorService 'applicationTaskExecutor'
2020-12-08 17:16:15.124 [INFO ] com.dippy.SpringbootSecondcarApplication - Starting SpringbootSecondcarApplication on Dippy with PID 15004 (E:\workspace\IDEA\springboot\springboot-secondcar\target\classes started by Mindless in E:\workspace\IDEA\springboot\springboot-secondcar)
2020-12-08 17:16:15.124 [INFO ] com.dippy.SpringbootSecondcarApplication - No active profile set, falling back to default profiles: default
2020-12-08 17:16:16.205 [INFO ] org.springframework.boot.web.embedded.tomcat.TomcatWebServer - Tomcat initialized with port(s): 8090 (http)
2020-12-08 17:16:16.207 [INFO ] org.apache.coyote.http11.Http11NioProtocol - Initializing ProtocolHandler ["http-nio-8090"]
2020-12-08 17:16:16.210 [INFO ] org.apache.catalina.core.StandardService - Starting service [Tomcat]
2020-12-08 17:16:16.210 [INFO ] org.apache.catalina.core.StandardEngine - Starting Servlet engine: [Apache Tomcat/9.0.38]
2020-12-08 17:16:16.281 [INFO ] org.apache.catalina.core.ContainerBase.[Tomcat].[localhost].[/] - Initializing Spring embedded WebApplicationContext
2020-12-08 17:16:16.281 [INFO ] org.springframework.boot.web.servlet.context.ServletWebServerApplicationContext - Root WebApplicationContext: initialization completed in 1151 ms
2020-12-08 17:16:17.304 [INFO ] springfox.documentation.spring.web.PropertySourcedRequestMappingHandlerMapping - Mapped URL path [/v2/api-docs] onto method [springfox.documentation.swagger2.web.Swagger2Controller#getDocumentation(String, HttpServletRequest)]
2020-12-08 17:16:17.363 [INFO ] org.springframework.scheduling.concurrent.ThreadPoolTaskExecutor - Initializing ExecutorService 'applicationTaskExecutor'
2020-12-08 17:16:17.375 [INFO ] org.springframework.boot.devtools.autoconfigure.OptionalLiveReloadServer - LiveReload server is running on port 35729
2020-12-08 17:16:17.455 [INFO ] org.springframework.security.web.DefaultSecurityFilterChain - Creating filter chain: any request, [org.springframework.security.web.context.request.async.WebAsyncManagerIntegrationFilter@4e4ab585, org.springframework.security.web.context.SecurityContextPersistenceFilter@636e591e, org.springframework.security.web.header.HeaderWriterFilter@11e3ce5d, org.springframework.security.web.authentication.logout.LogoutFilter@5f9d808d, org.springframework.security.web.authentication.UsernamePasswordAuthenticationFilter@2d7d95e0, org.springframework.security.web.savedrequest.RequestCacheAwareFilter@66f28c02, org.springframework.security.web.servletapi.SecurityContextHolderAwareRequestFilter@696c27a7, org.springframework.security.web.authentication.AnonymousAuthenticationFilter@68816837, org.springframework.security.web.session.SessionManagementFilter@470c0db8, org.springframework.security.web.access.ExceptionTranslationFilter@675c48b1, org.springframework.security.web.access.intercept.FilterSecurityInterceptor@4d9a09b7]
2020-12-08 17:16:17.636 [INFO ] org.apache.coyote.http11.Http11NioProtocol - Starting ProtocolHandler ["http-nio-8090"]
2020-12-08 17:16:17.642 [INFO ] org.springframework.boot.web.embedded.tomcat.TomcatWebServer - Tomcat started on port(s): 8090 (http) with context path ''
2020-12-08 17:16:17.643 [INFO ] springfox.documentation.spring.web.plugins.DocumentationPluginsBootstrapper - Context refreshed
2020-12-08 17:16:17.644 [INFO ] springfox.documentation.spring.web.plugins.DocumentationPluginsBootstrapper - Found 1 custom documentation plugin(s)
2020-12-08 17:16:17.655 [INFO ] springfox.documentation.spring.web.scanners.ApiListingReferenceScanner - Scanning for api listing references
2020-12-08 17:16:17.710 [INFO ] com.dippy.SpringbootSecondcarApplication - Started SpringbootSecondcarApplication in 2.706 seconds (JVM running for 163.877)
2020-12-08 17:16:17.715 [INFO ] org.springframework.boot.devtools.autoconfigure.ConditionEvaluationDeltaLoggingListener - Condition evaluation unchanged
2020-12-08 17:16:25.400 [INFO ] org.apache.catalina.core.ContainerBase.[Tomcat].[localhost].[/] - Initializing Spring DispatcherServlet 'dispatcherServlet'
2020-12-08 17:16:48.788 [INFO ] org.springframework.scheduling.concurrent.ThreadPoolTaskExecutor - Shutting down ExecutorService 'applicationTaskExecutor'
2020-12-08 17:18:57.228 [INFO ] org.hibernate.validator.internal.util.Version - HV000001: Hibernate Validator 6.1.5.Final
2020-12-08 17:18:57.238 [INFO ] com.dippy.SpringbootSecondcarApplication - Starting SpringbootSecondcarApplication on Dippy with PID 15868 (E:\workspace\IDEA\springboot\springboot-secondcar\target\classes started by Mindless in E:\workspace\IDEA\springboot\springboot-secondcar)
2020-12-08 17:18:57.240 [INFO ] com.dippy.SpringbootSecondcarApplication - No active profile set, falling back to default profiles: default
2020-12-08 17:18:57.319 [INFO ] org.springframework.boot.devtools.env.DevToolsPropertyDefaultsPostProcessor - Devtools property defaults active! Set 'spring.devtools.add-properties' to 'false' to disable
2020-12-08 17:18:57.320 [INFO ] org.springframework.boot.devtools.env.DevToolsPropertyDefaultsPostProcessor - For additional web related logging consider setting the 'logging.level.web' property to 'DEBUG'
2020-12-08 17:19:00.350 [INFO ] org.springframework.boot.web.embedded.tomcat.TomcatWebServer - Tomcat initialized with port(s): 8090 (http)
2020-12-08 17:19:00.370 [INFO ] org.apache.coyote.http11.Http11NioProtocol - Initializing ProtocolHandler ["http-nio-8090"]
2020-12-08 17:19:00.370 [INFO ] org.apache.catalina.core.StandardService - Starting service [Tomcat]
2020-12-08 17:19:00.371 [INFO ] org.apache.catalina.core.StandardEngine - Starting Servlet engine: [Apache Tomcat/9.0.38]
2020-12-08 17:19:00.555 [INFO ] org.apache.catalina.core.ContainerBase.[Tomcat].[localhost].[/] - Initializing Spring embedded WebApplicationContext
2020-12-08 17:19:00.556 [INFO ] org.springframework.boot.web.servlet.context.ServletWebServerApplicationContext - Root WebApplicationContext: initialization completed in 3236 ms
2020-12-08 17:19:03.172 [INFO ] springfox.documentation.spring.web.PropertySourcedRequestMappingHandlerMapping - Mapped URL path [/v2/api-docs] onto method [springfox.documentation.swagger2.web.Swagger2Controller#getDocumentation(String, HttpServletRequest)]
2020-12-08 17:19:03.301 [INFO ] org.springframework.scheduling.concurrent.ThreadPoolTaskExecutor - Initializing ExecutorService 'applicationTaskExecutor'
2020-12-08 17:19:03.360 [INFO ] org.springframework.boot.devtools.autoconfigure.OptionalLiveReloadServer - LiveReload server is running on port 35729
2020-12-08 17:19:03.810 [INFO ] org.springframework.security.web.DefaultSecurityFilterChain - Creating filter chain: any request, [org.springframework.security.web.context.request.async.WebAsyncManagerIntegrationFilter@6ab9855a, org.springframework.security.web.context.SecurityContextPersistenceFilter@6a93c030, org.springframework.security.web.header.HeaderWriterFilter@7f9716b9, org.springframework.web.filter.CorsFilter@73090ae3, org.springframework.security.web.authentication.logout.LogoutFilter@217a9df5, org.springframework.security.web.authentication.UsernamePasswordAuthenticationFilter@1017c88b, org.springframework.security.web.savedrequest.RequestCacheAwareFilter@421f1138, org.springframework.security.web.servletapi.SecurityContextHolderAwareRequestFilter@6d344f62, org.springframework.security.web.authentication.AnonymousAuthenticationFilter@556924e9, org.springframework.security.web.session.SessionManagementFilter@14fc78ee, org.springframework.security.web.access.ExceptionTranslationFilter@3573a17a, org.springframework.security.web.access.intercept.FilterSecurityInterceptor@271f3997]
2020-12-08 17:19:03.898 [INFO ] org.apache.coyote.http11.Http11NioProtocol - Starting ProtocolHandler ["http-nio-8090"]
2020-12-08 17:19:03.932 [INFO ] org.springframework.boot.web.embedded.tomcat.TomcatWebServer - Tomcat started on port(s): 8090 (http) with context path ''
2020-12-08 17:19:03.933 [INFO ] springfox.documentation.spring.web.plugins.DocumentationPluginsBootstrapper - Context refreshed
2020-12-08 17:19:03.957 [INFO ] springfox.documentation.spring.web.plugins.DocumentationPluginsBootstrapper - Found 1 custom documentation plugin(s)
2020-12-08 17:19:04.005 [INFO ] springfox.documentation.spring.web.scanners.ApiListingReferenceScanner - Scanning for api listing references
2020-12-08 17:19:04.203 [INFO ] com.dippy.SpringbootSecondcarApplication - Started SpringbootSecondcarApplication in 8.097 seconds (JVM running for 10.411)
2020-12-08 17:19:24.010 [INFO ] org.apache.catalina.core.ContainerBase.[Tomcat].[localhost].[/] - Initializing Spring DispatcherServlet 'dispatcherServlet'
2020-12-08 17:19:38.918 [INFO ] org.springframework.scheduling.concurrent.ThreadPoolTaskExecutor - Shutting down ExecutorService 'applicationTaskExecutor'
2020-12-08 17:19:39.228 [INFO ] com.dippy.SpringbootSecondcarApplication - Starting SpringbootSecondcarApplication on Dippy with PID 15868 (E:\workspace\IDEA\springboot\springboot-secondcar\target\classes started by Mindless in E:\workspace\IDEA\springboot\springboot-secondcar)
2020-12-08 17:19:39.229 [INFO ] com.dippy.SpringbootSecondcarApplication - No active profile set, falling back to default profiles: default
2020-12-08 17:19:40.404 [INFO ] org.springframework.boot.web.embedded.tomcat.TomcatWebServer - Tomcat initialized with port(s): 8090 (http)
2020-12-08 17:19:40.406 [INFO ] org.apache.coyote.http11.Http11NioProtocol - Initializing ProtocolHandler ["http-nio-8090"]
2020-12-08 17:19:40.407 [INFO ] org.apache.catalina.core.StandardService - Starting service [Tomcat]
2020-12-08 17:19:40.408 [INFO ] org.apache.catalina.core.StandardEngine - Starting Servlet engine: [Apache Tomcat/9.0.38]
2020-12-08 17:19:40.459 [INFO ] org.apache.catalina.core.ContainerBase.[Tomcat].[localhost].[/] - Initializing Spring embedded WebApplicationContext
2020-12-08 17:19:40.460 [INFO ] org.springframework.boot.web.servlet.context.ServletWebServerApplicationContext - Root WebApplicationContext: initialization completed in 1223 ms
2020-12-08 17:19:41.430 [INFO ] org.apache.catalina.core.StandardService - Stopping service [Tomcat]
2020-12-08 17:19:41.442 [INFO ] org.springframework.boot.autoconfigure.logging.ConditionEvaluationReportLoggingListener - 

Error starting ApplicationContext. To display the conditions report re-run your application with 'debug' enabled.
2020-12-08 17:20:25.934 [INFO ] org.hibernate.validator.internal.util.Version - HV000001: Hibernate Validator 6.1.5.Final
2020-12-08 17:20:26.041 [INFO ] com.dippy.SpringbootSecondcarApplication - Starting SpringbootSecondcarApplication on Dippy with PID 5416 (E:\workspace\IDEA\springboot\springboot-secondcar\target\classes started by Mindless in E:\workspace\IDEA\springboot\springboot-secondcar)
2020-12-08 17:20:26.043 [INFO ] com.dippy.SpringbootSecondcarApplication - No active profile set, falling back to default profiles: default
2020-12-08 17:20:26.115 [INFO ] org.springframework.boot.devtools.env.DevToolsPropertyDefaultsPostProcessor - Devtools property defaults active! Set 'spring.devtools.add-properties' to 'false' to disable
2020-12-08 17:20:26.115 [INFO ] org.springframework.boot.devtools.env.DevToolsPropertyDefaultsPostProcessor - For additional web related logging consider setting the 'logging.level.web' property to 'DEBUG'
2020-12-08 17:20:28.219 [INFO ] org.springframework.boot.web.embedded.tomcat.TomcatWebServer - Tomcat initialized with port(s): 8090 (http)
2020-12-08 17:20:28.233 [INFO ] org.apache.coyote.http11.Http11NioProtocol - Initializing ProtocolHandler ["http-nio-8090"]
2020-12-08 17:20:28.233 [INFO ] org.apache.catalina.core.StandardService - Starting service [Tomcat]
2020-12-08 17:20:28.234 [INFO ] org.apache.catalina.core.StandardEngine - Starting Servlet engine: [Apache Tomcat/9.0.38]
2020-12-08 17:20:28.408 [INFO ] org.apache.catalina.core.ContainerBase.[Tomcat].[localhost].[/] - Initializing Spring embedded WebApplicationContext
2020-12-08 17:20:28.408 [INFO ] org.springframework.boot.web.servlet.context.ServletWebServerApplicationContext - Root WebApplicationContext: initialization completed in 2293 ms
2020-12-08 17:20:31.018 [INFO ] springfox.documentation.spring.web.PropertySourcedRequestMappingHandlerMapping - Mapped URL path [/v2/api-docs] onto method [springfox.documentation.swagger2.web.Swagger2Controller#getDocumentation(String, HttpServletRequest)]
2020-12-08 17:20:31.133 [INFO ] org.springframework.scheduling.concurrent.ThreadPoolTaskExecutor - Initializing ExecutorService 'applicationTaskExecutor'
2020-12-08 17:20:31.185 [INFO ] org.springframework.boot.devtools.autoconfigure.OptionalLiveReloadServer - LiveReload server is running on port 35729
2020-12-08 17:20:31.601 [INFO ] org.springframework.security.web.DefaultSecurityFilterChain - Creating filter chain: any request, [org.springframework.security.web.context.request.async.WebAsyncManagerIntegrationFilter@33b93517, org.springframework.security.web.context.SecurityContextPersistenceFilter@213183d7, org.springframework.security.web.header.HeaderWriterFilter@31cfc33c, org.springframework.web.filter.CorsFilter@45688260, org.springframework.security.web.csrf.CsrfFilter@6cee1f83, org.springframework.security.web.authentication.logout.LogoutFilter@188014fc, org.springframework.security.web.authentication.UsernamePasswordAuthenticationFilter@6253b31f, org.springframework.security.web.savedrequest.RequestCacheAwareFilter@b3d3218, org.springframework.security.web.servletapi.SecurityContextHolderAwareRequestFilter@17a49a0c, org.springframework.security.web.authentication.AnonymousAuthenticationFilter@581a46f6, org.springframework.security.web.session.SessionManagementFilter@41839b89, org.springframework.security.web.access.ExceptionTranslationFilter@5e41b7ad, org.springframework.security.web.access.intercept.FilterSecurityInterceptor@6905e229]
2020-12-08 17:20:31.698 [INFO ] org.apache.coyote.http11.Http11NioProtocol - Starting ProtocolHandler ["http-nio-8090"]
2020-12-08 17:20:31.728 [INFO ] org.springframework.boot.web.embedded.tomcat.TomcatWebServer - Tomcat started on port(s): 8090 (http) with context path ''
2020-12-08 17:20:31.729 [INFO ] springfox.documentation.spring.web.plugins.DocumentationPluginsBootstrapper - Context refreshed
2020-12-08 17:20:31.750 [INFO ] springfox.documentation.spring.web.plugins.DocumentationPluginsBootstrapper - Found 1 custom documentation plugin(s)
2020-12-08 17:20:31.798 [INFO ] springfox.documentation.spring.web.scanners.ApiListingReferenceScanner - Scanning for api listing references
2020-12-08 17:20:31.992 [INFO ] com.dippy.SpringbootSecondcarApplication - Started SpringbootSecondcarApplication in 7.095 seconds (JVM running for 9.218)
2020-12-08 17:20:45.682 [INFO ] org.apache.catalina.core.ContainerBase.[Tomcat].[localhost].[/] - Initializing Spring DispatcherServlet 'dispatcherServlet'
2020-12-08 17:21:03.522 [INFO ] org.springframework.scheduling.concurrent.ThreadPoolTaskExecutor - Shutting down ExecutorService 'applicationTaskExecutor'
2020-12-08 17:21:03.783 [INFO ] com.dippy.SpringbootSecondcarApplication - Starting SpringbootSecondcarApplication on Dippy with PID 5416 (E:\workspace\IDEA\springboot\springboot-secondcar\target\classes started by Mindless in E:\workspace\IDEA\springboot\springboot-secondcar)
2020-12-08 17:21:03.783 [INFO ] com.dippy.SpringbootSecondcarApplication - No active profile set, falling back to default profiles: default
2020-12-08 17:21:05.144 [INFO ] org.springframework.boot.web.embedded.tomcat.TomcatWebServer - Tomcat initialized with port(s): 8090 (http)
2020-12-08 17:21:05.148 [INFO ] org.apache.coyote.http11.Http11NioProtocol - Initializing ProtocolHandler ["http-nio-8090"]
2020-12-08 17:21:05.158 [INFO ] org.apache.catalina.core.StandardService - Starting service [Tomcat]
2020-12-08 17:21:05.160 [INFO ] org.apache.catalina.core.StandardEngine - Starting Servlet engine: [Apache Tomcat/9.0.38]
2020-12-08 17:21:05.241 [INFO ] org.apache.catalina.core.ContainerBase.[Tomcat].[localhost].[/] - Initializing Spring embedded WebApplicationContext
2020-12-08 17:21:05.241 [INFO ] org.springframework.boot.web.servlet.context.ServletWebServerApplicationContext - Root WebApplicationContext: initialization completed in 1448 ms
2020-12-08 17:21:06.394 [INFO ] org.apache.catalina.core.StandardService - Stopping service [Tomcat]
2020-12-08 17:21:06.406 [INFO ] org.springframework.boot.autoconfigure.logging.ConditionEvaluationReportLoggingListener - 

Error starting ApplicationContext. To display the conditions report re-run your application with 'debug' enabled.
2020-12-08 17:23:44.071 [INFO ] com.dippy.SpringbootSecondcarApplication - Starting SpringbootSecondcarApplication on Dippy with PID 6280 (E:\workspace\IDEA\springboot\springboot-secondcar\target\classes started by Mindless in E:\workspace\IDEA\springboot\springboot-secondcar)
2020-12-08 17:23:44.079 [INFO ] com.dippy.SpringbootSecondcarApplication - No active profile set, falling back to default profiles: default
2020-12-08 17:23:44.110 [INFO ] org.hibernate.validator.internal.util.Version - HV000001: Hibernate Validator 6.1.5.Final
2020-12-08 17:23:44.183 [INFO ] org.springframework.boot.devtools.env.DevToolsPropertyDefaultsPostProcessor - Devtools property defaults active! Set 'spring.devtools.add-properties' to 'false' to disable
2020-12-08 17:23:44.184 [INFO ] org.springframework.boot.devtools.env.DevToolsPropertyDefaultsPostProcessor - For additional web related logging consider setting the 'logging.level.web' property to 'DEBUG'
2020-12-08 17:23:45.969 [INFO ] org.springframework.boot.web.embedded.tomcat.TomcatWebServer - Tomcat initialized with port(s): 8090 (http)
2020-12-08 17:23:45.981 [INFO ] org.apache.coyote.http11.Http11NioProtocol - Initializing ProtocolHandler ["http-nio-8090"]
2020-12-08 17:23:45.982 [INFO ] org.apache.catalina.core.StandardService - Starting service [Tomcat]
2020-12-08 17:23:45.983 [INFO ] org.apache.catalina.core.StandardEngine - Starting Servlet engine: [Apache Tomcat/9.0.38]
2020-12-08 17:23:46.138 [INFO ] org.apache.catalina.core.ContainerBase.[Tomcat].[localhost].[/] - Initializing Spring embedded WebApplicationContext
2020-12-08 17:23:46.138 [INFO ] org.springframework.boot.web.servlet.context.ServletWebServerApplicationContext - Root WebApplicationContext: initialization completed in 1952 ms
2020-12-08 17:23:48.327 [INFO ] springfox.documentation.spring.web.PropertySourcedRequestMappingHandlerMapping - Mapped URL path [/v2/api-docs] onto method [springfox.documentation.swagger2.web.Swagger2Controller#getDocumentation(String, HttpServletRequest)]
2020-12-08 17:23:48.432 [INFO ] org.springframework.scheduling.concurrent.ThreadPoolTaskExecutor - Initializing ExecutorService 'applicationTaskExecutor'
2020-12-08 17:23:48.483 [INFO ] org.springframework.boot.devtools.autoconfigure.OptionalLiveReloadServer - LiveReload server is running on port 35729
2020-12-08 17:23:48.856 [INFO ] org.springframework.security.web.DefaultSecurityFilterChain - Creating filter chain: any request, [org.springframework.security.web.context.request.async.WebAsyncManagerIntegrationFilter@4f6b45bd, org.springframework.security.web.context.SecurityContextPersistenceFilter@53cab70, org.springframework.security.web.header.HeaderWriterFilter@19ab84aa, org.springframework.web.filter.CorsFilter@c565ea4, org.springframework.security.web.authentication.logout.LogoutFilter@13f31285, org.springframework.security.web.authentication.UsernamePasswordAuthenticationFilter@376c45fd, org.springframework.security.web.savedrequest.RequestCacheAwareFilter@41026734, org.springframework.security.web.servletapi.SecurityContextHolderAwareRequestFilter@28651e06, org.springframework.security.web.authentication.AnonymousAuthenticationFilter@43ddce, org.springframework.security.web.session.SessionManagementFilter@16a4b3c5, org.springframework.security.web.access.ExceptionTranslationFilter@2f23155c, org.springframework.security.web.access.intercept.FilterSecurityInterceptor@68d553c1]
2020-12-08 17:23:48.947 [INFO ] org.apache.coyote.http11.Http11NioProtocol - Starting ProtocolHandler ["http-nio-8090"]
2020-12-08 17:23:48.980 [INFO ] org.springframework.boot.web.embedded.tomcat.TomcatWebServer - Tomcat started on port(s): 8090 (http) with context path ''
2020-12-08 17:23:48.982 [INFO ] springfox.documentation.spring.web.plugins.DocumentationPluginsBootstrapper - Context refreshed
2020-12-08 17:23:49.028 [INFO ] springfox.documentation.spring.web.plugins.DocumentationPluginsBootstrapper - Found 1 custom documentation plugin(s)
2020-12-08 17:23:49.071 [INFO ] springfox.documentation.spring.web.scanners.ApiListingReferenceScanner - Scanning for api listing references
2020-12-08 17:23:49.244 [INFO ] com.dippy.SpringbootSecondcarApplication - Started SpringbootSecondcarApplication in 6.033 seconds (JVM running for 7.824)
2020-12-08 17:24:02.627 [INFO ] org.apache.catalina.core.ContainerBase.[Tomcat].[localhost].[/] - Initializing Spring DispatcherServlet 'dispatcherServlet'
2020-12-08 17:24:23.991 [INFO ] org.hibernate.validator.internal.util.Version - HV000001: Hibernate Validator 6.1.5.Final
2020-12-08 17:24:24.067 [INFO ] com.dippy.SpringbootSecondcarApplication - Starting SpringbootSecondcarApplication on Dippy with PID 1944 (E:\workspace\IDEA\springboot\springboot-secondcar\target\classes started by Mindless in E:\workspace\IDEA\springboot\springboot-secondcar)
2020-12-08 17:24:24.070 [INFO ] com.dippy.SpringbootSecondcarApplication - No active profile set, falling back to default profiles: default
2020-12-08 17:24:24.189 [INFO ] org.springframework.boot.devtools.env.DevToolsPropertyDefaultsPostProcessor - Devtools property defaults active! Set 'spring.devtools.add-properties' to 'false' to disable
2020-12-08 17:24:24.190 [INFO ] org.springframework.boot.devtools.env.DevToolsPropertyDefaultsPostProcessor - For additional web related logging consider setting the 'logging.level.web' property to 'DEBUG'
2020-12-08 17:24:27.041 [INFO ] org.springframework.boot.web.embedded.tomcat.TomcatWebServer - Tomcat initialized with port(s): 8090 (http)
2020-12-08 17:24:27.052 [INFO ] org.apache.coyote.http11.Http11NioProtocol - Initializing ProtocolHandler ["http-nio-8090"]
2020-12-08 17:24:27.053 [INFO ] org.apache.catalina.core.StandardService - Starting service [Tomcat]
2020-12-08 17:24:27.054 [INFO ] org.apache.catalina.core.StandardEngine - Starting Servlet engine: [Apache Tomcat/9.0.38]
2020-12-08 17:24:27.228 [INFO ] org.apache.catalina.core.ContainerBase.[Tomcat].[localhost].[/] - Initializing Spring embedded WebApplicationContext
2020-12-08 17:24:27.228 [INFO ] org.springframework.boot.web.servlet.context.ServletWebServerApplicationContext - Root WebApplicationContext: initialization completed in 3037 ms
2020-12-08 17:24:29.728 [INFO ] springfox.documentation.spring.web.PropertySourcedRequestMappingHandlerMapping - Mapped URL path [/v2/api-docs] onto method [springfox.documentation.swagger2.web.Swagger2Controller#getDocumentation(String, HttpServletRequest)]
2020-12-08 17:24:29.828 [INFO ] org.springframework.scheduling.concurrent.ThreadPoolTaskExecutor - Initializing ExecutorService 'applicationTaskExecutor'
2020-12-08 17:24:29.868 [INFO ] org.springframework.boot.devtools.autoconfigure.OptionalLiveReloadServer - LiveReload server is running on port 35729
2020-12-08 17:24:30.188 [INFO ] org.springframework.security.web.DefaultSecurityFilterChain - Creating filter chain: any request, [org.springframework.security.web.context.request.async.WebAsyncManagerIntegrationFilter@31c7a97b, org.springframework.security.web.context.SecurityContextPersistenceFilter@3bcee470, org.springframework.security.web.header.HeaderWriterFilter@22b3c504, org.springframework.web.filter.CorsFilter@6bdc1b7, org.springframework.security.web.authentication.logout.LogoutFilter@736f70cf, org.springframework.security.web.authentication.UsernamePasswordAuthenticationFilter@c636552, org.springframework.security.web.savedrequest.RequestCacheAwareFilter@ab71b07, org.springframework.security.web.servletapi.SecurityContextHolderAwareRequestFilter@1629f66a, org.springframework.security.web.authentication.AnonymousAuthenticationFilter@1259a4a2, org.springframework.security.web.session.SessionManagementFilter@6758024b, org.springframework.security.web.access.ExceptionTranslationFilter@74881b9c, org.springframework.security.web.access.intercept.FilterSecurityInterceptor@29c1dd7b]
2020-12-08 17:24:30.268 [INFO ] org.apache.coyote.http11.Http11NioProtocol - Starting ProtocolHandler ["http-nio-8090"]
2020-12-08 17:24:30.295 [INFO ] org.springframework.boot.web.embedded.tomcat.TomcatWebServer - Tomcat started on port(s): 8090 (http) with context path ''
2020-12-08 17:24:30.296 [INFO ] springfox.documentation.spring.web.plugins.DocumentationPluginsBootstrapper - Context refreshed
2020-12-08 17:24:30.316 [INFO ] springfox.documentation.spring.web.plugins.DocumentationPluginsBootstrapper - Found 1 custom documentation plugin(s)
2020-12-08 17:24:30.354 [INFO ] springfox.documentation.spring.web.scanners.ApiListingReferenceScanner - Scanning for api listing references
2020-12-08 17:24:30.519 [INFO ] com.dippy.SpringbootSecondcarApplication - Started SpringbootSecondcarApplication in 7.279 seconds (JVM running for 9.149)
2020-12-08 17:24:39.392 [INFO ] org.apache.catalina.core.ContainerBase.[Tomcat].[localhost].[/] - Initializing Spring DispatcherServlet 'dispatcherServlet'
2020-12-08 17:24:39.541 [INFO ] com.dippy.service.impl.UserDetailServiceImpl - 执行自定义登录逻辑-----登录了
2020-12-08 17:25:03.918 [INFO ] org.hibernate.validator.internal.util.Version - HV000001: Hibernate Validator 6.1.5.Final
2020-12-08 17:25:03.928 [INFO ] com.dippy.SpringbootSecondcarApplication - Starting SpringbootSecondcarApplication on Dippy with PID 12988 (E:\workspace\IDEA\springboot\springboot-secondcar\target\classes started by Mindless in E:\workspace\IDEA\springboot\springboot-secondcar)
2020-12-08 17:25:03.928 [INFO ] com.dippy.SpringbootSecondcarApplication - No active profile set, falling back to default profiles: default
2020-12-08 17:25:03.999 [INFO ] org.springframework.boot.devtools.env.DevToolsPropertyDefaultsPostProcessor - Devtools property defaults active! Set 'spring.devtools.add-properties' to 'false' to disable
2020-12-08 17:25:04.000 [INFO ] org.springframework.boot.devtools.env.DevToolsPropertyDefaultsPostProcessor - For additional web related logging consider setting the 'logging.level.web' property to 'DEBUG'
2020-12-08 17:25:05.783 [INFO ] org.springframework.boot.web.embedded.tomcat.TomcatWebServer - Tomcat initialized with port(s): 8090 (http)
2020-12-08 17:25:05.793 [INFO ] org.apache.coyote.http11.Http11NioProtocol - Initializing ProtocolHandler ["http-nio-8090"]
2020-12-08 17:25:05.794 [INFO ] org.apache.catalina.core.StandardService - Starting service [Tomcat]
2020-12-08 17:25:05.795 [INFO ] org.apache.catalina.core.StandardEngine - Starting Servlet engine: [Apache Tomcat/9.0.38]
2020-12-08 17:25:05.948 [INFO ] org.apache.catalina.core.ContainerBase.[Tomcat].[localhost].[/] - Initializing Spring embedded WebApplicationContext
2020-12-08 17:25:05.948 [INFO ] org.springframework.boot.web.servlet.context.ServletWebServerApplicationContext - Root WebApplicationContext: initialization completed in 1948 ms
2020-12-08 17:25:08.208 [INFO ] springfox.documentation.spring.web.PropertySourcedRequestMappingHandlerMapping - Mapped URL path [/v2/api-docs] onto method [springfox.documentation.swagger2.web.Swagger2Controller#getDocumentation(String, HttpServletRequest)]
2020-12-08 17:25:08.312 [INFO ] org.springframework.scheduling.concurrent.ThreadPoolTaskExecutor - Initializing ExecutorService 'applicationTaskExecutor'
2020-12-08 17:25:08.354 [INFO ] org.springframework.boot.devtools.autoconfigure.OptionalLiveReloadServer - LiveReload server is running on port 35729
2020-12-08 17:25:08.683 [INFO ] org.springframework.security.web.DefaultSecurityFilterChain - Creating filter chain: any request, [org.springframework.security.web.context.request.async.WebAsyncManagerIntegrationFilter@1f2bde28, org.springframework.security.web.context.SecurityContextPersistenceFilter@589a7852, org.springframework.security.web.header.HeaderWriterFilter@7756af1b, org.springframework.web.filter.CorsFilter@121f0859, org.springframework.security.web.authentication.logout.LogoutFilter@2ed98651, org.springframework.security.web.authentication.UsernamePasswordAuthenticationFilter@3781b61b, org.springframework.security.web.savedrequest.RequestCacheAwareFilter@600daded, org.springframework.security.web.servletapi.SecurityContextHolderAwareRequestFilter@254ec976, org.springframework.security.web.authentication.AnonymousAuthenticationFilter@17e106e7, org.springframework.security.web.session.SessionManagementFilter@34db7b4, org.springframework.security.web.access.ExceptionTranslationFilter@73b26f35, org.springframework.security.web.access.intercept.FilterSecurityInterceptor@3d8484d8]
2020-12-08 17:25:08.765 [INFO ] org.apache.coyote.http11.Http11NioProtocol - Starting ProtocolHandler ["http-nio-8090"]
2020-12-08 17:25:08.793 [INFO ] org.springframework.boot.web.embedded.tomcat.TomcatWebServer - Tomcat started on port(s): 8090 (http) with context path ''
2020-12-08 17:25:08.794 [INFO ] springfox.documentation.spring.web.plugins.DocumentationPluginsBootstrapper - Context refreshed
2020-12-08 17:25:08.811 [INFO ] springfox.documentation.spring.web.plugins.DocumentationPluginsBootstrapper - Found 1 custom documentation plugin(s)
2020-12-08 17:25:08.848 [INFO ] springfox.documentation.spring.web.scanners.ApiListingReferenceScanner - Scanning for api listing references
2020-12-08 17:25:09.005 [INFO ] com.dippy.SpringbootSecondcarApplication - Started SpringbootSecondcarApplication in 5.855 seconds (JVM running for 7.651)
2020-12-08 17:25:43.654 [INFO ] org.apache.catalina.core.ContainerBase.[Tomcat].[localhost].[/] - Initializing Spring DispatcherServlet 'dispatcherServlet'
2020-12-08 17:25:43.805 [INFO ] com.dippy.service.impl.UserDetailServiceImpl - 执行自定义登录逻辑-----登录了
2020-12-08 17:28:31.683 [INFO ] org.hibernate.validator.internal.util.Version - HV000001: Hibernate Validator 6.1.5.Final
2020-12-08 17:28:31.807 [INFO ] com.dippy.SpringbootSecondcarApplication - Starting SpringbootSecondcarApplication on Dippy with PID 8 (E:\workspace\IDEA\springboot\springboot-secondcar\target\classes started by Mindless in E:\workspace\IDEA\springboot\springboot-secondcar)
2020-12-08 17:28:31.808 [INFO ] com.dippy.SpringbootSecondcarApplication - No active profile set, falling back to default profiles: default
2020-12-08 17:28:31.958 [INFO ] org.springframework.boot.devtools.env.DevToolsPropertyDefaultsPostProcessor - Devtools property defaults active! Set 'spring.devtools.add-properties' to 'false' to disable
2020-12-08 17:28:31.958 [INFO ] org.springframework.boot.devtools.env.DevToolsPropertyDefaultsPostProcessor - For additional web related logging consider setting the 'logging.level.web' property to 'DEBUG'
2020-12-08 17:28:35.392 [INFO ] org.springframework.boot.web.embedded.tomcat.TomcatWebServer - Tomcat initialized with port(s): 8090 (http)
2020-12-08 17:28:35.419 [INFO ] org.apache.coyote.http11.Http11NioProtocol - Initializing ProtocolHandler ["http-nio-8090"]
2020-12-08 17:28:35.420 [INFO ] org.apache.catalina.core.StandardService - Starting service [Tomcat]
2020-12-08 17:28:35.421 [INFO ] org.apache.catalina.core.StandardEngine - Starting Servlet engine: [Apache Tomcat/9.0.38]
2020-12-08 17:28:35.859 [INFO ] org.apache.catalina.core.ContainerBase.[Tomcat].[localhost].[/] - Initializing Spring embedded WebApplicationContext
2020-12-08 17:28:35.859 [INFO ] org.springframework.boot.web.servlet.context.ServletWebServerApplicationContext - Root WebApplicationContext: initialization completed in 3900 ms
2020-12-08 17:28:38.604 [INFO ] springfox.documentation.spring.web.PropertySourcedRequestMappingHandlerMapping - Mapped URL path [/v2/api-docs] onto method [springfox.documentation.swagger2.web.Swagger2Controller#getDocumentation(String, HttpServletRequest)]
2020-12-08 17:28:38.755 [INFO ] org.springframework.scheduling.concurrent.ThreadPoolTaskExecutor - Initializing ExecutorService 'applicationTaskExecutor'
2020-12-08 17:28:38.825 [INFO ] org.springframework.boot.devtools.autoconfigure.OptionalLiveReloadServer - LiveReload server is running on port 35729
2020-12-08 17:28:39.349 [INFO ] org.springframework.security.web.DefaultSecurityFilterChain - Creating filter chain: any request, [org.springframework.security.web.context.request.async.WebAsyncManagerIntegrationFilter@67baa05, org.springframework.security.web.context.SecurityContextPersistenceFilter@3fdede3a, org.springframework.security.web.header.HeaderWriterFilter@cbc3bf3, org.springframework.web.filter.CorsFilter@36525ab, org.springframework.security.web.authentication.logout.LogoutFilter@7d7f966f, org.springframework.security.web.authentication.UsernamePasswordAuthenticationFilter@29c21acb, org.springframework.security.web.savedrequest.RequestCacheAwareFilter@3085befb, org.springframework.security.web.servletapi.SecurityContextHolderAwareRequestFilter@2c6efee3, org.springframework.security.web.authentication.AnonymousAuthenticationFilter@5b5a89d1, org.springframework.security.web.session.SessionManagementFilter@7730da00, org.springframework.security.web.access.ExceptionTranslationFilter@125a8ab6, org.springframework.security.web.access.intercept.FilterSecurityInterceptor@633cad4d]
2020-12-08 17:28:39.451 [INFO ] org.apache.coyote.http11.Http11NioProtocol - Starting ProtocolHandler ["http-nio-8090"]
2020-12-08 17:28:39.499 [INFO ] org.springframework.boot.web.embedded.tomcat.TomcatWebServer - Tomcat started on port(s): 8090 (http) with context path ''
2020-12-08 17:28:39.501 [INFO ] springfox.documentation.spring.web.plugins.DocumentationPluginsBootstrapper - Context refreshed
2020-12-08 17:28:39.528 [INFO ] springfox.documentation.spring.web.plugins.DocumentationPluginsBootstrapper - Found 1 custom documentation plugin(s)
2020-12-08 17:28:39.604 [INFO ] springfox.documentation.spring.web.scanners.ApiListingReferenceScanner - Scanning for api listing references
2020-12-08 17:28:39.859 [INFO ] com.dippy.SpringbootSecondcarApplication - Started SpringbootSecondcarApplication in 9.609 seconds (JVM running for 16.769)
2020-12-08 17:28:48.602 [INFO ] org.apache.catalina.core.ContainerBase.[Tomcat].[localhost].[/] - Initializing Spring DispatcherServlet 'dispatcherServlet'
2020-12-08 17:28:48.814 [INFO ] com.dippy.service.impl.UserDetailServiceImpl - 执行自定义登录逻辑-----登录了
2020-12-08 17:31:31.375 [INFO ] com.dippy.service.impl.UserDetailServiceImpl - 执行自定义登录逻辑-----登录了
2020-12-08 17:31:31.505 [INFO ] springfox.documentation.spring.web.PropertySourcedRequestMappingHandlerMapping - Mapped URL path [/v2/api-docs] onto method [springfox.documentation.swagger2.web.Swagger2Controller#getDocumentation(String, HttpServletRequest)]
2020-12-08 17:31:33.614 [INFO ] com.dippy.service.impl.UserDetailServiceImpl - 执行自定义登录逻辑-----登录了
2020-12-08 17:35:32.042 [INFO ] com.dippy.service.impl.UserDetailServiceImpl - 执行自定义登录逻辑-----登录了
2020-12-08 17:38:37.679 [INFO ] com.dippy.controller.UserInfoController - 登录失败页面
2020-12-08 17:38:53.948 [INFO ] com.dippy.controller.UserInfoController - 登录成功页面
2020-12-08 17:38:57.684 [INFO ] com.dippy.controller.UserInfoController - 登录成功页面
2020-12-08 17:42:50.396 [INFO ] com.dippy.service.impl.UserDetailServiceImpl - 执行自定义登录逻辑-----登录了
2020-12-08 17:52:07.273 [INFO ] com.dippy.service.impl.UserDetailServiceImpl - 执行自定义登录逻辑-----登录了
2020-12-08 17:55:36.003 [INFO ] com.dippy.service.impl.UserDetailServiceImpl - 执行自定义登录逻辑-----登录了
2020-12-08 17:56:13.368 [INFO ] org.springframework.scheduling.concurrent.ThreadPoolTaskExecutor - Shutting down ExecutorService 'applicationTaskExecutor'
2020-12-08 17:56:22.408 [INFO ] org.hibernate.validator.internal.util.Version - HV000001: Hibernate Validator 6.1.5.Final
2020-12-08 17:56:22.506 [INFO ] com.dippy.SpringbootSecondcarApplication - Starting SpringbootSecondcarApplication on Dippy with PID 6280 (E:\workspace\IDEA\springboot\springboot-secondcar\target\classes started by Mindless in E:\workspace\IDEA\springboot\springboot-secondcar)
2020-12-08 17:56:22.507 [INFO ] com.dippy.SpringbootSecondcarApplication - No active profile set, falling back to default profiles: default
2020-12-08 17:56:22.620 [INFO ] org.springframework.boot.devtools.env.DevToolsPropertyDefaultsPostProcessor - Devtools property defaults active! Set 'spring.devtools.add-properties' to 'false' to disable
2020-12-08 17:56:22.621 [INFO ] org.springframework.boot.devtools.env.DevToolsPropertyDefaultsPostProcessor - For additional web related logging consider setting the 'logging.level.web' property to 'DEBUG'
2020-12-08 17:56:25.138 [INFO ] org.springframework.boot.web.embedded.tomcat.TomcatWebServer - Tomcat initialized with port(s): 8090 (http)
2020-12-08 17:56:25.290 [INFO ] org.apache.coyote.http11.Http11NioProtocol - Initializing ProtocolHandler ["http-nio-8090"]
2020-12-08 17:56:25.291 [INFO ] org.apache.catalina.core.StandardService - Starting service [Tomcat]
2020-12-08 17:56:25.292 [INFO ] org.apache.catalina.core.StandardEngine - Starting Servlet engine: [Apache Tomcat/9.0.38]
2020-12-08 17:56:25.528 [INFO ] org.apache.catalina.core.ContainerBase.[Tomcat].[localhost].[/] - Initializing Spring embedded WebApplicationContext
2020-12-08 17:56:25.528 [INFO ] org.springframework.boot.web.servlet.context.ServletWebServerApplicationContext - Root WebApplicationContext: initialization completed in 2907 ms
2020-12-08 17:56:28.090 [INFO ] springfox.documentation.spring.web.PropertySourcedRequestMappingHandlerMapping - Mapped URL path [/v2/api-docs] onto method [springfox.documentation.swagger2.web.Swagger2Controller#getDocumentation(String, HttpServletRequest)]
2020-12-08 17:56:28.240 [INFO ] org.springframework.scheduling.concurrent.ThreadPoolTaskExecutor - Initializing ExecutorService 'applicationTaskExecutor'
2020-12-08 17:56:28.307 [INFO ] org.springframework.boot.devtools.autoconfigure.OptionalLiveReloadServer - LiveReload server is running on port 35729
2020-12-08 17:56:28.813 [INFO ] org.springframework.security.web.DefaultSecurityFilterChain - Creating filter chain: any request, [org.springframework.security.web.context.request.async.WebAsyncManagerIntegrationFilter@516155b5, org.springframework.security.web.context.SecurityContextPersistenceFilter@52849956, org.springframework.security.web.header.HeaderWriterFilter@458b4487, org.springframework.web.filter.CorsFilter@709d86a2, org.springframework.security.web.authentication.logout.LogoutFilter@3506bc8b, org.springframework.security.web.authentication.UsernamePasswordAuthenticationFilter@4bac0be5, org.springframework.security.web.savedrequest.RequestCacheAwareFilter@70273633, org.springframework.security.web.servletapi.SecurityContextHolderAwareRequestFilter@155318b5, org.springframework.security.web.authentication.AnonymousAuthenticationFilter@799fc4c9, org.springframework.security.web.session.SessionManagementFilter@296a71df, org.springframework.security.web.access.ExceptionTranslationFilter@7a600e21, org.springframework.security.web.access.intercept.FilterSecurityInterceptor@3c9cfcde]
2020-12-08 17:56:28.910 [INFO ] org.apache.coyote.http11.Http11NioProtocol - Starting ProtocolHandler ["http-nio-8090"]
2020-12-08 17:56:28.965 [INFO ] org.springframework.boot.web.embedded.tomcat.TomcatWebServer - Tomcat started on port(s): 8090 (http) with context path ''
2020-12-08 17:56:28.967 [INFO ] springfox.documentation.spring.web.plugins.DocumentationPluginsBootstrapper - Context refreshed
2020-12-08 17:56:28.998 [INFO ] springfox.documentation.spring.web.plugins.DocumentationPluginsBootstrapper - Found 1 custom documentation plugin(s)
2020-12-08 17:56:29.083 [INFO ] springfox.documentation.spring.web.scanners.ApiListingReferenceScanner - Scanning for api listing references
2020-12-08 17:56:29.321 [INFO ] com.dippy.SpringbootSecondcarApplication - Started SpringbootSecondcarApplication in 8.195 seconds (JVM running for 13.68)
2020-12-08 17:56:37.294 [INFO ] org.apache.catalina.core.ContainerBase.[Tomcat].[localhost].[/] - Initializing Spring DispatcherServlet 'dispatcherServlet'
2020-12-08 17:56:37.476 [INFO ] com.dippy.service.impl.UserDetailServiceImpl - 执行自定义登录逻辑-----登录了
2020-12-08 17:56:37.625 [INFO ] com.dippy.controller.UserInfoController - 登录成功页面
2020-12-08 17:57:20.968 [INFO ] com.dippy.service.impl.UserDetailServiceImpl - 执行自定义登录逻辑-----登录了
2020-12-08 17:58:02.399 [INFO ] com.dippy.service.impl.UserDetailServiceImpl - 执行自定义登录逻辑-----登录了
2020-12-08 17:58:06.942 [INFO ] com.dippy.controller.UserInfoController - 登录成功页面
2020-12-08 17:58:12.063 [INFO ] com.dippy.controller.UserInfoController - 登录成功页面
2020-12-08 17:59:24.206 [INFO ] com.dippy.service.impl.UserDetailServiceImpl - 执行自定义登录逻辑-----登录了
2020-12-08 17:59:24.308 [INFO ] com.dippy.controller.UserInfoController - 登录成功页面
2020-12-08 17:59:31.016 [INFO ] com.dippy.service.impl.UserDetailServiceImpl - 执行自定义登录逻辑-----登录了
2020-12-08 17:59:31.116 [INFO ] com.dippy.controller.UserInfoController - 登录成功页面
2020-12-08 17:59:42.278 [INFO ] com.dippy.service.impl.UserDetailServiceImpl - 执行自定义登录逻辑-----登录了
2020-12-08 17:59:42.384 [INFO ] com.dippy.controller.UserInfoController - 登录成功页面
2020-12-08 18:03:16.069 [INFO ] com.dippy.service.impl.UserDetailServiceImpl - 执行自定义登录逻辑-----登录了
2020-12-08 18:03:16.184 [INFO ] com.dippy.controller.UserInfoController - 登录成功页面
2020-12-08 18:05:10.264 [INFO ] springfox.documentation.spring.web.scanners.ApiListingReferenceScanner - Scanning for api listing references
2020-12-08 18:05:10.277 [INFO ] springfox.documentation.spring.web.readers.operation.CachingOperationNameGenerator - Generating unique operation named: aboutUsingPOST_1
2020-12-08 18:05:10.286 [INFO ] springfox.documentation.spring.web.readers.operation.CachingOperationNameGenerator - Generating unique operation named: homeUsingPOST_1
2020-12-08 18:05:10.295 [INFO ] springfox.documentation.spring.web.readers.operation.CachingOperationNameGenerator - Generating unique operation named: indexUsingGET_1
2020-12-08 18:07:37.999 [INFO ] com.dippy.service.impl.UserDetailServiceImpl - 执行自定义登录逻辑-----登录了
2020-12-08 18:07:38.106 [INFO ] com.dippy.controller.UserInfoController - 登录成功页面
2020-12-08 18:08:36.257 [INFO ] com.dippy.service.impl.UserDetailServiceImpl - 执行自定义登录逻辑-----登录了
2020-12-08 18:08:36.361 [INFO ] com.dippy.controller.UserInfoController - 登录成功页面
2020-12-08 18:09:14.529 [INFO ] com.dippy.service.impl.UserDetailServiceImpl - 执行自定义登录逻辑-----登录了
2020-12-08 18:09:14.647 [INFO ] com.dippy.controller.UserInfoController - 登录成功页面
2020-12-08 18:10:52.206 [INFO ] org.springframework.scheduling.concurrent.ThreadPoolTaskExecutor - Shutting down ExecutorService 'applicationTaskExecutor'
2020-12-08 18:11:09.995 [INFO ] org.hibernate.validator.internal.util.Version - HV000001: Hibernate Validator 6.1.5.Final
2020-12-08 18:11:10.084 [INFO ] com.dippy.SpringbootSecondcarApplication - Starting SpringbootSecondcarApplication on Dippy with PID 12352 (E:\workspace\IDEA\springboot\springboot-secondcar\target\classes started by Mindless in E:\workspace\IDEA\springboot\springboot-secondcar)
2020-12-08 18:11:10.086 [INFO ] com.dippy.SpringbootSecondcarApplication - No active profile set, falling back to default profiles: default
2020-12-08 18:11:10.201 [INFO ] org.springframework.boot.devtools.env.DevToolsPropertyDefaultsPostProcessor - Devtools property defaults active! Set 'spring.devtools.add-properties' to 'false' to disable
2020-12-08 18:11:10.202 [INFO ] org.springframework.boot.devtools.env.DevToolsPropertyDefaultsPostProcessor - For additional web related logging consider setting the 'logging.level.web' property to 'DEBUG'
2020-12-08 18:11:12.758 [INFO ] org.springframework.boot.web.embedded.tomcat.TomcatWebServer - Tomcat initialized with port(s): 8090 (http)
2020-12-08 18:11:12.925 [INFO ] org.apache.coyote.http11.Http11NioProtocol - Initializing ProtocolHandler ["http-nio-8090"]
2020-12-08 18:11:12.926 [INFO ] org.apache.catalina.core.StandardService - Starting service [Tomcat]
2020-12-08 18:11:12.927 [INFO ] org.apache.catalina.core.StandardEngine - Starting Servlet engine: [Apache Tomcat/9.0.38]
2020-12-08 18:11:13.161 [INFO ] org.apache.catalina.core.ContainerBase.[Tomcat].[localhost].[/] - Initializing Spring embedded WebApplicationContext
2020-12-08 18:11:13.161 [INFO ] org.springframework.boot.web.servlet.context.ServletWebServerApplicationContext - Root WebApplicationContext: initialization completed in 2958 ms
2020-12-08 18:11:15.799 [INFO ] springfox.documentation.spring.web.PropertySourcedRequestMappingHandlerMapping - Mapped URL path [/v2/api-docs] onto method [springfox.documentation.swagger2.web.Swagger2Controller#getDocumentation(String, HttpServletRequest)]
2020-12-08 18:11:15.954 [INFO ] org.springframework.scheduling.concurrent.ThreadPoolTaskExecutor - Initializing ExecutorService 'applicationTaskExecutor'
2020-12-08 18:11:16.024 [INFO ] org.springframework.boot.devtools.autoconfigure.OptionalLiveReloadServer - LiveReload server is running on port 35729
2020-12-08 18:11:16.573 [INFO ] org.springframework.security.web.DefaultSecurityFilterChain - Creating filter chain: any request, [org.springframework.security.web.context.request.async.WebAsyncManagerIntegrationFilter@f833223, org.springframework.security.web.context.SecurityContextPersistenceFilter@58041b11, org.springframework.security.web.header.HeaderWriterFilter@5186c801, org.springframework.web.filter.CorsFilter@36e409e0, org.springframework.security.web.authentication.logout.LogoutFilter@36f497b1, org.springframework.security.web.authentication.UsernamePasswordAuthenticationFilter@4b86a656, org.springframework.security.web.authentication.ui.DefaultLoginPageGeneratingFilter@4a7e469d, org.springframework.security.web.authentication.ui.DefaultLogoutPageGeneratingFilter@5186b78a, org.springframework.security.web.savedrequest.RequestCacheAwareFilter@49222187, org.springframework.security.web.servletapi.SecurityContextHolderAwareRequestFilter@15c3849f, org.springframework.security.web.authentication.AnonymousAuthenticationFilter@3f6a9ba0, org.springframework.security.web.session.SessionManagementFilter@6fbfd28b, org.springframework.security.web.access.ExceptionTranslationFilter@1b3a95d9, org.springframework.security.web.access.intercept.FilterSecurityInterceptor@2ad6895a]
2020-12-08 18:11:16.672 [INFO ] org.apache.coyote.http11.Http11NioProtocol - Starting ProtocolHandler ["http-nio-8090"]
2020-12-08 18:11:16.720 [INFO ] org.springframework.boot.web.embedded.tomcat.TomcatWebServer - Tomcat started on port(s): 8090 (http) with context path ''
2020-12-08 18:11:16.722 [INFO ] springfox.documentation.spring.web.plugins.DocumentationPluginsBootstrapper - Context refreshed
2020-12-08 18:11:16.749 [INFO ] springfox.documentation.spring.web.plugins.DocumentationPluginsBootstrapper - Found 1 custom documentation plugin(s)
2020-12-08 18:11:16.819 [INFO ] springfox.documentation.spring.web.scanners.ApiListingReferenceScanner - Scanning for api listing references
2020-12-08 18:11:17.101 [INFO ] com.dippy.SpringbootSecondcarApplication - Started SpringbootSecondcarApplication in 8.243 seconds (JVM running for 13.585)
2020-12-08 18:11:26.354 [INFO ] org.apache.catalina.core.ContainerBase.[Tomcat].[localhost].[/] - Initializing Spring DispatcherServlet 'dispatcherServlet'
2020-12-08 18:13:06.636 [INFO ] springfox.documentation.spring.web.PropertySourcedRequestMappingHandlerMapping - Mapped URL path [/v2/api-docs] onto method [springfox.documentation.swagger2.web.Swagger2Controller#getDocumentation(String, HttpServletRequest)]
2020-12-08 18:15:00.818 [INFO ] org.springframework.scheduling.concurrent.ThreadPoolTaskExecutor - Shutting down ExecutorService 'applicationTaskExecutor'
2020-12-08 18:15:09.084 [INFO ] org.hibernate.validator.internal.util.Version - HV000001: Hibernate Validator 6.1.5.Final
2020-12-08 18:15:09.166 [INFO ] com.dippy.SpringbootSecondcarApplication - Starting SpringbootSecondcarApplication on Dippy with PID 2188 (E:\workspace\IDEA\springboot\springboot-secondcar\target\classes started by Mindless in E:\workspace\IDEA\springboot\springboot-secondcar)
2020-12-08 18:15:09.167 [INFO ] com.dippy.SpringbootSecondcarApplication - No active profile set, falling back to default profiles: default
2020-12-08 18:15:09.306 [INFO ] org.springframework.boot.devtools.env.DevToolsPropertyDefaultsPostProcessor - Devtools property defaults active! Set 'spring.devtools.add-properties' to 'false' to disable
2020-12-08 18:15:09.307 [INFO ] org.springframework.boot.devtools.env.DevToolsPropertyDefaultsPostProcessor - For additional web related logging consider setting the 'logging.level.web' property to 'DEBUG'
2020-12-08 18:15:11.976 [INFO ] org.springframework.boot.web.embedded.tomcat.TomcatWebServer - Tomcat initialized with port(s): 8090 (http)
2020-12-08 18:15:12.128 [INFO ] org.apache.coyote.http11.Http11NioProtocol - Initializing ProtocolHandler ["http-nio-8090"]
2020-12-08 18:15:12.129 [INFO ] org.apache.catalina.core.StandardService - Starting service [Tomcat]
2020-12-08 18:15:12.130 [INFO ] org.apache.catalina.core.StandardEngine - Starting Servlet engine: [Apache Tomcat/9.0.38]
2020-12-08 18:15:12.364 [INFO ] org.apache.catalina.core.ContainerBase.[Tomcat].[localhost].[/] - Initializing Spring embedded WebApplicationContext
2020-12-08 18:15:12.364 [INFO ] org.springframework.boot.web.servlet.context.ServletWebServerApplicationContext - Root WebApplicationContext: initialization completed in 3057 ms
2020-12-08 18:15:14.975 [INFO ] springfox.documentation.spring.web.PropertySourcedRequestMappingHandlerMapping - Mapped URL path [/v2/api-docs] onto method [springfox.documentation.swagger2.web.Swagger2Controller#getDocumentation(String, HttpServletRequest)]
2020-12-08 18:15:15.158 [INFO ] org.springframework.scheduling.concurrent.ThreadPoolTaskExecutor - Initializing ExecutorService 'applicationTaskExecutor'
2020-12-08 18:15:15.227 [INFO ] org.springframework.boot.devtools.autoconfigure.OptionalLiveReloadServer - LiveReload server is running on port 35729
2020-12-08 18:15:15.764 [INFO ] org.springframework.security.web.DefaultSecurityFilterChain - Creating filter chain: any request, [org.springframework.security.web.context.request.async.WebAsyncManagerIntegrationFilter@6aa18912, org.springframework.security.web.context.SecurityContextPersistenceFilter@2a7392a3, org.springframework.security.web.header.HeaderWriterFilter@35451ba6, org.springframework.web.filter.CorsFilter@7ea07516, org.springframework.security.web.authentication.logout.LogoutFilter@2fccd98f, org.springframework.security.web.authentication.UsernamePasswordAuthenticationFilter@309e7215, org.springframework.security.web.savedrequest.RequestCacheAwareFilter@639cb0c8, org.springframework.security.web.servletapi.SecurityContextHolderAwareRequestFilter@1b53e6fc, org.springframework.security.web.authentication.AnonymousAuthenticationFilter@5c20505f, org.springframework.security.web.session.SessionManagementFilter@4a10c019, org.springframework.security.web.access.ExceptionTranslationFilter@71135794, org.springframework.security.web.access.intercept.FilterSecurityInterceptor@4ed19540]
2020-12-08 18:15:15.866 [INFO ] org.apache.coyote.http11.Http11NioProtocol - Starting ProtocolHandler ["http-nio-8090"]
2020-12-08 18:15:15.915 [INFO ] org.springframework.boot.web.embedded.tomcat.TomcatWebServer - Tomcat started on port(s): 8090 (http) with context path ''
2020-12-08 18:15:15.917 [INFO ] springfox.documentation.spring.web.plugins.DocumentationPluginsBootstrapper - Context refreshed
2020-12-08 18:15:16.169 [INFO ] springfox.documentation.spring.web.plugins.DocumentationPluginsBootstrapper - Found 1 custom documentation plugin(s)
2020-12-08 18:15:16.249 [INFO ] springfox.documentation.spring.web.scanners.ApiListingReferenceScanner - Scanning for api listing references
2020-12-08 18:15:16.506 [INFO ] com.dippy.SpringbootSecondcarApplication - Started SpringbootSecondcarApplication in 8.771 seconds (JVM running for 14.156)
2020-12-08 18:15:26.441 [INFO ] org.apache.catalina.core.ContainerBase.[Tomcat].[localhost].[/] - Initializing Spring DispatcherServlet 'dispatcherServlet'
2020-12-08 18:15:26.662 [INFO ] com.dippy.service.impl.UserDetailServiceImpl - 执行自定义登录逻辑-----登录了
2020-12-08 18:15:26.817 [INFO ] com.dippy.controller.UserInfoController - 登录成功页面
2020-12-08 18:16:18.526 [INFO ] com.dippy.service.impl.UserDetailServiceImpl - 执行自定义登录逻辑-----登录了
2020-12-08 18:16:18.641 [INFO ] springfox.documentation.spring.web.PropertySourcedRequestMappingHandlerMapping - Mapped URL path [/v2/api-docs] onto method [springfox.documentation.swagger2.web.Swagger2Controller#getDocumentation(String, HttpServletRequest)]
2020-12-08 18:16:18.660 [INFO ] com.dippy.controller.UserInfoController - 登录成功页面
2020-12-08 18:16:36.982 [INFO ] com.dippy.service.impl.UserDetailServiceImpl - 执行自定义登录逻辑-----登录了
2020-12-08 18:16:37.102 [INFO ] com.dippy.controller.UserInfoController - 登录成功页面
2020-12-08 18:16:46.388 [INFO ] org.springframework.scheduling.concurrent.ThreadPoolTaskExecutor - Shutting down ExecutorService 'applicationTaskExecutor'
2020-12-08 19:20:51.819 [INFO ] org.hibernate.validator.internal.util.Version - HV000001: Hibernate Validator 6.1.5.Final
2020-12-08 19:20:51.901 [INFO ] com.dippy.SpringbootSecondcarApplication - Starting SpringbootSecondcarApplication on Dippy with PID 6320 (E:\workspace\IDEA\springboot\springboot-secondcar\target\classes started by Mindless in E:\workspace\IDEA\springboot\springboot-secondcar)
2020-12-08 19:20:51.902 [INFO ] com.dippy.SpringbootSecondcarApplication - No active profile set, falling back to default profiles: default
2020-12-08 19:20:52.020 [INFO ] org.springframework.boot.devtools.env.DevToolsPropertyDefaultsPostProcessor - Devtools property defaults active! Set 'spring.devtools.add-properties' to 'false' to disable
2020-12-08 19:20:52.020 [INFO ] org.springframework.boot.devtools.env.DevToolsPropertyDefaultsPostProcessor - For additional web related logging consider setting the 'logging.level.web' property to 'DEBUG'
2020-12-08 19:20:54.736 [INFO ] org.springframework.boot.web.embedded.tomcat.TomcatWebServer - Tomcat initialized with port(s): 8090 (http)
2020-12-08 19:20:54.755 [INFO ] org.apache.coyote.http11.Http11NioProtocol - Initializing ProtocolHandler ["http-nio-8090"]
2020-12-08 19:20:54.756 [INFO ] org.apache.catalina.core.StandardService - Starting service [Tomcat]
2020-12-08 19:20:54.757 [INFO ] org.apache.catalina.core.StandardEngine - Starting Servlet engine: [Apache Tomcat/9.0.38]
2020-12-08 19:20:55.219 [INFO ] org.apache.catalina.core.ContainerBase.[Tomcat].[localhost].[/] - Initializing Spring embedded WebApplicationContext
2020-12-08 19:20:55.220 [INFO ] org.springframework.boot.web.servlet.context.ServletWebServerApplicationContext - Root WebApplicationContext: initialization completed in 3199 ms
2020-12-08 19:20:58.377 [INFO ] springfox.documentation.spring.web.PropertySourcedRequestMappingHandlerMapping - Mapped URL path [/v2/api-docs] onto method [springfox.documentation.swagger2.web.Swagger2Controller#getDocumentation(String, HttpServletRequest)]
2020-12-08 19:20:58.565 [INFO ] org.springframework.scheduling.concurrent.ThreadPoolTaskExecutor - Initializing ExecutorService 'applicationTaskExecutor'
2020-12-08 19:20:58.667 [INFO ] org.springframework.boot.devtools.autoconfigure.OptionalLiveReloadServer - LiveReload server is running on port 35729
2020-12-08 19:20:59.683 [INFO ] org.springframework.security.web.DefaultSecurityFilterChain - Creating filter chain: any request, [org.springframework.security.web.context.request.async.WebAsyncManagerIntegrationFilter@2a9e7b4d, org.springframework.security.web.context.SecurityContextPersistenceFilter@7d60bd5a, org.springframework.security.web.header.HeaderWriterFilter@1be12e05, org.springframework.web.filter.CorsFilter@24405466, org.springframework.security.web.authentication.logout.LogoutFilter@41948c13, org.springframework.security.web.authentication.UsernamePasswordAuthenticationFilter@3085befb, org.springframework.security.web.savedrequest.RequestCacheAwareFilter@13f7c165, org.springframework.security.web.servletapi.SecurityContextHolderAwareRequestFilter@55d87b73, org.springframework.security.web.authentication.AnonymousAuthenticationFilter@72406594, org.springframework.security.web.session.SessionManagementFilter@5d01a2eb, org.springframework.security.web.access.ExceptionTranslationFilter@57ed8f95, org.springframework.security.web.access.intercept.FilterSecurityInterceptor@3c5bb37d]
2020-12-08 19:20:59.812 [INFO ] org.apache.coyote.http11.Http11NioProtocol - Starting ProtocolHandler ["http-nio-8090"]
2020-12-08 19:20:59.865 [INFO ] org.springframework.boot.web.embedded.tomcat.TomcatWebServer - Tomcat started on port(s): 8090 (http) with context path ''
2020-12-08 19:20:59.867 [INFO ] springfox.documentation.spring.web.plugins.DocumentationPluginsBootstrapper - Context refreshed
2020-12-08 19:20:59.902 [INFO ] springfox.documentation.spring.web.plugins.DocumentationPluginsBootstrapper - Found 1 custom documentation plugin(s)
2020-12-08 19:20:59.973 [INFO ] springfox.documentation.spring.web.scanners.ApiListingReferenceScanner - Scanning for api listing references
2020-12-08 19:21:00.223 [INFO ] com.dippy.SpringbootSecondcarApplication - Started SpringbootSecondcarApplication in 9.721 seconds (JVM running for 23.584)
2020-12-08 19:21:48.803 [INFO ] org.apache.catalina.core.ContainerBase.[Tomcat].[localhost].[/] - Initializing Spring DispatcherServlet 'dispatcherServlet'
2020-12-08 19:22:46.857 [INFO ] com.dippy.service.impl.UserDetailServiceImpl - 执行自定义登录逻辑-----登录了
2020-12-08 19:22:46.985 [INFO ] com.dippy.controller.UserInfoController - 登录成功页面
2020-12-08 19:25:50.042 [INFO ] org.springframework.scheduling.concurrent.ThreadPoolTaskExecutor - Shutting down ExecutorService 'applicationTaskExecutor'
2020-12-08 19:25:59.588 [INFO ] org.hibernate.validator.internal.util.Version - HV000001: Hibernate Validator 6.1.5.Final
2020-12-08 19:25:59.715 [INFO ] com.dippy.SpringbootSecondcarApplication - Starting SpringbootSecondcarApplication on Dippy with PID 24556 (E:\workspace\IDEA\springboot\springboot-secondcar\target\classes started by Mindless in E:\workspace\IDEA\springboot\springboot-secondcar)
2020-12-08 19:25:59.716 [INFO ] com.dippy.SpringbootSecondcarApplication - No active profile set, falling back to default profiles: default
2020-12-08 19:25:59.847 [INFO ] org.springframework.boot.devtools.env.DevToolsPropertyDefaultsPostProcessor - Devtools property defaults active! Set 'spring.devtools.add-properties' to 'false' to disable
2020-12-08 19:25:59.847 [INFO ] org.springframework.boot.devtools.env.DevToolsPropertyDefaultsPostProcessor - For additional web related logging consider setting the 'logging.level.web' property to 'DEBUG'
2020-12-08 19:26:02.478 [INFO ] org.springframework.boot.web.embedded.tomcat.TomcatWebServer - Tomcat initialized with port(s): 8090 (http)
2020-12-08 19:26:02.497 [INFO ] org.apache.coyote.http11.Http11NioProtocol - Initializing ProtocolHandler ["http-nio-8090"]
2020-12-08 19:26:02.498 [INFO ] org.apache.catalina.core.StandardService - Starting service [Tomcat]
2020-12-08 19:26:02.499 [INFO ] org.apache.catalina.core.StandardEngine - Starting Servlet engine: [Apache Tomcat/9.0.38]
2020-12-08 19:26:02.884 [INFO ] org.apache.catalina.core.ContainerBase.[Tomcat].[localhost].[/] - Initializing Spring embedded WebApplicationContext
2020-12-08 19:26:02.885 [INFO ] org.springframework.boot.web.servlet.context.ServletWebServerApplicationContext - Root WebApplicationContext: initialization completed in 3037 ms
2020-12-08 19:26:05.527 [INFO ] springfox.documentation.spring.web.PropertySourcedRequestMappingHandlerMapping - Mapped URL path [/v2/api-docs] onto method [springfox.documentation.swagger2.web.Swagger2Controller#getDocumentation(String, HttpServletRequest)]
2020-12-08 19:26:05.687 [INFO ] org.springframework.scheduling.concurrent.ThreadPoolTaskExecutor - Initializing ExecutorService 'applicationTaskExecutor'
2020-12-08 19:26:05.758 [INFO ] org.springframework.boot.devtools.autoconfigure.OptionalLiveReloadServer - LiveReload server is running on port 35729
2020-12-08 19:26:06.278 [INFO ] org.springframework.security.web.DefaultSecurityFilterChain - Creating filter chain: any request, [org.springframework.security.web.context.request.async.WebAsyncManagerIntegrationFilter@792b9dd3, org.springframework.security.web.context.SecurityContextPersistenceFilter@3dc7c5fd, org.springframework.security.web.header.HeaderWriterFilter@2d3768ce, org.springframework.web.filter.CorsFilter@27438750, org.springframework.security.web.authentication.logout.LogoutFilter@3e24bab6, org.springframework.security.web.authentication.UsernamePasswordAuthenticationFilter@2ba9ed19, org.springframework.security.web.savedrequest.RequestCacheAwareFilter@7fb9a83c, org.springframework.security.web.servletapi.SecurityContextHolderAwareRequestFilter@1c528f2f, org.springframework.security.web.authentication.AnonymousAuthenticationFilter@cbc3bf3, org.springframework.security.web.session.SessionManagementFilter@1231f25c, org.springframework.security.web.access.ExceptionTranslationFilter@3a9040f0, org.springframework.security.web.access.intercept.FilterSecurityInterceptor@618e7761]
2020-12-08 19:26:06.377 [INFO ] org.apache.coyote.http11.Http11NioProtocol - Starting ProtocolHandler ["http-nio-8090"]
2020-12-08 19:26:06.424 [INFO ] org.springframework.boot.web.embedded.tomcat.TomcatWebServer - Tomcat started on port(s): 8090 (http) with context path ''
2020-12-08 19:26:06.426 [INFO ] springfox.documentation.spring.web.plugins.DocumentationPluginsBootstrapper - Context refreshed
2020-12-08 19:26:06.453 [INFO ] springfox.documentation.spring.web.plugins.DocumentationPluginsBootstrapper - Found 1 custom documentation plugin(s)
2020-12-08 19:26:06.518 [INFO ] springfox.documentation.spring.web.scanners.ApiListingReferenceScanner - Scanning for api listing references
2020-12-08 19:26:06.730 [INFO ] com.dippy.SpringbootSecondcarApplication - Started SpringbootSecondcarApplication in 9.017 seconds (JVM running for 14.518)
2020-12-08 19:26:22.113 [INFO ] org.apache.catalina.core.ContainerBase.[Tomcat].[localhost].[/] - Initializing Spring DispatcherServlet 'dispatcherServlet'
2020-12-08 19:26:22.318 [INFO ] com.dippy.service.impl.UserDetailServiceImpl - 执行自定义登录逻辑-----登录了
2020-12-08 19:26:22.454 [INFO ] com.dippy.controller.UserInfoController - 登录成功页面
2020-12-08 19:27:12.202 [INFO ] com.dippy.service.impl.UserDetailServiceImpl - 执行自定义登录逻辑-----登录了
2020-12-08 19:27:12.320 [INFO ] com.dippy.controller.UserInfoController - 登录成功页面
2020-12-08 19:27:37.113 [INFO ] com.dippy.service.impl.UserDetailServiceImpl - 执行自定义登录逻辑-----登录了
2020-12-08 19:27:37.217 [INFO ] com.dippy.controller.UserInfoController - 登录成功页面
2020-12-08 19:37:26.562 [INFO ] com.dippy.service.impl.UserDetailServiceImpl - 执行自定义登录逻辑-----登录了
2020-12-08 19:37:26.564 [INFO ] com.dippy.service.impl.UserDetailServiceImpl - 用户名不存在
2020-12-08 19:37:26.672 [INFO ] com.dippy.controller.UserInfoController - 登录成功页面
2020-12-08 19:38:42.209 [INFO ] com.dippy.service.impl.UserDetailServiceImpl - 执行自定义登录逻辑-----登录了
2020-12-08 19:38:42.210 [INFO ] com.dippy.service.impl.UserDetailServiceImpl - 用户名不存在
2020-12-08 19:38:42.332 [INFO ] com.dippy.controller.UserInfoController - 登录成功页面
2020-12-08 19:40:37.818 [INFO ] com.dippy.service.impl.UserDetailServiceImpl - 执行自定义登录逻辑-----登录了
2020-12-08 19:40:37.819 [INFO ] com.dippy.service.impl.UserDetailServiceImpl - 用户名不存在
2020-12-08 19:40:37.924 [INFO ] com.dippy.controller.UserInfoController - 登录成功页面
2020-12-08 19:50:39.064 [INFO ] com.dippy.service.impl.UserDetailServiceImpl - 执行自定义登录逻辑-----登录了
2020-12-08 19:50:39.065 [INFO ] com.dippy.service.impl.UserDetailServiceImpl - 用户名不存在
2020-12-08 19:50:39.168 [INFO ] com.dippy.controller.UserInfoController - 登录成功页面
2020-12-08 19:50:47.520 [INFO ] org.springframework.scheduling.concurrent.ThreadPoolTaskExecutor - Shutting down ExecutorService 'applicationTaskExecutor'
2020-12-08 19:50:56.242 [INFO ] org.hibernate.validator.internal.util.Version - HV000001: Hibernate Validator 6.1.5.Final
2020-12-08 19:50:56.332 [INFO ] com.dippy.SpringbootSecondcarApplication - Starting SpringbootSecondcarApplication on Dippy with PID 22176 (E:\workspace\IDEA\springboot\springboot-secondcar\target\classes started by Mindless in E:\workspace\IDEA\springboot\springboot-secondcar)
2020-12-08 19:50:56.334 [INFO ] com.dippy.SpringbootSecondcarApplication - No active profile set, falling back to default profiles: default
2020-12-08 19:50:56.452 [INFO ] org.springframework.boot.devtools.env.DevToolsPropertyDefaultsPostProcessor - Devtools property defaults active! Set 'spring.devtools.add-properties' to 'false' to disable
2020-12-08 19:50:56.452 [INFO ] org.springframework.boot.devtools.env.DevToolsPropertyDefaultsPostProcessor - For additional web related logging consider setting the 'logging.level.web' property to 'DEBUG'
2020-12-08 19:50:58.956 [INFO ] org.springframework.boot.web.embedded.tomcat.TomcatWebServer - Tomcat initialized with port(s): 8090 (http)
2020-12-08 19:50:59.116 [INFO ] org.apache.coyote.http11.Http11NioProtocol - Initializing ProtocolHandler ["http-nio-8090"]
2020-12-08 19:50:59.117 [INFO ] org.apache.catalina.core.StandardService - Starting service [Tomcat]
2020-12-08 19:50:59.118 [INFO ] org.apache.catalina.core.StandardEngine - Starting Servlet engine: [Apache Tomcat/9.0.38]
2020-12-08 19:50:59.343 [INFO ] org.apache.catalina.core.ContainerBase.[Tomcat].[localhost].[/] - Initializing Spring embedded WebApplicationContext
2020-12-08 19:50:59.344 [INFO ] org.springframework.boot.web.servlet.context.ServletWebServerApplicationContext - Root WebApplicationContext: initialization completed in 2892 ms
2020-12-08 19:51:01.812 [INFO ] springfox.documentation.spring.web.PropertySourcedRequestMappingHandlerMapping - Mapped URL path [/v2/api-docs] onto method [springfox.documentation.swagger2.web.Swagger2Controller#getDocumentation(String, HttpServletRequest)]
2020-12-08 19:51:01.978 [INFO ] org.springframework.scheduling.concurrent.ThreadPoolTaskExecutor - Initializing ExecutorService 'applicationTaskExecutor'
2020-12-08 19:51:02.046 [INFO ] org.springframework.boot.devtools.autoconfigure.OptionalLiveReloadServer - LiveReload server is running on port 35729
2020-12-08 19:51:02.554 [INFO ] org.springframework.security.web.DefaultSecurityFilterChain - Creating filter chain: any request, [org.springframework.security.web.context.request.async.WebAsyncManagerIntegrationFilter@71891d6b, org.springframework.security.web.context.SecurityContextPersistenceFilter@3b590f6a, org.springframework.security.web.header.HeaderWriterFilter@1a7437d8, org.springframework.web.filter.CorsFilter@63c99f7, org.springframework.security.web.authentication.logout.LogoutFilter@4a0c04ab, org.springframework.security.web.authentication.UsernamePasswordAuthenticationFilter@453439e, org.springframework.security.web.savedrequest.RequestCacheAwareFilter@483ed60e, org.springframework.security.web.servletapi.SecurityContextHolderAwareRequestFilter@74bcf1ab, org.springframework.security.web.authentication.AnonymousAuthenticationFilter@5ce41f1f, org.springframework.security.web.session.SessionManagementFilter@5b31a9e3, org.springframework.security.web.access.ExceptionTranslationFilter@6c6b00f1, org.springframework.security.web.access.intercept.FilterSecurityInterceptor@4946dfde]
2020-12-08 19:51:02.660 [INFO ] org.apache.coyote.http11.Http11NioProtocol - Starting ProtocolHandler ["http-nio-8090"]
2020-12-08 19:51:02.705 [INFO ] org.springframework.boot.web.embedded.tomcat.TomcatWebServer - Tomcat started on port(s): 8090 (http) with context path ''
2020-12-08 19:51:02.707 [INFO ] springfox.documentation.spring.web.plugins.DocumentationPluginsBootstrapper - Context refreshed
2020-12-08 19:51:02.733 [INFO ] springfox.documentation.spring.web.plugins.DocumentationPluginsBootstrapper - Found 1 custom documentation plugin(s)
2020-12-08 19:51:02.799 [INFO ] springfox.documentation.spring.web.scanners.ApiListingReferenceScanner - Scanning for api listing references
2020-12-08 19:51:03.031 [INFO ] com.dippy.SpringbootSecondcarApplication - Started SpringbootSecondcarApplication in 8.221 seconds (JVM running for 13.237)
2020-12-08 19:57:04.562 [INFO ] org.apache.catalina.core.ContainerBase.[Tomcat].[localhost].[/] - Initializing Spring DispatcherServlet 'dispatcherServlet'
2020-12-08 19:57:04.741 [INFO ] com.dippy.service.impl.UserDetailServiceImpl - 执行自定义登录逻辑-----登录了
2020-12-08 19:57:04.742 [INFO ] com.dippy.service.impl.UserDetailServiceImpl - 用户名不存在
2020-12-08 19:57:04.886 [INFO ] com.dippy.controller.UserInfoController - 登录成功页面
2020-12-08 21:21:48.407 [INFO ] org.springframework.scheduling.concurrent.ThreadPoolTaskExecutor - Shutting down ExecutorService 'applicationTaskExecutor'
