2021-02-18 16:26:01.678 [INFO ] org.hibernate.validator.internal.util.Version - HV000001: Hibernate Validator 6.1.5.Final
2021-02-18 16:26:01.734 [INFO ] com.dippy.service.CarInfoServiceTest - Starting CarInfoServiceTest on Dippy with PID 3896 (started by Mindless in E:\workspace\IDEA\springboot\springboot-secondcar)
2021-02-18 16:26:01.741 [INFO ] com.dippy.service.CarInfoServiceTest - No active profile set, falling back to default profiles: default
2021-02-18 16:26:05.192 [INFO ] org.springframework.data.repository.config.RepositoryConfigurationDelegate - Multiple Spring Data modules found, entering strict repository configuration mode!
2021-02-18 16:26:05.197 [INFO ] org.springframework.data.repository.config.RepositoryConfigurationDelegate - Bootstrapping Spring Data Redis repositories in DEFAULT mode.
2021-02-18 16:26:05.318 [INFO ] org.springframework.data.repository.config.RepositoryConfigurationDelegate - Finished Spring Data repository scanning in 101ms. Found 0 Redis repository interfaces.
2021-02-18 16:26:06.024 [INFO ] org.springframework.context.support.PostProcessorRegistrationDelegate$BeanPostProcessorChecker - Bean 'org.springframework.security.access.expression.method.DefaultMethodSecurityExpressionHandler@65383667' of type [org.springframework.security.access.expression.method.DefaultMethodSecurityExpressionHandler] is not eligible for getting processed by all BeanPostProcessors (for example: not eligible for auto-proxying)
2021-02-18 16:26:06.055 [INFO ] org.springframework.context.support.PostProcessorRegistrationDelegate$BeanPostProcessorChecker - Bean 'methodSecurityMetadataSource' of type [org.springframework.security.access.method.DelegatingMethodSecurityMetadataSource] is not eligible for getting processed by all BeanPostProcessors (for example: not eligible for auto-proxying)
2021-02-18 16:26:10.322 [INFO ] springfox.documentation.spring.web.PropertySourcedRequestMappingHandlerMapping - Mapped URL path [/v2/api-docs] onto method [springfox.documentation.swagger2.web.Swagger2Controller#getDocumentation(String, HttpServletRequest)]
2021-02-18 16:26:11.061 [INFO ] org.springframework.scheduling.concurrent.ThreadPoolTaskExecutor - Initializing ExecutorService 'applicationTaskExecutor'
2021-02-18 16:26:12.747 [INFO ] org.springframework.security.web.DefaultSecurityFilterChain - Creating filter chain: Ant [pattern='/captcha.jpg'], []
2021-02-18 16:26:13.447 [INFO ] org.springframework.security.web.DefaultSecurityFilterChain - Creating filter chain: any request, [org.springframework.security.web.context.request.async.WebAsyncManagerIntegrationFilter@225e09f0, org.springframework.security.web.context.SecurityContextPersistenceFilter@503a7990, org.springframework.security.web.header.HeaderWriterFilter@69d2fb0a, org.springframework.web.filter.CorsFilter@bc8d68b, org.springframework.security.web.authentication.logout.LogoutFilter@1e0294a7, com.dippy.filter.VerifyCodeFilter@2fa212df, com.dippy.filter.VerifyCodeFilter@2fa212df, com.dippy.filter.TokenFilter@3cf8a235, org.springframework.security.web.authentication.UsernamePasswordAuthenticationFilter@2e40fdbd, org.springframework.security.web.savedrequest.RequestCacheAwareFilter@6dcbbb49, org.springframework.security.web.servletapi.SecurityContextHolderAwareRequestFilter@273293c8, org.springframework.security.web.authentication.rememberme.RememberMeAuthenticationFilter@3d132bb6, org.springframework.security.web.authentication.AnonymousAuthenticationFilter@6e3b2dd3, org.springframework.security.web.session.SessionManagementFilter@7b3feb26, org.springframework.security.web.access.ExceptionTranslationFilter@1de30c31, org.springframework.security.web.access.intercept.FilterSecurityInterceptor@6de610c6]
2021-02-18 16:26:13.610 [INFO ] springfox.documentation.spring.web.plugins.DocumentationPluginsBootstrapper - Context refreshed
2021-02-18 16:26:13.650 [INFO ] springfox.documentation.spring.web.plugins.DocumentationPluginsBootstrapper - Found 1 custom documentation plugin(s)
2021-02-18 16:26:13.714 [INFO ] springfox.documentation.spring.web.scanners.ApiListingReferenceScanner - Scanning for api listing references
2021-02-18 16:26:14.109 [INFO ] com.dippy.service.CarInfoServiceTest - Started CarInfoServiceTest in 14.04 seconds (JVM running for 17.687)
2021-02-18 16:26:14.497 [INFO ] com.zaxxer.hikari.HikariDataSource - HikariPool-1 - Starting...
2021-02-18 16:26:14.735 [INFO ] com.zaxxer.hikari.HikariDataSource - HikariPool-1 - Start completed.
2021-02-18 16:26:14.933 [INFO ] org.springframework.scheduling.concurrent.ThreadPoolTaskExecutor - Shutting down ExecutorService 'applicationTaskExecutor'
2021-02-18 16:26:14.938 [INFO ] com.zaxxer.hikari.HikariDataSource - HikariPool-1 - Shutdown initiated...
2021-02-18 16:26:14.971 [INFO ] com.zaxxer.hikari.HikariDataSource - HikariPool-1 - Shutdown completed.
