2021-02-09 02:59:08.302 [INFO ] org.hibernate.validator.internal.util.Version - HV000001: Hibernate Validator 6.1.5.Final
2021-02-09 02:59:08.324 [INFO ] com.dippy.service.CarInfoServiceTest - Starting CarInfoServiceTest on Dippy with PID 21924 (started by Mindless in E:\workspace\IDEA\springboot\springboot-secondcar)
2021-02-09 02:59:08.326 [INFO ] com.dippy.service.CarInfoServiceTest - No active profile set, falling back to default profiles: default
2021-02-09 02:59:10.654 [INFO ] org.springframework.data.repository.config.RepositoryConfigurationDelegate - Multiple Spring Data modules found, entering strict repository configuration mode!
2021-02-09 02:59:10.660 [INFO ] org.springframework.data.repository.config.RepositoryConfigurationDelegate - Bootstrapping Spring Data Redis repositories in DEFAULT mode.
2021-02-09 02:59:10.818 [INFO ] org.springframework.data.repository.config.RepositoryConfigurationDelegate - Finished Spring Data repository scanning in 134ms. Found 0 Redis repository interfaces.
2021-02-09 02:59:11.735 [INFO ] org.springframework.context.support.PostProcessorRegistrationDelegate$BeanPostProcessorChecker - Bean 'org.springframework.security.access.expression.method.DefaultMethodSecurityExpressionHandler@423c5404' of type [org.springframework.security.access.expression.method.DefaultMethodSecurityExpressionHandler] is not eligible for getting processed by all BeanPostProcessors (for example: not eligible for auto-proxying)
2021-02-09 02:59:11.763 [INFO ] org.springframework.context.support.PostProcessorRegistrationDelegate$BeanPostProcessorChecker - Bean 'methodSecurityMetadataSource' of type [org.springframework.security.access.method.DelegatingMethodSecurityMetadataSource] is not eligible for getting processed by all BeanPostProcessors (for example: not eligible for auto-proxying)
2021-02-09 02:59:15.582 [INFO ] springfox.documentation.spring.web.PropertySourcedRequestMappingHandlerMapping - Mapped URL path [/v2/api-docs] onto method [springfox.documentation.swagger2.web.Swagger2Controller#getDocumentation(String, HttpServletRequest)]
2021-02-09 02:59:16.456 [INFO ] org.springframework.scheduling.concurrent.ThreadPoolTaskExecutor - Initializing ExecutorService 'applicationTaskExecutor'
2021-02-09 02:59:18.156 [INFO ] org.springframework.security.web.DefaultSecurityFilterChain - Creating filter chain: Ant [pattern='/captcha.jpg'], []
2021-02-09 02:59:18.857 [INFO ] org.springframework.security.web.DefaultSecurityFilterChain - Creating filter chain: any request, [org.springframework.security.web.context.request.async.WebAsyncManagerIntegrationFilter@5dd747c1, org.springframework.security.web.context.SecurityContextPersistenceFilter@69499c6f, org.springframework.security.web.header.HeaderWriterFilter@2804b13f, org.springframework.web.filter.CorsFilter@1bdafb01, org.springframework.security.web.authentication.logout.LogoutFilter@71b3ba5a, com.dippy.filter.VerifyCodeFilter@7aa3857b, com.dippy.filter.VerifyCodeFilter@7aa3857b, com.dippy.filter.TokenFilter@500ec769, org.springframework.security.web.authentication.UsernamePasswordAuthenticationFilter@14dbfdb1, org.springframework.security.web.savedrequest.RequestCacheAwareFilter@1e0294a7, org.springframework.security.web.servletapi.SecurityContextHolderAwareRequestFilter@246de37e, org.springframework.security.web.authentication.rememberme.RememberMeAuthenticationFilter@5b3755f4, org.springframework.security.web.authentication.AnonymousAuthenticationFilter@37806be6, org.springframework.security.web.session.SessionManagementFilter@ac417a2, org.springframework.security.web.access.ExceptionTranslationFilter@3b7b0b57, org.springframework.security.web.access.intercept.FilterSecurityInterceptor@136fece2]
2021-02-09 02:59:19.007 [INFO ] springfox.documentation.spring.web.plugins.DocumentationPluginsBootstrapper - Context refreshed
2021-02-09 02:59:19.045 [INFO ] springfox.documentation.spring.web.plugins.DocumentationPluginsBootstrapper - Found 1 custom documentation plugin(s)
2021-02-09 02:59:19.108 [INFO ] springfox.documentation.spring.web.scanners.ApiListingReferenceScanner - Scanning for api listing references
2021-02-09 02:59:19.575 [INFO ] com.dippy.service.CarInfoServiceTest - Started CarInfoServiceTest in 12.387 seconds (JVM running for 15.288)
2021-02-09 02:59:20.089 [INFO ] com.zaxxer.hikari.HikariDataSource - HikariPool-1 - Starting...
2021-02-09 02:59:20.320 [INFO ] com.zaxxer.hikari.HikariDataSource - HikariPool-1 - Start completed.
2021-02-09 02:59:20.513 [INFO ] org.springframework.scheduling.concurrent.ThreadPoolTaskExecutor - Shutting down ExecutorService 'applicationTaskExecutor'
2021-02-09 02:59:20.519 [INFO ] com.zaxxer.hikari.HikariDataSource - HikariPool-1 - Shutdown initiated...
2021-02-09 02:59:20.544 [INFO ] com.zaxxer.hikari.HikariDataSource - HikariPool-1 - Shutdown completed.
2021-02-09 03:01:33.058 [INFO ] org.hibernate.validator.internal.util.Version - HV000001: Hibernate Validator 6.1.5.Final
2021-02-09 03:01:33.097 [INFO ] com.dippy.service.CarInfoServiceTest - Starting CarInfoServiceTest on Dippy with PID 22328 (started by Mindless in E:\workspace\IDEA\springboot\springboot-secondcar)
2021-02-09 03:01:33.099 [INFO ] com.dippy.service.CarInfoServiceTest - No active profile set, falling back to default profiles: default
2021-02-09 03:01:37.065 [INFO ] org.springframework.data.repository.config.RepositoryConfigurationDelegate - Multiple Spring Data modules found, entering strict repository configuration mode!
2021-02-09 03:01:37.095 [INFO ] org.springframework.data.repository.config.RepositoryConfigurationDelegate - Bootstrapping Spring Data Redis repositories in DEFAULT mode.
2021-02-09 03:01:37.475 [INFO ] org.springframework.data.repository.config.RepositoryConfigurationDelegate - Finished Spring Data repository scanning in 325ms. Found 0 Redis repository interfaces.
2021-02-09 03:01:38.889 [INFO ] org.springframework.context.support.PostProcessorRegistrationDelegate$BeanPostProcessorChecker - Bean 'org.springframework.security.access.expression.method.DefaultMethodSecurityExpressionHandler@2295566b' of type [org.springframework.security.access.expression.method.DefaultMethodSecurityExpressionHandler] is not eligible for getting processed by all BeanPostProcessors (for example: not eligible for auto-proxying)
2021-02-09 03:01:38.939 [INFO ] org.springframework.context.support.PostProcessorRegistrationDelegate$BeanPostProcessorChecker - Bean 'methodSecurityMetadataSource' of type [org.springframework.security.access.method.DelegatingMethodSecurityMetadataSource] is not eligible for getting processed by all BeanPostProcessors (for example: not eligible for auto-proxying)
2021-02-09 03:01:44.673 [INFO ] springfox.documentation.spring.web.PropertySourcedRequestMappingHandlerMapping - Mapped URL path [/v2/api-docs] onto method [springfox.documentation.swagger2.web.Swagger2Controller#getDocumentation(String, HttpServletRequest)]
2021-02-09 03:01:45.663 [INFO ] org.springframework.scheduling.concurrent.ThreadPoolTaskExecutor - Initializing ExecutorService 'applicationTaskExecutor'
2021-02-09 03:01:48.231 [INFO ] org.springframework.security.web.DefaultSecurityFilterChain - Creating filter chain: Ant [pattern='/captcha.jpg'], []
2021-02-09 03:01:48.776 [INFO ] org.springframework.security.web.DefaultSecurityFilterChain - Creating filter chain: any request, [org.springframework.security.web.context.request.async.WebAsyncManagerIntegrationFilter@54a2ff94, org.springframework.security.web.context.SecurityContextPersistenceFilter@529a2d6f, org.springframework.security.web.header.HeaderWriterFilter@446dbf7b, org.springframework.web.filter.CorsFilter@3d2be0df, org.springframework.security.web.authentication.logout.LogoutFilter@6c07666f, com.dippy.filter.VerifyCodeFilter@6affbed1, com.dippy.filter.VerifyCodeFilter@6affbed1, com.dippy.filter.TokenFilter@2cf93603, org.springframework.security.web.authentication.UsernamePasswordAuthenticationFilter@349e166, org.springframework.security.web.savedrequest.RequestCacheAwareFilter@3d28c0af, org.springframework.security.web.servletapi.SecurityContextHolderAwareRequestFilter@7752f9fe, org.springframework.security.web.authentication.rememberme.RememberMeAuthenticationFilter@126a8548, org.springframework.security.web.authentication.AnonymousAuthenticationFilter@6fe43257, org.springframework.security.web.session.SessionManagementFilter@673218b2, org.springframework.security.web.access.ExceptionTranslationFilter@74f1e112, org.springframework.security.web.access.intercept.FilterSecurityInterceptor@24c9a52a]
2021-02-09 03:01:49.057 [INFO ] springfox.documentation.spring.web.plugins.DocumentationPluginsBootstrapper - Context refreshed
2021-02-09 03:01:49.127 [INFO ] springfox.documentation.spring.web.plugins.DocumentationPluginsBootstrapper - Found 1 custom documentation plugin(s)
2021-02-09 03:01:49.233 [INFO ] springfox.documentation.spring.web.scanners.ApiListingReferenceScanner - Scanning for api listing references
2021-02-09 03:01:49.849 [INFO ] com.dippy.service.CarInfoServiceTest - Started CarInfoServiceTest in 17.981 seconds (JVM running for 26.554)
2021-02-09 03:01:50.849 [INFO ] com.zaxxer.hikari.HikariDataSource - HikariPool-1 - Starting...
2021-02-09 03:01:51.190 [INFO ] com.zaxxer.hikari.HikariDataSource - HikariPool-1 - Start completed.
2021-02-09 03:01:51.581 [INFO ] org.springframework.scheduling.concurrent.ThreadPoolTaskExecutor - Shutting down ExecutorService 'applicationTaskExecutor'
2021-02-09 03:01:51.597 [INFO ] com.zaxxer.hikari.HikariDataSource - HikariPool-1 - Shutdown initiated...
2021-02-09 03:01:51.647 [INFO ] com.zaxxer.hikari.HikariDataSource - HikariPool-1 - Shutdown completed.
2021-02-09 03:11:42.142 [INFO ] org.hibernate.validator.internal.util.Version - HV000001: Hibernate Validator 6.1.5.Final
2021-02-09 03:11:42.171 [INFO ] com.dippy.service.CarInfoServiceTest - Starting CarInfoServiceTest on Dippy with PID 19356 (started by Mindless in E:\workspace\IDEA\springboot\springboot-secondcar)
2021-02-09 03:11:42.176 [INFO ] com.dippy.service.CarInfoServiceTest - No active profile set, falling back to default profiles: default
2021-02-09 03:11:44.962 [INFO ] org.springframework.data.repository.config.RepositoryConfigurationDelegate - Multiple Spring Data modules found, entering strict repository configuration mode!
2021-02-09 03:11:44.969 [INFO ] org.springframework.data.repository.config.RepositoryConfigurationDelegate - Bootstrapping Spring Data Redis repositories in DEFAULT mode.
2021-02-09 03:11:45.107 [INFO ] org.springframework.data.repository.config.RepositoryConfigurationDelegate - Finished Spring Data repository scanning in 116ms. Found 0 Redis repository interfaces.
2021-02-09 03:11:45.806 [INFO ] org.springframework.context.support.PostProcessorRegistrationDelegate$BeanPostProcessorChecker - Bean 'org.springframework.security.access.expression.method.DefaultMethodSecurityExpressionHandler@7a3e5cd3' of type [org.springframework.security.access.expression.method.DefaultMethodSecurityExpressionHandler] is not eligible for getting processed by all BeanPostProcessors (for example: not eligible for auto-proxying)
2021-02-09 03:11:45.848 [INFO ] org.springframework.context.support.PostProcessorRegistrationDelegate$BeanPostProcessorChecker - Bean 'methodSecurityMetadataSource' of type [org.springframework.security.access.method.DelegatingMethodSecurityMetadataSource] is not eligible for getting processed by all BeanPostProcessors (for example: not eligible for auto-proxying)
2021-02-09 03:11:50.064 [INFO ] springfox.documentation.spring.web.PropertySourcedRequestMappingHandlerMapping - Mapped URL path [/v2/api-docs] onto method [springfox.documentation.swagger2.web.Swagger2Controller#getDocumentation(String, HttpServletRequest)]
2021-02-09 03:11:50.847 [INFO ] org.springframework.scheduling.concurrent.ThreadPoolTaskExecutor - Initializing ExecutorService 'applicationTaskExecutor'
2021-02-09 03:11:52.609 [INFO ] org.springframework.security.web.DefaultSecurityFilterChain - Creating filter chain: Ant [pattern='/captcha.jpg'], []
2021-02-09 03:11:53.367 [INFO ] org.springframework.security.web.DefaultSecurityFilterChain - Creating filter chain: any request, [org.springframework.security.web.context.request.async.WebAsyncManagerIntegrationFilter@4ca0b9b1, org.springframework.security.web.context.SecurityContextPersistenceFilter@ff2266c, org.springframework.security.web.header.HeaderWriterFilter@376498da, org.springframework.web.filter.CorsFilter@5d800a56, org.springframework.security.web.authentication.logout.LogoutFilter@3fd33f48, com.dippy.filter.VerifyCodeFilter@1be77a76, com.dippy.filter.VerifyCodeFilter@1be77a76, com.dippy.filter.TokenFilter@315cf170, org.springframework.security.web.authentication.UsernamePasswordAuthenticationFilter@5a1a20ae, org.springframework.security.web.savedrequest.RequestCacheAwareFilter@83ebdc5, org.springframework.security.web.servletapi.SecurityContextHolderAwareRequestFilter@5fbae40, org.springframework.security.web.authentication.rememberme.RememberMeAuthenticationFilter@5af38a4a, org.springframework.security.web.authentication.AnonymousAuthenticationFilter@7878bbdb, org.springframework.security.web.session.SessionManagementFilter@2f9addd4, org.springframework.security.web.access.ExceptionTranslationFilter@17003497, org.springframework.security.web.access.intercept.FilterSecurityInterceptor@248d3a]
2021-02-09 03:11:53.521 [INFO ] springfox.documentation.spring.web.plugins.DocumentationPluginsBootstrapper - Context refreshed
2021-02-09 03:11:53.561 [INFO ] springfox.documentation.spring.web.plugins.DocumentationPluginsBootstrapper - Found 1 custom documentation plugin(s)
2021-02-09 03:11:53.628 [INFO ] springfox.documentation.spring.web.scanners.ApiListingReferenceScanner - Scanning for api listing references
2021-02-09 03:11:54.084 [INFO ] com.dippy.service.CarInfoServiceTest - Started CarInfoServiceTest in 12.779 seconds (JVM running for 14.891)
2021-02-09 03:11:54.500 [INFO ] com.zaxxer.hikari.HikariDataSource - HikariPool-1 - Starting...
2021-02-09 03:11:54.719 [INFO ] com.zaxxer.hikari.HikariDataSource - HikariPool-1 - Start completed.
2021-02-09 03:11:55.015 [INFO ] org.springframework.scheduling.concurrent.ThreadPoolTaskExecutor - Shutting down ExecutorService 'applicationTaskExecutor'
2021-02-09 03:11:55.026 [INFO ] com.zaxxer.hikari.HikariDataSource - HikariPool-1 - Shutdown initiated...
2021-02-09 03:11:55.053 [INFO ] com.zaxxer.hikari.HikariDataSource - HikariPool-1 - Shutdown completed.
2021-02-09 03:12:51.981 [INFO ] org.hibernate.validator.internal.util.Version - HV000001: Hibernate Validator 6.1.5.Final
2021-02-09 03:12:52.005 [INFO ] com.dippy.service.CarInfoServiceTest - Starting CarInfoServiceTest on Dippy with PID 20764 (started by Mindless in E:\workspace\IDEA\springboot\springboot-secondcar)
2021-02-09 03:12:52.010 [INFO ] com.dippy.service.CarInfoServiceTest - No active profile set, falling back to default profiles: default
2021-02-09 03:12:54.182 [INFO ] org.springframework.data.repository.config.RepositoryConfigurationDelegate - Multiple Spring Data modules found, entering strict repository configuration mode!
2021-02-09 03:12:54.189 [INFO ] org.springframework.data.repository.config.RepositoryConfigurationDelegate - Bootstrapping Spring Data Redis repositories in DEFAULT mode.
2021-02-09 03:12:54.395 [INFO ] org.springframework.data.repository.config.RepositoryConfigurationDelegate - Finished Spring Data repository scanning in 165ms. Found 0 Redis repository interfaces.
2021-02-09 03:12:55.373 [INFO ] org.springframework.context.support.PostProcessorRegistrationDelegate$BeanPostProcessorChecker - Bean 'org.springframework.security.access.expression.method.DefaultMethodSecurityExpressionHandler@3c79088e' of type [org.springframework.security.access.expression.method.DefaultMethodSecurityExpressionHandler] is not eligible for getting processed by all BeanPostProcessors (for example: not eligible for auto-proxying)
2021-02-09 03:12:55.407 [INFO ] org.springframework.context.support.PostProcessorRegistrationDelegate$BeanPostProcessorChecker - Bean 'methodSecurityMetadataSource' of type [org.springframework.security.access.method.DelegatingMethodSecurityMetadataSource] is not eligible for getting processed by all BeanPostProcessors (for example: not eligible for auto-proxying)
2021-02-09 03:12:59.286 [INFO ] springfox.documentation.spring.web.PropertySourcedRequestMappingHandlerMapping - Mapped URL path [/v2/api-docs] onto method [springfox.documentation.swagger2.web.Swagger2Controller#getDocumentation(String, HttpServletRequest)]
2021-02-09 03:12:59.926 [INFO ] org.springframework.scheduling.concurrent.ThreadPoolTaskExecutor - Initializing ExecutorService 'applicationTaskExecutor'
2021-02-09 03:13:01.540 [INFO ] org.springframework.security.web.DefaultSecurityFilterChain - Creating filter chain: Ant [pattern='/captcha.jpg'], []
2021-02-09 03:13:02.265 [INFO ] org.springframework.security.web.DefaultSecurityFilterChain - Creating filter chain: any request, [org.springframework.security.web.context.request.async.WebAsyncManagerIntegrationFilter@3b9c9b8b, org.springframework.security.web.context.SecurityContextPersistenceFilter@2335aef2, org.springframework.security.web.header.HeaderWriterFilter@19647566, org.springframework.web.filter.CorsFilter@7769d9b6, org.springframework.security.web.authentication.logout.LogoutFilter@51f34185, com.dippy.filter.VerifyCodeFilter@248d3a, com.dippy.filter.VerifyCodeFilter@248d3a, com.dippy.filter.TokenFilter@3c71cf3e, org.springframework.security.web.authentication.UsernamePasswordAuthenticationFilter@7645b7d, org.springframework.security.web.savedrequest.RequestCacheAwareFilter@2f038d3c, org.springframework.security.web.servletapi.SecurityContextHolderAwareRequestFilter@1c43df76, org.springframework.security.web.authentication.rememberme.RememberMeAuthenticationFilter@fee881, org.springframework.security.web.authentication.AnonymousAuthenticationFilter@636e4bf8, org.springframework.security.web.session.SessionManagementFilter@527d48db, org.springframework.security.web.access.ExceptionTranslationFilter@2e40fdbd, org.springframework.security.web.access.intercept.FilterSecurityInterceptor@1d2046bb]
2021-02-09 03:13:02.420 [INFO ] springfox.documentation.spring.web.plugins.DocumentationPluginsBootstrapper - Context refreshed
2021-02-09 03:13:02.459 [INFO ] springfox.documentation.spring.web.plugins.DocumentationPluginsBootstrapper - Found 1 custom documentation plugin(s)
2021-02-09 03:13:02.513 [INFO ] springfox.documentation.spring.web.scanners.ApiListingReferenceScanner - Scanning for api listing references
2021-02-09 03:13:02.911 [INFO ] com.dippy.service.CarInfoServiceTest - Started CarInfoServiceTest in 11.921 seconds (JVM running for 14.232)
2021-02-09 03:13:03.355 [INFO ] com.zaxxer.hikari.HikariDataSource - HikariPool-1 - Starting...
2021-02-09 03:13:03.560 [INFO ] com.zaxxer.hikari.HikariDataSource - HikariPool-1 - Start completed.
2021-02-09 03:13:03.747 [INFO ] org.springframework.scheduling.concurrent.ThreadPoolTaskExecutor - Shutting down ExecutorService 'applicationTaskExecutor'
2021-02-09 03:13:03.750 [INFO ] com.zaxxer.hikari.HikariDataSource - HikariPool-1 - Shutdown initiated...
2021-02-09 03:13:03.776 [INFO ] com.zaxxer.hikari.HikariDataSource - HikariPool-1 - Shutdown completed.
2021-02-09 03:14:25.119 [INFO ] org.hibernate.validator.internal.util.Version - HV000001: Hibernate Validator 6.1.5.Final
2021-02-09 03:14:25.127 [INFO ] com.dippy.service.CarInfoServiceTest - Starting CarInfoServiceTest on Dippy with PID 15004 (started by Mindless in E:\workspace\IDEA\springboot\springboot-secondcar)
2021-02-09 03:14:25.133 [INFO ] com.dippy.service.CarInfoServiceTest - No active profile set, falling back to default profiles: default
2021-02-09 03:14:26.896 [INFO ] org.springframework.data.repository.config.RepositoryConfigurationDelegate - Multiple Spring Data modules found, entering strict repository configuration mode!
2021-02-09 03:14:26.902 [INFO ] org.springframework.data.repository.config.RepositoryConfigurationDelegate - Bootstrapping Spring Data Redis repositories in DEFAULT mode.
2021-02-09 03:14:27.046 [INFO ] org.springframework.data.repository.config.RepositoryConfigurationDelegate - Finished Spring Data repository scanning in 124ms. Found 0 Redis repository interfaces.
2021-02-09 03:14:27.745 [INFO ] org.springframework.context.support.PostProcessorRegistrationDelegate$BeanPostProcessorChecker - Bean 'org.springframework.security.access.expression.method.DefaultMethodSecurityExpressionHandler@5853ca50' of type [org.springframework.security.access.expression.method.DefaultMethodSecurityExpressionHandler] is not eligible for getting processed by all BeanPostProcessors (for example: not eligible for auto-proxying)
2021-02-09 03:14:27.778 [INFO ] org.springframework.context.support.PostProcessorRegistrationDelegate$BeanPostProcessorChecker - Bean 'methodSecurityMetadataSource' of type [org.springframework.security.access.method.DelegatingMethodSecurityMetadataSource] is not eligible for getting processed by all BeanPostProcessors (for example: not eligible for auto-proxying)
2021-02-09 03:14:33.644 [INFO ] springfox.documentation.spring.web.PropertySourcedRequestMappingHandlerMapping - Mapped URL path [/v2/api-docs] onto method [springfox.documentation.swagger2.web.Swagger2Controller#getDocumentation(String, HttpServletRequest)]
2021-02-09 03:14:34.365 [INFO ] org.springframework.scheduling.concurrent.ThreadPoolTaskExecutor - Initializing ExecutorService 'applicationTaskExecutor'
2021-02-09 03:14:36.583 [INFO ] org.springframework.security.web.DefaultSecurityFilterChain - Creating filter chain: Ant [pattern='/captcha.jpg'], []
2021-02-09 03:14:37.385 [INFO ] org.springframework.security.web.DefaultSecurityFilterChain - Creating filter chain: any request, [org.springframework.security.web.context.request.async.WebAsyncManagerIntegrationFilter@225e09f0, org.springframework.security.web.context.SecurityContextPersistenceFilter@503a7990, org.springframework.security.web.header.HeaderWriterFilter@7db162f2, org.springframework.web.filter.CorsFilter@bc8d68b, org.springframework.security.web.authentication.logout.LogoutFilter@1e0294a7, com.dippy.filter.VerifyCodeFilter@2fa212df, com.dippy.filter.VerifyCodeFilter@2fa212df, com.dippy.filter.TokenFilter@3cf8a235, org.springframework.security.web.authentication.UsernamePasswordAuthenticationFilter@2e40fdbd, org.springframework.security.web.savedrequest.RequestCacheAwareFilter@6dcbbb49, org.springframework.security.web.servletapi.SecurityContextHolderAwareRequestFilter@273293c8, org.springframework.security.web.authentication.rememberme.RememberMeAuthenticationFilter@3d132bb6, org.springframework.security.web.authentication.AnonymousAuthenticationFilter@6e3b2dd3, org.springframework.security.web.session.SessionManagementFilter@7b3feb26, org.springframework.security.web.access.ExceptionTranslationFilter@2dbf2da, org.springframework.security.web.access.intercept.FilterSecurityInterceptor@6de610c6]
2021-02-09 03:14:37.554 [INFO ] springfox.documentation.spring.web.plugins.DocumentationPluginsBootstrapper - Context refreshed
2021-02-09 03:14:37.596 [INFO ] springfox.documentation.spring.web.plugins.DocumentationPluginsBootstrapper - Found 1 custom documentation plugin(s)
2021-02-09 03:14:37.649 [INFO ] springfox.documentation.spring.web.scanners.ApiListingReferenceScanner - Scanning for api listing references
2021-02-09 03:14:38.133 [INFO ] com.dippy.service.CarInfoServiceTest - Started CarInfoServiceTest in 14.004 seconds (JVM running for 16.835)
2021-02-09 03:14:38.563 [INFO ] com.zaxxer.hikari.HikariDataSource - HikariPool-1 - Starting...
2021-02-09 03:14:38.846 [INFO ] com.zaxxer.hikari.HikariDataSource - HikariPool-1 - Start completed.
2021-02-09 03:14:39.067 [INFO ] org.springframework.scheduling.concurrent.ThreadPoolTaskExecutor - Shutting down ExecutorService 'applicationTaskExecutor'
2021-02-09 03:14:39.071 [INFO ] com.zaxxer.hikari.HikariDataSource - HikariPool-1 - Shutdown initiated...
2021-02-09 03:14:39.090 [INFO ] com.zaxxer.hikari.HikariDataSource - HikariPool-1 - Shutdown completed.
2021-02-09 03:25:42.463 [INFO ] org.hibernate.validator.internal.util.Version - HV000001: Hibernate Validator 6.1.5.Final
2021-02-09 03:25:42.490 [INFO ] com.dippy.service.CarInfoServiceTest - Starting CarInfoServiceTest on Dippy with PID 20360 (started by Mindless in E:\workspace\IDEA\springboot\springboot-secondcar)
2021-02-09 03:25:42.493 [INFO ] com.dippy.service.CarInfoServiceTest - No active profile set, falling back to default profiles: default
2021-02-09 03:25:45.381 [INFO ] org.springframework.data.repository.config.RepositoryConfigurationDelegate - Multiple Spring Data modules found, entering strict repository configuration mode!
2021-02-09 03:25:45.389 [INFO ] org.springframework.data.repository.config.RepositoryConfigurationDelegate - Bootstrapping Spring Data Redis repositories in DEFAULT mode.
2021-02-09 03:25:45.624 [INFO ] org.springframework.data.repository.config.RepositoryConfigurationDelegate - Finished Spring Data repository scanning in 204ms. Found 0 Redis repository interfaces.
2021-02-09 03:25:46.477 [INFO ] org.springframework.context.support.PostProcessorRegistrationDelegate$BeanPostProcessorChecker - Bean 'org.springframework.security.access.expression.method.DefaultMethodSecurityExpressionHandler@7a3e5cd3' of type [org.springframework.security.access.expression.method.DefaultMethodSecurityExpressionHandler] is not eligible for getting processed by all BeanPostProcessors (for example: not eligible for auto-proxying)
2021-02-09 03:25:46.506 [INFO ] org.springframework.context.support.PostProcessorRegistrationDelegate$BeanPostProcessorChecker - Bean 'methodSecurityMetadataSource' of type [org.springframework.security.access.method.DelegatingMethodSecurityMetadataSource] is not eligible for getting processed by all BeanPostProcessors (for example: not eligible for auto-proxying)
2021-02-09 03:25:54.036 [INFO ] springfox.documentation.spring.web.PropertySourcedRequestMappingHandlerMapping - Mapped URL path [/v2/api-docs] onto method [springfox.documentation.swagger2.web.Swagger2Controller#getDocumentation(String, HttpServletRequest)]
2021-02-09 03:25:55.238 [INFO ] org.springframework.scheduling.concurrent.ThreadPoolTaskExecutor - Initializing ExecutorService 'applicationTaskExecutor'
2021-02-09 03:25:57.168 [INFO ] org.springframework.security.web.DefaultSecurityFilterChain - Creating filter chain: Ant [pattern='/captcha.jpg'], []
2021-02-09 03:25:57.896 [INFO ] org.springframework.security.web.DefaultSecurityFilterChain - Creating filter chain: any request, [org.springframework.security.web.context.request.async.WebAsyncManagerIntegrationFilter@6e794f53, org.springframework.security.web.context.SecurityContextPersistenceFilter@67f591c2, org.springframework.security.web.header.HeaderWriterFilter@14dbfdb1, org.springframework.web.filter.CorsFilter@75f4d8a8, org.springframework.security.web.authentication.logout.LogoutFilter@78d6c244, com.dippy.filter.VerifyCodeFilter@69ba72da, com.dippy.filter.VerifyCodeFilter@69ba72da, com.dippy.filter.TokenFilter@2e1ba142, org.springframework.security.web.authentication.UsernamePasswordAuthenticationFilter@6de610c6, org.springframework.security.web.savedrequest.RequestCacheAwareFilter@709d6de5, org.springframework.security.web.servletapi.SecurityContextHolderAwareRequestFilter@e49437, org.springframework.security.web.authentication.rememberme.RememberMeAuthenticationFilter@563263a, org.springframework.security.web.authentication.AnonymousAuthenticationFilter@abc7005, org.springframework.security.web.session.SessionManagementFilter@5fbae40, org.springframework.security.web.access.ExceptionTranslationFilter@83ebdc5, org.springframework.security.web.access.intercept.FilterSecurityInterceptor@315cf170]
2021-02-09 03:25:58.036 [INFO ] springfox.documentation.spring.web.plugins.DocumentationPluginsBootstrapper - Context refreshed
2021-02-09 03:25:58.075 [INFO ] springfox.documentation.spring.web.plugins.DocumentationPluginsBootstrapper - Found 1 custom documentation plugin(s)
2021-02-09 03:25:58.130 [INFO ] springfox.documentation.spring.web.scanners.ApiListingReferenceScanner - Scanning for api listing references
2021-02-09 03:25:58.564 [INFO ] com.dippy.service.CarInfoServiceTest - Started CarInfoServiceTest in 17.418 seconds (JVM running for 20.563)
2021-02-09 03:25:58.985 [INFO ] com.zaxxer.hikari.HikariDataSource - HikariPool-1 - Starting...
2021-02-09 03:25:59.205 [INFO ] com.zaxxer.hikari.HikariDataSource - HikariPool-1 - Start completed.
2021-02-09 03:25:59.400 [INFO ] org.springframework.scheduling.concurrent.ThreadPoolTaskExecutor - Shutting down ExecutorService 'applicationTaskExecutor'
2021-02-09 03:25:59.407 [INFO ] com.zaxxer.hikari.HikariDataSource - HikariPool-1 - Shutdown initiated...
2021-02-09 03:25:59.482 [INFO ] com.zaxxer.hikari.HikariDataSource - HikariPool-1 - Shutdown completed.
2021-02-09 03:32:25.103 [INFO ] org.hibernate.validator.internal.util.Version - HV000001: Hibernate Validator 6.1.5.Final
2021-02-09 03:32:25.121 [INFO ] com.dippy.service.CarInfoServiceTest - Starting CarInfoServiceTest on Dippy with PID 14436 (started by Mindless in E:\workspace\IDEA\springboot\springboot-secondcar)
2021-02-09 03:32:25.123 [INFO ] com.dippy.service.CarInfoServiceTest - No active profile set, falling back to default profiles: default
2021-02-09 03:32:27.877 [INFO ] org.springframework.data.repository.config.RepositoryConfigurationDelegate - Multiple Spring Data modules found, entering strict repository configuration mode!
2021-02-09 03:32:27.882 [INFO ] org.springframework.data.repository.config.RepositoryConfigurationDelegate - Bootstrapping Spring Data Redis repositories in DEFAULT mode.
2021-02-09 03:32:28.014 [INFO ] org.springframework.data.repository.config.RepositoryConfigurationDelegate - Finished Spring Data repository scanning in 110ms. Found 0 Redis repository interfaces.
2021-02-09 03:32:28.706 [INFO ] org.springframework.context.support.PostProcessorRegistrationDelegate$BeanPostProcessorChecker - Bean 'org.springframework.security.access.expression.method.DefaultMethodSecurityExpressionHandler@7a3e5cd3' of type [org.springframework.security.access.expression.method.DefaultMethodSecurityExpressionHandler] is not eligible for getting processed by all BeanPostProcessors (for example: not eligible for auto-proxying)
2021-02-09 03:32:28.739 [INFO ] org.springframework.context.support.PostProcessorRegistrationDelegate$BeanPostProcessorChecker - Bean 'methodSecurityMetadataSource' of type [org.springframework.security.access.method.DelegatingMethodSecurityMetadataSource] is not eligible for getting processed by all BeanPostProcessors (for example: not eligible for auto-proxying)
2021-02-09 03:32:33.596 [INFO ] springfox.documentation.spring.web.PropertySourcedRequestMappingHandlerMapping - Mapped URL path [/v2/api-docs] onto method [springfox.documentation.swagger2.web.Swagger2Controller#getDocumentation(String, HttpServletRequest)]
2021-02-09 03:32:34.345 [INFO ] org.springframework.scheduling.concurrent.ThreadPoolTaskExecutor - Initializing ExecutorService 'applicationTaskExecutor'
2021-02-09 03:32:36.051 [INFO ] org.springframework.security.web.DefaultSecurityFilterChain - Creating filter chain: Ant [pattern='/captcha.jpg'], []
2021-02-09 03:32:36.791 [INFO ] org.springframework.security.web.DefaultSecurityFilterChain - Creating filter chain: any request, [org.springframework.security.web.context.request.async.WebAsyncManagerIntegrationFilter@25f7cc38, org.springframework.security.web.context.SecurityContextPersistenceFilter@7856f41a, org.springframework.security.web.header.HeaderWriterFilter@71b3ba5a, org.springframework.web.filter.CorsFilter@563263a, org.springframework.security.web.authentication.logout.LogoutFilter@186481d4, com.dippy.filter.VerifyCodeFilter@53e28097, com.dippy.filter.VerifyCodeFilter@53e28097, com.dippy.filter.TokenFilter@6e794f53, org.springframework.security.web.authentication.UsernamePasswordAuthenticationFilter@78d6c244, org.springframework.security.web.savedrequest.RequestCacheAwareFilter@2c08c787, org.springframework.security.web.servletapi.SecurityContextHolderAwareRequestFilter@1a43a88e, org.springframework.security.web.authentication.rememberme.RememberMeAuthenticationFilter@315cf170, org.springframework.security.web.authentication.AnonymousAuthenticationFilter@75f4d8a8, org.springframework.security.web.session.SessionManagementFilter@a047bdb, org.springframework.security.web.access.ExceptionTranslationFilter@1c43df76, org.springframework.security.web.access.intercept.FilterSecurityInterceptor@4ca0b9b1]
2021-02-09 03:32:36.954 [INFO ] springfox.documentation.spring.web.plugins.DocumentationPluginsBootstrapper - Context refreshed
2021-02-09 03:32:37.004 [INFO ] springfox.documentation.spring.web.plugins.DocumentationPluginsBootstrapper - Found 1 custom documentation plugin(s)
2021-02-09 03:32:37.060 [INFO ] springfox.documentation.spring.web.scanners.ApiListingReferenceScanner - Scanning for api listing references
2021-02-09 03:32:37.508 [INFO ] com.dippy.service.CarInfoServiceTest - Started CarInfoServiceTest in 13.234 seconds (JVM running for 15.312)
2021-02-09 03:32:37.952 [INFO ] com.zaxxer.hikari.HikariDataSource - HikariPool-1 - Starting...
2021-02-09 03:32:38.181 [INFO ] com.zaxxer.hikari.HikariDataSource - HikariPool-1 - Start completed.
2021-02-09 03:32:38.386 [INFO ] org.springframework.scheduling.concurrent.ThreadPoolTaskExecutor - Shutting down ExecutorService 'applicationTaskExecutor'
2021-02-09 03:32:38.395 [INFO ] com.zaxxer.hikari.HikariDataSource - HikariPool-1 - Shutdown initiated...
2021-02-09 03:32:38.431 [INFO ] com.zaxxer.hikari.HikariDataSource - HikariPool-1 - Shutdown completed.
2021-02-09 03:34:12.990 [INFO ] org.hibernate.validator.internal.util.Version - HV000001: Hibernate Validator 6.1.5.Final
2021-02-09 03:34:13.021 [INFO ] com.dippy.service.CarInfoServiceTest - Starting CarInfoServiceTest on Dippy with PID 1964 (started by Mindless in E:\workspace\IDEA\springboot\springboot-secondcar)
2021-02-09 03:34:13.024 [INFO ] com.dippy.service.CarInfoServiceTest - No active profile set, falling back to default profiles: default
2021-02-09 03:34:15.469 [INFO ] org.springframework.data.repository.config.RepositoryConfigurationDelegate - Multiple Spring Data modules found, entering strict repository configuration mode!
2021-02-09 03:34:15.477 [INFO ] org.springframework.data.repository.config.RepositoryConfigurationDelegate - Bootstrapping Spring Data Redis repositories in DEFAULT mode.
2021-02-09 03:34:15.609 [INFO ] org.springframework.data.repository.config.RepositoryConfigurationDelegate - Finished Spring Data repository scanning in 107ms. Found 0 Redis repository interfaces.
2021-02-09 03:34:16.312 [INFO ] org.springframework.context.support.PostProcessorRegistrationDelegate$BeanPostProcessorChecker - Bean 'org.springframework.security.access.expression.method.DefaultMethodSecurityExpressionHandler@63cd2cd2' of type [org.springframework.security.access.expression.method.DefaultMethodSecurityExpressionHandler] is not eligible for getting processed by all BeanPostProcessors (for example: not eligible for auto-proxying)
2021-02-09 03:34:16.344 [INFO ] org.springframework.context.support.PostProcessorRegistrationDelegate$BeanPostProcessorChecker - Bean 'methodSecurityMetadataSource' of type [org.springframework.security.access.method.DelegatingMethodSecurityMetadataSource] is not eligible for getting processed by all BeanPostProcessors (for example: not eligible for auto-proxying)
2021-02-09 03:34:20.535 [INFO ] springfox.documentation.spring.web.PropertySourcedRequestMappingHandlerMapping - Mapped URL path [/v2/api-docs] onto method [springfox.documentation.swagger2.web.Swagger2Controller#getDocumentation(String, HttpServletRequest)]
2021-02-09 03:34:21.409 [INFO ] org.springframework.scheduling.concurrent.ThreadPoolTaskExecutor - Initializing ExecutorService 'applicationTaskExecutor'
2021-02-09 03:34:23.209 [INFO ] org.springframework.security.web.DefaultSecurityFilterChain - Creating filter chain: Ant [pattern='/captcha.jpg'], []
2021-02-09 03:34:23.936 [INFO ] org.springframework.security.web.DefaultSecurityFilterChain - Creating filter chain: any request, [org.springframework.security.web.context.request.async.WebAsyncManagerIntegrationFilter@636e4bf8, org.springframework.security.web.context.SecurityContextPersistenceFilter@39a8e2fa, org.springframework.security.web.header.HeaderWriterFilter@2335aef2, org.springframework.web.filter.CorsFilter@5af38a4a, org.springframework.security.web.authentication.logout.LogoutFilter@4c50cd7d, com.dippy.filter.VerifyCodeFilter@7e1a9173, com.dippy.filter.VerifyCodeFilter@7e1a9173, com.dippy.filter.TokenFilter@4ca0b9b1, org.springframework.security.web.authentication.UsernamePasswordAuthenticationFilter@3fd33f48, org.springframework.security.web.savedrequest.RequestCacheAwareFilter@1c43df76, org.springframework.security.web.servletapi.SecurityContextHolderAwareRequestFilter@a047bdb, org.springframework.security.web.authentication.rememberme.RememberMeAuthenticationFilter@248d3a, org.springframework.security.web.authentication.AnonymousAuthenticationFilter@5d800a56, org.springframework.security.web.session.SessionManagementFilter@2f038d3c, org.springframework.security.web.access.ExceptionTranslationFilter@527d48db, org.springframework.security.web.access.intercept.FilterSecurityInterceptor@1ff463bb]
2021-02-09 03:34:24.097 [INFO ] springfox.documentation.spring.web.plugins.DocumentationPluginsBootstrapper - Context refreshed
2021-02-09 03:34:24.140 [INFO ] springfox.documentation.spring.web.plugins.DocumentationPluginsBootstrapper - Found 1 custom documentation plugin(s)
2021-02-09 03:34:24.221 [INFO ] springfox.documentation.spring.web.scanners.ApiListingReferenceScanner - Scanning for api listing references
2021-02-09 03:34:24.640 [INFO ] com.dippy.service.CarInfoServiceTest - Started CarInfoServiceTest in 12.515 seconds (JVM running for 14.721)
2021-02-09 03:34:25.188 [INFO ] com.zaxxer.hikari.HikariDataSource - HikariPool-1 - Starting...
2021-02-09 03:34:25.426 [INFO ] com.zaxxer.hikari.HikariDataSource - HikariPool-1 - Start completed.
2021-02-09 03:34:25.633 [INFO ] org.springframework.scheduling.concurrent.ThreadPoolTaskExecutor - Shutting down ExecutorService 'applicationTaskExecutor'
2021-02-09 03:34:25.639 [INFO ] com.zaxxer.hikari.HikariDataSource - HikariPool-1 - Shutdown initiated...
2021-02-09 03:34:25.656 [INFO ] com.zaxxer.hikari.HikariDataSource - HikariPool-1 - Shutdown completed.
2021-02-09 03:36:30.223 [INFO ] org.hibernate.validator.internal.util.Version - HV000001: Hibernate Validator 6.1.5.Final
2021-02-09 03:36:30.390 [INFO ] com.dippy.service.CarInfoServiceTest - Starting CarInfoServiceTest on Dippy with PID 2760 (started by Mindless in E:\workspace\IDEA\springboot\springboot-secondcar)
2021-02-09 03:36:30.427 [INFO ] com.dippy.service.CarInfoServiceTest - No active profile set, falling back to default profiles: default
2021-02-09 03:36:43.991 [INFO ] org.hibernate.validator.internal.util.Version - HV000001: Hibernate Validator 6.1.5.Final
2021-02-09 03:36:44.115 [INFO ] com.dippy.SpringbootSecondcarApplication - Starting SpringbootSecondcarApplication on Dippy with PID 13420 (E:\workspace\IDEA\springboot\springboot-secondcar\target\classes started by Mindless in E:\workspace\IDEA\springboot\springboot-secondcar)
2021-02-09 03:36:44.122 [INFO ] com.dippy.SpringbootSecondcarApplication - No active profile set, falling back to default profiles: default
2021-02-09 03:36:44.296 [INFO ] org.springframework.boot.devtools.env.DevToolsPropertyDefaultsPostProcessor - Devtools property defaults active! Set 'spring.devtools.add-properties' to 'false' to disable
2021-02-09 03:36:44.300 [INFO ] org.springframework.boot.devtools.env.DevToolsPropertyDefaultsPostProcessor - For additional web related logging consider setting the 'logging.level.web' property to 'DEBUG'
2021-02-09 03:36:47.550 [INFO ] org.springframework.data.repository.config.RepositoryConfigurationDelegate - Multiple Spring Data modules found, entering strict repository configuration mode!
2021-02-09 03:36:47.557 [INFO ] org.springframework.data.repository.config.RepositoryConfigurationDelegate - Bootstrapping Spring Data Redis repositories in DEFAULT mode.
2021-02-09 03:36:47.829 [INFO ] org.springframework.data.repository.config.RepositoryConfigurationDelegate - Finished Spring Data repository scanning in 243ms. Found 0 Redis repository interfaces.
2021-02-09 03:36:48.590 [INFO ] org.springframework.context.support.PostProcessorRegistrationDelegate$BeanPostProcessorChecker - Bean 'org.springframework.security.access.expression.method.DefaultMethodSecurityExpressionHandler@27d73d22' of type [org.springframework.security.access.expression.method.DefaultMethodSecurityExpressionHandler] is not eligible for getting processed by all BeanPostProcessors (for example: not eligible for auto-proxying)
2021-02-09 03:36:48.601 [INFO ] org.springframework.context.support.PostProcessorRegistrationDelegate$BeanPostProcessorChecker - Bean 'methodSecurityMetadataSource' of type [org.springframework.security.access.method.DelegatingMethodSecurityMetadataSource] is not eligible for getting processed by all BeanPostProcessors (for example: not eligible for auto-proxying)
2021-02-09 03:36:49.536 [INFO ] org.springframework.boot.web.embedded.tomcat.TomcatWebServer - Tomcat initialized with port(s): 8090 (http)
2021-02-09 03:36:49.568 [INFO ] org.apache.coyote.http11.Http11NioProtocol - Initializing ProtocolHandler ["http-nio-8090"]
2021-02-09 03:36:49.571 [INFO ] org.apache.catalina.core.StandardService - Starting service [Tomcat]
2021-02-09 03:36:49.571 [INFO ] org.apache.catalina.core.StandardEngine - Starting Servlet engine: [Apache Tomcat/9.0.38]
2021-02-09 03:36:49.887 [INFO ] org.apache.catalina.core.ContainerBase.[Tomcat].[localhost].[/] - Initializing Spring embedded WebApplicationContext
2021-02-09 03:36:49.887 [INFO ] org.springframework.boot.web.servlet.context.ServletWebServerApplicationContext - Root WebApplicationContext: initialization completed in 5586 ms
2021-02-09 03:36:53.102 [INFO ] springfox.documentation.spring.web.PropertySourcedRequestMappingHandlerMapping - Mapped URL path [/v2/api-docs] onto method [springfox.documentation.swagger2.web.Swagger2Controller#getDocumentation(String, HttpServletRequest)]
2021-02-09 03:36:53.377 [INFO ] org.springframework.scheduling.concurrent.ThreadPoolTaskExecutor - Initializing ExecutorService 'applicationTaskExecutor'
2021-02-09 03:36:53.470 [INFO ] org.springframework.boot.devtools.autoconfigure.OptionalLiveReloadServer - LiveReload server is running on port 35729
2021-02-09 03:36:54.587 [INFO ] org.springframework.security.web.DefaultSecurityFilterChain - Creating filter chain: Ant [pattern='/captcha.jpg'], []
2021-02-09 03:36:54.661 [INFO ] org.springframework.security.web.DefaultSecurityFilterChain - Creating filter chain: any request, [org.springframework.security.web.context.request.async.WebAsyncManagerIntegrationFilter@265361a, org.springframework.security.web.context.SecurityContextPersistenceFilter@77eb76f, org.springframework.security.web.header.HeaderWriterFilter@303a484e, org.springframework.web.filter.CorsFilter@3450bd13, org.springframework.security.web.authentication.logout.LogoutFilter@78907a46, com.dippy.filter.VerifyCodeFilter@23e0c200, com.dippy.filter.VerifyCodeFilter@23e0c200, com.dippy.filter.TokenFilter@51e1e058, org.springframework.security.web.authentication.UsernamePasswordAuthenticationFilter@4290fcd7, org.springframework.security.web.savedrequest.RequestCacheAwareFilter@5c815478, org.springframework.security.web.servletapi.SecurityContextHolderAwareRequestFilter@d319d2c, org.springframework.security.web.authentication.rememberme.RememberMeAuthenticationFilter@503b5337, org.springframework.security.web.authentication.AnonymousAuthenticationFilter@136480b, org.springframework.security.web.session.SessionManagementFilter@3b9d85c2, org.springframework.security.web.access.ExceptionTranslationFilter@54632794, org.springframework.security.web.access.intercept.FilterSecurityInterceptor@1a632663]
2021-02-09 03:36:54.881 [INFO ] org.apache.coyote.http11.Http11NioProtocol - Starting ProtocolHandler ["http-nio-8090"]
2021-02-09 03:36:54.940 [INFO ] org.springframework.boot.web.embedded.tomcat.TomcatWebServer - Tomcat started on port(s): 8090 (http) with context path ''
2021-02-09 03:36:54.942 [INFO ] springfox.documentation.spring.web.plugins.DocumentationPluginsBootstrapper - Context refreshed
2021-02-09 03:36:54.976 [INFO ] springfox.documentation.spring.web.plugins.DocumentationPluginsBootstrapper - Found 1 custom documentation plugin(s)
2021-02-09 03:36:55.050 [INFO ] springfox.documentation.spring.web.scanners.ApiListingReferenceScanner - Scanning for api listing references
2021-02-09 03:36:55.319 [INFO ] com.dippy.SpringbootSecondcarApplication - Started SpringbootSecondcarApplication in 12.799 seconds (JVM running for 19.728)
2021-02-09 03:37:31.799 [INFO ] org.apache.catalina.core.ContainerBase.[Tomcat].[localhost].[/] - Initializing Spring DispatcherServlet 'dispatcherServlet'
2021-02-09 03:37:31.943 [INFO ] com.zaxxer.hikari.HikariDataSource - HikariPool-1 - Starting...
2021-02-09 03:37:32.188 [INFO ] com.zaxxer.hikari.HikariDataSource - HikariPool-1 - Start completed.
2021-02-09 03:54:34.327 [INFO ] com.dippy.controller.KaptchaController - 生成的getCaptcha: fncdx
2021-02-09 03:54:49.012 [INFO ] com.dippy.filter.VerifyCodeFilter - getSession后端的验证码为： fncdx
2021-02-09 03:54:49.134 [INFO ] com.dippy.service.impl.UserDetailServiceImpl - 执行UserDetailServiceImpl自定义登录逻辑---admin--用户名
2021-02-09 03:54:49.410 [INFO ] com.dippy.common.SecurityHandlerConfig - 执行了SecurityHandlerConfig登录成功处理器------
2021-02-09 03:54:49.495 [INFO ] com.dippy.service.impl.TokenServiceJWTImpl - 生成的jwttoken为：eyJhbGciOiJIUzI1NiJ9.eyJMT0dJTl9VU0VSX0tFWSI6IjRkYjNmNmQwLTQyMjUtNDkyMi04NmIzLThiNWY4MmM2ZmMxMyJ9.Pb6fY3SI7Z0aKeIhHFQ1Xg-Vt73T4NGfCYldh_v7FEI
2021-02-09 03:54:49.496 [INFO ] com.dippy.controller.UserInfoController - 登录成功页面
2021-02-09 03:54:54.090 [INFO ] com.dippy.common.SecurityHandlerConfig - 当前登录用户: 管理员 于 2021-02-09 03:54:53 退出了
2021-02-09 03:54:54.091 [INFO ] com.dippy.service.impl.TokenServiceJWTImpl - delete jwtToken:eyJhbGciOiJIUzI1NiJ9.eyJMT0dJTl9VU0VSX0tFWSI6IjRkYjNmNmQwLTQyMjUtNDkyMi04NmIzLThiNWY4MmM2ZmMxMyJ9.Pb6fY3SI7Z0aKeIhHFQ1Xg-Vt73T4NGfCYldh_v7FEI
2021-02-09 03:54:54.093 [INFO ] com.dippy.service.impl.TokenServiceJWTImpl - delete uuid:4db3f6d0-4225-4922-86b3-8b5f82c6fc13
2021-02-09 03:54:54.094 [INFO ] com.dippy.service.impl.TokenServiceJWTImpl - delete key:tokens:4db3f6d0-4225-4922-86b3-8b5f82c6fc13
2021-02-09 06:25:26.674 [INFO ] org.springframework.scheduling.concurrent.ThreadPoolTaskExecutor - Shutting down ExecutorService 'applicationTaskExecutor'
2021-02-09 06:25:26.684 [INFO ] com.zaxxer.hikari.HikariDataSource - HikariPool-1 - Shutdown initiated...
2021-02-09 06:25:26.693 [INFO ] com.zaxxer.hikari.HikariDataSource - HikariPool-1 - Shutdown completed.
