2020-12-14 00:05:50.557 [INFO ] org.hibernate.validator.internal.util.Version - HV000001: Hibernate Validator 6.1.5.Final
2020-12-14 00:05:50.674 [INFO ] com.dippy.SpringbootSecondcarApplication - Starting SpringbootSecondcarApplication on Dippy with PID 12784 (E:\workspace\IDEA\springboot\springboot-secondcar\target\classes started by Mindless in E:\workspace\IDEA\springboot\springboot-secondcar)
2020-12-14 00:05:50.676 [INFO ] com.dippy.SpringbootSecondcarApplication - No active profile set, falling back to default profiles: default
2020-12-14 00:05:50.804 [INFO ] org.springframework.boot.devtools.env.DevToolsPropertyDefaultsPostProcessor - Devtools property defaults active! Set 'spring.devtools.add-properties' to 'false' to disable
2020-12-14 00:05:50.806 [INFO ] org.springframework.boot.devtools.env.DevToolsPropertyDefaultsPostProcessor - For additional web related logging consider setting the 'logging.level.web' property to 'DEBUG'
2020-12-14 00:05:53.214 [INFO ] org.springframework.data.repository.config.RepositoryConfigurationDelegate - Multiple Spring Data modules found, entering strict repository configuration mode!
2020-12-14 00:05:53.219 [INFO ] org.springframework.data.repository.config.RepositoryConfigurationDelegate - Bootstrapping Spring Data Redis repositories in DEFAULT mode.
2020-12-14 00:05:53.513 [INFO ] org.springframework.data.repository.config.RepositoryConfigurationDelegate - Finished Spring Data repository scanning in 226ms. Found 0 Redis repository interfaces.
2020-12-14 00:05:55.714 [INFO ] org.springframework.boot.web.embedded.tomcat.TomcatWebServer - Tomcat initialized with port(s): 8090 (http)
2020-12-14 00:05:55.735 [INFO ] org.apache.coyote.http11.Http11NioProtocol - Initializing ProtocolHandler ["http-nio-8090"]
2020-12-14 00:05:55.736 [INFO ] org.apache.catalina.core.StandardService - Starting service [Tomcat]
2020-12-14 00:05:55.737 [INFO ] org.apache.catalina.core.StandardEngine - Starting Servlet engine: [Apache Tomcat/9.0.38]
2020-12-14 00:05:56.018 [INFO ] org.apache.catalina.core.ContainerBase.[Tomcat].[localhost].[/] - Initializing Spring embedded WebApplicationContext
2020-12-14 00:05:56.018 [INFO ] org.springframework.boot.web.servlet.context.ServletWebServerApplicationContext - Root WebApplicationContext: initialization completed in 5211 ms
2020-12-14 00:05:59.535 [INFO ] springfox.documentation.spring.web.PropertySourcedRequestMappingHandlerMapping - Mapped URL path [/v2/api-docs] onto method [springfox.documentation.swagger2.web.Swagger2Controller#getDocumentation(String, HttpServletRequest)]
2020-12-14 00:05:59.718 [INFO ] org.springframework.scheduling.concurrent.ThreadPoolTaskExecutor - Initializing ExecutorService 'applicationTaskExecutor'
2020-12-14 00:05:59.809 [INFO ] org.springframework.boot.devtools.autoconfigure.OptionalLiveReloadServer - LiveReload server is running on port 35729
2020-12-14 00:06:00.757 [INFO ] org.springframework.security.web.DefaultSecurityFilterChain - Creating filter chain: Ant [pattern='/captcha.jpg'], []
2020-12-14 00:06:00.820 [INFO ] org.springframework.security.web.DefaultSecurityFilterChain - Creating filter chain: any request, [org.springframework.security.web.context.request.async.WebAsyncManagerIntegrationFilter@3a22d69f, org.springframework.security.web.context.SecurityContextPersistenceFilter@6a3c1b56, org.springframework.security.web.header.HeaderWriterFilter@69e23e94, org.springframework.web.filter.CorsFilter@280d6a20, org.springframework.security.web.authentication.logout.LogoutFilter@6b3d3e57, com.dippy.filter.VerifyCodeFilter@1b632442, com.dippy.filter.TokenFilter@61836cd9, org.springframework.security.web.authentication.UsernamePasswordAuthenticationFilter@15251cc2, org.springframework.security.web.savedrequest.RequestCacheAwareFilter@3ce4eb42, org.springframework.security.web.servletapi.SecurityContextHolderAwareRequestFilter@4257163f, org.springframework.security.web.authentication.rememberme.RememberMeAuthenticationFilter@7ff40324, org.springframework.security.web.authentication.AnonymousAuthenticationFilter@7164e54, org.springframework.security.web.session.SessionManagementFilter@25134e01, org.springframework.security.web.access.ExceptionTranslationFilter@158cb50a, org.springframework.security.web.access.intercept.FilterSecurityInterceptor@4ae435a3]
2020-12-14 00:06:00.955 [INFO ] org.apache.coyote.http11.Http11NioProtocol - Starting ProtocolHandler ["http-nio-8090"]
2020-12-14 00:06:01.002 [INFO ] org.springframework.boot.web.embedded.tomcat.TomcatWebServer - Tomcat started on port(s): 8090 (http) with context path ''
2020-12-14 00:06:01.004 [INFO ] springfox.documentation.spring.web.plugins.DocumentationPluginsBootstrapper - Context refreshed
2020-12-14 00:06:01.033 [INFO ] springfox.documentation.spring.web.plugins.DocumentationPluginsBootstrapper - Found 1 custom documentation plugin(s)
2020-12-14 00:06:01.126 [INFO ] springfox.documentation.spring.web.scanners.ApiListingReferenceScanner - Scanning for api listing references
2020-12-14 00:06:01.355 [INFO ] com.dippy.SpringbootSecondcarApplication - Started SpringbootSecondcarApplication in 12.923 seconds (JVM running for 20.209)
2020-12-14 00:06:51.808 [INFO ] org.apache.catalina.core.ContainerBase.[Tomcat].[localhost].[/] - Initializing Spring DispatcherServlet 'dispatcherServlet'
2020-12-14 00:07:01.982 [INFO ] com.dippy.filter.VerifyCodeFilter - 后端的验证码为： w85y5
2020-12-14 00:07:02.094 [INFO ] com.dippy.service.impl.UserDetailServiceImpl - 执行UserDetailServiceImpl自定义登录逻辑---dippy--用户名
2020-12-14 00:07:02.095 [INFO ] com.dippy.service.impl.UserDetailServiceImpl - 用户名为：dippy
2020-12-14 00:07:02.295 [INFO ] com.dippy.common.SecurityHandlerConfig - 执行了SecurityHandlerConfig登录成功处理器------
2020-12-14 00:08:55.033 [INFO ] com.dippy.filter.VerifyCodeFilter - 后端的验证码为： null
2020-12-14 00:10:21.801 [INFO ] com.dippy.filter.VerifyCodeFilter - 后端的验证码为： null
2020-12-14 00:11:07.131 [INFO ] com.dippy.filter.VerifyCodeFilter - 后端的验证码为： null
2020-12-14 00:11:44.736 [INFO ] com.dippy.filter.VerifyCodeFilter - 后端的验证码为： null
2020-12-14 00:12:46.013 [INFO ] com.dippy.filter.VerifyCodeFilter - 后端的验证码为： b6ypc
2020-12-14 00:12:46.015 [INFO ] com.dippy.service.impl.UserDetailServiceImpl - 执行UserDetailServiceImpl自定义登录逻辑---dippy--用户名
2020-12-14 00:12:46.016 [INFO ] com.dippy.service.impl.UserDetailServiceImpl - 用户名为：dippy
2020-12-14 00:12:46.270 [INFO ] com.dippy.common.SecurityHandlerConfig - 执行了SecurityHandlerConfig登录成功处理器------
2020-12-14 00:15:25.467 [INFO ] org.springframework.data.repository.config.RepositoryConfigurationDelegate - Bootstrapping Spring Data Redis repositories in DEFAULT mode.
2020-12-14 00:15:25.571 [INFO ] org.springframework.data.repository.config.RepositoryConfigurationDelegate - Finished Spring Data repository scanning in 102ms. Found 0 Redis repository interfaces.
2020-12-14 00:15:59.900 [INFO ] com.dippy.filter.VerifyCodeFilter - 后端的验证码为： m8b8w
2020-12-14 00:15:59.901 [INFO ] com.dippy.service.impl.UserDetailServiceImpl - 执行UserDetailServiceImpl自定义登录逻辑---dippy--用户名
2020-12-14 00:15:59.903 [INFO ] com.dippy.service.impl.UserDetailServiceImpl - 用户名为：dippy
2020-12-14 00:16:00.150 [INFO ] com.dippy.common.SecurityHandlerConfig - 执行了SecurityHandlerConfig登录成功处理器------
2020-12-14 00:18:40.009 [INFO ] org.springframework.scheduling.concurrent.ThreadPoolTaskExecutor - Shutting down ExecutorService 'applicationTaskExecutor'
2020-12-14 00:18:51.370 [INFO ] org.hibernate.validator.internal.util.Version - HV000001: Hibernate Validator 6.1.5.Final
2020-12-14 00:18:51.479 [INFO ] com.dippy.SpringbootSecondcarApplication - Starting SpringbootSecondcarApplication on Dippy with PID 4592 (E:\workspace\IDEA\springboot\springboot-secondcar\target\classes started by Mindless in E:\workspace\IDEA\springboot\springboot-secondcar)
2020-12-14 00:18:51.480 [INFO ] com.dippy.SpringbootSecondcarApplication - No active profile set, falling back to default profiles: default
2020-12-14 00:18:51.591 [INFO ] org.springframework.boot.devtools.env.DevToolsPropertyDefaultsPostProcessor - Devtools property defaults active! Set 'spring.devtools.add-properties' to 'false' to disable
2020-12-14 00:18:51.591 [INFO ] org.springframework.boot.devtools.env.DevToolsPropertyDefaultsPostProcessor - For additional web related logging consider setting the 'logging.level.web' property to 'DEBUG'
2020-12-14 00:18:53.193 [INFO ] org.springframework.data.repository.config.RepositoryConfigurationDelegate - Multiple Spring Data modules found, entering strict repository configuration mode!
2020-12-14 00:18:53.198 [INFO ] org.springframework.data.repository.config.RepositoryConfigurationDelegate - Bootstrapping Spring Data Redis repositories in DEFAULT mode.
2020-12-14 00:18:53.359 [INFO ] org.springframework.data.repository.config.RepositoryConfigurationDelegate - Finished Spring Data repository scanning in 136ms. Found 0 Redis repository interfaces.
2020-12-14 00:18:54.709 [INFO ] org.springframework.boot.web.embedded.tomcat.TomcatWebServer - Tomcat initialized with port(s): 8090 (http)
2020-12-14 00:18:54.729 [INFO ] org.apache.coyote.http11.Http11NioProtocol - Initializing ProtocolHandler ["http-nio-8090"]
2020-12-14 00:18:54.731 [INFO ] org.apache.catalina.core.StandardService - Starting service [Tomcat]
2020-12-14 00:18:54.732 [INFO ] org.apache.catalina.core.StandardEngine - Starting Servlet engine: [Apache Tomcat/9.0.38]
2020-12-14 00:18:54.972 [INFO ] org.apache.catalina.core.ContainerBase.[Tomcat].[localhost].[/] - Initializing Spring embedded WebApplicationContext
2020-12-14 00:18:54.973 [INFO ] org.springframework.boot.web.servlet.context.ServletWebServerApplicationContext - Root WebApplicationContext: initialization completed in 3381 ms
2020-12-14 00:18:57.789 [INFO ] springfox.documentation.spring.web.PropertySourcedRequestMappingHandlerMapping - Mapped URL path [/v2/api-docs] onto method [springfox.documentation.swagger2.web.Swagger2Controller#getDocumentation(String, HttpServletRequest)]
2020-12-14 00:18:57.967 [INFO ] org.springframework.scheduling.concurrent.ThreadPoolTaskExecutor - Initializing ExecutorService 'applicationTaskExecutor'
2020-12-14 00:18:58.037 [INFO ] org.springframework.boot.devtools.autoconfigure.OptionalLiveReloadServer - LiveReload server is running on port 35729
2020-12-14 00:18:58.946 [INFO ] org.springframework.security.web.DefaultSecurityFilterChain - Creating filter chain: Ant [pattern='/captcha.jpg'], []
2020-12-14 00:18:59.000 [INFO ] org.springframework.security.web.DefaultSecurityFilterChain - Creating filter chain: any request, [org.springframework.security.web.context.request.async.WebAsyncManagerIntegrationFilter@413e8246, org.springframework.security.web.context.SecurityContextPersistenceFilter@90b9695, org.springframework.security.web.header.HeaderWriterFilter@5ce1ec7, org.springframework.web.filter.CorsFilter@67a38, org.springframework.security.web.authentication.logout.LogoutFilter@659565ed, com.dippy.filter.VerifyCodeFilter@4d174189, com.dippy.filter.TokenFilter@74e4be21, org.springframework.security.web.authentication.UsernamePasswordAuthenticationFilter@481eb705, org.springframework.security.web.savedrequest.RequestCacheAwareFilter@55d776ac, org.springframework.security.web.servletapi.SecurityContextHolderAwareRequestFilter@6f2b608e, org.springframework.security.web.authentication.rememberme.RememberMeAuthenticationFilter@732fa176, org.springframework.security.web.authentication.AnonymousAuthenticationFilter@4c7b4a31, org.springframework.security.web.session.SessionManagementFilter@30bd6bc8, org.springframework.security.web.access.ExceptionTranslationFilter@276eafad, org.springframework.security.web.access.intercept.FilterSecurityInterceptor@59d7d574]
2020-12-14 00:18:59.131 [INFO ] org.apache.coyote.http11.Http11NioProtocol - Starting ProtocolHandler ["http-nio-8090"]
2020-12-14 00:18:59.182 [INFO ] org.springframework.boot.web.embedded.tomcat.TomcatWebServer - Tomcat started on port(s): 8090 (http) with context path ''
2020-12-14 00:18:59.184 [INFO ] springfox.documentation.spring.web.plugins.DocumentationPluginsBootstrapper - Context refreshed
2020-12-14 00:18:59.214 [INFO ] springfox.documentation.spring.web.plugins.DocumentationPluginsBootstrapper - Found 1 custom documentation plugin(s)
2020-12-14 00:18:59.285 [INFO ] springfox.documentation.spring.web.scanners.ApiListingReferenceScanner - Scanning for api listing references
2020-12-14 00:18:59.535 [INFO ] com.dippy.SpringbootSecondcarApplication - Started SpringbootSecondcarApplication in 9.238 seconds (JVM running for 14.313)
2020-12-14 00:19:14.612 [INFO ] org.apache.catalina.core.ContainerBase.[Tomcat].[localhost].[/] - Initializing Spring DispatcherServlet 'dispatcherServlet'
2020-12-14 00:19:26.271 [INFO ] com.dippy.filter.VerifyCodeFilter - 后端的验证码为： pgc6d
2020-12-14 00:19:26.379 [INFO ] com.dippy.service.impl.UserDetailServiceImpl - 执行UserDetailServiceImpl自定义登录逻辑---dippy--用户名
2020-12-14 00:19:26.380 [INFO ] com.dippy.service.impl.UserDetailServiceImpl - 用户名为：dippy
2020-12-14 00:19:26.597 [INFO ] com.dippy.common.SecurityHandlerConfig - 执行了SecurityHandlerConfig登录成功处理器------
2020-12-14 00:20:54.386 [INFO ] com.dippy.filter.VerifyCodeFilter - 后端的验证码为： my8ya
2020-12-14 00:20:54.387 [INFO ] com.dippy.service.impl.UserDetailServiceImpl - 执行UserDetailServiceImpl自定义登录逻辑---dippy--用户名
2020-12-14 00:20:54.388 [INFO ] com.dippy.service.impl.UserDetailServiceImpl - 用户名为：dippy
2020-12-14 00:20:54.639 [INFO ] com.dippy.common.SecurityHandlerConfig - 执行了SecurityHandlerConfig登录成功处理器------
2020-12-14 00:21:40.993 [INFO ] com.dippy.filter.VerifyCodeFilter - 后端的验证码为： 2pgdc
2020-12-14 00:21:40.994 [INFO ] com.dippy.service.impl.UserDetailServiceImpl - 执行UserDetailServiceImpl自定义登录逻辑---dippy--用户名
2020-12-14 00:21:40.995 [INFO ] com.dippy.service.impl.UserDetailServiceImpl - 用户名为：dippy
2020-12-14 00:21:41.232 [INFO ] com.dippy.common.SecurityHandlerConfig - 执行了SecurityHandlerConfig登录成功处理器------
2020-12-14 00:22:47.398 [INFO ] com.dippy.filter.VerifyCodeFilter - 后端的验证码为： nb8nc
2020-12-14 00:26:52.905 [INFO ] com.dippy.filter.VerifyCodeFilter - 后端的验证码为： mgb73
2020-12-14 00:26:52.906 [INFO ] com.dippy.service.impl.UserDetailServiceImpl - 执行UserDetailServiceImpl自定义登录逻辑---dippy--用户名
2020-12-14 00:26:52.907 [INFO ] com.dippy.service.impl.UserDetailServiceImpl - 用户名为：dippy
2020-12-14 00:26:53.112 [INFO ] com.dippy.common.SecurityHandlerConfig - 执行了SecurityHandlerConfig登录成功处理器------
2020-12-14 00:28:30.488 [INFO ] com.dippy.filter.VerifyCodeFilter - 后端的验证码为： null
2020-12-14 00:29:57.218 [INFO ] com.dippy.filter.VerifyCodeFilter - 后端的验证码为： null
2020-12-14 00:31:38.815 [INFO ] com.dippy.filter.VerifyCodeFilter - 后端的验证码为： d5mdb
2020-12-14 00:31:38.816 [INFO ] com.dippy.service.impl.UserDetailServiceImpl - 执行UserDetailServiceImpl自定义登录逻辑---dippy--用户名
2020-12-14 00:31:38.817 [INFO ] com.dippy.service.impl.UserDetailServiceImpl - 用户名为：dippy
2020-12-14 00:31:39.014 [INFO ] com.dippy.common.SecurityHandlerConfig - 执行了SecurityHandlerConfig登录成功处理器------
2020-12-14 00:33:31.818 [INFO ] com.dippy.filter.VerifyCodeFilter - 后端的验证码为： n7fp7
2020-12-14 00:33:31.818 [INFO ] com.dippy.service.impl.UserDetailServiceImpl - 执行UserDetailServiceImpl自定义登录逻辑---dippy--用户名
2020-12-14 00:33:31.819 [INFO ] com.dippy.service.impl.UserDetailServiceImpl - 用户名为：dippy
2020-12-14 00:33:32.021 [INFO ] com.dippy.common.SecurityHandlerConfig - 执行了SecurityHandlerConfig登录成功处理器------
2020-12-14 00:36:34.201 [INFO ] com.dippy.filter.VerifyCodeFilter - 后端的验证码为： y35md
2020-12-14 00:36:34.202 [INFO ] com.dippy.service.impl.UserDetailServiceImpl - 执行UserDetailServiceImpl自定义登录逻辑---dippy--用户名
2020-12-14 00:36:34.203 [INFO ] com.dippy.service.impl.UserDetailServiceImpl - 用户名为：dippy
2020-12-14 00:36:34.416 [INFO ] com.dippy.common.SecurityHandlerConfig - 执行了SecurityHandlerConfig登录成功处理器------
2020-12-14 00:56:51.268 [INFO ] org.springframework.scheduling.concurrent.ThreadPoolTaskExecutor - Shutting down ExecutorService 'applicationTaskExecutor'
2020-12-14 23:39:20.022 [INFO ] org.hibernate.validator.internal.util.Version - HV000001: Hibernate Validator 6.1.5.Final
2020-12-14 23:39:20.131 [INFO ] com.dippy.SpringbootSecondcarApplication - Starting SpringbootSecondcarApplication on Dippy with PID 4308 (E:\workspace\IDEA\springboot\springboot-secondcar\target\classes started by Mindless in E:\workspace\IDEA\springboot\springboot-secondcar)
2020-12-14 23:39:20.133 [INFO ] com.dippy.SpringbootSecondcarApplication - No active profile set, falling back to default profiles: default
2020-12-14 23:39:20.271 [INFO ] org.springframework.boot.devtools.env.DevToolsPropertyDefaultsPostProcessor - Devtools property defaults active! Set 'spring.devtools.add-properties' to 'false' to disable
2020-12-14 23:39:20.272 [INFO ] org.springframework.boot.devtools.env.DevToolsPropertyDefaultsPostProcessor - For additional web related logging consider setting the 'logging.level.web' property to 'DEBUG'
2020-12-14 23:39:22.726 [INFO ] org.springframework.data.repository.config.RepositoryConfigurationDelegate - Multiple Spring Data modules found, entering strict repository configuration mode!
2020-12-14 23:39:22.732 [INFO ] org.springframework.data.repository.config.RepositoryConfigurationDelegate - Bootstrapping Spring Data Redis repositories in DEFAULT mode.
2020-12-14 23:39:22.893 [INFO ] org.springframework.data.repository.config.RepositoryConfigurationDelegate - Finished Spring Data repository scanning in 132ms. Found 0 Redis repository interfaces.
2020-12-14 23:39:24.413 [INFO ] org.springframework.boot.web.embedded.tomcat.TomcatWebServer - Tomcat initialized with port(s): 8090 (http)
2020-12-14 23:39:24.447 [INFO ] org.apache.coyote.http11.Http11NioProtocol - Initializing ProtocolHandler ["http-nio-8090"]
2020-12-14 23:39:24.448 [INFO ] org.apache.catalina.core.StandardService - Starting service [Tomcat]
2020-12-14 23:39:24.448 [INFO ] org.apache.catalina.core.StandardEngine - Starting Servlet engine: [Apache Tomcat/9.0.38]
2020-12-14 23:39:24.763 [INFO ] org.apache.catalina.core.ContainerBase.[Tomcat].[localhost].[/] - Initializing Spring embedded WebApplicationContext
2020-12-14 23:39:24.764 [INFO ] org.springframework.boot.web.servlet.context.ServletWebServerApplicationContext - Root WebApplicationContext: initialization completed in 4488 ms
2020-12-14 23:39:30.053 [INFO ] springfox.documentation.spring.web.PropertySourcedRequestMappingHandlerMapping - Mapped URL path [/v2/api-docs] onto method [springfox.documentation.swagger2.web.Swagger2Controller#getDocumentation(String, HttpServletRequest)]
2020-12-14 23:39:30.298 [INFO ] org.springframework.scheduling.concurrent.ThreadPoolTaskExecutor - Initializing ExecutorService 'applicationTaskExecutor'
2020-12-14 23:39:30.377 [INFO ] org.springframework.boot.devtools.autoconfigure.OptionalLiveReloadServer - LiveReload server is running on port 35729
2020-12-14 23:39:31.484 [INFO ] org.springframework.security.web.DefaultSecurityFilterChain - Creating filter chain: Ant [pattern='/captcha.jpg'], []
2020-12-14 23:39:31.545 [INFO ] org.springframework.security.web.DefaultSecurityFilterChain - Creating filter chain: any request, [org.springframework.security.web.context.request.async.WebAsyncManagerIntegrationFilter@62966c9f, org.springframework.security.web.context.SecurityContextPersistenceFilter@737ae41a, org.springframework.security.web.header.HeaderWriterFilter@ccea4be, org.springframework.web.filter.CorsFilter@405603b6, org.springframework.security.web.authentication.logout.LogoutFilter@5a5024eb, com.dippy.filter.VerifyCodeFilter@45e69324, com.dippy.filter.TokenFilter@ca10069, org.springframework.security.web.authentication.UsernamePasswordAuthenticationFilter@476dc0af, org.springframework.security.web.savedrequest.RequestCacheAwareFilter@5f3fafca, org.springframework.security.web.servletapi.SecurityContextHolderAwareRequestFilter@6fb2b972, org.springframework.security.web.authentication.rememberme.RememberMeAuthenticationFilter@3f7f9d3f, org.springframework.security.web.authentication.AnonymousAuthenticationFilter@4193da4d, org.springframework.security.web.session.SessionManagementFilter@528ef230, org.springframework.security.web.access.ExceptionTranslationFilter@452d6fd, org.springframework.security.web.access.intercept.FilterSecurityInterceptor@73d7e7aa]
2020-12-14 23:39:31.717 [INFO ] org.apache.coyote.http11.Http11NioProtocol - Starting ProtocolHandler ["http-nio-8090"]
2020-12-14 23:39:31.774 [INFO ] org.springframework.boot.web.embedded.tomcat.TomcatWebServer - Tomcat started on port(s): 8090 (http) with context path ''
2020-12-14 23:39:31.776 [INFO ] springfox.documentation.spring.web.plugins.DocumentationPluginsBootstrapper - Context refreshed
2020-12-14 23:39:31.812 [INFO ] springfox.documentation.spring.web.plugins.DocumentationPluginsBootstrapper - Found 1 custom documentation plugin(s)
2020-12-14 23:39:31.914 [INFO ] springfox.documentation.spring.web.scanners.ApiListingReferenceScanner - Scanning for api listing references
2020-12-14 23:39:32.268 [INFO ] com.dippy.SpringbootSecondcarApplication - Started SpringbootSecondcarApplication in 13.956 seconds (JVM running for 21.251)
2020-12-14 23:43:35.808 [INFO ] org.apache.catalina.core.ContainerBase.[Tomcat].[localhost].[/] - Initializing Spring DispatcherServlet 'dispatcherServlet'
2020-12-14 23:44:00.210 [INFO ] com.dippy.filter.VerifyCodeFilter - 后端的验证码为： pxx58
2020-12-14 23:44:00.317 [INFO ] com.dippy.service.impl.UserDetailServiceImpl - 执行UserDetailServiceImpl自定义登录逻辑---admin--用户名
2020-12-14 23:44:00.318 [INFO ] com.dippy.service.impl.UserDetailServiceImpl - 用户名不存在
2020-12-14 23:44:00.422 [INFO ] com.dippy.util.ResponseUtil - ResponseUtil执行了---
2020-12-14 23:45:16.017 [INFO ] org.springframework.scheduling.concurrent.ThreadPoolTaskExecutor - Shutting down ExecutorService 'applicationTaskExecutor'
2020-12-14 23:45:27.986 [INFO ] org.hibernate.validator.internal.util.Version - HV000001: Hibernate Validator 6.1.5.Final
2020-12-14 23:45:28.073 [INFO ] com.dippy.SpringbootSecondcarApplication - Starting SpringbootSecondcarApplication on Dippy with PID 17260 (E:\workspace\IDEA\springboot\springboot-secondcar\target\classes started by Mindless in E:\workspace\IDEA\springboot\springboot-secondcar)
2020-12-14 23:45:28.074 [INFO ] com.dippy.SpringbootSecondcarApplication - No active profile set, falling back to default profiles: default
2020-12-14 23:45:28.187 [INFO ] org.springframework.boot.devtools.env.DevToolsPropertyDefaultsPostProcessor - Devtools property defaults active! Set 'spring.devtools.add-properties' to 'false' to disable
2020-12-14 23:45:28.188 [INFO ] org.springframework.boot.devtools.env.DevToolsPropertyDefaultsPostProcessor - For additional web related logging consider setting the 'logging.level.web' property to 'DEBUG'
2020-12-14 23:45:29.982 [INFO ] org.springframework.data.repository.config.RepositoryConfigurationDelegate - Multiple Spring Data modules found, entering strict repository configuration mode!
2020-12-14 23:45:29.988 [INFO ] org.springframework.data.repository.config.RepositoryConfigurationDelegate - Bootstrapping Spring Data Redis repositories in DEFAULT mode.
2020-12-14 23:45:30.142 [INFO ] org.springframework.data.repository.config.RepositoryConfigurationDelegate - Finished Spring Data repository scanning in 130ms. Found 0 Redis repository interfaces.
2020-12-14 23:45:31.440 [INFO ] org.springframework.boot.web.embedded.tomcat.TomcatWebServer - Tomcat initialized with port(s): 8090 (http)
2020-12-14 23:45:31.460 [INFO ] org.apache.coyote.http11.Http11NioProtocol - Initializing ProtocolHandler ["http-nio-8090"]
2020-12-14 23:45:31.461 [INFO ] org.apache.catalina.core.StandardService - Starting service [Tomcat]
2020-12-14 23:45:31.462 [INFO ] org.apache.catalina.core.StandardEngine - Starting Servlet engine: [Apache Tomcat/9.0.38]
2020-12-14 23:45:31.702 [INFO ] org.apache.catalina.core.ContainerBase.[Tomcat].[localhost].[/] - Initializing Spring embedded WebApplicationContext
2020-12-14 23:45:31.702 [INFO ] org.springframework.boot.web.servlet.context.ServletWebServerApplicationContext - Root WebApplicationContext: initialization completed in 3514 ms
2020-12-14 23:45:34.490 [INFO ] springfox.documentation.spring.web.PropertySourcedRequestMappingHandlerMapping - Mapped URL path [/v2/api-docs] onto method [springfox.documentation.swagger2.web.Swagger2Controller#getDocumentation(String, HttpServletRequest)]
2020-12-14 23:45:34.661 [INFO ] org.springframework.scheduling.concurrent.ThreadPoolTaskExecutor - Initializing ExecutorService 'applicationTaskExecutor'
2020-12-14 23:45:34.735 [INFO ] org.springframework.boot.devtools.autoconfigure.OptionalLiveReloadServer - LiveReload server is running on port 35729
2020-12-14 23:45:35.597 [INFO ] org.springframework.security.web.DefaultSecurityFilterChain - Creating filter chain: Ant [pattern='/captcha.jpg'], []
2020-12-14 23:45:35.648 [INFO ] org.springframework.security.web.DefaultSecurityFilterChain - Creating filter chain: any request, [org.springframework.security.web.context.request.async.WebAsyncManagerIntegrationFilter@350ede1, org.springframework.security.web.context.SecurityContextPersistenceFilter@773cc551, org.springframework.security.web.header.HeaderWriterFilter@eb66b47, org.springframework.web.filter.CorsFilter@45e69324, org.springframework.security.web.authentication.logout.LogoutFilter@1e186006, com.dippy.filter.VerifyCodeFilter@2bd4780c, com.dippy.filter.TokenFilter@4f4d05b3, org.springframework.security.web.authentication.UsernamePasswordAuthenticationFilter@761ea1f5, org.springframework.security.web.savedrequest.RequestCacheAwareFilter@4f0f56f5, org.springframework.security.web.servletapi.SecurityContextHolderAwareRequestFilter@5f510929, org.springframework.security.web.authentication.rememberme.RememberMeAuthenticationFilter@74cad577, org.springframework.security.web.authentication.AnonymousAuthenticationFilter@2bbaf1bc, org.springframework.security.web.session.SessionManagementFilter@23c61c1b, org.springframework.security.web.access.ExceptionTranslationFilter@20724c21, org.springframework.security.web.access.intercept.FilterSecurityInterceptor@e38d655]
2020-12-14 23:45:35.772 [INFO ] org.apache.coyote.http11.Http11NioProtocol - Starting ProtocolHandler ["http-nio-8090"]
2020-12-14 23:45:35.821 [INFO ] org.springframework.boot.web.embedded.tomcat.TomcatWebServer - Tomcat started on port(s): 8090 (http) with context path ''
2020-12-14 23:45:35.823 [INFO ] springfox.documentation.spring.web.plugins.DocumentationPluginsBootstrapper - Context refreshed
2020-12-14 23:45:35.851 [INFO ] springfox.documentation.spring.web.plugins.DocumentationPluginsBootstrapper - Found 1 custom documentation plugin(s)
2020-12-14 23:45:35.911 [INFO ] springfox.documentation.spring.web.scanners.ApiListingReferenceScanner - Scanning for api listing references
2020-12-14 23:45:36.126 [INFO ] com.dippy.SpringbootSecondcarApplication - Started SpringbootSecondcarApplication in 9.304 seconds (JVM running for 14.698)
2020-12-14 23:45:42.110 [INFO ] org.apache.catalina.core.ContainerBase.[Tomcat].[localhost].[/] - Initializing Spring DispatcherServlet 'dispatcherServlet'
2020-12-14 23:46:09.703 [INFO ] com.dippy.filter.VerifyCodeFilter - 后端的验证码为： dncex
2020-12-14 23:46:09.809 [INFO ] com.dippy.service.impl.UserDetailServiceImpl - 执行UserDetailServiceImpl自定义登录逻辑---admin--用户名
2020-12-14 23:46:09.810 [INFO ] com.dippy.service.impl.UserDetailServiceImpl - 用户名不存在
2020-12-14 23:46:09.911 [INFO ] com.dippy.util.ResponseUtil - ResponseUtil执行了---
2020-12-14 23:50:07.323 [INFO ] com.dippy.filter.VerifyCodeFilter - 后端的验证码为： 2abme
2020-12-14 23:50:33.903 [INFO ] com.dippy.filter.VerifyCodeFilter - 后端的验证码为： 8b2m3
2020-12-14 23:50:33.904 [INFO ] com.dippy.service.impl.UserDetailServiceImpl - 执行UserDetailServiceImpl自定义登录逻辑---dippy--用户名
2020-12-14 23:50:33.905 [INFO ] com.dippy.service.impl.UserDetailServiceImpl - 用户名为：dippy
2020-12-14 23:50:34.114 [INFO ] com.dippy.common.SecurityHandlerConfig - 执行了SecurityHandlerConfig登录成功处理器------
2020-12-14 23:51:16.751 [INFO ] com.dippy.filter.VerifyCodeFilter - 后端的验证码为： 5xyn2
2020-12-14 23:51:16.752 [INFO ] com.dippy.service.impl.UserDetailServiceImpl - 执行UserDetailServiceImpl自定义登录逻辑---dippy--用户名
2020-12-14 23:51:16.753 [INFO ] com.dippy.service.impl.UserDetailServiceImpl - 用户名为：dippy
2020-12-14 23:51:17.029 [INFO ] com.dippy.common.SecurityHandlerConfig - 执行了SecurityHandlerConfig登录成功处理器------
2020-12-14 23:51:40.709 [INFO ] com.dippy.filter.VerifyCodeFilter - 后端的验证码为： xg7e8
2020-12-14 23:51:40.720 [INFO ] com.dippy.service.impl.UserDetailServiceImpl - 执行UserDetailServiceImpl自定义登录逻辑---dippy--用户名
2020-12-14 23:51:40.720 [INFO ] com.dippy.service.impl.UserDetailServiceImpl - 用户名为：dippy
2020-12-14 23:51:40.962 [INFO ] com.dippy.common.SecurityHandlerConfig - 执行了SecurityHandlerConfig登录成功处理器------
2020-12-14 23:52:03.050 [INFO ] com.dippy.filter.VerifyCodeFilter - 后端的验证码为： nca82
2020-12-14 23:52:03.051 [INFO ] com.dippy.service.impl.UserDetailServiceImpl - 执行UserDetailServiceImpl自定义登录逻辑---admin--用户名
2020-12-14 23:52:03.052 [INFO ] com.dippy.service.impl.UserDetailServiceImpl - 用户名不存在
2020-12-14 23:52:03.152 [INFO ] com.dippy.util.ResponseUtil - ResponseUtil执行了---
2020-12-14 23:55:04.504 [INFO ] org.springframework.data.repository.config.RepositoryConfigurationDelegate - Bootstrapping Spring Data Redis repositories in DEFAULT mode.
2020-12-14 23:55:04.599 [INFO ] org.springframework.data.repository.config.RepositoryConfigurationDelegate - Finished Spring Data repository scanning in 78ms. Found 0 Redis repository interfaces.
2020-12-14 23:55:17.704 [INFO ] com.dippy.filter.VerifyCodeFilter - 后端的验证码为： meb8f
2020-12-14 23:55:17.704 [INFO ] com.dippy.service.impl.UserDetailServiceImpl - 执行UserDetailServiceImpl自定义登录逻辑---admin--用户名
2020-12-14 23:55:17.705 [INFO ] com.dippy.service.impl.UserDetailServiceImpl - 用户名不存在
2020-12-14 23:57:02.868 [INFO ] com.dippy.util.ResponseUtil - ResponseUtil执行了---
