2021-02-05 22:03:25.332 [DEBUG] com.dippy.mapper.SysUserMapper.selectOne - ==>  Preparing: SELECT user_id,username,password,user_name,sex,avatar,address_id,phone,email,birthday,is_lock,create_time,update_time FROM sys_user WHERE (username = ?)
2021-02-05 22:03:25.379 [DEBUG] com.dippy.mapper.SysUserMapper.selectOne - ==> Parameters: admin(String)
2021-02-05 22:03:25.462 [DEBUG] com.dippy.mapper.SysUserMapper.selectOne - <==      Total: 1
2021-02-05 22:03:25.489 [DEBUG] com.dippy.mapper.SysPermissionMapper.listPermissionByUserId - ==>  Preparing: SELECT p.* FROM sys_user u, sys_permission p LEFT JOIN sys_role_permission rp ON p.permission_id = rp.permissionId LEFT JOIN sys_role_user ru ON rp.roleId = ru.roleId WHERE u.user_id = ?
2021-02-05 22:03:25.490 [DEBUG] com.dippy.mapper.SysPermissionMapper.listPermissionByUserId - ==> Parameters: 1(Integer)
2021-02-05 22:03:25.534 [DEBUG] com.dippy.mapper.SysPermissionMapper.listPermissionByUserId - <==      Total: 40
2021-02-05 22:04:39.832 [DEBUG] com.dippy.mapper.SysUserMapper.selectOne - ==>  Preparing: SELECT user_id,username,password,user_name,sex,avatar,address_id,phone,email,birthday,is_lock,create_time,update_time FROM sys_user WHERE (username = ?)
2021-02-05 22:04:39.834 [DEBUG] com.dippy.mapper.SysUserMapper.selectOne - ==> Parameters: admin(String)
2021-02-05 22:04:39.838 [DEBUG] com.dippy.mapper.SysUserMapper.selectOne - <==      Total: 1
2021-02-05 22:04:39.840 [DEBUG] com.dippy.mapper.SysPermissionMapper.listPermissionByUserId - ==>  Preparing: SELECT p.* FROM sys_user u, sys_permission p LEFT JOIN sys_role_permission rp ON p.permission_id = rp.permissionId LEFT JOIN sys_role_user ru ON rp.roleId = ru.roleId WHERE u.user_id = ?
2021-02-05 22:04:39.841 [DEBUG] com.dippy.mapper.SysPermissionMapper.listPermissionByUserId - ==> Parameters: 1(Integer)
2021-02-05 22:04:39.847 [DEBUG] com.dippy.mapper.SysPermissionMapper.listPermissionByUserId - <==      Total: 40
2021-02-05 22:10:49.001 [DEBUG] com.dippy.mapper.SysUserMapper.selectOne - ==>  Preparing: SELECT user_id,username,password,user_name,sex,avatar,address_id,phone,email,birthday,is_lock,create_time,update_time FROM sys_user WHERE (username = ?)
2021-02-05 22:10:49.003 [DEBUG] com.dippy.mapper.SysUserMapper.selectOne - ==> Parameters: admin(String)
2021-02-05 22:10:49.005 [DEBUG] com.dippy.mapper.SysUserMapper.selectOne - <==      Total: 1
2021-02-05 22:10:49.007 [DEBUG] com.dippy.mapper.SysPermissionMapper.listPermissionByUserId - ==>  Preparing: SELECT p.* FROM sys_user u, sys_permission p LEFT JOIN sys_role_permission rp ON p.permission_id = rp.permissionId LEFT JOIN sys_role_user ru ON rp.roleId = ru.roleId WHERE u.user_id = ?
2021-02-05 22:10:49.008 [DEBUG] com.dippy.mapper.SysPermissionMapper.listPermissionByUserId - ==> Parameters: 1(Integer)
2021-02-05 22:10:49.013 [DEBUG] com.dippy.mapper.SysPermissionMapper.listPermissionByUserId - <==      Total: 40
2021-02-05 22:12:29.862 [DEBUG] com.dippy.mapper.SysUserMapper.selectOne - ==>  Preparing: SELECT user_id,username,password,user_name,sex,avatar,address_id,phone,email,birthday,is_lock,create_time,update_time FROM sys_user WHERE (username = ?)
2021-02-05 22:12:29.863 [DEBUG] com.dippy.mapper.SysUserMapper.selectOne - ==> Parameters: admin(String)
2021-02-05 22:12:29.867 [DEBUG] com.dippy.mapper.SysUserMapper.selectOne - <==      Total: 1
2021-02-05 22:12:29.870 [DEBUG] com.dippy.mapper.SysPermissionMapper.listPermissionByUserId - ==>  Preparing: SELECT p.* FROM sys_user u, sys_permission p LEFT JOIN sys_role_permission rp ON p.permission_id = rp.permissionId LEFT JOIN sys_role_user ru ON rp.roleId = ru.roleId WHERE u.user_id = ?
2021-02-05 22:12:29.870 [DEBUG] com.dippy.mapper.SysPermissionMapper.listPermissionByUserId - ==> Parameters: 1(Integer)
2021-02-05 22:12:29.874 [DEBUG] com.dippy.mapper.SysPermissionMapper.listPermissionByUserId - <==      Total: 40
2021-02-05 23:25:42.162 [DEBUG] com.dippy.mapper.SysUserMapper.selectOne - ==>  Preparing: SELECT user_id,username,password,user_name,sex,avatar,address_id,phone,email,birthday,is_lock,create_time,update_time FROM sys_user WHERE (username = ?)
2021-02-05 23:25:42.164 [DEBUG] com.dippy.mapper.SysUserMapper.selectOne - ==> Parameters: admin(String)
2021-02-05 23:25:42.169 [DEBUG] com.dippy.mapper.SysUserMapper.selectOne - <==      Total: 1
2021-02-05 23:25:42.183 [DEBUG] com.dippy.mapper.SysPermissionMapper.listPermissionByUserId - ==>  Preparing: SELECT p.* FROM sys_user u, sys_permission p LEFT JOIN sys_role_permission rp ON p.permission_id = rp.permissionId LEFT JOIN sys_role_user ru ON rp.roleId = ru.roleId WHERE u.user_id = ?
2021-02-05 23:25:42.184 [DEBUG] com.dippy.mapper.SysPermissionMapper.listPermissionByUserId - ==> Parameters: 1(Integer)
2021-02-05 23:25:42.191 [DEBUG] com.dippy.mapper.SysPermissionMapper.listPermissionByUserId - <==      Total: 40
2021-02-05 23:26:51.856 [DEBUG] com.dippy.mapper.SysUserMapper.selectOne - ==>  Preparing: SELECT user_id,username,password,user_name,sex,avatar,address_id,phone,email,birthday,is_lock,create_time,update_time FROM sys_user WHERE (username = ?)
2021-02-05 23:26:51.857 [DEBUG] com.dippy.mapper.SysUserMapper.selectOne - ==> Parameters: admin(String)
2021-02-05 23:26:51.861 [DEBUG] com.dippy.mapper.SysUserMapper.selectOne - <==      Total: 1
2021-02-05 23:26:51.873 [DEBUG] com.dippy.mapper.SysPermissionMapper.listPermissionByUserId - ==>  Preparing: SELECT p.* FROM sys_user u, sys_permission p LEFT JOIN sys_role_permission rp ON p.permission_id = rp.permissionId LEFT JOIN sys_role_user ru ON rp.roleId = ru.roleId WHERE u.user_id = ?
2021-02-05 23:26:51.874 [DEBUG] com.dippy.mapper.SysPermissionMapper.listPermissionByUserId - ==> Parameters: 1(Integer)
2021-02-05 23:26:51.878 [DEBUG] com.dippy.mapper.SysPermissionMapper.listPermissionByUserId - <==      Total: 40
