2021-04-03 20:25:48.972 [DEBUG] com.dippy.mapper.CarInfoMapper.selectPage - ==>  Preparing: SELECT COUNT(1) FROM car_info
2021-04-03 20:25:49.038 [DEBUG] com.dippy.mapper.CarInfoMapper.selectPage - ==> Parameters: 
2021-04-03 20:25:49.113 [DEBUG] com.dippy.mapper.CarInfoMapper.selectPage - ==>  Preparing: SELECT car_id,car_brand,car_series,car_type,car_price,car_count,car_user_time,transfer_count,car_car_mileage,car_color,car_picture_id,car_gear_box,car_displacement,produce_time,car_configuration,car_seat,car_fuel_type,car_quality_time,car_region_id,car_front_tyre,rear_tyre,car_describe,create_time,update_time,car_status FROM car_info LIMIT ?
2021-04-03 20:25:49.115 [DEBUG] com.dippy.mapper.CarInfoMapper.selectPage - ==> Parameters: 5(Long)
2021-04-03 20:25:49.142 [DEBUG] com.dippy.mapper.CarInfoMapper.selectPage - <==      Total: 5
2021-04-03 20:25:49.276 [DEBUG] com.dippy.mapper.CarPictureMapper.selectList - ==>  Preparing: SELECT car_picture_id,car_url,car_picture_location,car_id FROM car_picture WHERE (car_id = ?)
2021-04-03 20:25:49.276 [DEBUG] com.dippy.mapper.CarPictureMapper.selectList - ==> Parameters: 1(Integer)
2021-04-03 20:25:49.279 [DEBUG] com.dippy.mapper.CarPictureMapper.selectList - <==      Total: 1
2021-04-03 20:25:49.282 [DEBUG] com.dippy.mapper.CarPictureMapper.selectList - ==>  Preparing: SELECT car_picture_id,car_url,car_picture_location,car_id FROM car_picture WHERE (car_id = ?)
2021-04-03 20:25:49.283 [DEBUG] com.dippy.mapper.CarPictureMapper.selectList - ==> Parameters: 2(Integer)
2021-04-03 20:25:49.285 [DEBUG] com.dippy.mapper.CarPictureMapper.selectList - <==      Total: 1
2021-04-03 20:25:49.288 [DEBUG] com.dippy.mapper.CarPictureMapper.selectList - ==>  Preparing: SELECT car_picture_id,car_url,car_picture_location,car_id FROM car_picture WHERE (car_id = ?)
2021-04-03 20:25:49.290 [DEBUG] com.dippy.mapper.CarPictureMapper.selectList - ==> Parameters: 3(Integer)
2021-04-03 20:25:49.291 [DEBUG] com.dippy.mapper.CarPictureMapper.selectList - <==      Total: 1
2021-04-03 20:25:49.295 [DEBUG] com.dippy.mapper.CarPictureMapper.selectList - ==>  Preparing: SELECT car_picture_id,car_url,car_picture_location,car_id FROM car_picture WHERE (car_id = ?)
2021-04-03 20:25:49.296 [DEBUG] com.dippy.mapper.CarPictureMapper.selectList - ==> Parameters: 8(Integer)
2021-04-03 20:25:49.298 [DEBUG] com.dippy.mapper.CarPictureMapper.selectList - <==      Total: 0
2021-04-03 20:25:49.301 [DEBUG] com.dippy.mapper.CarPictureMapper.selectList - ==>  Preparing: SELECT car_picture_id,car_url,car_picture_location,car_id FROM car_picture WHERE (car_id = ?)
2021-04-03 20:25:49.302 [DEBUG] com.dippy.mapper.CarPictureMapper.selectList - ==> Parameters: 9(Integer)
2021-04-03 20:25:49.304 [DEBUG] com.dippy.mapper.CarPictureMapper.selectList - <==      Total: 0
2021-04-03 20:26:14.517 [DEBUG] com.dippy.mapper.CarInfoMapper.selectPage - ==>  Preparing: SELECT COUNT(1) FROM car_info
2021-04-03 20:26:14.519 [DEBUG] com.dippy.mapper.CarInfoMapper.selectPage - ==> Parameters: 
2021-04-03 20:26:14.524 [DEBUG] com.dippy.mapper.CarInfoMapper.selectPage - ==>  Preparing: SELECT car_id,car_brand,car_series,car_type,car_price,car_count,car_user_time,transfer_count,car_car_mileage,car_color,car_picture_id,car_gear_box,car_displacement,produce_time,car_configuration,car_seat,car_fuel_type,car_quality_time,car_region_id,car_front_tyre,rear_tyre,car_describe,create_time,update_time,car_status FROM car_info LIMIT ?
2021-04-03 20:26:14.524 [DEBUG] com.dippy.mapper.CarInfoMapper.selectPage - ==> Parameters: 5(Long)
2021-04-03 20:26:14.533 [DEBUG] com.dippy.mapper.CarInfoMapper.selectPage - <==      Total: 5
2021-04-03 20:26:14.543 [DEBUG] com.dippy.mapper.CarPictureMapper.selectList - ==>  Preparing: SELECT car_picture_id,car_url,car_picture_location,car_id FROM car_picture WHERE (car_id = ?)
2021-04-03 20:26:14.544 [DEBUG] com.dippy.mapper.CarPictureMapper.selectList - ==> Parameters: 1(Integer)
2021-04-03 20:26:14.546 [DEBUG] com.dippy.mapper.CarPictureMapper.selectList - <==      Total: 1
2021-04-03 20:26:14.549 [DEBUG] com.dippy.mapper.CarPictureMapper.selectList - ==>  Preparing: SELECT car_picture_id,car_url,car_picture_location,car_id FROM car_picture WHERE (car_id = ?)
2021-04-03 20:26:14.550 [DEBUG] com.dippy.mapper.CarPictureMapper.selectList - ==> Parameters: 2(Integer)
2021-04-03 20:26:14.553 [DEBUG] com.dippy.mapper.CarPictureMapper.selectList - <==      Total: 1
2021-04-03 20:26:14.557 [DEBUG] com.dippy.mapper.CarPictureMapper.selectList - ==>  Preparing: SELECT car_picture_id,car_url,car_picture_location,car_id FROM car_picture WHERE (car_id = ?)
2021-04-03 20:26:14.558 [DEBUG] com.dippy.mapper.CarPictureMapper.selectList - ==> Parameters: 3(Integer)
2021-04-03 20:26:14.561 [DEBUG] com.dippy.mapper.CarPictureMapper.selectList - <==      Total: 1
2021-04-03 20:26:14.564 [DEBUG] com.dippy.mapper.CarPictureMapper.selectList - ==>  Preparing: SELECT car_picture_id,car_url,car_picture_location,car_id FROM car_picture WHERE (car_id = ?)
2021-04-03 20:26:14.565 [DEBUG] com.dippy.mapper.CarPictureMapper.selectList - ==> Parameters: 8(Integer)
2021-04-03 20:26:14.567 [DEBUG] com.dippy.mapper.CarPictureMapper.selectList - <==      Total: 0
2021-04-03 20:26:14.570 [DEBUG] com.dippy.mapper.CarPictureMapper.selectList - ==>  Preparing: SELECT car_picture_id,car_url,car_picture_location,car_id FROM car_picture WHERE (car_id = ?)
2021-04-03 20:26:14.571 [DEBUG] com.dippy.mapper.CarPictureMapper.selectList - ==> Parameters: 9(Integer)
2021-04-03 20:26:14.573 [DEBUG] com.dippy.mapper.CarPictureMapper.selectList - <==      Total: 0
2021-04-03 20:29:14.780 [DEBUG] com.dippy.mapper.CarInfoMapper.selectPage - ==>  Preparing: SELECT COUNT(1) FROM car_info
2021-04-03 20:29:14.837 [DEBUG] com.dippy.mapper.CarInfoMapper.selectPage - ==> Parameters: 
2021-04-03 20:29:14.905 [DEBUG] com.dippy.mapper.CarInfoMapper.selectPage - ==>  Preparing: SELECT car_id,car_brand,car_series,car_type,car_price,car_count,car_user_time,transfer_count,car_car_mileage,car_color,car_picture_id,car_gear_box,car_displacement,produce_time,car_configuration,car_seat,car_fuel_type,car_quality_time,car_region_id,car_front_tyre,rear_tyre,car_describe,create_time,update_time,car_status FROM car_info LIMIT ?
2021-04-03 20:29:14.907 [DEBUG] com.dippy.mapper.CarInfoMapper.selectPage - ==> Parameters: 5(Long)
2021-04-03 20:29:14.928 [DEBUG] com.dippy.mapper.CarInfoMapper.selectPage - <==      Total: 5
2021-04-03 20:29:15.037 [DEBUG] com.dippy.mapper.CarPictureMapper.selectList - ==>  Preparing: SELECT car_picture_id,car_url,car_picture_location,car_id FROM car_picture WHERE (car_id = ?)
2021-04-03 20:29:15.038 [DEBUG] com.dippy.mapper.CarPictureMapper.selectList - ==> Parameters: 1(Integer)
2021-04-03 20:29:15.040 [DEBUG] com.dippy.mapper.CarPictureMapper.selectList - <==      Total: 1
2021-04-03 20:29:15.043 [DEBUG] com.dippy.mapper.CarPictureMapper.selectList - ==>  Preparing: SELECT car_picture_id,car_url,car_picture_location,car_id FROM car_picture WHERE (car_id = ?)
2021-04-03 20:29:15.044 [DEBUG] com.dippy.mapper.CarPictureMapper.selectList - ==> Parameters: 2(Integer)
2021-04-03 20:29:15.046 [DEBUG] com.dippy.mapper.CarPictureMapper.selectList - <==      Total: 1
2021-04-03 20:29:15.063 [DEBUG] com.dippy.mapper.CarPictureMapper.selectList - ==>  Preparing: SELECT car_picture_id,car_url,car_picture_location,car_id FROM car_picture WHERE (car_id = ?)
2021-04-03 20:29:15.066 [DEBUG] com.dippy.mapper.CarPictureMapper.selectList - ==> Parameters: 3(Integer)
2021-04-03 20:29:15.068 [DEBUG] com.dippy.mapper.CarPictureMapper.selectList - <==      Total: 1
2021-04-03 20:29:15.086 [DEBUG] com.dippy.mapper.CarPictureMapper.selectList - ==>  Preparing: SELECT car_picture_id,car_url,car_picture_location,car_id FROM car_picture WHERE (car_id = ?)
2021-04-03 20:29:15.087 [DEBUG] com.dippy.mapper.CarPictureMapper.selectList - ==> Parameters: 8(Integer)
2021-04-03 20:29:15.089 [DEBUG] com.dippy.mapper.CarPictureMapper.selectList - <==      Total: 0
2021-04-03 20:29:15.092 [DEBUG] com.dippy.mapper.CarPictureMapper.selectList - ==>  Preparing: SELECT car_picture_id,car_url,car_picture_location,car_id FROM car_picture WHERE (car_id = ?)
2021-04-03 20:29:15.093 [DEBUG] com.dippy.mapper.CarPictureMapper.selectList - ==> Parameters: 9(Integer)
2021-04-03 20:29:15.094 [DEBUG] com.dippy.mapper.CarPictureMapper.selectList - <==      Total: 0
2021-04-03 20:30:11.858 [DEBUG] com.dippy.mapper.CarInfoMapper.selectPage - ==>  Preparing: SELECT COUNT(1) FROM car_info
2021-04-03 20:30:11.859 [DEBUG] com.dippy.mapper.CarInfoMapper.selectPage - ==> Parameters: 
2021-04-03 20:30:11.864 [DEBUG] com.dippy.mapper.CarInfoMapper.selectPage - ==>  Preparing: SELECT car_id,car_brand,car_series,car_type,car_price,car_count,car_user_time,transfer_count,car_car_mileage,car_color,car_picture_id,car_gear_box,car_displacement,produce_time,car_configuration,car_seat,car_fuel_type,car_quality_time,car_region_id,car_front_tyre,rear_tyre,car_describe,create_time,update_time,car_status FROM car_info LIMIT ?
2021-04-03 20:30:11.866 [DEBUG] com.dippy.mapper.CarInfoMapper.selectPage - ==> Parameters: 5(Long)
2021-04-03 20:30:11.876 [DEBUG] com.dippy.mapper.CarInfoMapper.selectPage - <==      Total: 5
2021-04-03 20:30:11.900 [DEBUG] com.dippy.mapper.CarPictureMapper.selectList - ==>  Preparing: SELECT car_picture_id,car_url,car_picture_location,car_id FROM car_picture WHERE (car_id = ?)
2021-04-03 20:30:11.901 [DEBUG] com.dippy.mapper.CarPictureMapper.selectList - ==> Parameters: 1(Integer)
2021-04-03 20:30:11.904 [DEBUG] com.dippy.mapper.CarPictureMapper.selectList - <==      Total: 1
2021-04-03 20:30:11.914 [DEBUG] com.dippy.mapper.CarPictureMapper.selectList - ==>  Preparing: SELECT car_picture_id,car_url,car_picture_location,car_id FROM car_picture WHERE (car_id = ?)
2021-04-03 20:30:11.915 [DEBUG] com.dippy.mapper.CarPictureMapper.selectList - ==> Parameters: 2(Integer)
2021-04-03 20:30:11.919 [DEBUG] com.dippy.mapper.CarPictureMapper.selectList - <==      Total: 1
2021-04-03 20:30:11.923 [DEBUG] com.dippy.mapper.CarPictureMapper.selectList - ==>  Preparing: SELECT car_picture_id,car_url,car_picture_location,car_id FROM car_picture WHERE (car_id = ?)
2021-04-03 20:30:11.925 [DEBUG] com.dippy.mapper.CarPictureMapper.selectList - ==> Parameters: 3(Integer)
2021-04-03 20:30:11.928 [DEBUG] com.dippy.mapper.CarPictureMapper.selectList - <==      Total: 1
2021-04-03 20:30:11.939 [DEBUG] com.dippy.mapper.CarPictureMapper.selectList - ==>  Preparing: SELECT car_picture_id,car_url,car_picture_location,car_id FROM car_picture WHERE (car_id = ?)
2021-04-03 20:30:11.940 [DEBUG] com.dippy.mapper.CarPictureMapper.selectList - ==> Parameters: 8(Integer)
2021-04-03 20:30:11.942 [DEBUG] com.dippy.mapper.CarPictureMapper.selectList - <==      Total: 0
2021-04-03 20:30:11.948 [DEBUG] com.dippy.mapper.CarPictureMapper.selectList - ==>  Preparing: SELECT car_picture_id,car_url,car_picture_location,car_id FROM car_picture WHERE (car_id = ?)
2021-04-03 20:30:11.949 [DEBUG] com.dippy.mapper.CarPictureMapper.selectList - ==> Parameters: 9(Integer)
2021-04-03 20:30:11.951 [DEBUG] com.dippy.mapper.CarPictureMapper.selectList - <==      Total: 0
2021-04-03 20:38:10.322 [DEBUG] com.dippy.mapper.CarInfoMapper.selectPage - ==>  Preparing: SELECT COUNT(1) FROM car_info
2021-04-03 20:38:10.324 [DEBUG] com.dippy.mapper.CarInfoMapper.selectPage - ==> Parameters: 
2021-04-03 20:38:10.326 [DEBUG] com.dippy.mapper.CarInfoMapper.selectPage - ==>  Preparing: SELECT car_id,car_brand,car_series,car_type,car_price,car_count,car_user_time,transfer_count,car_car_mileage,car_color,car_picture_id,car_gear_box,car_displacement,produce_time,car_configuration,car_seat,car_fuel_type,car_quality_time,car_region_id,car_front_tyre,rear_tyre,car_describe,create_time,update_time,car_status FROM car_info LIMIT ?
2021-04-03 20:38:10.328 [DEBUG] com.dippy.mapper.CarInfoMapper.selectPage - ==> Parameters: 5(Long)
2021-04-03 20:38:10.336 [DEBUG] com.dippy.mapper.CarInfoMapper.selectPage - <==      Total: 5
2021-04-03 20:38:10.353 [DEBUG] com.dippy.mapper.CarPictureMapper.selectList - ==>  Preparing: SELECT car_picture_id,car_url,car_picture_location,car_id FROM car_picture WHERE (car_id = ?)
2021-04-03 20:38:10.355 [DEBUG] com.dippy.mapper.CarPictureMapper.selectList - ==> Parameters: 1(Integer)
2021-04-03 20:38:10.357 [DEBUG] com.dippy.mapper.CarPictureMapper.selectList - <==      Total: 1
2021-04-03 20:38:10.362 [DEBUG] com.dippy.mapper.CarPictureMapper.selectList - ==>  Preparing: SELECT car_picture_id,car_url,car_picture_location,car_id FROM car_picture WHERE (car_id = ?)
2021-04-03 20:38:10.363 [DEBUG] com.dippy.mapper.CarPictureMapper.selectList - ==> Parameters: 2(Integer)
2021-04-03 20:38:10.365 [DEBUG] com.dippy.mapper.CarPictureMapper.selectList - <==      Total: 1
2021-04-03 20:38:10.372 [DEBUG] com.dippy.mapper.CarPictureMapper.selectList - ==>  Preparing: SELECT car_picture_id,car_url,car_picture_location,car_id FROM car_picture WHERE (car_id = ?)
2021-04-03 20:38:10.374 [DEBUG] com.dippy.mapper.CarPictureMapper.selectList - ==> Parameters: 3(Integer)
2021-04-03 20:38:10.378 [DEBUG] com.dippy.mapper.CarPictureMapper.selectList - <==      Total: 1
2021-04-03 20:38:10.387 [DEBUG] com.dippy.mapper.CarPictureMapper.selectList - ==>  Preparing: SELECT car_picture_id,car_url,car_picture_location,car_id FROM car_picture WHERE (car_id = ?)
2021-04-03 20:38:10.387 [DEBUG] com.dippy.mapper.CarPictureMapper.selectList - ==> Parameters: 8(Integer)
2021-04-03 20:38:10.389 [DEBUG] com.dippy.mapper.CarPictureMapper.selectList - <==      Total: 0
2021-04-03 20:38:10.394 [DEBUG] com.dippy.mapper.CarPictureMapper.selectList - ==>  Preparing: SELECT car_picture_id,car_url,car_picture_location,car_id FROM car_picture WHERE (car_id = ?)
2021-04-03 20:38:10.395 [DEBUG] com.dippy.mapper.CarPictureMapper.selectList - ==> Parameters: 9(Integer)
2021-04-03 20:38:10.396 [DEBUG] com.dippy.mapper.CarPictureMapper.selectList - <==      Total: 0
2021-04-03 20:45:23.908 [DEBUG] com.dippy.mapper.CarInfoMapper.selectPage - ==>  Preparing: SELECT COUNT(1) FROM car_info
2021-04-03 20:45:23.909 [DEBUG] com.dippy.mapper.CarInfoMapper.selectPage - ==> Parameters: 
2021-04-03 20:45:23.912 [DEBUG] com.dippy.mapper.CarInfoMapper.selectPage - ==>  Preparing: SELECT car_id,car_brand,car_series,car_type,car_price,car_count,car_user_time,transfer_count,car_car_mileage,car_color,car_picture_id,car_gear_box,car_displacement,produce_time,car_configuration,car_seat,car_fuel_type,car_quality_time,car_region_id,car_front_tyre,rear_tyre,car_describe,create_time,update_time,car_status FROM car_info LIMIT ?
2021-04-03 20:45:23.933 [DEBUG] com.dippy.mapper.CarInfoMapper.selectPage - ==> Parameters: 5(Long)
2021-04-03 20:45:23.947 [DEBUG] com.dippy.mapper.CarInfoMapper.selectPage - <==      Total: 5
2021-04-03 20:45:23.961 [DEBUG] com.dippy.mapper.CarPictureMapper.selectList - ==>  Preparing: SELECT car_picture_id,car_url,car_picture_location,car_id FROM car_picture WHERE (car_id = ?)
2021-04-03 20:45:23.962 [DEBUG] com.dippy.mapper.CarPictureMapper.selectList - ==> Parameters: 1(Integer)
2021-04-03 20:45:23.964 [DEBUG] com.dippy.mapper.CarPictureMapper.selectList - <==      Total: 1
2021-04-03 20:45:23.969 [DEBUG] com.dippy.mapper.CarPictureMapper.selectList - ==>  Preparing: SELECT car_picture_id,car_url,car_picture_location,car_id FROM car_picture WHERE (car_id = ?)
2021-04-03 20:45:23.970 [DEBUG] com.dippy.mapper.CarPictureMapper.selectList - ==> Parameters: 2(Integer)
2021-04-03 20:45:23.972 [DEBUG] com.dippy.mapper.CarPictureMapper.selectList - <==      Total: 1
2021-04-03 20:45:23.977 [DEBUG] com.dippy.mapper.CarPictureMapper.selectList - ==>  Preparing: SELECT car_picture_id,car_url,car_picture_location,car_id FROM car_picture WHERE (car_id = ?)
2021-04-03 20:45:23.979 [DEBUG] com.dippy.mapper.CarPictureMapper.selectList - ==> Parameters: 3(Integer)
2021-04-03 20:45:23.981 [DEBUG] com.dippy.mapper.CarPictureMapper.selectList - <==      Total: 1
2021-04-03 20:45:23.985 [DEBUG] com.dippy.mapper.CarPictureMapper.selectList - ==>  Preparing: SELECT car_picture_id,car_url,car_picture_location,car_id FROM car_picture WHERE (car_id = ?)
2021-04-03 20:45:23.986 [DEBUG] com.dippy.mapper.CarPictureMapper.selectList - ==> Parameters: 8(Integer)
2021-04-03 20:45:23.988 [DEBUG] com.dippy.mapper.CarPictureMapper.selectList - <==      Total: 0
2021-04-03 20:45:23.992 [DEBUG] com.dippy.mapper.CarPictureMapper.selectList - ==>  Preparing: SELECT car_picture_id,car_url,car_picture_location,car_id FROM car_picture WHERE (car_id = ?)
2021-04-03 20:45:23.993 [DEBUG] com.dippy.mapper.CarPictureMapper.selectList - ==> Parameters: 9(Integer)
2021-04-03 20:45:23.994 [DEBUG] com.dippy.mapper.CarPictureMapper.selectList - <==      Total: 0
2021-04-03 20:49:31.753 [DEBUG] com.dippy.mapper.CarInfoMapper.selectPage - ==>  Preparing: SELECT COUNT(1) FROM car_info
2021-04-03 20:49:31.754 [DEBUG] com.dippy.mapper.CarInfoMapper.selectPage - ==> Parameters: 
2021-04-03 20:49:31.756 [DEBUG] com.dippy.mapper.CarInfoMapper.selectPage - ==>  Preparing: SELECT car_id,car_brand,car_series,car_type,car_price,car_count,car_user_time,transfer_count,car_car_mileage,car_color,car_picture_id,car_gear_box,car_displacement,produce_time,car_configuration,car_seat,car_fuel_type,car_quality_time,car_region_id,car_front_tyre,rear_tyre,car_describe,create_time,update_time,car_status FROM car_info LIMIT ?
2021-04-03 20:49:31.757 [DEBUG] com.dippy.mapper.CarInfoMapper.selectPage - ==> Parameters: 5(Long)
2021-04-03 20:49:31.762 [DEBUG] com.dippy.mapper.CarInfoMapper.selectPage - <==      Total: 5
2021-04-03 20:49:31.768 [DEBUG] com.dippy.mapper.CarPictureMapper.selectList - ==>  Preparing: SELECT car_picture_id,car_url,car_picture_location,car_id FROM car_picture WHERE (car_id = ?)
2021-04-03 20:49:31.769 [DEBUG] com.dippy.mapper.CarPictureMapper.selectList - ==> Parameters: 1(Integer)
2021-04-03 20:49:31.770 [DEBUG] com.dippy.mapper.CarPictureMapper.selectList - <==      Total: 1
2021-04-03 20:49:31.775 [DEBUG] com.dippy.mapper.CarPictureMapper.selectList - ==>  Preparing: SELECT car_picture_id,car_url,car_picture_location,car_id FROM car_picture WHERE (car_id = ?)
2021-04-03 20:49:31.775 [DEBUG] com.dippy.mapper.CarPictureMapper.selectList - ==> Parameters: 2(Integer)
2021-04-03 20:49:31.777 [DEBUG] com.dippy.mapper.CarPictureMapper.selectList - <==      Total: 1
2021-04-03 20:49:31.781 [DEBUG] com.dippy.mapper.CarPictureMapper.selectList - ==>  Preparing: SELECT car_picture_id,car_url,car_picture_location,car_id FROM car_picture WHERE (car_id = ?)
2021-04-03 20:49:31.782 [DEBUG] com.dippy.mapper.CarPictureMapper.selectList - ==> Parameters: 3(Integer)
2021-04-03 20:49:31.785 [DEBUG] com.dippy.mapper.CarPictureMapper.selectList - <==      Total: 1
2021-04-03 20:49:31.790 [DEBUG] com.dippy.mapper.CarPictureMapper.selectList - ==>  Preparing: SELECT car_picture_id,car_url,car_picture_location,car_id FROM car_picture WHERE (car_id = ?)
2021-04-03 20:49:31.791 [DEBUG] com.dippy.mapper.CarPictureMapper.selectList - ==> Parameters: 8(Integer)
2021-04-03 20:49:31.792 [DEBUG] com.dippy.mapper.CarPictureMapper.selectList - <==      Total: 0
2021-04-03 20:49:31.796 [DEBUG] com.dippy.mapper.CarPictureMapper.selectList - ==>  Preparing: SELECT car_picture_id,car_url,car_picture_location,car_id FROM car_picture WHERE (car_id = ?)
2021-04-03 20:49:31.797 [DEBUG] com.dippy.mapper.CarPictureMapper.selectList - ==> Parameters: 9(Integer)
2021-04-03 20:49:31.799 [DEBUG] com.dippy.mapper.CarPictureMapper.selectList - <==      Total: 0
2021-04-03 20:50:32.216 [DEBUG] com.dippy.mapper.CarInfoMapper.selectPage - ==>  Preparing: SELECT COUNT(1) FROM car_info
2021-04-03 20:50:32.217 [DEBUG] com.dippy.mapper.CarInfoMapper.selectPage - ==> Parameters: 
2021-04-03 20:50:32.220 [DEBUG] com.dippy.mapper.CarInfoMapper.selectPage - ==>  Preparing: SELECT car_id,car_brand,car_series,car_type,car_price,car_count,car_user_time,transfer_count,car_car_mileage,car_color,car_picture_id,car_gear_box,car_displacement,produce_time,car_configuration,car_seat,car_fuel_type,car_quality_time,car_region_id,car_front_tyre,rear_tyre,car_describe,create_time,update_time,car_status FROM car_info LIMIT ?
2021-04-03 20:50:32.220 [DEBUG] com.dippy.mapper.CarInfoMapper.selectPage - ==> Parameters: 5(Long)
2021-04-03 20:50:32.225 [DEBUG] com.dippy.mapper.CarInfoMapper.selectPage - <==      Total: 5
2021-04-03 20:50:32.239 [DEBUG] com.dippy.mapper.CarPictureMapper.selectList - ==>  Preparing: SELECT car_picture_id,car_url,car_picture_location,car_id FROM car_picture WHERE (car_id = ?)
2021-04-03 20:50:32.240 [DEBUG] com.dippy.mapper.CarPictureMapper.selectList - ==> Parameters: 1(Integer)
2021-04-03 20:50:32.243 [DEBUG] com.dippy.mapper.CarPictureMapper.selectList - <==      Total: 1
2021-04-03 20:50:32.249 [DEBUG] com.dippy.mapper.CarPictureMapper.selectList - ==>  Preparing: SELECT car_picture_id,car_url,car_picture_location,car_id FROM car_picture WHERE (car_id = ?)
2021-04-03 20:50:32.250 [DEBUG] com.dippy.mapper.CarPictureMapper.selectList - ==> Parameters: 2(Integer)
2021-04-03 20:50:32.252 [DEBUG] com.dippy.mapper.CarPictureMapper.selectList - <==      Total: 1
2021-04-03 20:50:32.256 [DEBUG] com.dippy.mapper.CarPictureMapper.selectList - ==>  Preparing: SELECT car_picture_id,car_url,car_picture_location,car_id FROM car_picture WHERE (car_id = ?)
2021-04-03 20:50:32.260 [DEBUG] com.dippy.mapper.CarPictureMapper.selectList - ==> Parameters: 3(Integer)
2021-04-03 20:50:32.269 [DEBUG] com.dippy.mapper.CarPictureMapper.selectList - <==      Total: 1
2021-04-03 20:50:32.276 [DEBUG] com.dippy.mapper.CarPictureMapper.selectList - ==>  Preparing: SELECT car_picture_id,car_url,car_picture_location,car_id FROM car_picture WHERE (car_id = ?)
2021-04-03 20:50:32.279 [DEBUG] com.dippy.mapper.CarPictureMapper.selectList - ==> Parameters: 8(Integer)
2021-04-03 20:50:32.284 [DEBUG] com.dippy.mapper.CarPictureMapper.selectList - <==      Total: 0
2021-04-03 20:50:32.289 [DEBUG] com.dippy.mapper.CarPictureMapper.selectList - ==>  Preparing: SELECT car_picture_id,car_url,car_picture_location,car_id FROM car_picture WHERE (car_id = ?)
2021-04-03 20:50:32.290 [DEBUG] com.dippy.mapper.CarPictureMapper.selectList - ==> Parameters: 9(Integer)
2021-04-03 20:50:32.292 [DEBUG] com.dippy.mapper.CarPictureMapper.selectList - <==      Total: 0
