2021-04-29 00:16:36.306 [DEBUG] com.dippy.mapper.SysUserMapper.selectOne - ==>  Preparing: SELECT user_id,username,password,name,sex,avatar,address_id,province,city,area,detailed_address,phone,email,birthday,is_lock,create_time,update_time FROM sys_user WHERE (username = ?)
2021-04-29 00:16:36.327 [DEBUG] com.dippy.mapper.SysUserMapper.selectOne - ==> Parameters: admin(String)
2021-04-29 00:16:36.330 [DEBUG] com.dippy.mapper.SysUserMapper.selectOne - <==      Total: 1
2021-04-29 00:16:36.341 [DEBUG] com.dippy.mapper.SysRoleUserMapper.selectList - ==>  Preparing: SELECT role_id FROM sys_role_user WHERE (user_id = ?)
2021-04-29 00:16:36.342 [DEBUG] com.dippy.mapper.SysRoleUserMapper.selectList - ==> Parameters: 1(Integer)
2021-04-29 00:16:36.344 [DEBUG] com.dippy.mapper.SysRoleUserMapper.selectList - <==      Total: 1
2021-04-29 00:16:36.345 [DEBUG] com.dippy.mapper.SysPermissionMapper.listPermissionByUserId - ==>  Preparing: SELECT p.* FROM sys_user u, sys_permission p LEFT JOIN sys_role_permission rp ON p.permission_id = rp.permission_id LEFT JOIN sys_role_user ru ON rp.role_id = ru.role_id WHERE u.user_id = ?
2021-04-29 00:16:36.346 [DEBUG] com.dippy.mapper.SysPermissionMapper.listPermissionByUserId - ==> Parameters: 1(Integer)
2021-04-29 00:16:36.352 [DEBUG] com.dippy.mapper.SysPermissionMapper.listPermissionByUserId - <==      Total: 80
2021-04-29 00:20:30.944 [DEBUG] com.dippy.mapper.SysUserMapper.selectOne - ==>  Preparing: SELECT user_id,username,password,name,sex,avatar,address_id,province,city,area,detailed_address,phone,email,birthday,is_lock,create_time,update_time FROM sys_user WHERE (username = ?)
2021-04-29 00:20:30.991 [DEBUG] com.dippy.mapper.SysUserMapper.selectOne - ==> Parameters: admin(String)
2021-04-29 00:20:31.049 [DEBUG] com.dippy.mapper.SysUserMapper.selectOne - <==      Total: 1
2021-04-29 00:20:31.077 [DEBUG] com.dippy.mapper.SysRoleUserMapper.selectList - ==>  Preparing: SELECT role_id FROM sys_role_user WHERE (user_id = ?)
2021-04-29 00:20:31.077 [DEBUG] com.dippy.mapper.SysRoleUserMapper.selectList - ==> Parameters: 1(Integer)
2021-04-29 00:20:31.079 [DEBUG] com.dippy.mapper.SysRoleUserMapper.selectList - <==      Total: 1
2021-04-29 00:20:31.081 [DEBUG] com.dippy.mapper.SysPermissionMapper.listPermissionByUserId - ==>  Preparing: SELECT p.* FROM sys_user u, sys_permission p LEFT JOIN sys_role_permission rp ON p.permission_id = rp.permission_id LEFT JOIN sys_role_user ru ON rp.role_id = ru.role_id WHERE u.user_id = ?
2021-04-29 00:20:31.082 [DEBUG] com.dippy.mapper.SysPermissionMapper.listPermissionByUserId - ==> Parameters: 1(Integer)
2021-04-29 00:20:31.098 [DEBUG] com.dippy.mapper.SysPermissionMapper.listPermissionByUserId - <==      Total: 80
2021-04-29 00:25:05.568 [DEBUG] com.dippy.mapper.SysUserMapper.selectOne - ==>  Preparing: SELECT user_id,username,password,name,sex,avatar,address_id,province,city,area,detailed_address,phone,email,birthday,is_lock,create_time,update_time FROM sys_user WHERE (username = ?)
2021-04-29 00:25:05.569 [DEBUG] com.dippy.mapper.SysUserMapper.selectOne - ==> Parameters: admin(String)
2021-04-29 00:25:05.573 [DEBUG] com.dippy.mapper.SysUserMapper.selectOne - <==      Total: 1
2021-04-29 00:25:05.587 [DEBUG] com.dippy.mapper.SysRoleUserMapper.selectList - ==>  Preparing: SELECT role_id FROM sys_role_user WHERE (user_id = ?)
2021-04-29 00:25:05.587 [DEBUG] com.dippy.mapper.SysRoleUserMapper.selectList - ==> Parameters: 1(Integer)
2021-04-29 00:25:05.590 [DEBUG] com.dippy.mapper.SysRoleUserMapper.selectList - <==      Total: 1
2021-04-29 00:25:05.591 [DEBUG] com.dippy.mapper.SysPermissionMapper.listPermissionByUserId - ==>  Preparing: SELECT p.* FROM sys_user u, sys_permission p LEFT JOIN sys_role_permission rp ON p.permission_id = rp.permission_id LEFT JOIN sys_role_user ru ON rp.role_id = ru.role_id WHERE u.user_id = ?
2021-04-29 00:25:05.592 [DEBUG] com.dippy.mapper.SysPermissionMapper.listPermissionByUserId - ==> Parameters: 1(Integer)
2021-04-29 00:25:05.607 [DEBUG] com.dippy.mapper.SysPermissionMapper.listPermissionByUserId - <==      Total: 80
2021-04-29 00:26:38.424 [DEBUG] com.dippy.mapper.SysUserMapper.selectOne - ==>  Preparing: SELECT user_id,username,password,name,sex,avatar,address_id,province,city,area,detailed_address,phone,email,birthday,is_lock,create_time,update_time FROM sys_user WHERE (username = ?)
2021-04-29 00:26:38.425 [DEBUG] com.dippy.mapper.SysUserMapper.selectOne - ==> Parameters: admin(String)
2021-04-29 00:26:38.429 [DEBUG] com.dippy.mapper.SysUserMapper.selectOne - <==      Total: 1
2021-04-29 00:26:38.443 [DEBUG] com.dippy.mapper.SysRoleUserMapper.selectList - ==>  Preparing: SELECT role_id FROM sys_role_user WHERE (user_id = ?)
2021-04-29 00:26:38.444 [DEBUG] com.dippy.mapper.SysRoleUserMapper.selectList - ==> Parameters: 1(Integer)
2021-04-29 00:26:38.445 [DEBUG] com.dippy.mapper.SysRoleUserMapper.selectList - <==      Total: 1
2021-04-29 00:26:38.449 [DEBUG] com.dippy.mapper.SysPermissionMapper.listPermissionByUserId - ==>  Preparing: SELECT p.* FROM sys_user u, sys_permission p LEFT JOIN sys_role_permission rp ON p.permission_id = rp.permission_id LEFT JOIN sys_role_user ru ON rp.role_id = ru.role_id WHERE u.user_id = ?
2021-04-29 00:26:38.450 [DEBUG] com.dippy.mapper.SysPermissionMapper.listPermissionByUserId - ==> Parameters: 1(Integer)
2021-04-29 00:26:38.462 [DEBUG] com.dippy.mapper.SysPermissionMapper.listPermissionByUserId - <==      Total: 80
2021-04-29 00:28:49.950 [DEBUG] com.dippy.mapper.SysUserMapper.selectOne - ==>  Preparing: SELECT user_id,username,password,name,sex,avatar,address_id,province,city,area,detailed_address,phone,email,birthday,is_lock,create_time,update_time FROM sys_user WHERE (username = ?)
2021-04-29 00:28:50.215 [DEBUG] com.dippy.mapper.SysUserMapper.selectOne - ==> Parameters: admin(String)
2021-04-29 00:28:50.381 [DEBUG] com.dippy.mapper.SysUserMapper.selectOne - <==      Total: 1
2021-04-29 00:28:50.417 [DEBUG] com.dippy.mapper.SysRoleUserMapper.selectList - ==>  Preparing: SELECT role_id FROM sys_role_user WHERE (user_id = ?)
2021-04-29 00:28:50.417 [DEBUG] com.dippy.mapper.SysRoleUserMapper.selectList - ==> Parameters: 1(Integer)
2021-04-29 00:28:50.419 [DEBUG] com.dippy.mapper.SysRoleUserMapper.selectList - <==      Total: 1
2021-04-29 00:28:50.422 [DEBUG] com.dippy.mapper.SysPermissionMapper.listPermissionByUserId - ==>  Preparing: SELECT p.* FROM sys_user u, sys_permission p LEFT JOIN sys_role_permission rp ON p.permission_id = rp.permission_id LEFT JOIN sys_role_user ru ON rp.role_id = ru.role_id WHERE u.user_id = ?
2021-04-29 00:28:50.422 [DEBUG] com.dippy.mapper.SysPermissionMapper.listPermissionByUserId - ==> Parameters: 1(Integer)
2021-04-29 00:28:50.441 [DEBUG] com.dippy.mapper.SysPermissionMapper.listPermissionByUserId - <==      Total: 80
2021-04-29 00:30:10.970 [DEBUG] com.dippy.mapper.SysUserMapper.selectOne - ==>  Preparing: SELECT user_id,username,password,name,sex,avatar,address_id,province,city,area,detailed_address,phone,email,birthday,is_lock,create_time,update_time FROM sys_user WHERE (username = ?)
2021-04-29 00:30:11.013 [DEBUG] com.dippy.mapper.SysUserMapper.selectOne - ==> Parameters: admin(String)
2021-04-29 00:30:11.055 [DEBUG] com.dippy.mapper.SysUserMapper.selectOne - <==      Total: 1
2021-04-29 00:30:11.085 [DEBUG] com.dippy.mapper.SysRoleUserMapper.selectList - ==>  Preparing: SELECT role_id FROM sys_role_user WHERE (user_id = ?)
2021-04-29 00:30:11.086 [DEBUG] com.dippy.mapper.SysRoleUserMapper.selectList - ==> Parameters: 1(Integer)
2021-04-29 00:30:11.088 [DEBUG] com.dippy.mapper.SysRoleUserMapper.selectList - <==      Total: 1
2021-04-29 00:30:11.091 [DEBUG] com.dippy.mapper.SysPermissionMapper.listPermissionByUserId - ==>  Preparing: SELECT p.* FROM sys_user u, sys_permission p LEFT JOIN sys_role_permission rp ON p.permission_id = rp.permission_id LEFT JOIN sys_role_user ru ON rp.role_id = ru.role_id WHERE u.user_id = ?
2021-04-29 00:30:11.092 [DEBUG] com.dippy.mapper.SysPermissionMapper.listPermissionByUserId - ==> Parameters: 1(Integer)
2021-04-29 00:30:11.111 [DEBUG] com.dippy.mapper.SysPermissionMapper.listPermissionByUserId - <==      Total: 80
2021-04-29 00:32:21.254 [DEBUG] com.dippy.mapper.SysUserMapper.selectOne - ==>  Preparing: SELECT user_id,username,password,name,sex,avatar,address_id,province,city,area,detailed_address,phone,email,birthday,is_lock,create_time,update_time FROM sys_user WHERE (username = ?)
2021-04-29 00:32:21.255 [DEBUG] com.dippy.mapper.SysUserMapper.selectOne - ==> Parameters: admin(String)
2021-04-29 00:32:21.259 [DEBUG] com.dippy.mapper.SysUserMapper.selectOne - <==      Total: 1
2021-04-29 00:32:21.274 [DEBUG] com.dippy.mapper.SysRoleUserMapper.selectList - ==>  Preparing: SELECT role_id FROM sys_role_user WHERE (user_id = ?)
2021-04-29 00:32:21.275 [DEBUG] com.dippy.mapper.SysRoleUserMapper.selectList - ==> Parameters: 1(Integer)
2021-04-29 00:32:21.277 [DEBUG] com.dippy.mapper.SysRoleUserMapper.selectList - <==      Total: 1
2021-04-29 00:32:21.279 [DEBUG] com.dippy.mapper.SysPermissionMapper.listPermissionByUserId - ==>  Preparing: SELECT p.* FROM sys_user u, sys_permission p LEFT JOIN sys_role_permission rp ON p.permission_id = rp.permission_id LEFT JOIN sys_role_user ru ON rp.role_id = ru.role_id WHERE u.user_id = ?
2021-04-29 00:32:21.280 [DEBUG] com.dippy.mapper.SysPermissionMapper.listPermissionByUserId - ==> Parameters: 1(Integer)
2021-04-29 00:32:21.298 [DEBUG] com.dippy.mapper.SysPermissionMapper.listPermissionByUserId - <==      Total: 80
2021-04-29 00:33:34.867 [DEBUG] com.dippy.mapper.SysUserMapper.selectOne - ==>  Preparing: SELECT user_id,username,password,name,sex,avatar,address_id,province,city,area,detailed_address,phone,email,birthday,is_lock,create_time,update_time FROM sys_user WHERE (username = ?)
2021-04-29 00:33:34.909 [DEBUG] com.dippy.mapper.SysUserMapper.selectOne - ==> Parameters: admin(String)
2021-04-29 00:33:35.003 [DEBUG] com.dippy.mapper.SysUserMapper.selectOne - <==      Total: 1
2021-04-29 00:33:35.031 [DEBUG] com.dippy.mapper.SysRoleUserMapper.selectList - ==>  Preparing: SELECT role_id FROM sys_role_user WHERE (user_id = ?)
2021-04-29 00:33:35.032 [DEBUG] com.dippy.mapper.SysRoleUserMapper.selectList - ==> Parameters: 1(Integer)
2021-04-29 00:33:35.033 [DEBUG] com.dippy.mapper.SysRoleUserMapper.selectList - <==      Total: 1
2021-04-29 00:33:35.036 [DEBUG] com.dippy.mapper.SysPermissionMapper.listPermissionByUserId - ==>  Preparing: SELECT p.* FROM sys_user u, sys_permission p LEFT JOIN sys_role_permission rp ON p.permission_id = rp.permission_id LEFT JOIN sys_role_user ru ON rp.role_id = ru.role_id WHERE u.user_id = ?
2021-04-29 00:33:35.037 [DEBUG] com.dippy.mapper.SysPermissionMapper.listPermissionByUserId - ==> Parameters: 1(Integer)
2021-04-29 00:33:35.052 [DEBUG] com.dippy.mapper.SysPermissionMapper.listPermissionByUserId - <==      Total: 80
2021-04-29 00:36:34.406 [DEBUG] com.dippy.mapper.SysUserMapper.selectOne - ==>  Preparing: SELECT user_id,username,password,name,sex,avatar,address_id,province,city,area,detailed_address,phone,email,birthday,is_lock,create_time,update_time FROM sys_user WHERE (username = ?)
2021-04-29 00:36:34.407 [DEBUG] com.dippy.mapper.SysUserMapper.selectOne - ==> Parameters: admin(String)
2021-04-29 00:36:34.410 [DEBUG] com.dippy.mapper.SysUserMapper.selectOne - <==      Total: 1
2021-04-29 00:36:34.433 [DEBUG] com.dippy.mapper.SysRoleUserMapper.selectList - ==>  Preparing: SELECT role_id FROM sys_role_user WHERE (user_id = ?)
2021-04-29 00:36:34.434 [DEBUG] com.dippy.mapper.SysRoleUserMapper.selectList - ==> Parameters: 1(Integer)
2021-04-29 00:36:34.436 [DEBUG] com.dippy.mapper.SysRoleUserMapper.selectList - <==      Total: 1
2021-04-29 00:36:34.437 [DEBUG] com.dippy.mapper.SysPermissionMapper.listPermissionByUserId - ==>  Preparing: SELECT p.* FROM sys_user u, sys_permission p LEFT JOIN sys_role_permission rp ON p.permission_id = rp.permission_id LEFT JOIN sys_role_user ru ON rp.role_id = ru.role_id WHERE u.user_id = ?
2021-04-29 00:36:34.438 [DEBUG] com.dippy.mapper.SysPermissionMapper.listPermissionByUserId - ==> Parameters: 1(Integer)
2021-04-29 00:36:34.455 [DEBUG] com.dippy.mapper.SysPermissionMapper.listPermissionByUserId - <==      Total: 80
2021-04-29 00:37:29.499 [DEBUG] com.dippy.mapper.SysUserMapper.selectOne - ==>  Preparing: SELECT user_id,username,password,name,sex,avatar,address_id,province,city,area,detailed_address,phone,email,birthday,is_lock,create_time,update_time FROM sys_user WHERE (username = ?)
2021-04-29 00:37:29.504 [DEBUG] com.dippy.mapper.SysUserMapper.selectOne - ==> Parameters: admin(String)
2021-04-29 00:37:29.520 [DEBUG] com.dippy.mapper.SysUserMapper.selectOne - <==      Total: 1
2021-04-29 00:37:29.540 [DEBUG] com.dippy.mapper.SysRoleUserMapper.selectList - ==>  Preparing: SELECT role_id FROM sys_role_user WHERE (user_id = ?)
2021-04-29 00:37:29.540 [DEBUG] com.dippy.mapper.SysRoleUserMapper.selectList - ==> Parameters: 1(Integer)
2021-04-29 00:37:29.542 [DEBUG] com.dippy.mapper.SysRoleUserMapper.selectList - <==      Total: 1
2021-04-29 00:37:29.544 [DEBUG] com.dippy.mapper.SysPermissionMapper.listPermissionByUserId - ==>  Preparing: SELECT p.* FROM sys_user u, sys_permission p LEFT JOIN sys_role_permission rp ON p.permission_id = rp.permission_id LEFT JOIN sys_role_user ru ON rp.role_id = ru.role_id WHERE u.user_id = ?
2021-04-29 00:37:29.545 [DEBUG] com.dippy.mapper.SysPermissionMapper.listPermissionByUserId - ==> Parameters: 1(Integer)
2021-04-29 00:37:29.557 [DEBUG] com.dippy.mapper.SysPermissionMapper.listPermissionByUserId - <==      Total: 80
2021-04-29 00:40:01.606 [DEBUG] com.dippy.mapper.SysUserMapper.selectOne - ==>  Preparing: SELECT user_id,username,password,name,sex,avatar,address_id,province,city,area,detailed_address,phone,email,birthday,is_lock,create_time,update_time FROM sys_user WHERE (username = ?)
2021-04-29 00:40:01.606 [DEBUG] com.dippy.mapper.SysUserMapper.selectOne - ==> Parameters: admin(String)
2021-04-29 00:40:01.608 [DEBUG] com.dippy.mapper.SysUserMapper.selectOne - <==      Total: 1
2021-04-29 00:40:01.619 [DEBUG] com.dippy.mapper.SysRoleUserMapper.selectList - ==>  Preparing: SELECT role_id FROM sys_role_user WHERE (user_id = ?)
2021-04-29 00:40:01.620 [DEBUG] com.dippy.mapper.SysRoleUserMapper.selectList - ==> Parameters: 1(Integer)
2021-04-29 00:40:01.622 [DEBUG] com.dippy.mapper.SysRoleUserMapper.selectList - <==      Total: 1
2021-04-29 00:40:01.623 [DEBUG] com.dippy.mapper.SysPermissionMapper.listPermissionByUserId - ==>  Preparing: SELECT p.* FROM sys_user u, sys_permission p LEFT JOIN sys_role_permission rp ON p.permission_id = rp.permission_id LEFT JOIN sys_role_user ru ON rp.role_id = ru.role_id WHERE u.user_id = ?
2021-04-29 00:40:01.624 [DEBUG] com.dippy.mapper.SysPermissionMapper.listPermissionByUserId - ==> Parameters: 1(Integer)
2021-04-29 00:40:01.633 [DEBUG] com.dippy.mapper.SysPermissionMapper.listPermissionByUserId - <==      Total: 80
2021-04-29 00:41:26.217 [DEBUG] com.dippy.mapper.SysUserMapper.selectOne - ==>  Preparing: SELECT user_id,username,password,name,sex,avatar,address_id,province,city,area,detailed_address,phone,email,birthday,is_lock,create_time,update_time FROM sys_user WHERE (username = ?)
2021-04-29 00:41:26.220 [DEBUG] com.dippy.mapper.SysUserMapper.selectOne - ==> Parameters: admin(String)
2021-04-29 00:41:26.222 [DEBUG] com.dippy.mapper.SysUserMapper.selectOne - <==      Total: 1
2021-04-29 00:41:26.235 [DEBUG] com.dippy.mapper.SysRoleUserMapper.selectList - ==>  Preparing: SELECT role_id FROM sys_role_user WHERE (user_id = ?)
2021-04-29 00:41:26.236 [DEBUG] com.dippy.mapper.SysRoleUserMapper.selectList - ==> Parameters: 1(Integer)
2021-04-29 00:41:26.237 [DEBUG] com.dippy.mapper.SysRoleUserMapper.selectList - <==      Total: 1
2021-04-29 00:41:26.239 [DEBUG] com.dippy.mapper.SysPermissionMapper.listPermissionByUserId - ==>  Preparing: SELECT p.* FROM sys_user u, sys_permission p LEFT JOIN sys_role_permission rp ON p.permission_id = rp.permission_id LEFT JOIN sys_role_user ru ON rp.role_id = ru.role_id WHERE u.user_id = ?
2021-04-29 00:41:26.239 [DEBUG] com.dippy.mapper.SysPermissionMapper.listPermissionByUserId - ==> Parameters: 1(Integer)
2021-04-29 00:41:26.253 [DEBUG] com.dippy.mapper.SysPermissionMapper.listPermissionByUserId - <==      Total: 80
2021-04-29 14:22:35.829 [DEBUG] com.dippy.mapper.SysUserMapper.selectOne - ==>  Preparing: SELECT user_id,username,password,name,sex,avatar,address_id,province,city,area,detailed_address,phone,email,birthday,is_lock,create_time,update_time FROM sys_user WHERE (username = ?)
2021-04-29 14:22:35.987 [DEBUG] com.dippy.mapper.SysUserMapper.selectOne - ==> Parameters: admin(String)
2021-04-29 14:22:36.050 [DEBUG] com.dippy.mapper.SysUserMapper.selectOne - <==      Total: 1
2021-04-29 14:22:36.076 [DEBUG] com.dippy.mapper.SysRoleUserMapper.selectList - ==>  Preparing: SELECT role_id FROM sys_role_user WHERE (user_id = ?)
2021-04-29 14:22:36.077 [DEBUG] com.dippy.mapper.SysRoleUserMapper.selectList - ==> Parameters: 1(Integer)
2021-04-29 14:22:36.079 [DEBUG] com.dippy.mapper.SysRoleUserMapper.selectList - <==      Total: 1
2021-04-29 14:22:36.083 [DEBUG] com.dippy.mapper.SysPermissionMapper.listPermissionByUserId - ==>  Preparing: SELECT p.* FROM sys_user u, sys_permission p LEFT JOIN sys_role_permission rp ON p.permission_id = rp.permission_id LEFT JOIN sys_role_user ru ON rp.role_id = ru.role_id WHERE u.user_id = ?
2021-04-29 14:22:36.084 [DEBUG] com.dippy.mapper.SysPermissionMapper.listPermissionByUserId - ==> Parameters: 1(Integer)
2021-04-29 14:22:36.100 [DEBUG] com.dippy.mapper.SysPermissionMapper.listPermissionByUserId - <==      Total: 80
2021-04-29 14:23:57.411 [DEBUG] com.dippy.mapper.SysUserMapper.selectOne - ==>  Preparing: SELECT user_id,username,password,name,sex,avatar,address_id,province,city,area,detailed_address,phone,email,birthday,is_lock,create_time,update_time FROM sys_user WHERE (username = ?)
2021-04-29 14:23:57.412 [DEBUG] com.dippy.mapper.SysUserMapper.selectOne - ==> Parameters: admin(String)
2021-04-29 14:23:57.416 [DEBUG] com.dippy.mapper.SysUserMapper.selectOne - <==      Total: 1
2021-04-29 14:23:57.431 [DEBUG] com.dippy.mapper.SysRoleUserMapper.selectList - ==>  Preparing: SELECT role_id FROM sys_role_user WHERE (user_id = ?)
2021-04-29 14:23:57.432 [DEBUG] com.dippy.mapper.SysRoleUserMapper.selectList - ==> Parameters: 1(Integer)
2021-04-29 14:23:57.433 [DEBUG] com.dippy.mapper.SysRoleUserMapper.selectList - <==      Total: 1
2021-04-29 14:23:57.435 [DEBUG] com.dippy.mapper.SysPermissionMapper.listPermissionByUserId - ==>  Preparing: SELECT p.* FROM sys_user u, sys_permission p LEFT JOIN sys_role_permission rp ON p.permission_id = rp.permission_id LEFT JOIN sys_role_user ru ON rp.role_id = ru.role_id WHERE u.user_id = ?
2021-04-29 14:23:57.436 [DEBUG] com.dippy.mapper.SysPermissionMapper.listPermissionByUserId - ==> Parameters: 1(Integer)
2021-04-29 14:23:57.452 [DEBUG] com.dippy.mapper.SysPermissionMapper.listPermissionByUserId - <==      Total: 80
2021-04-29 14:24:46.749 [DEBUG] com.dippy.mapper.SysUserMapper.selectOne - ==>  Preparing: SELECT user_id,username,password,name,sex,avatar,address_id,province,city,area,detailed_address,phone,email,birthday,is_lock,create_time,update_time FROM sys_user WHERE (username = ?)
2021-04-29 14:24:46.750 [DEBUG] com.dippy.mapper.SysUserMapper.selectOne - ==> Parameters: admin(String)
2021-04-29 14:24:46.753 [DEBUG] com.dippy.mapper.SysUserMapper.selectOne - <==      Total: 1
2021-04-29 14:24:46.766 [DEBUG] com.dippy.mapper.SysRoleUserMapper.selectList - ==>  Preparing: SELECT role_id FROM sys_role_user WHERE (user_id = ?)
2021-04-29 14:24:46.767 [DEBUG] com.dippy.mapper.SysRoleUserMapper.selectList - ==> Parameters: 1(Integer)
2021-04-29 14:24:46.768 [DEBUG] com.dippy.mapper.SysRoleUserMapper.selectList - <==      Total: 1
2021-04-29 14:24:46.770 [DEBUG] com.dippy.mapper.SysPermissionMapper.listPermissionByUserId - ==>  Preparing: SELECT p.* FROM sys_user u, sys_permission p LEFT JOIN sys_role_permission rp ON p.permission_id = rp.permission_id LEFT JOIN sys_role_user ru ON rp.role_id = ru.role_id WHERE u.user_id = ?
2021-04-29 14:24:46.771 [DEBUG] com.dippy.mapper.SysPermissionMapper.listPermissionByUserId - ==> Parameters: 1(Integer)
2021-04-29 14:24:46.783 [DEBUG] com.dippy.mapper.SysPermissionMapper.listPermissionByUserId - <==      Total: 80
2021-04-29 16:37:21.386 [DEBUG] com.dippy.mapper.SysUserMapper.selectOne - ==>  Preparing: SELECT user_id,username,password,name,sex,avatar,address_id,province,city,area,detailed_address,phone,email,birthday,is_lock,create_time,update_time FROM sys_user WHERE (username = ?)
2021-04-29 16:37:21.502 [DEBUG] com.dippy.mapper.SysUserMapper.selectOne - ==> Parameters: admin(String)
2021-04-29 16:37:21.507 [DEBUG] com.dippy.mapper.SysUserMapper.selectOne - <==      Total: 1
2021-04-29 16:37:21.521 [DEBUG] com.dippy.mapper.SysRoleUserMapper.selectList - ==>  Preparing: SELECT role_id FROM sys_role_user WHERE (user_id = ?)
2021-04-29 16:37:21.522 [DEBUG] com.dippy.mapper.SysRoleUserMapper.selectList - ==> Parameters: 1(Integer)
2021-04-29 16:37:21.524 [DEBUG] com.dippy.mapper.SysRoleUserMapper.selectList - <==      Total: 1
2021-04-29 16:37:21.525 [DEBUG] com.dippy.mapper.SysPermissionMapper.listPermissionByUserId - ==>  Preparing: SELECT p.* FROM sys_user u, sys_permission p LEFT JOIN sys_role_permission rp ON p.permission_id = rp.permission_id LEFT JOIN sys_role_user ru ON rp.role_id = ru.role_id WHERE u.user_id = ?
2021-04-29 16:37:21.526 [DEBUG] com.dippy.mapper.SysPermissionMapper.listPermissionByUserId - ==> Parameters: 1(Integer)
2021-04-29 16:37:21.536 [DEBUG] com.dippy.mapper.SysPermissionMapper.listPermissionByUserId - <==      Total: 80
2021-04-29 16:55:54.560 [DEBUG] com.dippy.mapper.SysUserMapper.selectOne - ==>  Preparing: SELECT user_id,username,password,name,sex,avatar,address_id,province,city,area,detailed_address,phone,email,birthday,is_lock,create_time,update_time FROM sys_user WHERE (username = ?)
2021-04-29 16:55:54.561 [DEBUG] com.dippy.mapper.SysUserMapper.selectOne - ==> Parameters: admin(String)
2021-04-29 16:55:54.563 [DEBUG] com.dippy.mapper.SysUserMapper.selectOne - <==      Total: 1
2021-04-29 16:55:54.576 [DEBUG] com.dippy.mapper.SysRoleUserMapper.selectList - ==>  Preparing: SELECT role_id FROM sys_role_user WHERE (user_id = ?)
2021-04-29 16:55:54.576 [DEBUG] com.dippy.mapper.SysRoleUserMapper.selectList - ==> Parameters: 1(Integer)
2021-04-29 16:55:54.579 [DEBUG] com.dippy.mapper.SysRoleUserMapper.selectList - <==      Total: 1
2021-04-29 16:55:54.580 [DEBUG] com.dippy.mapper.SysPermissionMapper.listPermissionByUserId - ==>  Preparing: SELECT p.* FROM sys_user u, sys_permission p LEFT JOIN sys_role_permission rp ON p.permission_id = rp.permission_id LEFT JOIN sys_role_user ru ON rp.role_id = ru.role_id WHERE u.user_id = ?
2021-04-29 16:55:54.581 [DEBUG] com.dippy.mapper.SysPermissionMapper.listPermissionByUserId - ==> Parameters: 1(Integer)
2021-04-29 16:55:54.594 [DEBUG] com.dippy.mapper.SysPermissionMapper.listPermissionByUserId - <==      Total: 80
2021-04-29 16:56:20.914 [DEBUG] com.dippy.mapper.SysUserMapper.selectOne - ==>  Preparing: SELECT user_id,username,password,name,sex,avatar,address_id,province,city,area,detailed_address,phone,email,birthday,is_lock,create_time,update_time FROM sys_user WHERE (username = ?)
2021-04-29 16:56:20.917 [DEBUG] com.dippy.mapper.SysUserMapper.selectOne - ==> Parameters: admin(String)
2021-04-29 16:56:20.927 [DEBUG] com.dippy.mapper.SysUserMapper.selectOne - <==      Total: 1
2021-04-29 16:56:20.934 [DEBUG] com.dippy.mapper.SysRoleUserMapper.selectList - ==>  Preparing: SELECT role_id FROM sys_role_user WHERE (user_id = ?)
2021-04-29 16:56:20.937 [DEBUG] com.dippy.mapper.SysRoleUserMapper.selectList - ==> Parameters: 1(Integer)
2021-04-29 16:56:20.939 [DEBUG] com.dippy.mapper.SysRoleUserMapper.selectList - <==      Total: 1
2021-04-29 16:56:20.941 [DEBUG] com.dippy.mapper.SysPermissionMapper.listPermissionByUserId - ==>  Preparing: SELECT p.* FROM sys_user u, sys_permission p LEFT JOIN sys_role_permission rp ON p.permission_id = rp.permission_id LEFT JOIN sys_role_user ru ON rp.role_id = ru.role_id WHERE u.user_id = ?
2021-04-29 16:56:20.942 [DEBUG] com.dippy.mapper.SysPermissionMapper.listPermissionByUserId - ==> Parameters: 1(Integer)
2021-04-29 16:56:20.947 [DEBUG] com.dippy.mapper.SysPermissionMapper.listPermissionByUserId - <==      Total: 80
2021-04-29 16:58:23.061 [DEBUG] com.dippy.mapper.SysUserMapper.selectOne - ==>  Preparing: SELECT user_id,username,password,name,sex,avatar,address_id,province,city,area,detailed_address,phone,email,birthday,is_lock,create_time,update_time FROM sys_user WHERE (username = ?)
2021-04-29 16:58:23.061 [DEBUG] com.dippy.mapper.SysUserMapper.selectOne - ==> Parameters: admin(String)
2021-04-29 16:58:23.064 [DEBUG] com.dippy.mapper.SysUserMapper.selectOne - <==      Total: 1
2021-04-29 16:58:23.079 [DEBUG] com.dippy.mapper.SysRoleUserMapper.selectList - ==>  Preparing: SELECT role_id FROM sys_role_user WHERE (user_id = ?)
2021-04-29 16:58:23.079 [DEBUG] com.dippy.mapper.SysRoleUserMapper.selectList - ==> Parameters: 1(Integer)
2021-04-29 16:58:23.081 [DEBUG] com.dippy.mapper.SysRoleUserMapper.selectList - <==      Total: 1
2021-04-29 16:58:23.084 [DEBUG] com.dippy.mapper.SysPermissionMapper.listPermissionByUserId - ==>  Preparing: SELECT p.* FROM sys_user u, sys_permission p LEFT JOIN sys_role_permission rp ON p.permission_id = rp.permission_id LEFT JOIN sys_role_user ru ON rp.role_id = ru.role_id WHERE u.user_id = ?
2021-04-29 16:58:23.085 [DEBUG] com.dippy.mapper.SysPermissionMapper.listPermissionByUserId - ==> Parameters: 1(Integer)
2021-04-29 16:58:23.090 [DEBUG] com.dippy.mapper.SysPermissionMapper.listPermissionByUserId - <==      Total: 80
2021-04-29 17:03:13.971 [DEBUG] com.dippy.mapper.SysUserMapper.selectOne - ==>  Preparing: SELECT user_id,username,password,name,sex,avatar,address_id,province,city,area,detailed_address,phone,email,birthday,is_lock,create_time,update_time FROM sys_user WHERE (username = ?)
2021-04-29 17:03:13.972 [DEBUG] com.dippy.mapper.SysUserMapper.selectOne - ==> Parameters: admin(String)
2021-04-29 17:03:13.975 [DEBUG] com.dippy.mapper.SysUserMapper.selectOne - <==      Total: 1
2021-04-29 17:03:13.987 [DEBUG] com.dippy.mapper.SysRoleUserMapper.selectList - ==>  Preparing: SELECT role_id FROM sys_role_user WHERE (user_id = ?)
2021-04-29 17:03:13.988 [DEBUG] com.dippy.mapper.SysRoleUserMapper.selectList - ==> Parameters: 1(Integer)
2021-04-29 17:03:13.989 [DEBUG] com.dippy.mapper.SysRoleUserMapper.selectList - <==      Total: 1
2021-04-29 17:03:13.991 [DEBUG] com.dippy.mapper.SysPermissionMapper.listPermissionByUserId - ==>  Preparing: SELECT p.* FROM sys_user u, sys_permission p LEFT JOIN sys_role_permission rp ON p.permission_id = rp.permission_id LEFT JOIN sys_role_user ru ON rp.role_id = ru.role_id WHERE u.user_id = ?
2021-04-29 17:03:13.993 [DEBUG] com.dippy.mapper.SysPermissionMapper.listPermissionByUserId - ==> Parameters: 1(Integer)
2021-04-29 17:03:13.998 [DEBUG] com.dippy.mapper.SysPermissionMapper.listPermissionByUserId - <==      Total: 80
2021-04-29 17:03:34.101 [DEBUG] com.dippy.mapper.CarInfoMapper.selectById - ==>  Preparing: SELECT car_id,car_brand,car_series,car_type,car_price,car_count,car_user_time,transfer_count,car_car_mileage,car_color,car_picture_id,car_gear_box,car_displacement,produce_time,car_configuration,car_seat,car_fuel_type,car_quality_time,car_region_id,car_front_tyre,rear_tyre,car_describe,create_time,update_time,car_status,car_title,user_id,car_picture FROM car_info WHERE car_id=?
2021-04-29 17:03:34.102 [DEBUG] com.dippy.mapper.CarInfoMapper.selectById - ==> Parameters: 1(Integer)
2021-04-29 17:03:34.107 [DEBUG] com.dippy.mapper.CarInfoMapper.selectById - <==      Total: 1
2021-04-29 17:03:34.112 [DEBUG] com.dippy.mapper.CarPictureMapper.selectList - ==>  Preparing: SELECT car_picture_id,car_url,car_picture_location,car_id FROM car_picture WHERE (car_id = ?)
2021-04-29 17:03:34.113 [DEBUG] com.dippy.mapper.CarPictureMapper.selectList - ==> Parameters: 1(Integer)
2021-04-29 17:03:34.115 [DEBUG] com.dippy.mapper.CarPictureMapper.selectList - <==      Total: 8
2021-04-29 17:03:34.119 [DEBUG] com.dippy.mapper.SysUserMapper.selectOne - ==>  Preparing: SELECT name,phone,sex FROM sys_user WHERE (user_id = ?)
2021-04-29 17:03:34.120 [DEBUG] com.dippy.mapper.SysUserMapper.selectOne - ==> Parameters: 1(Integer)
2021-04-29 17:03:34.122 [DEBUG] com.dippy.mapper.SysUserMapper.selectOne - <==      Total: 1
2021-04-29 17:05:37.622 [DEBUG] com.dippy.mapper.CarInfoMapper.selectById - ==>  Preparing: SELECT car_id,car_brand,car_series,car_type,car_price,car_count,car_user_time,transfer_count,car_car_mileage,car_color,car_picture_id,car_gear_box,car_displacement,produce_time,car_configuration,car_seat,car_fuel_type,car_quality_time,car_region_id,car_front_tyre,rear_tyre,car_describe,create_time,update_time,car_status,car_title,user_id,car_picture FROM car_info WHERE car_id=?
2021-04-29 17:05:37.623 [DEBUG] com.dippy.mapper.CarInfoMapper.selectById - ==> Parameters: 1(Integer)
2021-04-29 17:05:37.626 [DEBUG] com.dippy.mapper.CarInfoMapper.selectById - <==      Total: 1
2021-04-29 17:05:37.629 [DEBUG] com.dippy.mapper.CarPictureMapper.selectList - ==>  Preparing: SELECT car_picture_id,car_url,car_picture_location,car_id FROM car_picture WHERE (car_id = ?)
2021-04-29 17:05:37.630 [DEBUG] com.dippy.mapper.CarPictureMapper.selectList - ==> Parameters: 1(Integer)
2021-04-29 17:05:37.634 [DEBUG] com.dippy.mapper.CarPictureMapper.selectList - <==      Total: 8
2021-04-29 17:05:37.637 [DEBUG] com.dippy.mapper.SysUserMapper.selectOne - ==>  Preparing: SELECT name,phone,sex FROM sys_user WHERE (user_id = ?)
2021-04-29 17:05:37.638 [DEBUG] com.dippy.mapper.SysUserMapper.selectOne - ==> Parameters: 1(Integer)
2021-04-29 17:05:37.639 [DEBUG] com.dippy.mapper.SysUserMapper.selectOne - <==      Total: 1
2021-04-29 17:06:38.164 [DEBUG] com.dippy.mapper.CarInfoMapper.selectById - ==>  Preparing: SELECT car_id,car_brand,car_series,car_type,car_price,car_count,car_user_time,transfer_count,car_car_mileage,car_color,car_picture_id,car_gear_box,car_displacement,produce_time,car_configuration,car_seat,car_fuel_type,car_quality_time,car_region_id,car_front_tyre,rear_tyre,car_describe,create_time,update_time,car_status,car_title,user_id,car_picture FROM car_info WHERE car_id=?
2021-04-29 17:06:38.166 [DEBUG] com.dippy.mapper.CarInfoMapper.selectById - ==> Parameters: 1(Integer)
2021-04-29 17:06:38.169 [DEBUG] com.dippy.mapper.CarInfoMapper.selectById - <==      Total: 1
2021-04-29 17:06:38.172 [DEBUG] com.dippy.mapper.CarPictureMapper.selectList - ==>  Preparing: SELECT car_picture_id,car_url,car_picture_location,car_id FROM car_picture WHERE (car_id = ?)
2021-04-29 17:06:38.173 [DEBUG] com.dippy.mapper.CarPictureMapper.selectList - ==> Parameters: 1(Integer)
2021-04-29 17:06:38.174 [DEBUG] com.dippy.mapper.CarPictureMapper.selectList - <==      Total: 8
2021-04-29 17:06:38.178 [DEBUG] com.dippy.mapper.SysUserMapper.selectOne - ==>  Preparing: SELECT name,phone,sex FROM sys_user WHERE (user_id = ?)
2021-04-29 17:06:38.179 [DEBUG] com.dippy.mapper.SysUserMapper.selectOne - ==> Parameters: 1(Integer)
2021-04-29 17:06:38.181 [DEBUG] com.dippy.mapper.SysUserMapper.selectOne - <==      Total: 1
2021-04-29 17:07:33.633 [DEBUG] com.dippy.mapper.CarInfoMapper.selectById - ==>  Preparing: SELECT car_id,car_brand,car_series,car_type,car_price,car_count,car_user_time,transfer_count,car_car_mileage,car_color,car_picture_id,car_gear_box,car_displacement,produce_time,car_configuration,car_seat,car_fuel_type,car_quality_time,car_region_id,car_front_tyre,rear_tyre,car_describe,create_time,update_time,car_status,car_title,user_id,car_picture FROM car_info WHERE car_id=?
2021-04-29 17:07:33.634 [DEBUG] com.dippy.mapper.CarInfoMapper.selectById - ==> Parameters: 1(Integer)
2021-04-29 17:07:33.636 [DEBUG] com.dippy.mapper.CarInfoMapper.selectById - <==      Total: 1
2021-04-29 17:07:33.639 [DEBUG] com.dippy.mapper.CarPictureMapper.selectList - ==>  Preparing: SELECT car_picture_id,car_url,car_picture_location,car_id FROM car_picture WHERE (car_id = ?)
2021-04-29 17:07:33.640 [DEBUG] com.dippy.mapper.CarPictureMapper.selectList - ==> Parameters: 1(Integer)
2021-04-29 17:07:33.642 [DEBUG] com.dippy.mapper.CarPictureMapper.selectList - <==      Total: 8
2021-04-29 17:07:33.646 [DEBUG] com.dippy.mapper.SysUserMapper.selectOne - ==>  Preparing: SELECT name,phone,sex FROM sys_user WHERE (user_id = ?)
2021-04-29 17:07:33.647 [DEBUG] com.dippy.mapper.SysUserMapper.selectOne - ==> Parameters: 1(Integer)
2021-04-29 17:07:33.648 [DEBUG] com.dippy.mapper.SysUserMapper.selectOne - <==      Total: 1
2021-04-29 17:34:38.173 [DEBUG] com.dippy.mapper.CarInfoMapper.selectById - ==>  Preparing: SELECT car_id,car_brand,car_series,car_type,car_price,car_count,car_user_time,transfer_count,car_car_mileage,car_color,car_picture_id,car_gear_box,car_displacement,produce_time,car_configuration,car_seat,car_fuel_type,car_quality_time,car_region_id,car_front_tyre,rear_tyre,car_describe,create_time,update_time,car_status,car_title,user_id,car_picture FROM car_info WHERE car_id=?
2021-04-29 17:34:38.174 [DEBUG] com.dippy.mapper.CarInfoMapper.selectById - ==> Parameters: 1(Integer)
2021-04-29 17:34:38.177 [DEBUG] com.dippy.mapper.CarInfoMapper.selectById - <==      Total: 1
2021-04-29 17:34:38.180 [DEBUG] com.dippy.mapper.CarPictureMapper.selectList - ==>  Preparing: SELECT car_picture_id,car_url,car_picture_location,car_id FROM car_picture WHERE (car_id = ?)
2021-04-29 17:34:38.181 [DEBUG] com.dippy.mapper.CarPictureMapper.selectList - ==> Parameters: 1(Integer)
2021-04-29 17:34:38.183 [DEBUG] com.dippy.mapper.CarPictureMapper.selectList - <==      Total: 8
2021-04-29 17:34:38.185 [DEBUG] com.dippy.mapper.SysUserMapper.selectOne - ==>  Preparing: SELECT name,phone,sex FROM sys_user WHERE (user_id = ?)
2021-04-29 17:34:38.186 [DEBUG] com.dippy.mapper.SysUserMapper.selectOne - ==> Parameters: 1(Integer)
2021-04-29 17:34:38.187 [DEBUG] com.dippy.mapper.SysUserMapper.selectOne - <==      Total: 1
2021-04-29 17:37:26.921 [DEBUG] com.dippy.mapper.CarInfoMapper.selectById - ==>  Preparing: SELECT car_id,car_brand,car_series,car_type,car_price,car_count,car_user_time,transfer_count,car_car_mileage,car_color,car_picture_id,car_gear_box,car_displacement,produce_time,car_configuration,car_seat,car_fuel_type,car_quality_time,car_region_id,car_front_tyre,rear_tyre,car_describe,create_time,update_time,car_status,car_title,user_id,car_picture FROM car_info WHERE car_id=?
2021-04-29 17:37:26.922 [DEBUG] com.dippy.mapper.CarInfoMapper.selectById - ==> Parameters: 1(Integer)
2021-04-29 17:37:26.925 [DEBUG] com.dippy.mapper.CarInfoMapper.selectById - <==      Total: 1
2021-04-29 17:37:26.927 [DEBUG] com.dippy.mapper.CarPictureMapper.selectList - ==>  Preparing: SELECT car_picture_id,car_url,car_picture_location,car_id FROM car_picture WHERE (car_id = ?)
2021-04-29 17:37:26.928 [DEBUG] com.dippy.mapper.CarPictureMapper.selectList - ==> Parameters: 1(Integer)
2021-04-29 17:37:26.930 [DEBUG] com.dippy.mapper.CarPictureMapper.selectList - <==      Total: 8
2021-04-29 17:37:26.933 [DEBUG] com.dippy.mapper.SysUserMapper.selectOne - ==>  Preparing: SELECT name,phone,sex FROM sys_user WHERE (user_id = ?)
2021-04-29 17:37:26.934 [DEBUG] com.dippy.mapper.SysUserMapper.selectOne - ==> Parameters: 1(Integer)
2021-04-29 17:37:26.935 [DEBUG] com.dippy.mapper.SysUserMapper.selectOne - <==      Total: 1
2021-04-29 21:48:35.260 [DEBUG] com.dippy.mapper.CarInfoMapper.selectById - ==>  Preparing: SELECT car_id,car_brand,car_series,car_type,car_price,car_count,car_user_time,transfer_count,car_car_mileage,car_color,car_picture_id,car_gear_box,car_displacement,produce_time,car_configuration,car_seat,car_fuel_type,car_quality_time,car_region_id,car_front_tyre,rear_tyre,car_describe,create_time,update_time,car_status,car_title,user_id,car_picture FROM car_info WHERE car_id=?
2021-04-29 21:48:35.332 [DEBUG] com.dippy.mapper.CarInfoMapper.selectById - ==> Parameters: 1(Integer)
2021-04-29 21:48:35.422 [DEBUG] com.dippy.mapper.CarInfoMapper.selectById - <==      Total: 1
2021-04-29 21:48:35.526 [DEBUG] com.dippy.mapper.CarPictureMapper.selectList - ==>  Preparing: SELECT car_picture_id,car_url,car_picture_location,car_id FROM car_picture WHERE (car_id = ?)
2021-04-29 21:48:35.527 [DEBUG] com.dippy.mapper.CarPictureMapper.selectList - ==> Parameters: 1(Integer)
2021-04-29 21:48:35.540 [DEBUG] com.dippy.mapper.CarPictureMapper.selectList - <==      Total: 8
2021-04-29 21:48:35.551 [DEBUG] com.dippy.mapper.SysUserMapper.selectOne - ==>  Preparing: SELECT name,phone,sex FROM sys_user WHERE (user_id = ?)
2021-04-29 21:48:35.552 [DEBUG] com.dippy.mapper.SysUserMapper.selectOne - ==> Parameters: 1(Integer)
2021-04-29 21:48:35.570 [DEBUG] com.dippy.mapper.SysUserMapper.selectOne - <==      Total: 1
2021-04-29 23:31:51.682 [DEBUG] com.dippy.mapper.CarInfoMapper.selectById - ==>  Preparing: SELECT car_id,car_brand,car_series,car_type,car_price,car_count,car_user_time,transfer_count,car_car_mileage,car_color,car_picture_id,car_gear_box,car_displacement,produce_time,car_configuration,car_seat,car_fuel_type,car_quality_time,car_region_id,car_front_tyre,rear_tyre,car_describe,create_time,update_time,car_status,car_title,user_id,car_picture FROM car_info WHERE car_id=?
2021-04-29 23:31:51.790 [DEBUG] com.dippy.mapper.CarInfoMapper.selectById - ==> Parameters: 1(Integer)
2021-04-29 23:31:51.958 [DEBUG] com.dippy.mapper.CarInfoMapper.selectById - <==      Total: 1
2021-04-29 23:31:52.095 [DEBUG] com.dippy.mapper.CarPictureMapper.selectList - ==>  Preparing: SELECT car_picture_id,car_url,car_picture_location,car_id FROM car_picture WHERE (car_id = ?)
2021-04-29 23:31:52.097 [DEBUG] com.dippy.mapper.CarPictureMapper.selectList - ==> Parameters: 1(Integer)
2021-04-29 23:31:52.112 [DEBUG] com.dippy.mapper.CarPictureMapper.selectList - <==      Total: 8
2021-04-29 23:31:52.124 [DEBUG] com.dippy.mapper.SysUserMapper.selectOne - ==>  Preparing: SELECT name,phone,sex FROM sys_user WHERE (user_id = ?)
2021-04-29 23:31:52.125 [DEBUG] com.dippy.mapper.SysUserMapper.selectOne - ==> Parameters: 1(Integer)
2021-04-29 23:31:52.262 [DEBUG] com.dippy.mapper.SysUserMapper.selectOne - <==      Total: 1
2021-04-29 23:32:33.207 [DEBUG] com.dippy.mapper.SysUserMapper.selectOne - ==>  Preparing: SELECT user_id,username,password,name,sex,avatar,address_id,province,city,area,detailed_address,phone,email,birthday,is_lock,create_time,update_time FROM sys_user WHERE (username = ?)
2021-04-29 23:32:33.209 [DEBUG] com.dippy.mapper.SysUserMapper.selectOne - ==> Parameters: admin(String)
2021-04-29 23:32:33.214 [DEBUG] com.dippy.mapper.SysUserMapper.selectOne - <==      Total: 1
2021-04-29 23:32:33.231 [DEBUG] com.dippy.mapper.SysRoleUserMapper.selectList - ==>  Preparing: SELECT role_id FROM sys_role_user WHERE (user_id = ?)
2021-04-29 23:32:33.231 [DEBUG] com.dippy.mapper.SysRoleUserMapper.selectList - ==> Parameters: 1(Integer)
2021-04-29 23:32:33.253 [DEBUG] com.dippy.mapper.SysRoleUserMapper.selectList - <==      Total: 1
2021-04-29 23:32:33.253 [DEBUG] com.dippy.mapper.SysPermissionMapper.listPermissionByUserId - ==>  Preparing: SELECT p.* FROM sys_user u, sys_permission p LEFT JOIN sys_role_permission rp ON p.permission_id = rp.permission_id LEFT JOIN sys_role_user ru ON rp.role_id = ru.role_id WHERE u.user_id = ?
2021-04-29 23:32:33.255 [DEBUG] com.dippy.mapper.SysPermissionMapper.listPermissionByUserId - ==> Parameters: 1(Integer)
2021-04-29 23:32:33.306 [DEBUG] com.dippy.mapper.SysPermissionMapper.listPermissionByUserId - <==      Total: 80
2021-04-29 23:32:36.597 [DEBUG] com.dippy.mapper.CarInfoMapper.selectById - ==>  Preparing: SELECT car_id,car_brand,car_series,car_type,car_price,car_count,car_user_time,transfer_count,car_car_mileage,car_color,car_picture_id,car_gear_box,car_displacement,produce_time,car_configuration,car_seat,car_fuel_type,car_quality_time,car_region_id,car_front_tyre,rear_tyre,car_describe,create_time,update_time,car_status,car_title,user_id,car_picture FROM car_info WHERE car_id=?
2021-04-29 23:32:36.598 [DEBUG] com.dippy.mapper.CarInfoMapper.selectById - ==> Parameters: 1(Integer)
2021-04-29 23:32:36.601 [DEBUG] com.dippy.mapper.CarInfoMapper.selectById - <==      Total: 1
2021-04-29 23:32:36.604 [DEBUG] com.dippy.mapper.CarPictureMapper.selectList - ==>  Preparing: SELECT car_picture_id,car_url,car_picture_location,car_id FROM car_picture WHERE (car_id = ?)
2021-04-29 23:32:36.606 [DEBUG] com.dippy.mapper.CarPictureMapper.selectList - ==> Parameters: 1(Integer)
2021-04-29 23:32:36.609 [DEBUG] com.dippy.mapper.CarPictureMapper.selectList - <==      Total: 8
2021-04-29 23:32:36.612 [DEBUG] com.dippy.mapper.SysUserMapper.selectOne - ==>  Preparing: SELECT name,phone,sex FROM sys_user WHERE (user_id = ?)
2021-04-29 23:32:36.614 [DEBUG] com.dippy.mapper.SysUserMapper.selectOne - ==> Parameters: 1(Integer)
2021-04-29 23:32:36.615 [DEBUG] com.dippy.mapper.SysUserMapper.selectOne - <==      Total: 1
2021-04-29 23:35:29.031 [DEBUG] com.dippy.mapper.CarInfoMapper.selectById - ==>  Preparing: SELECT car_id,car_brand,car_series,car_type,car_price,car_count,car_user_time,transfer_count,car_car_mileage,car_color,car_picture_id,car_gear_box,car_displacement,produce_time,car_configuration,car_seat,car_fuel_type,car_quality_time,car_region_id,car_front_tyre,rear_tyre,car_describe,create_time,update_time,car_status,car_title,user_id,car_picture FROM car_info WHERE car_id=?
2021-04-29 23:35:29.032 [DEBUG] com.dippy.mapper.CarInfoMapper.selectById - ==> Parameters: 1(Integer)
2021-04-29 23:35:29.035 [DEBUG] com.dippy.mapper.CarInfoMapper.selectById - <==      Total: 1
2021-04-29 23:35:29.038 [DEBUG] com.dippy.mapper.CarPictureMapper.selectList - ==>  Preparing: SELECT car_picture_id,car_url,car_picture_location,car_id FROM car_picture WHERE (car_id = ?)
2021-04-29 23:35:29.039 [DEBUG] com.dippy.mapper.CarPictureMapper.selectList - ==> Parameters: 1(Integer)
2021-04-29 23:35:29.042 [DEBUG] com.dippy.mapper.CarPictureMapper.selectList - <==      Total: 8
2021-04-29 23:35:29.045 [DEBUG] com.dippy.mapper.SysUserMapper.selectOne - ==>  Preparing: SELECT name,phone,sex FROM sys_user WHERE (user_id = ?)
2021-04-29 23:35:29.047 [DEBUG] com.dippy.mapper.SysUserMapper.selectOne - ==> Parameters: 1(Integer)
2021-04-29 23:35:29.049 [DEBUG] com.dippy.mapper.SysUserMapper.selectOne - <==      Total: 1
2021-04-29 23:41:59.063 [DEBUG] com.dippy.mapper.CarInfoMapper.selectById - ==>  Preparing: SELECT car_id,car_brand,car_series,car_type,car_price,car_count,car_user_time,transfer_count,car_car_mileage,car_color,car_picture_id,car_gear_box,car_displacement,produce_time,car_configuration,car_seat,car_fuel_type,car_quality_time,car_region_id,car_front_tyre,rear_tyre,car_describe,create_time,update_time,car_status,car_title,user_id,car_picture FROM car_info WHERE car_id=?
2021-04-29 23:41:59.065 [DEBUG] com.dippy.mapper.CarInfoMapper.selectById - ==> Parameters: 1(Integer)
2021-04-29 23:41:59.068 [DEBUG] com.dippy.mapper.CarInfoMapper.selectById - <==      Total: 1
2021-04-29 23:41:59.070 [DEBUG] com.dippy.mapper.CarPictureMapper.selectList - ==>  Preparing: SELECT car_picture_id,car_url,car_picture_location,car_id FROM car_picture WHERE (car_id = ?)
2021-04-29 23:41:59.071 [DEBUG] com.dippy.mapper.CarPictureMapper.selectList - ==> Parameters: 1(Integer)
2021-04-29 23:41:59.074 [DEBUG] com.dippy.mapper.CarPictureMapper.selectList - <==      Total: 8
2021-04-29 23:41:59.077 [DEBUG] com.dippy.mapper.SysUserMapper.selectOne - ==>  Preparing: SELECT name,phone,sex FROM sys_user WHERE (user_id = ?)
2021-04-29 23:41:59.078 [DEBUG] com.dippy.mapper.SysUserMapper.selectOne - ==> Parameters: 1(Integer)
2021-04-29 23:41:59.080 [DEBUG] com.dippy.mapper.SysUserMapper.selectOne - <==      Total: 1
2021-04-29 23:43:23.247 [DEBUG] com.dippy.mapper.CarInfoMapper.selectById - ==>  Preparing: SELECT car_id,car_brand,car_series,car_type,car_price,car_count,car_user_time,transfer_count,car_car_mileage,car_color,car_picture_id,car_gear_box,car_displacement,produce_time,car_configuration,car_seat,car_fuel_type,car_quality_time,car_region_id,car_front_tyre,rear_tyre,car_describe,create_time,update_time,car_status,car_title,user_id,car_picture FROM car_info WHERE car_id=?
2021-04-29 23:43:23.249 [DEBUG] com.dippy.mapper.CarInfoMapper.selectById - ==> Parameters: 1(Integer)
2021-04-29 23:43:23.253 [DEBUG] com.dippy.mapper.CarInfoMapper.selectById - <==      Total: 1
2021-04-29 23:43:23.258 [DEBUG] com.dippy.mapper.CarPictureMapper.selectList - ==>  Preparing: SELECT car_picture_id,car_url,car_picture_location,car_id FROM car_picture WHERE (car_id = ?)
2021-04-29 23:43:23.259 [DEBUG] com.dippy.mapper.CarPictureMapper.selectList - ==> Parameters: 1(Integer)
2021-04-29 23:43:23.262 [DEBUG] com.dippy.mapper.CarPictureMapper.selectList - <==      Total: 8
2021-04-29 23:43:23.264 [DEBUG] com.dippy.mapper.SysUserMapper.selectOne - ==>  Preparing: SELECT name,phone,sex FROM sys_user WHERE (user_id = ?)
2021-04-29 23:43:23.264 [DEBUG] com.dippy.mapper.SysUserMapper.selectOne - ==> Parameters: 1(Integer)
2021-04-29 23:43:23.266 [DEBUG] com.dippy.mapper.SysUserMapper.selectOne - <==      Total: 1
2021-04-29 23:46:18.245 [DEBUG] com.dippy.mapper.CarInfoMapper.selectById - ==>  Preparing: SELECT car_id,car_brand,car_series,car_type,car_price,car_count,car_user_time,transfer_count,car_car_mileage,car_color,car_picture_id,car_gear_box,car_displacement,produce_time,car_configuration,car_seat,car_fuel_type,car_quality_time,car_region_id,car_front_tyre,rear_tyre,car_describe,create_time,update_time,car_status,car_title,user_id,car_picture FROM car_info WHERE car_id=?
2021-04-29 23:46:18.246 [DEBUG] com.dippy.mapper.CarInfoMapper.selectById - ==> Parameters: 1(Integer)
2021-04-29 23:46:18.248 [DEBUG] com.dippy.mapper.CarInfoMapper.selectById - <==      Total: 1
2021-04-29 23:46:18.250 [DEBUG] com.dippy.mapper.CarPictureMapper.selectList - ==>  Preparing: SELECT car_picture_id,car_url,car_picture_location,car_id FROM car_picture WHERE (car_id = ?)
2021-04-29 23:46:18.250 [DEBUG] com.dippy.mapper.CarPictureMapper.selectList - ==> Parameters: 1(Integer)
2021-04-29 23:46:18.252 [DEBUG] com.dippy.mapper.CarPictureMapper.selectList - <==      Total: 8
2021-04-29 23:46:18.255 [DEBUG] com.dippy.mapper.SysUserMapper.selectOne - ==>  Preparing: SELECT name,phone,sex FROM sys_user WHERE (user_id = ?)
2021-04-29 23:46:18.256 [DEBUG] com.dippy.mapper.SysUserMapper.selectOne - ==> Parameters: 1(Integer)
2021-04-29 23:46:18.257 [DEBUG] com.dippy.mapper.SysUserMapper.selectOne - <==      Total: 1
2021-04-29 23:49:14.594 [DEBUG] com.dippy.mapper.CarInfoMapper.selectById - ==>  Preparing: SELECT car_id,car_brand,car_series,car_type,car_price,car_count,car_user_time,transfer_count,car_car_mileage,car_color,car_picture_id,car_gear_box,car_displacement,produce_time,car_configuration,car_seat,car_fuel_type,car_quality_time,car_region_id,car_front_tyre,rear_tyre,car_describe,create_time,update_time,car_status,car_title,user_id,car_picture FROM car_info WHERE car_id=?
2021-04-29 23:49:14.595 [DEBUG] com.dippy.mapper.CarInfoMapper.selectById - ==> Parameters: 1(Integer)
2021-04-29 23:49:14.621 [DEBUG] com.dippy.mapper.CarInfoMapper.selectById - <==      Total: 1
2021-04-29 23:49:14.623 [DEBUG] com.dippy.mapper.CarPictureMapper.selectList - ==>  Preparing: SELECT car_picture_id,car_url,car_picture_location,car_id FROM car_picture WHERE (car_id = ?)
2021-04-29 23:49:14.624 [DEBUG] com.dippy.mapper.CarPictureMapper.selectList - ==> Parameters: 1(Integer)
2021-04-29 23:49:14.626 [DEBUG] com.dippy.mapper.CarPictureMapper.selectList - <==      Total: 8
2021-04-29 23:49:14.629 [DEBUG] com.dippy.mapper.SysUserMapper.selectOne - ==>  Preparing: SELECT name,phone,sex FROM sys_user WHERE (user_id = ?)
2021-04-29 23:49:14.630 [DEBUG] com.dippy.mapper.SysUserMapper.selectOne - ==> Parameters: 1(Integer)
2021-04-29 23:49:14.632 [DEBUG] com.dippy.mapper.SysUserMapper.selectOne - <==      Total: 1
