2021-02-25 23:28:25.222 [INFO ] org.hibernate.validator.internal.util.Version - HV000001: Hibernate Validator 6.1.5.Final
2021-02-25 23:28:25.866 [INFO ] com.dippy.SpringbootSecondcarApplication - Starting SpringbootSecondcarApplication on LAPTOP-LTJAKFJ8 with PID 12596 (E:\workspace\IDEA\springboot\springboot-secondcar\target\classes started by Mindless in E:\workspace\IDEA\springboot\springboot-secondcar)
2021-02-25 23:28:25.868 [INFO ] com.dippy.SpringbootSecondcarApplication - No active profile set, falling back to default profiles: default
2021-02-25 23:28:26.061 [INFO ] org.springframework.boot.devtools.env.DevToolsPropertyDefaultsPostProcessor - Devtools property defaults active! Set 'spring.devtools.add-properties' to 'false' to disable
2021-02-25 23:28:26.062 [INFO ] org.springframework.boot.devtools.env.DevToolsPropertyDefaultsPostProcessor - For additional web related logging consider setting the 'logging.level.web' property to 'DEBUG'
2021-02-25 23:28:29.539 [INFO ] org.springframework.data.repository.config.RepositoryConfigurationDelegate - Multiple Spring Data modules found, entering strict repository configuration mode!
2021-02-25 23:28:29.546 [INFO ] org.springframework.data.repository.config.RepositoryConfigurationDelegate - Bootstrapping Spring Data Redis repositories in DEFAULT mode.
2021-02-25 23:28:29.772 [INFO ] org.springframework.data.repository.config.RepositoryConfigurationDelegate - Finished Spring Data repository scanning in 163ms. Found 0 Redis repository interfaces.
2021-02-25 23:28:30.606 [INFO ] org.springframework.context.support.PostProcessorRegistrationDelegate$BeanPostProcessorChecker - Bean 'org.springframework.security.access.expression.method.DefaultMethodSecurityExpressionHandler@5bee479f' of type [org.springframework.security.access.expression.method.DefaultMethodSecurityExpressionHandler] is not eligible for getting processed by all BeanPostProcessors (for example: not eligible for auto-proxying)
2021-02-25 23:28:30.620 [INFO ] org.springframework.context.support.PostProcessorRegistrationDelegate$BeanPostProcessorChecker - Bean 'methodSecurityMetadataSource' of type [org.springframework.security.access.method.DelegatingMethodSecurityMetadataSource] is not eligible for getting processed by all BeanPostProcessors (for example: not eligible for auto-proxying)
2021-02-25 23:28:31.830 [INFO ] org.springframework.boot.web.embedded.tomcat.TomcatWebServer - Tomcat initialized with port(s): 8090 (http)
2021-02-25 23:28:31.901 [INFO ] org.apache.coyote.http11.Http11NioProtocol - Initializing ProtocolHandler ["http-nio-8090"]
2021-02-25 23:28:31.902 [INFO ] org.apache.catalina.core.StandardService - Starting service [Tomcat]
2021-02-25 23:28:31.903 [INFO ] org.apache.catalina.core.StandardEngine - Starting Servlet engine: [Apache Tomcat/9.0.38]
2021-02-25 23:28:32.252 [INFO ] org.apache.catalina.core.ContainerBase.[Tomcat].[localhost].[/] - Initializing Spring embedded WebApplicationContext
2021-02-25 23:28:32.252 [INFO ] org.springframework.boot.web.servlet.context.ServletWebServerApplicationContext - Root WebApplicationContext: initialization completed in 6190 ms
2021-02-25 23:28:37.135 [INFO ] springfox.documentation.spring.web.PropertySourcedRequestMappingHandlerMapping - Mapped URL path [/v2/api-docs] onto method [springfox.documentation.swagger2.web.Swagger2Controller#getDocumentation(String, HttpServletRequest)]
2021-02-25 23:28:37.529 [INFO ] org.springframework.scheduling.concurrent.ThreadPoolTaskExecutor - Initializing ExecutorService 'applicationTaskExecutor'
2021-02-25 23:28:37.673 [INFO ] org.springframework.boot.devtools.autoconfigure.OptionalLiveReloadServer - LiveReload server is running on port 35729
2021-02-25 23:28:39.114 [INFO ] org.springframework.security.web.DefaultSecurityFilterChain - Creating filter chain: Ant [pattern='/captcha.jpg'], []
2021-02-25 23:28:39.217 [INFO ] org.springframework.security.web.DefaultSecurityFilterChain - Creating filter chain: any request, [org.springframework.security.web.context.request.async.WebAsyncManagerIntegrationFilter@4fa95342, org.springframework.security.web.context.SecurityContextPersistenceFilter@5ca81c3, org.springframework.security.web.header.HeaderWriterFilter@5a8429a3, org.springframework.web.filter.CorsFilter@57d5ef2, org.springframework.security.web.authentication.logout.LogoutFilter@7864f782, com.dippy.filter.VerifyCodeFilter@163755f5, com.dippy.filter.VerifyCodeFilter@163755f5, com.dippy.filter.TokenFilter@14da4712, org.springframework.security.web.authentication.UsernamePasswordAuthenticationFilter@b0a4579, org.springframework.security.web.savedrequest.RequestCacheAwareFilter@6b25a4dd, org.springframework.security.web.servletapi.SecurityContextHolderAwareRequestFilter@4ca4414a, org.springframework.security.web.authentication.rememberme.RememberMeAuthenticationFilter@5454601f, org.springframework.security.web.authentication.AnonymousAuthenticationFilter@640120a, org.springframework.security.web.session.SessionManagementFilter@6aca2fda, org.springframework.security.web.access.ExceptionTranslationFilter@4320e231, org.springframework.security.web.access.intercept.FilterSecurityInterceptor@5ba24055]
2021-02-25 23:28:39.355 [INFO ] org.apache.coyote.http11.Http11NioProtocol - Starting ProtocolHandler ["http-nio-8090"]
2021-02-25 23:28:39.407 [INFO ] org.springframework.boot.web.embedded.tomcat.TomcatWebServer - Tomcat started on port(s): 8090 (http) with context path ''
2021-02-25 23:28:39.410 [INFO ] springfox.documentation.spring.web.plugins.DocumentationPluginsBootstrapper - Context refreshed
2021-02-25 23:28:39.451 [INFO ] springfox.documentation.spring.web.plugins.DocumentationPluginsBootstrapper - Found 1 custom documentation plugin(s)
2021-02-25 23:28:39.536 [INFO ] springfox.documentation.spring.web.scanners.ApiListingReferenceScanner - Scanning for api listing references
2021-02-25 23:28:39.839 [INFO ] com.dippy.SpringbootSecondcarApplication - Started SpringbootSecondcarApplication in 17.842 seconds (JVM running for 45.52)
2021-02-25 23:30:23.685 [INFO ] org.springframework.scheduling.concurrent.ThreadPoolTaskExecutor - Shutting down ExecutorService 'applicationTaskExecutor'
2021-02-25 23:38:53.206 [INFO ] org.hibernate.validator.internal.util.Version - HV000001: Hibernate Validator 6.1.5.Final
2021-02-25 23:38:53.348 [INFO ] com.dippy.SpringbootSecondcarApplication - Starting SpringbootSecondcarApplication on LAPTOP-LTJAKFJ8 with PID 16408 (E:\workspace\IDEA\springboot\springboot-secondcar\target\classes started by Mindless in E:\workspace\IDEA\springboot\springboot-secondcar)
2021-02-25 23:38:53.351 [INFO ] com.dippy.SpringbootSecondcarApplication - No active profile set, falling back to default profiles: default
2021-02-25 23:38:53.513 [INFO ] org.springframework.boot.devtools.env.DevToolsPropertyDefaultsPostProcessor - Devtools property defaults active! Set 'spring.devtools.add-properties' to 'false' to disable
2021-02-25 23:38:53.514 [INFO ] org.springframework.boot.devtools.env.DevToolsPropertyDefaultsPostProcessor - For additional web related logging consider setting the 'logging.level.web' property to 'DEBUG'
2021-02-25 23:38:55.539 [INFO ] org.springframework.data.repository.config.RepositoryConfigurationDelegate - Multiple Spring Data modules found, entering strict repository configuration mode!
2021-02-25 23:38:55.547 [INFO ] org.springframework.data.repository.config.RepositoryConfigurationDelegate - Bootstrapping Spring Data Redis repositories in DEFAULT mode.
2021-02-25 23:38:55.737 [INFO ] org.springframework.data.repository.config.RepositoryConfigurationDelegate - Finished Spring Data repository scanning in 153ms. Found 0 Redis repository interfaces.
2021-02-25 23:38:56.516 [INFO ] org.springframework.context.support.PostProcessorRegistrationDelegate$BeanPostProcessorChecker - Bean 'org.springframework.security.access.expression.method.DefaultMethodSecurityExpressionHandler@d16209e' of type [org.springframework.security.access.expression.method.DefaultMethodSecurityExpressionHandler] is not eligible for getting processed by all BeanPostProcessors (for example: not eligible for auto-proxying)
2021-02-25 23:38:56.526 [INFO ] org.springframework.context.support.PostProcessorRegistrationDelegate$BeanPostProcessorChecker - Bean 'methodSecurityMetadataSource' of type [org.springframework.security.access.method.DelegatingMethodSecurityMetadataSource] is not eligible for getting processed by all BeanPostProcessors (for example: not eligible for auto-proxying)
2021-02-25 23:38:57.492 [INFO ] org.springframework.boot.web.embedded.tomcat.TomcatWebServer - Tomcat initialized with port(s): 8090 (http)
2021-02-25 23:38:57.514 [INFO ] org.apache.coyote.http11.Http11NioProtocol - Initializing ProtocolHandler ["http-nio-8090"]
2021-02-25 23:38:57.515 [INFO ] org.apache.catalina.core.StandardService - Starting service [Tomcat]
2021-02-25 23:38:57.516 [INFO ] org.apache.catalina.core.StandardEngine - Starting Servlet engine: [Apache Tomcat/9.0.38]
2021-02-25 23:38:57.817 [INFO ] org.apache.catalina.core.ContainerBase.[Tomcat].[localhost].[/] - Initializing Spring embedded WebApplicationContext
2021-02-25 23:38:57.818 [INFO ] org.springframework.boot.web.servlet.context.ServletWebServerApplicationContext - Root WebApplicationContext: initialization completed in 4304 ms
2021-02-25 23:39:01.745 [INFO ] springfox.documentation.spring.web.PropertySourcedRequestMappingHandlerMapping - Mapped URL path [/v2/api-docs] onto method [springfox.documentation.swagger2.web.Swagger2Controller#getDocumentation(String, HttpServletRequest)]
2021-02-25 23:39:02.014 [INFO ] org.springframework.scheduling.concurrent.ThreadPoolTaskExecutor - Initializing ExecutorService 'applicationTaskExecutor'
2021-02-25 23:39:02.101 [INFO ] org.springframework.boot.devtools.autoconfigure.OptionalLiveReloadServer - LiveReload server is running on port 35729
2021-02-25 23:39:03.123 [INFO ] org.springframework.security.web.DefaultSecurityFilterChain - Creating filter chain: Ant [pattern='/captcha.jpg'], []
2021-02-25 23:39:03.203 [INFO ] org.springframework.security.web.DefaultSecurityFilterChain - Creating filter chain: any request, [org.springframework.security.web.context.request.async.WebAsyncManagerIntegrationFilter@54d0d561, org.springframework.security.web.context.SecurityContextPersistenceFilter@3725242e, org.springframework.security.web.header.HeaderWriterFilter@5911dd25, org.springframework.web.filter.CorsFilter@2fc435e9, org.springframework.security.web.authentication.logout.LogoutFilter@b42d1c8, com.dippy.filter.VerifyCodeFilter@478fe415, com.dippy.filter.VerifyCodeFilter@478fe415, com.dippy.filter.TokenFilter@31dd0e2e, org.springframework.security.web.authentication.UsernamePasswordAuthenticationFilter@73983f07, org.springframework.security.web.savedrequest.RequestCacheAwareFilter@6860c000, org.springframework.security.web.servletapi.SecurityContextHolderAwareRequestFilter@4a5dc126, org.springframework.security.web.authentication.rememberme.RememberMeAuthenticationFilter@26c349fc, org.springframework.security.web.authentication.AnonymousAuthenticationFilter@489a722d, org.springframework.security.web.session.SessionManagementFilter@6d8cbd1a, org.springframework.security.web.access.ExceptionTranslationFilter@20dfe8b2, org.springframework.security.web.access.intercept.FilterSecurityInterceptor@6f526f91]
2021-02-25 23:39:03.332 [INFO ] org.apache.coyote.http11.Http11NioProtocol - Starting ProtocolHandler ["http-nio-8090"]
2021-02-25 23:39:03.377 [INFO ] org.springframework.boot.web.embedded.tomcat.TomcatWebServer - Tomcat started on port(s): 8090 (http) with context path ''
2021-02-25 23:39:03.378 [INFO ] springfox.documentation.spring.web.plugins.DocumentationPluginsBootstrapper - Context refreshed
2021-02-25 23:39:03.403 [INFO ] springfox.documentation.spring.web.plugins.DocumentationPluginsBootstrapper - Found 1 custom documentation plugin(s)
2021-02-25 23:39:03.475 [INFO ] springfox.documentation.spring.web.scanners.ApiListingReferenceScanner - Scanning for api listing references
2021-02-25 23:39:03.770 [INFO ] com.dippy.SpringbootSecondcarApplication - Started SpringbootSecondcarApplication in 12.179 seconds (JVM running for 18.954)
2021-02-25 23:39:18.077 [INFO ] org.apache.catalina.core.ContainerBase.[Tomcat].[localhost].[/] - Initializing Spring DispatcherServlet 'dispatcherServlet'
2021-02-25 23:39:20.373 [INFO ] com.dippy.controller.KaptchaController - 生成的getCaptcha: apcb6
2021-02-25 23:39:52.354 [INFO ] com.dippy.controller.KaptchaController - 生成的getCaptcha: nnnaw
2021-02-25 23:45:29.796 [INFO ] com.zaxxer.hikari.HikariDataSource - HikariPool-1 - Starting...
2021-02-25 23:45:30.455 [INFO ] com.zaxxer.hikari.HikariDataSource - HikariPool-1 - Start completed.
