2021-05-01 13:43:28.380 [INFO ] org.springframework.amqp.rabbit.connection.CachingConnectionFactory - Attempting to connect to: [yuechi.com:5672]
2021-05-01 13:43:28.337 [INFO ] io.lettuce.core.protocol.ConnectionWatchdog - Reconnecting, last destination was yuechi.com:6379
2021-05-01 13:43:39.667 [INFO ] io.lettuce.core.protocol.ConnectionWatchdog - Reconnecting, last destination was yuechi.com:6379
2021-05-01 13:43:44.570 [INFO ] io.lettuce.core.protocol.ReconnectionHandler - Reconnected to yuechi.com:6379
2021-05-01 13:43:55.837 [INFO ] org.springframework.amqp.rabbit.listener.SimpleMessageListenerContainer - Restarting Consumer@3b861590: tags=[[]], channel=null, acknowledgeMode=AUTO local queue size=0
2021-05-01 13:43:55.905 [INFO ] org.springframework.amqp.rabbit.connection.CachingConnectionFactory - Attempting to connect to: [yuechi.com:5672]
2021-05-01 13:43:56.216 [INFO ] org.springframework.amqp.rabbit.connection.CachingConnectionFactory - Created new connection: rabbitConnectionFactory#62682ece:3/SimpleConnection@1cd250a4 [delegate=amqp://guest@192.168.88.136:5672/, localPort= 63532]
2021-05-01 16:12:54.196 [INFO ] com.dippy.service.impl.TokenServiceJWTImpl - delete jwtToken:eyJhbGciOiJIUzI1NiJ9.eyJMT0dJTl9VU0VSX0tFWSI6ImQ5MzlhMmM2LWQ2ZDItNDk4NS04YWRlLWU1ZjkyYWI2MDIwOCJ9.OxwhKi_ep9Nohw9f8ZKyW1m16yKGvDnSNSt3iJxBjy8
2021-05-01 16:12:54.201 [INFO ] com.dippy.service.impl.TokenServiceJWTImpl - delete uuid:d939a2c6-d6d2-4985-8ade-e5f92ab60208
2021-05-01 16:12:54.201 [INFO ] com.dippy.service.impl.TokenServiceJWTImpl - delete key:tokens:d939a2c6-d6d2-4985-8ade-e5f92ab60208
2021-05-01 16:12:55.649 [INFO ] com.dippy.es.service.impl.SearchServiceImpl - 构建的DSL语句为：{"from":0,"size":10,"query":{"bool":{"filter":[{"range":{"carPrice":{"from":0.0,"to":null,"include_lower":true,"include_upper":true,"boost":1.0}}}],"adjust_pure_negative":true,"boost":1.0}}}
2021-05-01 16:12:55.804 [INFO ] com.dippy.es.service.impl.SearchServiceImpl - 构建的聚合DSL语句为：{"from":0,"size":10,"query":{"bool":{"filter":[{"range":{"carPrice":{"from":0.0,"to":null,"include_lower":true,"include_upper":true,"boost":1.0}}}],"adjust_pure_negative":true,"boost":1.0}},"aggregations":{"car_brand_agg":{"terms":{"field":"carBrand.keyword","size":50,"min_doc_count":1,"shard_min_doc_count":0,"show_term_doc_count_error":false,"order":[{"_count":"desc"},{"_key":"asc"}]},"aggregations":{"car_brand_id":{"terms":{"field":"carId","size":1,"min_doc_count":1,"shard_min_doc_count":0,"show_term_doc_count_error":false,"order":[{"_count":"desc"},{"_key":"asc"}]}}}},"car_series":{"terms":{"field":"carSeries.keyword","size":50,"min_doc_count":1,"shard_min_doc_count":0,"show_term_doc_count_error":false,"order":[{"_count":"desc"},{"_key":"asc"}]}},"car_user_time":{"terms":{"field":"carUserTime","size":10,"min_doc_count":1,"shard_min_doc_count":0,"show_term_doc_count_error":false,"order":[{"_count":"desc"},{"_key":"asc"}]}},"car_type":{"terms":{"field":"carType.keyword","size":10,"min_doc_count":1,"shard_min_doc_count":0,"show_term_doc_count_error":false,"order":[{"_count":"desc"},{"_key":"asc"}]}},"transfer_count":{"terms":{"field":"transferCount","size":10,"min_doc_count":1,"shard_min_doc_count":0,"show_term_doc_count_error":false,"order":[{"_count":"desc"},{"_key":"asc"}]}},"car_car_mileage":{"terms":{"field":"carCarMileage","size":10,"min_doc_count":1,"shard_min_doc_count":0,"show_term_doc_count_error":false,"order":[{"_count":"desc"},{"_key":"asc"}]}},"car_gear_box":{"terms":{"field":"carGearBox.keyword","size":5,"min_doc_count":1,"shard_min_doc_count":0,"show_term_doc_count_error":false,"order":[{"_count":"desc"},{"_key":"asc"}]}},"car_seat":{"terms":{"field":"carSeat","size":5,"min_doc_count":1,"shard_min_doc_count":0,"show_term_doc_count_error":false,"order":[{"_count":"desc"},{"_key":"asc"}]}},"car_fuel_type":{"terms":{"field":"carFuelType.keyword","size":5,"min_doc_count":1,"shard_min_doc_count":0,"show_term_doc_count_error":false,"order":[{"_count":"desc"},{"_key":"asc"}]}},"car_price":{"terms":{"field":"carPrice","size":10,"min_doc_count":1,"shard_min_doc_count":0,"show_term_doc_count_error":false,"order":[{"_count":"desc"},{"_key":"asc"}]}},"car_color":{"terms":{"field":"carColor.keyword","size":10,"min_doc_count":1,"shard_min_doc_count":0,"show_term_doc_count_error":false,"order":[{"_count":"desc"},{"_key":"asc"}]}}}}
2021-05-01 16:13:08.788 [INFO ] com.dippy.controller.KaptchaController - 生成的getCaptcha: ab7e7
2021-05-01 16:13:21.261 [INFO ] com.dippy.service.impl.UserDetailServiceImpl - 执行UserDetailServiceImpl自定义登录逻辑---admin--用户名
2021-05-01 16:13:21.515 [INFO ] com.dippy.common.SecurityHandlerConfig - 执行了SecurityHandlerConfig登录成功处理器------
2021-05-01 16:13:22.937 [INFO ] com.dippy.service.impl.TokenServiceJWTImpl - 生成的jwttoken为：eyJhbGciOiJIUzI1NiJ9.eyJMT0dJTl9VU0VSX0tFWSI6IjY2NDNhMmQxLThiNWMtNDcwNi1hNDBiLTZmNzc5MmRmYTRhNCJ9.sy3bYTp414FKjh9G4liFL9xDj46-nnMvcsWGj2Q6xfY
2021-05-01 16:13:22.953 [INFO ] com.dippy.controller.SysUserController - 登录成功页面
2021-05-01 16:13:23.819 [INFO ] com.dippy.es.service.impl.SearchServiceImpl - 构建的DSL语句为：{"from":0,"size":10,"query":{"bool":{"filter":[{"range":{"carPrice":{"from":0.0,"to":null,"include_lower":true,"include_upper":true,"boost":1.0}}}],"adjust_pure_negative":true,"boost":1.0}}}
2021-05-01 16:13:23.820 [INFO ] com.dippy.es.service.impl.SearchServiceImpl - 构建的聚合DSL语句为：{"from":0,"size":10,"query":{"bool":{"filter":[{"range":{"carPrice":{"from":0.0,"to":null,"include_lower":true,"include_upper":true,"boost":1.0}}}],"adjust_pure_negative":true,"boost":1.0}},"aggregations":{"car_brand_agg":{"terms":{"field":"carBrand.keyword","size":50,"min_doc_count":1,"shard_min_doc_count":0,"show_term_doc_count_error":false,"order":[{"_count":"desc"},{"_key":"asc"}]},"aggregations":{"car_brand_id":{"terms":{"field":"carId","size":1,"min_doc_count":1,"shard_min_doc_count":0,"show_term_doc_count_error":false,"order":[{"_count":"desc"},{"_key":"asc"}]}}}},"car_series":{"terms":{"field":"carSeries.keyword","size":50,"min_doc_count":1,"shard_min_doc_count":0,"show_term_doc_count_error":false,"order":[{"_count":"desc"},{"_key":"asc"}]}},"car_user_time":{"terms":{"field":"carUserTime","size":10,"min_doc_count":1,"shard_min_doc_count":0,"show_term_doc_count_error":false,"order":[{"_count":"desc"},{"_key":"asc"}]}},"car_type":{"terms":{"field":"carType.keyword","size":10,"min_doc_count":1,"shard_min_doc_count":0,"show_term_doc_count_error":false,"order":[{"_count":"desc"},{"_key":"asc"}]}},"transfer_count":{"terms":{"field":"transferCount","size":10,"min_doc_count":1,"shard_min_doc_count":0,"show_term_doc_count_error":false,"order":[{"_count":"desc"},{"_key":"asc"}]}},"car_car_mileage":{"terms":{"field":"carCarMileage","size":10,"min_doc_count":1,"shard_min_doc_count":0,"show_term_doc_count_error":false,"order":[{"_count":"desc"},{"_key":"asc"}]}},"car_gear_box":{"terms":{"field":"carGearBox.keyword","size":5,"min_doc_count":1,"shard_min_doc_count":0,"show_term_doc_count_error":false,"order":[{"_count":"desc"},{"_key":"asc"}]}},"car_seat":{"terms":{"field":"carSeat","size":5,"min_doc_count":1,"shard_min_doc_count":0,"show_term_doc_count_error":false,"order":[{"_count":"desc"},{"_key":"asc"}]}},"car_fuel_type":{"terms":{"field":"carFuelType.keyword","size":5,"min_doc_count":1,"shard_min_doc_count":0,"show_term_doc_count_error":false,"order":[{"_count":"desc"},{"_key":"asc"}]}},"car_price":{"terms":{"field":"carPrice","size":10,"min_doc_count":1,"shard_min_doc_count":0,"show_term_doc_count_error":false,"order":[{"_count":"desc"},{"_key":"asc"}]}},"car_color":{"terms":{"field":"carColor.keyword","size":10,"min_doc_count":1,"shard_min_doc_count":0,"show_term_doc_count_error":false,"order":[{"_count":"desc"},{"_key":"asc"}]}}}}
2021-05-01 16:30:45.135 [INFO ] com.dippy.es.service.impl.SearchServiceImpl - 构建的DSL语句为：{"from":0,"size":10,"query":{"bool":{"filter":[{"range":{"carPrice":{"from":0.0,"to":null,"include_lower":true,"include_upper":true,"boost":1.0}}}],"adjust_pure_negative":true,"boost":1.0}}}
2021-05-01 16:30:45.137 [INFO ] com.dippy.es.service.impl.SearchServiceImpl - 构建的聚合DSL语句为：{"from":0,"size":10,"query":{"bool":{"filter":[{"range":{"carPrice":{"from":0.0,"to":null,"include_lower":true,"include_upper":true,"boost":1.0}}}],"adjust_pure_negative":true,"boost":1.0}},"aggregations":{"car_brand_agg":{"terms":{"field":"carBrand.keyword","size":50,"min_doc_count":1,"shard_min_doc_count":0,"show_term_doc_count_error":false,"order":[{"_count":"desc"},{"_key":"asc"}]},"aggregations":{"car_brand_id":{"terms":{"field":"carId","size":1,"min_doc_count":1,"shard_min_doc_count":0,"show_term_doc_count_error":false,"order":[{"_count":"desc"},{"_key":"asc"}]}}}},"car_series":{"terms":{"field":"carSeries.keyword","size":50,"min_doc_count":1,"shard_min_doc_count":0,"show_term_doc_count_error":false,"order":[{"_count":"desc"},{"_key":"asc"}]}},"car_user_time":{"terms":{"field":"carUserTime","size":10,"min_doc_count":1,"shard_min_doc_count":0,"show_term_doc_count_error":false,"order":[{"_count":"desc"},{"_key":"asc"}]}},"car_type":{"terms":{"field":"carType.keyword","size":10,"min_doc_count":1,"shard_min_doc_count":0,"show_term_doc_count_error":false,"order":[{"_count":"desc"},{"_key":"asc"}]}},"transfer_count":{"terms":{"field":"transferCount","size":10,"min_doc_count":1,"shard_min_doc_count":0,"show_term_doc_count_error":false,"order":[{"_count":"desc"},{"_key":"asc"}]}},"car_car_mileage":{"terms":{"field":"carCarMileage","size":10,"min_doc_count":1,"shard_min_doc_count":0,"show_term_doc_count_error":false,"order":[{"_count":"desc"},{"_key":"asc"}]}},"car_gear_box":{"terms":{"field":"carGearBox.keyword","size":5,"min_doc_count":1,"shard_min_doc_count":0,"show_term_doc_count_error":false,"order":[{"_count":"desc"},{"_key":"asc"}]}},"car_seat":{"terms":{"field":"carSeat","size":5,"min_doc_count":1,"shard_min_doc_count":0,"show_term_doc_count_error":false,"order":[{"_count":"desc"},{"_key":"asc"}]}},"car_fuel_type":{"terms":{"field":"carFuelType.keyword","size":5,"min_doc_count":1,"shard_min_doc_count":0,"show_term_doc_count_error":false,"order":[{"_count":"desc"},{"_key":"asc"}]}},"car_price":{"terms":{"field":"carPrice","size":10,"min_doc_count":1,"shard_min_doc_count":0,"show_term_doc_count_error":false,"order":[{"_count":"desc"},{"_key":"asc"}]}},"car_color":{"terms":{"field":"carColor.keyword","size":10,"min_doc_count":1,"shard_min_doc_count":0,"show_term_doc_count_error":false,"order":[{"_count":"desc"},{"_key":"asc"}]}}}}
2021-05-01 16:34:23.716 [INFO ] org.springframework.amqp.rabbit.listener.SimpleMessageListenerContainer - Restarting Consumer@538d5ab3: tags=[[amq.ctag-2li6wo2tIRw039Lwj62QSQ]], channel=Cached Rabbit Channel: AMQChannel(amqp://guest@192.168.88.136:5672/,1), conn: Proxy@136ee66d Shared Rabbit Connection: SimpleConnection@1cd250a4 [delegate=amqp://guest@192.168.88.136:5672/, localPort= 63532], acknowledgeMode=AUTO local queue size=0
2021-05-01 16:34:23.718 [INFO ] org.springframework.amqp.rabbit.connection.CachingConnectionFactory - Attempting to connect to: [yuechi.com:5672]
2021-05-01 16:34:23.730 [INFO ] org.springframework.amqp.rabbit.connection.CachingConnectionFactory - Created new connection: rabbitConnectionFactory#62682ece:4/SimpleConnection@4353360f [delegate=amqp://guest@192.168.88.136:5672/, localPort= 58301]
2021-05-01 16:52:25.387 [INFO ] io.lettuce.core.protocol.CommandHandler - null Unexpected exception during request: java.io.IOException: 远程主机强迫关闭了一个现有的连接。
java.io.IOException: 远程主机强迫关闭了一个现有的连接。
	at sun.nio.ch.SocketDispatcher.read0(Native Method)
	at sun.nio.ch.SocketDispatcher.read(SocketDispatcher.java:43)
	at sun.nio.ch.IOUtil.readIntoNativeBuffer(IOUtil.java:223)
	at sun.nio.ch.IOUtil.read(IOUtil.java:192)
	at sun.nio.ch.SocketChannelImpl.read(SocketChannelImpl.java:380)
	at io.netty.buffer.PooledByteBuf.setBytes(PooledByteBuf.java:253)
	at io.netty.buffer.AbstractByteBuf.writeBytes(AbstractByteBuf.java:1133)
	at io.netty.channel.socket.nio.NioSocketChannel.doReadBytes(NioSocketChannel.java:350)
	at io.netty.channel.nio.AbstractNioByteChannel$NioByteUnsafe.read(AbstractNioByteChannel.java:151)
	at io.netty.channel.nio.NioEventLoop.processSelectedKey(NioEventLoop.java:714)
	at io.netty.channel.nio.NioEventLoop.processSelectedKeysOptimized(NioEventLoop.java:650)
	at io.netty.channel.nio.NioEventLoop.processSelectedKeys(NioEventLoop.java:576)
	at io.netty.channel.nio.NioEventLoop.run(NioEventLoop.java:493)
	at io.netty.util.concurrent.SingleThreadEventExecutor$4.run(SingleThreadEventExecutor.java:989)
	at io.netty.util.internal.ThreadExecutorMap$2.run(ThreadExecutorMap.java:74)
	at io.netty.util.concurrent.FastThreadLocalRunnable.run(FastThreadLocalRunnable.java:30)
	at java.lang.Thread.run(Thread.java:748)
2021-05-01 16:52:25.445 [INFO ] io.lettuce.core.protocol.ConnectionWatchdog - Reconnecting, last destination was yuechi.com/192.168.88.136:6379
2021-05-01 16:52:26.193 [INFO ] org.springframework.amqp.rabbit.listener.SimpleMessageListenerContainer - Restarting Consumer@5def5a9f: tags=[[amq.ctag-g_GkHQTflUjgw5y_tX0TKg]], channel=Cached Rabbit Channel: AMQChannel(amqp://guest@192.168.88.136:5672/,1), conn: Proxy@136ee66d Shared Rabbit Connection: SimpleConnection@4353360f [delegate=amqp://guest@192.168.88.136:5672/, localPort= 58301], acknowledgeMode=AUTO local queue size=0
2021-05-01 16:52:26.214 [INFO ] org.springframework.amqp.rabbit.connection.CachingConnectionFactory - Attempting to connect to: [yuechi.com:5672]
2021-05-01 16:52:26.217 [INFO ] org.springframework.amqp.rabbit.connection.CachingConnectionFactory - Attempting to connect to: [yuechi.com:5672]
2021-05-01 20:54:35.626 [INFO ] org.springframework.amqp.rabbit.listener.SimpleMessageListenerContainer - Restarting Consumer@691f1f1d: tags=[[]], channel=null, acknowledgeMode=AUTO local queue size=0
2021-05-01 20:54:35.658 [INFO ] org.springframework.amqp.rabbit.connection.CachingConnectionFactory - Attempting to connect to: [yuechi.com:5672]
2021-05-01 20:54:35.662 [INFO ] org.springframework.amqp.rabbit.connection.CachingConnectionFactory - Attempting to connect to: [yuechi.com:5672]
2021-05-01 20:54:36.260 [INFO ] io.lettuce.core.protocol.ConnectionWatchdog - Reconnecting, last destination was yuechi.com:6379
2021-05-01 20:54:40.823 [INFO ] org.springframework.amqp.rabbit.listener.SimpleMessageListenerContainer - Restarting Consumer@63ebb6ac: tags=[[]], channel=null, acknowledgeMode=AUTO local queue size=0
2021-05-01 20:54:40.968 [INFO ] org.springframework.amqp.rabbit.connection.CachingConnectionFactory - Attempting to connect to: [yuechi.com:5672]
2021-05-01 20:54:50.583 [INFO ] io.lettuce.core.protocol.ConnectionWatchdog - Reconnecting, last destination was yuechi.com:6379
2021-05-01 20:54:58.197 [INFO ] io.lettuce.core.protocol.ReconnectionHandler - Reconnected to yuechi.com:6379
2021-05-01 20:55:02.187 [INFO ] org.springframework.amqp.rabbit.connection.CachingConnectionFactory - Attempting to connect to: [yuechi.com:5672]
2021-05-01 20:55:08.390 [INFO ] org.springframework.amqp.rabbit.connection.CachingConnectionFactory - Created new connection: rabbitConnectionFactory#62682ece:10/SimpleConnection@3714b09 [delegate=amqp://guest@192.168.88.136:5672/, localPort= 62574]
2021-05-01 20:55:57.977 [INFO ] org.springframework.data.repository.config.RepositoryConfigurationDelegate - Bootstrapping Spring Data Redis repositories in DEFAULT mode.
2021-05-01 20:55:58.027 [INFO ] org.springframework.data.repository.config.RepositoryConfigurationDelegate - Finished Spring Data repository scanning in 48ms. Found 0 Redis repository interfaces.
2021-05-01 20:55:58.102 [INFO ] org.springframework.data.repository.config.RepositoryConfigurationDelegate - Bootstrapping Spring Data Reactive Elasticsearch repositories in DEFAULT mode.
2021-05-01 20:55:58.127 [INFO ] org.springframework.data.repository.config.RepositoryConfigurationDelegate - Finished Spring Data repository scanning in 24ms. Found 0 Reactive Elasticsearch repository interfaces.
2021-05-01 20:55:58.131 [INFO ] org.springframework.data.repository.config.RepositoryConfigurationDelegate - Bootstrapping Spring Data Elasticsearch repositories in DEFAULT mode.
2021-05-01 20:55:58.191 [INFO ] org.springframework.data.repository.config.RepositoryConfigurationDelegate - Finished Spring Data repository scanning in 58ms. Found 0 Elasticsearch repository interfaces.
2021-05-01 20:55:58.551 [INFO ] springfox.documentation.spring.web.PropertySourcedRequestMappingHandlerMapping - Mapped URL path [/v2/api-docs] onto method [springfox.documentation.swagger2.web.Swagger2Controller#getDocumentation(String, HttpServletRequest)]
2021-05-01 23:27:37.498 [INFO ] org.springframework.data.repository.config.RepositoryConfigurationDelegate - Bootstrapping Spring Data Redis repositories in DEFAULT mode.
2021-05-01 23:27:37.597 [INFO ] org.springframework.data.repository.config.RepositoryConfigurationDelegate - Finished Spring Data repository scanning in 96ms. Found 0 Redis repository interfaces.
2021-05-01 23:27:37.736 [INFO ] org.springframework.data.repository.config.RepositoryConfigurationDelegate - Bootstrapping Spring Data Reactive Elasticsearch repositories in DEFAULT mode.
2021-05-01 23:27:37.764 [INFO ] org.springframework.data.repository.config.RepositoryConfigurationDelegate - Finished Spring Data repository scanning in 26ms. Found 0 Reactive Elasticsearch repository interfaces.
2021-05-01 23:27:37.769 [INFO ] org.springframework.data.repository.config.RepositoryConfigurationDelegate - Bootstrapping Spring Data Elasticsearch repositories in DEFAULT mode.
2021-05-01 23:27:37.882 [INFO ] org.springframework.data.repository.config.RepositoryConfigurationDelegate - Finished Spring Data repository scanning in 112ms. Found 0 Elasticsearch repository interfaces.
2021-05-01 23:27:38.276 [INFO ] springfox.documentation.spring.web.PropertySourcedRequestMappingHandlerMapping - Mapped URL path [/v2/api-docs] onto method [springfox.documentation.swagger2.web.Swagger2Controller#getDocumentation(String, HttpServletRequest)]
2021-05-01 23:33:26.468 [INFO ] org.springframework.amqp.rabbit.listener.SimpleMessageListenerContainer - Restarting Consumer@21e1a8e: tags=[[amq.ctag--curs9gmPqSqxyPl76yNgg]], channel=Cached Rabbit Channel: AMQChannel(amqp://guest@192.168.88.136:5672/,1), conn: Proxy@136ee66d Shared Rabbit Connection: SimpleConnection@3714b09 [delegate=amqp://guest@192.168.88.136:5672/, localPort= 62574], acknowledgeMode=AUTO local queue size=0
2021-05-01 23:33:26.470 [INFO ] org.springframework.amqp.rabbit.connection.CachingConnectionFactory - Attempting to connect to: [yuechi.com:5672]
2021-05-01 23:33:26.672 [INFO ] org.springframework.amqp.rabbit.connection.CachingConnectionFactory - Created new connection: rabbitConnectionFactory#62682ece:11/SimpleConnection@694e82b [delegate=amqp://guest@192.168.88.136:5672/, localPort= 56790]
2021-05-01 23:40:55.024 [INFO ] org.springframework.data.repository.config.RepositoryConfigurationDelegate - Bootstrapping Spring Data Redis repositories in DEFAULT mode.
2021-05-01 23:40:55.049 [INFO ] org.springframework.data.repository.config.RepositoryConfigurationDelegate - Finished Spring Data repository scanning in 25ms. Found 0 Redis repository interfaces.
2021-05-01 23:40:55.107 [INFO ] org.springframework.data.repository.config.RepositoryConfigurationDelegate - Bootstrapping Spring Data Reactive Elasticsearch repositories in DEFAULT mode.
2021-05-01 23:40:55.136 [INFO ] org.springframework.data.repository.config.RepositoryConfigurationDelegate - Finished Spring Data repository scanning in 27ms. Found 0 Reactive Elasticsearch repository interfaces.
2021-05-01 23:40:55.144 [INFO ] org.springframework.data.repository.config.RepositoryConfigurationDelegate - Bootstrapping Spring Data Elasticsearch repositories in DEFAULT mode.
2021-05-01 23:40:55.168 [INFO ] org.springframework.data.repository.config.RepositoryConfigurationDelegate - Finished Spring Data repository scanning in 23ms. Found 0 Elasticsearch repository interfaces.
2021-05-01 23:40:55.311 [INFO ] springfox.documentation.spring.web.PropertySourcedRequestMappingHandlerMapping - Mapped URL path [/v2/api-docs] onto method [springfox.documentation.swagger2.web.Swagger2Controller#getDocumentation(String, HttpServletRequest)]
