2020-12-07 18:50:07.108 [INFO ] org.hibernate.validator.internal.util.Version - HV000001: Hibernate Validator 6.1.5.Final
2020-12-07 18:50:07.239 [INFO ] com.dippy.SpringbootSecondcarApplication - Starting SpringbootSecondcarApplication on Dippy with PID 17280 (E:\workspace\IDEA\springboot\springboot-secondcar\target\classes started by Mindless in E:\workspace\IDEA\springboot\springboot-secondcar)
2020-12-07 18:50:07.243 [INFO ] com.dippy.SpringbootSecondcarApplication - No active profile set, falling back to default profiles: default
2020-12-07 18:50:07.387 [INFO ] org.springframework.boot.devtools.env.DevToolsPropertyDefaultsPostProcessor - Devtools property defaults active! Set 'spring.devtools.add-properties' to 'false' to disable
2020-12-07 18:50:07.388 [INFO ] org.springframework.boot.devtools.env.DevToolsPropertyDefaultsPostProcessor - For additional web related logging consider setting the 'logging.level.web' property to 'DEBUG'
2020-12-07 18:50:10.366 [INFO ] org.springframework.boot.web.embedded.tomcat.TomcatWebServer - Tomcat initialized with port(s): 8090 (http)
2020-12-07 18:50:10.389 [INFO ] org.apache.coyote.http11.Http11NioProtocol - Initializing ProtocolHandler ["http-nio-8090"]
2020-12-07 18:50:10.392 [INFO ] org.apache.catalina.core.StandardService - Starting service [Tomcat]
2020-12-07 18:50:10.397 [INFO ] org.apache.catalina.core.StandardEngine - Starting Servlet engine: [Apache Tomcat/9.0.38]
2020-12-07 18:50:10.800 [INFO ] org.apache.catalina.core.ContainerBase.[Tomcat].[localhost].[/] - Initializing Spring embedded WebApplicationContext
2020-12-07 18:50:10.801 [INFO ] org.springframework.boot.web.servlet.context.ServletWebServerApplicationContext - Root WebApplicationContext: initialization completed in 3413 ms
2020-12-07 18:50:13.768 [INFO ] springfox.documentation.spring.web.PropertySourcedRequestMappingHandlerMapping - Mapped URL path [/v2/api-docs] onto method [springfox.documentation.swagger2.web.Swagger2Controller#getDocumentation(String, HttpServletRequest)]
2020-12-07 18:50:13.924 [INFO ] org.springframework.scheduling.concurrent.ThreadPoolTaskExecutor - Initializing ExecutorService 'applicationTaskExecutor'
2020-12-07 18:50:14.015 [INFO ] org.springframework.boot.devtools.autoconfigure.OptionalLiveReloadServer - LiveReload server is running on port 35729
2020-12-07 18:50:14.572 [INFO ] org.springframework.security.web.DefaultSecurityFilterChain - Creating filter chain: any request, [org.springframework.security.web.context.request.async.WebAsyncManagerIntegrationFilter@42fd8f2f, org.springframework.security.web.context.SecurityContextPersistenceFilter@15c3849f, org.springframework.security.web.header.HeaderWriterFilter@3897f9ae, org.springframework.security.web.csrf.CsrfFilter@350be5ec, org.springframework.security.web.authentication.logout.LogoutFilter@4c3c31a5, org.springframework.security.web.authentication.UsernamePasswordAuthenticationFilter@5002be8e, org.springframework.security.web.savedrequest.RequestCacheAwareFilter@688efeb2, org.springframework.security.web.servletapi.SecurityContextHolderAwareRequestFilter@7272914b, org.springframework.security.web.authentication.AnonymousAuthenticationFilter@7eea934d, org.springframework.security.web.session.SessionManagementFilter@510e6b93, org.springframework.security.web.access.ExceptionTranslationFilter@624be1d4, org.springframework.security.web.access.intercept.FilterSecurityInterceptor@7f2542f]
2020-12-07 18:50:14.672 [INFO ] org.apache.coyote.http11.Http11NioProtocol - Starting ProtocolHandler ["http-nio-8090"]
2020-12-07 18:50:14.720 [INFO ] org.springframework.boot.web.embedded.tomcat.TomcatWebServer - Tomcat started on port(s): 8090 (http) with context path ''
2020-12-07 18:50:14.722 [INFO ] springfox.documentation.spring.web.plugins.DocumentationPluginsBootstrapper - Context refreshed
2020-12-07 18:50:14.753 [INFO ] springfox.documentation.spring.web.plugins.DocumentationPluginsBootstrapper - Found 1 custom documentation plugin(s)
2020-12-07 18:50:14.835 [INFO ] springfox.documentation.spring.web.scanners.ApiListingReferenceScanner - Scanning for api listing references
2020-12-07 18:50:15.121 [INFO ] com.dippy.SpringbootSecondcarApplication - Started SpringbootSecondcarApplication in 10.091 seconds (JVM running for 17.944)
2020-12-07 18:50:37.449 [INFO ] org.apache.catalina.core.ContainerBase.[Tomcat].[localhost].[/] - Initializing Spring DispatcherServlet 'dispatcherServlet'
2020-12-07 18:58:25.348 [INFO ] org.springframework.scheduling.concurrent.ThreadPoolTaskExecutor - Shutting down ExecutorService 'applicationTaskExecutor'
2020-12-07 18:58:37.479 [INFO ] org.hibernate.validator.internal.util.Version - HV000001: Hibernate Validator 6.1.5.Final
2020-12-07 18:58:37.575 [INFO ] com.dippy.SpringbootSecondcarApplication - Starting SpringbootSecondcarApplication on Dippy with PID 12828 (E:\workspace\IDEA\springboot\springboot-secondcar\target\classes started by Mindless in E:\workspace\IDEA\springboot\springboot-secondcar)
2020-12-07 18:58:37.578 [INFO ] com.dippy.SpringbootSecondcarApplication - No active profile set, falling back to default profiles: default
2020-12-07 18:58:37.711 [INFO ] org.springframework.boot.devtools.env.DevToolsPropertyDefaultsPostProcessor - Devtools property defaults active! Set 'spring.devtools.add-properties' to 'false' to disable
2020-12-07 18:58:37.712 [INFO ] org.springframework.boot.devtools.env.DevToolsPropertyDefaultsPostProcessor - For additional web related logging consider setting the 'logging.level.web' property to 'DEBUG'
2020-12-07 18:58:40.859 [INFO ] org.springframework.boot.web.embedded.tomcat.TomcatWebServer - Tomcat initialized with port(s): 8090 (http)
2020-12-07 18:58:40.907 [INFO ] org.apache.coyote.http11.Http11NioProtocol - Initializing ProtocolHandler ["http-nio-8090"]
2020-12-07 18:58:40.909 [INFO ] org.apache.catalina.core.StandardService - Starting service [Tomcat]
2020-12-07 18:58:40.911 [INFO ] org.apache.catalina.core.StandardEngine - Starting Servlet engine: [Apache Tomcat/9.0.38]
2020-12-07 18:58:41.435 [INFO ] org.apache.catalina.core.ContainerBase.[Tomcat].[localhost].[/] - Initializing Spring embedded WebApplicationContext
2020-12-07 18:58:41.436 [INFO ] org.springframework.boot.web.servlet.context.ServletWebServerApplicationContext - Root WebApplicationContext: initialization completed in 3724 ms
2020-12-07 18:58:44.945 [INFO ] springfox.documentation.spring.web.PropertySourcedRequestMappingHandlerMapping - Mapped URL path [/v2/api-docs] onto method [springfox.documentation.swagger2.web.Swagger2Controller#getDocumentation(String, HttpServletRequest)]
2020-12-07 18:58:45.123 [INFO ] org.springframework.scheduling.concurrent.ThreadPoolTaskExecutor - Initializing ExecutorService 'applicationTaskExecutor'
2020-12-07 18:58:45.189 [INFO ] org.springframework.boot.devtools.autoconfigure.OptionalLiveReloadServer - LiveReload server is running on port 35729
2020-12-07 18:58:45.756 [INFO ] org.springframework.security.web.DefaultSecurityFilterChain - Creating filter chain: any request, [org.springframework.security.web.context.request.async.WebAsyncManagerIntegrationFilter@37393dab, org.springframework.security.web.context.SecurityContextPersistenceFilter@2093bb6c, org.springframework.security.web.header.HeaderWriterFilter@3c108c05, org.springframework.security.web.authentication.logout.LogoutFilter@2665a2e7, org.springframework.security.web.authentication.UsernamePasswordAuthenticationFilter@3abdc11d, org.springframework.security.web.savedrequest.RequestCacheAwareFilter@3673e211, org.springframework.security.web.servletapi.SecurityContextHolderAwareRequestFilter@361483eb, org.springframework.security.web.authentication.AnonymousAuthenticationFilter@4866a755, org.springframework.security.web.session.SessionManagementFilter@7d0333c8, org.springframework.security.web.access.ExceptionTranslationFilter@3adbd038, org.springframework.security.web.access.intercept.FilterSecurityInterceptor@32c08610]
2020-12-07 18:58:45.864 [INFO ] org.apache.coyote.http11.Http11NioProtocol - Starting ProtocolHandler ["http-nio-8090"]
2020-12-07 18:58:45.909 [INFO ] org.springframework.boot.web.embedded.tomcat.TomcatWebServer - Tomcat started on port(s): 8090 (http) with context path ''
2020-12-07 18:58:45.911 [INFO ] springfox.documentation.spring.web.plugins.DocumentationPluginsBootstrapper - Context refreshed
2020-12-07 18:58:45.934 [INFO ] springfox.documentation.spring.web.plugins.DocumentationPluginsBootstrapper - Found 1 custom documentation plugin(s)
2020-12-07 18:58:45.995 [INFO ] springfox.documentation.spring.web.scanners.ApiListingReferenceScanner - Scanning for api listing references
2020-12-07 18:58:46.376 [INFO ] com.dippy.SpringbootSecondcarApplication - Started SpringbootSecondcarApplication in 10.208 seconds (JVM running for 15.874)
2020-12-07 18:59:19.665 [INFO ] org.apache.catalina.core.ContainerBase.[Tomcat].[localhost].[/] - Initializing Spring DispatcherServlet 'dispatcherServlet'
2020-12-07 18:59:19.889 [INFO ] com.dippy.service.impl.UserDetailServiceImpl - 执行自定义登录逻辑-----登录了
2020-12-07 18:59:20.120 [INFO ] com.dippy.controller.UserInfoController - 登录失败页面
2020-12-07 19:00:03.074 [INFO ] com.dippy.service.impl.UserDetailServiceImpl - 执行自定义登录逻辑-----登录了
2020-12-07 19:00:03.184 [INFO ] com.dippy.controller.UserInfoController - 登录失败页面
2020-12-07 19:01:23.802 [INFO ] com.dippy.service.impl.UserDetailServiceImpl - 执行自定义登录逻辑-----登录了
2020-12-07 19:01:23.905 [INFO ] com.dippy.controller.UserInfoController - 登录失败页面
2020-12-07 19:02:19.694 [INFO ] com.dippy.service.impl.UserDetailServiceImpl - 执行自定义登录逻辑-----登录了
2020-12-07 19:02:19.795 [INFO ] com.dippy.controller.UserInfoController - 登录失败页面
2020-12-07 19:04:04.758 [INFO ] com.dippy.service.impl.UserDetailServiceImpl - 执行自定义登录逻辑-----登录了
2020-12-07 19:04:04.864 [INFO ] springfox.documentation.spring.web.PropertySourcedRequestMappingHandlerMapping - Mapped URL path [/v2/api-docs] onto method [springfox.documentation.swagger2.web.Swagger2Controller#getDocumentation(String, HttpServletRequest)]
2020-12-07 19:04:04.870 [INFO ] com.dippy.controller.UserInfoController - 登录失败页面
2020-12-07 20:00:33.369 [INFO ] com.dippy.service.impl.UserDetailServiceImpl - 执行自定义登录逻辑-----登录了
2020-12-07 20:00:33.474 [INFO ] com.dippy.controller.UserInfoController - 登录失败页面
2020-12-07 20:01:33.276 [INFO ] com.dippy.service.impl.UserDetailServiceImpl - 执行自定义登录逻辑-----登录了
2020-12-07 20:01:33.377 [INFO ] com.dippy.controller.UserInfoController - 登录失败页面
2020-12-07 20:03:35.121 [INFO ] com.dippy.service.impl.UserDetailServiceImpl - 执行自定义登录逻辑-----登录了
2020-12-07 20:06:22.621 [INFO ] com.dippy.service.impl.UserDetailServiceImpl - 执行自定义登录逻辑-----登录了
2020-12-07 20:06:22.621 [INFO ] com.dippy.service.impl.UserDetailServiceImpl - 执行自定义登录逻辑-----登录了
2020-12-07 20:06:22.623 [INFO ] com.dippy.service.impl.UserDetailServiceImpl - 执行自定义登录逻辑-----登录了
2020-12-07 20:06:22.630 [INFO ] com.dippy.service.impl.UserDetailServiceImpl - 执行自定义登录逻辑-----登录了
2020-12-07 20:06:22.631 [INFO ] com.dippy.service.impl.UserDetailServiceImpl - 执行自定义登录逻辑-----登录了
2020-12-07 20:06:22.801 [INFO ] com.dippy.controller.UserInfoController - 登录失败页面
2020-12-07 20:06:22.839 [INFO ] com.dippy.controller.UserInfoController - 登录失败页面
2020-12-07 20:06:22.851 [INFO ] com.dippy.controller.UserInfoController - 登录失败页面
2020-12-07 20:06:22.886 [INFO ] com.dippy.controller.UserInfoController - 登录失败页面
2020-12-07 20:06:22.867 [INFO ] com.dippy.controller.UserInfoController - 登录失败页面
2020-12-07 20:06:22.899 [INFO ] com.dippy.controller.UserInfoController - 登录失败页面
2020-12-07 20:07:14.492 [INFO ] org.springframework.scheduling.concurrent.ThreadPoolTaskExecutor - Shutting down ExecutorService 'applicationTaskExecutor'
2020-12-07 20:07:23.810 [INFO ] org.hibernate.validator.internal.util.Version - HV000001: Hibernate Validator 6.1.5.Final
2020-12-07 20:07:23.909 [INFO ] com.dippy.SpringbootSecondcarApplication - Starting SpringbootSecondcarApplication on Dippy with PID 4552 (E:\workspace\IDEA\springboot\springboot-secondcar\target\classes started by Mindless in E:\workspace\IDEA\springboot\springboot-secondcar)
2020-12-07 20:07:23.910 [INFO ] com.dippy.SpringbootSecondcarApplication - No active profile set, falling back to default profiles: default
2020-12-07 20:07:24.055 [INFO ] org.springframework.boot.devtools.env.DevToolsPropertyDefaultsPostProcessor - Devtools property defaults active! Set 'spring.devtools.add-properties' to 'false' to disable
2020-12-07 20:07:24.055 [INFO ] org.springframework.boot.devtools.env.DevToolsPropertyDefaultsPostProcessor - For additional web related logging consider setting the 'logging.level.web' property to 'DEBUG'
2020-12-07 20:07:26.793 [INFO ] org.springframework.boot.web.embedded.tomcat.TomcatWebServer - Tomcat initialized with port(s): 8090 (http)
2020-12-07 20:07:26.962 [INFO ] org.apache.coyote.http11.Http11NioProtocol - Initializing ProtocolHandler ["http-nio-8090"]
2020-12-07 20:07:26.963 [INFO ] org.apache.catalina.core.StandardService - Starting service [Tomcat]
2020-12-07 20:07:26.964 [INFO ] org.apache.catalina.core.StandardEngine - Starting Servlet engine: [Apache Tomcat/9.0.38]
2020-12-07 20:07:27.210 [INFO ] org.apache.catalina.core.ContainerBase.[Tomcat].[localhost].[/] - Initializing Spring embedded WebApplicationContext
2020-12-07 20:07:27.210 [INFO ] org.springframework.boot.web.servlet.context.ServletWebServerApplicationContext - Root WebApplicationContext: initialization completed in 3154 ms
2020-12-07 20:07:29.258 [INFO ] org.apache.catalina.core.StandardService - Stopping service [Tomcat]
2020-12-07 20:07:29.274 [INFO ] org.springframework.boot.autoconfigure.logging.ConditionEvaluationReportLoggingListener - 

Error starting ApplicationContext. To display the conditions report re-run your application with 'debug' enabled.
2020-12-07 20:08:13.032 [INFO ] org.hibernate.validator.internal.util.Version - HV000001: Hibernate Validator 6.1.5.Final
2020-12-07 20:08:13.140 [INFO ] com.dippy.SpringbootSecondcarApplication - Starting SpringbootSecondcarApplication on Dippy with PID 18056 (E:\workspace\IDEA\springboot\springboot-secondcar\target\classes started by Mindless in E:\workspace\IDEA\springboot\springboot-secondcar)
2020-12-07 20:08:13.141 [INFO ] com.dippy.SpringbootSecondcarApplication - No active profile set, falling back to default profiles: default
2020-12-07 20:08:13.269 [INFO ] org.springframework.boot.devtools.env.DevToolsPropertyDefaultsPostProcessor - Devtools property defaults active! Set 'spring.devtools.add-properties' to 'false' to disable
2020-12-07 20:08:13.269 [INFO ] org.springframework.boot.devtools.env.DevToolsPropertyDefaultsPostProcessor - For additional web related logging consider setting the 'logging.level.web' property to 'DEBUG'
2020-12-07 20:08:15.922 [INFO ] org.springframework.boot.web.embedded.tomcat.TomcatWebServer - Tomcat initialized with port(s): 8090 (http)
2020-12-07 20:08:15.942 [INFO ] org.apache.coyote.http11.Http11NioProtocol - Initializing ProtocolHandler ["http-nio-8090"]
2020-12-07 20:08:15.943 [INFO ] org.apache.catalina.core.StandardService - Starting service [Tomcat]
2020-12-07 20:08:15.944 [INFO ] org.apache.catalina.core.StandardEngine - Starting Servlet engine: [Apache Tomcat/9.0.38]
2020-12-07 20:08:16.310 [INFO ] org.apache.catalina.core.ContainerBase.[Tomcat].[localhost].[/] - Initializing Spring embedded WebApplicationContext
2020-12-07 20:08:16.310 [INFO ] org.springframework.boot.web.servlet.context.ServletWebServerApplicationContext - Root WebApplicationContext: initialization completed in 3040 ms
2020-12-07 20:08:18.764 [INFO ] springfox.documentation.spring.web.PropertySourcedRequestMappingHandlerMapping - Mapped URL path [/v2/api-docs] onto method [springfox.documentation.swagger2.web.Swagger2Controller#getDocumentation(String, HttpServletRequest)]
2020-12-07 20:08:18.908 [INFO ] org.springframework.scheduling.concurrent.ThreadPoolTaskExecutor - Initializing ExecutorService 'applicationTaskExecutor'
2020-12-07 20:08:18.982 [INFO ] org.springframework.boot.devtools.autoconfigure.OptionalLiveReloadServer - LiveReload server is running on port 35729
2020-12-07 20:08:19.537 [INFO ] org.springframework.security.web.DefaultSecurityFilterChain - Creating filter chain: any request, [org.springframework.security.web.context.request.async.WebAsyncManagerIntegrationFilter@22c0344e, org.springframework.security.web.context.SecurityContextPersistenceFilter@42fd8f2f, org.springframework.security.web.header.HeaderWriterFilter@1fc4483f, org.springframework.web.filter.CorsFilter@56d822dc, org.springframework.security.web.authentication.logout.LogoutFilter@1f1c7fde, org.springframework.security.web.authentication.UsernamePasswordAuthenticationFilter@2b409174, org.springframework.security.web.savedrequest.RequestCacheAwareFilter@4700963e, org.springframework.security.web.servletapi.SecurityContextHolderAwareRequestFilter@2352c21f, org.springframework.security.web.authentication.AnonymousAuthenticationFilter@7267006e, org.springframework.security.web.session.SessionManagementFilter@5adc71e7, org.springframework.security.web.access.ExceptionTranslationFilter@6b6606d1, org.springframework.security.web.access.intercept.FilterSecurityInterceptor@7e84a52b]
2020-12-07 20:08:19.642 [INFO ] org.apache.coyote.http11.Http11NioProtocol - Starting ProtocolHandler ["http-nio-8090"]
2020-12-07 20:08:19.694 [INFO ] org.springframework.boot.web.embedded.tomcat.TomcatWebServer - Tomcat started on port(s): 8090 (http) with context path ''
2020-12-07 20:08:19.696 [INFO ] springfox.documentation.spring.web.plugins.DocumentationPluginsBootstrapper - Context refreshed
2020-12-07 20:08:19.725 [INFO ] springfox.documentation.spring.web.plugins.DocumentationPluginsBootstrapper - Found 1 custom documentation plugin(s)
2020-12-07 20:08:19.794 [INFO ] springfox.documentation.spring.web.scanners.ApiListingReferenceScanner - Scanning for api listing references
2020-12-07 20:08:20.057 [INFO ] com.dippy.SpringbootSecondcarApplication - Started SpringbootSecondcarApplication in 8.099 seconds (JVM running for 13.14)
2020-12-07 20:08:29.490 [INFO ] org.apache.catalina.core.ContainerBase.[Tomcat].[localhost].[/] - Initializing Spring DispatcherServlet 'dispatcherServlet'
2020-12-07 20:08:29.687 [INFO ] com.dippy.service.impl.UserDetailServiceImpl - 执行自定义登录逻辑-----登录了
2020-12-07 20:08:29.815 [INFO ] com.dippy.controller.UserInfoController - 登录失败页面
2020-12-07 20:27:57.099 [INFO ] org.springframework.scheduling.concurrent.ThreadPoolTaskExecutor - Shutting down ExecutorService 'applicationTaskExecutor'
2020-12-07 22:24:38.922 [INFO ] org.hibernate.validator.internal.util.Version - HV000001: Hibernate Validator 6.1.5.Final
2020-12-07 22:24:39.009 [INFO ] com.dippy.SpringbootSecondcarApplication - Starting SpringbootSecondcarApplication on Dippy with PID 18156 (E:\workspace\IDEA\springboot\springboot-secondcar\target\classes started by Mindless in E:\workspace\IDEA\springboot\springboot-secondcar)
2020-12-07 22:24:39.011 [INFO ] com.dippy.SpringbootSecondcarApplication - No active profile set, falling back to default profiles: default
2020-12-07 22:24:39.133 [INFO ] org.springframework.boot.devtools.env.DevToolsPropertyDefaultsPostProcessor - Devtools property defaults active! Set 'spring.devtools.add-properties' to 'false' to disable
2020-12-07 22:24:39.134 [INFO ] org.springframework.boot.devtools.env.DevToolsPropertyDefaultsPostProcessor - For additional web related logging consider setting the 'logging.level.web' property to 'DEBUG'
2020-12-07 22:24:41.581 [INFO ] org.springframework.boot.web.embedded.tomcat.TomcatWebServer - Tomcat initialized with port(s): 8090 (http)
2020-12-07 22:24:41.736 [INFO ] org.apache.coyote.http11.Http11NioProtocol - Initializing ProtocolHandler ["http-nio-8090"]
2020-12-07 22:24:41.746 [INFO ] org.apache.catalina.core.StandardService - Starting service [Tomcat]
2020-12-07 22:24:41.747 [INFO ] org.apache.catalina.core.StandardEngine - Starting Servlet engine: [Apache Tomcat/9.0.38]
2020-12-07 22:24:41.972 [INFO ] org.apache.catalina.core.ContainerBase.[Tomcat].[localhost].[/] - Initializing Spring embedded WebApplicationContext
2020-12-07 22:24:41.972 [INFO ] org.springframework.boot.web.servlet.context.ServletWebServerApplicationContext - Root WebApplicationContext: initialization completed in 2837 ms
2020-12-07 22:24:44.433 [INFO ] springfox.documentation.spring.web.PropertySourcedRequestMappingHandlerMapping - Mapped URL path [/v2/api-docs] onto method [springfox.documentation.swagger2.web.Swagger2Controller#getDocumentation(String, HttpServletRequest)]
2020-12-07 22:24:44.581 [INFO ] org.springframework.scheduling.concurrent.ThreadPoolTaskExecutor - Initializing ExecutorService 'applicationTaskExecutor'
2020-12-07 22:24:44.649 [INFO ] org.springframework.boot.devtools.autoconfigure.OptionalLiveReloadServer - LiveReload server is running on port 35729
2020-12-07 22:24:45.146 [INFO ] org.springframework.security.web.DefaultSecurityFilterChain - Creating filter chain: any request, [org.springframework.security.web.context.request.async.WebAsyncManagerIntegrationFilter@4a10c019, org.springframework.security.web.context.SecurityContextPersistenceFilter@4946dfde, org.springframework.security.web.header.HeaderWriterFilter@4bcf08ae, org.springframework.web.filter.CorsFilter@7ed8b44, org.springframework.security.web.authentication.logout.LogoutFilter@351d726c, org.springframework.security.web.authentication.UsernamePasswordAuthenticationFilter@7af0693b, org.springframework.security.web.savedrequest.RequestCacheAwareFilter@794f937a, org.springframework.security.web.servletapi.SecurityContextHolderAwareRequestFilter@5ce41f1f, org.springframework.security.web.authentication.AnonymousAuthenticationFilter@37f627d0, org.springframework.security.web.session.SessionManagementFilter@1ac2829e, org.springframework.security.web.access.ExceptionTranslationFilter@152dbf8e, org.springframework.security.web.access.intercept.FilterSecurityInterceptor@6761f75b]
2020-12-07 22:24:45.245 [INFO ] org.apache.coyote.http11.Http11NioProtocol - Starting ProtocolHandler ["http-nio-8090"]
2020-12-07 22:24:45.292 [INFO ] org.springframework.boot.web.embedded.tomcat.TomcatWebServer - Tomcat started on port(s): 8090 (http) with context path ''
2020-12-07 22:24:45.295 [INFO ] springfox.documentation.spring.web.plugins.DocumentationPluginsBootstrapper - Context refreshed
2020-12-07 22:24:45.321 [INFO ] springfox.documentation.spring.web.plugins.DocumentationPluginsBootstrapper - Found 1 custom documentation plugin(s)
2020-12-07 22:24:45.411 [INFO ] springfox.documentation.spring.web.scanners.ApiListingReferenceScanner - Scanning for api listing references
2020-12-07 22:24:45.667 [INFO ] com.dippy.SpringbootSecondcarApplication - Started SpringbootSecondcarApplication in 7.794 seconds (JVM running for 12.748)
2020-12-07 22:27:49.207 [INFO ] org.apache.catalina.core.ContainerBase.[Tomcat].[localhost].[/] - Initializing Spring DispatcherServlet 'dispatcherServlet'
2020-12-07 22:27:49.401 [INFO ] com.dippy.service.impl.UserDetailServiceImpl - 执行自定义登录逻辑-----登录了
2020-12-07 22:27:49.536 [INFO ] com.dippy.controller.UserInfoController - 登录失败页面
2020-12-07 22:35:35.261 [INFO ] com.dippy.service.impl.UserDetailServiceImpl - 执行自定义登录逻辑-----登录了
2020-12-07 22:35:35.369 [INFO ] com.dippy.controller.UserInfoController - 登录失败页面
2020-12-07 22:36:42.962 [INFO ] com.dippy.service.impl.UserDetailServiceImpl - 执行自定义登录逻辑-----登录了
2020-12-07 22:36:43.072 [INFO ] com.dippy.controller.UserInfoController - 登录失败页面
2020-12-07 22:39:39.976 [INFO ] com.dippy.service.impl.UserDetailServiceImpl - 执行自定义登录逻辑-----登录了
2020-12-07 22:39:40.080 [INFO ] com.dippy.controller.UserInfoController - 登录失败页面
2020-12-07 22:41:39.587 [INFO ] com.dippy.service.impl.UserDetailServiceImpl - 执行自定义登录逻辑-----登录了
2020-12-07 22:41:39.690 [INFO ] com.dippy.controller.UserInfoController - 登录失败页面
2020-12-07 22:42:04.322 [INFO ] com.dippy.service.impl.UserDetailServiceImpl - 执行自定义登录逻辑-----登录了
2020-12-07 22:42:04.422 [INFO ] com.dippy.controller.UserInfoController - 登录失败页面
2020-12-07 22:43:14.893 [INFO ] org.springframework.scheduling.concurrent.ThreadPoolTaskExecutor - Shutting down ExecutorService 'applicationTaskExecutor'
