2021-02-08 03:23:00.425 [INFO ] org.hibernate.validator.internal.util.Version - HV000001: Hibernate Validator 6.1.5.Final
2021-02-08 03:23:00.450 [INFO ] com.dippy.service.impl.CarInfoServiceImplTest - Starting CarInfoServiceImplTest on Dippy with PID 3972 (started by Mindless in E:\workspace\IDEA\springboot\springboot-secondcar)
2021-02-08 03:23:00.452 [INFO ] com.dippy.service.impl.CarInfoServiceImplTest - No active profile set, falling back to default profiles: default
2021-02-08 03:23:03.470 [INFO ] org.springframework.data.repository.config.RepositoryConfigurationDelegate - Multiple Spring Data modules found, entering strict repository configuration mode!
2021-02-08 03:23:03.475 [INFO ] org.springframework.data.repository.config.RepositoryConfigurationDelegate - Bootstrapping Spring Data Redis repositories in DEFAULT mode.
2021-02-08 03:23:03.601 [INFO ] org.springframework.data.repository.config.RepositoryConfigurationDelegate - Finished Spring Data repository scanning in 104ms. Found 0 Redis repository interfaces.
2021-02-08 03:23:04.306 [INFO ] org.springframework.context.support.PostProcessorRegistrationDelegate$BeanPostProcessorChecker - Bean 'org.springframework.security.access.expression.method.DefaultMethodSecurityExpressionHandler@2274160' of type [org.springframework.security.access.expression.method.DefaultMethodSecurityExpressionHandler] is not eligible for getting processed by all BeanPostProcessors (for example: not eligible for auto-proxying)
2021-02-08 03:23:04.333 [INFO ] org.springframework.context.support.PostProcessorRegistrationDelegate$BeanPostProcessorChecker - Bean 'methodSecurityMetadataSource' of type [org.springframework.security.access.method.DelegatingMethodSecurityMetadataSource] is not eligible for getting processed by all BeanPostProcessors (for example: not eligible for auto-proxying)
2021-02-08 03:23:09.013 [INFO ] springfox.documentation.spring.web.PropertySourcedRequestMappingHandlerMapping - Mapped URL path [/v2/api-docs] onto method [springfox.documentation.swagger2.web.Swagger2Controller#getDocumentation(String, HttpServletRequest)]
2021-02-08 03:23:09.746 [INFO ] org.springframework.scheduling.concurrent.ThreadPoolTaskExecutor - Initializing ExecutorService 'applicationTaskExecutor'
2021-02-08 03:23:10.031 [INFO ] org.springframework.scheduling.concurrent.ThreadPoolTaskExecutor - Shutting down ExecutorService 'applicationTaskExecutor'
2021-02-08 03:23:10.044 [INFO ] org.springframework.boot.autoconfigure.logging.ConditionEvaluationReportLoggingListener - 

Error starting ApplicationContext. To display the conditions report re-run your application with 'debug' enabled.
2021-02-08 03:23:35.601 [INFO ] org.hibernate.validator.internal.util.Version - HV000001: Hibernate Validator 6.1.5.Final
2021-02-08 03:23:35.731 [INFO ] com.dippy.service.impl.CarInfoServiceImplTest - Starting CarInfoServiceImplTest on Dippy with PID 13068 (started by Mindless in E:\workspace\IDEA\springboot\springboot-secondcar)
2021-02-08 03:23:35.738 [INFO ] com.dippy.service.impl.CarInfoServiceImplTest - No active profile set, falling back to default profiles: default
2021-02-08 03:23:40.140 [INFO ] org.springframework.data.repository.config.RepositoryConfigurationDelegate - Multiple Spring Data modules found, entering strict repository configuration mode!
2021-02-08 03:23:40.147 [INFO ] org.springframework.data.repository.config.RepositoryConfigurationDelegate - Bootstrapping Spring Data Redis repositories in DEFAULT mode.
2021-02-08 03:23:40.420 [INFO ] org.springframework.data.repository.config.RepositoryConfigurationDelegate - Finished Spring Data repository scanning in 240ms. Found 0 Redis repository interfaces.
2021-02-08 03:23:42.306 [INFO ] org.springframework.context.support.PostProcessorRegistrationDelegate$BeanPostProcessorChecker - Bean 'org.springframework.security.access.expression.method.DefaultMethodSecurityExpressionHandler@29188050' of type [org.springframework.security.access.expression.method.DefaultMethodSecurityExpressionHandler] is not eligible for getting processed by all BeanPostProcessors (for example: not eligible for auto-proxying)
2021-02-08 03:23:42.424 [INFO ] org.springframework.context.support.PostProcessorRegistrationDelegate$BeanPostProcessorChecker - Bean 'methodSecurityMetadataSource' of type [org.springframework.security.access.method.DelegatingMethodSecurityMetadataSource] is not eligible for getting processed by all BeanPostProcessors (for example: not eligible for auto-proxying)
2021-02-08 03:23:54.065 [INFO ] org.hibernate.validator.internal.util.Version - HV000001: Hibernate Validator 6.1.5.Final
2021-02-08 03:23:54.181 [INFO ] com.dippy.SpringbootSecondcarApplication - Starting SpringbootSecondcarApplication on Dippy with PID 19356 (E:\workspace\IDEA\springboot\springboot-secondcar\target\classes started by Mindless in E:\workspace\IDEA\springboot\springboot-secondcar)
2021-02-08 03:23:54.182 [INFO ] com.dippy.SpringbootSecondcarApplication - No active profile set, falling back to default profiles: default
2021-02-08 03:23:54.332 [INFO ] org.springframework.boot.devtools.env.DevToolsPropertyDefaultsPostProcessor - Devtools property defaults active! Set 'spring.devtools.add-properties' to 'false' to disable
2021-02-08 03:23:54.333 [INFO ] org.springframework.boot.devtools.env.DevToolsPropertyDefaultsPostProcessor - For additional web related logging consider setting the 'logging.level.web' property to 'DEBUG'
2021-02-08 03:23:56.185 [INFO ] org.springframework.data.repository.config.RepositoryConfigurationDelegate - Multiple Spring Data modules found, entering strict repository configuration mode!
2021-02-08 03:23:56.191 [INFO ] org.springframework.data.repository.config.RepositoryConfigurationDelegate - Bootstrapping Spring Data Redis repositories in DEFAULT mode.
2021-02-08 03:23:56.415 [INFO ] org.springframework.data.repository.config.RepositoryConfigurationDelegate - Finished Spring Data repository scanning in 200ms. Found 0 Redis repository interfaces.
2021-02-08 03:23:57.093 [INFO ] org.springframework.context.support.PostProcessorRegistrationDelegate$BeanPostProcessorChecker - Bean 'org.springframework.security.access.expression.method.DefaultMethodSecurityExpressionHandler@6bd7439d' of type [org.springframework.security.access.expression.method.DefaultMethodSecurityExpressionHandler] is not eligible for getting processed by all BeanPostProcessors (for example: not eligible for auto-proxying)
2021-02-08 03:23:57.103 [INFO ] org.springframework.context.support.PostProcessorRegistrationDelegate$BeanPostProcessorChecker - Bean 'methodSecurityMetadataSource' of type [org.springframework.security.access.method.DelegatingMethodSecurityMetadataSource] is not eligible for getting processed by all BeanPostProcessors (for example: not eligible for auto-proxying)
2021-02-08 03:23:57.999 [INFO ] org.springframework.boot.web.embedded.tomcat.TomcatWebServer - Tomcat initialized with port(s): 8090 (http)
2021-02-08 03:23:58.022 [INFO ] org.apache.coyote.http11.Http11NioProtocol - Initializing ProtocolHandler ["http-nio-8090"]
2021-02-08 03:23:58.024 [INFO ] org.apache.catalina.core.StandardService - Starting service [Tomcat]
2021-02-08 03:23:58.024 [INFO ] org.apache.catalina.core.StandardEngine - Starting Servlet engine: [Apache Tomcat/9.0.38]
2021-02-08 03:23:58.288 [INFO ] org.apache.catalina.core.ContainerBase.[Tomcat].[localhost].[/] - Initializing Spring embedded WebApplicationContext
2021-02-08 03:23:58.288 [INFO ] org.springframework.boot.web.servlet.context.ServletWebServerApplicationContext - Root WebApplicationContext: initialization completed in 3955 ms
2021-02-08 03:24:01.350 [INFO ] springfox.documentation.spring.web.PropertySourcedRequestMappingHandlerMapping - Mapped URL path [/v2/api-docs] onto method [springfox.documentation.swagger2.web.Swagger2Controller#getDocumentation(String, HttpServletRequest)]
2021-02-08 03:24:01.607 [INFO ] org.springframework.scheduling.concurrent.ThreadPoolTaskExecutor - Initializing ExecutorService 'applicationTaskExecutor'
2021-02-08 03:24:01.694 [INFO ] org.springframework.boot.devtools.autoconfigure.OptionalLiveReloadServer - LiveReload server is running on port 35729
2021-02-08 03:24:01.826 [INFO ] org.springframework.scheduling.concurrent.ThreadPoolTaskExecutor - Shutting down ExecutorService 'applicationTaskExecutor'
2021-02-08 03:24:01.837 [INFO ] org.apache.catalina.core.StandardService - Stopping service [Tomcat]
2021-02-08 03:24:01.853 [INFO ] org.springframework.boot.autoconfigure.logging.ConditionEvaluationReportLoggingListener - 

Error starting ApplicationContext. To display the conditions report re-run your application with 'debug' enabled.
2021-02-08 03:24:31.638 [INFO ] org.hibernate.validator.internal.util.Version - HV000001: Hibernate Validator 6.1.5.Final
2021-02-08 03:24:31.735 [INFO ] com.dippy.SpringbootSecondcarApplication - Starting SpringbootSecondcarApplication on Dippy with PID 20528 (E:\workspace\IDEA\springboot\springboot-secondcar\target\classes started by Mindless in E:\workspace\IDEA\springboot\springboot-secondcar)
2021-02-08 03:24:31.737 [INFO ] com.dippy.SpringbootSecondcarApplication - No active profile set, falling back to default profiles: default
2021-02-08 03:24:31.916 [INFO ] org.springframework.boot.devtools.env.DevToolsPropertyDefaultsPostProcessor - Devtools property defaults active! Set 'spring.devtools.add-properties' to 'false' to disable
2021-02-08 03:24:31.917 [INFO ] org.springframework.boot.devtools.env.DevToolsPropertyDefaultsPostProcessor - For additional web related logging consider setting the 'logging.level.web' property to 'DEBUG'
2021-02-08 03:24:33.955 [INFO ] org.springframework.data.repository.config.RepositoryConfigurationDelegate - Multiple Spring Data modules found, entering strict repository configuration mode!
2021-02-08 03:24:33.961 [INFO ] org.springframework.data.repository.config.RepositoryConfigurationDelegate - Bootstrapping Spring Data Redis repositories in DEFAULT mode.
2021-02-08 03:24:34.208 [INFO ] org.springframework.data.repository.config.RepositoryConfigurationDelegate - Finished Spring Data repository scanning in 221ms. Found 0 Redis repository interfaces.
2021-02-08 03:24:34.914 [INFO ] org.springframework.context.support.PostProcessorRegistrationDelegate$BeanPostProcessorChecker - Bean 'org.springframework.security.access.expression.method.DefaultMethodSecurityExpressionHandler@1669931a' of type [org.springframework.security.access.expression.method.DefaultMethodSecurityExpressionHandler] is not eligible for getting processed by all BeanPostProcessors (for example: not eligible for auto-proxying)
2021-02-08 03:24:34.925 [INFO ] org.springframework.context.support.PostProcessorRegistrationDelegate$BeanPostProcessorChecker - Bean 'methodSecurityMetadataSource' of type [org.springframework.security.access.method.DelegatingMethodSecurityMetadataSource] is not eligible for getting processed by all BeanPostProcessors (for example: not eligible for auto-proxying)
2021-02-08 03:24:35.914 [INFO ] org.springframework.boot.web.embedded.tomcat.TomcatWebServer - Tomcat initialized with port(s): 8090 (http)
2021-02-08 03:24:35.939 [INFO ] org.apache.coyote.http11.Http11NioProtocol - Initializing ProtocolHandler ["http-nio-8090"]
2021-02-08 03:24:35.941 [INFO ] org.apache.catalina.core.StandardService - Starting service [Tomcat]
2021-02-08 03:24:35.942 [INFO ] org.apache.catalina.core.StandardEngine - Starting Servlet engine: [Apache Tomcat/9.0.38]
2021-02-08 03:24:36.295 [INFO ] org.apache.catalina.core.ContainerBase.[Tomcat].[localhost].[/] - Initializing Spring embedded WebApplicationContext
2021-02-08 03:24:36.296 [INFO ] org.springframework.boot.web.servlet.context.ServletWebServerApplicationContext - Root WebApplicationContext: initialization completed in 4379 ms
2021-02-08 03:24:39.451 [INFO ] springfox.documentation.spring.web.PropertySourcedRequestMappingHandlerMapping - Mapped URL path [/v2/api-docs] onto method [springfox.documentation.swagger2.web.Swagger2Controller#getDocumentation(String, HttpServletRequest)]
2021-02-08 03:24:39.727 [INFO ] org.springframework.scheduling.concurrent.ThreadPoolTaskExecutor - Initializing ExecutorService 'applicationTaskExecutor'
2021-02-08 03:24:39.824 [INFO ] org.springframework.boot.devtools.autoconfigure.OptionalLiveReloadServer - LiveReload server is running on port 35729
2021-02-08 03:24:39.975 [INFO ] org.springframework.scheduling.concurrent.ThreadPoolTaskExecutor - Shutting down ExecutorService 'applicationTaskExecutor'
2021-02-08 03:24:39.986 [INFO ] org.apache.catalina.core.StandardService - Stopping service [Tomcat]
2021-02-08 03:24:40.026 [INFO ] org.springframework.boot.autoconfigure.logging.ConditionEvaluationReportLoggingListener - 

Error starting ApplicationContext. To display the conditions report re-run your application with 'debug' enabled.
2021-02-08 03:27:24.789 [INFO ] org.hibernate.validator.internal.util.Version - HV000001: Hibernate Validator 6.1.5.Final
2021-02-08 03:27:24.886 [INFO ] com.dippy.SpringbootSecondcarApplication - Starting SpringbootSecondcarApplication on Dippy with PID 6628 (E:\workspace\IDEA\springboot\springboot-secondcar\target\classes started by Mindless in E:\workspace\IDEA\springboot\springboot-secondcar)
2021-02-08 03:27:24.887 [INFO ] com.dippy.SpringbootSecondcarApplication - No active profile set, falling back to default profiles: default
2021-02-08 03:27:25.073 [INFO ] org.springframework.boot.devtools.env.DevToolsPropertyDefaultsPostProcessor - Devtools property defaults active! Set 'spring.devtools.add-properties' to 'false' to disable
2021-02-08 03:27:25.075 [INFO ] org.springframework.boot.devtools.env.DevToolsPropertyDefaultsPostProcessor - For additional web related logging consider setting the 'logging.level.web' property to 'DEBUG'
2021-02-08 03:27:27.535 [INFO ] org.springframework.data.repository.config.RepositoryConfigurationDelegate - Multiple Spring Data modules found, entering strict repository configuration mode!
2021-02-08 03:27:27.541 [INFO ] org.springframework.data.repository.config.RepositoryConfigurationDelegate - Bootstrapping Spring Data Redis repositories in DEFAULT mode.
2021-02-08 03:27:27.783 [INFO ] org.springframework.data.repository.config.RepositoryConfigurationDelegate - Finished Spring Data repository scanning in 215ms. Found 0 Redis repository interfaces.
2021-02-08 03:27:28.475 [INFO ] org.springframework.context.support.PostProcessorRegistrationDelegate$BeanPostProcessorChecker - Bean 'org.springframework.security.access.expression.method.DefaultMethodSecurityExpressionHandler@203765b2' of type [org.springframework.security.access.expression.method.DefaultMethodSecurityExpressionHandler] is not eligible for getting processed by all BeanPostProcessors (for example: not eligible for auto-proxying)
2021-02-08 03:27:28.485 [INFO ] org.springframework.context.support.PostProcessorRegistrationDelegate$BeanPostProcessorChecker - Bean 'methodSecurityMetadataSource' of type [org.springframework.security.access.method.DelegatingMethodSecurityMetadataSource] is not eligible for getting processed by all BeanPostProcessors (for example: not eligible for auto-proxying)
2021-02-08 03:27:29.368 [INFO ] org.springframework.boot.web.embedded.tomcat.TomcatWebServer - Tomcat initialized with port(s): 8090 (http)
2021-02-08 03:27:29.390 [INFO ] org.apache.coyote.http11.Http11NioProtocol - Initializing ProtocolHandler ["http-nio-8090"]
2021-02-08 03:27:29.392 [INFO ] org.apache.catalina.core.StandardService - Starting service [Tomcat]
2021-02-08 03:27:29.392 [INFO ] org.apache.catalina.core.StandardEngine - Starting Servlet engine: [Apache Tomcat/9.0.38]
2021-02-08 03:27:29.667 [INFO ] org.apache.catalina.core.ContainerBase.[Tomcat].[localhost].[/] - Initializing Spring embedded WebApplicationContext
2021-02-08 03:27:29.668 [INFO ] org.springframework.boot.web.servlet.context.ServletWebServerApplicationContext - Root WebApplicationContext: initialization completed in 4592 ms
2021-02-08 03:27:32.820 [INFO ] springfox.documentation.spring.web.PropertySourcedRequestMappingHandlerMapping - Mapped URL path [/v2/api-docs] onto method [springfox.documentation.swagger2.web.Swagger2Controller#getDocumentation(String, HttpServletRequest)]
2021-02-08 03:27:33.074 [INFO ] org.springframework.scheduling.concurrent.ThreadPoolTaskExecutor - Initializing ExecutorService 'applicationTaskExecutor'
2021-02-08 03:27:33.153 [INFO ] org.springframework.boot.devtools.autoconfigure.OptionalLiveReloadServer - LiveReload server is running on port 35729
2021-02-08 03:27:33.281 [INFO ] org.springframework.scheduling.concurrent.ThreadPoolTaskExecutor - Shutting down ExecutorService 'applicationTaskExecutor'
2021-02-08 03:27:33.292 [INFO ] org.apache.catalina.core.StandardService - Stopping service [Tomcat]
2021-02-08 03:27:33.308 [INFO ] org.springframework.boot.autoconfigure.logging.ConditionEvaluationReportLoggingListener - 

Error starting ApplicationContext. To display the conditions report re-run your application with 'debug' enabled.
2021-02-08 03:28:19.410 [INFO ] org.hibernate.validator.internal.util.Version - HV000001: Hibernate Validator 6.1.5.Final
2021-02-08 03:28:19.500 [INFO ] com.dippy.service.impl.CarInfoServiceImplTest - Starting CarInfoServiceImplTest on Dippy with PID 21500 (started by Mindless in E:\workspace\IDEA\springboot\springboot-secondcar)
2021-02-08 03:28:19.501 [INFO ] com.dippy.service.impl.CarInfoServiceImplTest - No active profile set, falling back to default profiles: default
2021-02-08 03:28:22.053 [INFO ] org.springframework.data.repository.config.RepositoryConfigurationDelegate - Multiple Spring Data modules found, entering strict repository configuration mode!
2021-02-08 03:28:22.068 [INFO ] org.springframework.data.repository.config.RepositoryConfigurationDelegate - Bootstrapping Spring Data Redis repositories in DEFAULT mode.
2021-02-08 03:28:22.261 [INFO ] org.springframework.data.repository.config.RepositoryConfigurationDelegate - Finished Spring Data repository scanning in 163ms. Found 0 Redis repository interfaces.
2021-02-08 03:28:23.119 [INFO ] org.springframework.context.support.PostProcessorRegistrationDelegate$BeanPostProcessorChecker - Bean 'org.springframework.security.access.expression.method.DefaultMethodSecurityExpressionHandler@5854a18' of type [org.springframework.security.access.expression.method.DefaultMethodSecurityExpressionHandler] is not eligible for getting processed by all BeanPostProcessors (for example: not eligible for auto-proxying)
2021-02-08 03:28:23.149 [INFO ] org.springframework.context.support.PostProcessorRegistrationDelegate$BeanPostProcessorChecker - Bean 'methodSecurityMetadataSource' of type [org.springframework.security.access.method.DelegatingMethodSecurityMetadataSource] is not eligible for getting processed by all BeanPostProcessors (for example: not eligible for auto-proxying)
2021-02-08 03:28:27.149 [INFO ] springfox.documentation.spring.web.PropertySourcedRequestMappingHandlerMapping - Mapped URL path [/v2/api-docs] onto method [springfox.documentation.swagger2.web.Swagger2Controller#getDocumentation(String, HttpServletRequest)]
2021-02-08 03:28:28.022 [INFO ] org.springframework.scheduling.concurrent.ThreadPoolTaskExecutor - Initializing ExecutorService 'applicationTaskExecutor'
2021-02-08 03:28:28.367 [INFO ] org.springframework.scheduling.concurrent.ThreadPoolTaskExecutor - Shutting down ExecutorService 'applicationTaskExecutor'
2021-02-08 03:28:28.383 [INFO ] org.springframework.boot.autoconfigure.logging.ConditionEvaluationReportLoggingListener - 

Error starting ApplicationContext. To display the conditions report re-run your application with 'debug' enabled.
2021-02-08 03:30:54.825 [INFO ] org.hibernate.validator.internal.util.Version - HV000001: Hibernate Validator 6.1.5.Final
2021-02-08 03:30:54.925 [INFO ] com.dippy.SpringbootSecondcarApplication - Starting SpringbootSecondcarApplication on Dippy with PID 18284 (E:\workspace\IDEA\springboot\springboot-secondcar\target\classes started by Mindless in E:\workspace\IDEA\springboot\springboot-secondcar)
2021-02-08 03:30:54.927 [INFO ] com.dippy.SpringbootSecondcarApplication - No active profile set, falling back to default profiles: default
2021-02-08 03:30:55.071 [INFO ] org.springframework.boot.devtools.env.DevToolsPropertyDefaultsPostProcessor - Devtools property defaults active! Set 'spring.devtools.add-properties' to 'false' to disable
2021-02-08 03:30:55.072 [INFO ] org.springframework.boot.devtools.env.DevToolsPropertyDefaultsPostProcessor - For additional web related logging consider setting the 'logging.level.web' property to 'DEBUG'
2021-02-08 03:30:57.022 [INFO ] org.springframework.data.repository.config.RepositoryConfigurationDelegate - Multiple Spring Data modules found, entering strict repository configuration mode!
2021-02-08 03:30:57.027 [INFO ] org.springframework.data.repository.config.RepositoryConfigurationDelegate - Bootstrapping Spring Data Redis repositories in DEFAULT mode.
2021-02-08 03:30:57.264 [INFO ] org.springframework.data.repository.config.RepositoryConfigurationDelegate - Finished Spring Data repository scanning in 210ms. Found 0 Redis repository interfaces.
2021-02-08 03:30:57.940 [INFO ] org.springframework.context.support.PostProcessorRegistrationDelegate$BeanPostProcessorChecker - Bean 'org.springframework.security.access.expression.method.DefaultMethodSecurityExpressionHandler@41582899' of type [org.springframework.security.access.expression.method.DefaultMethodSecurityExpressionHandler] is not eligible for getting processed by all BeanPostProcessors (for example: not eligible for auto-proxying)
2021-02-08 03:30:57.954 [INFO ] org.springframework.context.support.PostProcessorRegistrationDelegate$BeanPostProcessorChecker - Bean 'methodSecurityMetadataSource' of type [org.springframework.security.access.method.DelegatingMethodSecurityMetadataSource] is not eligible for getting processed by all BeanPostProcessors (for example: not eligible for auto-proxying)
2021-02-08 03:30:58.943 [INFO ] org.springframework.boot.web.embedded.tomcat.TomcatWebServer - Tomcat initialized with port(s): 8090 (http)
2021-02-08 03:30:58.966 [INFO ] org.apache.coyote.http11.Http11NioProtocol - Initializing ProtocolHandler ["http-nio-8090"]
2021-02-08 03:30:58.969 [INFO ] org.apache.catalina.core.StandardService - Starting service [Tomcat]
2021-02-08 03:30:58.969 [INFO ] org.apache.catalina.core.StandardEngine - Starting Servlet engine: [Apache Tomcat/9.0.38]
2021-02-08 03:30:59.267 [INFO ] org.apache.catalina.core.ContainerBase.[Tomcat].[localhost].[/] - Initializing Spring embedded WebApplicationContext
2021-02-08 03:30:59.268 [INFO ] org.springframework.boot.web.servlet.context.ServletWebServerApplicationContext - Root WebApplicationContext: initialization completed in 4196 ms
2021-02-08 03:31:02.590 [INFO ] springfox.documentation.spring.web.PropertySourcedRequestMappingHandlerMapping - Mapped URL path [/v2/api-docs] onto method [springfox.documentation.swagger2.web.Swagger2Controller#getDocumentation(String, HttpServletRequest)]
2021-02-08 03:31:02.869 [INFO ] org.springframework.scheduling.concurrent.ThreadPoolTaskExecutor - Initializing ExecutorService 'applicationTaskExecutor'
2021-02-08 03:31:02.959 [INFO ] org.springframework.boot.devtools.autoconfigure.OptionalLiveReloadServer - LiveReload server is running on port 35729
2021-02-08 03:31:03.104 [INFO ] org.springframework.scheduling.concurrent.ThreadPoolTaskExecutor - Shutting down ExecutorService 'applicationTaskExecutor'
2021-02-08 03:31:03.115 [INFO ] org.apache.catalina.core.StandardService - Stopping service [Tomcat]
2021-02-08 03:31:03.134 [INFO ] org.springframework.boot.autoconfigure.logging.ConditionEvaluationReportLoggingListener - 

Error starting ApplicationContext. To display the conditions report re-run your application with 'debug' enabled.
2021-02-08 03:36:24.012 [INFO ] org.hibernate.validator.internal.util.Version - HV000001: Hibernate Validator 6.1.5.Final
2021-02-08 03:36:24.140 [INFO ] com.dippy.SpringbootSecondcarApplication - Starting SpringbootSecondcarApplication on Dippy with PID 16012 (E:\workspace\IDEA\springboot\springboot-secondcar\target\classes started by Mindless in E:\workspace\IDEA\springboot\springboot-secondcar)
2021-02-08 03:36:24.142 [INFO ] com.dippy.SpringbootSecondcarApplication - No active profile set, falling back to default profiles: default
2021-02-08 03:36:24.298 [INFO ] org.springframework.boot.devtools.env.DevToolsPropertyDefaultsPostProcessor - Devtools property defaults active! Set 'spring.devtools.add-properties' to 'false' to disable
2021-02-08 03:36:24.298 [INFO ] org.springframework.boot.devtools.env.DevToolsPropertyDefaultsPostProcessor - For additional web related logging consider setting the 'logging.level.web' property to 'DEBUG'
2021-02-08 03:36:26.914 [INFO ] org.springframework.data.repository.config.RepositoryConfigurationDelegate - Multiple Spring Data modules found, entering strict repository configuration mode!
2021-02-08 03:36:26.918 [INFO ] org.springframework.data.repository.config.RepositoryConfigurationDelegate - Bootstrapping Spring Data Redis repositories in DEFAULT mode.
2021-02-08 03:36:27.144 [INFO ] org.springframework.data.repository.config.RepositoryConfigurationDelegate - Finished Spring Data repository scanning in 195ms. Found 0 Redis repository interfaces.
2021-02-08 03:36:27.886 [INFO ] org.springframework.context.support.PostProcessorRegistrationDelegate$BeanPostProcessorChecker - Bean 'org.springframework.security.access.expression.method.DefaultMethodSecurityExpressionHandler@489110c2' of type [org.springframework.security.access.expression.method.DefaultMethodSecurityExpressionHandler] is not eligible for getting processed by all BeanPostProcessors (for example: not eligible for auto-proxying)
2021-02-08 03:36:27.898 [INFO ] org.springframework.context.support.PostProcessorRegistrationDelegate$BeanPostProcessorChecker - Bean 'methodSecurityMetadataSource' of type [org.springframework.security.access.method.DelegatingMethodSecurityMetadataSource] is not eligible for getting processed by all BeanPostProcessors (for example: not eligible for auto-proxying)
2021-02-08 03:36:28.852 [INFO ] org.springframework.boot.web.embedded.tomcat.TomcatWebServer - Tomcat initialized with port(s): 8090 (http)
2021-02-08 03:36:28.873 [INFO ] org.apache.coyote.http11.Http11NioProtocol - Initializing ProtocolHandler ["http-nio-8090"]
2021-02-08 03:36:28.874 [INFO ] org.apache.catalina.core.StandardService - Starting service [Tomcat]
2021-02-08 03:36:28.875 [INFO ] org.apache.catalina.core.StandardEngine - Starting Servlet engine: [Apache Tomcat/9.0.38]
2021-02-08 03:36:29.135 [INFO ] org.apache.catalina.core.ContainerBase.[Tomcat].[localhost].[/] - Initializing Spring embedded WebApplicationContext
2021-02-08 03:36:29.136 [INFO ] org.springframework.boot.web.servlet.context.ServletWebServerApplicationContext - Root WebApplicationContext: initialization completed in 4838 ms
2021-02-08 03:36:32.289 [INFO ] springfox.documentation.spring.web.PropertySourcedRequestMappingHandlerMapping - Mapped URL path [/v2/api-docs] onto method [springfox.documentation.swagger2.web.Swagger2Controller#getDocumentation(String, HttpServletRequest)]
2021-02-08 03:36:32.533 [INFO ] org.springframework.scheduling.concurrent.ThreadPoolTaskExecutor - Initializing ExecutorService 'applicationTaskExecutor'
2021-02-08 03:36:32.614 [INFO ] org.springframework.boot.devtools.autoconfigure.OptionalLiveReloadServer - LiveReload server is running on port 35729
2021-02-08 03:36:32.746 [INFO ] org.springframework.scheduling.concurrent.ThreadPoolTaskExecutor - Shutting down ExecutorService 'applicationTaskExecutor'
2021-02-08 03:36:32.757 [INFO ] org.apache.catalina.core.StandardService - Stopping service [Tomcat]
2021-02-08 03:38:18.709 [INFO ] org.hibernate.validator.internal.util.Version - HV000001: Hibernate Validator 6.1.5.Final
2021-02-08 03:38:18.800 [INFO ] com.dippy.SpringbootSecondcarApplication - Starting SpringbootSecondcarApplication on Dippy with PID 14864 (E:\workspace\IDEA\springboot\springboot-secondcar\target\classes started by Mindless in E:\workspace\IDEA\springboot\springboot-secondcar)
2021-02-08 03:38:18.801 [INFO ] com.dippy.SpringbootSecondcarApplication - No active profile set, falling back to default profiles: default
2021-02-08 03:38:18.929 [INFO ] org.springframework.boot.devtools.env.DevToolsPropertyDefaultsPostProcessor - Devtools property defaults active! Set 'spring.devtools.add-properties' to 'false' to disable
2021-02-08 03:38:18.930 [INFO ] org.springframework.boot.devtools.env.DevToolsPropertyDefaultsPostProcessor - For additional web related logging consider setting the 'logging.level.web' property to 'DEBUG'
2021-02-08 03:38:20.692 [INFO ] org.springframework.data.repository.config.RepositoryConfigurationDelegate - Multiple Spring Data modules found, entering strict repository configuration mode!
2021-02-08 03:38:20.698 [INFO ] org.springframework.data.repository.config.RepositoryConfigurationDelegate - Bootstrapping Spring Data Redis repositories in DEFAULT mode.
2021-02-08 03:38:20.921 [INFO ] org.springframework.data.repository.config.RepositoryConfigurationDelegate - Finished Spring Data repository scanning in 198ms. Found 0 Redis repository interfaces.
2021-02-08 03:38:21.507 [INFO ] org.springframework.context.support.PostProcessorRegistrationDelegate$BeanPostProcessorChecker - Bean 'org.springframework.security.access.expression.method.DefaultMethodSecurityExpressionHandler@446c8c72' of type [org.springframework.security.access.expression.method.DefaultMethodSecurityExpressionHandler] is not eligible for getting processed by all BeanPostProcessors (for example: not eligible for auto-proxying)
2021-02-08 03:38:21.517 [INFO ] org.springframework.context.support.PostProcessorRegistrationDelegate$BeanPostProcessorChecker - Bean 'methodSecurityMetadataSource' of type [org.springframework.security.access.method.DelegatingMethodSecurityMetadataSource] is not eligible for getting processed by all BeanPostProcessors (for example: not eligible for auto-proxying)
2021-02-08 03:38:22.309 [INFO ] org.springframework.boot.web.embedded.tomcat.TomcatWebServer - Tomcat initialized with port(s): 8090 (http)
2021-02-08 03:38:22.326 [INFO ] org.apache.coyote.http11.Http11NioProtocol - Initializing ProtocolHandler ["http-nio-8090"]
2021-02-08 03:38:22.328 [INFO ] org.apache.catalina.core.StandardService - Starting service [Tomcat]
2021-02-08 03:38:22.329 [INFO ] org.apache.catalina.core.StandardEngine - Starting Servlet engine: [Apache Tomcat/9.0.38]
2021-02-08 03:38:22.564 [INFO ] org.apache.catalina.core.ContainerBase.[Tomcat].[localhost].[/] - Initializing Spring embedded WebApplicationContext
2021-02-08 03:38:22.565 [INFO ] org.springframework.boot.web.servlet.context.ServletWebServerApplicationContext - Root WebApplicationContext: initialization completed in 3635 ms
2021-02-08 03:38:25.304 [INFO ] springfox.documentation.spring.web.PropertySourcedRequestMappingHandlerMapping - Mapped URL path [/v2/api-docs] onto method [springfox.documentation.swagger2.web.Swagger2Controller#getDocumentation(String, HttpServletRequest)]
2021-02-08 03:38:25.567 [INFO ] org.springframework.scheduling.concurrent.ThreadPoolTaskExecutor - Initializing ExecutorService 'applicationTaskExecutor'
2021-02-08 03:38:25.645 [INFO ] org.springframework.boot.devtools.autoconfigure.OptionalLiveReloadServer - LiveReload server is running on port 35729
2021-02-08 03:38:26.872 [INFO ] org.springframework.security.web.DefaultSecurityFilterChain - Creating filter chain: Ant [pattern='/captcha.jpg'], []
2021-02-08 03:38:26.946 [INFO ] org.springframework.security.web.DefaultSecurityFilterChain - Creating filter chain: any request, [org.springframework.security.web.context.request.async.WebAsyncManagerIntegrationFilter@4a304820, org.springframework.security.web.context.SecurityContextPersistenceFilter@205d6f84, org.springframework.security.web.header.HeaderWriterFilter@21bf1b1f, org.springframework.web.filter.CorsFilter@2346f77a, org.springframework.security.web.authentication.logout.LogoutFilter@47184859, com.dippy.filter.VerifyCodeFilter@1978b0d5, com.dippy.filter.VerifyCodeFilter@1978b0d5, com.dippy.filter.TokenFilter@d0e4972, org.springframework.security.web.authentication.UsernamePasswordAuthenticationFilter@22781286, org.springframework.security.web.savedrequest.RequestCacheAwareFilter@74f54f8e, org.springframework.security.web.servletapi.SecurityContextHolderAwareRequestFilter@499f9003, org.springframework.security.web.authentication.rememberme.RememberMeAuthenticationFilter@6ec9f664, org.springframework.security.web.authentication.AnonymousAuthenticationFilter@1b48784a, org.springframework.security.web.session.SessionManagementFilter@c1d9c40, org.springframework.security.web.access.ExceptionTranslationFilter@7d3b4646, org.springframework.security.web.access.intercept.FilterSecurityInterceptor@322c70bc]
2021-02-08 03:38:27.139 [INFO ] org.apache.coyote.http11.Http11NioProtocol - Starting ProtocolHandler ["http-nio-8090"]
2021-02-08 03:38:27.193 [INFO ] org.springframework.boot.web.embedded.tomcat.TomcatWebServer - Tomcat started on port(s): 8090 (http) with context path ''
2021-02-08 03:38:27.195 [INFO ] springfox.documentation.spring.web.plugins.DocumentationPluginsBootstrapper - Context refreshed
2021-02-08 03:38:27.235 [INFO ] springfox.documentation.spring.web.plugins.DocumentationPluginsBootstrapper - Found 1 custom documentation plugin(s)
2021-02-08 03:38:27.316 [INFO ] springfox.documentation.spring.web.scanners.ApiListingReferenceScanner - Scanning for api listing references
2021-02-08 03:38:27.616 [INFO ] com.dippy.SpringbootSecondcarApplication - Started SpringbootSecondcarApplication in 9.919 seconds (JVM running for 15.683)
2021-02-08 03:42:10.778 [INFO ] org.hibernate.validator.internal.util.Version - HV000001: Hibernate Validator 6.1.5.Final
2021-02-08 03:42:10.803 [INFO ] com.dippy.service.CarInfoServiceTest - Starting CarInfoServiceTest on Dippy with PID 16944 (started by Mindless in E:\workspace\IDEA\springboot\springboot-secondcar)
2021-02-08 03:42:10.805 [INFO ] com.dippy.service.CarInfoServiceTest - No active profile set, falling back to default profiles: default
2021-02-08 03:42:13.227 [INFO ] org.springframework.data.repository.config.RepositoryConfigurationDelegate - Multiple Spring Data modules found, entering strict repository configuration mode!
2021-02-08 03:42:13.234 [INFO ] org.springframework.data.repository.config.RepositoryConfigurationDelegate - Bootstrapping Spring Data Redis repositories in DEFAULT mode.
2021-02-08 03:42:13.355 [INFO ] org.springframework.data.repository.config.RepositoryConfigurationDelegate - Finished Spring Data repository scanning in 99ms. Found 0 Redis repository interfaces.
2021-02-08 03:42:14.145 [INFO ] org.springframework.context.support.PostProcessorRegistrationDelegate$BeanPostProcessorChecker - Bean 'org.springframework.security.access.expression.method.DefaultMethodSecurityExpressionHandler@1a0d96a5' of type [org.springframework.security.access.expression.method.DefaultMethodSecurityExpressionHandler] is not eligible for getting processed by all BeanPostProcessors (for example: not eligible for auto-proxying)
2021-02-08 03:42:14.179 [INFO ] org.springframework.context.support.PostProcessorRegistrationDelegate$BeanPostProcessorChecker - Bean 'methodSecurityMetadataSource' of type [org.springframework.security.access.method.DelegatingMethodSecurityMetadataSource] is not eligible for getting processed by all BeanPostProcessors (for example: not eligible for auto-proxying)
2021-02-08 03:42:17.697 [INFO ] springfox.documentation.spring.web.PropertySourcedRequestMappingHandlerMapping - Mapped URL path [/v2/api-docs] onto method [springfox.documentation.swagger2.web.Swagger2Controller#getDocumentation(String, HttpServletRequest)]
2021-02-08 03:42:18.300 [INFO ] org.springframework.scheduling.concurrent.ThreadPoolTaskExecutor - Initializing ExecutorService 'applicationTaskExecutor'
2021-02-08 03:42:19.749 [INFO ] org.springframework.security.web.DefaultSecurityFilterChain - Creating filter chain: Ant [pattern='/captcha.jpg'], []
2021-02-08 03:42:20.342 [INFO ] org.springframework.security.web.DefaultSecurityFilterChain - Creating filter chain: any request, [org.springframework.security.web.context.request.async.WebAsyncManagerIntegrationFilter@248d3a, org.springframework.security.web.context.SecurityContextPersistenceFilter@2f038d3c, org.springframework.security.web.header.HeaderWriterFilter@527d48db, org.springframework.web.filter.CorsFilter@3c71cf3e, org.springframework.security.web.authentication.logout.LogoutFilter@e49437, com.dippy.filter.VerifyCodeFilter@636e4bf8, com.dippy.filter.VerifyCodeFilter@636e4bf8, com.dippy.filter.TokenFilter@5af38a4a, org.springframework.security.web.authentication.UsernamePasswordAuthenticationFilter@3ea84e01, org.springframework.security.web.savedrequest.RequestCacheAwareFilter@39a8e2fa, org.springframework.security.web.servletapi.SecurityContextHolderAwareRequestFilter@71b3ba5a, org.springframework.security.web.authentication.rememberme.RememberMeAuthenticationFilter@3b9c9b8b, org.springframework.security.web.authentication.AnonymousAuthenticationFilter@7e1a9173, org.springframework.security.web.session.SessionManagementFilter@2335aef2, org.springframework.security.web.access.ExceptionTranslationFilter@19647566, org.springframework.security.web.access.intercept.FilterSecurityInterceptor@fd87c22]
2021-02-08 03:42:20.478 [INFO ] springfox.documentation.spring.web.plugins.DocumentationPluginsBootstrapper - Context refreshed
2021-02-08 03:42:20.512 [INFO ] springfox.documentation.spring.web.plugins.DocumentationPluginsBootstrapper - Found 1 custom documentation plugin(s)
2021-02-08 03:42:20.568 [INFO ] springfox.documentation.spring.web.scanners.ApiListingReferenceScanner - Scanning for api listing references
2021-02-08 03:42:20.975 [INFO ] com.dippy.service.CarInfoServiceTest - Started CarInfoServiceTest in 10.929 seconds (JVM running for 13.08)
2021-02-08 03:42:21.447 [INFO ] com.zaxxer.hikari.HikariDataSource - HikariPool-1 - Starting...
2021-02-08 03:42:21.840 [INFO ] com.zaxxer.hikari.HikariDataSource - HikariPool-1 - Start completed.
2021-02-08 03:42:22.195 [INFO ] org.springframework.scheduling.concurrent.ThreadPoolTaskExecutor - Shutting down ExecutorService 'applicationTaskExecutor'
2021-02-08 03:42:22.199 [INFO ] com.zaxxer.hikari.HikariDataSource - HikariPool-1 - Shutdown initiated...
2021-02-08 03:42:22.219 [INFO ] com.zaxxer.hikari.HikariDataSource - HikariPool-1 - Shutdown completed.
2021-02-08 03:46:59.403 [INFO ] org.hibernate.validator.internal.util.Version - HV000001: Hibernate Validator 6.1.5.Final
2021-02-08 03:46:59.423 [INFO ] com.dippy.service.CarInfoServiceTest - Starting CarInfoServiceTest on Dippy with PID 11148 (started by Mindless in E:\workspace\IDEA\springboot\springboot-secondcar)
2021-02-08 03:46:59.424 [INFO ] com.dippy.service.CarInfoServiceTest - No active profile set, falling back to default profiles: default
2021-02-08 03:47:01.258 [INFO ] org.springframework.data.repository.config.RepositoryConfigurationDelegate - Multiple Spring Data modules found, entering strict repository configuration mode!
2021-02-08 03:47:01.263 [INFO ] org.springframework.data.repository.config.RepositoryConfigurationDelegate - Bootstrapping Spring Data Redis repositories in DEFAULT mode.
2021-02-08 03:47:01.380 [INFO ] org.springframework.data.repository.config.RepositoryConfigurationDelegate - Finished Spring Data repository scanning in 99ms. Found 0 Redis repository interfaces.
2021-02-08 03:47:02.028 [INFO ] org.springframework.context.support.PostProcessorRegistrationDelegate$BeanPostProcessorChecker - Bean 'org.springframework.security.access.expression.method.DefaultMethodSecurityExpressionHandler@4a37191a' of type [org.springframework.security.access.expression.method.DefaultMethodSecurityExpressionHandler] is not eligible for getting processed by all BeanPostProcessors (for example: not eligible for auto-proxying)
2021-02-08 03:47:02.060 [INFO ] org.springframework.context.support.PostProcessorRegistrationDelegate$BeanPostProcessorChecker - Bean 'methodSecurityMetadataSource' of type [org.springframework.security.access.method.DelegatingMethodSecurityMetadataSource] is not eligible for getting processed by all BeanPostProcessors (for example: not eligible for auto-proxying)
2021-02-08 03:47:05.984 [INFO ] springfox.documentation.spring.web.PropertySourcedRequestMappingHandlerMapping - Mapped URL path [/v2/api-docs] onto method [springfox.documentation.swagger2.web.Swagger2Controller#getDocumentation(String, HttpServletRequest)]
2021-02-08 03:47:06.667 [INFO ] org.springframework.scheduling.concurrent.ThreadPoolTaskExecutor - Initializing ExecutorService 'applicationTaskExecutor'
2021-02-08 03:47:08.226 [INFO ] org.springframework.security.web.DefaultSecurityFilterChain - Creating filter chain: Ant [pattern='/captcha.jpg'], []
2021-02-08 03:47:08.991 [INFO ] org.springframework.security.web.DefaultSecurityFilterChain - Creating filter chain: any request, [org.springframework.security.web.context.request.async.WebAsyncManagerIntegrationFilter@5d800a56, org.springframework.security.web.context.SecurityContextPersistenceFilter@71b3ba5a, org.springframework.security.web.header.HeaderWriterFilter@39a8e2fa, org.springframework.web.filter.CorsFilter@1be77a76, org.springframework.security.web.authentication.logout.LogoutFilter@75a226ea, com.dippy.filter.VerifyCodeFilter@315cf170, com.dippy.filter.VerifyCodeFilter@315cf170, com.dippy.filter.TokenFilter@7878bbdb, org.springframework.security.web.authentication.UsernamePasswordAuthenticationFilter@7c956dda, org.springframework.security.web.savedrequest.RequestCacheAwareFilter@a047bdb, org.springframework.security.web.servletapi.SecurityContextHolderAwareRequestFilter@2c08c787, org.springframework.security.web.authentication.rememberme.RememberMeAuthenticationFilter@7e1a9173, org.springframework.security.web.authentication.AnonymousAuthenticationFilter@25f7cc38, org.springframework.security.web.session.SessionManagementFilter@1c43df76, org.springframework.security.web.access.ExceptionTranslationFilter@2f038d3c, org.springframework.security.web.access.intercept.FilterSecurityInterceptor@3c71cf3e]
2021-02-08 03:47:09.471 [INFO ] springfox.documentation.spring.web.plugins.DocumentationPluginsBootstrapper - Context refreshed
2021-02-08 03:47:09.752 [INFO ] springfox.documentation.spring.web.plugins.DocumentationPluginsBootstrapper - Found 1 custom documentation plugin(s)
2021-02-08 03:47:09.913 [INFO ] springfox.documentation.spring.web.scanners.ApiListingReferenceScanner - Scanning for api listing references
2021-02-08 03:47:10.778 [INFO ] com.dippy.service.CarInfoServiceTest - Started CarInfoServiceTest in 12.223 seconds (JVM running for 14.5)
2021-02-08 03:47:11.383 [INFO ] com.zaxxer.hikari.HikariDataSource - HikariPool-1 - Starting...
2021-02-08 03:47:11.784 [INFO ] com.zaxxer.hikari.HikariDataSource - HikariPool-1 - Start completed.
2021-02-08 03:47:12.251 [INFO ] org.springframework.scheduling.concurrent.ThreadPoolTaskExecutor - Shutting down ExecutorService 'applicationTaskExecutor'
2021-02-08 03:47:12.270 [INFO ] com.zaxxer.hikari.HikariDataSource - HikariPool-1 - Shutdown initiated...
2021-02-08 03:47:12.410 [INFO ] com.zaxxer.hikari.HikariDataSource - HikariPool-1 - Shutdown completed.
2021-02-08 03:47:55.383 [INFO ] org.hibernate.validator.internal.util.Version - HV000001: Hibernate Validator 6.1.5.Final
2021-02-08 03:47:55.394 [INFO ] com.dippy.service.CarInfoServiceTest - Starting CarInfoServiceTest on Dippy with PID 20432 (started by Mindless in E:\workspace\IDEA\springboot\springboot-secondcar)
2021-02-08 03:47:55.394 [INFO ] com.dippy.service.CarInfoServiceTest - No active profile set, falling back to default profiles: default
2021-02-08 03:47:57.959 [INFO ] org.springframework.data.repository.config.RepositoryConfigurationDelegate - Multiple Spring Data modules found, entering strict repository configuration mode!
2021-02-08 03:47:57.967 [INFO ] org.springframework.data.repository.config.RepositoryConfigurationDelegate - Bootstrapping Spring Data Redis repositories in DEFAULT mode.
2021-02-08 03:47:58.104 [INFO ] org.springframework.data.repository.config.RepositoryConfigurationDelegate - Finished Spring Data repository scanning in 115ms. Found 0 Redis repository interfaces.
2021-02-08 03:47:58.865 [INFO ] org.springframework.context.support.PostProcessorRegistrationDelegate$BeanPostProcessorChecker - Bean 'org.springframework.security.access.expression.method.DefaultMethodSecurityExpressionHandler@5854a18' of type [org.springframework.security.access.expression.method.DefaultMethodSecurityExpressionHandler] is not eligible for getting processed by all BeanPostProcessors (for example: not eligible for auto-proxying)
2021-02-08 03:47:58.899 [INFO ] org.springframework.context.support.PostProcessorRegistrationDelegate$BeanPostProcessorChecker - Bean 'methodSecurityMetadataSource' of type [org.springframework.security.access.method.DelegatingMethodSecurityMetadataSource] is not eligible for getting processed by all BeanPostProcessors (for example: not eligible for auto-proxying)
2021-02-08 03:48:02.672 [INFO ] springfox.documentation.spring.web.PropertySourcedRequestMappingHandlerMapping - Mapped URL path [/v2/api-docs] onto method [springfox.documentation.swagger2.web.Swagger2Controller#getDocumentation(String, HttpServletRequest)]
2021-02-08 03:48:03.374 [INFO ] org.springframework.scheduling.concurrent.ThreadPoolTaskExecutor - Initializing ExecutorService 'applicationTaskExecutor'
2021-02-08 03:48:04.941 [INFO ] org.springframework.security.web.DefaultSecurityFilterChain - Creating filter chain: Ant [pattern='/captcha.jpg'], []
2021-02-08 03:48:05.586 [INFO ] org.springframework.security.web.DefaultSecurityFilterChain - Creating filter chain: any request, [org.springframework.security.web.context.request.async.WebAsyncManagerIntegrationFilter@37d3aa8c, org.springframework.security.web.context.SecurityContextPersistenceFilter@64c95480, org.springframework.security.web.header.HeaderWriterFilter@21a9f95b, org.springframework.web.filter.CorsFilter@5dd747c1, org.springframework.security.web.authentication.logout.LogoutFilter@ff2266c, com.dippy.filter.VerifyCodeFilter@1bdafb01, com.dippy.filter.VerifyCodeFilter@1bdafb01, com.dippy.filter.TokenFilter@7aa3857b, org.springframework.security.web.authentication.UsernamePasswordAuthenticationFilter@a047bdb, org.springframework.security.web.savedrequest.RequestCacheAwareFilter@3451fc88, org.springframework.security.web.servletapi.SecurityContextHolderAwareRequestFilter@2e40fdbd, org.springframework.security.web.authentication.rememberme.RememberMeAuthenticationFilter@3caf5c96, org.springframework.security.web.authentication.AnonymousAuthenticationFilter@500ec769, org.springframework.security.web.session.SessionManagementFilter@69069866, org.springframework.security.web.access.ExceptionTranslationFilter@333e5fb6, org.springframework.security.web.access.intercept.FilterSecurityInterceptor@59f7c106]
2021-02-08 03:48:05.732 [INFO ] springfox.documentation.spring.web.plugins.DocumentationPluginsBootstrapper - Context refreshed
2021-02-08 03:48:05.765 [INFO ] springfox.documentation.spring.web.plugins.DocumentationPluginsBootstrapper - Found 1 custom documentation plugin(s)
2021-02-08 03:48:05.815 [INFO ] springfox.documentation.spring.web.scanners.ApiListingReferenceScanner - Scanning for api listing references
2021-02-08 03:48:06.206 [INFO ] com.dippy.service.CarInfoServiceTest - Started CarInfoServiceTest in 11.683 seconds (JVM running for 13.961)
2021-02-08 03:48:06.632 [INFO ] com.zaxxer.hikari.HikariDataSource - HikariPool-1 - Starting...
2021-02-08 03:48:06.886 [INFO ] com.zaxxer.hikari.HikariDataSource - HikariPool-1 - Start completed.
2021-02-08 03:48:07.097 [INFO ] org.springframework.scheduling.concurrent.ThreadPoolTaskExecutor - Shutting down ExecutorService 'applicationTaskExecutor'
2021-02-08 03:48:07.100 [INFO ] com.zaxxer.hikari.HikariDataSource - HikariPool-1 - Shutdown initiated...
2021-02-08 03:48:07.130 [INFO ] com.zaxxer.hikari.HikariDataSource - HikariPool-1 - Shutdown completed.
2021-02-08 04:00:13.398 [INFO ] org.hibernate.validator.internal.util.Version - HV000001: Hibernate Validator 6.1.5.Final
2021-02-08 04:00:13.408 [INFO ] com.dippy.service.CarInfoServiceTest - Starting CarInfoServiceTest on Dippy with PID 14216 (started by Mindless in E:\workspace\IDEA\springboot\springboot-secondcar)
2021-02-08 04:00:13.409 [INFO ] com.dippy.service.CarInfoServiceTest - No active profile set, falling back to default profiles: default
2021-02-08 04:00:16.104 [INFO ] org.springframework.data.repository.config.RepositoryConfigurationDelegate - Multiple Spring Data modules found, entering strict repository configuration mode!
2021-02-08 04:00:16.109 [INFO ] org.springframework.data.repository.config.RepositoryConfigurationDelegate - Bootstrapping Spring Data Redis repositories in DEFAULT mode.
2021-02-08 04:00:16.230 [INFO ] org.springframework.data.repository.config.RepositoryConfigurationDelegate - Finished Spring Data repository scanning in 100ms. Found 0 Redis repository interfaces.
2021-02-08 04:00:16.967 [INFO ] org.springframework.context.support.PostProcessorRegistrationDelegate$BeanPostProcessorChecker - Bean 'org.springframework.security.access.expression.method.DefaultMethodSecurityExpressionHandler@6321a5aa' of type [org.springframework.security.access.expression.method.DefaultMethodSecurityExpressionHandler] is not eligible for getting processed by all BeanPostProcessors (for example: not eligible for auto-proxying)
2021-02-08 04:00:17.006 [INFO ] org.springframework.context.support.PostProcessorRegistrationDelegate$BeanPostProcessorChecker - Bean 'methodSecurityMetadataSource' of type [org.springframework.security.access.method.DelegatingMethodSecurityMetadataSource] is not eligible for getting processed by all BeanPostProcessors (for example: not eligible for auto-proxying)
2021-02-08 04:00:21.779 [INFO ] springfox.documentation.spring.web.PropertySourcedRequestMappingHandlerMapping - Mapped URL path [/v2/api-docs] onto method [springfox.documentation.swagger2.web.Swagger2Controller#getDocumentation(String, HttpServletRequest)]
2021-02-08 04:00:22.476 [INFO ] org.springframework.scheduling.concurrent.ThreadPoolTaskExecutor - Initializing ExecutorService 'applicationTaskExecutor'
2021-02-08 04:00:24.240 [INFO ] org.springframework.security.web.DefaultSecurityFilterChain - Creating filter chain: Ant [pattern='/captcha.jpg'], []
2021-02-08 04:00:25.068 [INFO ] org.springframework.security.web.DefaultSecurityFilterChain - Creating filter chain: any request, [org.springframework.security.web.context.request.async.WebAsyncManagerIntegrationFilter@79486f38, org.springframework.security.web.context.SecurityContextPersistenceFilter@4930213b, org.springframework.security.web.header.HeaderWriterFilter@43120a77, org.springframework.web.filter.CorsFilter@7b364f47, org.springframework.security.web.authentication.logout.LogoutFilter@166d576b, com.dippy.filter.VerifyCodeFilter@5c8d631, com.dippy.filter.VerifyCodeFilter@5c8d631, com.dippy.filter.TokenFilter@3d42b756, org.springframework.security.web.authentication.UsernamePasswordAuthenticationFilter@53153d5e, org.springframework.security.web.savedrequest.RequestCacheAwareFilter@25e24908, org.springframework.security.web.servletapi.SecurityContextHolderAwareRequestFilter@2ad6aeb8, org.springframework.security.web.authentication.rememberme.RememberMeAuthenticationFilter@49ee3b8d, org.springframework.security.web.authentication.AnonymousAuthenticationFilter@7c93e69, org.springframework.security.web.session.SessionManagementFilter@15aaf7b1, org.springframework.security.web.access.ExceptionTranslationFilter@656672fb, org.springframework.security.web.access.intercept.FilterSecurityInterceptor@7fb02606]
2021-02-08 04:00:25.235 [INFO ] springfox.documentation.spring.web.plugins.DocumentationPluginsBootstrapper - Context refreshed
2021-02-08 04:00:25.281 [INFO ] springfox.documentation.spring.web.plugins.DocumentationPluginsBootstrapper - Found 1 custom documentation plugin(s)
2021-02-08 04:00:25.339 [INFO ] springfox.documentation.spring.web.scanners.ApiListingReferenceScanner - Scanning for api listing references
2021-02-08 04:00:25.575 [INFO ] com.dippy.service.CarInfoServiceTest - Started CarInfoServiceTest in 13.126 seconds (JVM running for 15.438)
2021-02-08 04:00:26.020 [INFO ] com.zaxxer.hikari.HikariDataSource - HikariPool-1 - Starting...
2021-02-08 04:00:26.262 [INFO ] com.zaxxer.hikari.HikariDataSource - HikariPool-1 - Start completed.
2021-02-08 04:00:26.434 [INFO ] org.springframework.scheduling.concurrent.ThreadPoolTaskExecutor - Shutting down ExecutorService 'applicationTaskExecutor'
2021-02-08 04:00:26.438 [INFO ] com.zaxxer.hikari.HikariDataSource - HikariPool-1 - Shutdown initiated...
2021-02-08 04:00:26.453 [INFO ] com.zaxxer.hikari.HikariDataSource - HikariPool-1 - Shutdown completed.
2021-02-08 04:01:43.721 [INFO ] org.hibernate.validator.internal.util.Version - HV000001: Hibernate Validator 6.1.5.Final
2021-02-08 04:01:43.737 [INFO ] com.dippy.service.CarInfoServiceTest - Starting CarInfoServiceTest on Dippy with PID 17648 (started by Mindless in E:\workspace\IDEA\springboot\springboot-secondcar)
2021-02-08 04:01:43.739 [INFO ] com.dippy.service.CarInfoServiceTest - No active profile set, falling back to default profiles: default
2021-02-08 04:01:45.982 [INFO ] org.springframework.data.repository.config.RepositoryConfigurationDelegate - Multiple Spring Data modules found, entering strict repository configuration mode!
2021-02-08 04:01:45.988 [INFO ] org.springframework.data.repository.config.RepositoryConfigurationDelegate - Bootstrapping Spring Data Redis repositories in DEFAULT mode.
2021-02-08 04:01:46.109 [INFO ] org.springframework.data.repository.config.RepositoryConfigurationDelegate - Finished Spring Data repository scanning in 101ms. Found 0 Redis repository interfaces.
2021-02-08 04:01:46.882 [INFO ] org.springframework.context.support.PostProcessorRegistrationDelegate$BeanPostProcessorChecker - Bean 'org.springframework.security.access.expression.method.DefaultMethodSecurityExpressionHandler@557a84fe' of type [org.springframework.security.access.expression.method.DefaultMethodSecurityExpressionHandler] is not eligible for getting processed by all BeanPostProcessors (for example: not eligible for auto-proxying)
2021-02-08 04:01:46.912 [INFO ] org.springframework.context.support.PostProcessorRegistrationDelegate$BeanPostProcessorChecker - Bean 'methodSecurityMetadataSource' of type [org.springframework.security.access.method.DelegatingMethodSecurityMetadataSource] is not eligible for getting processed by all BeanPostProcessors (for example: not eligible for auto-proxying)
2021-02-08 04:01:50.569 [INFO ] springfox.documentation.spring.web.PropertySourcedRequestMappingHandlerMapping - Mapped URL path [/v2/api-docs] onto method [springfox.documentation.swagger2.web.Swagger2Controller#getDocumentation(String, HttpServletRequest)]
2021-02-08 04:01:51.191 [INFO ] org.springframework.scheduling.concurrent.ThreadPoolTaskExecutor - Initializing ExecutorService 'applicationTaskExecutor'
2021-02-08 04:01:52.758 [INFO ] org.springframework.security.web.DefaultSecurityFilterChain - Creating filter chain: Ant [pattern='/captcha.jpg'], []
2021-02-08 04:01:53.372 [INFO ] org.springframework.security.web.DefaultSecurityFilterChain - Creating filter chain: any request, [org.springframework.security.web.context.request.async.WebAsyncManagerIntegrationFilter@5273143e, org.springframework.security.web.context.SecurityContextPersistenceFilter@ca2cd5e, org.springframework.security.web.header.HeaderWriterFilter@36c783ca, org.springframework.web.filter.CorsFilter@279c4e3b, org.springframework.security.web.authentication.logout.LogoutFilter@194037f9, com.dippy.filter.VerifyCodeFilter@334b392d, com.dippy.filter.VerifyCodeFilter@334b392d, com.dippy.filter.TokenFilter@59f7c106, org.springframework.security.web.authentication.UsernamePasswordAuthenticationFilter@2f038d3c, org.springframework.security.web.savedrequest.RequestCacheAwareFilter@333e5fb6, org.springframework.security.web.servletapi.SecurityContextHolderAwareRequestFilter@69069866, org.springframework.security.web.authentication.rememberme.RememberMeAuthenticationFilter@1c011855, org.springframework.security.web.authentication.AnonymousAuthenticationFilter@136fece2, org.springframework.security.web.session.SessionManagementFilter@273293c8, org.springframework.security.web.access.ExceptionTranslationFilter@6dcbbb49, org.springframework.security.web.access.intercept.FilterSecurityInterceptor@3cf8a235]
2021-02-08 04:01:53.518 [INFO ] springfox.documentation.spring.web.plugins.DocumentationPluginsBootstrapper - Context refreshed
2021-02-08 04:01:53.554 [INFO ] springfox.documentation.spring.web.plugins.DocumentationPluginsBootstrapper - Found 1 custom documentation plugin(s)
2021-02-08 04:01:53.613 [INFO ] springfox.documentation.spring.web.scanners.ApiListingReferenceScanner - Scanning for api listing references
2021-02-08 04:01:53.996 [INFO ] com.dippy.service.CarInfoServiceTest - Started CarInfoServiceTest in 11.001 seconds (JVM running for 13.004)
2021-02-08 04:01:54.387 [INFO ] com.zaxxer.hikari.HikariDataSource - HikariPool-1 - Starting...
2021-02-08 04:01:54.587 [INFO ] com.zaxxer.hikari.HikariDataSource - HikariPool-1 - Start completed.
2021-02-08 04:01:54.770 [INFO ] org.springframework.scheduling.concurrent.ThreadPoolTaskExecutor - Shutting down ExecutorService 'applicationTaskExecutor'
2021-02-08 04:01:54.772 [INFO ] com.zaxxer.hikari.HikariDataSource - HikariPool-1 - Shutdown initiated...
2021-02-08 04:01:54.792 [INFO ] com.zaxxer.hikari.HikariDataSource - HikariPool-1 - Shutdown completed.
2021-02-08 04:03:22.059 [INFO ] org.springframework.data.repository.config.RepositoryConfigurationDelegate - Bootstrapping Spring Data Redis repositories in DEFAULT mode.
2021-02-08 04:03:22.157 [INFO ] org.springframework.data.repository.config.RepositoryConfigurationDelegate - Finished Spring Data repository scanning in 96ms. Found 0 Redis repository interfaces.
2021-02-08 22:14:13.560 [INFO ] org.hibernate.validator.internal.util.Version - HV000001: Hibernate Validator 6.1.5.Final
2021-02-08 22:14:13.716 [INFO ] com.dippy.SpringbootSecondcarApplication - Starting SpringbootSecondcarApplication on Dippy with PID 10816 (E:\workspace\IDEA\springboot\springboot-secondcar\target\classes started by Mindless in E:\workspace\IDEA\springboot\springboot-secondcar)
2021-02-08 22:14:13.720 [INFO ] com.dippy.SpringbootSecondcarApplication - No active profile set, falling back to default profiles: default
2021-02-08 22:14:13.890 [INFO ] org.springframework.boot.devtools.env.DevToolsPropertyDefaultsPostProcessor - Devtools property defaults active! Set 'spring.devtools.add-properties' to 'false' to disable
2021-02-08 22:14:13.890 [INFO ] org.springframework.boot.devtools.env.DevToolsPropertyDefaultsPostProcessor - For additional web related logging consider setting the 'logging.level.web' property to 'DEBUG'
2021-02-08 22:14:17.895 [INFO ] org.springframework.data.repository.config.RepositoryConfigurationDelegate - Multiple Spring Data modules found, entering strict repository configuration mode!
2021-02-08 22:14:17.911 [INFO ] org.springframework.data.repository.config.RepositoryConfigurationDelegate - Bootstrapping Spring Data Redis repositories in DEFAULT mode.
2021-02-08 22:14:18.178 [INFO ] org.springframework.data.repository.config.RepositoryConfigurationDelegate - Finished Spring Data repository scanning in 239ms. Found 0 Redis repository interfaces.
2021-02-08 22:14:18.937 [INFO ] org.springframework.context.support.PostProcessorRegistrationDelegate$BeanPostProcessorChecker - Bean 'org.springframework.security.access.expression.method.DefaultMethodSecurityExpressionHandler@2d237460' of type [org.springframework.security.access.expression.method.DefaultMethodSecurityExpressionHandler] is not eligible for getting processed by all BeanPostProcessors (for example: not eligible for auto-proxying)
2021-02-08 22:14:18.951 [INFO ] org.springframework.context.support.PostProcessorRegistrationDelegate$BeanPostProcessorChecker - Bean 'methodSecurityMetadataSource' of type [org.springframework.security.access.method.DelegatingMethodSecurityMetadataSource] is not eligible for getting processed by all BeanPostProcessors (for example: not eligible for auto-proxying)
2021-02-08 22:14:20.066 [INFO ] org.springframework.boot.web.embedded.tomcat.TomcatWebServer - Tomcat initialized with port(s): 8090 (http)
2021-02-08 22:14:20.098 [INFO ] org.apache.coyote.http11.Http11NioProtocol - Initializing ProtocolHandler ["http-nio-8090"]
2021-02-08 22:14:20.099 [INFO ] org.apache.catalina.core.StandardService - Starting service [Tomcat]
2021-02-08 22:14:20.099 [INFO ] org.apache.catalina.core.StandardEngine - Starting Servlet engine: [Apache Tomcat/9.0.38]
2021-02-08 22:14:20.359 [INFO ] org.apache.catalina.core.ContainerBase.[Tomcat].[localhost].[/] - Initializing Spring embedded WebApplicationContext
2021-02-08 22:14:20.359 [INFO ] org.springframework.boot.web.servlet.context.ServletWebServerApplicationContext - Root WebApplicationContext: initialization completed in 6469 ms
2021-02-08 22:14:23.965 [INFO ] springfox.documentation.spring.web.PropertySourcedRequestMappingHandlerMapping - Mapped URL path [/v2/api-docs] onto method [springfox.documentation.swagger2.web.Swagger2Controller#getDocumentation(String, HttpServletRequest)]
2021-02-08 22:14:24.239 [INFO ] org.springframework.scheduling.concurrent.ThreadPoolTaskExecutor - Initializing ExecutorService 'applicationTaskExecutor'
2021-02-08 22:14:24.387 [INFO ] org.springframework.boot.devtools.autoconfigure.OptionalLiveReloadServer - LiveReload server is running on port 35729
2021-02-08 22:14:25.785 [INFO ] org.springframework.security.web.DefaultSecurityFilterChain - Creating filter chain: Ant [pattern='/captcha.jpg'], []
2021-02-08 22:14:25.860 [INFO ] org.springframework.security.web.DefaultSecurityFilterChain - Creating filter chain: any request, [org.springframework.security.web.context.request.async.WebAsyncManagerIntegrationFilter@5e89e527, org.springframework.security.web.context.SecurityContextPersistenceFilter@33319df0, org.springframework.security.web.header.HeaderWriterFilter@4822d7a1, org.springframework.web.filter.CorsFilter@96075c0, org.springframework.security.web.authentication.logout.LogoutFilter@7fecc26f, com.dippy.filter.VerifyCodeFilter@7c5d36c3, com.dippy.filter.VerifyCodeFilter@7c5d36c3, com.dippy.filter.TokenFilter@4ca4f762, org.springframework.security.web.authentication.UsernamePasswordAuthenticationFilter@402adc9c, org.springframework.security.web.savedrequest.RequestCacheAwareFilter@7d453075, org.springframework.security.web.servletapi.SecurityContextHolderAwareRequestFilter@3dd8b40e, org.springframework.security.web.authentication.rememberme.RememberMeAuthenticationFilter@7f19430f, org.springframework.security.web.authentication.AnonymousAuthenticationFilter@41f84bb1, org.springframework.security.web.session.SessionManagementFilter@17e323fd, org.springframework.security.web.access.ExceptionTranslationFilter@fdeec12, org.springframework.security.web.access.intercept.FilterSecurityInterceptor@eb23b9c]
2021-02-08 22:14:26.094 [INFO ] org.apache.coyote.http11.Http11NioProtocol - Starting ProtocolHandler ["http-nio-8090"]
2021-02-08 22:14:26.144 [INFO ] org.springframework.boot.web.embedded.tomcat.TomcatWebServer - Tomcat started on port(s): 8090 (http) with context path ''
2021-02-08 22:14:26.146 [INFO ] springfox.documentation.spring.web.plugins.DocumentationPluginsBootstrapper - Context refreshed
2021-02-08 22:14:26.175 [INFO ] springfox.documentation.spring.web.plugins.DocumentationPluginsBootstrapper - Found 1 custom documentation plugin(s)
2021-02-08 22:14:26.243 [INFO ] springfox.documentation.spring.web.scanners.ApiListingReferenceScanner - Scanning for api listing references
2021-02-08 22:14:26.520 [INFO ] com.dippy.SpringbootSecondcarApplication - Started SpringbootSecondcarApplication in 18.002 seconds (JVM running for 29.998)
2021-02-08 22:19:53.819 [INFO ] org.apache.catalina.core.ContainerBase.[Tomcat].[localhost].[/] - Initializing Spring DispatcherServlet 'dispatcherServlet'
2021-02-08 22:53:28.549 [INFO ] org.hibernate.validator.internal.util.Version - HV000001: Hibernate Validator 6.1.5.Final
2021-02-08 22:53:28.565 [INFO ] com.dippy.service.CarInfoServiceTest - Starting CarInfoServiceTest on Dippy with PID 8548 (started by Mindless in E:\workspace\IDEA\springboot\springboot-secondcar)
2021-02-08 22:53:28.567 [INFO ] com.dippy.service.CarInfoServiceTest - No active profile set, falling back to default profiles: default
2021-02-08 22:53:30.477 [INFO ] org.springframework.data.repository.config.RepositoryConfigurationDelegate - Multiple Spring Data modules found, entering strict repository configuration mode!
2021-02-08 22:53:30.485 [INFO ] org.springframework.data.repository.config.RepositoryConfigurationDelegate - Bootstrapping Spring Data Redis repositories in DEFAULT mode.
2021-02-08 22:53:30.620 [INFO ] org.springframework.data.repository.config.RepositoryConfigurationDelegate - Finished Spring Data repository scanning in 109ms. Found 0 Redis repository interfaces.
2021-02-08 22:53:31.301 [INFO ] org.springframework.context.support.PostProcessorRegistrationDelegate$BeanPostProcessorChecker - Bean 'org.springframework.security.access.expression.method.DefaultMethodSecurityExpressionHandler@43e065f2' of type [org.springframework.security.access.expression.method.DefaultMethodSecurityExpressionHandler] is not eligible for getting processed by all BeanPostProcessors (for example: not eligible for auto-proxying)
2021-02-08 22:53:31.331 [INFO ] org.springframework.context.support.PostProcessorRegistrationDelegate$BeanPostProcessorChecker - Bean 'methodSecurityMetadataSource' of type [org.springframework.security.access.method.DelegatingMethodSecurityMetadataSource] is not eligible for getting processed by all BeanPostProcessors (for example: not eligible for auto-proxying)
2021-02-08 22:53:35.782 [INFO ] springfox.documentation.spring.web.PropertySourcedRequestMappingHandlerMapping - Mapped URL path [/v2/api-docs] onto method [springfox.documentation.swagger2.web.Swagger2Controller#getDocumentation(String, HttpServletRequest)]
2021-02-08 22:53:36.574 [INFO ] org.springframework.scheduling.concurrent.ThreadPoolTaskExecutor - Initializing ExecutorService 'applicationTaskExecutor'
2021-02-08 22:53:38.291 [INFO ] org.springframework.security.web.DefaultSecurityFilterChain - Creating filter chain: Ant [pattern='/captcha.jpg'], []
2021-02-08 22:53:39.057 [INFO ] org.springframework.security.web.DefaultSecurityFilterChain - Creating filter chain: any request, [org.springframework.security.web.context.request.async.WebAsyncManagerIntegrationFilter@238ad211, org.springframework.security.web.context.SecurityContextPersistenceFilter@17136390, org.springframework.security.web.header.HeaderWriterFilter@69a90b81, org.springframework.web.filter.CorsFilter@1c011855, org.springframework.security.web.authentication.logout.LogoutFilter@19647566, com.dippy.filter.VerifyCodeFilter@6591f8ea, com.dippy.filter.VerifyCodeFilter@6591f8ea, com.dippy.filter.TokenFilter@5273143e, org.springframework.security.web.authentication.UsernamePasswordAuthenticationFilter@194037f9, org.springframework.security.web.savedrequest.RequestCacheAwareFilter@6f1d799, org.springframework.security.web.servletapi.SecurityContextHolderAwareRequestFilter@3b7b0b57, org.springframework.security.web.authentication.rememberme.RememberMeAuthenticationFilter@3cf8a235, org.springframework.security.web.authentication.AnonymousAuthenticationFilter@279c4e3b, org.springframework.security.web.session.SessionManagementFilter@35329a05, org.springframework.security.web.access.ExceptionTranslationFilter@2e4ecdf8, org.springframework.security.web.access.intercept.FilterSecurityInterceptor@225e09f0]
2021-02-08 22:53:39.245 [INFO ] springfox.documentation.spring.web.plugins.DocumentationPluginsBootstrapper - Context refreshed
2021-02-08 22:53:39.290 [INFO ] springfox.documentation.spring.web.plugins.DocumentationPluginsBootstrapper - Found 1 custom documentation plugin(s)
2021-02-08 22:53:39.343 [INFO ] springfox.documentation.spring.web.scanners.ApiListingReferenceScanner - Scanning for api listing references
2021-02-08 22:53:39.778 [INFO ] com.dippy.service.CarInfoServiceTest - Started CarInfoServiceTest in 11.935 seconds (JVM running for 14.772)
2021-02-08 22:53:40.239 [INFO ] com.zaxxer.hikari.HikariDataSource - HikariPool-1 - Starting...
2021-02-08 22:53:40.506 [INFO ] com.zaxxer.hikari.HikariDataSource - HikariPool-1 - Start completed.
2021-02-08 22:53:40.692 [INFO ] org.springframework.scheduling.concurrent.ThreadPoolTaskExecutor - Shutting down ExecutorService 'applicationTaskExecutor'
2021-02-08 22:53:40.790 [INFO ] com.zaxxer.hikari.HikariDataSource - HikariPool-1 - Shutdown initiated...
2021-02-08 22:53:40.807 [INFO ] com.zaxxer.hikari.HikariDataSource - HikariPool-1 - Shutdown completed.
2021-02-08 23:10:17.719 [INFO ] org.hibernate.validator.internal.util.Version - HV000001: Hibernate Validator 6.1.5.Final
2021-02-08 23:10:17.738 [INFO ] com.dippy.service.CarInfoServiceTest - Starting CarInfoServiceTest on Dippy with PID 3036 (started by Mindless in E:\workspace\IDEA\springboot\springboot-secondcar)
2021-02-08 23:10:17.739 [INFO ] com.dippy.service.CarInfoServiceTest - No active profile set, falling back to default profiles: default
2021-02-08 23:10:19.373 [INFO ] org.springframework.data.repository.config.RepositoryConfigurationDelegate - Multiple Spring Data modules found, entering strict repository configuration mode!
2021-02-08 23:10:19.377 [INFO ] org.springframework.data.repository.config.RepositoryConfigurationDelegate - Bootstrapping Spring Data Redis repositories in DEFAULT mode.
2021-02-08 23:10:19.497 [INFO ] org.springframework.data.repository.config.RepositoryConfigurationDelegate - Finished Spring Data repository scanning in 101ms. Found 0 Redis repository interfaces.
2021-02-08 23:10:20.141 [INFO ] org.springframework.context.support.PostProcessorRegistrationDelegate$BeanPostProcessorChecker - Bean 'org.springframework.security.access.expression.method.DefaultMethodSecurityExpressionHandler@63cd2cd2' of type [org.springframework.security.access.expression.method.DefaultMethodSecurityExpressionHandler] is not eligible for getting processed by all BeanPostProcessors (for example: not eligible for auto-proxying)
2021-02-08 23:10:20.174 [INFO ] org.springframework.context.support.PostProcessorRegistrationDelegate$BeanPostProcessorChecker - Bean 'methodSecurityMetadataSource' of type [org.springframework.security.access.method.DelegatingMethodSecurityMetadataSource] is not eligible for getting processed by all BeanPostProcessors (for example: not eligible for auto-proxying)
2021-02-08 23:10:23.702 [INFO ] springfox.documentation.spring.web.PropertySourcedRequestMappingHandlerMapping - Mapped URL path [/v2/api-docs] onto method [springfox.documentation.swagger2.web.Swagger2Controller#getDocumentation(String, HttpServletRequest)]
2021-02-08 23:10:24.357 [INFO ] org.springframework.scheduling.concurrent.ThreadPoolTaskExecutor - Initializing ExecutorService 'applicationTaskExecutor'
2021-02-08 23:10:25.820 [INFO ] org.springframework.security.web.DefaultSecurityFilterChain - Creating filter chain: Ant [pattern='/captcha.jpg'], []
2021-02-08 23:10:26.501 [INFO ] org.springframework.security.web.DefaultSecurityFilterChain - Creating filter chain: any request, [org.springframework.security.web.context.request.async.WebAsyncManagerIntegrationFilter@334b392d, org.springframework.security.web.context.SecurityContextPersistenceFilter@333e5fb6, org.springframework.security.web.header.HeaderWriterFilter@273293c8, org.springframework.web.filter.CorsFilter@59f7c106, org.springframework.security.web.authentication.logout.LogoutFilter@17003497, com.dippy.filter.VerifyCodeFilter@136fece2, com.dippy.filter.VerifyCodeFilter@136fece2, com.dippy.filter.TokenFilter@56478522, org.springframework.security.web.authentication.UsernamePasswordAuthenticationFilter@39a8e2fa, org.springframework.security.web.savedrequest.RequestCacheAwareFilter@21a9f95b, org.springframework.security.web.servletapi.SecurityContextHolderAwareRequestFilter@64c95480, org.springframework.security.web.authentication.rememberme.RememberMeAuthenticationFilter@5273143e, org.springframework.security.web.authentication.AnonymousAuthenticationFilter@3caf5c96, org.springframework.security.web.session.SessionManagementFilter@ca2cd5e, org.springframework.security.web.access.ExceptionTranslationFilter@36c783ca, org.springframework.security.web.access.intercept.FilterSecurityInterceptor@238ad211]
2021-02-08 23:10:26.637 [INFO ] springfox.documentation.spring.web.plugins.DocumentationPluginsBootstrapper - Context refreshed
2021-02-08 23:10:26.672 [INFO ] springfox.documentation.spring.web.plugins.DocumentationPluginsBootstrapper - Found 1 custom documentation plugin(s)
2021-02-08 23:10:26.726 [INFO ] springfox.documentation.spring.web.scanners.ApiListingReferenceScanner - Scanning for api listing references
2021-02-08 23:10:27.106 [INFO ] com.dippy.service.CarInfoServiceTest - Started CarInfoServiceTest in 10.345 seconds (JVM running for 12.555)
2021-02-08 23:10:27.536 [INFO ] com.zaxxer.hikari.HikariDataSource - HikariPool-1 - Starting...
2021-02-08 23:10:27.749 [INFO ] com.zaxxer.hikari.HikariDataSource - HikariPool-1 - Start completed.
2021-02-08 23:10:27.917 [INFO ] org.springframework.scheduling.concurrent.ThreadPoolTaskExecutor - Shutting down ExecutorService 'applicationTaskExecutor'
2021-02-08 23:10:27.920 [INFO ] com.zaxxer.hikari.HikariDataSource - HikariPool-1 - Shutdown initiated...
2021-02-08 23:10:27.937 [INFO ] com.zaxxer.hikari.HikariDataSource - HikariPool-1 - Shutdown completed.
2021-02-08 23:12:33.680 [INFO ] org.springframework.scheduling.concurrent.ThreadPoolTaskExecutor - Shutting down ExecutorService 'applicationTaskExecutor'
