2021-04-22 00:44:18.640 [http-nio-8090-exec-8] WARN  org.mybatis.spring.mapper.ClassPathMapperScanner - No MyBatis mapper was found in '[com.dippy.mapper]' package. Please check your configuration.
2021-04-22 00:44:18.647 [http-nio-8090-exec-8] WARN  org.mybatis.spring.mapper.ClassPathMapperScanner - No MyBatis mapper was found in '[com.dippy.mapper]' package. Please check your configuration.
2021-04-22 00:44:19.068 [http-nio-8090-exec-9] WARN  o.s.w.s.m.m.a.ExceptionHandlerExceptionResolver - Resolved [MyException(code=2020, errMsg=用户异常！请退出后重新登录)]
2021-04-22 00:50:39.639 [AMQP Connection 192.168.88.134:5672] WARN  com.rabbitmq.client.impl.ForgivingExceptionHandler - An unexpected connection driver error occured (Exception message: Connection reset)
2021-04-22 00:50:39.842 [lettuce-nioEventLoop-4-2] WARN  io.lettuce.core.protocol.ConnectionWatchdog - Cannot reconnect to [yuechi.com:6379]: No route to host: no further information: yuechi.com/192.168.88.134:6379
io.netty.channel.AbstractChannel$AnnotatedNoRouteToHostException: No route to host: no further information: yuechi.com/192.168.88.134:6379
Caused by: java.net.NoRouteToHostException: No route to host: no further information
	at sun.nio.ch.SocketChannelImpl.checkConnect(Native Method)
	at sun.nio.ch.SocketChannelImpl.finishConnect(SocketChannelImpl.java:717)
	at io.netty.channel.socket.nio.NioSocketChannel.doFinishConnect(NioSocketChannel.java:330)
	at io.netty.channel.nio.AbstractNioChannel$AbstractNioUnsafe.finishConnect(AbstractNioChannel.java:334)
	at io.netty.channel.nio.NioEventLoop.processSelectedKey(NioEventLoop.java:702)
	at io.netty.channel.nio.NioEventLoop.processSelectedKeysOptimized(NioEventLoop.java:650)
	at io.netty.channel.nio.NioEventLoop.processSelectedKeys(NioEventLoop.java:576)
	at io.netty.channel.nio.NioEventLoop.run(NioEventLoop.java:493)
	at io.netty.util.concurrent.SingleThreadEventExecutor$4.run(SingleThreadEventExecutor.java:989)
	at io.netty.util.internal.ThreadExecutorMap$2.run(ThreadExecutorMap.java:74)
	at io.netty.util.concurrent.FastThreadLocalRunnable.run(FastThreadLocalRunnable.java:30)
	at java.lang.Thread.run(Thread.java:748)
2021-04-22 09:13:34.499 [lettuce-nioEventLoop-4-3] WARN  io.lettuce.core.protocol.ConnectionWatchdog - Cannot reconnect to [yuechi.com:6379]: connection timed out: yuechi.com/192.168.88.134:6379
2021-04-22 09:13:38.358 [HikariPool-1 housekeeper] WARN  com.zaxxer.hikari.pool.HikariPool - HikariPool-1 - Thread starvation or clock leap detected (housekeeper delta=8h23m5s59ms836µs100ns).
2021-04-22 09:13:38.527 [http-nio-8090-exec-5] WARN  org.mybatis.spring.mapper.ClassPathMapperScanner - No MyBatis mapper was found in '[com.dippy.mapper]' package. Please check your configuration.
2021-04-22 09:13:38.533 [http-nio-8090-exec-5] WARN  org.mybatis.spring.mapper.ClassPathMapperScanner - No MyBatis mapper was found in '[com.dippy.mapper]' package. Please check your configuration.
2021-04-22 11:01:39.244 [http-nio-8090-exec-10] WARN  org.mybatis.spring.mapper.ClassPathMapperScanner - No MyBatis mapper was found in '[com.dippy.mapper]' package. Please check your configuration.
2021-04-22 11:01:39.264 [http-nio-8090-exec-10] WARN  org.mybatis.spring.mapper.ClassPathMapperScanner - No MyBatis mapper was found in '[com.dippy.mapper]' package. Please check your configuration.
2021-04-22 12:22:13.819 [http-nio-8090-exec-8] WARN  org.mybatis.spring.mapper.ClassPathMapperScanner - No MyBatis mapper was found in '[com.dippy.mapper]' package. Please check your configuration.
2021-04-22 12:22:13.828 [http-nio-8090-exec-8] WARN  org.mybatis.spring.mapper.ClassPathMapperScanner - No MyBatis mapper was found in '[com.dippy.mapper]' package. Please check your configuration.
2021-04-22 12:22:40.660 [http-nio-8090-exec-6] WARN  o.s.w.s.m.m.a.ExceptionHandlerExceptionResolver - Resolved [MyException(code=2020, errMsg=用户异常！请退出后重新登录)]
2021-04-22 12:57:41.641 [http-nio-8090-exec-9] WARN  o.s.w.s.m.m.a.ExceptionHandlerExceptionResolver - Resolved [MyException(code=2020, errMsg=用户异常！请退出后重新登录)]
2021-04-22 12:57:41.639 [HikariPool-1 housekeeper] WARN  com.zaxxer.hikari.pool.HikariPool - HikariPool-1 - Thread starvation or clock leap detected (housekeeper delta=1m492ms520µs100ns).
2021-04-22 12:57:54.979 [http-nio-8090-exec-2] WARN  org.mybatis.spring.mapper.ClassPathMapperScanner - No MyBatis mapper was found in '[com.dippy.mapper]' package. Please check your configuration.
2021-04-22 12:57:54.990 [http-nio-8090-exec-2] WARN  org.mybatis.spring.mapper.ClassPathMapperScanner - No MyBatis mapper was found in '[com.dippy.mapper]' package. Please check your configuration.
2021-04-22 12:58:36.362 [http-nio-8090-exec-10] WARN  o.s.w.s.m.m.a.ExceptionHandlerExceptionResolver - Resolved [java.lang.IllegalArgumentException: rawPassword cannot be null]
2021-04-22 13:00:48.801 [http-nio-8090-exec-4] WARN  o.s.w.s.m.m.a.ExceptionHandlerExceptionResolver - Resolved [java.lang.IllegalArgumentException: rawPassword cannot be null]
2021-04-22 13:00:48.806 [HikariPool-1 housekeeper] WARN  com.zaxxer.hikari.pool.HikariPool - HikariPool-1 - Thread starvation or clock leap detected (housekeeper delta=1m24s967ms913µs400ns).
2021-04-22 13:01:02.014 [http-nio-8090-exec-9] WARN  o.s.w.s.m.m.a.ExceptionHandlerExceptionResolver - Resolved [java.lang.IllegalArgumentException: rawPassword cannot be null]
2021-04-22 13:02:54.992 [http-nio-8090-exec-10] WARN  org.mybatis.spring.mapper.ClassPathMapperScanner - No MyBatis mapper was found in '[com.dippy.mapper]' package. Please check your configuration.
2021-04-22 13:02:55.004 [http-nio-8090-exec-10] WARN  org.mybatis.spring.mapper.ClassPathMapperScanner - No MyBatis mapper was found in '[com.dippy.mapper]' package. Please check your configuration.
2021-04-22 13:03:03.573 [http-nio-8090-exec-1] WARN  o.s.w.s.m.m.a.ExceptionHandlerExceptionResolver - Resolved [java.lang.IllegalArgumentException: rawPassword cannot be null]
2021-04-22 13:08:27.828 [http-nio-8090-exec-4] WARN  org.mybatis.spring.mapper.ClassPathMapperScanner - No MyBatis mapper was found in '[com.dippy.mapper]' package. Please check your configuration.
2021-04-22 13:08:27.838 [http-nio-8090-exec-4] WARN  org.mybatis.spring.mapper.ClassPathMapperScanner - No MyBatis mapper was found in '[com.dippy.mapper]' package. Please check your configuration.
2021-04-22 13:09:47.117 [HikariPool-1 housekeeper] WARN  com.zaxxer.hikari.pool.HikariPool - HikariPool-1 - Thread starvation or clock leap detected (housekeeper delta=58s233ms74µs).
2021-04-22 13:09:47.140 [http-nio-8090-exec-5] WARN  o.s.w.s.m.m.a.ExceptionHandlerExceptionResolver - Resolved [MyException(code=2003, errMsg=密码错误)]
2021-04-22 13:14:33.416 [http-nio-8090-exec-4] WARN  o.s.w.s.m.m.a.ExceptionHandlerExceptionResolver - Resolved [MyException(code=2003, errMsg=密码错误)]
2021-04-22 13:16:22.641 [http-nio-8090-exec-9] WARN  o.s.w.s.m.m.a.ExceptionHandlerExceptionResolver - Resolved [MyException(code=2003, errMsg=密码错误)]
2021-04-22 13:26:35.003 [http-nio-8090-exec-10] WARN  org.mybatis.spring.mapper.ClassPathMapperScanner - No MyBatis mapper was found in '[com.dippy.mapper]' package. Please check your configuration.
2021-04-22 13:26:35.013 [http-nio-8090-exec-10] WARN  org.mybatis.spring.mapper.ClassPathMapperScanner - No MyBatis mapper was found in '[com.dippy.mapper]' package. Please check your configuration.
2021-04-22 13:26:51.885 [http-nio-8090-exec-1] WARN  o.s.w.s.m.m.a.ExceptionHandlerExceptionResolver - Resolved [java.lang.IllegalArgumentException: rawPassword cannot be null]
2021-04-22 13:29:21.627 [http-nio-8090-exec-4] WARN  org.mybatis.spring.mapper.ClassPathMapperScanner - No MyBatis mapper was found in '[com.dippy.mapper]' package. Please check your configuration.
2021-04-22 13:29:21.638 [http-nio-8090-exec-4] WARN  org.mybatis.spring.mapper.ClassPathMapperScanner - No MyBatis mapper was found in '[com.dippy.mapper]' package. Please check your configuration.
2021-04-22 13:36:33.354 [HikariPool-1 housekeeper] WARN  com.zaxxer.hikari.pool.HikariPool - HikariPool-1 - Thread starvation or clock leap detected (housekeeper delta=1m8s655ms492µs200ns).
2021-04-22 14:41:01.292 [AMQP Connection 192.168.88.134:5672] WARN  com.rabbitmq.client.impl.ForgivingExceptionHandler - An unexpected connection driver error occured (Exception message: Connection reset)
2021-04-22 15:48:31.153 [HikariPool-1 housekeeper] WARN  com.zaxxer.hikari.pool.HikariPool - HikariPool-1 - Thread starvation or clock leap detected (housekeeper delta=1h7m57s576ms49µs200ns).
2021-04-22 15:48:33.541 [lettuce-nioEventLoop-4-1] WARN  io.lettuce.core.protocol.ConnectionWatchdog - Cannot reconnect to [yuechi.com:6379]: Reconnection attempt exceeded timeout of 60 SECONDS 
2021-04-22 15:48:43.581 [lettuce-nioEventLoop-4-2] WARN  io.lettuce.core.protocol.ConnectionWatchdog - Cannot reconnect to [yuechi.com:6379]: connection timed out: yuechi.com/192.168.88.134:6379
2021-04-22 15:48:53.694 [lettuce-nioEventLoop-4-3] WARN  io.lettuce.core.protocol.ConnectionWatchdog - Cannot reconnect to [yuechi.com:6379]: connection timed out: yuechi.com/192.168.88.134:6379
2021-04-22 15:49:03.781 [lettuce-nioEventLoop-4-4] WARN  io.lettuce.core.protocol.ConnectionWatchdog - Cannot reconnect to [yuechi.com:6379]: connection timed out: yuechi.com/192.168.88.134:6379
2021-04-22 15:49:13.882 [lettuce-nioEventLoop-4-1] WARN  io.lettuce.core.protocol.ConnectionWatchdog - Cannot reconnect to [yuechi.com:6379]: connection timed out: yuechi.com/192.168.88.134:6379
2021-04-22 15:49:20.673 [org.springframework.amqp.rabbit.RabbitListenerEndpointContainer#0-6] WARN  o.s.a.r.listener.SimpleMessageListenerContainer - Consumer raised exception, processing can restart if the connection factory supports it. Exception summary: org.springframework.amqp.AmqpConnectException: java.net.ConnectException: Connection timed out: connect
2021-04-22 16:24:44.324 [main] WARN  org.mybatis.spring.mapper.ClassPathMapperScanner - Skipping MapperFactoryBean with name 'carInfoMapper' and 'com.dippy.mapper.CarInfoMapper' mapperInterface. Bean already defined with the same name!
2021-04-22 16:24:44.325 [main] WARN  org.mybatis.spring.mapper.ClassPathMapperScanner - Skipping MapperFactoryBean with name 'carPictureMapper' and 'com.dippy.mapper.CarPictureMapper' mapperInterface. Bean already defined with the same name!
2021-04-22 16:24:44.325 [main] WARN  org.mybatis.spring.mapper.ClassPathMapperScanner - Skipping MapperFactoryBean with name 'logLoginMapper' and 'com.dippy.mapper.LogLoginMapper' mapperInterface. Bean already defined with the same name!
2021-04-22 16:24:44.326 [main] WARN  org.mybatis.spring.mapper.ClassPathMapperScanner - Skipping MapperFactoryBean with name 'persistentLoginsMapper' and 'com.dippy.mapper.PersistentLoginsMapper' mapperInterface. Bean already defined with the same name!
2021-04-22 16:24:44.326 [main] WARN  org.mybatis.spring.mapper.ClassPathMapperScanner - Skipping MapperFactoryBean with name 'regionMapper' and 'com.dippy.mapper.RegionMapper' mapperInterface. Bean already defined with the same name!
2021-04-22 16:24:44.326 [main] WARN  org.mybatis.spring.mapper.ClassPathMapperScanner - Skipping MapperFactoryBean with name 'sellerCarMapper' and 'com.dippy.mapper.SellerCarMapper' mapperInterface. Bean already defined with the same name!
2021-04-22 16:24:44.326 [main] WARN  org.mybatis.spring.mapper.ClassPathMapperScanner - Skipping MapperFactoryBean with name 'shAreaMapper' and 'com.dippy.mapper.ShAreaMapper' mapperInterface. Bean already defined with the same name!
2021-04-22 16:24:44.327 [main] WARN  org.mybatis.spring.mapper.ClassPathMapperScanner - Skipping MapperFactoryBean with name 'sysPermissionMapper' and 'com.dippy.mapper.SysPermissionMapper' mapperInterface. Bean already defined with the same name!
2021-04-22 16:24:44.328 [main] WARN  org.mybatis.spring.mapper.ClassPathMapperScanner - Skipping MapperFactoryBean with name 'sysRoleMapper' and 'com.dippy.mapper.SysRoleMapper' mapperInterface. Bean already defined with the same name!
2021-04-22 16:24:44.328 [main] WARN  org.mybatis.spring.mapper.ClassPathMapperScanner - Skipping MapperFactoryBean with name 'sysRolePermissionMapper' and 'com.dippy.mapper.SysRolePermissionMapper' mapperInterface. Bean already defined with the same name!
2021-04-22 16:24:44.329 [main] WARN  org.mybatis.spring.mapper.ClassPathMapperScanner - Skipping MapperFactoryBean with name 'sysRoleUserMapper' and 'com.dippy.mapper.SysRoleUserMapper' mapperInterface. Bean already defined with the same name!
2021-04-22 16:24:44.329 [main] WARN  org.mybatis.spring.mapper.ClassPathMapperScanner - Skipping MapperFactoryBean with name 'sysUserAddressMapper' and 'com.dippy.mapper.SysUserAddressMapper' mapperInterface. Bean already defined with the same name!
2021-04-22 16:24:44.329 [main] WARN  org.mybatis.spring.mapper.ClassPathMapperScanner - Skipping MapperFactoryBean with name 'sysUserMapper' and 'com.dippy.mapper.SysUserMapper' mapperInterface. Bean already defined with the same name!
2021-04-22 16:24:44.330 [main] WARN  org.mybatis.spring.mapper.ClassPathMapperScanner - Skipping MapperFactoryBean with name 'userAddressMapper' and 'com.dippy.mapper.UserAddressMapper' mapperInterface. Bean already defined with the same name!
2021-04-22 16:24:44.330 [main] WARN  org.mybatis.spring.mapper.ClassPathMapperScanner - Skipping MapperFactoryBean with name 'userInfoMapper' and 'com.dippy.mapper.UserInfoMapper' mapperInterface. Bean already defined with the same name!
2021-04-22 16:24:44.330 [main] WARN  org.mybatis.spring.mapper.ClassPathMapperScanner - No MyBatis mapper was found in '[com.dippy.mapper]' package. Please check your configuration.
2021-04-22 16:24:51.005 [main] WARN  c.b.mybatisplus.core.metadata.TableInfoHelper - Can not find table primary key in Class: "com.dippy.entity.PersistentLogins".
2021-04-22 16:24:51.300 [main] WARN  c.b.mybatisplus.core.metadata.TableInfoHelper - Can not find table primary key in Class: "com.dippy.entity.SysRoleUser".
2021-04-22 16:24:55.347 [main] WARN  org.springframework.data.convert.CustomConversions - Registering converter from class org.springframework.data.geo.Point to interface java.util.Map as writing converter although it doesn't convert to a store-supported type! You might want to check your annotation setup at the converter implementation.
2021-04-22 16:24:55.349 [main] WARN  org.springframework.data.convert.CustomConversions - Registering converter from interface java.util.Map to class org.springframework.data.geo.Point as reading converter although it doesn't convert from a store-supported type! You might want to check your annotation setup at the converter implementation.
2021-04-22 16:24:55.350 [main] WARN  org.springframework.data.convert.CustomConversions - Registering converter from class org.springframework.data.elasticsearch.core.geo.GeoPoint to interface java.util.Map as writing converter although it doesn't convert to a store-supported type! You might want to check your annotation setup at the converter implementation.
2021-04-22 16:24:55.351 [main] WARN  org.springframework.data.convert.CustomConversions - Registering converter from interface java.util.Map to class org.springframework.data.elasticsearch.core.geo.GeoPoint as reading converter although it doesn't convert from a store-supported type! You might want to check your annotation setup at the converter implementation.
2021-04-22 16:24:56.028 [main] WARN  o.s.data.elasticsearch.support.VersionInfo - Version mismatch in between Elasticsearch Clients build/use: 7.6.2 - 7.10.1
2021-04-22 23:08:34.007 [http-nio-8090-exec-3] WARN  org.mybatis.spring.mapper.ClassPathMapperScanner - No MyBatis mapper was found in '[com.dippy.mapper]' package. Please check your configuration.
2021-04-22 23:43:09.386 [http-nio-8090-exec-4] WARN  o.s.w.s.m.m.a.ExceptionHandlerExceptionResolver - Resolved [org.apache.ibatis.binding.BindingException: Invalid bound statement (not found): com.dippy.mapper.CarInfoMapper.getCarDetailByCarId]
2021-04-22 23:43:46.847 [http-nio-8090-exec-8] WARN  o.s.w.s.m.m.a.ExceptionHandlerExceptionResolver - Resolved [org.apache.ibatis.binding.BindingException: Invalid bound statement (not found): com.dippy.mapper.CarInfoMapper.getCarDetailByCarId]
2021-04-22 23:46:26.447 [main] WARN  org.mybatis.spring.mapper.ClassPathMapperScanner - Skipping MapperFactoryBean with name 'carInfoMapper' and 'com.dippy.mapper.CarInfoMapper' mapperInterface. Bean already defined with the same name!
2021-04-22 23:46:26.448 [main] WARN  org.mybatis.spring.mapper.ClassPathMapperScanner - Skipping MapperFactoryBean with name 'carPictureMapper' and 'com.dippy.mapper.CarPictureMapper' mapperInterface. Bean already defined with the same name!
2021-04-22 23:46:26.448 [main] WARN  org.mybatis.spring.mapper.ClassPathMapperScanner - Skipping MapperFactoryBean with name 'logLoginMapper' and 'com.dippy.mapper.LogLoginMapper' mapperInterface. Bean already defined with the same name!
2021-04-22 23:46:26.448 [main] WARN  org.mybatis.spring.mapper.ClassPathMapperScanner - Skipping MapperFactoryBean with name 'persistentLoginsMapper' and 'com.dippy.mapper.PersistentLoginsMapper' mapperInterface. Bean already defined with the same name!
2021-04-22 23:46:26.452 [main] WARN  org.mybatis.spring.mapper.ClassPathMapperScanner - Skipping MapperFactoryBean with name 'regionMapper' and 'com.dippy.mapper.RegionMapper' mapperInterface. Bean already defined with the same name!
2021-04-22 23:46:26.452 [main] WARN  org.mybatis.spring.mapper.ClassPathMapperScanner - Skipping MapperFactoryBean with name 'sellerCarMapper' and 'com.dippy.mapper.SellerCarMapper' mapperInterface. Bean already defined with the same name!
2021-04-22 23:46:26.452 [main] WARN  org.mybatis.spring.mapper.ClassPathMapperScanner - Skipping MapperFactoryBean with name 'shAreaMapper' and 'com.dippy.mapper.ShAreaMapper' mapperInterface. Bean already defined with the same name!
2021-04-22 23:46:26.454 [main] WARN  org.mybatis.spring.mapper.ClassPathMapperScanner - Skipping MapperFactoryBean with name 'sysPermissionMapper' and 'com.dippy.mapper.SysPermissionMapper' mapperInterface. Bean already defined with the same name!
2021-04-22 23:46:26.466 [main] WARN  org.mybatis.spring.mapper.ClassPathMapperScanner - Skipping MapperFactoryBean with name 'sysRoleMapper' and 'com.dippy.mapper.SysRoleMapper' mapperInterface. Bean already defined with the same name!
2021-04-22 23:46:26.466 [main] WARN  org.mybatis.spring.mapper.ClassPathMapperScanner - Skipping MapperFactoryBean with name 'sysRolePermissionMapper' and 'com.dippy.mapper.SysRolePermissionMapper' mapperInterface. Bean already defined with the same name!
2021-04-22 23:46:26.467 [main] WARN  org.mybatis.spring.mapper.ClassPathMapperScanner - Skipping MapperFactoryBean with name 'sysRoleUserMapper' and 'com.dippy.mapper.SysRoleUserMapper' mapperInterface. Bean already defined with the same name!
2021-04-22 23:46:26.467 [main] WARN  org.mybatis.spring.mapper.ClassPathMapperScanner - Skipping MapperFactoryBean with name 'sysUserAddressMapper' and 'com.dippy.mapper.SysUserAddressMapper' mapperInterface. Bean already defined with the same name!
2021-04-22 23:46:26.467 [main] WARN  org.mybatis.spring.mapper.ClassPathMapperScanner - Skipping MapperFactoryBean with name 'sysUserMapper' and 'com.dippy.mapper.SysUserMapper' mapperInterface. Bean already defined with the same name!
2021-04-22 23:46:26.468 [main] WARN  org.mybatis.spring.mapper.ClassPathMapperScanner - Skipping MapperFactoryBean with name 'userAddressMapper' and 'com.dippy.mapper.UserAddressMapper' mapperInterface. Bean already defined with the same name!
2021-04-22 23:46:26.468 [main] WARN  org.mybatis.spring.mapper.ClassPathMapperScanner - Skipping MapperFactoryBean with name 'userInfoMapper' and 'com.dippy.mapper.UserInfoMapper' mapperInterface. Bean already defined with the same name!
2021-04-22 23:46:26.469 [main] WARN  org.mybatis.spring.mapper.ClassPathMapperScanner - No MyBatis mapper was found in '[com.dippy.mapper]' package. Please check your configuration.
2021-04-22 23:49:43.916 [main] WARN  c.b.mybatisplus.core.metadata.TableInfoHelper - Can not find table primary key in Class: "com.dippy.entity.PersistentLogins".
2021-04-22 23:53:34.452 [main] WARN  c.b.mybatisplus.core.metadata.TableInfoHelper - Can not find table primary key in Class: "com.dippy.entity.SysRoleUser".
2021-04-22 23:55:57.440 [main] WARN  org.mybatis.spring.mapper.ClassPathMapperScanner - Skipping MapperFactoryBean with name 'carInfoMapper' and 'com.dippy.mapper.CarInfoMapper' mapperInterface. Bean already defined with the same name!
2021-04-22 23:55:57.441 [main] WARN  org.mybatis.spring.mapper.ClassPathMapperScanner - Skipping MapperFactoryBean with name 'carPictureMapper' and 'com.dippy.mapper.CarPictureMapper' mapperInterface. Bean already defined with the same name!
2021-04-22 23:55:57.441 [main] WARN  org.mybatis.spring.mapper.ClassPathMapperScanner - Skipping MapperFactoryBean with name 'logLoginMapper' and 'com.dippy.mapper.LogLoginMapper' mapperInterface. Bean already defined with the same name!
2021-04-22 23:55:57.442 [main] WARN  org.mybatis.spring.mapper.ClassPathMapperScanner - Skipping MapperFactoryBean with name 'persistentLoginsMapper' and 'com.dippy.mapper.PersistentLoginsMapper' mapperInterface. Bean already defined with the same name!
2021-04-22 23:55:57.442 [main] WARN  org.mybatis.spring.mapper.ClassPathMapperScanner - Skipping MapperFactoryBean with name 'regionMapper' and 'com.dippy.mapper.RegionMapper' mapperInterface. Bean already defined with the same name!
2021-04-22 23:55:57.443 [main] WARN  org.mybatis.spring.mapper.ClassPathMapperScanner - Skipping MapperFactoryBean with name 'sellerCarMapper' and 'com.dippy.mapper.SellerCarMapper' mapperInterface. Bean already defined with the same name!
2021-04-22 23:55:57.444 [main] WARN  org.mybatis.spring.mapper.ClassPathMapperScanner - Skipping MapperFactoryBean with name 'shAreaMapper' and 'com.dippy.mapper.ShAreaMapper' mapperInterface. Bean already defined with the same name!
2021-04-22 23:55:57.444 [main] WARN  org.mybatis.spring.mapper.ClassPathMapperScanner - Skipping MapperFactoryBean with name 'sysPermissionMapper' and 'com.dippy.mapper.SysPermissionMapper' mapperInterface. Bean already defined with the same name!
2021-04-22 23:55:57.445 [main] WARN  org.mybatis.spring.mapper.ClassPathMapperScanner - Skipping MapperFactoryBean with name 'sysRoleMapper' and 'com.dippy.mapper.SysRoleMapper' mapperInterface. Bean already defined with the same name!
2021-04-22 23:55:57.445 [main] WARN  org.mybatis.spring.mapper.ClassPathMapperScanner - Skipping MapperFactoryBean with name 'sysRolePermissionMapper' and 'com.dippy.mapper.SysRolePermissionMapper' mapperInterface. Bean already defined with the same name!
2021-04-22 23:55:57.445 [main] WARN  org.mybatis.spring.mapper.ClassPathMapperScanner - Skipping MapperFactoryBean with name 'sysRoleUserMapper' and 'com.dippy.mapper.SysRoleUserMapper' mapperInterface. Bean already defined with the same name!
2021-04-22 23:55:57.446 [main] WARN  org.mybatis.spring.mapper.ClassPathMapperScanner - Skipping MapperFactoryBean with name 'sysUserAddressMapper' and 'com.dippy.mapper.SysUserAddressMapper' mapperInterface. Bean already defined with the same name!
2021-04-22 23:55:57.446 [main] WARN  org.mybatis.spring.mapper.ClassPathMapperScanner - Skipping MapperFactoryBean with name 'sysUserMapper' and 'com.dippy.mapper.SysUserMapper' mapperInterface. Bean already defined with the same name!
2021-04-22 23:55:57.446 [main] WARN  org.mybatis.spring.mapper.ClassPathMapperScanner - Skipping MapperFactoryBean with name 'userAddressMapper' and 'com.dippy.mapper.UserAddressMapper' mapperInterface. Bean already defined with the same name!
2021-04-22 23:55:57.446 [main] WARN  org.mybatis.spring.mapper.ClassPathMapperScanner - Skipping MapperFactoryBean with name 'userInfoMapper' and 'com.dippy.mapper.UserInfoMapper' mapperInterface. Bean already defined with the same name!
2021-04-22 23:55:57.447 [main] WARN  org.mybatis.spring.mapper.ClassPathMapperScanner - No MyBatis mapper was found in '[com.dippy.mapper]' package. Please check your configuration.
2021-04-22 23:57:24.333 [main] WARN  c.b.mybatisplus.core.metadata.TableInfoHelper - Can not find table primary key in Class: "com.dippy.entity.PersistentLogins".
2021-04-22 23:58:53.225 [main] WARN  org.mybatis.spring.mapper.ClassPathMapperScanner - Skipping MapperFactoryBean with name 'carInfoMapper' and 'com.dippy.mapper.CarInfoMapper' mapperInterface. Bean already defined with the same name!
2021-04-22 23:58:53.226 [main] WARN  org.mybatis.spring.mapper.ClassPathMapperScanner - Skipping MapperFactoryBean with name 'carPictureMapper' and 'com.dippy.mapper.CarPictureMapper' mapperInterface. Bean already defined with the same name!
2021-04-22 23:58:53.226 [main] WARN  org.mybatis.spring.mapper.ClassPathMapperScanner - Skipping MapperFactoryBean with name 'logLoginMapper' and 'com.dippy.mapper.LogLoginMapper' mapperInterface. Bean already defined with the same name!
2021-04-22 23:58:53.226 [main] WARN  org.mybatis.spring.mapper.ClassPathMapperScanner - Skipping MapperFactoryBean with name 'persistentLoginsMapper' and 'com.dippy.mapper.PersistentLoginsMapper' mapperInterface. Bean already defined with the same name!
2021-04-22 23:58:53.227 [main] WARN  org.mybatis.spring.mapper.ClassPathMapperScanner - Skipping MapperFactoryBean with name 'regionMapper' and 'com.dippy.mapper.RegionMapper' mapperInterface. Bean already defined with the same name!
2021-04-22 23:58:53.228 [main] WARN  org.mybatis.spring.mapper.ClassPathMapperScanner - Skipping MapperFactoryBean with name 'sellerCarMapper' and 'com.dippy.mapper.SellerCarMapper' mapperInterface. Bean already defined with the same name!
2021-04-22 23:58:53.228 [main] WARN  org.mybatis.spring.mapper.ClassPathMapperScanner - Skipping MapperFactoryBean with name 'shAreaMapper' and 'com.dippy.mapper.ShAreaMapper' mapperInterface. Bean already defined with the same name!
2021-04-22 23:58:53.228 [main] WARN  org.mybatis.spring.mapper.ClassPathMapperScanner - Skipping MapperFactoryBean with name 'sysPermissionMapper' and 'com.dippy.mapper.SysPermissionMapper' mapperInterface. Bean already defined with the same name!
2021-04-22 23:58:53.228 [main] WARN  org.mybatis.spring.mapper.ClassPathMapperScanner - Skipping MapperFactoryBean with name 'sysRoleMapper' and 'com.dippy.mapper.SysRoleMapper' mapperInterface. Bean already defined with the same name!
2021-04-22 23:58:53.228 [main] WARN  org.mybatis.spring.mapper.ClassPathMapperScanner - Skipping MapperFactoryBean with name 'sysRolePermissionMapper' and 'com.dippy.mapper.SysRolePermissionMapper' mapperInterface. Bean already defined with the same name!
2021-04-22 23:58:53.228 [main] WARN  org.mybatis.spring.mapper.ClassPathMapperScanner - Skipping MapperFactoryBean with name 'sysRoleUserMapper' and 'com.dippy.mapper.SysRoleUserMapper' mapperInterface. Bean already defined with the same name!
2021-04-22 23:58:53.229 [main] WARN  org.mybatis.spring.mapper.ClassPathMapperScanner - Skipping MapperFactoryBean with name 'sysUserAddressMapper' and 'com.dippy.mapper.SysUserAddressMapper' mapperInterface. Bean already defined with the same name!
2021-04-22 23:58:53.229 [main] WARN  org.mybatis.spring.mapper.ClassPathMapperScanner - Skipping MapperFactoryBean with name 'sysUserMapper' and 'com.dippy.mapper.SysUserMapper' mapperInterface. Bean already defined with the same name!
2021-04-22 23:58:53.229 [main] WARN  org.mybatis.spring.mapper.ClassPathMapperScanner - Skipping MapperFactoryBean with name 'userAddressMapper' and 'com.dippy.mapper.UserAddressMapper' mapperInterface. Bean already defined with the same name!
2021-04-22 23:58:53.229 [main] WARN  org.mybatis.spring.mapper.ClassPathMapperScanner - Skipping MapperFactoryBean with name 'userInfoMapper' and 'com.dippy.mapper.UserInfoMapper' mapperInterface. Bean already defined with the same name!
2021-04-22 23:58:53.230 [main] WARN  org.mybatis.spring.mapper.ClassPathMapperScanner - No MyBatis mapper was found in '[com.dippy.mapper]' package. Please check your configuration.
