2021-04-07 00:07:43.701 [INFO ] org.hibernate.validator.internal.util.Version - HV000001: Hibernate Validator 6.1.5.Final
2021-04-07 00:07:43.898 [INFO ] com.dippy.SpringbootSecondcarApplication - Starting SpringbootSecondcarApplication on Dippy with PID 23320 (E:\workspace\IDEA\springboot\springboot-secondcar\target\classes started by Mindless in E:\workspace\IDEA\springboot\springboot-secondcar)
2021-04-07 00:07:43.900 [INFO ] com.dippy.SpringbootSecondcarApplication - No active profile set, falling back to default profiles: default
2021-04-07 00:07:44.080 [INFO ] org.springframework.boot.devtools.env.DevToolsPropertyDefaultsPostProcessor - Devtools property defaults active! Set 'spring.devtools.add-properties' to 'false' to disable
2021-04-07 00:07:44.165 [INFO ] org.springframework.boot.devtools.env.DevToolsPropertyDefaultsPostProcessor - For additional web related logging consider setting the 'logging.level.web' property to 'DEBUG'
2021-04-07 00:07:50.317 [INFO ] org.springframework.data.repository.config.RepositoryConfigurationDelegate - Multiple Spring Data modules found, entering strict repository configuration mode!
2021-04-07 00:07:50.321 [INFO ] org.springframework.data.repository.config.RepositoryConfigurationDelegate - Bootstrapping Spring Data Elasticsearch repositories in DEFAULT mode.
2021-04-07 00:07:50.560 [INFO ] org.springframework.data.repository.config.RepositoryConfigurationDelegate - Finished Spring Data repository scanning in 230ms. Found 1 Elasticsearch repository interfaces.
2021-04-07 00:07:50.573 [INFO ] org.springframework.data.repository.config.RepositoryConfigurationDelegate - Multiple Spring Data modules found, entering strict repository configuration mode!
2021-04-07 00:07:50.574 [INFO ] org.springframework.data.repository.config.RepositoryConfigurationDelegate - Bootstrapping Spring Data Reactive Elasticsearch repositories in DEFAULT mode.
2021-04-07 00:07:50.600 [INFO ] org.springframework.data.repository.config.RepositoryConfigurationDelegate - Finished Spring Data repository scanning in 24ms. Found 0 Reactive Elasticsearch repository interfaces.
2021-04-07 00:07:50.629 [INFO ] org.springframework.data.repository.config.RepositoryConfigurationDelegate - Multiple Spring Data modules found, entering strict repository configuration mode!
2021-04-07 00:07:50.631 [INFO ] org.springframework.data.repository.config.RepositoryConfigurationDelegate - Bootstrapping Spring Data Redis repositories in DEFAULT mode.
2021-04-07 00:07:50.672 [INFO ] org.springframework.data.repository.config.RepositoryConfigurationExtensionSupport - Spring Data Redis - Could not safely identify store assignment for repository candidate interface com.dippy.es.repository.CarInfoRepository. If you want this repository to be a Redis repository, consider annotating your entities with one of these annotations: org.springframework.data.redis.core.RedisHash (preferred), or consider extending one of the following types with your repository: org.springframework.data.keyvalue.repository.KeyValueRepository.
2021-04-07 00:07:50.673 [INFO ] org.springframework.data.repository.config.RepositoryConfigurationDelegate - Finished Spring Data repository scanning in 24ms. Found 0 Redis repository interfaces.
2021-04-07 00:07:51.747 [INFO ] org.springframework.context.support.PostProcessorRegistrationDelegate$BeanPostProcessorChecker - Bean 'org.springframework.security.access.expression.method.DefaultMethodSecurityExpressionHandler@39a8e2fa' of type [org.springframework.security.access.expression.method.DefaultMethodSecurityExpressionHandler] is not eligible for getting processed by all BeanPostProcessors (for example: not eligible for auto-proxying)
2021-04-07 00:07:51.762 [INFO ] org.springframework.context.support.PostProcessorRegistrationDelegate$BeanPostProcessorChecker - Bean 'methodSecurityMetadataSource' of type [org.springframework.security.access.method.DelegatingMethodSecurityMetadataSource] is not eligible for getting processed by all BeanPostProcessors (for example: not eligible for auto-proxying)
2021-04-07 00:07:52.634 [INFO ] org.springframework.boot.web.embedded.tomcat.TomcatWebServer - Tomcat initialized with port(s): 8090 (http)
2021-04-07 00:07:52.656 [INFO ] org.apache.coyote.http11.Http11NioProtocol - Initializing ProtocolHandler ["http-nio-8090"]
2021-04-07 00:07:52.658 [INFO ] org.apache.catalina.core.StandardService - Starting service [Tomcat]
2021-04-07 00:07:52.658 [INFO ] org.apache.catalina.core.StandardEngine - Starting Servlet engine: [Apache Tomcat/9.0.38]
2021-04-07 00:07:53.002 [INFO ] org.apache.catalina.core.ContainerBase.[Tomcat].[localhost].[/] - Initializing Spring embedded WebApplicationContext
2021-04-07 00:07:53.002 [INFO ] org.springframework.boot.web.servlet.context.ServletWebServerApplicationContext - Root WebApplicationContext: initialization completed in 8837 ms
2021-04-07 00:07:57.539 [INFO ] org.springframework.data.elasticsearch.support.VersionInfo - Version Spring Data Elasticsearch: 4.0.4.RELEASE
2021-04-07 00:07:57.540 [INFO ] org.springframework.data.elasticsearch.support.VersionInfo - Version Elasticsearch Client in build: 7.6.2
2021-04-07 00:07:57.540 [INFO ] org.springframework.data.elasticsearch.support.VersionInfo - Version Elasticsearch Client used: 7.10.1
2021-04-07 00:07:57.541 [INFO ] org.springframework.data.elasticsearch.support.VersionInfo - Version Elasticsearch cluster: 7.10.1
2021-04-07 00:07:57.819 [INFO ] org.springframework.boot.devtools.autoconfigure.OptionalLiveReloadServer - LiveReload server is running on port 35729
2021-04-07 00:07:58.818 [INFO ] springfox.documentation.spring.web.PropertySourcedRequestMappingHandlerMapping - Mapped URL path [/v2/api-docs] onto method [springfox.documentation.swagger2.web.Swagger2Controller#getDocumentation(String, HttpServletRequest)]
2021-04-07 00:07:59.131 [INFO ] org.springframework.scheduling.concurrent.ThreadPoolTaskExecutor - Initializing ExecutorService 'applicationTaskExecutor'
2021-04-07 00:08:00.430 [INFO ] org.springframework.security.web.DefaultSecurityFilterChain - Creating filter chain: Ant [pattern='/captcha.jpg'], []
2021-04-07 00:08:00.507 [INFO ] org.springframework.security.web.DefaultSecurityFilterChain - Creating filter chain: any request, [org.springframework.security.web.context.request.async.WebAsyncManagerIntegrationFilter@2a9464d9, org.springframework.security.web.context.SecurityContextPersistenceFilter@26c6be2d, org.springframework.security.web.header.HeaderWriterFilter@76296c86, org.springframework.web.filter.CorsFilter@46eb2260, org.springframework.security.web.authentication.logout.LogoutFilter@1cf45f46, com.dippy.filter.VerifyCodeFilter@67372d20, com.dippy.filter.VerifyCodeFilter@67372d20, com.dippy.filter.TokenFilter@4930213b, org.springframework.security.web.authentication.UsernamePasswordAuthenticationFilter@15045e40, org.springframework.security.web.savedrequest.RequestCacheAwareFilter@56313529, org.springframework.security.web.servletapi.SecurityContextHolderAwareRequestFilter@6f77917c, org.springframework.security.web.authentication.rememberme.RememberMeAuthenticationFilter@a885aa1, org.springframework.security.web.authentication.AnonymousAuthenticationFilter@21cb907d, org.springframework.security.web.session.SessionManagementFilter@49bcd90d, org.springframework.security.web.access.ExceptionTranslationFilter@1428d63, org.springframework.security.web.access.intercept.FilterSecurityInterceptor@7abe3d53]
2021-04-07 00:08:00.793 [INFO ] org.apache.coyote.http11.Http11NioProtocol - Starting ProtocolHandler ["http-nio-8090"]
2021-04-07 00:08:00.828 [INFO ] org.springframework.boot.web.embedded.tomcat.TomcatWebServer - Tomcat started on port(s): 8090 (http) with context path ''
2021-04-07 00:08:00.831 [INFO ] springfox.documentation.spring.web.plugins.DocumentationPluginsBootstrapper - Context refreshed
2021-04-07 00:08:00.863 [INFO ] springfox.documentation.spring.web.plugins.DocumentationPluginsBootstrapper - Found 1 custom documentation plugin(s)
2021-04-07 00:08:00.942 [INFO ] springfox.documentation.spring.web.scanners.ApiListingReferenceScanner - Scanning for api listing references
2021-04-07 00:08:01.377 [INFO ] org.springframework.amqp.rabbit.connection.CachingConnectionFactory - Attempting to connect to: [yuechi.com:5672]
2021-04-07 00:08:01.888 [INFO ] org.springframework.amqp.rabbit.connection.CachingConnectionFactory - Created new connection: rabbitConnectionFactory#5a8d03ce:0/SimpleConnection@75f4c44c [delegate=amqp://guest@192.168.88.130:5672/, localPort= 61350]
2021-04-07 00:08:02.160 [INFO ] com.dippy.SpringbootSecondcarApplication - Started SpringbootSecondcarApplication in 20.028 seconds (JVM running for 29.988)
2021-04-07 00:08:20.433 [INFO ] org.apache.catalina.core.ContainerBase.[Tomcat].[localhost].[/] - Initializing Spring DispatcherServlet 'dispatcherServlet'
2021-04-07 00:09:14.818 [INFO ] com.dippy.es.service.impl.SearchServiceImpl - 构建的DSL语句为：{"from":0,"size":5,"query":{"bool":{"filter":[{"match":{"carSeries":{"query":"5","operator":"OR","prefix_length":0,"max_expansions":50,"fuzzy_transpositions":true,"lenient":false,"zero_terms_query":"NONE","auto_generate_synonyms_phrase_query":true,"boost":1.0}}},{"range":{"carPrice":{"from":1500.0,"to":null,"include_lower":true,"include_upper":true,"boost":1.0}}}],"adjust_pure_negative":true,"boost":1.0}}}
2021-04-07 00:10:46.465 [INFO ] com.dippy.es.service.impl.SearchServiceImpl - 构建的DSL语句为：{"from":0,"size":5,"query":{"bool":{"filter":[{"match":{"carSeries":{"query":"5系","operator":"OR","prefix_length":0,"max_expansions":50,"fuzzy_transpositions":true,"lenient":false,"zero_terms_query":"NONE","auto_generate_synonyms_phrase_query":true,"boost":1.0}}},{"range":{"carPrice":{"from":1500.0,"to":null,"include_lower":true,"include_upper":true,"boost":1.0}}}],"adjust_pure_negative":true,"boost":1.0}}}
2021-04-07 00:11:29.022 [INFO ] com.dippy.es.service.impl.SearchServiceImpl - 构建的DSL语句为：{"from":0,"size":5,"query":{"bool":{"filter":[{"match":{"carSeries":{"query":"5系","operator":"OR","prefix_length":0,"max_expansions":50,"fuzzy_transpositions":true,"lenient":false,"zero_terms_query":"NONE","auto_generate_synonyms_phrase_query":true,"boost":1.0}}},{"range":{"carPrice":{"from":1500.0,"to":null,"include_lower":true,"include_upper":true,"boost":1.0}}}],"adjust_pure_negative":true,"boost":1.0}}}
2021-04-07 00:12:32.802 [INFO ] com.dippy.es.service.impl.SearchServiceImpl - 构建的DSL语句为：{"from":0,"size":5,"query":{"bool":{"filter":[{"match":{"carSeries":{"query":"5系","operator":"OR","prefix_length":0,"max_expansions":50,"fuzzy_transpositions":true,"lenient":false,"zero_terms_query":"NONE","auto_generate_synonyms_phrase_query":true,"boost":1.0}}},{"range":{"carPrice":{"from":1500.0,"to":null,"include_lower":true,"include_upper":true,"boost":1.0}}}],"adjust_pure_negative":true,"boost":1.0}}}
2021-04-07 00:16:52.385 [INFO ] org.springframework.data.repository.config.RepositoryConfigurationDelegate - Bootstrapping Spring Data Redis repositories in DEFAULT mode.
2021-04-07 00:16:52.479 [INFO ] org.springframework.data.repository.config.RepositoryConfigurationDelegate - Finished Spring Data repository scanning in 92ms. Found 0 Redis repository interfaces.
2021-04-07 00:16:52.499 [INFO ] org.springframework.data.repository.config.RepositoryConfigurationDelegate - Bootstrapping Spring Data Elasticsearch repositories in DEFAULT mode.
2021-04-07 00:16:52.521 [INFO ] org.springframework.data.repository.config.RepositoryConfigurationDelegate - Finished Spring Data repository scanning in 20ms. Found 0 Elasticsearch repository interfaces.
2021-04-07 00:16:52.521 [INFO ] org.springframework.data.repository.config.RepositoryConfigurationDelegate - Bootstrapping Spring Data Reactive Elasticsearch repositories in DEFAULT mode.
2021-04-07 00:16:52.548 [INFO ] org.springframework.data.repository.config.RepositoryConfigurationDelegate - Finished Spring Data repository scanning in 26ms. Found 0 Reactive Elasticsearch repository interfaces.
2021-04-07 00:16:52.896 [INFO ] com.dippy.es.service.impl.SearchServiceImpl - 构建的DSL语句为：{"from":0,"size":5,"query":{"bool":{"filter":[{"match":{"carSeries":{"query":"5系","operator":"OR","prefix_length":0,"max_expansions":50,"fuzzy_transpositions":true,"lenient":false,"zero_terms_query":"NONE","auto_generate_synonyms_phrase_query":true,"boost":1.0}}},{"range":{"carPrice":{"from":1500.0,"to":null,"include_lower":true,"include_upper":true,"boost":1.0}}}],"adjust_pure_negative":true,"boost":1.0}}}
2021-04-07 00:18:55.530 [INFO ] org.springframework.data.repository.config.RepositoryConfigurationDelegate - Bootstrapping Spring Data Redis repositories in DEFAULT mode.
2021-04-07 00:18:55.582 [INFO ] org.springframework.data.repository.config.RepositoryConfigurationDelegate - Finished Spring Data repository scanning in 51ms. Found 0 Redis repository interfaces.
2021-04-07 00:18:55.592 [INFO ] org.springframework.data.repository.config.RepositoryConfigurationDelegate - Bootstrapping Spring Data Elasticsearch repositories in DEFAULT mode.
2021-04-07 00:18:55.617 [INFO ] org.springframework.data.repository.config.RepositoryConfigurationDelegate - Finished Spring Data repository scanning in 23ms. Found 0 Elasticsearch repository interfaces.
2021-04-07 00:18:55.618 [INFO ] org.springframework.data.repository.config.RepositoryConfigurationDelegate - Bootstrapping Spring Data Reactive Elasticsearch repositories in DEFAULT mode.
2021-04-07 00:18:55.638 [INFO ] org.springframework.data.repository.config.RepositoryConfigurationDelegate - Finished Spring Data repository scanning in 18ms. Found 0 Reactive Elasticsearch repository interfaces.
2021-04-07 00:18:55.795 [INFO ] com.dippy.es.service.impl.SearchServiceImpl - 构建的DSL语句为：{"from":0,"size":5,"query":{"bool":{"filter":[{"match":{"carSeries":{"query":"5系","operator":"OR","prefix_length":0,"max_expansions":50,"fuzzy_transpositions":true,"lenient":false,"zero_terms_query":"NONE","auto_generate_synonyms_phrase_query":true,"boost":1.0}}},{"range":{"carPrice":{"from":1500.0,"to":null,"include_lower":true,"include_upper":true,"boost":1.0}}}],"adjust_pure_negative":true,"boost":1.0}}}
2021-04-07 00:18:55.796 [INFO ] com.dippy.es.service.impl.SearchServiceImpl - 构建的聚合DSL语句为：{"from":0,"size":5,"query":{"bool":{"filter":[{"match":{"carSeries":{"query":"5系","operator":"OR","prefix_length":0,"max_expansions":50,"fuzzy_transpositions":true,"lenient":false,"zero_terms_query":"NONE","auto_generate_synonyms_phrase_query":true,"boost":1.0}}},{"range":{"carPrice":{"from":1500.0,"to":null,"include_lower":true,"include_upper":true,"boost":1.0}}}],"adjust_pure_negative":true,"boost":1.0}},"aggregations":{"car_brand_agg":{"terms":{"field":"carBrand.keyword","size":50,"min_doc_count":1,"shard_min_doc_count":0,"show_term_doc_count_error":false,"order":[{"_count":"desc"},{"_key":"asc"}]},"aggregations":{"car_brand_id":{"terms":{"field":"carId","size":1,"min_doc_count":1,"shard_min_doc_count":0,"show_term_doc_count_error":false,"order":[{"_count":"desc"},{"_key":"asc"}]}},"car_series":{"terms":{"field":"carSeries.keyword","size":50,"min_doc_count":1,"shard_min_doc_count":0,"show_term_doc_count_error":false,"order":[{"_count":"desc"},{"_key":"asc"}]}},"car_user_time":{"terms":{"field":"carUserTime","size":50,"min_doc_count":1,"shard_min_doc_count":0,"show_term_doc_count_error":false,"order":[{"_count":"desc"},{"_key":"asc"}]}}}}}}
2021-04-07 00:20:44.394 [INFO ] org.springframework.amqp.rabbit.listener.SimpleMessageListenerContainer - Waiting for workers to finish.
2021-04-07 00:20:44.917 [INFO ] org.springframework.amqp.rabbit.listener.SimpleMessageListenerContainer - Successfully waited for workers to finish.
2021-04-07 00:20:45.700 [INFO ] org.springframework.amqp.rabbit.listener.SimpleMessageListenerContainer - Shutdown ignored - container is not active already
2021-04-07 00:20:45.700 [INFO ] org.springframework.scheduling.concurrent.ThreadPoolTaskExecutor - Shutting down ExecutorService 'applicationTaskExecutor'
2021-04-07 22:34:39.661 [INFO ] org.hibernate.validator.internal.util.Version - HV000001: Hibernate Validator 6.1.5.Final
2021-04-07 22:34:40.629 [INFO ] com.dippy.SpringbootSecondcarApplication - Starting SpringbootSecondcarApplication on Dippy with PID 18932 (E:\workspace\IDEA\springboot\springboot-secondcar\target\classes started by Mindless in E:\workspace\IDEA\springboot\springboot-secondcar)
2021-04-07 22:34:40.630 [INFO ] com.dippy.SpringbootSecondcarApplication - No active profile set, falling back to default profiles: default
2021-04-07 22:34:40.972 [INFO ] org.springframework.boot.devtools.env.DevToolsPropertyDefaultsPostProcessor - Devtools property defaults active! Set 'spring.devtools.add-properties' to 'false' to disable
2021-04-07 22:34:40.972 [INFO ] org.springframework.boot.devtools.env.DevToolsPropertyDefaultsPostProcessor - For additional web related logging consider setting the 'logging.level.web' property to 'DEBUG'
2021-04-07 22:34:47.116 [INFO ] org.springframework.data.repository.config.RepositoryConfigurationDelegate - Multiple Spring Data modules found, entering strict repository configuration mode!
2021-04-07 22:34:47.126 [INFO ] org.springframework.data.repository.config.RepositoryConfigurationDelegate - Bootstrapping Spring Data Elasticsearch repositories in DEFAULT mode.
2021-04-07 22:34:47.495 [INFO ] org.springframework.data.repository.config.RepositoryConfigurationDelegate - Finished Spring Data repository scanning in 344ms. Found 1 Elasticsearch repository interfaces.
2021-04-07 22:34:47.510 [INFO ] org.springframework.data.repository.config.RepositoryConfigurationDelegate - Multiple Spring Data modules found, entering strict repository configuration mode!
2021-04-07 22:34:47.512 [INFO ] org.springframework.data.repository.config.RepositoryConfigurationDelegate - Bootstrapping Spring Data Reactive Elasticsearch repositories in DEFAULT mode.
2021-04-07 22:34:47.542 [INFO ] org.springframework.data.repository.config.RepositoryConfigurationDelegate - Finished Spring Data repository scanning in 29ms. Found 0 Reactive Elasticsearch repository interfaces.
2021-04-07 22:34:47.578 [INFO ] org.springframework.data.repository.config.RepositoryConfigurationDelegate - Multiple Spring Data modules found, entering strict repository configuration mode!
2021-04-07 22:34:47.582 [INFO ] org.springframework.data.repository.config.RepositoryConfigurationDelegate - Bootstrapping Spring Data Redis repositories in DEFAULT mode.
2021-04-07 22:34:47.640 [INFO ] org.springframework.data.repository.config.RepositoryConfigurationExtensionSupport - Spring Data Redis - Could not safely identify store assignment for repository candidate interface com.dippy.es.repository.CarInfoRepository. If you want this repository to be a Redis repository, consider annotating your entities with one of these annotations: org.springframework.data.redis.core.RedisHash (preferred), or consider extending one of the following types with your repository: org.springframework.data.keyvalue.repository.KeyValueRepository.
2021-04-07 22:34:47.640 [INFO ] org.springframework.data.repository.config.RepositoryConfigurationDelegate - Finished Spring Data repository scanning in 26ms. Found 0 Redis repository interfaces.
2021-04-07 22:34:49.425 [INFO ] org.springframework.context.support.PostProcessorRegistrationDelegate$BeanPostProcessorChecker - Bean 'org.springframework.security.access.expression.method.DefaultMethodSecurityExpressionHandler@4dc4607b' of type [org.springframework.security.access.expression.method.DefaultMethodSecurityExpressionHandler] is not eligible for getting processed by all BeanPostProcessors (for example: not eligible for auto-proxying)
2021-04-07 22:34:49.452 [INFO ] org.springframework.context.support.PostProcessorRegistrationDelegate$BeanPostProcessorChecker - Bean 'methodSecurityMetadataSource' of type [org.springframework.security.access.method.DelegatingMethodSecurityMetadataSource] is not eligible for getting processed by all BeanPostProcessors (for example: not eligible for auto-proxying)
2021-04-07 22:34:51.479 [INFO ] org.springframework.boot.web.embedded.tomcat.TomcatWebServer - Tomcat initialized with port(s): 8090 (http)
2021-04-07 22:34:51.627 [INFO ] org.apache.coyote.http11.Http11NioProtocol - Initializing ProtocolHandler ["http-nio-8090"]
2021-04-07 22:34:51.628 [INFO ] org.apache.catalina.core.StandardService - Starting service [Tomcat]
2021-04-07 22:34:51.629 [INFO ] org.apache.catalina.core.StandardEngine - Starting Servlet engine: [Apache Tomcat/9.0.38]
2021-04-07 22:34:52.210 [INFO ] org.apache.catalina.core.ContainerBase.[Tomcat].[localhost].[/] - Initializing Spring embedded WebApplicationContext
2021-04-07 22:34:52.211 [INFO ] org.springframework.boot.web.servlet.context.ServletWebServerApplicationContext - Root WebApplicationContext: initialization completed in 11238 ms
2021-04-07 22:35:04.077 [INFO ] org.springframework.data.elasticsearch.support.VersionInfo - Version Spring Data Elasticsearch: 4.0.4.RELEASE
2021-04-07 22:35:04.077 [INFO ] org.springframework.data.elasticsearch.support.VersionInfo - Version Elasticsearch Client in build: 7.6.2
2021-04-07 22:35:04.079 [INFO ] org.springframework.data.elasticsearch.support.VersionInfo - Version Elasticsearch Client used: 7.10.1
2021-04-07 22:35:04.715 [INFO ] org.springframework.boot.devtools.autoconfigure.OptionalLiveReloadServer - LiveReload server is running on port 35729
2021-04-07 22:35:09.032 [INFO ] springfox.documentation.spring.web.PropertySourcedRequestMappingHandlerMapping - Mapped URL path [/v2/api-docs] onto method [springfox.documentation.swagger2.web.Swagger2Controller#getDocumentation(String, HttpServletRequest)]
2021-04-07 22:35:09.868 [INFO ] org.springframework.scheduling.concurrent.ThreadPoolTaskExecutor - Initializing ExecutorService 'applicationTaskExecutor'
2021-04-07 22:35:12.682 [INFO ] org.springframework.security.web.DefaultSecurityFilterChain - Creating filter chain: Ant [pattern='/captcha.jpg'], []
2021-04-07 22:35:12.850 [INFO ] org.springframework.security.web.DefaultSecurityFilterChain - Creating filter chain: any request, [org.springframework.security.web.context.request.async.WebAsyncManagerIntegrationFilter@1c22b694, org.springframework.security.web.context.SecurityContextPersistenceFilter@46b3342e, org.springframework.security.web.header.HeaderWriterFilter@4be94cf5, org.springframework.web.filter.CorsFilter@7b3b95da, org.springframework.security.web.authentication.logout.LogoutFilter@67a13d05, com.dippy.filter.VerifyCodeFilter@63cf2e4e, com.dippy.filter.VerifyCodeFilter@63cf2e4e, com.dippy.filter.TokenFilter@203dcf41, org.springframework.security.web.authentication.UsernamePasswordAuthenticationFilter@79d27f17, org.springframework.security.web.savedrequest.RequestCacheAwareFilter@790c766b, org.springframework.security.web.servletapi.SecurityContextHolderAwareRequestFilter@14a2900c, org.springframework.security.web.authentication.rememberme.RememberMeAuthenticationFilter@2acb5bac, org.springframework.security.web.authentication.AnonymousAuthenticationFilter@d5d3edb, org.springframework.security.web.session.SessionManagementFilter@243cd62e, org.springframework.security.web.access.ExceptionTranslationFilter@bef6ec2, org.springframework.security.web.access.intercept.FilterSecurityInterceptor@2947053e]
2021-04-07 22:35:13.595 [INFO ] org.apache.coyote.http11.Http11NioProtocol - Starting ProtocolHandler ["http-nio-8090"]
2021-04-07 22:35:13.663 [INFO ] org.springframework.boot.web.embedded.tomcat.TomcatWebServer - Tomcat started on port(s): 8090 (http) with context path ''
2021-04-07 22:35:13.666 [INFO ] springfox.documentation.spring.web.plugins.DocumentationPluginsBootstrapper - Context refreshed
2021-04-07 22:35:13.744 [INFO ] springfox.documentation.spring.web.plugins.DocumentationPluginsBootstrapper - Found 1 custom documentation plugin(s)
2021-04-07 22:35:13.921 [INFO ] springfox.documentation.spring.web.scanners.ApiListingReferenceScanner - Scanning for api listing references
2021-04-07 22:35:14.880 [INFO ] org.springframework.amqp.rabbit.connection.CachingConnectionFactory - Attempting to connect to: [yuechi.com:5672]
2021-04-07 22:35:35.910 [INFO ] org.springframework.amqp.rabbit.listener.SimpleMessageListenerContainer - Broker not available; cannot force queue declarations during start: java.net.ConnectException: Connection timed out: connect
2021-04-07 22:35:35.927 [INFO ] org.springframework.amqp.rabbit.connection.CachingConnectionFactory - Attempting to connect to: [yuechi.com:5672]
2021-04-07 22:35:59.048 [INFO ] org.springframework.amqp.rabbit.connection.CachingConnectionFactory - Attempting to connect to: [yuechi.com:5672]
2021-04-07 22:36:20.092 [INFO ] com.dippy.SpringbootSecondcarApplication - Started SpringbootSecondcarApplication in 103.114 seconds (JVM running for 136.305)
2021-04-07 22:36:25.173 [INFO ] org.springframework.amqp.rabbit.listener.SimpleMessageListenerContainer - Restarting Consumer@72a04b6d: tags=[[]], channel=null, acknowledgeMode=AUTO local queue size=0
2021-04-07 22:36:25.177 [INFO ] org.springframework.amqp.rabbit.connection.CachingConnectionFactory - Attempting to connect to: [yuechi.com:5672]
2021-04-07 22:36:30.876 [INFO ] org.springframework.data.repository.config.RepositoryConfigurationDelegate - Bootstrapping Spring Data Elasticsearch repositories in DEFAULT mode.
2021-04-07 22:36:30.914 [INFO ] org.springframework.data.repository.config.RepositoryConfigurationDelegate - Finished Spring Data repository scanning in 37ms. Found 0 Elasticsearch repository interfaces.
2021-04-07 22:36:30.945 [INFO ] org.springframework.data.repository.config.RepositoryConfigurationDelegate - Bootstrapping Spring Data Redis repositories in DEFAULT mode.
2021-04-07 22:36:30.963 [INFO ] org.springframework.data.repository.config.RepositoryConfigurationDelegate - Finished Spring Data repository scanning in 17ms. Found 0 Redis repository interfaces.
2021-04-07 22:36:30.977 [INFO ] org.springframework.data.repository.config.RepositoryConfigurationDelegate - Bootstrapping Spring Data Reactive Elasticsearch repositories in DEFAULT mode.
2021-04-07 22:36:30.997 [INFO ] org.springframework.data.repository.config.RepositoryConfigurationDelegate - Finished Spring Data repository scanning in 19ms. Found 0 Reactive Elasticsearch repository interfaces.
2021-04-07 22:36:31.072 [INFO ] org.apache.catalina.core.ContainerBase.[Tomcat].[localhost].[/] - Initializing Spring DispatcherServlet 'dispatcherServlet'
2021-04-07 22:36:46.192 [INFO ] org.springframework.amqp.rabbit.connection.CachingConnectionFactory - Attempting to connect to: [yuechi.com:5672]
2021-04-07 22:37:12.275 [INFO ] org.springframework.amqp.rabbit.listener.SimpleMessageListenerContainer - Restarting Consumer@6bfa535a: tags=[[]], channel=null, acknowledgeMode=AUTO local queue size=0
2021-04-07 22:37:12.278 [INFO ] org.springframework.amqp.rabbit.connection.CachingConnectionFactory - Attempting to connect to: [yuechi.com:5672]
2021-04-07 22:37:33.472 [INFO ] org.springframework.amqp.rabbit.connection.CachingConnectionFactory - Attempting to connect to: [yuechi.com:5672]
2021-04-07 22:37:59.604 [INFO ] org.springframework.amqp.rabbit.listener.SimpleMessageListenerContainer - Restarting Consumer@6b05f22a: tags=[[]], channel=null, acknowledgeMode=AUTO local queue size=0
2021-04-07 22:37:59.605 [INFO ] org.springframework.amqp.rabbit.connection.CachingConnectionFactory - Attempting to connect to: [yuechi.com:5672]
2021-04-07 22:38:20.647 [INFO ] org.springframework.amqp.rabbit.connection.CachingConnectionFactory - Attempting to connect to: [yuechi.com:5672]
2021-04-07 22:38:46.665 [INFO ] org.springframework.amqp.rabbit.listener.SimpleMessageListenerContainer - Restarting Consumer@c000d2d: tags=[[]], channel=null, acknowledgeMode=AUTO local queue size=0
2021-04-07 22:38:46.667 [INFO ] org.springframework.amqp.rabbit.connection.CachingConnectionFactory - Attempting to connect to: [yuechi.com:5672]
2021-04-07 22:39:07.673 [INFO ] org.springframework.amqp.rabbit.connection.CachingConnectionFactory - Attempting to connect to: [yuechi.com:5672]
2021-04-07 22:39:33.695 [INFO ] org.springframework.amqp.rabbit.listener.SimpleMessageListenerContainer - Restarting Consumer@45dee769: tags=[[]], channel=null, acknowledgeMode=AUTO local queue size=0
2021-04-07 22:39:33.698 [INFO ] org.springframework.amqp.rabbit.connection.CachingConnectionFactory - Attempting to connect to: [yuechi.com:5672]
2021-04-07 22:39:54.702 [INFO ] org.springframework.amqp.rabbit.connection.CachingConnectionFactory - Attempting to connect to: [yuechi.com:5672]
2021-04-07 22:40:20.806 [INFO ] org.springframework.amqp.rabbit.listener.SimpleMessageListenerContainer - Restarting Consumer@660eb83a: tags=[[]], channel=null, acknowledgeMode=AUTO local queue size=0
2021-04-07 22:40:20.809 [INFO ] org.springframework.amqp.rabbit.connection.CachingConnectionFactory - Attempting to connect to: [yuechi.com:5672]
2021-04-07 22:40:41.882 [INFO ] org.springframework.amqp.rabbit.connection.CachingConnectionFactory - Attempting to connect to: [yuechi.com:5672]
2021-04-07 22:41:07.908 [INFO ] org.springframework.amqp.rabbit.listener.SimpleMessageListenerContainer - Restarting Consumer@350c3e64: tags=[[]], channel=null, acknowledgeMode=AUTO local queue size=0
2021-04-07 22:41:07.909 [INFO ] org.springframework.amqp.rabbit.connection.CachingConnectionFactory - Attempting to connect to: [yuechi.com:5672]
2021-04-07 22:41:28.915 [INFO ] org.springframework.amqp.rabbit.connection.CachingConnectionFactory - Attempting to connect to: [yuechi.com:5672]
2021-04-07 22:41:54.987 [INFO ] org.springframework.amqp.rabbit.listener.SimpleMessageListenerContainer - Restarting Consumer@61e15697: tags=[[]], channel=null, acknowledgeMode=AUTO local queue size=0
2021-04-07 22:41:54.989 [INFO ] org.springframework.amqp.rabbit.connection.CachingConnectionFactory - Attempting to connect to: [yuechi.com:5672]
2021-04-07 22:42:15.999 [INFO ] org.springframework.amqp.rabbit.connection.CachingConnectionFactory - Attempting to connect to: [yuechi.com:5672]
2021-04-07 22:42:42.047 [INFO ] org.springframework.amqp.rabbit.listener.SimpleMessageListenerContainer - Restarting Consumer@33ae222d: tags=[[]], channel=null, acknowledgeMode=AUTO local queue size=0
2021-04-07 22:42:42.049 [INFO ] org.springframework.amqp.rabbit.connection.CachingConnectionFactory - Attempting to connect to: [yuechi.com:5672]
2021-04-07 22:43:03.060 [INFO ] org.springframework.amqp.rabbit.connection.CachingConnectionFactory - Attempting to connect to: [yuechi.com:5672]
2021-04-07 22:43:29.094 [INFO ] org.springframework.amqp.rabbit.listener.SimpleMessageListenerContainer - Restarting Consumer@6053768f: tags=[[]], channel=null, acknowledgeMode=AUTO local queue size=0
2021-04-07 22:43:29.095 [INFO ] org.springframework.amqp.rabbit.connection.CachingConnectionFactory - Attempting to connect to: [yuechi.com:5672]
2021-04-07 22:43:50.105 [INFO ] org.springframework.amqp.rabbit.connection.CachingConnectionFactory - Attempting to connect to: [yuechi.com:5672]
2021-04-07 22:44:16.140 [INFO ] org.springframework.amqp.rabbit.listener.SimpleMessageListenerContainer - Restarting Consumer@3b061d8a: tags=[[]], channel=null, acknowledgeMode=AUTO local queue size=0
2021-04-07 22:44:16.141 [INFO ] org.springframework.amqp.rabbit.connection.CachingConnectionFactory - Attempting to connect to: [yuechi.com:5672]
2021-04-07 22:44:37.149 [INFO ] org.springframework.amqp.rabbit.connection.CachingConnectionFactory - Attempting to connect to: [yuechi.com:5672]
2021-04-07 22:45:03.222 [INFO ] org.springframework.amqp.rabbit.listener.SimpleMessageListenerContainer - Restarting Consumer@32ba55ae: tags=[[]], channel=null, acknowledgeMode=AUTO local queue size=0
2021-04-07 22:45:03.240 [INFO ] org.springframework.amqp.rabbit.connection.CachingConnectionFactory - Attempting to connect to: [yuechi.com:5672]
2021-04-07 22:45:24.307 [INFO ] org.springframework.amqp.rabbit.connection.CachingConnectionFactory - Attempting to connect to: [yuechi.com:5672]
2021-04-07 22:45:50.372 [INFO ] org.springframework.amqp.rabbit.listener.SimpleMessageListenerContainer - Restarting Consumer@18503b3c: tags=[[]], channel=null, acknowledgeMode=AUTO local queue size=0
2021-04-07 22:45:50.374 [INFO ] org.springframework.amqp.rabbit.connection.CachingConnectionFactory - Attempting to connect to: [yuechi.com:5672]
2021-04-07 22:46:11.380 [INFO ] org.springframework.amqp.rabbit.connection.CachingConnectionFactory - Attempting to connect to: [yuechi.com:5672]
2021-04-07 22:46:37.534 [INFO ] org.springframework.amqp.rabbit.listener.SimpleMessageListenerContainer - Restarting Consumer@12f6bdf4: tags=[[]], channel=null, acknowledgeMode=AUTO local queue size=0
2021-04-07 22:46:37.535 [INFO ] org.springframework.amqp.rabbit.connection.CachingConnectionFactory - Attempting to connect to: [yuechi.com:5672]
2021-04-07 22:46:58.541 [INFO ] org.springframework.amqp.rabbit.connection.CachingConnectionFactory - Attempting to connect to: [yuechi.com:5672]
2021-04-07 22:47:24.561 [INFO ] org.springframework.amqp.rabbit.listener.SimpleMessageListenerContainer - Restarting Consumer@249e6118: tags=[[]], channel=null, acknowledgeMode=AUTO local queue size=0
2021-04-07 22:47:24.562 [INFO ] org.springframework.amqp.rabbit.connection.CachingConnectionFactory - Attempting to connect to: [yuechi.com:5672]
2021-04-07 22:47:45.572 [INFO ] org.springframework.amqp.rabbit.connection.CachingConnectionFactory - Attempting to connect to: [yuechi.com:5672]
2021-04-07 22:48:11.609 [INFO ] org.springframework.amqp.rabbit.listener.SimpleMessageListenerContainer - Restarting Consumer@507cde81: tags=[[]], channel=null, acknowledgeMode=AUTO local queue size=0
2021-04-07 22:48:11.610 [INFO ] org.springframework.amqp.rabbit.connection.CachingConnectionFactory - Attempting to connect to: [yuechi.com:5672]
2021-04-07 22:48:32.628 [INFO ] org.springframework.amqp.rabbit.connection.CachingConnectionFactory - Attempting to connect to: [yuechi.com:5672]
2021-04-07 22:48:58.649 [INFO ] org.springframework.amqp.rabbit.listener.SimpleMessageListenerContainer - Restarting Consumer@6cca88ed: tags=[[]], channel=null, acknowledgeMode=AUTO local queue size=0
2021-04-07 22:48:58.650 [INFO ] org.springframework.amqp.rabbit.connection.CachingConnectionFactory - Attempting to connect to: [yuechi.com:5672]
2021-04-07 22:49:19.671 [INFO ] org.springframework.amqp.rabbit.connection.CachingConnectionFactory - Attempting to connect to: [yuechi.com:5672]
2021-04-07 22:49:45.720 [INFO ] org.springframework.amqp.rabbit.listener.SimpleMessageListenerContainer - Restarting Consumer@b8cc08b: tags=[[]], channel=null, acknowledgeMode=AUTO local queue size=0
2021-04-07 22:49:45.722 [INFO ] org.springframework.amqp.rabbit.connection.CachingConnectionFactory - Attempting to connect to: [yuechi.com:5672]
2021-04-07 22:50:06.728 [INFO ] org.springframework.amqp.rabbit.connection.CachingConnectionFactory - Attempting to connect to: [yuechi.com:5672]
2021-04-07 22:50:32.789 [INFO ] org.springframework.amqp.rabbit.listener.SimpleMessageListenerContainer - Restarting Consumer@53c0b34: tags=[[]], channel=null, acknowledgeMode=AUTO local queue size=0
2021-04-07 22:50:32.790 [INFO ] org.springframework.amqp.rabbit.connection.CachingConnectionFactory - Attempting to connect to: [yuechi.com:5672]
2021-04-07 22:50:53.810 [INFO ] org.springframework.amqp.rabbit.connection.CachingConnectionFactory - Attempting to connect to: [yuechi.com:5672]
2021-04-07 22:51:02.136 [INFO ] org.springframework.amqp.rabbit.listener.SimpleMessageListenerContainer - Waiting for workers to finish.
2021-04-07 22:51:02.136 [INFO ] org.springframework.amqp.rabbit.listener.SimpleMessageListenerContainer - Successfully waited for workers to finish.
2021-04-07 22:51:03.614 [INFO ] org.springframework.amqp.rabbit.listener.SimpleMessageListenerContainer - Shutdown ignored - container is not active already
2021-04-07 22:51:03.615 [INFO ] org.springframework.scheduling.concurrent.ThreadPoolTaskExecutor - Shutting down ExecutorService 'applicationTaskExecutor'
2021-04-07 23:05:05.472 [INFO ] org.hibernate.validator.internal.util.Version - HV000001: Hibernate Validator 6.1.5.Final
2021-04-07 23:05:05.684 [INFO ] com.dippy.SpringbootSecondcarApplication - Starting SpringbootSecondcarApplication on Dippy with PID 11148 (E:\workspace\IDEA\springboot\springboot-secondcar\target\classes started by Mindless in E:\workspace\IDEA\springboot\springboot-secondcar)
2021-04-07 23:05:05.685 [INFO ] com.dippy.SpringbootSecondcarApplication - No active profile set, falling back to default profiles: default
2021-04-07 23:05:05.802 [INFO ] org.springframework.boot.devtools.env.DevToolsPropertyDefaultsPostProcessor - Devtools property defaults active! Set 'spring.devtools.add-properties' to 'false' to disable
2021-04-07 23:05:05.803 [INFO ] org.springframework.boot.devtools.env.DevToolsPropertyDefaultsPostProcessor - For additional web related logging consider setting the 'logging.level.web' property to 'DEBUG'
2021-04-07 23:05:08.880 [INFO ] org.springframework.data.repository.config.RepositoryConfigurationDelegate - Multiple Spring Data modules found, entering strict repository configuration mode!
2021-04-07 23:05:08.885 [INFO ] org.springframework.data.repository.config.RepositoryConfigurationDelegate - Bootstrapping Spring Data Elasticsearch repositories in DEFAULT mode.
2021-04-07 23:05:09.056 [INFO ] org.springframework.data.repository.config.RepositoryConfigurationDelegate - Finished Spring Data repository scanning in 163ms. Found 1 Elasticsearch repository interfaces.
2021-04-07 23:05:09.065 [INFO ] org.springframework.data.repository.config.RepositoryConfigurationDelegate - Multiple Spring Data modules found, entering strict repository configuration mode!
2021-04-07 23:05:09.066 [INFO ] org.springframework.data.repository.config.RepositoryConfigurationDelegate - Bootstrapping Spring Data Reactive Elasticsearch repositories in DEFAULT mode.
2021-04-07 23:05:09.091 [INFO ] org.springframework.data.repository.config.RepositoryConfigurationDelegate - Finished Spring Data repository scanning in 25ms. Found 0 Reactive Elasticsearch repository interfaces.
2021-04-07 23:05:09.117 [INFO ] org.springframework.data.repository.config.RepositoryConfigurationDelegate - Multiple Spring Data modules found, entering strict repository configuration mode!
2021-04-07 23:05:09.120 [INFO ] org.springframework.data.repository.config.RepositoryConfigurationDelegate - Bootstrapping Spring Data Redis repositories in DEFAULT mode.
2021-04-07 23:05:09.164 [INFO ] org.springframework.data.repository.config.RepositoryConfigurationExtensionSupport - Spring Data Redis - Could not safely identify store assignment for repository candidate interface com.dippy.es.repository.CarInfoRepository. If you want this repository to be a Redis repository, consider annotating your entities with one of these annotations: org.springframework.data.redis.core.RedisHash (preferred), or consider extending one of the following types with your repository: org.springframework.data.keyvalue.repository.KeyValueRepository.
2021-04-07 23:05:09.164 [INFO ] org.springframework.data.repository.config.RepositoryConfigurationDelegate - Finished Spring Data repository scanning in 21ms. Found 0 Redis repository interfaces.
2021-04-07 23:05:09.959 [INFO ] org.springframework.context.support.PostProcessorRegistrationDelegate$BeanPostProcessorChecker - Bean 'org.springframework.security.access.expression.method.DefaultMethodSecurityExpressionHandler@3a5ce4b8' of type [org.springframework.security.access.expression.method.DefaultMethodSecurityExpressionHandler] is not eligible for getting processed by all BeanPostProcessors (for example: not eligible for auto-proxying)
2021-04-07 23:05:09.975 [INFO ] org.springframework.context.support.PostProcessorRegistrationDelegate$BeanPostProcessorChecker - Bean 'methodSecurityMetadataSource' of type [org.springframework.security.access.method.DelegatingMethodSecurityMetadataSource] is not eligible for getting processed by all BeanPostProcessors (for example: not eligible for auto-proxying)
2021-04-07 23:05:10.816 [INFO ] org.springframework.boot.web.embedded.tomcat.TomcatWebServer - Tomcat initialized with port(s): 8090 (http)
2021-04-07 23:05:10.835 [INFO ] org.apache.coyote.http11.Http11NioProtocol - Initializing ProtocolHandler ["http-nio-8090"]
2021-04-07 23:05:10.836 [INFO ] org.apache.catalina.core.StandardService - Starting service [Tomcat]
2021-04-07 23:05:10.837 [INFO ] org.apache.catalina.core.StandardEngine - Starting Servlet engine: [Apache Tomcat/9.0.38]
2021-04-07 23:05:11.313 [INFO ] org.apache.catalina.core.ContainerBase.[Tomcat].[localhost].[/] - Initializing Spring embedded WebApplicationContext
2021-04-07 23:05:11.313 [INFO ] org.springframework.boot.web.servlet.context.ServletWebServerApplicationContext - Root WebApplicationContext: initialization completed in 5510 ms
2021-04-07 23:05:15.497 [INFO ] org.springframework.data.elasticsearch.support.VersionInfo - Version Spring Data Elasticsearch: 4.0.4.RELEASE
2021-04-07 23:05:15.498 [INFO ] org.springframework.data.elasticsearch.support.VersionInfo - Version Elasticsearch Client in build: 7.6.2
2021-04-07 23:05:15.499 [INFO ] org.springframework.data.elasticsearch.support.VersionInfo - Version Elasticsearch Client used: 7.10.1
2021-04-07 23:05:15.500 [INFO ] org.springframework.data.elasticsearch.support.VersionInfo - Version Elasticsearch cluster: 7.10.1
2021-04-07 23:05:15.838 [INFO ] org.springframework.boot.devtools.autoconfigure.OptionalLiveReloadServer - LiveReload server is running on port 35729
2021-04-07 23:05:16.765 [INFO ] springfox.documentation.spring.web.PropertySourcedRequestMappingHandlerMapping - Mapped URL path [/v2/api-docs] onto method [springfox.documentation.swagger2.web.Swagger2Controller#getDocumentation(String, HttpServletRequest)]
2021-04-07 23:05:17.058 [INFO ] org.springframework.scheduling.concurrent.ThreadPoolTaskExecutor - Initializing ExecutorService 'applicationTaskExecutor'
2021-04-07 23:05:18.290 [INFO ] org.springframework.security.web.DefaultSecurityFilterChain - Creating filter chain: Ant [pattern='/captcha.jpg'], []
2021-04-07 23:05:18.358 [INFO ] org.springframework.security.web.DefaultSecurityFilterChain - Creating filter chain: any request, [org.springframework.security.web.context.request.async.WebAsyncManagerIntegrationFilter@58211c07, org.springframework.security.web.context.SecurityContextPersistenceFilter@425cf933, org.springframework.security.web.header.HeaderWriterFilter@53b83e49, org.springframework.web.filter.CorsFilter@3b18009f, org.springframework.security.web.authentication.logout.LogoutFilter@6dd01bfb, com.dippy.filter.VerifyCodeFilter@2e015ac1, com.dippy.filter.VerifyCodeFilter@2e015ac1, com.dippy.filter.TokenFilter@37dc7661, org.springframework.security.web.authentication.UsernamePasswordAuthenticationFilter@65289e33, org.springframework.security.web.savedrequest.RequestCacheAwareFilter@6e39b656, org.springframework.security.web.servletapi.SecurityContextHolderAwareRequestFilter@175957f9, org.springframework.security.web.authentication.rememberme.RememberMeAuthenticationFilter@13180cc9, org.springframework.security.web.authentication.AnonymousAuthenticationFilter@40a43556, org.springframework.security.web.session.SessionManagementFilter@75c858e6, org.springframework.security.web.access.ExceptionTranslationFilter@358260b6, org.springframework.security.web.access.intercept.FilterSecurityInterceptor@b627ffa]
2021-04-07 23:05:18.675 [INFO ] org.apache.coyote.http11.Http11NioProtocol - Starting ProtocolHandler ["http-nio-8090"]
2021-04-07 23:05:18.706 [INFO ] org.springframework.boot.web.embedded.tomcat.TomcatWebServer - Tomcat started on port(s): 8090 (http) with context path ''
2021-04-07 23:05:18.708 [INFO ] springfox.documentation.spring.web.plugins.DocumentationPluginsBootstrapper - Context refreshed
2021-04-07 23:05:18.739 [INFO ] springfox.documentation.spring.web.plugins.DocumentationPluginsBootstrapper - Found 1 custom documentation plugin(s)
2021-04-07 23:05:18.812 [INFO ] springfox.documentation.spring.web.scanners.ApiListingReferenceScanner - Scanning for api listing references
2021-04-07 23:05:19.356 [INFO ] org.springframework.amqp.rabbit.connection.CachingConnectionFactory - Attempting to connect to: [yuechi.com:5672]
2021-04-07 23:05:19.447 [INFO ] org.springframework.amqp.rabbit.connection.CachingConnectionFactory - Created new connection: rabbitConnectionFactory#ab5af13:0/SimpleConnection@7df468f6 [delegate=amqp://guest@192.168.88.131:5672/, localPort= 62110]
2021-04-07 23:05:19.582 [INFO ] com.dippy.SpringbootSecondcarApplication - Started SpringbootSecondcarApplication in 15.724 seconds (JVM running for 24.796)
2021-04-07 23:06:32.158 [INFO ] org.apache.catalina.core.ContainerBase.[Tomcat].[localhost].[/] - Initializing Spring DispatcherServlet 'dispatcherServlet'
2021-04-07 23:07:00.504 [INFO ] com.dippy.es.service.impl.SearchServiceImpl - 构建的DSL语句为：{"from":0,"size":5,"query":{"bool":{"filter":[{"match":{"carSeries":{"query":"5系","operator":"OR","prefix_length":0,"max_expansions":50,"fuzzy_transpositions":true,"lenient":false,"zero_terms_query":"NONE","auto_generate_synonyms_phrase_query":true,"boost":1.0}}},{"match":{"carUserTime":{"query":1,"operator":"OR","prefix_length":0,"max_expansions":50,"fuzzy_transpositions":true,"lenient":false,"zero_terms_query":"NONE","auto_generate_synonyms_phrase_query":true,"boost":1.0}}},{"range":{"carPrice":{"from":1500.0,"to":null,"include_lower":true,"include_upper":true,"boost":1.0}}}],"adjust_pure_negative":true,"boost":1.0}}}
2021-04-07 23:07:00.656 [INFO ] com.dippy.es.service.impl.SearchServiceImpl - 构建的聚合DSL语句为：{"from":0,"size":5,"query":{"bool":{"filter":[{"match":{"carSeries":{"query":"5系","operator":"OR","prefix_length":0,"max_expansions":50,"fuzzy_transpositions":true,"lenient":false,"zero_terms_query":"NONE","auto_generate_synonyms_phrase_query":true,"boost":1.0}}},{"match":{"carUserTime":{"query":1,"operator":"OR","prefix_length":0,"max_expansions":50,"fuzzy_transpositions":true,"lenient":false,"zero_terms_query":"NONE","auto_generate_synonyms_phrase_query":true,"boost":1.0}}},{"range":{"carPrice":{"from":1500.0,"to":null,"include_lower":true,"include_upper":true,"boost":1.0}}}],"adjust_pure_negative":true,"boost":1.0}},"aggregations":{"car_brand_agg":{"terms":{"field":"carBrand.keyword","size":50,"min_doc_count":1,"shard_min_doc_count":0,"show_term_doc_count_error":false,"order":[{"_count":"desc"},{"_key":"asc"}]},"aggregations":{"car_brand_id":{"terms":{"field":"carId","size":1,"min_doc_count":1,"shard_min_doc_count":0,"show_term_doc_count_error":false,"order":[{"_count":"desc"},{"_key":"asc"}]}},"car_series":{"terms":{"field":"carSeries.keyword","size":50,"min_doc_count":1,"shard_min_doc_count":0,"show_term_doc_count_error":false,"order":[{"_count":"desc"},{"_key":"asc"}]}},"car_user_time":{"terms":{"field":"carUserTime","size":50,"min_doc_count":1,"shard_min_doc_count":0,"show_term_doc_count_error":false,"order":[{"_count":"desc"},{"_key":"asc"}]}}}}}}
2021-04-07 23:15:20.826 [INFO ] org.springframework.amqp.rabbit.listener.SimpleMessageListenerContainer - Restarting Consumer@7c44c38b: tags=[[amq.ctag-J--PDLDAj-4BT4inJ1ajwQ]], channel=Cached Rabbit Channel: AMQChannel(amqp://guest@192.168.88.131:5672/,1), conn: Proxy@391133ad Shared Rabbit Connection: SimpleConnection@7df468f6 [delegate=amqp://guest@192.168.88.131:5672/, localPort= 62110], acknowledgeMode=AUTO local queue size=0
2021-04-07 23:15:20.837 [INFO ] org.springframework.amqp.rabbit.connection.CachingConnectionFactory - Attempting to connect to: [yuechi.com:5672]
2021-04-07 23:15:20.876 [INFO ] org.springframework.amqp.rabbit.connection.CachingConnectionFactory - Created new connection: rabbitConnectionFactory#ab5af13:1/SimpleConnection@7bc557ed [delegate=amqp://guest@192.168.88.131:5672/, localPort= 57286]
2021-04-07 23:15:28.282 [INFO ] org.springframework.data.repository.config.RepositoryConfigurationDelegate - Bootstrapping Spring Data Redis repositories in DEFAULT mode.
2021-04-07 23:15:28.310 [INFO ] org.springframework.data.repository.config.RepositoryConfigurationDelegate - Finished Spring Data repository scanning in 26ms. Found 0 Redis repository interfaces.
2021-04-07 23:15:28.391 [INFO ] org.springframework.data.repository.config.RepositoryConfigurationDelegate - Bootstrapping Spring Data Reactive Elasticsearch repositories in DEFAULT mode.
2021-04-07 23:15:28.412 [INFO ] org.springframework.data.repository.config.RepositoryConfigurationDelegate - Finished Spring Data repository scanning in 20ms. Found 0 Reactive Elasticsearch repository interfaces.
2021-04-07 23:15:28.416 [INFO ] org.springframework.data.repository.config.RepositoryConfigurationDelegate - Bootstrapping Spring Data Elasticsearch repositories in DEFAULT mode.
2021-04-07 23:15:28.509 [INFO ] org.springframework.data.repository.config.RepositoryConfigurationDelegate - Finished Spring Data repository scanning in 92ms. Found 0 Elasticsearch repository interfaces.
2021-04-07 23:15:29.171 [INFO ] com.dippy.es.service.impl.SearchServiceImpl - 构建的DSL语句为：{"from":0,"size":5,"query":{"bool":{"filter":[{"match":{"carSeries":{"query":"5系","operator":"OR","prefix_length":0,"max_expansions":50,"fuzzy_transpositions":true,"lenient":false,"zero_terms_query":"NONE","auto_generate_synonyms_phrase_query":true,"boost":1.0}}},{"match":{"carUserTime":{"query":1,"operator":"OR","prefix_length":0,"max_expansions":50,"fuzzy_transpositions":true,"lenient":false,"zero_terms_query":"NONE","auto_generate_synonyms_phrase_query":true,"boost":1.0}}},{"range":{"carPrice":{"from":1500.0,"to":null,"include_lower":true,"include_upper":true,"boost":1.0}}}],"adjust_pure_negative":true,"boost":1.0}}}
2021-04-07 23:15:29.175 [INFO ] com.dippy.es.service.impl.SearchServiceImpl - 构建的聚合DSL语句为：{"from":0,"size":5,"query":{"bool":{"filter":[{"match":{"carSeries":{"query":"5系","operator":"OR","prefix_length":0,"max_expansions":50,"fuzzy_transpositions":true,"lenient":false,"zero_terms_query":"NONE","auto_generate_synonyms_phrase_query":true,"boost":1.0}}},{"match":{"carUserTime":{"query":1,"operator":"OR","prefix_length":0,"max_expansions":50,"fuzzy_transpositions":true,"lenient":false,"zero_terms_query":"NONE","auto_generate_synonyms_phrase_query":true,"boost":1.0}}},{"range":{"carPrice":{"from":1500.0,"to":null,"include_lower":true,"include_upper":true,"boost":1.0}}}],"adjust_pure_negative":true,"boost":1.0}},"aggregations":{"car_brand_agg":{"terms":{"field":"carBrand.keyword","size":50,"min_doc_count":1,"shard_min_doc_count":0,"show_term_doc_count_error":false,"order":[{"_count":"desc"},{"_key":"asc"}]},"aggregations":{"car_brand_id":{"terms":{"field":"carId","size":1,"min_doc_count":1,"shard_min_doc_count":0,"show_term_doc_count_error":false,"order":[{"_count":"desc"},{"_key":"asc"}]}},"car_series":{"terms":{"field":"carSeries.keyword","size":50,"min_doc_count":1,"shard_min_doc_count":0,"show_term_doc_count_error":false,"order":[{"_count":"desc"},{"_key":"asc"}]}},"car_user_time":{"terms":{"field":"carUserTime","size":50,"min_doc_count":1,"shard_min_doc_count":0,"show_term_doc_count_error":false,"order":[{"_count":"desc"},{"_key":"asc"}]}}}}}}
2021-04-07 23:19:48.953 [INFO ] org.springframework.amqp.rabbit.listener.SimpleMessageListenerContainer - Waiting for workers to finish.
2021-04-07 23:19:48.954 [INFO ] org.springframework.amqp.rabbit.listener.SimpleMessageListenerContainer - Successfully waited for workers to finish.
2021-04-07 23:19:50.151 [INFO ] org.springframework.amqp.rabbit.listener.SimpleMessageListenerContainer - Shutdown ignored - container is not active already
2021-04-07 23:19:50.152 [INFO ] org.springframework.scheduling.concurrent.ThreadPoolTaskExecutor - Shutting down ExecutorService 'applicationTaskExecutor'
2021-04-07 23:21:14.370 [INFO ] org.hibernate.validator.internal.util.Version - HV000001: Hibernate Validator 6.1.5.Final
2021-04-07 23:21:14.461 [INFO ] com.dippy.SpringbootSecondcarApplication - Starting SpringbootSecondcarApplication on Dippy with PID 20580 (E:\workspace\IDEA\springboot\springboot-secondcar\target\classes started by Mindless in E:\workspace\IDEA\springboot\springboot-secondcar)
2021-04-07 23:21:14.463 [INFO ] com.dippy.SpringbootSecondcarApplication - No active profile set, falling back to default profiles: default
2021-04-07 23:21:14.604 [INFO ] org.springframework.boot.devtools.env.DevToolsPropertyDefaultsPostProcessor - Devtools property defaults active! Set 'spring.devtools.add-properties' to 'false' to disable
2021-04-07 23:21:14.605 [INFO ] org.springframework.boot.devtools.env.DevToolsPropertyDefaultsPostProcessor - For additional web related logging consider setting the 'logging.level.web' property to 'DEBUG'
2021-04-07 23:21:16.439 [INFO ] org.springframework.data.repository.config.RepositoryConfigurationDelegate - Multiple Spring Data modules found, entering strict repository configuration mode!
2021-04-07 23:21:16.443 [INFO ] org.springframework.data.repository.config.RepositoryConfigurationDelegate - Bootstrapping Spring Data Elasticsearch repositories in DEFAULT mode.
2021-04-07 23:21:16.596 [INFO ] org.springframework.data.repository.config.RepositoryConfigurationDelegate - Finished Spring Data repository scanning in 146ms. Found 1 Elasticsearch repository interfaces.
2021-04-07 23:21:16.603 [INFO ] org.springframework.data.repository.config.RepositoryConfigurationDelegate - Multiple Spring Data modules found, entering strict repository configuration mode!
2021-04-07 23:21:16.604 [INFO ] org.springframework.data.repository.config.RepositoryConfigurationDelegate - Bootstrapping Spring Data Reactive Elasticsearch repositories in DEFAULT mode.
2021-04-07 23:21:16.624 [INFO ] org.springframework.data.repository.config.RepositoryConfigurationDelegate - Finished Spring Data repository scanning in 19ms. Found 0 Reactive Elasticsearch repository interfaces.
2021-04-07 23:21:16.646 [INFO ] org.springframework.data.repository.config.RepositoryConfigurationDelegate - Multiple Spring Data modules found, entering strict repository configuration mode!
2021-04-07 23:21:16.648 [INFO ] org.springframework.data.repository.config.RepositoryConfigurationDelegate - Bootstrapping Spring Data Redis repositories in DEFAULT mode.
2021-04-07 23:21:16.689 [INFO ] org.springframework.data.repository.config.RepositoryConfigurationExtensionSupport - Spring Data Redis - Could not safely identify store assignment for repository candidate interface com.dippy.es.repository.CarInfoRepository. If you want this repository to be a Redis repository, consider annotating your entities with one of these annotations: org.springframework.data.redis.core.RedisHash (preferred), or consider extending one of the following types with your repository: org.springframework.data.keyvalue.repository.KeyValueRepository.
2021-04-07 23:21:16.690 [INFO ] org.springframework.data.repository.config.RepositoryConfigurationDelegate - Finished Spring Data repository scanning in 21ms. Found 0 Redis repository interfaces.
2021-04-07 23:21:17.411 [INFO ] org.springframework.context.support.PostProcessorRegistrationDelegate$BeanPostProcessorChecker - Bean 'org.springframework.security.access.expression.method.DefaultMethodSecurityExpressionHandler@1c011855' of type [org.springframework.security.access.expression.method.DefaultMethodSecurityExpressionHandler] is not eligible for getting processed by all BeanPostProcessors (for example: not eligible for auto-proxying)
2021-04-07 23:21:17.423 [INFO ] org.springframework.context.support.PostProcessorRegistrationDelegate$BeanPostProcessorChecker - Bean 'methodSecurityMetadataSource' of type [org.springframework.security.access.method.DelegatingMethodSecurityMetadataSource] is not eligible for getting processed by all BeanPostProcessors (for example: not eligible for auto-proxying)
2021-04-07 23:21:18.097 [INFO ] org.springframework.boot.web.embedded.tomcat.TomcatWebServer - Tomcat initialized with port(s): 8090 (http)
2021-04-07 23:21:18.114 [INFO ] org.apache.coyote.http11.Http11NioProtocol - Initializing ProtocolHandler ["http-nio-8090"]
2021-04-07 23:21:18.116 [INFO ] org.apache.catalina.core.StandardService - Starting service [Tomcat]
2021-04-07 23:21:18.116 [INFO ] org.apache.catalina.core.StandardEngine - Starting Servlet engine: [Apache Tomcat/9.0.38]
2021-04-07 23:21:18.391 [INFO ] org.apache.catalina.core.ContainerBase.[Tomcat].[localhost].[/] - Initializing Spring embedded WebApplicationContext
2021-04-07 23:21:18.391 [INFO ] org.springframework.boot.web.servlet.context.ServletWebServerApplicationContext - Root WebApplicationContext: initialization completed in 3786 ms
2021-04-07 23:21:21.832 [INFO ] org.springframework.data.elasticsearch.support.VersionInfo - Version Spring Data Elasticsearch: 4.0.4.RELEASE
2021-04-07 23:21:21.834 [INFO ] org.springframework.data.elasticsearch.support.VersionInfo - Version Elasticsearch Client in build: 7.6.2
2021-04-07 23:21:21.835 [INFO ] org.springframework.data.elasticsearch.support.VersionInfo - Version Elasticsearch Client used: 7.10.1
2021-04-07 23:21:21.836 [INFO ] org.springframework.data.elasticsearch.support.VersionInfo - Version Elasticsearch cluster: 7.10.1
2021-04-07 23:21:22.077 [INFO ] org.springframework.boot.devtools.autoconfigure.OptionalLiveReloadServer - LiveReload server is running on port 35729
2021-04-07 23:21:22.987 [INFO ] springfox.documentation.spring.web.PropertySourcedRequestMappingHandlerMapping - Mapped URL path [/v2/api-docs] onto method [springfox.documentation.swagger2.web.Swagger2Controller#getDocumentation(String, HttpServletRequest)]
2021-04-07 23:21:23.361 [INFO ] org.springframework.scheduling.concurrent.ThreadPoolTaskExecutor - Initializing ExecutorService 'applicationTaskExecutor'
2021-04-07 23:21:24.605 [INFO ] org.springframework.security.web.DefaultSecurityFilterChain - Creating filter chain: Ant [pattern='/captcha.jpg'], []
2021-04-07 23:21:24.675 [INFO ] org.springframework.security.web.DefaultSecurityFilterChain - Creating filter chain: any request, [org.springframework.security.web.context.request.async.WebAsyncManagerIntegrationFilter@4936dca9, org.springframework.security.web.context.SecurityContextPersistenceFilter@323dd422, org.springframework.security.web.header.HeaderWriterFilter@ffd26d1, org.springframework.web.filter.CorsFilter@27107a97, org.springframework.security.web.authentication.logout.LogoutFilter@1f9b8c23, com.dippy.filter.VerifyCodeFilter@3435a4e5, com.dippy.filter.VerifyCodeFilter@3435a4e5, com.dippy.filter.TokenFilter@1a0b4955, org.springframework.security.web.authentication.UsernamePasswordAuthenticationFilter@6b297a62, org.springframework.security.web.savedrequest.RequestCacheAwareFilter@3cdf8aa5, org.springframework.security.web.servletapi.SecurityContextHolderAwareRequestFilter@ecd3a9b, org.springframework.security.web.authentication.rememberme.RememberMeAuthenticationFilter@7e86ff3b, org.springframework.security.web.authentication.AnonymousAuthenticationFilter@d332ebc, org.springframework.security.web.session.SessionManagementFilter@775c865f, org.springframework.security.web.access.ExceptionTranslationFilter@5e4a9c16, org.springframework.security.web.access.intercept.FilterSecurityInterceptor@4f517209]
2021-04-07 23:21:24.962 [INFO ] org.apache.coyote.http11.Http11NioProtocol - Starting ProtocolHandler ["http-nio-8090"]
2021-04-07 23:21:24.996 [INFO ] org.springframework.boot.web.embedded.tomcat.TomcatWebServer - Tomcat started on port(s): 8090 (http) with context path ''
2021-04-07 23:21:24.998 [INFO ] springfox.documentation.spring.web.plugins.DocumentationPluginsBootstrapper - Context refreshed
2021-04-07 23:21:25.026 [INFO ] springfox.documentation.spring.web.plugins.DocumentationPluginsBootstrapper - Found 1 custom documentation plugin(s)
2021-04-07 23:21:25.095 [INFO ] springfox.documentation.spring.web.scanners.ApiListingReferenceScanner - Scanning for api listing references
2021-04-07 23:21:25.647 [INFO ] org.springframework.amqp.rabbit.connection.CachingConnectionFactory - Attempting to connect to: [yuechi.com:5672]
2021-04-07 23:21:25.711 [INFO ] org.springframework.amqp.rabbit.connection.CachingConnectionFactory - Created new connection: rabbitConnectionFactory#18918ab9:0/SimpleConnection@301af154 [delegate=amqp://guest@192.168.88.131:5672/, localPort= 57087]
2021-04-07 23:21:25.815 [INFO ] com.dippy.SpringbootSecondcarApplication - Started SpringbootSecondcarApplication in 12.555 seconds (JVM running for 24.283)
2021-04-07 23:21:42.764 [INFO ] org.apache.catalina.core.ContainerBase.[Tomcat].[localhost].[/] - Initializing Spring DispatcherServlet 'dispatcherServlet'
2021-04-07 23:21:42.980 [INFO ] com.dippy.es.service.impl.SearchServiceImpl - 构建的DSL语句为：{"from":0,"size":5,"query":{"bool":{"filter":[{"match":{"carSeries":{"query":"5系","operator":"OR","prefix_length":0,"max_expansions":50,"fuzzy_transpositions":true,"lenient":false,"zero_terms_query":"NONE","auto_generate_synonyms_phrase_query":true,"boost":1.0}}},{"match":{"carUserTime":{"query":1,"operator":"OR","prefix_length":0,"max_expansions":50,"fuzzy_transpositions":true,"lenient":false,"zero_terms_query":"NONE","auto_generate_synonyms_phrase_query":true,"boost":1.0}}},{"range":{"carPrice":{"from":1500.0,"to":null,"include_lower":true,"include_upper":true,"boost":1.0}}}],"adjust_pure_negative":true,"boost":1.0}}}
2021-04-07 23:21:43.062 [INFO ] com.dippy.es.service.impl.SearchServiceImpl - 构建的聚合DSL语句为：{"from":0,"size":5,"query":{"bool":{"filter":[{"match":{"carSeries":{"query":"5系","operator":"OR","prefix_length":0,"max_expansions":50,"fuzzy_transpositions":true,"lenient":false,"zero_terms_query":"NONE","auto_generate_synonyms_phrase_query":true,"boost":1.0}}},{"match":{"carUserTime":{"query":1,"operator":"OR","prefix_length":0,"max_expansions":50,"fuzzy_transpositions":true,"lenient":false,"zero_terms_query":"NONE","auto_generate_synonyms_phrase_query":true,"boost":1.0}}},{"range":{"carPrice":{"from":1500.0,"to":null,"include_lower":true,"include_upper":true,"boost":1.0}}}],"adjust_pure_negative":true,"boost":1.0}},"aggregations":{"car_brand_agg":{"terms":{"field":"carBrand.keyword","size":50,"min_doc_count":1,"shard_min_doc_count":0,"show_term_doc_count_error":false,"order":[{"_count":"desc"},{"_key":"asc"}]},"aggregations":{"car_brand_id":{"terms":{"field":"carId","size":1,"min_doc_count":1,"shard_min_doc_count":0,"show_term_doc_count_error":false,"order":[{"_count":"desc"},{"_key":"asc"}]}},"car_series":{"terms":{"field":"carSeries.keyword","size":50,"min_doc_count":1,"shard_min_doc_count":0,"show_term_doc_count_error":false,"order":[{"_count":"desc"},{"_key":"asc"}]}},"car_user_time":{"terms":{"field":"carUserTime","size":50,"min_doc_count":1,"shard_min_doc_count":0,"show_term_doc_count_error":false,"order":[{"_count":"desc"},{"_key":"asc"}]}}}}}}
2021-04-07 23:22:19.970 [INFO ] org.springframework.amqp.rabbit.listener.SimpleMessageListenerContainer - Waiting for workers to finish.
2021-04-07 23:22:20.812 [INFO ] org.springframework.amqp.rabbit.listener.SimpleMessageListenerContainer - Successfully waited for workers to finish.
2021-04-07 23:22:21.948 [INFO ] org.springframework.amqp.rabbit.listener.SimpleMessageListenerContainer - Shutdown ignored - container is not active already
2021-04-07 23:22:21.949 [INFO ] org.springframework.scheduling.concurrent.ThreadPoolTaskExecutor - Shutting down ExecutorService 'applicationTaskExecutor'
2021-04-07 23:41:56.687 [INFO ] org.hibernate.validator.internal.util.Version - HV000001: Hibernate Validator 6.1.5.Final
2021-04-07 23:41:56.781 [INFO ] com.dippy.SpringbootSecondcarApplication - Starting SpringbootSecondcarApplication on Dippy with PID 2308 (E:\workspace\IDEA\springboot\springboot-secondcar\target\classes started by Mindless in E:\workspace\IDEA\springboot\springboot-secondcar)
2021-04-07 23:41:56.782 [INFO ] com.dippy.SpringbootSecondcarApplication - No active profile set, falling back to default profiles: default
2021-04-07 23:41:56.936 [INFO ] org.springframework.boot.devtools.env.DevToolsPropertyDefaultsPostProcessor - Devtools property defaults active! Set 'spring.devtools.add-properties' to 'false' to disable
2021-04-07 23:41:56.936 [INFO ] org.springframework.boot.devtools.env.DevToolsPropertyDefaultsPostProcessor - For additional web related logging consider setting the 'logging.level.web' property to 'DEBUG'
2021-04-07 23:41:59.447 [INFO ] org.springframework.data.repository.config.RepositoryConfigurationDelegate - Multiple Spring Data modules found, entering strict repository configuration mode!
2021-04-07 23:41:59.452 [INFO ] org.springframework.data.repository.config.RepositoryConfigurationDelegate - Bootstrapping Spring Data Elasticsearch repositories in DEFAULT mode.
2021-04-07 23:41:59.725 [INFO ] org.springframework.data.repository.config.RepositoryConfigurationDelegate - Finished Spring Data repository scanning in 265ms. Found 1 Elasticsearch repository interfaces.
2021-04-07 23:41:59.733 [INFO ] org.springframework.data.repository.config.RepositoryConfigurationDelegate - Multiple Spring Data modules found, entering strict repository configuration mode!
2021-04-07 23:41:59.735 [INFO ] org.springframework.data.repository.config.RepositoryConfigurationDelegate - Bootstrapping Spring Data Reactive Elasticsearch repositories in DEFAULT mode.
2021-04-07 23:41:59.762 [INFO ] org.springframework.data.repository.config.RepositoryConfigurationDelegate - Finished Spring Data repository scanning in 27ms. Found 0 Reactive Elasticsearch repository interfaces.
2021-04-07 23:41:59.797 [INFO ] org.springframework.data.repository.config.RepositoryConfigurationDelegate - Multiple Spring Data modules found, entering strict repository configuration mode!
2021-04-07 23:41:59.799 [INFO ] org.springframework.data.repository.config.RepositoryConfigurationDelegate - Bootstrapping Spring Data Redis repositories in DEFAULT mode.
2021-04-07 23:41:59.846 [INFO ] org.springframework.data.repository.config.RepositoryConfigurationExtensionSupport - Spring Data Redis - Could not safely identify store assignment for repository candidate interface com.dippy.es.repository.CarInfoRepository. If you want this repository to be a Redis repository, consider annotating your entities with one of these annotations: org.springframework.data.redis.core.RedisHash (preferred), or consider extending one of the following types with your repository: org.springframework.data.keyvalue.repository.KeyValueRepository.
2021-04-07 23:41:59.846 [INFO ] org.springframework.data.repository.config.RepositoryConfigurationDelegate - Finished Spring Data repository scanning in 31ms. Found 0 Redis repository interfaces.
2021-04-07 23:42:00.923 [INFO ] org.springframework.context.support.PostProcessorRegistrationDelegate$BeanPostProcessorChecker - Bean 'org.springframework.security.access.expression.method.DefaultMethodSecurityExpressionHandler@5aa7cfdf' of type [org.springframework.security.access.expression.method.DefaultMethodSecurityExpressionHandler] is not eligible for getting processed by all BeanPostProcessors (for example: not eligible for auto-proxying)
2021-04-07 23:42:00.942 [INFO ] org.springframework.context.support.PostProcessorRegistrationDelegate$BeanPostProcessorChecker - Bean 'methodSecurityMetadataSource' of type [org.springframework.security.access.method.DelegatingMethodSecurityMetadataSource] is not eligible for getting processed by all BeanPostProcessors (for example: not eligible for auto-proxying)
2021-04-07 23:42:01.729 [INFO ] org.springframework.boot.web.embedded.tomcat.TomcatWebServer - Tomcat initialized with port(s): 8090 (http)
2021-04-07 23:42:01.747 [INFO ] org.apache.coyote.http11.Http11NioProtocol - Initializing ProtocolHandler ["http-nio-8090"]
2021-04-07 23:42:01.748 [INFO ] org.apache.catalina.core.StandardService - Starting service [Tomcat]
2021-04-07 23:42:01.749 [INFO ] org.apache.catalina.core.StandardEngine - Starting Servlet engine: [Apache Tomcat/9.0.38]
2021-04-07 23:42:02.094 [INFO ] org.apache.catalina.core.ContainerBase.[Tomcat].[localhost].[/] - Initializing Spring embedded WebApplicationContext
2021-04-07 23:42:02.095 [INFO ] org.springframework.boot.web.servlet.context.ServletWebServerApplicationContext - Root WebApplicationContext: initialization completed in 5158 ms
2021-04-07 23:42:07.903 [INFO ] org.springframework.data.elasticsearch.support.VersionInfo - Version Spring Data Elasticsearch: 4.0.4.RELEASE
2021-04-07 23:42:07.904 [INFO ] org.springframework.data.elasticsearch.support.VersionInfo - Version Elasticsearch Client in build: 7.6.2
2021-04-07 23:42:07.904 [INFO ] org.springframework.data.elasticsearch.support.VersionInfo - Version Elasticsearch Client used: 7.10.1
2021-04-07 23:42:07.906 [INFO ] org.springframework.data.elasticsearch.support.VersionInfo - Version Elasticsearch cluster: 7.10.1
2021-04-07 23:42:08.346 [INFO ] org.springframework.boot.devtools.autoconfigure.OptionalLiveReloadServer - LiveReload server is running on port 35729
2021-04-07 23:42:09.766 [INFO ] springfox.documentation.spring.web.PropertySourcedRequestMappingHandlerMapping - Mapped URL path [/v2/api-docs] onto method [springfox.documentation.swagger2.web.Swagger2Controller#getDocumentation(String, HttpServletRequest)]
2021-04-07 23:42:11.607 [INFO ] org.springframework.scheduling.concurrent.ThreadPoolTaskExecutor - Initializing ExecutorService 'applicationTaskExecutor'
2021-04-07 23:42:14.045 [INFO ] org.springframework.security.web.DefaultSecurityFilterChain - Creating filter chain: Ant [pattern='/captcha.jpg'], []
2021-04-07 23:42:14.125 [INFO ] org.springframework.security.web.DefaultSecurityFilterChain - Creating filter chain: any request, [org.springframework.security.web.context.request.async.WebAsyncManagerIntegrationFilter@2cef4321, org.springframework.security.web.context.SecurityContextPersistenceFilter@2a3ced3d, org.springframework.security.web.header.HeaderWriterFilter@6d6c4775, org.springframework.web.filter.CorsFilter@5169db2f, org.springframework.security.web.authentication.logout.LogoutFilter@155788a7, com.dippy.filter.VerifyCodeFilter@583b4af4, com.dippy.filter.VerifyCodeFilter@583b4af4, com.dippy.filter.TokenFilter@b791e6e, org.springframework.security.web.authentication.UsernamePasswordAuthenticationFilter@6cd8aee2, org.springframework.security.web.savedrequest.RequestCacheAwareFilter@25fa5c0c, org.springframework.security.web.servletapi.SecurityContextHolderAwareRequestFilter@2132629e, org.springframework.security.web.authentication.rememberme.RememberMeAuthenticationFilter@59be715a, org.springframework.security.web.authentication.AnonymousAuthenticationFilter@29c471f6, org.springframework.security.web.session.SessionManagementFilter@344d6bb3, org.springframework.security.web.access.ExceptionTranslationFilter@4b477d05, org.springframework.security.web.access.intercept.FilterSecurityInterceptor@25a41143]
2021-04-07 23:42:14.765 [INFO ] org.apache.coyote.http11.Http11NioProtocol - Starting ProtocolHandler ["http-nio-8090"]
2021-04-07 23:42:14.820 [INFO ] org.springframework.boot.web.embedded.tomcat.TomcatWebServer - Tomcat started on port(s): 8090 (http) with context path ''
2021-04-07 23:42:14.822 [INFO ] springfox.documentation.spring.web.plugins.DocumentationPluginsBootstrapper - Context refreshed
2021-04-07 23:42:14.872 [INFO ] springfox.documentation.spring.web.plugins.DocumentationPluginsBootstrapper - Found 1 custom documentation plugin(s)
2021-04-07 23:42:14.983 [INFO ] springfox.documentation.spring.web.scanners.ApiListingReferenceScanner - Scanning for api listing references
2021-04-07 23:42:15.675 [INFO ] org.springframework.amqp.rabbit.connection.CachingConnectionFactory - Attempting to connect to: [yuechi.com:5672]
2021-04-07 23:42:15.754 [INFO ] org.springframework.amqp.rabbit.connection.CachingConnectionFactory - Created new connection: rabbitConnectionFactory#6557dcea:0/SimpleConnection@49808d41 [delegate=amqp://guest@192.168.88.131:5672/, localPort= 64024]
2021-04-07 23:42:15.897 [INFO ] com.dippy.SpringbootSecondcarApplication - Started SpringbootSecondcarApplication in 20.434 seconds (JVM running for 28.254)
2021-04-07 23:47:36.979 [INFO ] org.apache.catalina.core.ContainerBase.[Tomcat].[localhost].[/] - Initializing Spring DispatcherServlet 'dispatcherServlet'
2021-04-07 23:47:38.913 [INFO ] com.zaxxer.hikari.HikariDataSource - HikariPool-1 - Starting...
2021-04-07 23:47:40.235 [INFO ] com.zaxxer.hikari.HikariDataSource - HikariPool-1 - Start completed.
2021-04-07 23:47:54.877 [INFO ] com.dippy.controller.KaptchaController - 生成的getCaptcha: x46x2
2021-04-07 23:48:11.491 [INFO ] com.dippy.filter.VerifyCodeFilter - getSession后端的验证码为： x46x2
2021-04-07 23:48:11.605 [INFO ] com.dippy.service.impl.UserDetailServiceImpl - 执行UserDetailServiceImpl自定义登录逻辑---admin--用户名
2021-04-07 23:48:11.913 [INFO ] com.dippy.common.SecurityHandlerConfig - 执行了SecurityHandlerConfig登录成功处理器------
2021-04-07 23:48:14.068 [INFO ] com.dippy.service.impl.TokenServiceJWTImpl - 生成的jwttoken为：eyJhbGciOiJIUzI1NiJ9.eyJMT0dJTl9VU0VSX0tFWSI6ImY3N2JkMzZmLTgzNDgtNDY1Ni1hMjY4LWU0Y2EwODMzNzNkNCJ9.4aeHdeReTCOvxWm60Eoa1NjhRasV4GYqBmJAtYhna14
2021-04-07 23:48:14.074 [INFO ] com.dippy.controller.UserInfoController - 登录成功页面
2021-04-07 23:49:30.024 [INFO ] com.dippy.common.SecurityHandlerConfig - 当前登录用户: 管理员 于 2021-04-07 23:49:29 退出了
2021-04-07 23:49:30.024 [INFO ] com.dippy.service.impl.TokenServiceJWTImpl - delete jwtToken:eyJhbGciOiJIUzI1NiJ9.eyJMT0dJTl9VU0VSX0tFWSI6ImY3N2JkMzZmLTgzNDgtNDY1Ni1hMjY4LWU0Y2EwODMzNzNkNCJ9.4aeHdeReTCOvxWm60Eoa1NjhRasV4GYqBmJAtYhna14
2021-04-07 23:49:30.025 [INFO ] com.dippy.service.impl.TokenServiceJWTImpl - delete uuid:f77bd36f-8348-4656-a268-e4ca083373d4
2021-04-07 23:49:30.026 [INFO ] com.dippy.service.impl.TokenServiceJWTImpl - delete key:tokens:f77bd36f-8348-4656-a268-e4ca083373d4
2021-04-07 23:49:30.141 [INFO ] com.dippy.controller.KaptchaController - 生成的getCaptcha: da75g
2021-04-07 23:50:00.608 [INFO ] com.dippy.controller.KaptchaController - 生成的getCaptcha: 2f3y8
2021-04-07 23:51:56.646 [INFO ] com.dippy.filter.VerifyCodeFilter - getSession后端的验证码为： 2f3y8
2021-04-07 23:51:56.647 [INFO ] com.dippy.service.impl.UserDetailServiceImpl - 执行UserDetailServiceImpl自定义登录逻辑---admin--用户名
2021-04-07 23:51:56.765 [INFO ] com.dippy.common.SecurityHandlerConfig - 执行了SecurityHandlerConfig登录成功处理器------
2021-04-07 23:51:56.769 [INFO ] com.dippy.service.impl.TokenServiceJWTImpl - 生成的jwttoken为：eyJhbGciOiJIUzI1NiJ9.eyJMT0dJTl9VU0VSX0tFWSI6ImRlMWJiZWYyLWI3YzQtNDg3Ni1iYWQ5LThlNTk1MTZhM2ZjMCJ9.W4kBE1jezoMbZMaUvOnpGrkZmGdpYFxdpFcJc1rtt3M
2021-04-07 23:51:56.770 [INFO ] com.dippy.controller.UserInfoController - 登录成功页面
2021-04-07 23:55:17.969 [INFO ] com.dippy.common.SecurityHandlerConfig - 当前登录用户: 管理员 于 2021-04-07 23:55:17 退出了
2021-04-07 23:55:17.970 [INFO ] com.dippy.service.impl.TokenServiceJWTImpl - delete jwtToken:eyJhbGciOiJIUzI1NiJ9.eyJMT0dJTl9VU0VSX0tFWSI6ImRlMWJiZWYyLWI3YzQtNDg3Ni1iYWQ5LThlNTk1MTZhM2ZjMCJ9.W4kBE1jezoMbZMaUvOnpGrkZmGdpYFxdpFcJc1rtt3M
2021-04-07 23:55:17.971 [INFO ] com.dippy.service.impl.TokenServiceJWTImpl - delete uuid:de1bbef2-b7c4-4876-bad9-8e59516a3fc0
2021-04-07 23:55:17.971 [INFO ] com.dippy.service.impl.TokenServiceJWTImpl - delete key:tokens:de1bbef2-b7c4-4876-bad9-8e59516a3fc0
2021-04-07 23:55:18.233 [INFO ] com.dippy.controller.KaptchaController - 生成的getCaptcha: 4x355
2021-04-07 23:55:56.939 [INFO ] org.springframework.amqp.rabbit.listener.SimpleMessageListenerContainer - Waiting for workers to finish.
2021-04-07 23:55:57.466 [INFO ] org.springframework.amqp.rabbit.listener.SimpleMessageListenerContainer - Successfully waited for workers to finish.
2021-04-07 23:55:58.992 [INFO ] org.springframework.amqp.rabbit.listener.SimpleMessageListenerContainer - Shutdown ignored - container is not active already
2021-04-07 23:55:58.993 [INFO ] org.springframework.scheduling.concurrent.ThreadPoolTaskExecutor - Shutting down ExecutorService 'applicationTaskExecutor'
2021-04-07 23:55:59.009 [INFO ] com.zaxxer.hikari.HikariDataSource - HikariPool-1 - Shutdown initiated...
2021-04-07 23:55:59.033 [INFO ] com.zaxxer.hikari.HikariDataSource - HikariPool-1 - Shutdown completed.
