2021-05-08 00:00:36.687 [DEBUG] com.dippy.mapper.CarInfoMapper.findMySellCarByPage_mpCount - ==>  Preparing: SELECT COUNT(*) FROM car_info WHERE car_info.user_id = ?
2021-05-08 00:00:36.697 [DEBUG] com.dippy.mapper.CarInfoMapper.findMySellCarByPage_mpCount - ==> Parameters: 1(Integer)
2021-05-08 00:00:36.700 [DEBUG] com.dippy.mapper.CarInfoMapper.findMySellCarByPage_mpCount - <==      Total: 1
2021-05-08 00:00:36.702 [DEBUG] com.dippy.mapper.CarInfoMapper.findMySellCarByPage - ==>  Preparing: select * from car_info left join car_picture cp on car_info.car_id = cp.car_id where car_info.user_id = ? LIMIT ?
2021-05-08 00:00:36.703 [DEBUG] com.dippy.mapper.CarInfoMapper.findMySellCarByPage - ==> Parameters: 1(Integer), 5(Long)
2021-05-08 00:00:36.711 [DEBUG] com.dippy.mapper.CarInfoMapper.findMySellCarByPage - <==      Total: 5
2021-05-08 00:07:28.631 [DEBUG] com.dippy.mapper.CarInfoMapper.selectById - ==>  Preparing: SELECT car_id,car_brand,car_series,car_type,car_price,car_count,car_user_time,transfer_count,car_car_mileage,car_color,car_picture_id,car_gear_box,car_displacement,produce_time,car_configuration,car_seat,car_fuel_type,car_quality_time,car_region_id,car_front_tyre,rear_tyre,car_describe,create_time,update_time,car_status,car_title,user_id,car_picture FROM car_info WHERE car_id=?
2021-05-08 00:07:28.634 [DEBUG] com.dippy.mapper.CarInfoMapper.selectById - ==> Parameters: 1(Integer)
2021-05-08 00:07:28.640 [DEBUG] com.dippy.mapper.CarInfoMapper.selectById - <==      Total: 1
2021-05-08 00:07:28.748 [DEBUG] com.dippy.mapper.CarPictureMapper.selectList - ==>  Preparing: SELECT car_picture_location,car_url FROM car_picture WHERE (car_id = ?)
2021-05-08 00:07:28.750 [DEBUG] com.dippy.mapper.CarPictureMapper.selectList - ==> Parameters: 1(Integer)
2021-05-08 00:07:28.757 [DEBUG] com.dippy.mapper.CarPictureMapper.selectList - <==      Total: 20
2021-05-08 00:07:28.762 [DEBUG] com.dippy.mapper.SysUserMapper.selectOne - ==>  Preparing: SELECT name,phone,sex FROM sys_user WHERE (user_id = ?)
2021-05-08 00:07:28.764 [DEBUG] com.dippy.mapper.SysUserMapper.selectOne - ==> Parameters: 1(Integer)
2021-05-08 00:07:28.766 [DEBUG] com.dippy.mapper.SysUserMapper.selectOne - <==      Total: 1
2021-05-08 00:08:30.481 [DEBUG] com.dippy.mapper.CarInfoMapper.selectById - ==>  Preparing: SELECT car_id,car_brand,car_series,car_type,car_price,car_count,car_user_time,transfer_count,car_car_mileage,car_color,car_picture_id,car_gear_box,car_displacement,produce_time,car_configuration,car_seat,car_fuel_type,car_quality_time,car_region_id,car_front_tyre,rear_tyre,car_describe,create_time,update_time,car_status,car_title,user_id,car_picture FROM car_info WHERE car_id=?
2021-05-08 00:08:30.483 [DEBUG] com.dippy.mapper.CarInfoMapper.selectById - ==> Parameters: 1(Integer)
2021-05-08 00:08:30.488 [DEBUG] com.dippy.mapper.CarInfoMapper.selectById - <==      Total: 1
2021-05-08 00:08:30.492 [DEBUG] com.dippy.mapper.CarPictureMapper.selectList - ==>  Preparing: SELECT car_picture_location,car_url FROM car_picture WHERE (car_id = ?)
2021-05-08 00:08:30.493 [DEBUG] com.dippy.mapper.CarPictureMapper.selectList - ==> Parameters: 1(Integer)
2021-05-08 00:08:30.497 [DEBUG] com.dippy.mapper.CarPictureMapper.selectList - <==      Total: 20
2021-05-08 00:08:30.502 [DEBUG] com.dippy.mapper.SysUserMapper.selectOne - ==>  Preparing: SELECT name,phone,sex FROM sys_user WHERE (user_id = ?)
2021-05-08 00:08:30.504 [DEBUG] com.dippy.mapper.SysUserMapper.selectOne - ==> Parameters: 1(Integer)
2021-05-08 00:08:30.507 [DEBUG] com.dippy.mapper.SysUserMapper.selectOne - <==      Total: 1
2021-05-08 00:08:55.620 [DEBUG] com.dippy.mapper.CarInfoMapper.selectById - ==>  Preparing: SELECT car_id,car_brand,car_series,car_type,car_price,car_count,car_user_time,transfer_count,car_car_mileage,car_color,car_picture_id,car_gear_box,car_displacement,produce_time,car_configuration,car_seat,car_fuel_type,car_quality_time,car_region_id,car_front_tyre,rear_tyre,car_describe,create_time,update_time,car_status,car_title,user_id,car_picture FROM car_info WHERE car_id=?
2021-05-08 00:08:55.621 [DEBUG] com.dippy.mapper.CarInfoMapper.selectById - ==> Parameters: 1(Integer)
2021-05-08 00:08:55.625 [DEBUG] com.dippy.mapper.CarInfoMapper.selectById - <==      Total: 1
2021-05-08 00:08:55.629 [DEBUG] com.dippy.mapper.CarPictureMapper.selectList - ==>  Preparing: SELECT car_picture_location,car_url FROM car_picture WHERE (car_id = ?)
2021-05-08 00:08:55.631 [DEBUG] com.dippy.mapper.CarPictureMapper.selectList - ==> Parameters: 1(Integer)
2021-05-08 00:08:55.636 [DEBUG] com.dippy.mapper.CarPictureMapper.selectList - <==      Total: 20
2021-05-08 00:08:55.641 [DEBUG] com.dippy.mapper.SysUserMapper.selectOne - ==>  Preparing: SELECT name,phone,sex FROM sys_user WHERE (user_id = ?)
2021-05-08 00:08:55.642 [DEBUG] com.dippy.mapper.SysUserMapper.selectOne - ==> Parameters: 1(Integer)
2021-05-08 00:08:55.644 [DEBUG] com.dippy.mapper.SysUserMapper.selectOne - <==      Total: 1
2021-05-08 00:09:14.269 [DEBUG] com.dippy.mapper.SysUserMapper.selectOne - ==>  Preparing: SELECT user_id,username,password,name,sex,avatar,address_id,province,city,area,detailed_address,phone,email,birthday,is_lock,create_time,update_time FROM sys_user WHERE (username = ?)
2021-05-08 00:09:14.271 [DEBUG] com.dippy.mapper.SysUserMapper.selectOne - ==> Parameters: admin(String)
2021-05-08 00:09:14.276 [DEBUG] com.dippy.mapper.SysUserMapper.selectOne - <==      Total: 1
2021-05-08 00:09:14.298 [DEBUG] com.dippy.mapper.SysRoleUserMapper.selectList - ==>  Preparing: SELECT role_id FROM sys_role_user WHERE (user_id = ?)
2021-05-08 00:09:14.300 [DEBUG] com.dippy.mapper.SysRoleUserMapper.selectList - ==> Parameters: 1(Integer)
2021-05-08 00:09:14.302 [DEBUG] com.dippy.mapper.SysRoleUserMapper.selectList - <==      Total: 1
2021-05-08 00:09:14.303 [DEBUG] com.dippy.mapper.SysPermissionMapper.listPermissionByUserId - ==>  Preparing: SELECT p.* FROM sys_user u, sys_permission p LEFT JOIN sys_role_permission rp ON p.permission_id = rp.permission_id LEFT JOIN sys_role_user ru ON rp.role_id = ru.role_id WHERE u.user_id = ?
2021-05-08 00:09:14.304 [DEBUG] com.dippy.mapper.SysPermissionMapper.listPermissionByUserId - ==> Parameters: 1(Integer)
2021-05-08 00:09:14.314 [DEBUG] com.dippy.mapper.SysPermissionMapper.listPermissionByUserId - <==      Total: 80
2021-05-08 00:10:05.680 [DEBUG] com.dippy.mapper.CarInfoMapper.findMySellCarByPage_mpCount - ==>  Preparing: SELECT COUNT(*) FROM car_info WHERE car_info.user_id = ?
2021-05-08 00:10:05.681 [DEBUG] com.dippy.mapper.CarInfoMapper.findMySellCarByPage_mpCount - ==> Parameters: 1(Integer)
2021-05-08 00:10:05.683 [DEBUG] com.dippy.mapper.CarInfoMapper.findMySellCarByPage_mpCount - <==      Total: 1
2021-05-08 00:10:05.685 [DEBUG] com.dippy.mapper.CarInfoMapper.findMySellCarByPage - ==>  Preparing: select * from car_info left join car_picture cp on car_info.car_id = cp.car_id where car_info.user_id = ? LIMIT ?
2021-05-08 00:10:05.686 [DEBUG] com.dippy.mapper.CarInfoMapper.findMySellCarByPage - ==> Parameters: 1(Integer), 5(Long)
2021-05-08 00:10:05.692 [DEBUG] com.dippy.mapper.CarInfoMapper.findMySellCarByPage - <==      Total: 5
2021-05-08 00:11:55.398 [DEBUG] com.dippy.mapper.CarInfoMapper.findMySellCarByPage_mpCount - ==>  Preparing: SELECT COUNT(*) FROM car_info WHERE car_info.user_id = ?
2021-05-08 00:11:55.399 [DEBUG] com.dippy.mapper.CarInfoMapper.findMySellCarByPage_mpCount - ==> Parameters: 1(Integer)
2021-05-08 00:11:55.401 [DEBUG] com.dippy.mapper.CarInfoMapper.findMySellCarByPage_mpCount - <==      Total: 1
2021-05-08 00:11:55.403 [DEBUG] com.dippy.mapper.CarInfoMapper.findMySellCarByPage - ==>  Preparing: select * from car_info left join car_picture cp on car_info.car_id = cp.car_id where car_info.user_id = ? LIMIT ?
2021-05-08 00:11:55.404 [DEBUG] com.dippy.mapper.CarInfoMapper.findMySellCarByPage - ==> Parameters: 1(Integer), 5(Long)
2021-05-08 00:11:55.409 [DEBUG] com.dippy.mapper.CarInfoMapper.findMySellCarByPage - <==      Total: 5
2021-05-08 00:12:27.593 [DEBUG] com.dippy.mapper.SysUserMapper.selectOne - ==>  Preparing: SELECT user_id,username,password,name,sex,avatar,address_id,province,city,area,detailed_address,phone,email,birthday,is_lock,create_time,update_time FROM sys_user WHERE (username = ?)
2021-05-08 00:12:27.619 [DEBUG] com.dippy.mapper.SysUserMapper.selectOne - ==> Parameters: user(String)
2021-05-08 00:12:27.621 [DEBUG] com.dippy.mapper.SysUserMapper.selectOne - <==      Total: 1
2021-05-08 00:12:27.625 [DEBUG] com.dippy.mapper.SysRoleUserMapper.selectList - ==>  Preparing: SELECT role_id FROM sys_role_user WHERE (user_id = ?)
2021-05-08 00:12:27.625 [DEBUG] com.dippy.mapper.SysRoleUserMapper.selectList - ==> Parameters: 2(Integer)
2021-05-08 00:12:27.627 [DEBUG] com.dippy.mapper.SysRoleUserMapper.selectList - <==      Total: 1
2021-05-08 00:12:27.628 [DEBUG] com.dippy.mapper.SysPermissionMapper.listPermissionByUserId - ==>  Preparing: SELECT p.* FROM sys_user u, sys_permission p LEFT JOIN sys_role_permission rp ON p.permission_id = rp.permission_id LEFT JOIN sys_role_user ru ON rp.role_id = ru.role_id WHERE u.user_id = ?
2021-05-08 00:12:27.629 [DEBUG] com.dippy.mapper.SysPermissionMapper.listPermissionByUserId - ==> Parameters: 2(Integer)
2021-05-08 00:12:27.636 [DEBUG] com.dippy.mapper.SysPermissionMapper.listPermissionByUserId - <==      Total: 80
2021-05-08 00:12:42.840 [DEBUG] com.dippy.mapper.CarInfoMapper.selectById - ==>  Preparing: SELECT car_id,car_brand,car_series,car_type,car_price,car_count,car_user_time,transfer_count,car_car_mileage,car_color,car_picture_id,car_gear_box,car_displacement,produce_time,car_configuration,car_seat,car_fuel_type,car_quality_time,car_region_id,car_front_tyre,rear_tyre,car_describe,create_time,update_time,car_status,car_title,user_id,car_picture FROM car_info WHERE car_id=?
2021-05-08 00:12:42.841 [DEBUG] com.dippy.mapper.CarInfoMapper.selectById - ==> Parameters: 1(Integer)
2021-05-08 00:12:42.844 [DEBUG] com.dippy.mapper.CarInfoMapper.selectById - <==      Total: 1
2021-05-08 00:12:42.849 [DEBUG] com.dippy.mapper.CarPictureMapper.selectList - ==>  Preparing: SELECT car_picture_location,car_url FROM car_picture WHERE (car_id = ?)
2021-05-08 00:12:42.850 [DEBUG] com.dippy.mapper.CarPictureMapper.selectList - ==> Parameters: 1(Integer)
2021-05-08 00:12:42.854 [DEBUG] com.dippy.mapper.CarPictureMapper.selectList - <==      Total: 20
2021-05-08 00:12:42.857 [DEBUG] com.dippy.mapper.SysUserMapper.selectOne - ==>  Preparing: SELECT name,phone,sex FROM sys_user WHERE (user_id = ?)
2021-05-08 00:12:42.858 [DEBUG] com.dippy.mapper.SysUserMapper.selectOne - ==> Parameters: 1(Integer)
2021-05-08 00:12:42.860 [DEBUG] com.dippy.mapper.SysUserMapper.selectOne - <==      Total: 1
2021-05-08 00:12:50.544 [DEBUG] com.dippy.mapper.SysUserChatMessageMapper.selectList - ==>  Preparing: SELECT to_id FROM sys_user_chat_message WHERE (from_id = ?)
2021-05-08 00:12:50.544 [DEBUG] com.dippy.mapper.SysUserChatMessageMapper.selectList - ==> Parameters: 2(Integer)
2021-05-08 00:12:50.606 [DEBUG] com.dippy.mapper.SysUserChatMessageMapper.selectList - <==      Total: 0
2021-05-08 00:12:50.608 [DEBUG] com.dippy.mapper.SysUserChatMessageMapper.getChatListByUserId - ==>  Preparing: select su.name, su.avatar, sucm.* from sys_user_chat_message sucm left join sys_user su on sucm.to_id = su.user_id where sucm.from_id = ?
2021-05-08 00:12:50.609 [DEBUG] com.dippy.mapper.SysUserChatMessageMapper.getChatListByUserId - ==> Parameters: 2(Integer)
2021-05-08 00:12:50.611 [DEBUG] com.dippy.mapper.SysUserChatMessageMapper.getChatListByUserId - <==      Total: 0
2021-05-08 00:13:07.258 [DEBUG] com.dippy.mapper.CarInfoMapper.findMySellCarByPage_mpCount - ==>  Preparing: SELECT COUNT(*) FROM car_info WHERE car_info.user_id = ?
2021-05-08 00:13:07.259 [DEBUG] com.dippy.mapper.CarInfoMapper.findMySellCarByPage_mpCount - ==> Parameters: 2(Integer)
2021-05-08 00:13:07.262 [DEBUG] com.dippy.mapper.CarInfoMapper.findMySellCarByPage_mpCount - <==      Total: 1
2021-05-08 00:13:07.264 [DEBUG] com.dippy.mapper.CarInfoMapper.findMySellCarByPage - ==>  Preparing: select * from car_info left join car_picture cp on car_info.car_id = cp.car_id where car_info.user_id = ? LIMIT ?
2021-05-08 00:13:07.265 [DEBUG] com.dippy.mapper.CarInfoMapper.findMySellCarByPage - ==> Parameters: 2(Integer), 5(Long)
2021-05-08 00:13:07.272 [DEBUG] com.dippy.mapper.CarInfoMapper.findMySellCarByPage - <==      Total: 4
2021-05-08 15:20:03.197 [DEBUG] com.dippy.mapper.SysUserMapper.selectOne - ==>  Preparing: SELECT user_id,username,password,name,sex,avatar,address_id,province,city,area,detailed_address,phone,email,birthday,is_lock,create_time,update_time FROM sys_user WHERE (username = ?)
2021-05-08 15:20:03.199 [DEBUG] com.dippy.mapper.SysUserMapper.selectOne - ==> Parameters: admin(String)
2021-05-08 15:20:03.208 [DEBUG] com.dippy.mapper.SysUserMapper.selectOne - <==      Total: 1
2021-05-08 15:20:03.225 [DEBUG] com.dippy.mapper.SysRoleUserMapper.selectList - ==>  Preparing: SELECT role_id FROM sys_role_user WHERE (user_id = ?)
2021-05-08 15:20:03.226 [DEBUG] com.dippy.mapper.SysRoleUserMapper.selectList - ==> Parameters: 1(Integer)
2021-05-08 15:20:03.228 [DEBUG] com.dippy.mapper.SysRoleUserMapper.selectList - <==      Total: 1
2021-05-08 15:20:03.228 [DEBUG] com.dippy.mapper.SysPermissionMapper.listPermissionByUserId - ==>  Preparing: SELECT p.* FROM sys_user u, sys_permission p LEFT JOIN sys_role_permission rp ON p.permission_id = rp.permission_id LEFT JOIN sys_role_user ru ON rp.role_id = ru.role_id WHERE u.user_id = ?
2021-05-08 15:20:03.229 [DEBUG] com.dippy.mapper.SysPermissionMapper.listPermissionByUserId - ==> Parameters: 1(Integer)
2021-05-08 15:20:03.237 [DEBUG] com.dippy.mapper.SysPermissionMapper.listPermissionByUserId - <==      Total: 80
2021-05-08 15:20:13.591 [DEBUG] com.dippy.mapper.CarInfoMapper.findMySellCarByPage_mpCount - ==>  Preparing: SELECT COUNT(*) FROM car_info WHERE car_info.user_id = ?
2021-05-08 15:20:13.592 [DEBUG] com.dippy.mapper.CarInfoMapper.findMySellCarByPage_mpCount - ==> Parameters: 1(Integer)
2021-05-08 15:20:13.594 [DEBUG] com.dippy.mapper.CarInfoMapper.findMySellCarByPage_mpCount - <==      Total: 1
2021-05-08 15:20:13.596 [DEBUG] com.dippy.mapper.CarInfoMapper.findMySellCarByPage - ==>  Preparing: select * from car_info left join car_picture cp on car_info.car_id = cp.car_id where car_info.user_id = ? LIMIT ?
2021-05-08 15:20:13.598 [DEBUG] com.dippy.mapper.CarInfoMapper.findMySellCarByPage - ==> Parameters: 1(Integer), 5(Long)
2021-05-08 15:20:13.611 [DEBUG] com.dippy.mapper.CarInfoMapper.findMySellCarByPage - <==      Total: 5
2021-05-08 15:21:24.111 [DEBUG] com.dippy.mapper.CarInfoMapper.insert - ==>  Preparing: INSERT INTO car_info ( car_brand ) VALUES ( ? )
2021-05-08 15:21:26.298 [DEBUG] com.dippy.mapper.CarInfoMapper.insert - ==>  Preparing: INSERT INTO car_info ( car_brand ) VALUES ( ? )
2021-05-08 15:21:26.302 [DEBUG] com.dippy.mapper.CarInfoMapper.insert - ==> Parameters: 路虎(String)
2021-05-08 15:21:26.302 [DEBUG] com.dippy.mapper.CarInfoMapper.insert - ==> Parameters: 路虎(String)
2021-05-08 15:21:40.425 [DEBUG] com.dippy.mapper.CarInfoMapper.insert - ==>  Preparing: INSERT INTO car_info ( car_brand ) VALUES ( ? )
2021-05-08 15:21:40.425 [DEBUG] com.dippy.mapper.CarInfoMapper.insert - <==    Updates: 1
2021-05-08 15:21:59.341 [DEBUG] com.dippy.mapper.CarInfoMapper.insert - ==>  Preparing: INSERT INTO car_info ( car_brand ) VALUES ( ? )
2021-05-08 15:21:59.342 [DEBUG] com.dippy.mapper.CarInfoMapper.insert - ==> Parameters: 路虎(String)
2021-05-08 15:21:59.347 [DEBUG] com.dippy.mapper.CarInfoMapper.insert - ==> Parameters: 路虎(String)
2021-05-08 15:21:59.347 [DEBUG] com.dippy.mapper.CarInfoMapper.insert - ==>  Preparing: INSERT INTO car_info ( car_brand ) VALUES ( ? )
2021-05-08 15:21:59.343 [DEBUG] com.dippy.mapper.CarInfoMapper.insert - <==    Updates: 1
2021-05-08 15:21:59.350 [DEBUG] com.dippy.mapper.CarInfoMapper.insert - <==    Updates: 1
2021-05-08 15:21:59.352 [DEBUG] com.dippy.mapper.CarInfoMapper.insert - ==> Parameters: 路虎(String)
2021-05-08 15:21:59.358 [DEBUG] com.dippy.mapper.CarInfoMapper.insert - <==    Updates: 1
2021-05-08 15:21:59.358 [DEBUG] com.dippy.mapper.CarInfoMapper.insert - ==>  Preparing: INSERT INTO car_info ( car_brand ) VALUES ( ? )
2021-05-08 15:21:59.359 [DEBUG] com.dippy.mapper.CarInfoMapper.insert - <==    Updates: 1
2021-05-08 15:21:59.359 [DEBUG] com.dippy.mapper.CarInfoMapper.insert - ==> Parameters: 路虎(String)
2021-05-08 15:21:59.364 [DEBUG] com.dippy.mapper.CarInfoMapper.insert - <==    Updates: 1
2021-05-08 15:22:11.026 [DEBUG] com.dippy.mapper.CarInfoMapper.insert - ==>  Preparing: INSERT INTO car_info ( car_brand ) VALUES ( ? )
2021-05-08 15:22:11.027 [DEBUG] com.dippy.mapper.CarInfoMapper.insert - ==> Parameters: 路虎(String)
2021-05-08 15:22:11.029 [DEBUG] com.dippy.mapper.CarInfoMapper.insert - <==    Updates: 1
2021-05-08 15:22:14.192 [DEBUG] com.dippy.mapper.CarInfoMapper.insert - ==>  Preparing: INSERT INTO car_info ( car_brand ) VALUES ( ? )
2021-05-08 15:22:14.193 [DEBUG] com.dippy.mapper.CarInfoMapper.insert - ==> Parameters: 路虎(String)
2021-05-08 15:22:14.375 [DEBUG] com.dippy.mapper.CarInfoMapper.insert - ==>  Preparing: INSERT INTO car_info ( car_brand ) VALUES ( ? )
2021-05-08 15:22:14.376 [DEBUG] com.dippy.mapper.CarInfoMapper.insert - ==> Parameters: 路虎(String)
2021-05-08 15:22:14.376 [DEBUG] com.dippy.mapper.CarInfoMapper.insert - <==    Updates: 1
2021-05-08 15:22:14.379 [DEBUG] com.dippy.mapper.CarInfoMapper.insert - <==    Updates: 1
2021-05-08 15:22:14.383 [DEBUG] com.dippy.mapper.CarInfoMapper.insert - ==>  Preparing: INSERT INTO car_info ( car_brand ) VALUES ( ? )
2021-05-08 15:22:14.383 [DEBUG] com.dippy.mapper.CarInfoMapper.insert - ==> Parameters: 路虎(String)
2021-05-08 15:22:14.386 [DEBUG] com.dippy.mapper.CarInfoMapper.insert - <==    Updates: 1
2021-05-08 15:22:14.430 [DEBUG] com.dippy.mapper.CarInfoMapper.insert - ==>  Preparing: INSERT INTO car_info ( car_brand ) VALUES ( ? )
2021-05-08 15:22:14.435 [DEBUG] com.dippy.mapper.CarInfoMapper.insert - ==> Parameters: 路虎(String)
2021-05-08 15:22:14.435 [DEBUG] com.dippy.mapper.CarInfoMapper.insert - ==>  Preparing: INSERT INTO car_info ( car_brand ) VALUES ( ? )
2021-05-08 15:22:14.437 [DEBUG] com.dippy.mapper.CarInfoMapper.insert - ==> Parameters: 路虎(String)
2021-05-08 15:22:14.438 [DEBUG] com.dippy.mapper.CarInfoMapper.insert - <==    Updates: 1
2021-05-08 15:22:14.440 [DEBUG] com.dippy.mapper.CarInfoMapper.insert - <==    Updates: 1
2021-05-08 15:22:14.452 [DEBUG] com.dippy.mapper.CarInfoMapper.insert - ==>  Preparing: INSERT INTO car_info ( car_brand ) VALUES ( ? )
2021-05-08 15:22:14.456 [DEBUG] com.dippy.mapper.CarInfoMapper.insert - ==> Parameters: 路虎(String)
2021-05-08 15:22:14.459 [DEBUG] com.dippy.mapper.CarInfoMapper.insert - <==    Updates: 1
2021-05-08 15:22:14.481 [DEBUG] com.dippy.mapper.CarInfoMapper.insert - ==>  Preparing: INSERT INTO car_info ( car_brand ) VALUES ( ? )
2021-05-08 15:22:14.482 [DEBUG] com.dippy.mapper.CarInfoMapper.insert - ==> Parameters: 路虎(String)
2021-05-08 15:22:14.485 [DEBUG] com.dippy.mapper.CarInfoMapper.insert - <==    Updates: 1
2021-05-08 15:22:14.493 [DEBUG] com.dippy.mapper.CarInfoMapper.selectOne - ==>  Preparing: SELECT car_id,car_brand,car_series,car_type,car_price,car_count,car_user_time,transfer_count,car_car_mileage,car_color,car_picture_id,car_gear_box,car_displacement,produce_time,car_configuration,car_seat,car_fuel_type,car_quality_time,car_region_id,car_front_tyre,rear_tyre,car_describe,create_time,update_time,car_status,car_title,user_id,car_picture FROM car_info WHERE (car_id = ?)
2021-05-08 15:22:14.493 [DEBUG] com.dippy.mapper.CarInfoMapper.selectOne - ==> Parameters: 23(Integer)
2021-05-08 15:22:14.495 [DEBUG] com.dippy.mapper.CarInfoMapper.selectOne - <==      Total: 1
2021-05-08 15:22:14.711 [DEBUG] com.dippy.mapper.CarInfoMapper.insert - ==>  Preparing: INSERT INTO car_info ( car_brand ) VALUES ( ? )
2021-05-08 15:22:14.714 [DEBUG] com.dippy.mapper.CarInfoMapper.insert - ==> Parameters: 路虎(String)
2021-05-08 15:22:14.727 [DEBUG] com.dippy.mapper.CarInfoMapper.insert - <==    Updates: 1
2021-05-08 15:22:15.479 [DEBUG] com.dippy.mapper.CarInfoMapper.insert - ==>  Preparing: INSERT INTO car_info ( car_brand ) VALUES ( ? )
2021-05-08 15:22:15.648 [DEBUG] com.dippy.mapper.CarInfoMapper.insert - ==>  Preparing: INSERT INTO car_info ( car_brand ) VALUES ( ? )
2021-05-08 15:22:15.649 [DEBUG] com.dippy.mapper.CarInfoMapper.insert - ==>  Preparing: INSERT INTO car_info ( car_brand ) VALUES ( ? )
2021-05-08 15:22:15.650 [DEBUG] com.dippy.mapper.CarInfoMapper.insert - ==> Parameters: 路虎(String)
2021-05-08 15:22:15.650 [DEBUG] com.dippy.mapper.CarInfoMapper.insert - ==> Parameters: 路虎(String)
2021-05-08 15:22:15.650 [DEBUG] com.dippy.mapper.CarInfoMapper.insert - ==> Parameters: 路虎(String)
2021-05-08 15:22:15.889 [DEBUG] com.dippy.mapper.CarInfoMapper.insert - <==    Updates: 1
2021-05-08 15:22:15.890 [DEBUG] com.dippy.mapper.CarInfoMapper.insert - ==>  Preparing: INSERT INTO car_info ( car_brand ) VALUES ( ? )
2021-05-08 15:22:15.891 [DEBUG] com.dippy.mapper.CarInfoMapper.insert - ==> Parameters: 路虎(String)
2021-05-08 15:22:15.893 [DEBUG] com.dippy.mapper.CarInfoMapper.insert - <==    Updates: 1
2021-05-08 15:22:15.894 [DEBUG] com.dippy.mapper.CarInfoMapper.insert - <==    Updates: 1
2021-05-08 15:22:16.077 [DEBUG] com.dippy.mapper.CarInfoMapper.insert - <==    Updates: 1
2021-05-08 15:22:16.079 [DEBUG] com.dippy.mapper.CarInfoMapper.insert - ==>  Preparing: INSERT INTO car_info ( car_brand ) VALUES ( ? )
2021-05-08 15:22:16.080 [DEBUG] com.dippy.mapper.CarInfoMapper.insert - ==> Parameters: 路虎(String)
2021-05-08 15:22:16.083 [DEBUG] com.dippy.mapper.CarInfoMapper.insert - <==    Updates: 1
2021-05-08 15:22:16.212 [DEBUG] com.dippy.mapper.CarInfoMapper.insert - ==>  Preparing: INSERT INTO car_info ( car_brand ) VALUES ( ? )
2021-05-08 15:22:16.212 [DEBUG] com.dippy.mapper.CarInfoMapper.insert - ==> Parameters: 路虎(String)
2021-05-08 15:22:16.215 [DEBUG] com.dippy.mapper.CarInfoMapper.insert - <==    Updates: 1
2021-05-08 15:22:16.377 [DEBUG] com.dippy.mapper.CarInfoMapper.insert - ==>  Preparing: INSERT INTO car_info ( car_brand ) VALUES ( ? )
2021-05-08 15:22:16.378 [DEBUG] com.dippy.mapper.CarInfoMapper.insert - ==> Parameters: 路虎(String)
2021-05-08 15:22:16.540 [DEBUG] com.dippy.mapper.CarInfoMapper.insert - <==    Updates: 1
2021-05-08 15:22:16.540 [DEBUG] com.dippy.mapper.CarInfoMapper.insert - ==>  Preparing: INSERT INTO car_info ( car_brand ) VALUES ( ? )
2021-05-08 15:22:16.541 [DEBUG] com.dippy.mapper.CarInfoMapper.insert - ==> Parameters: 路虎(String)
2021-05-08 15:22:16.545 [DEBUG] com.dippy.mapper.CarInfoMapper.insert - <==    Updates: 1
2021-05-08 15:22:17.165 [DEBUG] com.dippy.mapper.CarInfoMapper.selectOne - ==>  Preparing: SELECT car_id,car_brand,car_series,car_type,car_price,car_count,car_user_time,transfer_count,car_car_mileage,car_color,car_picture_id,car_gear_box,car_displacement,produce_time,car_configuration,car_seat,car_fuel_type,car_quality_time,car_region_id,car_front_tyre,rear_tyre,car_describe,create_time,update_time,car_status,car_title,user_id,car_picture FROM car_info WHERE (car_id = ?)
2021-05-08 15:22:17.166 [DEBUG] com.dippy.mapper.CarInfoMapper.selectOne - ==> Parameters: 21(Integer)
2021-05-08 15:22:17.168 [DEBUG] com.dippy.mapper.CarInfoMapper.selectOne - <==      Total: 1
2021-05-08 15:22:17.226 [DEBUG] com.dippy.mapper.CarInfoMapper.selectOne - ==>  Preparing: SELECT car_id,car_brand,car_series,car_type,car_price,car_count,car_user_time,transfer_count,car_car_mileage,car_color,car_picture_id,car_gear_box,car_displacement,produce_time,car_configuration,car_seat,car_fuel_type,car_quality_time,car_region_id,car_front_tyre,rear_tyre,car_describe,create_time,update_time,car_status,car_title,user_id,car_picture FROM car_info WHERE (car_id = ?)
2021-05-08 15:22:17.227 [DEBUG] com.dippy.mapper.CarInfoMapper.selectOne - ==> Parameters: 20(Integer)
2021-05-08 15:22:17.229 [DEBUG] com.dippy.mapper.CarInfoMapper.selectOne - <==      Total: 1
2021-05-08 15:22:17.287 [DEBUG] com.dippy.mapper.CarInfoMapper.selectOne - ==>  Preparing: SELECT car_id,car_brand,car_series,car_type,car_price,car_count,car_user_time,transfer_count,car_car_mileage,car_color,car_picture_id,car_gear_box,car_displacement,produce_time,car_configuration,car_seat,car_fuel_type,car_quality_time,car_region_id,car_front_tyre,rear_tyre,car_describe,create_time,update_time,car_status,car_title,user_id,car_picture FROM car_info WHERE (car_id = ?)
2021-05-08 15:22:17.287 [DEBUG] com.dippy.mapper.CarInfoMapper.selectOne - ==> Parameters: 19(Integer)
2021-05-08 15:22:17.289 [DEBUG] com.dippy.mapper.CarInfoMapper.selectOne - <==      Total: 1
2021-05-08 15:22:17.360 [DEBUG] com.dippy.mapper.CarInfoMapper.selectOne - ==>  Preparing: SELECT car_id,car_brand,car_series,car_type,car_price,car_count,car_user_time,transfer_count,car_car_mileage,car_color,car_picture_id,car_gear_box,car_displacement,produce_time,car_configuration,car_seat,car_fuel_type,car_quality_time,car_region_id,car_front_tyre,rear_tyre,car_describe,create_time,update_time,car_status,car_title,user_id,car_picture FROM car_info WHERE (car_id = ?)
2021-05-08 15:22:17.361 [DEBUG] com.dippy.mapper.CarInfoMapper.selectOne - ==> Parameters: 22(Integer)
2021-05-08 15:22:17.363 [DEBUG] com.dippy.mapper.CarInfoMapper.selectOne - <==      Total: 1
2021-05-08 15:22:17.388 [DEBUG] com.dippy.mapper.CarInfoMapper.selectOne - ==>  Preparing: SELECT car_id,car_brand,car_series,car_type,car_price,car_count,car_user_time,transfer_count,car_car_mileage,car_color,car_picture_id,car_gear_box,car_displacement,produce_time,car_configuration,car_seat,car_fuel_type,car_quality_time,car_region_id,car_front_tyre,rear_tyre,car_describe,create_time,update_time,car_status,car_title,user_id,car_picture FROM car_info WHERE (car_id = ?)
2021-05-08 15:22:17.389 [DEBUG] com.dippy.mapper.CarInfoMapper.selectOne - ==> Parameters: 18(Integer)
2021-05-08 15:22:17.391 [DEBUG] com.dippy.mapper.CarInfoMapper.selectOne - <==      Total: 1
2021-05-08 15:22:17.511 [DEBUG] com.dippy.mapper.CarInfoMapper.selectOne - ==>  Preparing: SELECT car_id,car_brand,car_series,car_type,car_price,car_count,car_user_time,transfer_count,car_car_mileage,car_color,car_picture_id,car_gear_box,car_displacement,produce_time,car_configuration,car_seat,car_fuel_type,car_quality_time,car_region_id,car_front_tyre,rear_tyre,car_describe,create_time,update_time,car_status,car_title,user_id,car_picture FROM car_info WHERE (car_id = ?)
2021-05-08 15:22:17.511 [DEBUG] com.dippy.mapper.CarInfoMapper.selectOne - ==> Parameters: 24(Integer)
2021-05-08 15:22:17.513 [DEBUG] com.dippy.mapper.CarInfoMapper.selectOne - <==      Total: 1
2021-05-08 15:22:17.596 [DEBUG] com.dippy.mapper.CarInfoMapper.selectOne - ==>  Preparing: SELECT car_id,car_brand,car_series,car_type,car_price,car_count,car_user_time,transfer_count,car_car_mileage,car_color,car_picture_id,car_gear_box,car_displacement,produce_time,car_configuration,car_seat,car_fuel_type,car_quality_time,car_region_id,car_front_tyre,rear_tyre,car_describe,create_time,update_time,car_status,car_title,user_id,car_picture FROM car_info WHERE (car_id = ?)
2021-05-08 15:22:17.596 [DEBUG] com.dippy.mapper.CarInfoMapper.selectOne - ==> Parameters: 26(Integer)
2021-05-08 15:22:17.598 [DEBUG] com.dippy.mapper.CarInfoMapper.selectOne - <==      Total: 1
2021-05-08 15:22:17.627 [DEBUG] com.dippy.mapper.CarInfoMapper.selectOne - ==>  Preparing: SELECT car_id,car_brand,car_series,car_type,car_price,car_count,car_user_time,transfer_count,car_car_mileage,car_color,car_picture_id,car_gear_box,car_displacement,produce_time,car_configuration,car_seat,car_fuel_type,car_quality_time,car_region_id,car_front_tyre,rear_tyre,car_describe,create_time,update_time,car_status,car_title,user_id,car_picture FROM car_info WHERE (car_id = ?)
2021-05-08 15:22:17.627 [DEBUG] com.dippy.mapper.CarInfoMapper.selectOne - ==> Parameters: 31(Integer)
2021-05-08 15:22:17.629 [DEBUG] com.dippy.mapper.CarInfoMapper.selectOne - <==      Total: 1
2021-05-08 15:22:17.650 [DEBUG] com.dippy.mapper.CarInfoMapper.selectOne - ==>  Preparing: SELECT car_id,car_brand,car_series,car_type,car_price,car_count,car_user_time,transfer_count,car_car_mileage,car_color,car_picture_id,car_gear_box,car_displacement,produce_time,car_configuration,car_seat,car_fuel_type,car_quality_time,car_region_id,car_front_tyre,rear_tyre,car_describe,create_time,update_time,car_status,car_title,user_id,car_picture FROM car_info WHERE (car_id = ?)
2021-05-08 15:22:17.651 [DEBUG] com.dippy.mapper.CarInfoMapper.selectOne - ==> Parameters: 25(Integer)
2021-05-08 15:22:17.652 [DEBUG] com.dippy.mapper.CarInfoMapper.selectOne - <==      Total: 1
2021-05-08 15:22:17.715 [DEBUG] com.dippy.mapper.CarInfoMapper.selectOne - ==>  Preparing: SELECT car_id,car_brand,car_series,car_type,car_price,car_count,car_user_time,transfer_count,car_car_mileage,car_color,car_picture_id,car_gear_box,car_displacement,produce_time,car_configuration,car_seat,car_fuel_type,car_quality_time,car_region_id,car_front_tyre,rear_tyre,car_describe,create_time,update_time,car_status,car_title,user_id,car_picture FROM car_info WHERE (car_id = ?)
2021-05-08 15:22:17.716 [DEBUG] com.dippy.mapper.CarInfoMapper.selectOne - ==> Parameters: 29(Integer)
2021-05-08 15:22:17.718 [DEBUG] com.dippy.mapper.CarInfoMapper.selectOne - <==      Total: 1
2021-05-08 15:22:17.746 [DEBUG] com.dippy.mapper.CarInfoMapper.selectOne - ==>  Preparing: SELECT car_id,car_brand,car_series,car_type,car_price,car_count,car_user_time,transfer_count,car_car_mileage,car_color,car_picture_id,car_gear_box,car_displacement,produce_time,car_configuration,car_seat,car_fuel_type,car_quality_time,car_region_id,car_front_tyre,rear_tyre,car_describe,create_time,update_time,car_status,car_title,user_id,car_picture FROM car_info WHERE (car_id = ?)
2021-05-08 15:22:17.747 [DEBUG] com.dippy.mapper.CarInfoMapper.selectOne - ==> Parameters: 30(Integer)
2021-05-08 15:22:17.748 [DEBUG] com.dippy.mapper.CarInfoMapper.selectOne - <==      Total: 1
2021-05-08 15:22:17.771 [DEBUG] com.dippy.mapper.CarInfoMapper.selectOne - ==>  Preparing: SELECT car_id,car_brand,car_series,car_type,car_price,car_count,car_user_time,transfer_count,car_car_mileage,car_color,car_picture_id,car_gear_box,car_displacement,produce_time,car_configuration,car_seat,car_fuel_type,car_quality_time,car_region_id,car_front_tyre,rear_tyre,car_describe,create_time,update_time,car_status,car_title,user_id,car_picture FROM car_info WHERE (car_id = ?)
2021-05-08 15:22:17.772 [DEBUG] com.dippy.mapper.CarInfoMapper.selectOne - ==> Parameters: 27(Integer)
2021-05-08 15:22:17.773 [DEBUG] com.dippy.mapper.CarInfoMapper.selectOne - <==      Total: 1
2021-05-08 15:22:17.797 [DEBUG] com.dippy.mapper.CarInfoMapper.selectOne - ==>  Preparing: SELECT car_id,car_brand,car_series,car_type,car_price,car_count,car_user_time,transfer_count,car_car_mileage,car_color,car_picture_id,car_gear_box,car_displacement,produce_time,car_configuration,car_seat,car_fuel_type,car_quality_time,car_region_id,car_front_tyre,rear_tyre,car_describe,create_time,update_time,car_status,car_title,user_id,car_picture FROM car_info WHERE (car_id = ?)
2021-05-08 15:22:17.798 [DEBUG] com.dippy.mapper.CarInfoMapper.selectOne - ==> Parameters: 28(Integer)
2021-05-08 15:22:17.800 [DEBUG] com.dippy.mapper.CarInfoMapper.selectOne - <==      Total: 1
2021-05-08 15:22:17.843 [DEBUG] com.dippy.mapper.CarInfoMapper.selectOne - ==>  Preparing: SELECT car_id,car_brand,car_series,car_type,car_price,car_count,car_user_time,transfer_count,car_car_mileage,car_color,car_picture_id,car_gear_box,car_displacement,produce_time,car_configuration,car_seat,car_fuel_type,car_quality_time,car_region_id,car_front_tyre,rear_tyre,car_describe,create_time,update_time,car_status,car_title,user_id,car_picture FROM car_info WHERE (car_id = ?)
2021-05-08 15:22:17.843 [DEBUG] com.dippy.mapper.CarInfoMapper.selectOne - ==> Parameters: 32(Integer)
2021-05-08 15:22:17.845 [DEBUG] com.dippy.mapper.CarInfoMapper.selectOne - <==      Total: 1
2021-05-08 15:22:17.869 [DEBUG] com.dippy.mapper.CarInfoMapper.selectOne - ==>  Preparing: SELECT car_id,car_brand,car_series,car_type,car_price,car_count,car_user_time,transfer_count,car_car_mileage,car_color,car_picture_id,car_gear_box,car_displacement,produce_time,car_configuration,car_seat,car_fuel_type,car_quality_time,car_region_id,car_front_tyre,rear_tyre,car_describe,create_time,update_time,car_status,car_title,user_id,car_picture FROM car_info WHERE (car_id = ?)
2021-05-08 15:22:17.870 [DEBUG] com.dippy.mapper.CarInfoMapper.selectOne - ==> Parameters: 33(Integer)
2021-05-08 15:22:17.872 [DEBUG] com.dippy.mapper.CarInfoMapper.selectOne - <==      Total: 1
2021-05-08 15:22:17.899 [DEBUG] com.dippy.mapper.CarInfoMapper.selectOne - ==>  Preparing: SELECT car_id,car_brand,car_series,car_type,car_price,car_count,car_user_time,transfer_count,car_car_mileage,car_color,car_picture_id,car_gear_box,car_displacement,produce_time,car_configuration,car_seat,car_fuel_type,car_quality_time,car_region_id,car_front_tyre,rear_tyre,car_describe,create_time,update_time,car_status,car_title,user_id,car_picture FROM car_info WHERE (car_id = ?)
2021-05-08 15:22:17.899 [DEBUG] com.dippy.mapper.CarInfoMapper.selectOne - ==> Parameters: 34(Integer)
2021-05-08 15:22:17.901 [DEBUG] com.dippy.mapper.CarInfoMapper.selectOne - <==      Total: 1
2021-05-08 15:22:17.918 [DEBUG] com.dippy.mapper.CarInfoMapper.selectOne - ==>  Preparing: SELECT car_id,car_brand,car_series,car_type,car_price,car_count,car_user_time,transfer_count,car_car_mileage,car_color,car_picture_id,car_gear_box,car_displacement,produce_time,car_configuration,car_seat,car_fuel_type,car_quality_time,car_region_id,car_front_tyre,rear_tyre,car_describe,create_time,update_time,car_status,car_title,user_id,car_picture FROM car_info WHERE (car_id = ?)
2021-05-08 15:22:17.919 [DEBUG] com.dippy.mapper.CarInfoMapper.selectOne - ==> Parameters: 35(Integer)
2021-05-08 15:22:17.920 [DEBUG] com.dippy.mapper.CarInfoMapper.selectOne - <==      Total: 1
2021-05-08 15:22:17.940 [DEBUG] com.dippy.mapper.CarInfoMapper.selectOne - ==>  Preparing: SELECT car_id,car_brand,car_series,car_type,car_price,car_count,car_user_time,transfer_count,car_car_mileage,car_color,car_picture_id,car_gear_box,car_displacement,produce_time,car_configuration,car_seat,car_fuel_type,car_quality_time,car_region_id,car_front_tyre,rear_tyre,car_describe,create_time,update_time,car_status,car_title,user_id,car_picture FROM car_info WHERE (car_id = ?)
2021-05-08 15:22:17.940 [DEBUG] com.dippy.mapper.CarInfoMapper.selectOne - ==> Parameters: 36(Integer)
2021-05-08 15:22:17.942 [DEBUG] com.dippy.mapper.CarInfoMapper.selectOne - <==      Total: 1
2021-05-08 15:22:17.961 [DEBUG] com.dippy.mapper.CarInfoMapper.selectOne - ==>  Preparing: SELECT car_id,car_brand,car_series,car_type,car_price,car_count,car_user_time,transfer_count,car_car_mileage,car_color,car_picture_id,car_gear_box,car_displacement,produce_time,car_configuration,car_seat,car_fuel_type,car_quality_time,car_region_id,car_front_tyre,rear_tyre,car_describe,create_time,update_time,car_status,car_title,user_id,car_picture FROM car_info WHERE (car_id = ?)
2021-05-08 15:22:17.962 [DEBUG] com.dippy.mapper.CarInfoMapper.selectOne - ==> Parameters: 37(Integer)
2021-05-08 15:22:17.963 [DEBUG] com.dippy.mapper.CarInfoMapper.selectOne - <==      Total: 1
2021-05-08 15:22:18.036 [DEBUG] com.dippy.mapper.CarInfoMapper.selectOne - ==>  Preparing: SELECT car_id,car_brand,car_series,car_type,car_price,car_count,car_user_time,transfer_count,car_car_mileage,car_color,car_picture_id,car_gear_box,car_displacement,produce_time,car_configuration,car_seat,car_fuel_type,car_quality_time,car_region_id,car_front_tyre,rear_tyre,car_describe,create_time,update_time,car_status,car_title,user_id,car_picture FROM car_info WHERE (car_id = ?)
2021-05-08 15:22:18.037 [DEBUG] com.dippy.mapper.CarInfoMapper.selectOne - ==> Parameters: 38(Integer)
2021-05-08 15:22:18.039 [DEBUG] com.dippy.mapper.CarInfoMapper.selectOne - <==      Total: 1
2021-05-08 15:22:18.063 [DEBUG] com.dippy.mapper.CarInfoMapper.selectOne - ==>  Preparing: SELECT car_id,car_brand,car_series,car_type,car_price,car_count,car_user_time,transfer_count,car_car_mileage,car_color,car_picture_id,car_gear_box,car_displacement,produce_time,car_configuration,car_seat,car_fuel_type,car_quality_time,car_region_id,car_front_tyre,rear_tyre,car_describe,create_time,update_time,car_status,car_title,user_id,car_picture FROM car_info WHERE (car_id = ?)
2021-05-08 15:22:18.064 [DEBUG] com.dippy.mapper.CarInfoMapper.selectOne - ==> Parameters: 39(Integer)
2021-05-08 15:22:18.065 [DEBUG] com.dippy.mapper.CarInfoMapper.selectOne - <==      Total: 1
2021-05-08 15:22:18.128 [DEBUG] com.dippy.mapper.CarInfoMapper.selectOne - ==>  Preparing: SELECT car_id,car_brand,car_series,car_type,car_price,car_count,car_user_time,transfer_count,car_car_mileage,car_color,car_picture_id,car_gear_box,car_displacement,produce_time,car_configuration,car_seat,car_fuel_type,car_quality_time,car_region_id,car_front_tyre,rear_tyre,car_describe,create_time,update_time,car_status,car_title,user_id,car_picture FROM car_info WHERE (car_id = ?)
2021-05-08 15:22:18.129 [DEBUG] com.dippy.mapper.CarInfoMapper.selectOne - ==> Parameters: 40(Integer)
2021-05-08 15:22:18.131 [DEBUG] com.dippy.mapper.CarInfoMapper.selectOne - <==      Total: 1
2021-05-08 15:24:12.448 [DEBUG] com.dippy.mapper.CarInfoMapper.insert - ==>  Preparing: INSERT INTO car_info ( car_brand ) VALUES ( ? )
2021-05-08 15:24:12.450 [DEBUG] com.dippy.mapper.CarInfoMapper.insert - ==> Parameters: 路虎(String)
2021-05-08 15:24:12.452 [DEBUG] com.dippy.mapper.CarInfoMapper.insert - <==    Updates: 1
2021-05-08 15:24:41.106 [DEBUG] com.dippy.mapper.CarInfoMapper.insert - ==>  Preparing: INSERT INTO car_info ( car_brand ) VALUES ( ? )
2021-05-08 15:24:41.107 [DEBUG] com.dippy.mapper.CarInfoMapper.insert - ==> Parameters: 路虎(String)
2021-05-08 15:24:41.116 [DEBUG] com.dippy.mapper.CarInfoMapper.insert - <==    Updates: 1
2021-05-08 15:25:07.093 [DEBUG] com.dippy.mapper.CarInfoMapper.findMySellCarByPage_mpCount - ==>  Preparing: SELECT COUNT(*) FROM car_info WHERE car_info.user_id = ?
2021-05-08 15:25:07.094 [DEBUG] com.dippy.mapper.CarInfoMapper.findMySellCarByPage_mpCount - ==> Parameters: 1(Integer)
2021-05-08 15:25:07.097 [DEBUG] com.dippy.mapper.CarInfoMapper.findMySellCarByPage_mpCount - <==      Total: 1
2021-05-08 15:25:07.099 [DEBUG] com.dippy.mapper.CarInfoMapper.findMySellCarByPage - ==>  Preparing: select * from car_info left join car_picture cp on car_info.car_id = cp.car_id where car_info.user_id = ? LIMIT ?
2021-05-08 15:25:07.100 [DEBUG] com.dippy.mapper.CarInfoMapper.findMySellCarByPage - ==> Parameters: 1(Integer), 5(Long)
2021-05-08 15:25:07.103 [DEBUG] com.dippy.mapper.CarInfoMapper.findMySellCarByPage - <==      Total: 5
2021-05-08 15:29:28.946 [DEBUG] com.dippy.mapper.CarInfoMapper.findMySellCarByPage_mpCount - ==>  Preparing: SELECT COUNT(*) FROM car_info WHERE car_info.user_id = ?
2021-05-08 15:29:28.947 [DEBUG] com.dippy.mapper.CarInfoMapper.findMySellCarByPage_mpCount - ==> Parameters: 1(Integer)
2021-05-08 15:29:28.950 [DEBUG] com.dippy.mapper.CarInfoMapper.findMySellCarByPage_mpCount - <==      Total: 1
2021-05-08 15:29:28.951 [DEBUG] com.dippy.mapper.CarInfoMapper.findMySellCarByPage - ==>  Preparing: select * from car_info left join car_picture cp on car_info.car_id = cp.car_id where car_info.user_id = ? LIMIT ?
2021-05-08 15:29:28.952 [DEBUG] com.dippy.mapper.CarInfoMapper.findMySellCarByPage - ==> Parameters: 1(Integer), 5(Long)
2021-05-08 15:29:28.956 [DEBUG] com.dippy.mapper.CarInfoMapper.findMySellCarByPage - <==      Total: 5
2021-05-08 16:01:46.199 [DEBUG] com.dippy.mapper.CarInfoMapper.findMySellCarByPage_mpCount - ==>  Preparing: SELECT COUNT(*) FROM car_info WHERE car_info.user_id = ?
2021-05-08 16:01:46.200 [DEBUG] com.dippy.mapper.CarInfoMapper.findMySellCarByPage_mpCount - ==> Parameters: 1(Integer)
2021-05-08 16:01:46.202 [DEBUG] com.dippy.mapper.CarInfoMapper.findMySellCarByPage_mpCount - <==      Total: 1
2021-05-08 16:01:46.204 [DEBUG] com.dippy.mapper.CarInfoMapper.findMySellCarByPage - ==>  Preparing: select * from car_info left join car_picture cp on car_info.car_id = cp.car_id where car_info.user_id = ? LIMIT ?
2021-05-08 16:01:46.204 [DEBUG] com.dippy.mapper.CarInfoMapper.findMySellCarByPage - ==> Parameters: 1(Integer), 5(Long)
2021-05-08 16:01:46.206 [DEBUG] com.dippy.mapper.CarInfoMapper.findMySellCarByPage - <==      Total: 5
2021-05-08 16:03:03.962 [DEBUG] com.dippy.mapper.CarInfoMapper.findMySellCarByPage_mpCount - ==>  Preparing: SELECT COUNT(*) FROM car_info WHERE car_info.user_id = ?
2021-05-08 16:03:03.963 [DEBUG] com.dippy.mapper.CarInfoMapper.findMySellCarByPage_mpCount - ==> Parameters: 1(Integer)
2021-05-08 16:03:03.964 [DEBUG] com.dippy.mapper.CarInfoMapper.findMySellCarByPage_mpCount - <==      Total: 1
2021-05-08 16:03:03.966 [DEBUG] com.dippy.mapper.CarInfoMapper.findMySellCarByPage - ==>  Preparing: select * from car_info left join car_picture cp on car_info.car_id = cp.car_id where car_info.user_id = ? LIMIT ?
2021-05-08 16:03:03.966 [DEBUG] com.dippy.mapper.CarInfoMapper.findMySellCarByPage - ==> Parameters: 1(Integer), 5(Long)
2021-05-08 16:03:03.969 [DEBUG] com.dippy.mapper.CarInfoMapper.findMySellCarByPage - <==      Total: 5
2021-05-08 16:04:44.137 [DEBUG] com.dippy.mapper.CarInfoMapper.findMySellCarByPage_mpCount - ==>  Preparing: SELECT COUNT(*) FROM car_info WHERE car_info.user_id = ?
2021-05-08 16:04:44.137 [DEBUG] com.dippy.mapper.CarInfoMapper.findMySellCarByPage_mpCount - ==> Parameters: 1(Integer)
2021-05-08 16:04:44.139 [DEBUG] com.dippy.mapper.CarInfoMapper.findMySellCarByPage_mpCount - <==      Total: 1
2021-05-08 16:04:44.140 [DEBUG] com.dippy.mapper.CarInfoMapper.findMySellCarByPage - ==>  Preparing: select * from car_info left join car_picture cp on car_info.car_id = cp.car_id where car_info.user_id = ? LIMIT ?
2021-05-08 16:04:44.142 [DEBUG] com.dippy.mapper.CarInfoMapper.findMySellCarByPage - ==> Parameters: 1(Integer), 5(Long)
2021-05-08 16:04:44.145 [DEBUG] com.dippy.mapper.CarInfoMapper.findMySellCarByPage - <==      Total: 5
2021-05-08 16:05:34.804 [DEBUG] com.dippy.mapper.CarInfoMapper.findMySellCarByPage_mpCount - ==>  Preparing: SELECT COUNT(*) FROM car_info WHERE car_info.user_id = ?
2021-05-08 16:05:34.805 [DEBUG] com.dippy.mapper.CarInfoMapper.findMySellCarByPage_mpCount - ==> Parameters: 1(Integer)
2021-05-08 16:05:34.806 [DEBUG] com.dippy.mapper.CarInfoMapper.findMySellCarByPage_mpCount - <==      Total: 1
2021-05-08 16:05:34.808 [DEBUG] com.dippy.mapper.CarInfoMapper.findMySellCarByPage - ==>  Preparing: select * from car_info left join car_picture cp on car_info.car_id = cp.car_id where car_info.user_id = ? LIMIT ?
2021-05-08 16:05:34.809 [DEBUG] com.dippy.mapper.CarInfoMapper.findMySellCarByPage - ==> Parameters: 1(Integer), 5(Long)
2021-05-08 16:05:34.812 [DEBUG] com.dippy.mapper.CarInfoMapper.findMySellCarByPage - <==      Total: 5
2021-05-08 16:23:34.291 [DEBUG] com.dippy.mapper.CarInfoMapper.findMySellCarByPage_mpCount - ==>  Preparing: SELECT COUNT(*) FROM car_info WHERE car_info.user_id = ?
2021-05-08 16:23:34.293 [DEBUG] com.dippy.mapper.CarInfoMapper.findMySellCarByPage_mpCount - ==> Parameters: 1(Integer)
2021-05-08 16:23:34.294 [DEBUG] com.dippy.mapper.CarInfoMapper.findMySellCarByPage_mpCount - <==      Total: 1
2021-05-08 16:23:34.296 [DEBUG] com.dippy.mapper.CarInfoMapper.findMySellCarByPage - ==>  Preparing: select * from car_info left join car_picture cp on car_info.car_id = cp.car_id where car_info.user_id = ? LIMIT ?
2021-05-08 16:23:34.297 [DEBUG] com.dippy.mapper.CarInfoMapper.findMySellCarByPage - ==> Parameters: 1(Integer), 5(Long)
2021-05-08 16:23:34.301 [DEBUG] com.dippy.mapper.CarInfoMapper.findMySellCarByPage - <==      Total: 5
2021-05-08 16:26:36.526 [DEBUG] com.dippy.mapper.CarInfoMapper.findMySellCarByPage_mpCount - ==>  Preparing: SELECT COUNT(*) FROM car_info WHERE car_info.user_id = ?
2021-05-08 16:26:36.527 [DEBUG] com.dippy.mapper.CarInfoMapper.findMySellCarByPage_mpCount - ==> Parameters: 1(Integer)
2021-05-08 16:26:36.528 [DEBUG] com.dippy.mapper.CarInfoMapper.findMySellCarByPage_mpCount - <==      Total: 1
2021-05-08 16:26:36.530 [DEBUG] com.dippy.mapper.CarInfoMapper.findMySellCarByPage - ==>  Preparing: select * from car_info left join car_picture cp on car_info.car_id = cp.car_id where car_info.user_id = ? LIMIT ?
2021-05-08 16:26:36.531 [DEBUG] com.dippy.mapper.CarInfoMapper.findMySellCarByPage - ==> Parameters: 1(Integer), 5(Long)
2021-05-08 16:26:36.534 [DEBUG] com.dippy.mapper.CarInfoMapper.findMySellCarByPage - <==      Total: 5
2021-05-08 16:29:23.221 [DEBUG] com.dippy.mapper.CarInfoMapper.findMySellCarByPage_mpCount - ==>  Preparing: SELECT COUNT(*) FROM car_info WHERE car_info.user_id = ?
2021-05-08 16:29:23.222 [DEBUG] com.dippy.mapper.CarInfoMapper.findMySellCarByPage_mpCount - ==> Parameters: 1(Integer)
2021-05-08 16:29:23.224 [DEBUG] com.dippy.mapper.CarInfoMapper.findMySellCarByPage_mpCount - <==      Total: 1
2021-05-08 16:29:23.226 [DEBUG] com.dippy.mapper.CarInfoMapper.findMySellCarByPage - ==>  Preparing: select * from car_info left join car_picture cp on car_info.car_id = cp.car_id where car_info.user_id = ? LIMIT ?
2021-05-08 16:29:23.228 [DEBUG] com.dippy.mapper.CarInfoMapper.findMySellCarByPage - ==> Parameters: 1(Integer), 5(Long)
2021-05-08 16:29:23.231 [DEBUG] com.dippy.mapper.CarInfoMapper.findMySellCarByPage - <==      Total: 5
2021-05-08 16:29:41.863 [DEBUG] com.dippy.mapper.CarInfoMapper.findMySellCarByPage_mpCount - ==>  Preparing: SELECT COUNT(*) FROM car_info WHERE car_info.user_id = ?
2021-05-08 16:29:41.864 [DEBUG] com.dippy.mapper.CarInfoMapper.findMySellCarByPage_mpCount - ==> Parameters: 1(Integer)
2021-05-08 16:29:41.866 [DEBUG] com.dippy.mapper.CarInfoMapper.findMySellCarByPage_mpCount - <==      Total: 1
2021-05-08 16:29:41.867 [DEBUG] com.dippy.mapper.CarInfoMapper.findMySellCarByPage - ==>  Preparing: select * from car_info left join car_picture cp on car_info.car_id = cp.car_id where car_info.user_id = ? LIMIT ?
2021-05-08 16:29:41.868 [DEBUG] com.dippy.mapper.CarInfoMapper.findMySellCarByPage - ==> Parameters: 1(Integer), 5(Long)
2021-05-08 16:29:41.871 [DEBUG] com.dippy.mapper.CarInfoMapper.findMySellCarByPage - <==      Total: 5
2021-05-08 16:30:35.279 [DEBUG] com.dippy.mapper.CarInfoMapper.findMySellCarByPage_mpCount - ==>  Preparing: SELECT COUNT(*) FROM car_info WHERE car_info.user_id = ?
2021-05-08 16:30:35.280 [DEBUG] com.dippy.mapper.CarInfoMapper.findMySellCarByPage_mpCount - ==> Parameters: 1(Integer)
2021-05-08 16:30:35.282 [DEBUG] com.dippy.mapper.CarInfoMapper.findMySellCarByPage_mpCount - <==      Total: 1
2021-05-08 16:30:35.283 [DEBUG] com.dippy.mapper.CarInfoMapper.findMySellCarByPage - ==>  Preparing: select * from car_info left join car_picture cp on car_info.car_id = cp.car_id where car_info.user_id = ? LIMIT ?
2021-05-08 16:30:35.284 [DEBUG] com.dippy.mapper.CarInfoMapper.findMySellCarByPage - ==> Parameters: 1(Integer), 5(Long)
2021-05-08 16:30:35.287 [DEBUG] com.dippy.mapper.CarInfoMapper.findMySellCarByPage - <==      Total: 5
2021-05-08 16:31:30.480 [DEBUG] com.dippy.mapper.CarInfoMapper.findMySellCarByPage_mpCount - ==>  Preparing: SELECT COUNT(*) FROM car_info WHERE car_info.user_id = ?
2021-05-08 16:31:30.482 [DEBUG] com.dippy.mapper.CarInfoMapper.findMySellCarByPage_mpCount - ==> Parameters: 1(Integer)
2021-05-08 16:31:30.483 [DEBUG] com.dippy.mapper.CarInfoMapper.findMySellCarByPage_mpCount - <==      Total: 1
2021-05-08 16:31:30.485 [DEBUG] com.dippy.mapper.CarInfoMapper.findMySellCarByPage - ==>  Preparing: select * from car_info left join car_picture cp on car_info.car_id = cp.car_id where car_info.user_id = ? LIMIT ?
2021-05-08 16:31:30.486 [DEBUG] com.dippy.mapper.CarInfoMapper.findMySellCarByPage - ==> Parameters: 1(Integer), 5(Long)
2021-05-08 16:31:30.488 [DEBUG] com.dippy.mapper.CarInfoMapper.findMySellCarByPage - <==      Total: 5
2021-05-08 16:32:19.309 [DEBUG] com.dippy.mapper.CarInfoMapper.findMySellCarByPage_mpCount - ==>  Preparing: SELECT COUNT(*) FROM car_info WHERE car_info.user_id = ?
2021-05-08 16:32:19.310 [DEBUG] com.dippy.mapper.CarInfoMapper.findMySellCarByPage_mpCount - ==> Parameters: 1(Integer)
2021-05-08 16:32:19.311 [DEBUG] com.dippy.mapper.CarInfoMapper.findMySellCarByPage_mpCount - <==      Total: 1
2021-05-08 16:32:19.312 [DEBUG] com.dippy.mapper.CarInfoMapper.findMySellCarByPage - ==>  Preparing: select * from car_info left join car_picture cp on car_info.car_id = cp.car_id where car_info.user_id = ? LIMIT ?
2021-05-08 16:32:19.313 [DEBUG] com.dippy.mapper.CarInfoMapper.findMySellCarByPage - ==> Parameters: 1(Integer), 5(Long)
2021-05-08 16:32:19.316 [DEBUG] com.dippy.mapper.CarInfoMapper.findMySellCarByPage - <==      Total: 5
2021-05-08 16:33:04.613 [DEBUG] com.dippy.mapper.CarInfoMapper.findMySellCarByPage_mpCount - ==>  Preparing: SELECT COUNT(*) FROM car_info WHERE car_info.user_id = ?
2021-05-08 16:33:04.613 [DEBUG] com.dippy.mapper.CarInfoMapper.findMySellCarByPage_mpCount - ==> Parameters: 1(Integer)
2021-05-08 16:33:04.615 [DEBUG] com.dippy.mapper.CarInfoMapper.findMySellCarByPage_mpCount - <==      Total: 1
2021-05-08 16:33:04.616 [DEBUG] com.dippy.mapper.CarInfoMapper.findMySellCarByPage - ==>  Preparing: select * from car_info left join car_picture cp on car_info.car_id = cp.car_id where car_info.user_id = ? LIMIT ?
2021-05-08 16:33:04.617 [DEBUG] com.dippy.mapper.CarInfoMapper.findMySellCarByPage - ==> Parameters: 1(Integer), 5(Long)
2021-05-08 16:33:04.620 [DEBUG] com.dippy.mapper.CarInfoMapper.findMySellCarByPage - <==      Total: 5
2021-05-08 16:33:23.940 [DEBUG] com.dippy.mapper.CarInfoMapper.findMySellCarByPage_mpCount - ==>  Preparing: SELECT COUNT(*) FROM car_info WHERE car_info.user_id = ?
2021-05-08 16:33:23.941 [DEBUG] com.dippy.mapper.CarInfoMapper.findMySellCarByPage_mpCount - ==> Parameters: 1(Integer)
2021-05-08 16:33:23.943 [DEBUG] com.dippy.mapper.CarInfoMapper.findMySellCarByPage_mpCount - <==      Total: 1
2021-05-08 16:33:23.946 [DEBUG] com.dippy.mapper.CarInfoMapper.findMySellCarByPage - ==>  Preparing: select * from car_info left join car_picture cp on car_info.car_id = cp.car_id where car_info.user_id = ? LIMIT ?
2021-05-08 16:33:23.946 [DEBUG] com.dippy.mapper.CarInfoMapper.findMySellCarByPage - ==> Parameters: 1(Integer), 5(Long)
2021-05-08 16:33:23.949 [DEBUG] com.dippy.mapper.CarInfoMapper.findMySellCarByPage - <==      Total: 5
2021-05-08 16:33:39.842 [DEBUG] com.dippy.mapper.CarInfoMapper.findMySellCarByPage_mpCount - ==>  Preparing: SELECT COUNT(*) FROM car_info WHERE car_info.user_id = ?
2021-05-08 16:33:39.843 [DEBUG] com.dippy.mapper.CarInfoMapper.findMySellCarByPage_mpCount - ==> Parameters: 1(Integer)
2021-05-08 16:33:39.845 [DEBUG] com.dippy.mapper.CarInfoMapper.findMySellCarByPage_mpCount - <==      Total: 1
2021-05-08 16:33:39.846 [DEBUG] com.dippy.mapper.CarInfoMapper.findMySellCarByPage - ==>  Preparing: select * from car_info left join car_picture cp on car_info.car_id = cp.car_id where car_info.user_id = ? LIMIT ?
2021-05-08 16:33:39.847 [DEBUG] com.dippy.mapper.CarInfoMapper.findMySellCarByPage - ==> Parameters: 1(Integer), 5(Long)
2021-05-08 16:33:39.850 [DEBUG] com.dippy.mapper.CarInfoMapper.findMySellCarByPage - <==      Total: 5
2021-05-08 16:34:18.580 [DEBUG] com.dippy.mapper.CarInfoMapper.findMySellCarByPage_mpCount - ==>  Preparing: SELECT COUNT(*) FROM car_info WHERE car_info.user_id = ?
2021-05-08 16:34:18.581 [DEBUG] com.dippy.mapper.CarInfoMapper.findMySellCarByPage_mpCount - ==> Parameters: 1(Integer)
2021-05-08 16:34:18.582 [DEBUG] com.dippy.mapper.CarInfoMapper.findMySellCarByPage_mpCount - <==      Total: 1
2021-05-08 16:34:18.583 [DEBUG] com.dippy.mapper.CarInfoMapper.findMySellCarByPage - ==>  Preparing: select * from car_info left join car_picture cp on car_info.car_id = cp.car_id where car_info.user_id = ? LIMIT ?
2021-05-08 16:34:18.584 [DEBUG] com.dippy.mapper.CarInfoMapper.findMySellCarByPage - ==> Parameters: 1(Integer), 5(Long)
2021-05-08 16:34:18.587 [DEBUG] com.dippy.mapper.CarInfoMapper.findMySellCarByPage - <==      Total: 5
2021-05-08 16:35:33.017 [DEBUG] com.dippy.mapper.CarInfoMapper.findMySellCarByPage_mpCount - ==>  Preparing: SELECT COUNT(*) FROM car_info WHERE car_info.user_id = ?
2021-05-08 16:35:33.018 [DEBUG] com.dippy.mapper.CarInfoMapper.findMySellCarByPage_mpCount - ==> Parameters: 1(Integer)
2021-05-08 16:35:33.020 [DEBUG] com.dippy.mapper.CarInfoMapper.findMySellCarByPage_mpCount - <==      Total: 1
2021-05-08 16:35:33.021 [DEBUG] com.dippy.mapper.CarInfoMapper.findMySellCarByPage - ==>  Preparing: select * from car_info left join car_picture cp on car_info.car_id = cp.car_id where car_info.user_id = ? LIMIT ?
2021-05-08 16:35:33.022 [DEBUG] com.dippy.mapper.CarInfoMapper.findMySellCarByPage - ==> Parameters: 1(Integer), 5(Long)
2021-05-08 16:35:33.026 [DEBUG] com.dippy.mapper.CarInfoMapper.findMySellCarByPage - <==      Total: 5
2021-05-08 16:35:40.939 [DEBUG] com.dippy.mapper.CarInfoMapper.findMySellCarByPage_mpCount - ==>  Preparing: SELECT COUNT(*) FROM car_info WHERE car_info.user_id = ?
2021-05-08 16:35:40.940 [DEBUG] com.dippy.mapper.CarInfoMapper.findMySellCarByPage_mpCount - ==> Parameters: 1(Integer)
2021-05-08 16:35:40.941 [DEBUG] com.dippy.mapper.CarInfoMapper.findMySellCarByPage_mpCount - <==      Total: 1
2021-05-08 16:35:40.943 [DEBUG] com.dippy.mapper.CarInfoMapper.findMySellCarByPage - ==>  Preparing: select * from car_info left join car_picture cp on car_info.car_id = cp.car_id where car_info.user_id = ? LIMIT ?
2021-05-08 16:35:40.944 [DEBUG] com.dippy.mapper.CarInfoMapper.findMySellCarByPage - ==> Parameters: 1(Integer), 5(Long)
2021-05-08 16:35:40.947 [DEBUG] com.dippy.mapper.CarInfoMapper.findMySellCarByPage - <==      Total: 5
2021-05-08 16:40:03.186 [DEBUG] com.dippy.mapper.CarInfoMapper.findMySellCarByPage_mpCount - ==>  Preparing: SELECT COUNT(*) FROM car_info WHERE car_info.user_id = ?
2021-05-08 16:40:03.187 [DEBUG] com.dippy.mapper.CarInfoMapper.findMySellCarByPage_mpCount - ==> Parameters: 1(Integer)
2021-05-08 16:40:03.188 [DEBUG] com.dippy.mapper.CarInfoMapper.findMySellCarByPage_mpCount - <==      Total: 1
2021-05-08 16:40:03.190 [DEBUG] com.dippy.mapper.CarInfoMapper.findMySellCarByPage - ==>  Preparing: select * from car_info left join car_picture cp on car_info.car_id = cp.car_id where car_info.user_id = ? LIMIT ?
2021-05-08 16:40:03.191 [DEBUG] com.dippy.mapper.CarInfoMapper.findMySellCarByPage - ==> Parameters: 1(Integer), 5(Long)
2021-05-08 16:40:03.193 [DEBUG] com.dippy.mapper.CarInfoMapper.findMySellCarByPage - <==      Total: 5
2021-05-08 16:40:38.717 [DEBUG] com.dippy.mapper.CarInfoMapper.findMySellCarByPage_mpCount - ==>  Preparing: SELECT COUNT(*) FROM car_info WHERE car_info.user_id = ?
2021-05-08 16:40:38.717 [DEBUG] com.dippy.mapper.CarInfoMapper.findMySellCarByPage_mpCount - ==> Parameters: 1(Integer)
2021-05-08 16:40:38.719 [DEBUG] com.dippy.mapper.CarInfoMapper.findMySellCarByPage_mpCount - <==      Total: 1
2021-05-08 16:40:38.720 [DEBUG] com.dippy.mapper.CarInfoMapper.findMySellCarByPage - ==>  Preparing: select * from car_info left join car_picture cp on car_info.car_id = cp.car_id where car_info.user_id = ? LIMIT ?
2021-05-08 16:40:38.721 [DEBUG] com.dippy.mapper.CarInfoMapper.findMySellCarByPage - ==> Parameters: 1(Integer), 5(Long)
2021-05-08 16:40:38.723 [DEBUG] com.dippy.mapper.CarInfoMapper.findMySellCarByPage - <==      Total: 5
2021-05-08 16:42:30.294 [DEBUG] com.dippy.mapper.CarInfoMapper.findMySellCarByPage_mpCount - ==>  Preparing: SELECT COUNT(*) FROM car_info WHERE car_info.user_id = ?
2021-05-08 16:42:30.296 [DEBUG] com.dippy.mapper.CarInfoMapper.findMySellCarByPage_mpCount - ==> Parameters: 1(Integer)
2021-05-08 16:42:30.297 [DEBUG] com.dippy.mapper.CarInfoMapper.findMySellCarByPage_mpCount - <==      Total: 1
2021-05-08 16:42:30.299 [DEBUG] com.dippy.mapper.CarInfoMapper.findMySellCarByPage - ==>  Preparing: select * from car_info left join car_picture cp on car_info.car_id = cp.car_id where car_info.user_id = ? LIMIT ?
2021-05-08 16:42:30.299 [DEBUG] com.dippy.mapper.CarInfoMapper.findMySellCarByPage - ==> Parameters: 1(Integer), 5(Long)
2021-05-08 16:42:30.302 [DEBUG] com.dippy.mapper.CarInfoMapper.findMySellCarByPage - <==      Total: 5
2021-05-08 16:44:53.975 [DEBUG] com.dippy.mapper.CarInfoMapper.findMySellCarByPage_mpCount - ==>  Preparing: SELECT COUNT(*) FROM car_info WHERE car_info.user_id = ?
2021-05-08 16:44:53.977 [DEBUG] com.dippy.mapper.CarInfoMapper.findMySellCarByPage_mpCount - ==> Parameters: 1(Integer)
2021-05-08 16:44:53.978 [DEBUG] com.dippy.mapper.CarInfoMapper.findMySellCarByPage_mpCount - <==      Total: 1
2021-05-08 16:44:53.979 [DEBUG] com.dippy.mapper.CarInfoMapper.findMySellCarByPage - ==>  Preparing: select * from car_info left join car_picture cp on car_info.car_id = cp.car_id where car_info.user_id = ? LIMIT ?
2021-05-08 16:44:53.980 [DEBUG] com.dippy.mapper.CarInfoMapper.findMySellCarByPage - ==> Parameters: 1(Integer), 5(Long)
2021-05-08 16:44:53.983 [DEBUG] com.dippy.mapper.CarInfoMapper.findMySellCarByPage - <==      Total: 5
2021-05-08 17:05:56.974 [DEBUG] com.dippy.mapper.CarInfoMapper.findMySellCarByPage_mpCount - ==>  Preparing: SELECT COUNT(*) FROM car_info WHERE car_info.user_id = ?
2021-05-08 17:05:56.975 [DEBUG] com.dippy.mapper.CarInfoMapper.findMySellCarByPage_mpCount - ==> Parameters: 1(Integer)
2021-05-08 17:05:56.977 [DEBUG] com.dippy.mapper.CarInfoMapper.findMySellCarByPage_mpCount - <==      Total: 1
2021-05-08 17:05:56.978 [DEBUG] com.dippy.mapper.CarInfoMapper.findMySellCarByPage - ==>  Preparing: select * from car_info left join car_picture cp on car_info.car_id = cp.car_id where car_info.user_id = ? LIMIT ?
2021-05-08 17:05:56.979 [DEBUG] com.dippy.mapper.CarInfoMapper.findMySellCarByPage - ==> Parameters: 1(Integer), 5(Long)
2021-05-08 17:05:56.982 [DEBUG] com.dippy.mapper.CarInfoMapper.findMySellCarByPage - <==      Total: 5
2021-05-08 17:12:36.720 [DEBUG] com.dippy.mapper.SysUserMapper.selectOne - ==>  Preparing: SELECT user_id,username,password,name,sex,avatar,address_id,province,city,area,detailed_address,phone,email,birthday,is_lock,create_time,update_time FROM sys_user WHERE (username = ?)
2021-05-08 17:12:36.721 [DEBUG] com.dippy.mapper.SysUserMapper.selectOne - ==> Parameters: admin(String)
2021-05-08 17:12:36.725 [DEBUG] com.dippy.mapper.SysUserMapper.selectOne - <==      Total: 1
2021-05-08 17:12:36.736 [DEBUG] com.dippy.mapper.SysRoleUserMapper.selectList - ==>  Preparing: SELECT role_id FROM sys_role_user WHERE (user_id = ?)
2021-05-08 17:12:36.736 [DEBUG] com.dippy.mapper.SysRoleUserMapper.selectList - ==> Parameters: 1(Integer)
2021-05-08 17:12:36.738 [DEBUG] com.dippy.mapper.SysRoleUserMapper.selectList - <==      Total: 1
2021-05-08 17:12:36.739 [DEBUG] com.dippy.mapper.SysPermissionMapper.listPermissionByUserId - ==>  Preparing: SELECT p.* FROM sys_user u, sys_permission p LEFT JOIN sys_role_permission rp ON p.permission_id = rp.permission_id LEFT JOIN sys_role_user ru ON rp.role_id = ru.role_id WHERE u.user_id = ?
2021-05-08 17:12:36.740 [DEBUG] com.dippy.mapper.SysPermissionMapper.listPermissionByUserId - ==> Parameters: 1(Integer)
2021-05-08 17:12:36.744 [DEBUG] com.dippy.mapper.SysPermissionMapper.listPermissionByUserId - <==      Total: 80
2021-05-08 17:13:32.067 [DEBUG] com.dippy.mapper.CarInfoMapper.findMySellCarByPage_mpCount - ==>  Preparing: SELECT COUNT(*) FROM car_info WHERE car_info.user_id = ?
2021-05-08 17:13:32.068 [DEBUG] com.dippy.mapper.CarInfoMapper.findMySellCarByPage_mpCount - ==> Parameters: 1(Integer)
2021-05-08 17:13:32.069 [DEBUG] com.dippy.mapper.CarInfoMapper.findMySellCarByPage_mpCount - <==      Total: 1
2021-05-08 17:13:32.071 [DEBUG] com.dippy.mapper.CarInfoMapper.findMySellCarByPage - ==>  Preparing: select * from car_info left join car_picture cp on car_info.car_id = cp.car_id where car_info.user_id = ? LIMIT ?
2021-05-08 17:13:32.071 [DEBUG] com.dippy.mapper.CarInfoMapper.findMySellCarByPage - ==> Parameters: 1(Integer), 5(Long)
2021-05-08 17:13:32.074 [DEBUG] com.dippy.mapper.CarInfoMapper.findMySellCarByPage - <==      Total: 5
2021-05-08 17:36:56.075 [DEBUG] com.dippy.mapper.CarInfoMapper.findMySellCarByPage_mpCount - ==>  Preparing: SELECT COUNT(*) FROM car_info WHERE car_info.user_id = ?
2021-05-08 17:36:56.077 [DEBUG] com.dippy.mapper.CarInfoMapper.findMySellCarByPage_mpCount - ==> Parameters: 1(Integer)
2021-05-08 17:36:56.081 [DEBUG] com.dippy.mapper.CarInfoMapper.findMySellCarByPage_mpCount - <==      Total: 1
2021-05-08 17:36:56.082 [DEBUG] com.dippy.mapper.CarInfoMapper.findMySellCarByPage - ==>  Preparing: select * from car_info left join car_picture cp on car_info.car_id = cp.car_id where car_info.user_id = ? LIMIT ?
2021-05-08 17:36:56.083 [DEBUG] com.dippy.mapper.CarInfoMapper.findMySellCarByPage - ==> Parameters: 1(Integer), 5(Long)
2021-05-08 23:09:11.286 [DEBUG] com.dippy.mapper.SysUserMapper.selectOne - ==>  Preparing: SELECT user_id,username,password,name,sex,avatar,address_id,province,city,area,detailed_address,phone,email,birthday,is_lock,create_time,update_time FROM sys_user WHERE (username = ?)
2021-05-08 23:09:11.366 [DEBUG] com.dippy.mapper.SysUserMapper.selectOne - ==> Parameters: admin(String)
2021-05-08 23:09:11.443 [DEBUG] com.dippy.mapper.SysUserMapper.selectOne - <==      Total: 1
2021-05-08 23:09:11.477 [DEBUG] com.dippy.mapper.SysRoleUserMapper.selectList - ==>  Preparing: SELECT role_id FROM sys_role_user WHERE (user_id = ?)
2021-05-08 23:09:11.478 [DEBUG] com.dippy.mapper.SysRoleUserMapper.selectList - ==> Parameters: 1(Integer)
2021-05-08 23:09:11.480 [DEBUG] com.dippy.mapper.SysRoleUserMapper.selectList - <==      Total: 1
2021-05-08 23:09:11.484 [DEBUG] com.dippy.mapper.SysPermissionMapper.listPermissionByUserId - ==>  Preparing: SELECT p.* FROM sys_user u, sys_permission p LEFT JOIN sys_role_permission rp ON p.permission_id = rp.permission_id LEFT JOIN sys_role_user ru ON rp.role_id = ru.role_id WHERE u.user_id = ?
2021-05-08 23:09:11.485 [DEBUG] com.dippy.mapper.SysPermissionMapper.listPermissionByUserId - ==> Parameters: 1(Integer)
2021-05-08 23:09:11.505 [DEBUG] com.dippy.mapper.SysPermissionMapper.listPermissionByUserId - <==      Total: 80
2021-05-08 23:45:13.993 [DEBUG] com.dippy.mapper.CarInfoMapper.findMySellCarByPage_mpCount - ==>  Preparing: SELECT COUNT(*) FROM car_info WHERE car_info.user_id = ?
2021-05-08 23:45:13.993 [DEBUG] com.dippy.mapper.CarInfoMapper.findMySellCarByPage_mpCount - ==> Parameters: 1(Integer)
2021-05-08 23:45:13.997 [DEBUG] com.dippy.mapper.CarInfoMapper.findMySellCarByPage_mpCount - <==      Total: 1
2021-05-08 23:45:14.014 [DEBUG] com.dippy.mapper.CarInfoMapper.findMySellCarByPage - ==>  Preparing: select * from car_info left join car_picture cp on car_info.car_id = cp.car_id where car_info.user_id = ? LIMIT ?
2021-05-08 23:45:14.015 [DEBUG] com.dippy.mapper.CarInfoMapper.findMySellCarByPage - ==> Parameters: 1(Integer), 5(Long)
2021-05-08 23:45:14.023 [DEBUG] com.dippy.mapper.CarInfoMapper.findMySellCarByPage - <==      Total: 5
2021-05-08 23:51:52.816 [DEBUG] com.dippy.mapper.CarInfoMapper.findMySellCarByPage_mpCount - ==>  Preparing: SELECT COUNT(*) FROM car_info WHERE car_info.user_id = ?
2021-05-08 23:51:52.817 [DEBUG] com.dippy.mapper.CarInfoMapper.findMySellCarByPage_mpCount - ==> Parameters: 1(Integer)
2021-05-08 23:51:52.819 [DEBUG] com.dippy.mapper.CarInfoMapper.findMySellCarByPage_mpCount - <==      Total: 1
2021-05-08 23:51:52.821 [DEBUG] com.dippy.mapper.CarInfoMapper.findMySellCarByPage - ==>  Preparing: select * from car_info left join car_picture cp on car_info.car_id = cp.car_id where car_info.user_id = ? LIMIT ?
2021-05-08 23:51:52.822 [DEBUG] com.dippy.mapper.CarInfoMapper.findMySellCarByPage - ==> Parameters: 1(Integer), 5(Long)
2021-05-08 23:51:52.828 [DEBUG] com.dippy.mapper.CarInfoMapper.findMySellCarByPage - <==      Total: 5
2021-05-08 23:52:13.943 [DEBUG] com.dippy.mapper.CarInfoMapper.findMySellCarByPage_mpCount - ==>  Preparing: SELECT COUNT(*) FROM car_info WHERE car_info.user_id = ?
2021-05-08 23:52:13.945 [DEBUG] com.dippy.mapper.CarInfoMapper.findMySellCarByPage_mpCount - ==> Parameters: 1(Integer)
2021-05-08 23:52:13.946 [DEBUG] com.dippy.mapper.CarInfoMapper.findMySellCarByPage_mpCount - <==      Total: 1
2021-05-08 23:52:13.949 [DEBUG] com.dippy.mapper.CarInfoMapper.findMySellCarByPage - ==>  Preparing: select * from car_info left join car_picture cp on car_info.car_id = cp.car_id where car_info.user_id = ? LIMIT ?
2021-05-08 23:52:13.950 [DEBUG] com.dippy.mapper.CarInfoMapper.findMySellCarByPage - ==> Parameters: 1(Integer), 5(Long)
2021-05-08 23:52:13.955 [DEBUG] com.dippy.mapper.CarInfoMapper.findMySellCarByPage - <==      Total: 5
2021-05-08 23:54:32.507 [DEBUG] com.dippy.mapper.CarInfoMapper.findMySellCarByPage_mpCount - ==>  Preparing: SELECT COUNT(*) FROM car_info WHERE car_info.user_id = ?
2021-05-08 23:54:32.508 [DEBUG] com.dippy.mapper.CarInfoMapper.findMySellCarByPage_mpCount - ==> Parameters: 1(Integer)
2021-05-08 23:54:32.510 [DEBUG] com.dippy.mapper.CarInfoMapper.findMySellCarByPage_mpCount - <==      Total: 1
2021-05-08 23:54:32.512 [DEBUG] com.dippy.mapper.CarInfoMapper.findMySellCarByPage - ==>  Preparing: select * from car_info left join car_picture cp on car_info.car_id = cp.car_id where car_info.user_id = ? LIMIT ?
2021-05-08 23:54:32.513 [DEBUG] com.dippy.mapper.CarInfoMapper.findMySellCarByPage - ==> Parameters: 1(Integer), 5(Long)
2021-05-08 23:54:32.517 [DEBUG] com.dippy.mapper.CarInfoMapper.findMySellCarByPage - <==      Total: 5
2021-05-08 23:55:06.723 [DEBUG] com.dippy.mapper.CarInfoMapper.findMySellCarByPage_mpCount - ==>  Preparing: SELECT COUNT(*) FROM car_info WHERE car_info.user_id = ?
2021-05-08 23:55:06.724 [DEBUG] com.dippy.mapper.CarInfoMapper.findMySellCarByPage_mpCount - ==> Parameters: 1(Integer)
2021-05-08 23:55:06.726 [DEBUG] com.dippy.mapper.CarInfoMapper.findMySellCarByPage_mpCount - <==      Total: 1
2021-05-08 23:55:06.728 [DEBUG] com.dippy.mapper.CarInfoMapper.findMySellCarByPage - ==>  Preparing: select * from car_info left join car_picture cp on car_info.car_id = cp.car_id where car_info.user_id = ? LIMIT ?
2021-05-08 23:55:06.729 [DEBUG] com.dippy.mapper.CarInfoMapper.findMySellCarByPage - ==> Parameters: 1(Integer), 5(Long)
2021-05-08 23:55:06.734 [DEBUG] com.dippy.mapper.CarInfoMapper.findMySellCarByPage - <==      Total: 5
2021-05-08 23:57:02.040 [DEBUG] com.dippy.mapper.CarInfoMapper.findMySellCarByPage_mpCount - ==>  Preparing: SELECT COUNT(*) FROM car_info WHERE car_info.user_id = ?
2021-05-08 23:57:02.041 [DEBUG] com.dippy.mapper.CarInfoMapper.findMySellCarByPage_mpCount - ==> Parameters: 1(Integer)
2021-05-08 23:57:02.043 [DEBUG] com.dippy.mapper.CarInfoMapper.findMySellCarByPage_mpCount - <==      Total: 1
2021-05-08 23:57:02.046 [DEBUG] com.dippy.mapper.CarInfoMapper.findMySellCarByPage - ==>  Preparing: select * from car_info left join car_picture cp on car_info.car_id = cp.car_id where car_info.user_id = ? LIMIT ?
2021-05-08 23:57:02.047 [DEBUG] com.dippy.mapper.CarInfoMapper.findMySellCarByPage - ==> Parameters: 1(Integer), 5(Long)
2021-05-08 23:57:02.051 [DEBUG] com.dippy.mapper.CarInfoMapper.findMySellCarByPage - <==      Total: 5
