2021-03-22 16:05:42.944 [DEBUG] com.dippy.mapper.CarInfoMapper.deleteById - ==>  Preparing: DELETE FROM car_info WHERE car_id=?
2021-03-22 16:05:43.075 [DEBUG] com.dippy.mapper.CarInfoMapper.deleteById - ==> Parameters: 4(Integer)
2021-03-22 16:05:43.093 [DEBUG] com.dippy.mapper.CarInfoMapper.deleteById - <==    Updates: 1
2021-03-22 16:05:43.531 [DEBUG] com.dippy.mapper.CarInfoMapper.selectOne - ==>  Preparing: SELECT car_id,car_brand,car_series,car_type,car_price,car_count,car_user_time,transfer_count,car_car_mileage,car_color,car_picture_id,car_gear_box,car_displacement,produce_time,car_configuration,car_seat,car_fuel_type,car_quality_time,car_region_id,car_front_tyre,rear_tyre,car_describe,create_time,update_time FROM car_info WHERE (car_id = ?)
2021-03-22 16:05:43.533 [DEBUG] com.dippy.mapper.CarInfoMapper.selectOne - ==> Parameters: 4(Integer)
2021-03-22 16:05:43.615 [DEBUG] com.dippy.mapper.CarInfoMapper.selectOne - <==      Total: 0
2021-03-22 16:05:44.807 [DEBUG] com.dippy.mapper.CarInfoMapper.selectOne - ==>  Preparing: SELECT car_id,car_brand,car_series,car_type,car_price,car_count,car_user_time,transfer_count,car_car_mileage,car_color,car_picture_id,car_gear_box,car_displacement,produce_time,car_configuration,car_seat,car_fuel_type,car_quality_time,car_region_id,car_front_tyre,rear_tyre,car_describe,create_time,update_time FROM car_info WHERE (car_id = ?)
2021-03-22 16:05:44.808 [DEBUG] com.dippy.mapper.CarInfoMapper.selectOne - ==> Parameters: 4(Integer)
2021-03-22 16:05:44.813 [DEBUG] com.dippy.mapper.CarInfoMapper.selectOne - <==      Total: 0
2021-03-22 16:05:45.950 [DEBUG] com.dippy.mapper.CarInfoMapper.selectOne - ==>  Preparing: SELECT car_id,car_brand,car_series,car_type,car_price,car_count,car_user_time,transfer_count,car_car_mileage,car_color,car_picture_id,car_gear_box,car_displacement,produce_time,car_configuration,car_seat,car_fuel_type,car_quality_time,car_region_id,car_front_tyre,rear_tyre,car_describe,create_time,update_time FROM car_info WHERE (car_id = ?)
2021-03-22 16:05:45.951 [DEBUG] com.dippy.mapper.CarInfoMapper.selectOne - ==> Parameters: 4(Integer)
2021-03-22 16:05:45.953 [DEBUG] com.dippy.mapper.CarInfoMapper.selectOne - <==      Total: 0
2021-03-22 16:05:47.016 [DEBUG] com.dippy.mapper.CarInfoMapper.selectOne - ==>  Preparing: SELECT car_id,car_brand,car_series,car_type,car_price,car_count,car_user_time,transfer_count,car_car_mileage,car_color,car_picture_id,car_gear_box,car_displacement,produce_time,car_configuration,car_seat,car_fuel_type,car_quality_time,car_region_id,car_front_tyre,rear_tyre,car_describe,create_time,update_time FROM car_info WHERE (car_id = ?)
2021-03-22 16:05:47.017 [DEBUG] com.dippy.mapper.CarInfoMapper.selectOne - ==> Parameters: 4(Integer)
2021-03-22 16:05:47.019 [DEBUG] com.dippy.mapper.CarInfoMapper.selectOne - <==      Total: 0
2021-03-22 16:05:48.032 [DEBUG] com.dippy.mapper.CarInfoMapper.selectOne - ==>  Preparing: SELECT car_id,car_brand,car_series,car_type,car_price,car_count,car_user_time,transfer_count,car_car_mileage,car_color,car_picture_id,car_gear_box,car_displacement,produce_time,car_configuration,car_seat,car_fuel_type,car_quality_time,car_region_id,car_front_tyre,rear_tyre,car_describe,create_time,update_time FROM car_info WHERE (car_id = ?)
2021-03-22 16:05:48.033 [DEBUG] com.dippy.mapper.CarInfoMapper.selectOne - ==> Parameters: 4(Integer)
2021-03-22 16:05:48.035 [DEBUG] com.dippy.mapper.CarInfoMapper.selectOne - <==      Total: 0
2021-03-22 16:05:49.051 [DEBUG] com.dippy.mapper.CarInfoMapper.selectOne - ==>  Preparing: SELECT car_id,car_brand,car_series,car_type,car_price,car_count,car_user_time,transfer_count,car_car_mileage,car_color,car_picture_id,car_gear_box,car_displacement,produce_time,car_configuration,car_seat,car_fuel_type,car_quality_time,car_region_id,car_front_tyre,rear_tyre,car_describe,create_time,update_time FROM car_info WHERE (car_id = ?)
2021-03-22 16:05:49.052 [DEBUG] com.dippy.mapper.CarInfoMapper.selectOne - ==> Parameters: 4(Integer)
2021-03-22 16:05:49.054 [DEBUG] com.dippy.mapper.CarInfoMapper.selectOne - <==      Total: 0
2021-03-22 16:05:50.067 [DEBUG] com.dippy.mapper.CarInfoMapper.selectOne - ==>  Preparing: SELECT car_id,car_brand,car_series,car_type,car_price,car_count,car_user_time,transfer_count,car_car_mileage,car_color,car_picture_id,car_gear_box,car_displacement,produce_time,car_configuration,car_seat,car_fuel_type,car_quality_time,car_region_id,car_front_tyre,rear_tyre,car_describe,create_time,update_time FROM car_info WHERE (car_id = ?)
2021-03-22 16:05:50.069 [DEBUG] com.dippy.mapper.CarInfoMapper.selectOne - ==> Parameters: 4(Integer)
2021-03-22 16:05:50.070 [DEBUG] com.dippy.mapper.CarInfoMapper.selectOne - <==      Total: 0
2021-03-22 16:05:52.086 [DEBUG] com.dippy.mapper.CarInfoMapper.selectOne - ==>  Preparing: SELECT car_id,car_brand,car_series,car_type,car_price,car_count,car_user_time,transfer_count,car_car_mileage,car_color,car_picture_id,car_gear_box,car_displacement,produce_time,car_configuration,car_seat,car_fuel_type,car_quality_time,car_region_id,car_front_tyre,rear_tyre,car_describe,create_time,update_time FROM car_info WHERE (car_id = ?)
2021-03-22 16:05:52.088 [DEBUG] com.dippy.mapper.CarInfoMapper.selectOne - ==> Parameters: 4(Integer)
2021-03-22 16:05:52.091 [DEBUG] com.dippy.mapper.CarInfoMapper.selectOne - <==      Total: 0
2021-03-22 16:05:53.142 [DEBUG] com.dippy.mapper.CarInfoMapper.selectOne - ==>  Preparing: SELECT car_id,car_brand,car_series,car_type,car_price,car_count,car_user_time,transfer_count,car_car_mileage,car_color,car_picture_id,car_gear_box,car_displacement,produce_time,car_configuration,car_seat,car_fuel_type,car_quality_time,car_region_id,car_front_tyre,rear_tyre,car_describe,create_time,update_time FROM car_info WHERE (car_id = ?)
2021-03-22 16:05:53.142 [DEBUG] com.dippy.mapper.CarInfoMapper.selectOne - ==> Parameters: 4(Integer)
2021-03-22 16:05:53.144 [DEBUG] com.dippy.mapper.CarInfoMapper.selectOne - <==      Total: 0
2021-03-22 16:05:54.159 [DEBUG] com.dippy.mapper.CarInfoMapper.selectOne - ==>  Preparing: SELECT car_id,car_brand,car_series,car_type,car_price,car_count,car_user_time,transfer_count,car_car_mileage,car_color,car_picture_id,car_gear_box,car_displacement,produce_time,car_configuration,car_seat,car_fuel_type,car_quality_time,car_region_id,car_front_tyre,rear_tyre,car_describe,create_time,update_time FROM car_info WHERE (car_id = ?)
2021-03-22 16:05:54.160 [DEBUG] com.dippy.mapper.CarInfoMapper.selectOne - ==> Parameters: 4(Integer)
2021-03-22 16:05:54.161 [DEBUG] com.dippy.mapper.CarInfoMapper.selectOne - <==      Total: 0
2021-03-22 16:05:55.172 [DEBUG] com.dippy.mapper.CarInfoMapper.selectOne - ==>  Preparing: SELECT car_id,car_brand,car_series,car_type,car_price,car_count,car_user_time,transfer_count,car_car_mileage,car_color,car_picture_id,car_gear_box,car_displacement,produce_time,car_configuration,car_seat,car_fuel_type,car_quality_time,car_region_id,car_front_tyre,rear_tyre,car_describe,create_time,update_time FROM car_info WHERE (car_id = ?)
2021-03-22 16:05:55.173 [DEBUG] com.dippy.mapper.CarInfoMapper.selectOne - ==> Parameters: 4(Integer)
2021-03-22 16:05:55.175 [DEBUG] com.dippy.mapper.CarInfoMapper.selectOne - <==      Total: 0
2021-03-22 16:05:56.188 [DEBUG] com.dippy.mapper.CarInfoMapper.selectOne - ==>  Preparing: SELECT car_id,car_brand,car_series,car_type,car_price,car_count,car_user_time,transfer_count,car_car_mileage,car_color,car_picture_id,car_gear_box,car_displacement,produce_time,car_configuration,car_seat,car_fuel_type,car_quality_time,car_region_id,car_front_tyre,rear_tyre,car_describe,create_time,update_time FROM car_info WHERE (car_id = ?)
2021-03-22 16:05:56.188 [DEBUG] com.dippy.mapper.CarInfoMapper.selectOne - ==> Parameters: 4(Integer)
2021-03-22 16:05:56.190 [DEBUG] com.dippy.mapper.CarInfoMapper.selectOne - <==      Total: 0
2021-03-22 16:05:57.208 [DEBUG] com.dippy.mapper.CarInfoMapper.selectOne - ==>  Preparing: SELECT car_id,car_brand,car_series,car_type,car_price,car_count,car_user_time,transfer_count,car_car_mileage,car_color,car_picture_id,car_gear_box,car_displacement,produce_time,car_configuration,car_seat,car_fuel_type,car_quality_time,car_region_id,car_front_tyre,rear_tyre,car_describe,create_time,update_time FROM car_info WHERE (car_id = ?)
2021-03-22 16:05:57.209 [DEBUG] com.dippy.mapper.CarInfoMapper.selectOne - ==> Parameters: 4(Integer)
2021-03-22 16:05:57.212 [DEBUG] com.dippy.mapper.CarInfoMapper.selectOne - <==      Total: 0
2021-03-22 16:05:58.226 [DEBUG] com.dippy.mapper.CarInfoMapper.selectOne - ==>  Preparing: SELECT car_id,car_brand,car_series,car_type,car_price,car_count,car_user_time,transfer_count,car_car_mileage,car_color,car_picture_id,car_gear_box,car_displacement,produce_time,car_configuration,car_seat,car_fuel_type,car_quality_time,car_region_id,car_front_tyre,rear_tyre,car_describe,create_time,update_time FROM car_info WHERE (car_id = ?)
2021-03-22 16:05:58.226 [DEBUG] com.dippy.mapper.CarInfoMapper.selectOne - ==> Parameters: 4(Integer)
2021-03-22 16:05:58.228 [DEBUG] com.dippy.mapper.CarInfoMapper.selectOne - <==      Total: 0
2021-03-22 16:05:59.246 [DEBUG] com.dippy.mapper.CarInfoMapper.selectOne - ==>  Preparing: SELECT car_id,car_brand,car_series,car_type,car_price,car_count,car_user_time,transfer_count,car_car_mileage,car_color,car_picture_id,car_gear_box,car_displacement,produce_time,car_configuration,car_seat,car_fuel_type,car_quality_time,car_region_id,car_front_tyre,rear_tyre,car_describe,create_time,update_time FROM car_info WHERE (car_id = ?)
2021-03-22 16:05:59.249 [DEBUG] com.dippy.mapper.CarInfoMapper.selectOne - ==> Parameters: 4(Integer)
2021-03-22 16:05:59.253 [DEBUG] com.dippy.mapper.CarInfoMapper.selectOne - <==      Total: 0
2021-03-22 16:06:00.271 [DEBUG] com.dippy.mapper.CarInfoMapper.selectOne - ==>  Preparing: SELECT car_id,car_brand,car_series,car_type,car_price,car_count,car_user_time,transfer_count,car_car_mileage,car_color,car_picture_id,car_gear_box,car_displacement,produce_time,car_configuration,car_seat,car_fuel_type,car_quality_time,car_region_id,car_front_tyre,rear_tyre,car_describe,create_time,update_time FROM car_info WHERE (car_id = ?)
2021-03-22 16:06:00.273 [DEBUG] com.dippy.mapper.CarInfoMapper.selectOne - ==> Parameters: 4(Integer)
2021-03-22 16:06:00.277 [DEBUG] com.dippy.mapper.CarInfoMapper.selectOne - <==      Total: 0
2021-03-22 16:06:01.296 [DEBUG] com.dippy.mapper.CarInfoMapper.selectOne - ==>  Preparing: SELECT car_id,car_brand,car_series,car_type,car_price,car_count,car_user_time,transfer_count,car_car_mileage,car_color,car_picture_id,car_gear_box,car_displacement,produce_time,car_configuration,car_seat,car_fuel_type,car_quality_time,car_region_id,car_front_tyre,rear_tyre,car_describe,create_time,update_time FROM car_info WHERE (car_id = ?)
2021-03-22 16:06:01.296 [DEBUG] com.dippy.mapper.CarInfoMapper.selectOne - ==> Parameters: 4(Integer)
2021-03-22 16:06:01.298 [DEBUG] com.dippy.mapper.CarInfoMapper.selectOne - <==      Total: 0
2021-03-22 16:06:02.316 [DEBUG] com.dippy.mapper.CarInfoMapper.selectOne - ==>  Preparing: SELECT car_id,car_brand,car_series,car_type,car_price,car_count,car_user_time,transfer_count,car_car_mileage,car_color,car_picture_id,car_gear_box,car_displacement,produce_time,car_configuration,car_seat,car_fuel_type,car_quality_time,car_region_id,car_front_tyre,rear_tyre,car_describe,create_time,update_time FROM car_info WHERE (car_id = ?)
2021-03-22 16:06:02.317 [DEBUG] com.dippy.mapper.CarInfoMapper.selectOne - ==> Parameters: 4(Integer)
2021-03-22 16:06:02.319 [DEBUG] com.dippy.mapper.CarInfoMapper.selectOne - <==      Total: 0
2021-03-22 16:06:04.329 [DEBUG] com.dippy.mapper.CarInfoMapper.selectOne - ==>  Preparing: SELECT car_id,car_brand,car_series,car_type,car_price,car_count,car_user_time,transfer_count,car_car_mileage,car_color,car_picture_id,car_gear_box,car_displacement,produce_time,car_configuration,car_seat,car_fuel_type,car_quality_time,car_region_id,car_front_tyre,rear_tyre,car_describe,create_time,update_time FROM car_info WHERE (car_id = ?)
2021-03-22 16:06:04.330 [DEBUG] com.dippy.mapper.CarInfoMapper.selectOne - ==> Parameters: 4(Integer)
2021-03-22 16:06:04.331 [DEBUG] com.dippy.mapper.CarInfoMapper.selectOne - <==      Total: 0
2021-03-22 16:06:05.344 [DEBUG] com.dippy.mapper.CarInfoMapper.selectOne - ==>  Preparing: SELECT car_id,car_brand,car_series,car_type,car_price,car_count,car_user_time,transfer_count,car_car_mileage,car_color,car_picture_id,car_gear_box,car_displacement,produce_time,car_configuration,car_seat,car_fuel_type,car_quality_time,car_region_id,car_front_tyre,rear_tyre,car_describe,create_time,update_time FROM car_info WHERE (car_id = ?)
2021-03-22 16:06:05.345 [DEBUG] com.dippy.mapper.CarInfoMapper.selectOne - ==> Parameters: 4(Integer)
2021-03-22 16:06:05.347 [DEBUG] com.dippy.mapper.CarInfoMapper.selectOne - <==      Total: 0
2021-03-22 16:06:06.358 [DEBUG] com.dippy.mapper.CarInfoMapper.selectOne - ==>  Preparing: SELECT car_id,car_brand,car_series,car_type,car_price,car_count,car_user_time,transfer_count,car_car_mileage,car_color,car_picture_id,car_gear_box,car_displacement,produce_time,car_configuration,car_seat,car_fuel_type,car_quality_time,car_region_id,car_front_tyre,rear_tyre,car_describe,create_time,update_time FROM car_info WHERE (car_id = ?)
2021-03-22 16:06:06.359 [DEBUG] com.dippy.mapper.CarInfoMapper.selectOne - ==> Parameters: 4(Integer)
2021-03-22 16:06:06.361 [DEBUG] com.dippy.mapper.CarInfoMapper.selectOne - <==      Total: 0
2021-03-22 16:06:08.372 [DEBUG] com.dippy.mapper.CarInfoMapper.selectOne - ==>  Preparing: SELECT car_id,car_brand,car_series,car_type,car_price,car_count,car_user_time,transfer_count,car_car_mileage,car_color,car_picture_id,car_gear_box,car_displacement,produce_time,car_configuration,car_seat,car_fuel_type,car_quality_time,car_region_id,car_front_tyre,rear_tyre,car_describe,create_time,update_time FROM car_info WHERE (car_id = ?)
2021-03-22 16:06:08.372 [DEBUG] com.dippy.mapper.CarInfoMapper.selectOne - ==> Parameters: 4(Integer)
2021-03-22 16:06:08.374 [DEBUG] com.dippy.mapper.CarInfoMapper.selectOne - <==      Total: 0
2021-03-22 16:06:10.384 [DEBUG] com.dippy.mapper.CarInfoMapper.selectOne - ==>  Preparing: SELECT car_id,car_brand,car_series,car_type,car_price,car_count,car_user_time,transfer_count,car_car_mileage,car_color,car_picture_id,car_gear_box,car_displacement,produce_time,car_configuration,car_seat,car_fuel_type,car_quality_time,car_region_id,car_front_tyre,rear_tyre,car_describe,create_time,update_time FROM car_info WHERE (car_id = ?)
2021-03-22 16:06:10.384 [DEBUG] com.dippy.mapper.CarInfoMapper.selectOne - ==> Parameters: 4(Integer)
2021-03-22 16:06:10.386 [DEBUG] com.dippy.mapper.CarInfoMapper.selectOne - <==      Total: 0
2021-03-22 16:06:11.399 [DEBUG] com.dippy.mapper.CarInfoMapper.selectOne - ==>  Preparing: SELECT car_id,car_brand,car_series,car_type,car_price,car_count,car_user_time,transfer_count,car_car_mileage,car_color,car_picture_id,car_gear_box,car_displacement,produce_time,car_configuration,car_seat,car_fuel_type,car_quality_time,car_region_id,car_front_tyre,rear_tyre,car_describe,create_time,update_time FROM car_info WHERE (car_id = ?)
2021-03-22 16:06:11.400 [DEBUG] com.dippy.mapper.CarInfoMapper.selectOne - ==> Parameters: 4(Integer)
2021-03-22 16:06:11.401 [DEBUG] com.dippy.mapper.CarInfoMapper.selectOne - <==      Total: 0
2021-03-22 16:06:12.414 [DEBUG] com.dippy.mapper.CarInfoMapper.selectOne - ==>  Preparing: SELECT car_id,car_brand,car_series,car_type,car_price,car_count,car_user_time,transfer_count,car_car_mileage,car_color,car_picture_id,car_gear_box,car_displacement,produce_time,car_configuration,car_seat,car_fuel_type,car_quality_time,car_region_id,car_front_tyre,rear_tyre,car_describe,create_time,update_time FROM car_info WHERE (car_id = ?)
2021-03-22 16:06:12.415 [DEBUG] com.dippy.mapper.CarInfoMapper.selectOne - ==> Parameters: 4(Integer)
2021-03-22 16:06:12.417 [DEBUG] com.dippy.mapper.CarInfoMapper.selectOne - <==      Total: 0
2021-03-22 16:06:13.429 [DEBUG] com.dippy.mapper.CarInfoMapper.selectOne - ==>  Preparing: SELECT car_id,car_brand,car_series,car_type,car_price,car_count,car_user_time,transfer_count,car_car_mileage,car_color,car_picture_id,car_gear_box,car_displacement,produce_time,car_configuration,car_seat,car_fuel_type,car_quality_time,car_region_id,car_front_tyre,rear_tyre,car_describe,create_time,update_time FROM car_info WHERE (car_id = ?)
2021-03-22 16:06:13.429 [DEBUG] com.dippy.mapper.CarInfoMapper.selectOne - ==> Parameters: 4(Integer)
2021-03-22 16:06:13.431 [DEBUG] com.dippy.mapper.CarInfoMapper.selectOne - <==      Total: 0
2021-03-22 16:06:14.516 [DEBUG] com.dippy.mapper.CarInfoMapper.selectOne - ==>  Preparing: SELECT car_id,car_brand,car_series,car_type,car_price,car_count,car_user_time,transfer_count,car_car_mileage,car_color,car_picture_id,car_gear_box,car_displacement,produce_time,car_configuration,car_seat,car_fuel_type,car_quality_time,car_region_id,car_front_tyre,rear_tyre,car_describe,create_time,update_time FROM car_info WHERE (car_id = ?)
2021-03-22 16:06:14.518 [DEBUG] com.dippy.mapper.CarInfoMapper.selectOne - ==> Parameters: 4(Integer)
2021-03-22 16:06:14.520 [DEBUG] com.dippy.mapper.CarInfoMapper.selectOne - <==      Total: 0
2021-03-22 16:06:15.536 [DEBUG] com.dippy.mapper.CarInfoMapper.selectOne - ==>  Preparing: SELECT car_id,car_brand,car_series,car_type,car_price,car_count,car_user_time,transfer_count,car_car_mileage,car_color,car_picture_id,car_gear_box,car_displacement,produce_time,car_configuration,car_seat,car_fuel_type,car_quality_time,car_region_id,car_front_tyre,rear_tyre,car_describe,create_time,update_time FROM car_info WHERE (car_id = ?)
2021-03-22 16:06:15.537 [DEBUG] com.dippy.mapper.CarInfoMapper.selectOne - ==> Parameters: 4(Integer)
2021-03-22 16:06:15.540 [DEBUG] com.dippy.mapper.CarInfoMapper.selectOne - <==      Total: 0
2021-03-22 16:06:16.551 [DEBUG] com.dippy.mapper.CarInfoMapper.selectOne - ==>  Preparing: SELECT car_id,car_brand,car_series,car_type,car_price,car_count,car_user_time,transfer_count,car_car_mileage,car_color,car_picture_id,car_gear_box,car_displacement,produce_time,car_configuration,car_seat,car_fuel_type,car_quality_time,car_region_id,car_front_tyre,rear_tyre,car_describe,create_time,update_time FROM car_info WHERE (car_id = ?)
2021-03-22 16:06:16.552 [DEBUG] com.dippy.mapper.CarInfoMapper.selectOne - ==> Parameters: 4(Integer)
2021-03-22 16:06:16.554 [DEBUG] com.dippy.mapper.CarInfoMapper.selectOne - <==      Total: 0
2021-03-22 16:06:17.565 [DEBUG] com.dippy.mapper.CarInfoMapper.selectOne - ==>  Preparing: SELECT car_id,car_brand,car_series,car_type,car_price,car_count,car_user_time,transfer_count,car_car_mileage,car_color,car_picture_id,car_gear_box,car_displacement,produce_time,car_configuration,car_seat,car_fuel_type,car_quality_time,car_region_id,car_front_tyre,rear_tyre,car_describe,create_time,update_time FROM car_info WHERE (car_id = ?)
2021-03-22 16:06:17.566 [DEBUG] com.dippy.mapper.CarInfoMapper.selectOne - ==> Parameters: 4(Integer)
2021-03-22 16:06:17.568 [DEBUG] com.dippy.mapper.CarInfoMapper.selectOne - <==      Total: 0
2021-03-22 16:06:18.581 [DEBUG] com.dippy.mapper.CarInfoMapper.selectOne - ==>  Preparing: SELECT car_id,car_brand,car_series,car_type,car_price,car_count,car_user_time,transfer_count,car_car_mileage,car_color,car_picture_id,car_gear_box,car_displacement,produce_time,car_configuration,car_seat,car_fuel_type,car_quality_time,car_region_id,car_front_tyre,rear_tyre,car_describe,create_time,update_time FROM car_info WHERE (car_id = ?)
2021-03-22 16:06:18.582 [DEBUG] com.dippy.mapper.CarInfoMapper.selectOne - ==> Parameters: 4(Integer)
2021-03-22 16:06:18.583 [DEBUG] com.dippy.mapper.CarInfoMapper.selectOne - <==      Total: 0
2021-03-22 16:06:19.620 [DEBUG] com.dippy.mapper.CarInfoMapper.selectOne - ==>  Preparing: SELECT car_id,car_brand,car_series,car_type,car_price,car_count,car_user_time,transfer_count,car_car_mileage,car_color,car_picture_id,car_gear_box,car_displacement,produce_time,car_configuration,car_seat,car_fuel_type,car_quality_time,car_region_id,car_front_tyre,rear_tyre,car_describe,create_time,update_time FROM car_info WHERE (car_id = ?)
2021-03-22 16:06:19.621 [DEBUG] com.dippy.mapper.CarInfoMapper.selectOne - ==> Parameters: 4(Integer)
2021-03-22 16:06:19.623 [DEBUG] com.dippy.mapper.CarInfoMapper.selectOne - <==      Total: 0
2021-03-22 16:06:20.633 [DEBUG] com.dippy.mapper.CarInfoMapper.selectOne - ==>  Preparing: SELECT car_id,car_brand,car_series,car_type,car_price,car_count,car_user_time,transfer_count,car_car_mileage,car_color,car_picture_id,car_gear_box,car_displacement,produce_time,car_configuration,car_seat,car_fuel_type,car_quality_time,car_region_id,car_front_tyre,rear_tyre,car_describe,create_time,update_time FROM car_info WHERE (car_id = ?)
2021-03-22 16:06:20.633 [DEBUG] com.dippy.mapper.CarInfoMapper.selectOne - ==> Parameters: 4(Integer)
2021-03-22 16:06:20.635 [DEBUG] com.dippy.mapper.CarInfoMapper.selectOne - <==      Total: 0
2021-03-22 16:06:21.647 [DEBUG] com.dippy.mapper.CarInfoMapper.selectOne - ==>  Preparing: SELECT car_id,car_brand,car_series,car_type,car_price,car_count,car_user_time,transfer_count,car_car_mileage,car_color,car_picture_id,car_gear_box,car_displacement,produce_time,car_configuration,car_seat,car_fuel_type,car_quality_time,car_region_id,car_front_tyre,rear_tyre,car_describe,create_time,update_time FROM car_info WHERE (car_id = ?)
2021-03-22 16:06:21.648 [DEBUG] com.dippy.mapper.CarInfoMapper.selectOne - ==> Parameters: 4(Integer)
2021-03-22 16:06:21.649 [DEBUG] com.dippy.mapper.CarInfoMapper.selectOne - <==      Total: 0
2021-03-22 16:06:22.660 [DEBUG] com.dippy.mapper.CarInfoMapper.selectOne - ==>  Preparing: SELECT car_id,car_brand,car_series,car_type,car_price,car_count,car_user_time,transfer_count,car_car_mileage,car_color,car_picture_id,car_gear_box,car_displacement,produce_time,car_configuration,car_seat,car_fuel_type,car_quality_time,car_region_id,car_front_tyre,rear_tyre,car_describe,create_time,update_time FROM car_info WHERE (car_id = ?)
2021-03-22 16:06:22.661 [DEBUG] com.dippy.mapper.CarInfoMapper.selectOne - ==> Parameters: 4(Integer)
2021-03-22 16:06:22.662 [DEBUG] com.dippy.mapper.CarInfoMapper.selectOne - <==      Total: 0
2021-03-22 16:06:23.671 [DEBUG] com.dippy.mapper.CarInfoMapper.selectOne - ==>  Preparing: SELECT car_id,car_brand,car_series,car_type,car_price,car_count,car_user_time,transfer_count,car_car_mileage,car_color,car_picture_id,car_gear_box,car_displacement,produce_time,car_configuration,car_seat,car_fuel_type,car_quality_time,car_region_id,car_front_tyre,rear_tyre,car_describe,create_time,update_time FROM car_info WHERE (car_id = ?)
2021-03-22 16:06:23.672 [DEBUG] com.dippy.mapper.CarInfoMapper.selectOne - ==> Parameters: 4(Integer)
2021-03-22 16:06:23.673 [DEBUG] com.dippy.mapper.CarInfoMapper.selectOne - <==      Total: 0
2021-03-22 16:06:24.684 [DEBUG] com.dippy.mapper.CarInfoMapper.selectOne - ==>  Preparing: SELECT car_id,car_brand,car_series,car_type,car_price,car_count,car_user_time,transfer_count,car_car_mileage,car_color,car_picture_id,car_gear_box,car_displacement,produce_time,car_configuration,car_seat,car_fuel_type,car_quality_time,car_region_id,car_front_tyre,rear_tyre,car_describe,create_time,update_time FROM car_info WHERE (car_id = ?)
2021-03-22 16:06:24.685 [DEBUG] com.dippy.mapper.CarInfoMapper.selectOne - ==> Parameters: 4(Integer)
2021-03-22 16:06:24.686 [DEBUG] com.dippy.mapper.CarInfoMapper.selectOne - <==      Total: 0
2021-03-22 16:06:25.777 [DEBUG] com.dippy.mapper.CarInfoMapper.selectOne - ==>  Preparing: SELECT car_id,car_brand,car_series,car_type,car_price,car_count,car_user_time,transfer_count,car_car_mileage,car_color,car_picture_id,car_gear_box,car_displacement,produce_time,car_configuration,car_seat,car_fuel_type,car_quality_time,car_region_id,car_front_tyre,rear_tyre,car_describe,create_time,update_time FROM car_info WHERE (car_id = ?)
2021-03-22 16:06:25.778 [DEBUG] com.dippy.mapper.CarInfoMapper.selectOne - ==> Parameters: 4(Integer)
2021-03-22 16:06:25.781 [DEBUG] com.dippy.mapper.CarInfoMapper.selectOne - <==      Total: 0
2021-03-22 16:06:26.791 [DEBUG] com.dippy.mapper.CarInfoMapper.selectOne - ==>  Preparing: SELECT car_id,car_brand,car_series,car_type,car_price,car_count,car_user_time,transfer_count,car_car_mileage,car_color,car_picture_id,car_gear_box,car_displacement,produce_time,car_configuration,car_seat,car_fuel_type,car_quality_time,car_region_id,car_front_tyre,rear_tyre,car_describe,create_time,update_time FROM car_info WHERE (car_id = ?)
2021-03-22 16:06:26.792 [DEBUG] com.dippy.mapper.CarInfoMapper.selectOne - ==> Parameters: 4(Integer)
2021-03-22 16:06:26.793 [DEBUG] com.dippy.mapper.CarInfoMapper.selectOne - <==      Total: 0
2021-03-22 16:06:28.805 [DEBUG] com.dippy.mapper.CarInfoMapper.selectOne - ==>  Preparing: SELECT car_id,car_brand,car_series,car_type,car_price,car_count,car_user_time,transfer_count,car_car_mileage,car_color,car_picture_id,car_gear_box,car_displacement,produce_time,car_configuration,car_seat,car_fuel_type,car_quality_time,car_region_id,car_front_tyre,rear_tyre,car_describe,create_time,update_time FROM car_info WHERE (car_id = ?)
2021-03-22 16:06:28.805 [DEBUG] com.dippy.mapper.CarInfoMapper.selectOne - ==> Parameters: 4(Integer)
2021-03-22 16:06:28.807 [DEBUG] com.dippy.mapper.CarInfoMapper.selectOne - <==      Total: 0
2021-03-22 16:06:30.929 [DEBUG] com.dippy.mapper.CarInfoMapper.selectOne - ==>  Preparing: SELECT car_id,car_brand,car_series,car_type,car_price,car_count,car_user_time,transfer_count,car_car_mileage,car_color,car_picture_id,car_gear_box,car_displacement,produce_time,car_configuration,car_seat,car_fuel_type,car_quality_time,car_region_id,car_front_tyre,rear_tyre,car_describe,create_time,update_time FROM car_info WHERE (car_id = ?)
2021-03-22 16:06:30.929 [DEBUG] com.dippy.mapper.CarInfoMapper.selectOne - ==> Parameters: 4(Integer)
2021-03-22 16:06:30.931 [DEBUG] com.dippy.mapper.CarInfoMapper.selectOne - <==      Total: 0
2021-03-22 16:11:41.854 [DEBUG] com.dippy.mapper.CarInfoMapper.selectOne - ==>  Preparing: SELECT car_id,car_brand,car_series,car_type,car_price,car_count,car_user_time,transfer_count,car_car_mileage,car_color,car_picture_id,car_gear_box,car_displacement,produce_time,car_configuration,car_seat,car_fuel_type,car_quality_time,car_region_id,car_front_tyre,rear_tyre,car_describe,create_time,update_time FROM car_info WHERE (car_id = ?)
2021-03-22 16:11:41.899 [DEBUG] com.dippy.mapper.CarInfoMapper.selectOne - ==> Parameters: 4(Integer)
2021-03-22 16:11:41.941 [DEBUG] com.dippy.mapper.CarInfoMapper.selectOne - <==      Total: 0
2021-03-22 16:11:44.093 [DEBUG] com.dippy.mapper.CarInfoMapper.selectOne - ==>  Preparing: SELECT car_id,car_brand,car_series,car_type,car_price,car_count,car_user_time,transfer_count,car_car_mileage,car_color,car_picture_id,car_gear_box,car_displacement,produce_time,car_configuration,car_seat,car_fuel_type,car_quality_time,car_region_id,car_front_tyre,rear_tyre,car_describe,create_time,update_time FROM car_info WHERE (car_id = ?)
2021-03-22 16:11:44.094 [DEBUG] com.dippy.mapper.CarInfoMapper.selectOne - ==> Parameters: 4(Integer)
2021-03-22 16:11:44.096 [DEBUG] com.dippy.mapper.CarInfoMapper.selectOne - <==      Total: 0
2021-03-22 16:11:45.112 [DEBUG] com.dippy.mapper.CarInfoMapper.selectOne - ==>  Preparing: SELECT car_id,car_brand,car_series,car_type,car_price,car_count,car_user_time,transfer_count,car_car_mileage,car_color,car_picture_id,car_gear_box,car_displacement,produce_time,car_configuration,car_seat,car_fuel_type,car_quality_time,car_region_id,car_front_tyre,rear_tyre,car_describe,create_time,update_time FROM car_info WHERE (car_id = ?)
2021-03-22 16:11:45.112 [DEBUG] com.dippy.mapper.CarInfoMapper.selectOne - ==> Parameters: 4(Integer)
2021-03-22 16:11:45.115 [DEBUG] com.dippy.mapper.CarInfoMapper.selectOne - <==      Total: 0
2021-03-22 16:11:46.129 [DEBUG] com.dippy.mapper.CarInfoMapper.selectOne - ==>  Preparing: SELECT car_id,car_brand,car_series,car_type,car_price,car_count,car_user_time,transfer_count,car_car_mileage,car_color,car_picture_id,car_gear_box,car_displacement,produce_time,car_configuration,car_seat,car_fuel_type,car_quality_time,car_region_id,car_front_tyre,rear_tyre,car_describe,create_time,update_time FROM car_info WHERE (car_id = ?)
2021-03-22 16:11:46.131 [DEBUG] com.dippy.mapper.CarInfoMapper.selectOne - ==> Parameters: 4(Integer)
2021-03-22 16:11:46.131 [DEBUG] com.dippy.mapper.CarInfoMapper.selectOne - <==      Total: 0
2021-03-22 16:11:47.145 [DEBUG] com.dippy.mapper.CarInfoMapper.selectOne - ==>  Preparing: SELECT car_id,car_brand,car_series,car_type,car_price,car_count,car_user_time,transfer_count,car_car_mileage,car_color,car_picture_id,car_gear_box,car_displacement,produce_time,car_configuration,car_seat,car_fuel_type,car_quality_time,car_region_id,car_front_tyre,rear_tyre,car_describe,create_time,update_time FROM car_info WHERE (car_id = ?)
2021-03-22 16:11:47.146 [DEBUG] com.dippy.mapper.CarInfoMapper.selectOne - ==> Parameters: 4(Integer)
2021-03-22 16:11:47.148 [DEBUG] com.dippy.mapper.CarInfoMapper.selectOne - <==      Total: 0
2021-03-22 16:11:48.162 [DEBUG] com.dippy.mapper.CarInfoMapper.selectOne - ==>  Preparing: SELECT car_id,car_brand,car_series,car_type,car_price,car_count,car_user_time,transfer_count,car_car_mileage,car_color,car_picture_id,car_gear_box,car_displacement,produce_time,car_configuration,car_seat,car_fuel_type,car_quality_time,car_region_id,car_front_tyre,rear_tyre,car_describe,create_time,update_time FROM car_info WHERE (car_id = ?)
2021-03-22 16:11:48.163 [DEBUG] com.dippy.mapper.CarInfoMapper.selectOne - ==> Parameters: 4(Integer)
2021-03-22 16:11:48.165 [DEBUG] com.dippy.mapper.CarInfoMapper.selectOne - <==      Total: 0
2021-03-22 16:11:49.176 [DEBUG] com.dippy.mapper.CarInfoMapper.selectOne - ==>  Preparing: SELECT car_id,car_brand,car_series,car_type,car_price,car_count,car_user_time,transfer_count,car_car_mileage,car_color,car_picture_id,car_gear_box,car_displacement,produce_time,car_configuration,car_seat,car_fuel_type,car_quality_time,car_region_id,car_front_tyre,rear_tyre,car_describe,create_time,update_time FROM car_info WHERE (car_id = ?)
2021-03-22 16:11:49.177 [DEBUG] com.dippy.mapper.CarInfoMapper.selectOne - ==> Parameters: 4(Integer)
2021-03-22 16:11:49.178 [DEBUG] com.dippy.mapper.CarInfoMapper.selectOne - <==      Total: 0
2021-03-22 16:11:50.190 [DEBUG] com.dippy.mapper.CarInfoMapper.selectOne - ==>  Preparing: SELECT car_id,car_brand,car_series,car_type,car_price,car_count,car_user_time,transfer_count,car_car_mileage,car_color,car_picture_id,car_gear_box,car_displacement,produce_time,car_configuration,car_seat,car_fuel_type,car_quality_time,car_region_id,car_front_tyre,rear_tyre,car_describe,create_time,update_time FROM car_info WHERE (car_id = ?)
2021-03-22 16:11:50.191 [DEBUG] com.dippy.mapper.CarInfoMapper.selectOne - ==> Parameters: 4(Integer)
2021-03-22 16:11:50.192 [DEBUG] com.dippy.mapper.CarInfoMapper.selectOne - <==      Total: 0
2021-03-22 16:11:51.204 [DEBUG] com.dippy.mapper.CarInfoMapper.selectOne - ==>  Preparing: SELECT car_id,car_brand,car_series,car_type,car_price,car_count,car_user_time,transfer_count,car_car_mileage,car_color,car_picture_id,car_gear_box,car_displacement,produce_time,car_configuration,car_seat,car_fuel_type,car_quality_time,car_region_id,car_front_tyre,rear_tyre,car_describe,create_time,update_time FROM car_info WHERE (car_id = ?)
2021-03-22 16:11:51.205 [DEBUG] com.dippy.mapper.CarInfoMapper.selectOne - ==> Parameters: 4(Integer)
2021-03-22 16:11:51.207 [DEBUG] com.dippy.mapper.CarInfoMapper.selectOne - <==      Total: 0
2021-03-22 16:11:52.220 [DEBUG] com.dippy.mapper.CarInfoMapper.selectOne - ==>  Preparing: SELECT car_id,car_brand,car_series,car_type,car_price,car_count,car_user_time,transfer_count,car_car_mileage,car_color,car_picture_id,car_gear_box,car_displacement,produce_time,car_configuration,car_seat,car_fuel_type,car_quality_time,car_region_id,car_front_tyre,rear_tyre,car_describe,create_time,update_time FROM car_info WHERE (car_id = ?)
2021-03-22 16:11:52.221 [DEBUG] com.dippy.mapper.CarInfoMapper.selectOne - ==> Parameters: 4(Integer)
2021-03-22 16:11:52.223 [DEBUG] com.dippy.mapper.CarInfoMapper.selectOne - <==      Total: 0
2021-03-22 16:11:53.235 [DEBUG] com.dippy.mapper.CarInfoMapper.selectOne - ==>  Preparing: SELECT car_id,car_brand,car_series,car_type,car_price,car_count,car_user_time,transfer_count,car_car_mileage,car_color,car_picture_id,car_gear_box,car_displacement,produce_time,car_configuration,car_seat,car_fuel_type,car_quality_time,car_region_id,car_front_tyre,rear_tyre,car_describe,create_time,update_time FROM car_info WHERE (car_id = ?)
2021-03-22 16:11:53.236 [DEBUG] com.dippy.mapper.CarInfoMapper.selectOne - ==> Parameters: 4(Integer)
2021-03-22 16:11:53.238 [DEBUG] com.dippy.mapper.CarInfoMapper.selectOne - <==      Total: 0
2021-03-22 16:11:54.251 [DEBUG] com.dippy.mapper.CarInfoMapper.selectOne - ==>  Preparing: SELECT car_id,car_brand,car_series,car_type,car_price,car_count,car_user_time,transfer_count,car_car_mileage,car_color,car_picture_id,car_gear_box,car_displacement,produce_time,car_configuration,car_seat,car_fuel_type,car_quality_time,car_region_id,car_front_tyre,rear_tyre,car_describe,create_time,update_time FROM car_info WHERE (car_id = ?)
2021-03-22 16:11:54.252 [DEBUG] com.dippy.mapper.CarInfoMapper.selectOne - ==> Parameters: 4(Integer)
2021-03-22 16:11:54.254 [DEBUG] com.dippy.mapper.CarInfoMapper.selectOne - <==      Total: 0
2021-03-22 16:11:55.267 [DEBUG] com.dippy.mapper.CarInfoMapper.selectOne - ==>  Preparing: SELECT car_id,car_brand,car_series,car_type,car_price,car_count,car_user_time,transfer_count,car_car_mileage,car_color,car_picture_id,car_gear_box,car_displacement,produce_time,car_configuration,car_seat,car_fuel_type,car_quality_time,car_region_id,car_front_tyre,rear_tyre,car_describe,create_time,update_time FROM car_info WHERE (car_id = ?)
2021-03-22 16:11:55.268 [DEBUG] com.dippy.mapper.CarInfoMapper.selectOne - ==> Parameters: 4(Integer)
2021-03-22 16:11:55.270 [DEBUG] com.dippy.mapper.CarInfoMapper.selectOne - <==      Total: 0
2021-03-22 16:17:52.309 [DEBUG] com.dippy.mapper.CarInfoMapper.deleteById - ==>  Preparing: DELETE FROM car_info WHERE car_id=?
2021-03-22 16:17:52.371 [DEBUG] com.dippy.mapper.CarInfoMapper.deleteById - ==> Parameters: 6(Integer)
2021-03-22 16:17:52.376 [DEBUG] com.dippy.mapper.CarInfoMapper.deleteById - <==    Updates: 1
2021-03-22 16:32:06.277 [DEBUG] com.dippy.mapper.CarInfoMapper.deleteById - ==>  Preparing: DELETE FROM car_info WHERE car_id=?
2021-03-22 16:32:06.337 [DEBUG] com.dippy.mapper.CarInfoMapper.deleteById - ==> Parameters: 7(Integer)
2021-03-22 16:32:06.343 [DEBUG] com.dippy.mapper.CarInfoMapper.deleteById - <==    Updates: 1
2021-03-22 16:40:42.876 [DEBUG] com.dippy.mapper.CarInfoMapper.selectPage - ==>  Preparing: SELECT COUNT(1) FROM car_info
2021-03-22 16:40:42.887 [DEBUG] com.dippy.mapper.CarInfoMapper.selectPage - ==> Parameters: 
2021-03-22 16:40:43.039 [DEBUG] com.dippy.mapper.CarInfoMapper.selectPage - ==>  Preparing: SELECT car_id,car_brand,car_series,car_type,car_price,car_count,car_user_time,transfer_count,car_car_mileage,car_color,car_picture_id,car_gear_box,car_displacement,produce_time,car_configuration,car_seat,car_fuel_type,car_quality_time,car_region_id,car_front_tyre,rear_tyre,car_describe,create_time,update_time FROM car_info LIMIT ?
2021-03-22 16:40:43.041 [DEBUG] com.dippy.mapper.CarInfoMapper.selectPage - ==> Parameters: 5(Long)
2021-03-22 16:40:43.079 [DEBUG] com.dippy.mapper.CarInfoMapper.selectPage - <==      Total: 5
2021-03-22 16:41:47.969 [DEBUG] com.dippy.mapper.CarInfoMapper.deleteById - ==>  Preparing: DELETE FROM car_info WHERE car_id=?
2021-03-22 16:41:47.970 [DEBUG] com.dippy.mapper.CarInfoMapper.deleteById - ==> Parameters: 5(Integer)
2021-03-22 16:41:47.978 [DEBUG] com.dippy.mapper.CarInfoMapper.deleteById - <==    Updates: 1
