2020-12-18 15:33:00.004 [main] WARN  org.mybatis.spring.mapper.ClassPathMapperScanner - Skipping MapperFactoryBean with name 'userInfoMapper' and 'com.dippy.mapper.UserInfoMapper' mapperInterface. Bean already defined with the same name!
2020-12-18 15:33:00.013 [main] WARN  org.mybatis.spring.mapper.ClassPathMapperScanner - No MyBatis mapper was found in '[com.dippy.mapper]' package. Please check your configuration.
2020-12-18 15:44:39.027 [http-nio-8090-exec-5] WARN  org.mybatis.spring.mapper.ClassPathMapperScanner - No MyBatis mapper was found in '[com.dippy.mapper]' package. Please check your configuration.
2020-12-18 15:44:39.048 [http-nio-8090-exec-5] WARN  org.mybatis.spring.mapper.ClassPathMapperScanner - No MyBatis mapper was found in '[com.dippy.mapper]' package. Please check your configuration.
2020-12-18 15:50:59.572 [HikariPool-1 housekeeper] WARN  com.zaxxer.hikari.pool.HikariPool - HikariPool-1 - Thread starvation or clock leap detected (housekeeper delta=1m8s333ms384µs800ns).
2020-12-18 15:55:31.543 [http-nio-8090-exec-6] WARN  org.mybatis.spring.mapper.ClassPathMapperScanner - No MyBatis mapper was found in '[com.dippy.mapper]' package. Please check your configuration.
2020-12-18 15:55:31.559 [http-nio-8090-exec-6] WARN  org.mybatis.spring.mapper.ClassPathMapperScanner - No MyBatis mapper was found in '[com.dippy.mapper]' package. Please check your configuration.
2020-12-18 15:57:35.387 [HikariPool-1 housekeeper] WARN  com.zaxxer.hikari.pool.HikariPool - HikariPool-1 - Thread starvation or clock leap detected (housekeeper delta=1m2s50ms700µs100ns).
2020-12-18 15:57:59.348 [http-nio-8090-exec-7] WARN  o.s.security.crypto.bcrypt.BCryptPasswordEncoder - Encoded password does not look like BCrypt
2020-12-18 16:02:03.972 [main] WARN  org.mybatis.spring.mapper.ClassPathMapperScanner - Skipping MapperFactoryBean with name 'userInfoMapper' and 'com.dippy.mapper.UserInfoMapper' mapperInterface. Bean already defined with the same name!
2020-12-18 16:02:03.973 [main] WARN  org.mybatis.spring.mapper.ClassPathMapperScanner - No MyBatis mapper was found in '[com.dippy.mapper]' package. Please check your configuration.
2020-12-18 16:04:03.920 [http-nio-8090-exec-2] WARN  o.s.security.crypto.bcrypt.BCryptPasswordEncoder - Encoded password does not look like BCrypt
2020-12-18 16:04:58.859 [http-nio-8090-exec-3] WARN  org.mybatis.spring.mapper.ClassPathMapperScanner - No MyBatis mapper was found in '[com.dippy.mapper]' package. Please check your configuration.
2020-12-18 16:04:58.872 [http-nio-8090-exec-3] WARN  org.mybatis.spring.mapper.ClassPathMapperScanner - No MyBatis mapper was found in '[com.dippy.mapper]' package. Please check your configuration.
2020-12-18 16:07:49.722 [HikariPool-1 housekeeper] WARN  com.zaxxer.hikari.pool.HikariPool - HikariPool-1 - Thread starvation or clock leap detected (housekeeper delta=1m37s272ms435µs800ns).
2020-12-18 16:08:33.461 [http-nio-8090-exec-4] WARN  o.s.security.crypto.bcrypt.BCryptPasswordEncoder - Encoded password does not look like BCrypt
2020-12-18 16:09:55.224 [HikariPool-1 housekeeper] WARN  com.zaxxer.hikari.pool.HikariPool - HikariPool-1 - Thread starvation or clock leap detected (housekeeper delta=1m23s27ms738µs500ns).
2020-12-18 16:12:50.612 [http-nio-8090-exec-6] WARN  org.mybatis.spring.mapper.ClassPathMapperScanner - No MyBatis mapper was found in '[com.dippy.mapper]' package. Please check your configuration.
2020-12-18 16:12:50.620 [http-nio-8090-exec-6] WARN  org.mybatis.spring.mapper.ClassPathMapperScanner - No MyBatis mapper was found in '[com.dippy.mapper]' package. Please check your configuration.
2020-12-18 16:13:00.122 [http-nio-8090-exec-7] WARN  o.s.security.crypto.bcrypt.BCryptPasswordEncoder - Encoded password does not look like BCrypt
2020-12-18 16:16:38.326 [http-nio-8090-exec-9] WARN  org.mybatis.spring.mapper.ClassPathMapperScanner - No MyBatis mapper was found in '[com.dippy.mapper]' package. Please check your configuration.
2020-12-18 16:16:38.334 [http-nio-8090-exec-9] WARN  org.mybatis.spring.mapper.ClassPathMapperScanner - No MyBatis mapper was found in '[com.dippy.mapper]' package. Please check your configuration.
2020-12-18 16:17:55.411 [HikariPool-1 housekeeper] WARN  com.zaxxer.hikari.pool.HikariPool - HikariPool-1 - Thread starvation or clock leap detected (housekeeper delta=48s659ms538µs300ns).
2020-12-18 19:10:05.906 [main] WARN  org.mybatis.spring.mapper.ClassPathMapperScanner - Skipping MapperFactoryBean with name 'userInfoMapper' and 'com.dippy.mapper.UserInfoMapper' mapperInterface. Bean already defined with the same name!
2020-12-18 19:10:05.927 [main] WARN  org.mybatis.spring.mapper.ClassPathMapperScanner - No MyBatis mapper was found in '[com.dippy.mapper]' package. Please check your configuration.
2020-12-18 19:16:42.570 [http-nio-8090-exec-3] WARN  o.s.security.crypto.bcrypt.BCryptPasswordEncoder - Encoded password does not look like BCrypt
2020-12-18 19:26:53.672 [http-nio-8090-exec-5] WARN  org.mybatis.spring.mapper.ClassPathMapperScanner - No MyBatis mapper was found in '[com.dippy.mapper]' package. Please check your configuration.
2020-12-18 19:26:53.788 [http-nio-8090-exec-5] WARN  org.mybatis.spring.mapper.ClassPathMapperScanner - No MyBatis mapper was found in '[com.dippy.mapper]' package. Please check your configuration.
2020-12-18 19:28:04.681 [http-nio-8090-exec-9] WARN  o.s.security.crypto.bcrypt.BCryptPasswordEncoder - Encoded password does not look like BCrypt
2020-12-18 19:30:02.470 [http-nio-8090-exec-1] WARN  org.mybatis.spring.mapper.ClassPathMapperScanner - No MyBatis mapper was found in '[com.dippy.mapper]' package. Please check your configuration.
2020-12-18 19:30:02.775 [http-nio-8090-exec-1] WARN  org.mybatis.spring.mapper.ClassPathMapperScanner - No MyBatis mapper was found in '[com.dippy.mapper]' package. Please check your configuration.
2020-12-18 19:30:12.666 [http-nio-8090-exec-2] WARN  o.s.security.crypto.bcrypt.BCryptPasswordEncoder - Encoded password does not look like BCrypt
2020-12-18 19:32:03.160 [http-nio-8090-exec-7] WARN  o.s.security.crypto.bcrypt.BCryptPasswordEncoder - Encoded password does not look like BCrypt
