2021-05-21 16:03:56.934 [main] WARN  org.mybatis.spring.mapper.ClassPathMapperScanner - Skipping MapperFactoryBean with name 'carInfoMapper' and 'com.dippy.mapper.CarInfoMapper' mapperInterface. Bean already defined with the same name!
2021-05-21 16:03:56.939 [main] WARN  org.mybatis.spring.mapper.ClassPathMapperScanner - Skipping MapperFactoryBean with name 'carPictureMapper' and 'com.dippy.mapper.CarPictureMapper' mapperInterface. Bean already defined with the same name!
2021-05-21 16:03:56.940 [main] WARN  org.mybatis.spring.mapper.ClassPathMapperScanner - Skipping MapperFactoryBean with name 'logLoginMapper' and 'com.dippy.mapper.LogLoginMapper' mapperInterface. Bean already defined with the same name!
2021-05-21 16:03:56.941 [main] WARN  org.mybatis.spring.mapper.ClassPathMapperScanner - Skipping MapperFactoryBean with name 'persistentLoginsMapper' and 'com.dippy.mapper.PersistentLoginsMapper' mapperInterface. Bean already defined with the same name!
2021-05-21 16:03:56.942 [main] WARN  org.mybatis.spring.mapper.ClassPathMapperScanner - Skipping MapperFactoryBean with name 'regionMapper' and 'com.dippy.mapper.RegionMapper' mapperInterface. Bean already defined with the same name!
2021-05-21 16:03:56.943 [main] WARN  org.mybatis.spring.mapper.ClassPathMapperScanner - Skipping MapperFactoryBean with name 'sellerCarMapper' and 'com.dippy.mapper.SellerCarMapper' mapperInterface. Bean already defined with the same name!
2021-05-21 16:03:56.943 [main] WARN  org.mybatis.spring.mapper.ClassPathMapperScanner - Skipping MapperFactoryBean with name 'shAreaMapper' and 'com.dippy.mapper.ShAreaMapper' mapperInterface. Bean already defined with the same name!
2021-05-21 16:03:56.944 [main] WARN  org.mybatis.spring.mapper.ClassPathMapperScanner - Skipping MapperFactoryBean with name 'sysOrderMapper' and 'com.dippy.mapper.SysOrderMapper' mapperInterface. Bean already defined with the same name!
2021-05-21 16:03:56.944 [main] WARN  org.mybatis.spring.mapper.ClassPathMapperScanner - Skipping MapperFactoryBean with name 'sysPermissionMapper' and 'com.dippy.mapper.SysPermissionMapper' mapperInterface. Bean already defined with the same name!
2021-05-21 16:03:56.944 [main] WARN  org.mybatis.spring.mapper.ClassPathMapperScanner - Skipping MapperFactoryBean with name 'sysRoleMapper' and 'com.dippy.mapper.SysRoleMapper' mapperInterface. Bean already defined with the same name!
2021-05-21 16:03:56.944 [main] WARN  org.mybatis.spring.mapper.ClassPathMapperScanner - Skipping MapperFactoryBean with name 'sysRolePermissionMapper' and 'com.dippy.mapper.SysRolePermissionMapper' mapperInterface. Bean already defined with the same name!
2021-05-21 16:03:56.945 [main] WARN  org.mybatis.spring.mapper.ClassPathMapperScanner - Skipping MapperFactoryBean with name 'sysRoleUserMapper' and 'com.dippy.mapper.SysRoleUserMapper' mapperInterface. Bean already defined with the same name!
2021-05-21 16:03:56.946 [main] WARN  org.mybatis.spring.mapper.ClassPathMapperScanner - Skipping MapperFactoryBean with name 'sysUserAddressMapper' and 'com.dippy.mapper.SysUserAddressMapper' mapperInterface. Bean already defined with the same name!
2021-05-21 16:03:56.947 [main] WARN  org.mybatis.spring.mapper.ClassPathMapperScanner - Skipping MapperFactoryBean with name 'sysUserChatMessageMapper' and 'com.dippy.mapper.SysUserChatMessageMapper' mapperInterface. Bean already defined with the same name!
2021-05-21 16:03:56.947 [main] WARN  org.mybatis.spring.mapper.ClassPathMapperScanner - Skipping MapperFactoryBean with name 'sysUserCollectCarMapper' and 'com.dippy.mapper.SysUserCollectCarMapper' mapperInterface. Bean already defined with the same name!
2021-05-21 16:03:56.947 [main] WARN  org.mybatis.spring.mapper.ClassPathMapperScanner - Skipping MapperFactoryBean with name 'sysUserMapper' and 'com.dippy.mapper.SysUserMapper' mapperInterface. Bean already defined with the same name!
2021-05-21 16:03:56.947 [main] WARN  org.mybatis.spring.mapper.ClassPathMapperScanner - Skipping MapperFactoryBean with name 'userAddressMapper' and 'com.dippy.mapper.UserAddressMapper' mapperInterface. Bean already defined with the same name!
2021-05-21 16:03:56.948 [main] WARN  org.mybatis.spring.mapper.ClassPathMapperScanner - Skipping MapperFactoryBean with name 'userInfoMapper' and 'com.dippy.mapper.UserInfoMapper' mapperInterface. Bean already defined with the same name!
2021-05-21 16:03:56.949 [main] WARN  org.mybatis.spring.mapper.ClassPathMapperScanner - No MyBatis mapper was found in '[com.dippy.mapper]' package. Please check your configuration.
2021-05-21 16:04:01.350 [main] WARN  c.b.mybatisplus.core.metadata.TableInfoHelper - Can not find table primary key in Class: "com.dippy.entity.PersistentLogins".
2021-05-21 16:04:01.445 [main] WARN  c.b.mybatisplus.core.metadata.TableInfoHelper - Can not find table primary key in Class: "com.dippy.entity.SellerCar".
2021-05-21 16:04:01.718 [main] WARN  c.b.mybatisplus.core.metadata.TableInfoHelper - Can not find table primary key in Class: "com.dippy.entity.SysRoleUser".
2021-05-21 16:04:01.850 [main] WARN  c.b.mybatisplus.core.metadata.TableInfoHelper - Can not find table primary key in Class: "com.dippy.entity.SysUserCollectCars".
2021-05-21 16:04:07.540 [main] WARN  org.springframework.data.convert.CustomConversions - Registering converter from class org.springframework.data.geo.Point to interface java.util.Map as writing converter although it doesn't convert to a store-supported type! You might want to check your annotation setup at the converter implementation.
2021-05-21 16:04:07.541 [main] WARN  org.springframework.data.convert.CustomConversions - Registering converter from interface java.util.Map to class org.springframework.data.geo.Point as reading converter although it doesn't convert from a store-supported type! You might want to check your annotation setup at the converter implementation.
2021-05-21 16:04:07.541 [main] WARN  org.springframework.data.convert.CustomConversions - Registering converter from class org.springframework.data.elasticsearch.core.geo.GeoPoint to interface java.util.Map as writing converter although it doesn't convert to a store-supported type! You might want to check your annotation setup at the converter implementation.
2021-05-21 16:04:07.542 [main] WARN  org.springframework.data.convert.CustomConversions - Registering converter from interface java.util.Map to class org.springframework.data.elasticsearch.core.geo.GeoPoint as reading converter although it doesn't convert from a store-supported type! You might want to check your annotation setup at the converter implementation.
2021-05-21 16:04:07.879 [main] WARN  o.s.data.elasticsearch.support.VersionInfo - Version mismatch in between Elasticsearch Clients build/use: 7.6.2 - 7.10.1
2021-05-21 16:05:00.042 [http-nio-8090-exec-2] WARN  o.s.w.s.m.m.a.ExceptionHandlerExceptionResolver - Resolved [MyException(code=2020, errMsg=用户异常！请退出后重新登录)]
2021-05-21 16:07:02.367 [http-nio-8090-exec-9] WARN  o.s.w.s.m.m.a.ExceptionHandlerExceptionResolver - Resolved [MyException(code=2020, errMsg=用户异常！请退出后重新登录)]
2021-05-21 17:49:14.813 [AMQP Connection 192.168.88.145:5672] WARN  com.rabbitmq.client.impl.ForgivingExceptionHandler - An unexpected connection driver error occured (Exception message: Connection reset)
2021-05-21 19:21:15.775 [HikariPool-1 housekeeper] WARN  com.zaxxer.hikari.pool.HikariPool - HikariPool-1 - Thread starvation or clock leap detected (housekeeper delta=1h32m14s195ms381µs).
2021-05-21 19:21:51.860 [org.springframework.amqp.rabbit.RabbitListenerEndpointContainer#0-2] WARN  o.s.a.r.listener.SimpleMessageListenerContainer - Consumer raised exception, processing can restart if the connection factory supports it. Exception summary: org.springframework.amqp.AmqpConnectException: java.net.ConnectException: Connection timed out: connect
2021-05-21 19:21:58.395 [http-nio-8090-exec-7] WARN  o.s.w.s.m.m.a.ExceptionHandlerExceptionResolver - Resolved [java.lang.NullPointerException]
2021-05-21 19:22:38.917 [org.springframework.amqp.rabbit.RabbitListenerEndpointContainer#0-3] WARN  o.s.a.r.listener.SimpleMessageListenerContainer - Consumer raised exception, processing can restart if the connection factory supports it. Exception summary: org.springframework.amqp.AmqpConnectException: java.net.ConnectException: Connection timed out: connect
2021-05-21 19:23:08.873 [http-nio-8090-exec-10] WARN  o.s.w.s.m.m.a.ExceptionHandlerExceptionResolver - Resolved [java.lang.NullPointerException]
2021-05-21 19:23:25.957 [org.springframework.amqp.rabbit.RabbitListenerEndpointContainer#0-4] WARN  o.s.a.r.listener.SimpleMessageListenerContainer - Consumer raised exception, processing can restart if the connection factory supports it. Exception summary: org.springframework.amqp.AmqpConnectException: java.net.ConnectException: Connection timed out: connect
2021-05-21 19:27:35.204 [main] WARN  org.mybatis.spring.mapper.ClassPathMapperScanner - Skipping MapperFactoryBean with name 'carInfoMapper' and 'com.dippy.mapper.CarInfoMapper' mapperInterface. Bean already defined with the same name!
2021-05-21 19:27:35.205 [main] WARN  org.mybatis.spring.mapper.ClassPathMapperScanner - Skipping MapperFactoryBean with name 'carPictureMapper' and 'com.dippy.mapper.CarPictureMapper' mapperInterface. Bean already defined with the same name!
2021-05-21 19:27:35.206 [main] WARN  org.mybatis.spring.mapper.ClassPathMapperScanner - Skipping MapperFactoryBean with name 'logLoginMapper' and 'com.dippy.mapper.LogLoginMapper' mapperInterface. Bean already defined with the same name!
2021-05-21 19:27:35.206 [main] WARN  org.mybatis.spring.mapper.ClassPathMapperScanner - Skipping MapperFactoryBean with name 'persistentLoginsMapper' and 'com.dippy.mapper.PersistentLoginsMapper' mapperInterface. Bean already defined with the same name!
2021-05-21 19:27:35.206 [main] WARN  org.mybatis.spring.mapper.ClassPathMapperScanner - Skipping MapperFactoryBean with name 'regionMapper' and 'com.dippy.mapper.RegionMapper' mapperInterface. Bean already defined with the same name!
2021-05-21 19:27:35.207 [main] WARN  org.mybatis.spring.mapper.ClassPathMapperScanner - Skipping MapperFactoryBean with name 'sellerCarMapper' and 'com.dippy.mapper.SellerCarMapper' mapperInterface. Bean already defined with the same name!
2021-05-21 19:27:35.207 [main] WARN  org.mybatis.spring.mapper.ClassPathMapperScanner - Skipping MapperFactoryBean with name 'shAreaMapper' and 'com.dippy.mapper.ShAreaMapper' mapperInterface. Bean already defined with the same name!
2021-05-21 19:27:35.207 [main] WARN  org.mybatis.spring.mapper.ClassPathMapperScanner - Skipping MapperFactoryBean with name 'sysOrderMapper' and 'com.dippy.mapper.SysOrderMapper' mapperInterface. Bean already defined with the same name!
2021-05-21 19:27:35.207 [main] WARN  org.mybatis.spring.mapper.ClassPathMapperScanner - Skipping MapperFactoryBean with name 'sysPermissionMapper' and 'com.dippy.mapper.SysPermissionMapper' mapperInterface. Bean already defined with the same name!
2021-05-21 19:27:35.208 [main] WARN  org.mybatis.spring.mapper.ClassPathMapperScanner - Skipping MapperFactoryBean with name 'sysRoleMapper' and 'com.dippy.mapper.SysRoleMapper' mapperInterface. Bean already defined with the same name!
2021-05-21 19:27:35.208 [main] WARN  org.mybatis.spring.mapper.ClassPathMapperScanner - Skipping MapperFactoryBean with name 'sysRolePermissionMapper' and 'com.dippy.mapper.SysRolePermissionMapper' mapperInterface. Bean already defined with the same name!
2021-05-21 19:27:35.208 [main] WARN  org.mybatis.spring.mapper.ClassPathMapperScanner - Skipping MapperFactoryBean with name 'sysRoleUserMapper' and 'com.dippy.mapper.SysRoleUserMapper' mapperInterface. Bean already defined with the same name!
2021-05-21 19:27:35.209 [main] WARN  org.mybatis.spring.mapper.ClassPathMapperScanner - Skipping MapperFactoryBean with name 'sysUserAddressMapper' and 'com.dippy.mapper.SysUserAddressMapper' mapperInterface. Bean already defined with the same name!
2021-05-21 19:27:35.209 [main] WARN  org.mybatis.spring.mapper.ClassPathMapperScanner - Skipping MapperFactoryBean with name 'sysUserChatMessageMapper' and 'com.dippy.mapper.SysUserChatMessageMapper' mapperInterface. Bean already defined with the same name!
2021-05-21 19:27:35.209 [main] WARN  org.mybatis.spring.mapper.ClassPathMapperScanner - Skipping MapperFactoryBean with name 'sysUserCollectCarMapper' and 'com.dippy.mapper.SysUserCollectCarMapper' mapperInterface. Bean already defined with the same name!
2021-05-21 19:27:35.210 [main] WARN  org.mybatis.spring.mapper.ClassPathMapperScanner - Skipping MapperFactoryBean with name 'sysUserMapper' and 'com.dippy.mapper.SysUserMapper' mapperInterface. Bean already defined with the same name!
2021-05-21 19:27:35.210 [main] WARN  org.mybatis.spring.mapper.ClassPathMapperScanner - Skipping MapperFactoryBean with name 'userAddressMapper' and 'com.dippy.mapper.UserAddressMapper' mapperInterface. Bean already defined with the same name!
2021-05-21 19:27:35.211 [main] WARN  org.mybatis.spring.mapper.ClassPathMapperScanner - Skipping MapperFactoryBean with name 'userInfoMapper' and 'com.dippy.mapper.UserInfoMapper' mapperInterface. Bean already defined with the same name!
2021-05-21 19:27:35.211 [main] WARN  org.mybatis.spring.mapper.ClassPathMapperScanner - No MyBatis mapper was found in '[com.dippy.mapper]' package. Please check your configuration.
2021-05-21 19:27:38.741 [main] WARN  c.b.mybatisplus.core.metadata.TableInfoHelper - Can not find table primary key in Class: "com.dippy.entity.PersistentLogins".
2021-05-21 19:27:38.993 [main] WARN  c.b.mybatisplus.core.metadata.TableInfoHelper - Can not find table primary key in Class: "com.dippy.entity.SellerCar".
2021-05-21 19:27:39.492 [main] WARN  c.b.mybatisplus.core.metadata.TableInfoHelper - Can not find table primary key in Class: "com.dippy.entity.SysRoleUser".
2021-05-21 19:27:39.597 [main] WARN  c.b.mybatisplus.core.metadata.TableInfoHelper - Can not find table primary key in Class: "com.dippy.entity.SysUserCollectCars".
2021-05-21 19:27:44.993 [main] WARN  org.springframework.data.convert.CustomConversions - Registering converter from class org.springframework.data.geo.Point to interface java.util.Map as writing converter although it doesn't convert to a store-supported type! You might want to check your annotation setup at the converter implementation.
2021-05-21 19:27:44.994 [main] WARN  org.springframework.data.convert.CustomConversions - Registering converter from interface java.util.Map to class org.springframework.data.geo.Point as reading converter although it doesn't convert from a store-supported type! You might want to check your annotation setup at the converter implementation.
2021-05-21 19:27:44.994 [main] WARN  org.springframework.data.convert.CustomConversions - Registering converter from class org.springframework.data.elasticsearch.core.geo.GeoPoint to interface java.util.Map as writing converter although it doesn't convert to a store-supported type! You might want to check your annotation setup at the converter implementation.
2021-05-21 19:27:44.994 [main] WARN  org.springframework.data.convert.CustomConversions - Registering converter from interface java.util.Map to class org.springframework.data.elasticsearch.core.geo.GeoPoint as reading converter although it doesn't convert from a store-supported type! You might want to check your annotation setup at the converter implementation.
2021-05-21 19:27:45.218 [main] WARN  o.s.data.elasticsearch.support.VersionInfo - Version mismatch in between Elasticsearch Clients build/use: 7.6.2 - 7.10.1
2021-05-21 19:31:04.675 [http-nio-8090-exec-2] WARN  org.mybatis.spring.mapper.ClassPathMapperScanner - No MyBatis mapper was found in '[com.dippy.mapper]' package. Please check your configuration.
2021-05-21 19:31:04.769 [http-nio-8090-exec-2] WARN  org.mybatis.spring.mapper.ClassPathMapperScanner - No MyBatis mapper was found in '[com.dippy.mapper]' package. Please check your configuration.
2021-05-21 19:31:59.180 [main] WARN  org.mybatis.spring.mapper.ClassPathMapperScanner - Skipping MapperFactoryBean with name 'carInfoMapper' and 'com.dippy.mapper.CarInfoMapper' mapperInterface. Bean already defined with the same name!
2021-05-21 19:31:59.181 [main] WARN  org.mybatis.spring.mapper.ClassPathMapperScanner - Skipping MapperFactoryBean with name 'carPictureMapper' and 'com.dippy.mapper.CarPictureMapper' mapperInterface. Bean already defined with the same name!
2021-05-21 19:31:59.181 [main] WARN  org.mybatis.spring.mapper.ClassPathMapperScanner - Skipping MapperFactoryBean with name 'logLoginMapper' and 'com.dippy.mapper.LogLoginMapper' mapperInterface. Bean already defined with the same name!
2021-05-21 19:31:59.182 [main] WARN  org.mybatis.spring.mapper.ClassPathMapperScanner - Skipping MapperFactoryBean with name 'persistentLoginsMapper' and 'com.dippy.mapper.PersistentLoginsMapper' mapperInterface. Bean already defined with the same name!
2021-05-21 19:31:59.182 [main] WARN  org.mybatis.spring.mapper.ClassPathMapperScanner - Skipping MapperFactoryBean with name 'regionMapper' and 'com.dippy.mapper.RegionMapper' mapperInterface. Bean already defined with the same name!
2021-05-21 19:31:59.182 [main] WARN  org.mybatis.spring.mapper.ClassPathMapperScanner - Skipping MapperFactoryBean with name 'sellerCarMapper' and 'com.dippy.mapper.SellerCarMapper' mapperInterface. Bean already defined with the same name!
2021-05-21 19:31:59.183 [main] WARN  org.mybatis.spring.mapper.ClassPathMapperScanner - Skipping MapperFactoryBean with name 'shAreaMapper' and 'com.dippy.mapper.ShAreaMapper' mapperInterface. Bean already defined with the same name!
2021-05-21 19:31:59.183 [main] WARN  org.mybatis.spring.mapper.ClassPathMapperScanner - Skipping MapperFactoryBean with name 'sysOrderMapper' and 'com.dippy.mapper.SysOrderMapper' mapperInterface. Bean already defined with the same name!
2021-05-21 19:31:59.183 [main] WARN  org.mybatis.spring.mapper.ClassPathMapperScanner - Skipping MapperFactoryBean with name 'sysPermissionMapper' and 'com.dippy.mapper.SysPermissionMapper' mapperInterface. Bean already defined with the same name!
2021-05-21 19:31:59.184 [main] WARN  org.mybatis.spring.mapper.ClassPathMapperScanner - Skipping MapperFactoryBean with name 'sysRoleMapper' and 'com.dippy.mapper.SysRoleMapper' mapperInterface. Bean already defined with the same name!
2021-05-21 19:31:59.184 [main] WARN  org.mybatis.spring.mapper.ClassPathMapperScanner - Skipping MapperFactoryBean with name 'sysRolePermissionMapper' and 'com.dippy.mapper.SysRolePermissionMapper' mapperInterface. Bean already defined with the same name!
2021-05-21 19:31:59.184 [main] WARN  org.mybatis.spring.mapper.ClassPathMapperScanner - Skipping MapperFactoryBean with name 'sysRoleUserMapper' and 'com.dippy.mapper.SysRoleUserMapper' mapperInterface. Bean already defined with the same name!
2021-05-21 19:31:59.184 [main] WARN  org.mybatis.spring.mapper.ClassPathMapperScanner - Skipping MapperFactoryBean with name 'sysUserAddressMapper' and 'com.dippy.mapper.SysUserAddressMapper' mapperInterface. Bean already defined with the same name!
2021-05-21 19:31:59.185 [main] WARN  org.mybatis.spring.mapper.ClassPathMapperScanner - Skipping MapperFactoryBean with name 'sysUserChatMessageMapper' and 'com.dippy.mapper.SysUserChatMessageMapper' mapperInterface. Bean already defined with the same name!
2021-05-21 19:31:59.203 [main] WARN  org.mybatis.spring.mapper.ClassPathMapperScanner - Skipping MapperFactoryBean with name 'sysUserCollectCarMapper' and 'com.dippy.mapper.SysUserCollectCarMapper' mapperInterface. Bean already defined with the same name!
2021-05-21 19:31:59.204 [main] WARN  org.mybatis.spring.mapper.ClassPathMapperScanner - Skipping MapperFactoryBean with name 'sysUserMapper' and 'com.dippy.mapper.SysUserMapper' mapperInterface. Bean already defined with the same name!
2021-05-21 19:31:59.204 [main] WARN  org.mybatis.spring.mapper.ClassPathMapperScanner - Skipping MapperFactoryBean with name 'userAddressMapper' and 'com.dippy.mapper.UserAddressMapper' mapperInterface. Bean already defined with the same name!
2021-05-21 19:31:59.204 [main] WARN  org.mybatis.spring.mapper.ClassPathMapperScanner - Skipping MapperFactoryBean with name 'userInfoMapper' and 'com.dippy.mapper.UserInfoMapper' mapperInterface. Bean already defined with the same name!
2021-05-21 19:31:59.205 [main] WARN  org.mybatis.spring.mapper.ClassPathMapperScanner - No MyBatis mapper was found in '[com.dippy.mapper]' package. Please check your configuration.
2021-05-21 19:32:03.253 [main] WARN  c.b.mybatisplus.core.metadata.TableInfoHelper - Can not find table primary key in Class: "com.dippy.entity.PersistentLogins".
2021-05-21 19:32:03.345 [main] WARN  c.b.mybatisplus.core.metadata.TableInfoHelper - Can not find table primary key in Class: "com.dippy.entity.SellerCar".
2021-05-21 19:32:03.620 [main] WARN  c.b.mybatisplus.core.metadata.TableInfoHelper - Can not find table primary key in Class: "com.dippy.entity.SysRoleUser".
2021-05-21 19:32:03.719 [main] WARN  c.b.mybatisplus.core.metadata.TableInfoHelper - Can not find table primary key in Class: "com.dippy.entity.SysUserCollectCars".
2021-05-21 19:32:10.620 [main] WARN  org.springframework.data.convert.CustomConversions - Registering converter from class org.springframework.data.geo.Point to interface java.util.Map as writing converter although it doesn't convert to a store-supported type! You might want to check your annotation setup at the converter implementation.
2021-05-21 19:32:10.620 [main] WARN  org.springframework.data.convert.CustomConversions - Registering converter from interface java.util.Map to class org.springframework.data.geo.Point as reading converter although it doesn't convert from a store-supported type! You might want to check your annotation setup at the converter implementation.
2021-05-21 19:32:10.621 [main] WARN  org.springframework.data.convert.CustomConversions - Registering converter from class org.springframework.data.elasticsearch.core.geo.GeoPoint to interface java.util.Map as writing converter although it doesn't convert to a store-supported type! You might want to check your annotation setup at the converter implementation.
2021-05-21 19:32:10.622 [main] WARN  org.springframework.data.convert.CustomConversions - Registering converter from interface java.util.Map to class org.springframework.data.elasticsearch.core.geo.GeoPoint as reading converter although it doesn't convert from a store-supported type! You might want to check your annotation setup at the converter implementation.
2021-05-21 19:32:10.946 [main] WARN  o.s.data.elasticsearch.support.VersionInfo - Version mismatch in between Elasticsearch Clients build/use: 7.6.2 - 7.10.1
2021-05-21 19:39:12.179 [http-nio-8090-exec-3] WARN  o.s.w.s.m.m.a.ExceptionHandlerExceptionResolver - Resolved [MyException(code=2020, errMsg=用户异常！请退出后重新登录)]
2021-05-21 19:39:19.514 [http-nio-8090-exec-4] WARN  o.s.w.s.m.m.a.ExceptionHandlerExceptionResolver - Resolved [MyException(code=2020, errMsg=用户异常！请退出后重新登录)]
2021-05-21 19:39:42.215 [http-nio-8090-exec-2] WARN  org.mybatis.spring.mapper.ClassPathMapperScanner - No MyBatis mapper was found in '[com.dippy.mapper]' package. Please check your configuration.
2021-05-21 19:39:42.217 [http-nio-8090-exec-2] WARN  org.mybatis.spring.mapper.ClassPathMapperScanner - No MyBatis mapper was found in '[com.dippy.mapper]' package. Please check your configuration.
2021-05-21 19:39:42.375 [http-nio-8090-exec-8] WARN  o.s.w.s.m.m.a.ExceptionHandlerExceptionResolver - Resolved [MyException(code=2020, errMsg=用户异常！请退出后重新登录)]
2021-05-21 19:39:48.853 [http-nio-8090-exec-5] WARN  o.s.w.s.m.m.a.ExceptionHandlerExceptionResolver - Resolved [MyException(code=2020, errMsg=用户异常！请退出后重新登录)]
2021-05-21 19:39:58.492 [http-nio-8090-exec-10] WARN  org.mybatis.spring.mapper.ClassPathMapperScanner - No MyBatis mapper was found in '[com.dippy.mapper]' package. Please check your configuration.
2021-05-21 19:39:58.495 [http-nio-8090-exec-10] WARN  org.mybatis.spring.mapper.ClassPathMapperScanner - No MyBatis mapper was found in '[com.dippy.mapper]' package. Please check your configuration.
2021-05-21 19:39:58.965 [http-nio-8090-exec-3] WARN  o.s.w.s.m.m.a.ExceptionHandlerExceptionResolver - Resolved [java.lang.NullPointerException]
2021-05-21 19:40:37.710 [http-nio-8090-exec-10] WARN  o.s.w.s.m.m.a.ExceptionHandlerExceptionResolver - Resolved [java.lang.NullPointerException]
2021-05-21 19:40:42.372 [http-nio-8090-exec-7] WARN  o.s.w.s.m.m.a.ExceptionHandlerExceptionResolver - Resolved [java.lang.NullPointerException]
2021-05-21 19:40:58.269 [http-nio-8090-exec-8] WARN  org.mybatis.spring.mapper.ClassPathMapperScanner - No MyBatis mapper was found in '[com.dippy.mapper]' package. Please check your configuration.
2021-05-21 19:40:58.271 [http-nio-8090-exec-8] WARN  org.mybatis.spring.mapper.ClassPathMapperScanner - No MyBatis mapper was found in '[com.dippy.mapper]' package. Please check your configuration.
2021-05-21 19:41:44.242 [http-nio-8090-exec-7] WARN  org.mybatis.spring.mapper.ClassPathMapperScanner - No MyBatis mapper was found in '[com.dippy.mapper]' package. Please check your configuration.
2021-05-21 19:41:44.245 [http-nio-8090-exec-7] WARN  org.mybatis.spring.mapper.ClassPathMapperScanner - No MyBatis mapper was found in '[com.dippy.mapper]' package. Please check your configuration.
2021-05-21 19:42:36.727 [http-nio-8090-exec-5] WARN  org.mybatis.spring.mapper.ClassPathMapperScanner - No MyBatis mapper was found in '[com.dippy.mapper]' package. Please check your configuration.
2021-05-21 19:42:36.729 [http-nio-8090-exec-5] WARN  org.mybatis.spring.mapper.ClassPathMapperScanner - No MyBatis mapper was found in '[com.dippy.mapper]' package. Please check your configuration.
2021-05-21 19:43:46.141 [http-nio-8090-exec-9] WARN  o.s.w.s.m.m.a.ExceptionHandlerExceptionResolver - Resolved [java.lang.NullPointerException]
2021-05-21 19:43:50.379 [http-nio-8090-exec-6] WARN  o.s.w.s.m.m.a.ExceptionHandlerExceptionResolver - Resolved [java.lang.NullPointerException]
2021-05-21 19:43:54.931 [http-nio-8090-exec-2] WARN  o.s.w.s.m.m.a.ExceptionHandlerExceptionResolver - Resolved [java.lang.NullPointerException]
2021-05-21 20:06:34.893 [AMQP Connection 192.168.88.146:5672] WARN  com.rabbitmq.client.impl.ForgivingExceptionHandler - An unexpected connection driver error occured (Exception message: Connection reset)
2021-05-21 20:23:16.536 [lettuce-nioEventLoop-4-2] WARN  io.lettuce.core.protocol.ConnectionWatchdog - Cannot reconnect to [yuechi.com:6379]: Reconnection attempt exceeded timeout of 60 SECONDS 
2021-05-21 20:23:21.150 [HikariPool-1 housekeeper] WARN  com.zaxxer.hikari.pool.HikariPool - HikariPool-1 - Thread starvation or clock leap detected (housekeeper delta=17m7s129ms575µs200ns).
2021-05-21 21:07:39.285 [http-nio-8090-exec-3] WARN  o.s.w.s.m.m.a.ExceptionHandlerExceptionResolver - Resolved [MyException(code=2020, errMsg=用户异常！请退出后重新登录)]
