2021-01-02 22:41:52.555 [INFO ] org.hibernate.validator.internal.util.Version - HV000001: Hibernate Validator 6.1.5.Final
2021-01-02 22:41:53.143 [INFO ] com.dippy.SpringbootSecondcarApplication - Starting SpringbootSecondcarApplication on Dippy with PID 6100 (E:\workspace\IDEA\springboot\springboot-secondcar\target\classes started by Mindless in E:\workspace\IDEA\springboot\springboot-secondcar)
2021-01-02 22:41:53.144 [INFO ] com.dippy.SpringbootSecondcarApplication - No active profile set, falling back to default profiles: default
2021-01-02 22:41:53.308 [INFO ] org.springframework.boot.devtools.env.DevToolsPropertyDefaultsPostProcessor - Devtools property defaults active! Set 'spring.devtools.add-properties' to 'false' to disable
2021-01-02 22:41:53.310 [INFO ] org.springframework.boot.devtools.env.DevToolsPropertyDefaultsPostProcessor - For additional web related logging consider setting the 'logging.level.web' property to 'DEBUG'
2021-01-02 22:41:58.540 [INFO ] org.springframework.data.repository.config.RepositoryConfigurationDelegate - Multiple Spring Data modules found, entering strict repository configuration mode!
2021-01-02 22:41:58.546 [INFO ] org.springframework.data.repository.config.RepositoryConfigurationDelegate - Bootstrapping Spring Data Redis repositories in DEFAULT mode.
2021-01-02 22:41:58.815 [INFO ] org.springframework.data.repository.config.RepositoryConfigurationDelegate - Finished Spring Data repository scanning in 190ms. Found 0 Redis repository interfaces.
2021-01-02 22:42:00.202 [INFO ] org.springframework.context.support.PostProcessorRegistrationDelegate$BeanPostProcessorChecker - Bean 'org.springframework.security.access.expression.method.DefaultMethodSecurityExpressionHandler@295191c0' of type [org.springframework.security.access.expression.method.DefaultMethodSecurityExpressionHandler] is not eligible for getting processed by all BeanPostProcessors (for example: not eligible for auto-proxying)
2021-01-02 22:42:00.261 [INFO ] org.springframework.context.support.PostProcessorRegistrationDelegate$BeanPostProcessorChecker - Bean 'methodSecurityMetadataSource' of type [org.springframework.security.access.method.DelegatingMethodSecurityMetadataSource] is not eligible for getting processed by all BeanPostProcessors (for example: not eligible for auto-proxying)
2021-01-02 22:42:02.323 [INFO ] org.springframework.boot.web.embedded.tomcat.TomcatWebServer - Tomcat initialized with port(s): 8090 (http)
2021-01-02 22:42:02.421 [INFO ] org.apache.coyote.http11.Http11NioProtocol - Initializing ProtocolHandler ["http-nio-8090"]
2021-01-02 22:42:02.424 [INFO ] org.apache.catalina.core.StandardService - Starting service [Tomcat]
2021-01-02 22:42:02.425 [INFO ] org.apache.catalina.core.StandardEngine - Starting Servlet engine: [Apache Tomcat/9.0.38]
2021-01-02 22:42:03.046 [INFO ] org.apache.catalina.core.ContainerBase.[Tomcat].[localhost].[/] - Initializing Spring embedded WebApplicationContext
2021-01-02 22:42:03.046 [INFO ] org.springframework.boot.web.servlet.context.ServletWebServerApplicationContext - Root WebApplicationContext: initialization completed in 9736 ms
2021-01-02 22:42:09.353 [INFO ] springfox.documentation.spring.web.PropertySourcedRequestMappingHandlerMapping - Mapped URL path [/v2/api-docs] onto method [springfox.documentation.swagger2.web.Swagger2Controller#getDocumentation(String, HttpServletRequest)]
2021-01-02 22:42:09.708 [INFO ] org.springframework.scheduling.concurrent.ThreadPoolTaskExecutor - Initializing ExecutorService 'applicationTaskExecutor'
2021-01-02 22:42:09.829 [INFO ] org.springframework.boot.devtools.autoconfigure.OptionalLiveReloadServer - LiveReload server is running on port 35729
2021-01-02 22:42:11.631 [INFO ] org.springframework.security.web.DefaultSecurityFilterChain - Creating filter chain: Ant [pattern='/captcha.jpg'], []
2021-01-02 22:42:11.711 [INFO ] org.springframework.security.web.DefaultSecurityFilterChain - Creating filter chain: any request, [org.springframework.security.web.context.request.async.WebAsyncManagerIntegrationFilter@54dde3f3, org.springframework.security.web.context.SecurityContextPersistenceFilter@6dfcd688, org.springframework.security.web.header.HeaderWriterFilter@1eccb6b1, org.springframework.web.filter.CorsFilter@53d54f93, org.springframework.security.web.authentication.logout.LogoutFilter@4aa7689b, com.dippy.filter.VerifyCodeFilter@2b31cc7, com.dippy.filter.VerifyCodeFilter@2b31cc7, com.dippy.filter.TokenFilter@70cf1b18, org.springframework.security.web.authentication.UsernamePasswordAuthenticationFilter@bc169fe, org.springframework.security.web.savedrequest.RequestCacheAwareFilter@7ce7f99, org.springframework.security.web.servletapi.SecurityContextHolderAwareRequestFilter@3aee6a37, org.springframework.security.web.authentication.rememberme.RememberMeAuthenticationFilter@2316bb32, org.springframework.security.web.authentication.AnonymousAuthenticationFilter@4c9bb210, org.springframework.security.web.session.SessionManagementFilter@55d24660, org.springframework.security.web.access.ExceptionTranslationFilter@11769032, org.springframework.security.web.access.intercept.FilterSecurityInterceptor@3735ed7d]
2021-01-02 22:42:11.874 [INFO ] org.apache.coyote.http11.Http11NioProtocol - Starting ProtocolHandler ["http-nio-8090"]
2021-01-02 22:42:11.938 [INFO ] org.springframework.boot.web.embedded.tomcat.TomcatWebServer - Tomcat started on port(s): 8090 (http) with context path ''
2021-01-02 22:42:11.940 [INFO ] springfox.documentation.spring.web.plugins.DocumentationPluginsBootstrapper - Context refreshed
2021-01-02 22:42:11.975 [INFO ] springfox.documentation.spring.web.plugins.DocumentationPluginsBootstrapper - Found 1 custom documentation plugin(s)
2021-01-02 22:42:12.053 [INFO ] springfox.documentation.spring.web.scanners.ApiListingReferenceScanner - Scanning for api listing references
2021-01-02 22:42:12.337 [INFO ] com.dippy.SpringbootSecondcarApplication - Started SpringbootSecondcarApplication in 22.842 seconds (JVM running for 41.385)
2021-01-02 22:43:23.768 [INFO ] org.apache.catalina.core.ContainerBase.[Tomcat].[localhost].[/] - Initializing Spring DispatcherServlet 'dispatcherServlet'
2021-01-02 22:43:28.289 [INFO ] com.dippy.controller.KaptchaController - 生成的getCaptcha: enxc8
2021-01-02 22:44:52.001 [INFO ] com.dippy.filter.VerifyCodeFilter - getSession后端的验证码为： enxc8
2021-01-02 22:44:52.392 [INFO ] com.dippy.service.impl.UserDetailServiceImpl - 执行UserDetailServiceImpl自定义登录逻辑---admin--用户名
2021-01-02 22:44:52.743 [INFO ] com.zaxxer.hikari.HikariDataSource - HikariPool-1 - Starting...
2021-01-02 22:44:53.291 [INFO ] com.zaxxer.hikari.HikariDataSource - HikariPool-1 - Start completed.
2021-01-02 22:44:53.675 [INFO ] com.dippy.common.SecurityHandlerConfig - 执行了SecurityHandlerConfig登录成功处理器------
2021-01-02 22:44:56.393 [INFO ] com.dippy.service.impl.TokenServiceJWTImpl - 生成的jwttoken为：eyJhbGciOiJIUzI1NiJ9.eyJMT0dJTl9VU0VSX0tFWSI6ImY5MmNhODI2LTRmZGItNGZiYS04MGM3LTU1YTcyNzJkMjQzNCJ9.CfQ5iuugrmwxGgWt7rubmdfFP8DX3u2vzrX_9IDEpag
2021-01-02 22:44:56.412 [INFO ] com.dippy.controller.UserInfoController - 登录成功页面
2021-01-02 22:53:23.150 [INFO ] org.springframework.scheduling.concurrent.ThreadPoolTaskExecutor - Shutting down ExecutorService 'applicationTaskExecutor'
2021-01-02 22:53:23.156 [INFO ] com.zaxxer.hikari.HikariDataSource - HikariPool-1 - Shutdown initiated...
2021-01-02 22:53:23.187 [INFO ] com.zaxxer.hikari.HikariDataSource - HikariPool-1 - Shutdown completed.
2021-01-02 22:53:32.248 [INFO ] org.hibernate.validator.internal.util.Version - HV000001: Hibernate Validator 6.1.5.Final
2021-01-02 22:53:32.422 [INFO ] com.dippy.SpringbootSecondcarApplication - Starting SpringbootSecondcarApplication on Dippy with PID 272 (E:\workspace\IDEA\springboot\springboot-secondcar\target\classes started by Mindless in E:\workspace\IDEA\springboot\springboot-secondcar)
2021-01-02 22:53:32.424 [INFO ] com.dippy.SpringbootSecondcarApplication - No active profile set, falling back to default profiles: default
2021-01-02 22:53:32.583 [INFO ] org.springframework.boot.devtools.env.DevToolsPropertyDefaultsPostProcessor - Devtools property defaults active! Set 'spring.devtools.add-properties' to 'false' to disable
2021-01-02 22:53:32.583 [INFO ] org.springframework.boot.devtools.env.DevToolsPropertyDefaultsPostProcessor - For additional web related logging consider setting the 'logging.level.web' property to 'DEBUG'
2021-01-02 22:53:34.371 [INFO ] org.springframework.data.repository.config.RepositoryConfigurationDelegate - Multiple Spring Data modules found, entering strict repository configuration mode!
2021-01-02 22:53:34.376 [INFO ] org.springframework.data.repository.config.RepositoryConfigurationDelegate - Bootstrapping Spring Data Redis repositories in DEFAULT mode.
2021-01-02 22:53:34.537 [INFO ] org.springframework.data.repository.config.RepositoryConfigurationDelegate - Finished Spring Data repository scanning in 135ms. Found 0 Redis repository interfaces.
2021-01-02 22:53:35.118 [INFO ] org.springframework.context.support.PostProcessorRegistrationDelegate$BeanPostProcessorChecker - Bean 'org.springframework.security.access.expression.method.DefaultMethodSecurityExpressionHandler@45571cfc' of type [org.springframework.security.access.expression.method.DefaultMethodSecurityExpressionHandler] is not eligible for getting processed by all BeanPostProcessors (for example: not eligible for auto-proxying)
2021-01-02 22:53:35.129 [INFO ] org.springframework.context.support.PostProcessorRegistrationDelegate$BeanPostProcessorChecker - Bean 'methodSecurityMetadataSource' of type [org.springframework.security.access.method.DelegatingMethodSecurityMetadataSource] is not eligible for getting processed by all BeanPostProcessors (for example: not eligible for auto-proxying)
2021-01-02 22:53:35.999 [INFO ] org.springframework.boot.web.embedded.tomcat.TomcatWebServer - Tomcat initialized with port(s): 8090 (http)
2021-01-02 22:53:36.024 [INFO ] org.apache.coyote.http11.Http11NioProtocol - Initializing ProtocolHandler ["http-nio-8090"]
2021-01-02 22:53:36.026 [INFO ] org.apache.catalina.core.StandardService - Starting service [Tomcat]
2021-01-02 22:53:36.027 [INFO ] org.apache.catalina.core.StandardEngine - Starting Servlet engine: [Apache Tomcat/9.0.38]
2021-01-02 22:53:36.287 [INFO ] org.apache.catalina.core.ContainerBase.[Tomcat].[localhost].[/] - Initializing Spring embedded WebApplicationContext
2021-01-02 22:53:36.287 [INFO ] org.springframework.boot.web.servlet.context.ServletWebServerApplicationContext - Root WebApplicationContext: initialization completed in 3703 ms
2021-01-02 22:53:38.868 [INFO ] springfox.documentation.spring.web.PropertySourcedRequestMappingHandlerMapping - Mapped URL path [/v2/api-docs] onto method [springfox.documentation.swagger2.web.Swagger2Controller#getDocumentation(String, HttpServletRequest)]
2021-01-02 22:53:39.125 [INFO ] org.springframework.scheduling.concurrent.ThreadPoolTaskExecutor - Initializing ExecutorService 'applicationTaskExecutor'
2021-01-02 22:53:39.219 [INFO ] org.springframework.boot.devtools.autoconfigure.OptionalLiveReloadServer - LiveReload server is running on port 35729
2021-01-02 22:53:40.218 [INFO ] org.springframework.security.web.DefaultSecurityFilterChain - Creating filter chain: Ant [pattern='/captcha.jpg'], []
2021-01-02 22:53:40.282 [INFO ] org.springframework.security.web.DefaultSecurityFilterChain - Creating filter chain: any request, [org.springframework.security.web.context.request.async.WebAsyncManagerIntegrationFilter@5d72da0b, org.springframework.security.web.context.SecurityContextPersistenceFilter@67915454, org.springframework.security.web.header.HeaderWriterFilter@35b70f9d, org.springframework.web.filter.CorsFilter@131b58d4, org.springframework.security.web.authentication.logout.LogoutFilter@6278371a, com.dippy.filter.VerifyCodeFilter@789d8fd6, com.dippy.filter.VerifyCodeFilter@789d8fd6, com.dippy.filter.TokenFilter@66130c3b, org.springframework.security.web.authentication.UsernamePasswordAuthenticationFilter@c6a1be2, org.springframework.security.web.savedrequest.RequestCacheAwareFilter@5a110e7d, org.springframework.security.web.servletapi.SecurityContextHolderAwareRequestFilter@1407b93f, org.springframework.security.web.authentication.rememberme.RememberMeAuthenticationFilter@389fad5b, org.springframework.security.web.authentication.AnonymousAuthenticationFilter@285b63eb, org.springframework.security.web.session.SessionManagementFilter@5f63a6f2, org.springframework.security.web.access.ExceptionTranslationFilter@4557723a, org.springframework.security.web.access.intercept.FilterSecurityInterceptor@1ead6e20]
2021-01-02 22:53:40.433 [INFO ] org.apache.coyote.http11.Http11NioProtocol - Starting ProtocolHandler ["http-nio-8090"]
2021-01-02 22:53:40.481 [INFO ] org.springframework.boot.web.embedded.tomcat.TomcatWebServer - Tomcat started on port(s): 8090 (http) with context path ''
2021-01-02 22:53:40.482 [INFO ] springfox.documentation.spring.web.plugins.DocumentationPluginsBootstrapper - Context refreshed
2021-01-02 22:53:40.511 [INFO ] springfox.documentation.spring.web.plugins.DocumentationPluginsBootstrapper - Found 1 custom documentation plugin(s)
2021-01-02 22:53:40.576 [INFO ] springfox.documentation.spring.web.scanners.ApiListingReferenceScanner - Scanning for api listing references
2021-01-02 22:53:40.863 [INFO ] com.dippy.SpringbootSecondcarApplication - Started SpringbootSecondcarApplication in 9.977 seconds (JVM running for 15.421)
2021-01-02 22:54:51.908 [INFO ] org.apache.catalina.core.ContainerBase.[Tomcat].[localhost].[/] - Initializing Spring DispatcherServlet 'dispatcherServlet'
2021-01-02 22:54:51.989 [INFO ] com.zaxxer.hikari.HikariDataSource - HikariPool-1 - Starting...
2021-01-02 22:54:52.178 [INFO ] com.zaxxer.hikari.HikariDataSource - HikariPool-1 - Start completed.
2021-01-02 22:54:53.432 [INFO ] com.dippy.controller.KaptchaController - 生成的getCaptcha: a67ff
2021-01-02 22:55:11.535 [INFO ] com.dippy.filter.VerifyCodeFilter - getSession后端的验证码为： a67ff
2021-01-02 22:55:11.643 [INFO ] com.dippy.service.impl.UserDetailServiceImpl - 执行UserDetailServiceImpl自定义登录逻辑---admin--用户名
2021-01-02 22:55:11.981 [INFO ] com.dippy.common.SecurityHandlerConfig - 执行了SecurityHandlerConfig登录成功处理器------
2021-01-02 22:55:13.432 [INFO ] com.dippy.service.impl.TokenServiceJWTImpl - 生成的jwttoken为：eyJhbGciOiJIUzI1NiJ9.eyJMT0dJTl9VU0VSX0tFWSI6IjgzZTcxMjNhLThkN2YtNDAwNy04YjZhLTc1NTM4MGRiMGI5NSJ9.x9ryLMPGGNG6FbAjgQCERtc4x70p0CjBLHG7LPJvECc
2021-01-02 22:55:13.441 [INFO ] com.dippy.controller.UserInfoController - 登录成功页面
2021-01-02 22:57:37.980 [INFO ] com.dippy.controller.KaptchaController - 生成的getCaptcha: fem6y
2021-01-02 22:57:40.562 [INFO ] com.dippy.controller.KaptchaController - 生成的getCaptcha: 6f4wx
2021-01-02 22:58:05.024 [INFO ] com.dippy.filter.VerifyCodeFilter - getSession后端的验证码为： 6f4wx
2021-01-02 22:58:05.025 [INFO ] com.dippy.service.impl.UserDetailServiceImpl - 执行UserDetailServiceImpl自定义登录逻辑---admin--用户名
2021-01-02 22:58:05.145 [INFO ] com.dippy.common.SecurityHandlerConfig - 执行了SecurityHandlerConfig登录成功处理器------
2021-01-02 22:58:05.159 [INFO ] com.dippy.service.impl.TokenServiceJWTImpl - 生成的jwttoken为：eyJhbGciOiJIUzI1NiJ9.eyJMT0dJTl9VU0VSX0tFWSI6ImY0ZDY4ODZkLWU1MjktNDc0My05MDI0LWEwMzE1NmRlNjBiYiJ9.qy7I_fDDXVulbOIabuEBKnHFvYfz95zJOK7zUSilIDs
2021-01-02 22:58:21.556 [INFO ] com.dippy.controller.UserInfoController - 登录成功页面
2021-01-02 22:59:38.326 [INFO ] com.dippy.controller.KaptchaController - 生成的getCaptcha: xwne6
2021-01-02 22:59:52.298 [INFO ] com.dippy.filter.VerifyCodeFilter - getSession后端的验证码为： xwne6
2021-01-02 22:59:52.300 [INFO ] com.dippy.service.impl.UserDetailServiceImpl - 执行UserDetailServiceImpl自定义登录逻辑---admin--用户名
2021-01-02 22:59:52.442 [INFO ] com.dippy.common.SecurityHandlerConfig - 执行了SecurityHandlerConfig登录成功处理器------
2021-01-02 22:59:52.447 [INFO ] com.dippy.service.impl.TokenServiceJWTImpl - 生成的jwttoken为：eyJhbGciOiJIUzI1NiJ9.eyJMT0dJTl9VU0VSX0tFWSI6IjNiNDEyNjQ4LWVmZTEtNGRmNS04NTg5LTk1ZjczZWE3ZTM4YyJ9.wKfX6fX_hPzLzkHemEXRECPuEEn5WPQflhVZdJgvsHs
2021-01-02 22:59:52.449 [INFO ] com.dippy.controller.UserInfoController - 登录成功页面
