2021-04-28 10:15:05.229 [main] WARN  org.mybatis.spring.mapper.ClassPathMapperScanner - Skipping MapperFactoryBean with name 'carInfoMapper' and 'com.dippy.mapper.CarInfoMapper' mapperInterface. Bean already defined with the same name!
2021-04-28 10:15:05.230 [main] WARN  org.mybatis.spring.mapper.ClassPathMapperScanner - Skipping MapperFactoryBean with name 'carPictureMapper' and 'com.dippy.mapper.CarPictureMapper' mapperInterface. Bean already defined with the same name!
2021-04-28 10:15:05.231 [main] WARN  org.mybatis.spring.mapper.ClassPathMapperScanner - Skipping MapperFactoryBean with name 'logLoginMapper' and 'com.dippy.mapper.LogLoginMapper' mapperInterface. Bean already defined with the same name!
2021-04-28 10:15:05.232 [main] WARN  org.mybatis.spring.mapper.ClassPathMapperScanner - Skipping MapperFactoryBean with name 'persistentLoginsMapper' and 'com.dippy.mapper.PersistentLoginsMapper' mapperInterface. Bean already defined with the same name!
2021-04-28 10:15:05.233 [main] WARN  org.mybatis.spring.mapper.ClassPathMapperScanner - Skipping MapperFactoryBean with name 'regionMapper' and 'com.dippy.mapper.RegionMapper' mapperInterface. Bean already defined with the same name!
2021-04-28 10:15:05.233 [main] WARN  org.mybatis.spring.mapper.ClassPathMapperScanner - Skipping MapperFactoryBean with name 'sellerCarMapper' and 'com.dippy.mapper.SellerCarMapper' mapperInterface. Bean already defined with the same name!
2021-04-28 10:15:05.233 [main] WARN  org.mybatis.spring.mapper.ClassPathMapperScanner - Skipping MapperFactoryBean with name 'shAreaMapper' and 'com.dippy.mapper.ShAreaMapper' mapperInterface. Bean already defined with the same name!
2021-04-28 10:15:05.234 [main] WARN  org.mybatis.spring.mapper.ClassPathMapperScanner - Skipping MapperFactoryBean with name 'sysPermissionMapper' and 'com.dippy.mapper.SysPermissionMapper' mapperInterface. Bean already defined with the same name!
2021-04-28 10:15:05.235 [main] WARN  org.mybatis.spring.mapper.ClassPathMapperScanner - Skipping MapperFactoryBean with name 'sysRoleMapper' and 'com.dippy.mapper.SysRoleMapper' mapperInterface. Bean already defined with the same name!
2021-04-28 10:15:05.235 [main] WARN  org.mybatis.spring.mapper.ClassPathMapperScanner - Skipping MapperFactoryBean with name 'sysRolePermissionMapper' and 'com.dippy.mapper.SysRolePermissionMapper' mapperInterface. Bean already defined with the same name!
2021-04-28 10:15:05.236 [main] WARN  org.mybatis.spring.mapper.ClassPathMapperScanner - Skipping MapperFactoryBean with name 'sysRoleUserMapper' and 'com.dippy.mapper.SysRoleUserMapper' mapperInterface. Bean already defined with the same name!
2021-04-28 10:15:05.236 [main] WARN  org.mybatis.spring.mapper.ClassPathMapperScanner - Skipping MapperFactoryBean with name 'sysUserAddressMapper' and 'com.dippy.mapper.SysUserAddressMapper' mapperInterface. Bean already defined with the same name!
2021-04-28 10:15:05.236 [main] WARN  org.mybatis.spring.mapper.ClassPathMapperScanner - Skipping MapperFactoryBean with name 'sysUserMapper' and 'com.dippy.mapper.SysUserMapper' mapperInterface. Bean already defined with the same name!
2021-04-28 10:15:05.236 [main] WARN  org.mybatis.spring.mapper.ClassPathMapperScanner - Skipping MapperFactoryBean with name 'userAddressMapper' and 'com.dippy.mapper.UserAddressMapper' mapperInterface. Bean already defined with the same name!
2021-04-28 10:15:05.236 [main] WARN  org.mybatis.spring.mapper.ClassPathMapperScanner - Skipping MapperFactoryBean with name 'userInfoMapper' and 'com.dippy.mapper.UserInfoMapper' mapperInterface. Bean already defined with the same name!
2021-04-28 10:15:05.237 [main] WARN  org.mybatis.spring.mapper.ClassPathMapperScanner - No MyBatis mapper was found in '[com.dippy.mapper]' package. Please check your configuration.
2021-04-28 10:15:14.361 [main] WARN  c.b.mybatisplus.core.metadata.TableInfoHelper - Can not find table primary key in Class: "com.dippy.entity.PersistentLogins".
2021-04-28 10:15:14.833 [main] WARN  c.b.mybatisplus.core.metadata.TableInfoHelper - Can not find table primary key in Class: "com.dippy.entity.SysRoleUser".
2021-04-28 10:15:17.904 [main] WARN  org.springframework.data.convert.CustomConversions - Registering converter from class org.springframework.data.geo.Point to interface java.util.Map as writing converter although it doesn't convert to a store-supported type! You might want to check your annotation setup at the converter implementation.
2021-04-28 10:15:17.904 [main] WARN  org.springframework.data.convert.CustomConversions - Registering converter from interface java.util.Map to class org.springframework.data.geo.Point as reading converter although it doesn't convert from a store-supported type! You might want to check your annotation setup at the converter implementation.
2021-04-28 10:15:17.905 [main] WARN  org.springframework.data.convert.CustomConversions - Registering converter from class org.springframework.data.elasticsearch.core.geo.GeoPoint to interface java.util.Map as writing converter although it doesn't convert to a store-supported type! You might want to check your annotation setup at the converter implementation.
2021-04-28 10:15:17.906 [main] WARN  org.springframework.data.convert.CustomConversions - Registering converter from interface java.util.Map to class org.springframework.data.elasticsearch.core.geo.GeoPoint as reading converter although it doesn't convert from a store-supported type! You might want to check your annotation setup at the converter implementation.
2021-04-28 10:15:19.046 [main] WARN  o.s.data.elasticsearch.support.VersionInfo - Version mismatch in between Elasticsearch Clients build/use: 7.6.2 - 7.10.1
2021-04-28 10:15:21.453 [main] WARN  o.s.d.e.r.support.AbstractElasticsearchRepository - Cannot create index: Timeout connecting to [yuechi.com/192.168.88.134:9200]; nested exception is java.lang.RuntimeException: Timeout connecting to [yuechi.com/192.168.88.134:9200]
2021-04-28 10:16:34.452 [org.springframework.amqp.rabbit.RabbitListenerEndpointContainer#0-1] WARN  o.s.a.r.listener.SimpleMessageListenerContainer - Consumer raised exception, processing can restart if the connection factory supports it. Exception summary: org.springframework.amqp.AmqpConnectException: java.net.ConnectException: Connection timed out: connect
2021-04-28 10:17:21.525 [org.springframework.amqp.rabbit.RabbitListenerEndpointContainer#0-2] WARN  o.s.a.r.listener.SimpleMessageListenerContainer - Consumer raised exception, processing can restart if the connection factory supports it. Exception summary: org.springframework.amqp.AmqpConnectException: java.net.ConnectException: Connection timed out: connect
2021-04-28 10:18:08.555 [org.springframework.amqp.rabbit.RabbitListenerEndpointContainer#0-3] WARN  o.s.a.r.listener.SimpleMessageListenerContainer - Consumer raised exception, processing can restart if the connection factory supports it. Exception summary: org.springframework.amqp.AmqpConnectException: java.net.ConnectException: Connection timed out: connect
2021-04-28 10:46:45.171 [main] WARN  org.mybatis.spring.mapper.ClassPathMapperScanner - Skipping MapperFactoryBean with name 'carInfoMapper' and 'com.dippy.mapper.CarInfoMapper' mapperInterface. Bean already defined with the same name!
2021-04-28 10:46:45.191 [main] WARN  org.mybatis.spring.mapper.ClassPathMapperScanner - Skipping MapperFactoryBean with name 'carPictureMapper' and 'com.dippy.mapper.CarPictureMapper' mapperInterface. Bean already defined with the same name!
2021-04-28 10:46:45.191 [main] WARN  org.mybatis.spring.mapper.ClassPathMapperScanner - Skipping MapperFactoryBean with name 'logLoginMapper' and 'com.dippy.mapper.LogLoginMapper' mapperInterface. Bean already defined with the same name!
2021-04-28 10:46:45.191 [main] WARN  org.mybatis.spring.mapper.ClassPathMapperScanner - Skipping MapperFactoryBean with name 'persistentLoginsMapper' and 'com.dippy.mapper.PersistentLoginsMapper' mapperInterface. Bean already defined with the same name!
2021-04-28 10:46:45.192 [main] WARN  org.mybatis.spring.mapper.ClassPathMapperScanner - Skipping MapperFactoryBean with name 'regionMapper' and 'com.dippy.mapper.RegionMapper' mapperInterface. Bean already defined with the same name!
2021-04-28 10:46:45.192 [main] WARN  org.mybatis.spring.mapper.ClassPathMapperScanner - Skipping MapperFactoryBean with name 'sellerCarMapper' and 'com.dippy.mapper.SellerCarMapper' mapperInterface. Bean already defined with the same name!
2021-04-28 10:46:45.192 [main] WARN  org.mybatis.spring.mapper.ClassPathMapperScanner - Skipping MapperFactoryBean with name 'shAreaMapper' and 'com.dippy.mapper.ShAreaMapper' mapperInterface. Bean already defined with the same name!
2021-04-28 10:46:45.192 [main] WARN  org.mybatis.spring.mapper.ClassPathMapperScanner - Skipping MapperFactoryBean with name 'sysPermissionMapper' and 'com.dippy.mapper.SysPermissionMapper' mapperInterface. Bean already defined with the same name!
2021-04-28 10:46:45.193 [main] WARN  org.mybatis.spring.mapper.ClassPathMapperScanner - Skipping MapperFactoryBean with name 'sysRoleMapper' and 'com.dippy.mapper.SysRoleMapper' mapperInterface. Bean already defined with the same name!
2021-04-28 10:46:45.193 [main] WARN  org.mybatis.spring.mapper.ClassPathMapperScanner - Skipping MapperFactoryBean with name 'sysRolePermissionMapper' and 'com.dippy.mapper.SysRolePermissionMapper' mapperInterface. Bean already defined with the same name!
2021-04-28 10:46:45.193 [main] WARN  org.mybatis.spring.mapper.ClassPathMapperScanner - Skipping MapperFactoryBean with name 'sysRoleUserMapper' and 'com.dippy.mapper.SysRoleUserMapper' mapperInterface. Bean already defined with the same name!
2021-04-28 10:46:45.193 [main] WARN  org.mybatis.spring.mapper.ClassPathMapperScanner - Skipping MapperFactoryBean with name 'sysUserAddressMapper' and 'com.dippy.mapper.SysUserAddressMapper' mapperInterface. Bean already defined with the same name!
2021-04-28 10:46:45.193 [main] WARN  org.mybatis.spring.mapper.ClassPathMapperScanner - Skipping MapperFactoryBean with name 'sysUserMapper' and 'com.dippy.mapper.SysUserMapper' mapperInterface. Bean already defined with the same name!
2021-04-28 10:46:45.194 [main] WARN  org.mybatis.spring.mapper.ClassPathMapperScanner - Skipping MapperFactoryBean with name 'userAddressMapper' and 'com.dippy.mapper.UserAddressMapper' mapperInterface. Bean already defined with the same name!
2021-04-28 10:46:45.245 [main] WARN  org.mybatis.spring.mapper.ClassPathMapperScanner - Skipping MapperFactoryBean with name 'userInfoMapper' and 'com.dippy.mapper.UserInfoMapper' mapperInterface. Bean already defined with the same name!
2021-04-28 10:46:45.248 [main] WARN  org.mybatis.spring.mapper.ClassPathMapperScanner - No MyBatis mapper was found in '[com.dippy.mapper]' package. Please check your configuration.
2021-04-28 10:46:48.519 [main] WARN  c.b.mybatisplus.core.metadata.TableInfoHelper - Can not find table primary key in Class: "com.dippy.entity.PersistentLogins".
2021-04-28 10:46:48.766 [main] WARN  c.b.mybatisplus.core.metadata.TableInfoHelper - Can not find table primary key in Class: "com.dippy.entity.SysRoleUser".
2021-04-28 10:46:51.339 [main] WARN  org.springframework.data.convert.CustomConversions - Registering converter from class org.springframework.data.geo.Point to interface java.util.Map as writing converter although it doesn't convert to a store-supported type! You might want to check your annotation setup at the converter implementation.
2021-04-28 10:46:51.340 [main] WARN  org.springframework.data.convert.CustomConversions - Registering converter from interface java.util.Map to class org.springframework.data.geo.Point as reading converter although it doesn't convert from a store-supported type! You might want to check your annotation setup at the converter implementation.
2021-04-28 10:46:51.340 [main] WARN  org.springframework.data.convert.CustomConversions - Registering converter from class org.springframework.data.elasticsearch.core.geo.GeoPoint to interface java.util.Map as writing converter although it doesn't convert to a store-supported type! You might want to check your annotation setup at the converter implementation.
2021-04-28 10:46:51.341 [main] WARN  org.springframework.data.convert.CustomConversions - Registering converter from interface java.util.Map to class org.springframework.data.elasticsearch.core.geo.GeoPoint as reading converter although it doesn't convert from a store-supported type! You might want to check your annotation setup at the converter implementation.
2021-04-28 10:46:52.500 [main] WARN  o.s.data.elasticsearch.support.VersionInfo - Version mismatch in between Elasticsearch Clients build/use: 7.6.2 - 7.10.1
2021-04-28 10:46:53.778 [main] WARN  o.s.d.e.r.support.AbstractElasticsearchRepository - Cannot create index: Timeout connecting to [yuechi.com/192.168.88.134:9200]; nested exception is java.lang.RuntimeException: Timeout connecting to [yuechi.com/192.168.88.134:9200]
2021-04-28 10:48:07.010 [org.springframework.amqp.rabbit.RabbitListenerEndpointContainer#0-1] WARN  o.s.a.r.listener.SimpleMessageListenerContainer - Consumer raised exception, processing can restart if the connection factory supports it. Exception summary: org.springframework.amqp.AmqpConnectException: java.net.ConnectException: Connection timed out: connect
2021-04-28 10:48:54.066 [org.springframework.amqp.rabbit.RabbitListenerEndpointContainer#0-2] WARN  o.s.a.r.listener.SimpleMessageListenerContainer - Consumer raised exception, processing can restart if the connection factory supports it. Exception summary: org.springframework.amqp.AmqpConnectException: java.net.ConnectException: Connection timed out: connect
2021-04-28 10:49:41.148 [org.springframework.amqp.rabbit.RabbitListenerEndpointContainer#0-3] WARN  o.s.a.r.listener.SimpleMessageListenerContainer - Consumer raised exception, processing can restart if the connection factory supports it. Exception summary: org.springframework.amqp.AmqpConnectException: java.net.ConnectException: Connection timed out: connect
2021-04-28 10:50:28.232 [org.springframework.amqp.rabbit.RabbitListenerEndpointContainer#0-4] WARN  o.s.a.r.listener.SimpleMessageListenerContainer - Consumer raised exception, processing can restart if the connection factory supports it. Exception summary: org.springframework.amqp.AmqpConnectException: java.net.ConnectException: Connection timed out: connect
2021-04-28 10:51:15.319 [org.springframework.amqp.rabbit.RabbitListenerEndpointContainer#0-5] WARN  o.s.a.r.listener.SimpleMessageListenerContainer - Consumer raised exception, processing can restart if the connection factory supports it. Exception summary: org.springframework.amqp.AmqpConnectException: java.net.ConnectException: Connection timed out: connect
2021-04-28 10:52:02.359 [org.springframework.amqp.rabbit.RabbitListenerEndpointContainer#0-6] WARN  o.s.a.r.listener.SimpleMessageListenerContainer - Consumer raised exception, processing can restart if the connection factory supports it. Exception summary: org.springframework.amqp.AmqpConnectException: java.net.ConnectException: Connection timed out: connect
2021-04-28 10:52:49.459 [org.springframework.amqp.rabbit.RabbitListenerEndpointContainer#0-7] WARN  o.s.a.r.listener.SimpleMessageListenerContainer - Consumer raised exception, processing can restart if the connection factory supports it. Exception summary: org.springframework.amqp.AmqpConnectException: java.net.ConnectException: Connection timed out: connect
2021-04-28 10:53:36.512 [org.springframework.amqp.rabbit.RabbitListenerEndpointContainer#0-8] WARN  o.s.a.r.listener.SimpleMessageListenerContainer - Consumer raised exception, processing can restart if the connection factory supports it. Exception summary: org.springframework.amqp.AmqpConnectException: java.net.ConnectException: Connection timed out: connect
2021-04-28 10:54:23.966 [org.springframework.amqp.rabbit.RabbitListenerEndpointContainer#0-9] WARN  o.s.a.r.listener.SimpleMessageListenerContainer - Consumer raised exception, processing can restart if the connection factory supports it. Exception summary: org.springframework.amqp.AmqpConnectException: java.net.ConnectException: Connection timed out: connect
2021-04-28 10:55:11.002 [org.springframework.amqp.rabbit.RabbitListenerEndpointContainer#0-10] WARN  o.s.a.r.listener.SimpleMessageListenerContainer - Consumer raised exception, processing can restart if the connection factory supports it. Exception summary: org.springframework.amqp.AmqpConnectException: java.net.ConnectException: Connection timed out: connect
2021-04-28 10:55:58.044 [org.springframework.amqp.rabbit.RabbitListenerEndpointContainer#0-11] WARN  o.s.a.r.listener.SimpleMessageListenerContainer - Consumer raised exception, processing can restart if the connection factory supports it. Exception summary: org.springframework.amqp.AmqpConnectException: java.net.ConnectException: Connection timed out: connect
2021-04-28 10:56:45.111 [org.springframework.amqp.rabbit.RabbitListenerEndpointContainer#0-12] WARN  o.s.a.r.listener.SimpleMessageListenerContainer - Consumer raised exception, processing can restart if the connection factory supports it. Exception summary: org.springframework.amqp.AmqpConnectException: java.net.ConnectException: Connection timed out: connect
2021-04-28 10:57:32.194 [org.springframework.amqp.rabbit.RabbitListenerEndpointContainer#0-13] WARN  o.s.a.r.listener.SimpleMessageListenerContainer - Consumer raised exception, processing can restart if the connection factory supports it. Exception summary: org.springframework.amqp.AmqpConnectException: java.net.ConnectException: Connection timed out: connect
2021-04-28 10:58:27.123 [http-nio-8090-exec-1] WARN  o.s.w.s.m.m.a.ExceptionHandlerExceptionResolver - Resolved [java.lang.IllegalStateException: Shutdown in progress]
2021-04-28 10:58:52.890 [main] WARN  org.mybatis.spring.mapper.ClassPathMapperScanner - Skipping MapperFactoryBean with name 'carInfoMapper' and 'com.dippy.mapper.CarInfoMapper' mapperInterface. Bean already defined with the same name!
2021-04-28 10:58:52.891 [main] WARN  org.mybatis.spring.mapper.ClassPathMapperScanner - Skipping MapperFactoryBean with name 'carPictureMapper' and 'com.dippy.mapper.CarPictureMapper' mapperInterface. Bean already defined with the same name!
2021-04-28 10:58:52.891 [main] WARN  org.mybatis.spring.mapper.ClassPathMapperScanner - Skipping MapperFactoryBean with name 'logLoginMapper' and 'com.dippy.mapper.LogLoginMapper' mapperInterface. Bean already defined with the same name!
2021-04-28 10:58:52.892 [main] WARN  org.mybatis.spring.mapper.ClassPathMapperScanner - Skipping MapperFactoryBean with name 'persistentLoginsMapper' and 'com.dippy.mapper.PersistentLoginsMapper' mapperInterface. Bean already defined with the same name!
2021-04-28 10:58:52.892 [main] WARN  org.mybatis.spring.mapper.ClassPathMapperScanner - Skipping MapperFactoryBean with name 'regionMapper' and 'com.dippy.mapper.RegionMapper' mapperInterface. Bean already defined with the same name!
2021-04-28 10:58:52.893 [main] WARN  org.mybatis.spring.mapper.ClassPathMapperScanner - Skipping MapperFactoryBean with name 'sellerCarMapper' and 'com.dippy.mapper.SellerCarMapper' mapperInterface. Bean already defined with the same name!
2021-04-28 10:58:52.893 [main] WARN  org.mybatis.spring.mapper.ClassPathMapperScanner - Skipping MapperFactoryBean with name 'shAreaMapper' and 'com.dippy.mapper.ShAreaMapper' mapperInterface. Bean already defined with the same name!
2021-04-28 10:58:52.893 [main] WARN  org.mybatis.spring.mapper.ClassPathMapperScanner - Skipping MapperFactoryBean with name 'sysPermissionMapper' and 'com.dippy.mapper.SysPermissionMapper' mapperInterface. Bean already defined with the same name!
2021-04-28 10:58:52.893 [main] WARN  org.mybatis.spring.mapper.ClassPathMapperScanner - Skipping MapperFactoryBean with name 'sysRoleMapper' and 'com.dippy.mapper.SysRoleMapper' mapperInterface. Bean already defined with the same name!
2021-04-28 10:58:52.894 [main] WARN  org.mybatis.spring.mapper.ClassPathMapperScanner - Skipping MapperFactoryBean with name 'sysRolePermissionMapper' and 'com.dippy.mapper.SysRolePermissionMapper' mapperInterface. Bean already defined with the same name!
2021-04-28 10:58:52.894 [main] WARN  org.mybatis.spring.mapper.ClassPathMapperScanner - Skipping MapperFactoryBean with name 'sysRoleUserMapper' and 'com.dippy.mapper.SysRoleUserMapper' mapperInterface. Bean already defined with the same name!
2021-04-28 10:58:52.894 [main] WARN  org.mybatis.spring.mapper.ClassPathMapperScanner - Skipping MapperFactoryBean with name 'sysUserAddressMapper' and 'com.dippy.mapper.SysUserAddressMapper' mapperInterface. Bean already defined with the same name!
2021-04-28 10:58:52.895 [main] WARN  org.mybatis.spring.mapper.ClassPathMapperScanner - Skipping MapperFactoryBean with name 'sysUserMapper' and 'com.dippy.mapper.SysUserMapper' mapperInterface. Bean already defined with the same name!
2021-04-28 10:58:52.896 [main] WARN  org.mybatis.spring.mapper.ClassPathMapperScanner - Skipping MapperFactoryBean with name 'userAddressMapper' and 'com.dippy.mapper.UserAddressMapper' mapperInterface. Bean already defined with the same name!
2021-04-28 10:58:52.896 [main] WARN  org.mybatis.spring.mapper.ClassPathMapperScanner - Skipping MapperFactoryBean with name 'userInfoMapper' and 'com.dippy.mapper.UserInfoMapper' mapperInterface. Bean already defined with the same name!
2021-04-28 10:58:52.897 [main] WARN  org.mybatis.spring.mapper.ClassPathMapperScanner - No MyBatis mapper was found in '[com.dippy.mapper]' package. Please check your configuration.
2021-04-28 10:58:56.949 [main] WARN  c.b.mybatisplus.core.metadata.TableInfoHelper - Can not find table primary key in Class: "com.dippy.entity.PersistentLogins".
2021-04-28 10:58:57.399 [main] WARN  c.b.mybatisplus.core.metadata.TableInfoHelper - Can not find table primary key in Class: "com.dippy.entity.SysRoleUser".
2021-04-28 10:59:02.195 [main] WARN  org.springframework.data.convert.CustomConversions - Registering converter from class org.springframework.data.geo.Point to interface java.util.Map as writing converter although it doesn't convert to a store-supported type! You might want to check your annotation setup at the converter implementation.
2021-04-28 10:59:02.196 [main] WARN  org.springframework.data.convert.CustomConversions - Registering converter from interface java.util.Map to class org.springframework.data.geo.Point as reading converter although it doesn't convert from a store-supported type! You might want to check your annotation setup at the converter implementation.
2021-04-28 10:59:02.197 [main] WARN  org.springframework.data.convert.CustomConversions - Registering converter from class org.springframework.data.elasticsearch.core.geo.GeoPoint to interface java.util.Map as writing converter although it doesn't convert to a store-supported type! You might want to check your annotation setup at the converter implementation.
2021-04-28 10:59:02.197 [main] WARN  org.springframework.data.convert.CustomConversions - Registering converter from interface java.util.Map to class org.springframework.data.elasticsearch.core.geo.GeoPoint as reading converter although it doesn't convert from a store-supported type! You might want to check your annotation setup at the converter implementation.
2021-04-28 10:59:02.752 [main] WARN  o.s.data.elasticsearch.support.VersionInfo - Version mismatch in between Elasticsearch Clients build/use: 7.6.2 - 7.10.1
2021-04-28 22:47:46.449 [main] WARN  org.mybatis.spring.mapper.ClassPathMapperScanner - Skipping MapperFactoryBean with name 'carInfoMapper' and 'com.dippy.mapper.CarInfoMapper' mapperInterface. Bean already defined with the same name!
2021-04-28 22:47:46.473 [main] WARN  org.mybatis.spring.mapper.ClassPathMapperScanner - Skipping MapperFactoryBean with name 'carPictureMapper' and 'com.dippy.mapper.CarPictureMapper' mapperInterface. Bean already defined with the same name!
2021-04-28 22:47:46.473 [main] WARN  org.mybatis.spring.mapper.ClassPathMapperScanner - Skipping MapperFactoryBean with name 'logLoginMapper' and 'com.dippy.mapper.LogLoginMapper' mapperInterface. Bean already defined with the same name!
2021-04-28 22:47:46.474 [main] WARN  org.mybatis.spring.mapper.ClassPathMapperScanner - Skipping MapperFactoryBean with name 'persistentLoginsMapper' and 'com.dippy.mapper.PersistentLoginsMapper' mapperInterface. Bean already defined with the same name!
2021-04-28 22:47:46.474 [main] WARN  org.mybatis.spring.mapper.ClassPathMapperScanner - Skipping MapperFactoryBean with name 'regionMapper' and 'com.dippy.mapper.RegionMapper' mapperInterface. Bean already defined with the same name!
2021-04-28 22:47:46.474 [main] WARN  org.mybatis.spring.mapper.ClassPathMapperScanner - Skipping MapperFactoryBean with name 'sellerCarMapper' and 'com.dippy.mapper.SellerCarMapper' mapperInterface. Bean already defined with the same name!
2021-04-28 22:47:46.474 [main] WARN  org.mybatis.spring.mapper.ClassPathMapperScanner - Skipping MapperFactoryBean with name 'shAreaMapper' and 'com.dippy.mapper.ShAreaMapper' mapperInterface. Bean already defined with the same name!
2021-04-28 22:47:46.475 [main] WARN  org.mybatis.spring.mapper.ClassPathMapperScanner - Skipping MapperFactoryBean with name 'sysPermissionMapper' and 'com.dippy.mapper.SysPermissionMapper' mapperInterface. Bean already defined with the same name!
2021-04-28 22:47:46.475 [main] WARN  org.mybatis.spring.mapper.ClassPathMapperScanner - Skipping MapperFactoryBean with name 'sysRoleMapper' and 'com.dippy.mapper.SysRoleMapper' mapperInterface. Bean already defined with the same name!
2021-04-28 22:47:46.475 [main] WARN  org.mybatis.spring.mapper.ClassPathMapperScanner - Skipping MapperFactoryBean with name 'sysRolePermissionMapper' and 'com.dippy.mapper.SysRolePermissionMapper' mapperInterface. Bean already defined with the same name!
2021-04-28 22:47:46.475 [main] WARN  org.mybatis.spring.mapper.ClassPathMapperScanner - Skipping MapperFactoryBean with name 'sysRoleUserMapper' and 'com.dippy.mapper.SysRoleUserMapper' mapperInterface. Bean already defined with the same name!
2021-04-28 22:47:46.476 [main] WARN  org.mybatis.spring.mapper.ClassPathMapperScanner - Skipping MapperFactoryBean with name 'sysUserAddressMapper' and 'com.dippy.mapper.SysUserAddressMapper' mapperInterface. Bean already defined with the same name!
2021-04-28 22:47:46.476 [main] WARN  org.mybatis.spring.mapper.ClassPathMapperScanner - Skipping MapperFactoryBean with name 'sysUserMapper' and 'com.dippy.mapper.SysUserMapper' mapperInterface. Bean already defined with the same name!
2021-04-28 22:47:46.476 [main] WARN  org.mybatis.spring.mapper.ClassPathMapperScanner - Skipping MapperFactoryBean with name 'userAddressMapper' and 'com.dippy.mapper.UserAddressMapper' mapperInterface. Bean already defined with the same name!
2021-04-28 22:47:46.476 [main] WARN  org.mybatis.spring.mapper.ClassPathMapperScanner - Skipping MapperFactoryBean with name 'userInfoMapper' and 'com.dippy.mapper.UserInfoMapper' mapperInterface. Bean already defined with the same name!
2021-04-28 22:47:46.477 [main] WARN  org.mybatis.spring.mapper.ClassPathMapperScanner - No MyBatis mapper was found in '[com.dippy.mapper]' package. Please check your configuration.
2021-04-28 22:47:50.648 [main] WARN  c.b.mybatisplus.core.metadata.TableInfoHelper - Can not find table primary key in Class: "com.dippy.entity.PersistentLogins".
2021-04-28 22:47:51.005 [main] WARN  c.b.mybatisplus.core.metadata.TableInfoHelper - Can not find table primary key in Class: "com.dippy.entity.SysRoleUser".
2021-04-28 22:47:54.279 [main] WARN  org.springframework.data.convert.CustomConversions - Registering converter from class org.springframework.data.geo.Point to interface java.util.Map as writing converter although it doesn't convert to a store-supported type! You might want to check your annotation setup at the converter implementation.
2021-04-28 22:47:54.280 [main] WARN  org.springframework.data.convert.CustomConversions - Registering converter from interface java.util.Map to class org.springframework.data.geo.Point as reading converter although it doesn't convert from a store-supported type! You might want to check your annotation setup at the converter implementation.
2021-04-28 22:47:54.282 [main] WARN  org.springframework.data.convert.CustomConversions - Registering converter from class org.springframework.data.elasticsearch.core.geo.GeoPoint to interface java.util.Map as writing converter although it doesn't convert to a store-supported type! You might want to check your annotation setup at the converter implementation.
2021-04-28 22:47:54.284 [main] WARN  org.springframework.data.convert.CustomConversions - Registering converter from interface java.util.Map to class org.springframework.data.elasticsearch.core.geo.GeoPoint as reading converter although it doesn't convert from a store-supported type! You might want to check your annotation setup at the converter implementation.
2021-04-28 22:47:55.459 [main] WARN  o.s.data.elasticsearch.support.VersionInfo - Version mismatch in between Elasticsearch Clients build/use: 7.6.2 - 7.10.1
2021-04-28 22:47:56.922 [main] WARN  o.s.d.e.r.support.AbstractElasticsearchRepository - Cannot create index: Timeout connecting to [yuechi.com/192.168.88.135:9200]; nested exception is java.lang.RuntimeException: Timeout connecting to [yuechi.com/192.168.88.135:9200]
2021-04-28 22:49:11.065 [org.springframework.amqp.rabbit.RabbitListenerEndpointContainer#0-1] WARN  o.s.a.r.listener.SimpleMessageListenerContainer - Consumer raised exception, processing can restart if the connection factory supports it. Exception summary: org.springframework.amqp.AmqpConnectException: java.net.ConnectException: Connection timed out: connect
2021-04-28 22:49:58.163 [org.springframework.amqp.rabbit.RabbitListenerEndpointContainer#0-2] WARN  o.s.a.r.listener.SimpleMessageListenerContainer - Consumer raised exception, processing can restart if the connection factory supports it. Exception summary: org.springframework.amqp.AmqpConnectException: java.net.ConnectException: Connection timed out: connect
2021-04-28 22:50:45.244 [org.springframework.amqp.rabbit.RabbitListenerEndpointContainer#0-3] WARN  o.s.a.r.listener.SimpleMessageListenerContainer - Consumer raised exception, processing can restart if the connection factory supports it. Exception summary: org.springframework.amqp.AmqpConnectException: java.net.ConnectException: Connection timed out: connect
2021-04-28 22:51:32.306 [org.springframework.amqp.rabbit.RabbitListenerEndpointContainer#0-4] WARN  o.s.a.r.listener.SimpleMessageListenerContainer - Consumer raised exception, processing can restart if the connection factory supports it. Exception summary: org.springframework.amqp.AmqpConnectException: java.net.ConnectException: Connection timed out: connect
2021-04-28 22:52:19.373 [org.springframework.amqp.rabbit.RabbitListenerEndpointContainer#0-5] WARN  o.s.a.r.listener.SimpleMessageListenerContainer - Consumer raised exception, processing can restart if the connection factory supports it. Exception summary: org.springframework.amqp.AmqpConnectException: java.net.ConnectException: Connection timed out: connect
2021-04-28 22:53:06.414 [org.springframework.amqp.rabbit.RabbitListenerEndpointContainer#0-6] WARN  o.s.a.r.listener.SimpleMessageListenerContainer - Consumer raised exception, processing can restart if the connection factory supports it. Exception summary: org.springframework.amqp.AmqpConnectException: java.net.ConnectException: Connection timed out: connect
2021-04-28 22:53:53.495 [org.springframework.amqp.rabbit.RabbitListenerEndpointContainer#0-7] WARN  o.s.a.r.listener.SimpleMessageListenerContainer - Consumer raised exception, processing can restart if the connection factory supports it. Exception summary: org.springframework.amqp.AmqpConnectException: java.net.ConnectException: Connection timed out: connect
2021-04-28 22:54:40.562 [org.springframework.amqp.rabbit.RabbitListenerEndpointContainer#0-8] WARN  o.s.a.r.listener.SimpleMessageListenerContainer - Consumer raised exception, processing can restart if the connection factory supports it. Exception summary: org.springframework.amqp.AmqpConnectException: java.net.ConnectException: Connection timed out: connect
2021-04-28 22:55:27.593 [org.springframework.amqp.rabbit.RabbitListenerEndpointContainer#0-9] WARN  o.s.a.r.listener.SimpleMessageListenerContainer - Consumer raised exception, processing can restart if the connection factory supports it. Exception summary: org.springframework.amqp.AmqpConnectException: java.net.ConnectException: Connection timed out: connect
2021-04-28 22:56:27.855 [main] WARN  org.mybatis.spring.mapper.ClassPathMapperScanner - Skipping MapperFactoryBean with name 'carInfoMapper' and 'com.dippy.mapper.CarInfoMapper' mapperInterface. Bean already defined with the same name!
2021-04-28 22:56:27.856 [main] WARN  org.mybatis.spring.mapper.ClassPathMapperScanner - Skipping MapperFactoryBean with name 'carPictureMapper' and 'com.dippy.mapper.CarPictureMapper' mapperInterface. Bean already defined with the same name!
2021-04-28 22:56:27.856 [main] WARN  org.mybatis.spring.mapper.ClassPathMapperScanner - Skipping MapperFactoryBean with name 'logLoginMapper' and 'com.dippy.mapper.LogLoginMapper' mapperInterface. Bean already defined with the same name!
2021-04-28 22:56:27.857 [main] WARN  org.mybatis.spring.mapper.ClassPathMapperScanner - Skipping MapperFactoryBean with name 'persistentLoginsMapper' and 'com.dippy.mapper.PersistentLoginsMapper' mapperInterface. Bean already defined with the same name!
2021-04-28 22:56:27.857 [main] WARN  org.mybatis.spring.mapper.ClassPathMapperScanner - Skipping MapperFactoryBean with name 'regionMapper' and 'com.dippy.mapper.RegionMapper' mapperInterface. Bean already defined with the same name!
2021-04-28 22:56:27.857 [main] WARN  org.mybatis.spring.mapper.ClassPathMapperScanner - Skipping MapperFactoryBean with name 'sellerCarMapper' and 'com.dippy.mapper.SellerCarMapper' mapperInterface. Bean already defined with the same name!
2021-04-28 22:56:27.857 [main] WARN  org.mybatis.spring.mapper.ClassPathMapperScanner - Skipping MapperFactoryBean with name 'shAreaMapper' and 'com.dippy.mapper.ShAreaMapper' mapperInterface. Bean already defined with the same name!
2021-04-28 22:56:27.858 [main] WARN  org.mybatis.spring.mapper.ClassPathMapperScanner - Skipping MapperFactoryBean with name 'sysPermissionMapper' and 'com.dippy.mapper.SysPermissionMapper' mapperInterface. Bean already defined with the same name!
2021-04-28 22:56:27.858 [main] WARN  org.mybatis.spring.mapper.ClassPathMapperScanner - Skipping MapperFactoryBean with name 'sysRoleMapper' and 'com.dippy.mapper.SysRoleMapper' mapperInterface. Bean already defined with the same name!
2021-04-28 22:56:27.858 [main] WARN  org.mybatis.spring.mapper.ClassPathMapperScanner - Skipping MapperFactoryBean with name 'sysRolePermissionMapper' and 'com.dippy.mapper.SysRolePermissionMapper' mapperInterface. Bean already defined with the same name!
2021-04-28 22:56:27.859 [main] WARN  org.mybatis.spring.mapper.ClassPathMapperScanner - Skipping MapperFactoryBean with name 'sysRoleUserMapper' and 'com.dippy.mapper.SysRoleUserMapper' mapperInterface. Bean already defined with the same name!
2021-04-28 22:56:27.859 [main] WARN  org.mybatis.spring.mapper.ClassPathMapperScanner - Skipping MapperFactoryBean with name 'sysUserAddressMapper' and 'com.dippy.mapper.SysUserAddressMapper' mapperInterface. Bean already defined with the same name!
2021-04-28 22:56:27.859 [main] WARN  org.mybatis.spring.mapper.ClassPathMapperScanner - Skipping MapperFactoryBean with name 'sysUserMapper' and 'com.dippy.mapper.SysUserMapper' mapperInterface. Bean already defined with the same name!
2021-04-28 22:56:27.859 [main] WARN  org.mybatis.spring.mapper.ClassPathMapperScanner - Skipping MapperFactoryBean with name 'userAddressMapper' and 'com.dippy.mapper.UserAddressMapper' mapperInterface. Bean already defined with the same name!
2021-04-28 22:56:27.860 [main] WARN  org.mybatis.spring.mapper.ClassPathMapperScanner - Skipping MapperFactoryBean with name 'userInfoMapper' and 'com.dippy.mapper.UserInfoMapper' mapperInterface. Bean already defined with the same name!
2021-04-28 22:56:27.860 [main] WARN  org.mybatis.spring.mapper.ClassPathMapperScanner - No MyBatis mapper was found in '[com.dippy.mapper]' package. Please check your configuration.
2021-04-28 22:56:31.103 [main] WARN  c.b.mybatisplus.core.metadata.TableInfoHelper - Can not find table primary key in Class: "com.dippy.entity.PersistentLogins".
2021-04-28 22:56:31.414 [main] WARN  c.b.mybatisplus.core.metadata.TableInfoHelper - Can not find table primary key in Class: "com.dippy.entity.SysRoleUser".
2021-04-28 22:56:34.018 [main] WARN  org.springframework.data.convert.CustomConversions - Registering converter from class org.springframework.data.geo.Point to interface java.util.Map as writing converter although it doesn't convert to a store-supported type! You might want to check your annotation setup at the converter implementation.
2021-04-28 22:56:34.018 [main] WARN  org.springframework.data.convert.CustomConversions - Registering converter from interface java.util.Map to class org.springframework.data.geo.Point as reading converter although it doesn't convert from a store-supported type! You might want to check your annotation setup at the converter implementation.
2021-04-28 22:56:34.019 [main] WARN  org.springframework.data.convert.CustomConversions - Registering converter from class org.springframework.data.elasticsearch.core.geo.GeoPoint to interface java.util.Map as writing converter although it doesn't convert to a store-supported type! You might want to check your annotation setup at the converter implementation.
2021-04-28 22:56:34.020 [main] WARN  org.springframework.data.convert.CustomConversions - Registering converter from interface java.util.Map to class org.springframework.data.elasticsearch.core.geo.GeoPoint as reading converter although it doesn't convert from a store-supported type! You might want to check your annotation setup at the converter implementation.
2021-04-28 22:56:36.156 [main] WARN  o.s.data.elasticsearch.support.VersionInfo - Version mismatch in between Elasticsearch Clients build/use: 7.6.2 - 7.10.1
2021-04-28 22:56:37.560 [main] WARN  o.s.d.e.r.support.AbstractElasticsearchRepository - Cannot create index: Timeout connecting to [yuechi.com/192.168.88.135:9200]; nested exception is java.lang.RuntimeException: Timeout connecting to [yuechi.com/192.168.88.135:9200]
2021-04-28 22:57:50.892 [org.springframework.amqp.rabbit.RabbitListenerEndpointContainer#0-1] WARN  o.s.a.r.listener.SimpleMessageListenerContainer - Consumer raised exception, processing can restart if the connection factory supports it. Exception summary: org.springframework.amqp.AmqpConnectException: java.net.ConnectException: Connection timed out: connect
2021-04-28 22:58:37.996 [org.springframework.amqp.rabbit.RabbitListenerEndpointContainer#0-2] WARN  o.s.a.r.listener.SimpleMessageListenerContainer - Consumer raised exception, processing can restart if the connection factory supports it. Exception summary: org.springframework.amqp.AmqpConnectException: java.net.ConnectException: Connection timed out: connect
2021-04-28 22:59:25.119 [org.springframework.amqp.rabbit.RabbitListenerEndpointContainer#0-3] WARN  o.s.a.r.listener.SimpleMessageListenerContainer - Consumer raised exception, processing can restart if the connection factory supports it. Exception summary: org.springframework.amqp.AmqpConnectException: java.net.ConnectException: Connection timed out: connect
2021-04-28 22:59:55.149 [org.springframework.amqp.rabbit.RabbitListenerEndpointContainer#0-4] WARN  o.s.a.r.listener.SimpleMessageListenerContainer - Consumer raised exception, processing can restart if the connection factory supports it. Exception summary: org.springframework.amqp.AmqpConnectException: java.net.ConnectException: Connection refused: connect
2021-04-28 23:00:04.305 [org.springframework.amqp.rabbit.RabbitListenerEndpointContainer#0-5] WARN  o.s.a.r.listener.SimpleMessageListenerContainer - Consumer raised exception, processing can restart if the connection factory supports it. Exception summary: org.springframework.amqp.AmqpConnectException: java.net.ConnectException: Connection refused: connect
2021-04-28 23:00:18.849 [org.springframework.amqp.rabbit.RabbitListenerEndpointContainer#0-6] WARN  o.s.a.r.listener.SimpleMessageListenerContainer - Consumer raised exception, processing can restart if the connection factory supports it. Exception summary: org.springframework.amqp.AmqpConnectException: java.net.ConnectException: Connection refused: connect
2021-04-28 23:01:22.520 [AMQP Connection 192.168.88.135:5672] WARN  com.rabbitmq.client.impl.ForgivingExceptionHandler - An unexpected connection driver error occured (Exception message: Connection reset)
2021-04-28 23:01:32.362 [org.springframework.amqp.rabbit.RabbitListenerEndpointContainer#0-8] WARN  o.s.a.r.listener.SimpleMessageListenerContainer - Consumer raised exception, processing can restart if the connection factory supports it. Exception summary: org.springframework.amqp.AmqpConnectException: java.net.ConnectException: Connection refused: connect
2021-04-28 23:35:44.306 [http-nio-8090-exec-3] WARN  org.mybatis.spring.mapper.ClassPathMapperScanner - No MyBatis mapper was found in '[com.dippy.mapper]' package. Please check your configuration.
2021-04-28 23:35:44.308 [http-nio-8090-exec-3] WARN  org.mybatis.spring.mapper.ClassPathMapperScanner - No MyBatis mapper was found in '[com.dippy.mapper]' package. Please check your configuration.
2021-04-28 23:42:10.714 [http-nio-8090-exec-2] WARN  org.mybatis.spring.mapper.ClassPathMapperScanner - No MyBatis mapper was found in '[com.dippy.mapper]' package. Please check your configuration.
2021-04-28 23:42:10.719 [http-nio-8090-exec-2] WARN  org.mybatis.spring.mapper.ClassPathMapperScanner - No MyBatis mapper was found in '[com.dippy.mapper]' package. Please check your configuration.
2021-04-28 23:43:00.141 [http-nio-8090-exec-3] WARN  o.s.w.s.m.m.a.ExceptionHandlerExceptionResolver - Resolved [org.springframework.web.HttpRequestMethodNotSupportedException: Request method 'GET' not supported]
2021-04-28 23:54:43.619 [http-nio-8090-exec-1] WARN  org.mybatis.spring.mapper.ClassPathMapperScanner - No MyBatis mapper was found in '[com.dippy.mapper]' package. Please check your configuration.
2021-04-28 23:54:43.621 [http-nio-8090-exec-1] WARN  org.mybatis.spring.mapper.ClassPathMapperScanner - No MyBatis mapper was found in '[com.dippy.mapper]' package. Please check your configuration.
2021-04-28 23:55:19.491 [http-nio-8090-exec-5] WARN  org.mybatis.spring.mapper.ClassPathMapperScanner - No MyBatis mapper was found in '[com.dippy.mapper]' package. Please check your configuration.
2021-04-28 23:55:19.493 [http-nio-8090-exec-5] WARN  org.mybatis.spring.mapper.ClassPathMapperScanner - No MyBatis mapper was found in '[com.dippy.mapper]' package. Please check your configuration.
2021-04-28 23:55:20.122 [http-nio-8090-exec-7] WARN  o.s.w.s.m.m.a.ExceptionHandlerExceptionResolver - Resolved [org.springframework.web.HttpRequestMethodNotSupportedException: Request method 'GET' not supported]
