2021-04-16 00:28:46.489 [DEBUG] com.dippy.mapper.SysUserMapper.selectOne - ==>  Preparing: SELECT user_id,username,password,user_name,sex,avatar,address_id,phone,email,birthday,is_lock,create_time,update_time FROM sys_user WHERE (username = ?)
2021-04-16 00:28:46.570 [DEBUG] com.dippy.mapper.SysUserMapper.selectOne - ==> Parameters: admin(String)
2021-04-16 00:28:46.641 [DEBUG] com.dippy.mapper.SysUserMapper.selectOne - <==      Total: 1
2021-04-16 00:28:46.705 [DEBUG] com.dippy.mapper.SysRoleUserMapper.selectList - ==>  Preparing: SELECT role_id FROM sys_role_user WHERE (user_id = ?)
2021-04-16 00:28:46.706 [DEBUG] com.dippy.mapper.SysRoleUserMapper.selectList - ==> Parameters: 1(Integer)
2021-04-16 00:28:46.708 [DEBUG] com.dippy.mapper.SysRoleUserMapper.selectList - <==      Total: 1
2021-04-16 00:28:46.714 [DEBUG] com.dippy.mapper.SysPermissionMapper.listPermissionByUserId - ==>  Preparing: SELECT p.* FROM sys_user u, sys_permission p LEFT JOIN sys_role_permission rp ON p.permission_id = rp.permission_id LEFT JOIN sys_role_user ru ON rp.role_id = ru.role_id WHERE u.user_id = ?
2021-04-16 00:28:46.714 [DEBUG] com.dippy.mapper.SysPermissionMapper.listPermissionByUserId - ==> Parameters: 1(Integer)
2021-04-16 00:28:46.727 [DEBUG] com.dippy.mapper.SysPermissionMapper.listPermissionByUserId - <==      Total: 40
2021-04-16 00:31:05.285 [DEBUG] com.dippy.mapper.SysUserMapper.selectOne - ==>  Preparing: SELECT user_id,username,password,user_name,sex,avatar,address_id,phone,email,birthday,is_lock,create_time,update_time FROM sys_user WHERE (username = ?)
2021-04-16 00:31:05.286 [DEBUG] com.dippy.mapper.SysUserMapper.selectOne - ==> Parameters: admin(String)
2021-04-16 00:31:05.288 [DEBUG] com.dippy.mapper.SysUserMapper.selectOne - <==      Total: 1
2021-04-16 00:31:05.291 [DEBUG] com.dippy.mapper.SysRoleUserMapper.selectList - ==>  Preparing: SELECT role_id FROM sys_role_user WHERE (user_id = ?)
2021-04-16 00:31:05.292 [DEBUG] com.dippy.mapper.SysRoleUserMapper.selectList - ==> Parameters: 1(Integer)
2021-04-16 00:31:05.295 [DEBUG] com.dippy.mapper.SysRoleUserMapper.selectList - <==      Total: 1
2021-04-16 00:31:05.297 [DEBUG] com.dippy.mapper.SysPermissionMapper.listPermissionByUserId - ==>  Preparing: SELECT p.* FROM sys_user u, sys_permission p LEFT JOIN sys_role_permission rp ON p.permission_id = rp.permission_id LEFT JOIN sys_role_user ru ON rp.role_id = ru.role_id WHERE u.user_id = ?
2021-04-16 00:31:05.298 [DEBUG] com.dippy.mapper.SysPermissionMapper.listPermissionByUserId - ==> Parameters: 1(Integer)
2021-04-16 00:31:05.305 [DEBUG] com.dippy.mapper.SysPermissionMapper.listPermissionByUserId - <==      Total: 40
2021-04-16 00:32:38.328 [DEBUG] com.dippy.mapper.SysUserMapper.selectOne - ==>  Preparing: SELECT user_id,username,password,user_name,sex,avatar,address_id,phone,email,birthday,is_lock,create_time,update_time FROM sys_user WHERE (username = ?)
2021-04-16 00:32:38.329 [DEBUG] com.dippy.mapper.SysUserMapper.selectOne - ==> Parameters: admin(String)
2021-04-16 00:32:38.334 [DEBUG] com.dippy.mapper.SysUserMapper.selectOne - <==      Total: 1
2021-04-16 00:32:38.354 [DEBUG] com.dippy.mapper.SysRoleUserMapper.selectList - ==>  Preparing: SELECT role_id FROM sys_role_user WHERE (user_id = ?)
2021-04-16 00:32:38.355 [DEBUG] com.dippy.mapper.SysRoleUserMapper.selectList - ==> Parameters: 1(Integer)
2021-04-16 00:32:38.357 [DEBUG] com.dippy.mapper.SysRoleUserMapper.selectList - <==      Total: 1
2021-04-16 00:32:38.360 [DEBUG] com.dippy.mapper.SysPermissionMapper.listPermissionByUserId - ==>  Preparing: SELECT p.* FROM sys_user u, sys_permission p LEFT JOIN sys_role_permission rp ON p.permission_id = rp.permission_id LEFT JOIN sys_role_user ru ON rp.role_id = ru.role_id WHERE u.user_id = ?
2021-04-16 00:32:38.361 [DEBUG] com.dippy.mapper.SysPermissionMapper.listPermissionByUserId - ==> Parameters: 1(Integer)
2021-04-16 00:32:38.372 [DEBUG] com.dippy.mapper.SysPermissionMapper.listPermissionByUserId - <==      Total: 40
2021-04-16 00:36:46.588 [DEBUG] com.dippy.mapper.SysUserMapper.selectOne - ==>  Preparing: SELECT user_id,username,password,user_name,sex,avatar,address_id,phone,email,birthday,is_lock,create_time,update_time FROM sys_user WHERE (username = ?)
2021-04-16 00:36:46.589 [DEBUG] com.dippy.mapper.SysUserMapper.selectOne - ==> Parameters: admin(String)
2021-04-16 00:36:46.591 [DEBUG] com.dippy.mapper.SysUserMapper.selectOne - <==      Total: 1
2021-04-16 00:36:46.606 [DEBUG] com.dippy.mapper.SysRoleUserMapper.selectList - ==>  Preparing: SELECT role_id FROM sys_role_user WHERE (user_id = ?)
2021-04-16 00:36:46.607 [DEBUG] com.dippy.mapper.SysRoleUserMapper.selectList - ==> Parameters: 1(Integer)
2021-04-16 00:36:46.622 [DEBUG] com.dippy.mapper.SysRoleUserMapper.selectList - <==      Total: 1
2021-04-16 00:36:46.626 [DEBUG] com.dippy.mapper.SysPermissionMapper.listPermissionByUserId - ==>  Preparing: SELECT p.* FROM sys_user u, sys_permission p LEFT JOIN sys_role_permission rp ON p.permission_id = rp.permission_id LEFT JOIN sys_role_user ru ON rp.role_id = ru.role_id WHERE u.user_id = ?
2021-04-16 00:36:46.627 [DEBUG] com.dippy.mapper.SysPermissionMapper.listPermissionByUserId - ==> Parameters: 1(Integer)
2021-04-16 00:36:46.635 [DEBUG] com.dippy.mapper.SysPermissionMapper.listPermissionByUserId - <==      Total: 40
2021-04-16 11:50:04.147 [DEBUG] com.dippy.mapper.RegionMapper.selectList - ==>  Preparing: SELECT sname FROM region WHERE (level = ?)
2021-04-16 11:50:04.222 [DEBUG] com.dippy.mapper.RegionMapper.selectList - ==> Parameters: 1(Integer)
2021-04-16 11:50:04.369 [DEBUG] com.dippy.mapper.RegionMapper.selectList - <==      Total: 35
2021-04-16 12:32:55.033 [DEBUG] com.dippy.mapper.RegionMapper.selectList - ==>  Preparing: SELECT sname FROM region WHERE (level = ?)
2021-04-16 12:32:55.035 [DEBUG] com.dippy.mapper.RegionMapper.selectList - ==> Parameters: 1(Integer)
2021-04-16 12:32:55.041 [DEBUG] com.dippy.mapper.RegionMapper.selectList - <==      Total: 35
2021-04-16 12:35:11.847 [DEBUG] com.dippy.mapper.RegionMapper.selectList - ==>  Preparing: SELECT sname FROM region WHERE (level = ?)
2021-04-16 12:35:11.848 [DEBUG] com.dippy.mapper.RegionMapper.selectList - ==> Parameters: 1(Integer)
2021-04-16 12:35:11.858 [DEBUG] com.dippy.mapper.RegionMapper.selectList - <==      Total: 35
2021-04-16 12:35:25.387 [DEBUG] com.dippy.mapper.RegionMapper.selectList - ==>  Preparing: SELECT sname FROM region WHERE (level = ?)
2021-04-16 12:35:25.389 [DEBUG] com.dippy.mapper.RegionMapper.selectList - ==> Parameters: 2(Integer)
2021-04-16 12:35:25.418 [DEBUG] com.dippy.mapper.RegionMapper.selectList - <==      Total: 373
2021-04-16 12:35:38.739 [DEBUG] com.dippy.mapper.RegionMapper.selectList - ==>  Preparing: SELECT sname FROM region WHERE (level = ?)
2021-04-16 12:35:38.740 [DEBUG] com.dippy.mapper.RegionMapper.selectList - ==> Parameters: 3(Integer)
2021-04-16 12:35:38.816 [DEBUG] com.dippy.mapper.RegionMapper.selectList - <==      Total: 3341
2021-04-16 12:40:07.676 [DEBUG] com.dippy.mapper.RegionMapper.selectList - ==>  Preparing: SELECT id,name,pid,sname,level,citycode,yzcode,mername,Lng,Lat,pinyin FROM region
2021-04-16 12:40:07.677 [DEBUG] com.dippy.mapper.RegionMapper.selectList - ==> Parameters: 
2021-04-16 12:40:07.894 [DEBUG] com.dippy.mapper.RegionMapper.selectList - <==      Total: 3750
2021-04-16 12:55:53.220 [DEBUG] com.dippy.mapper.RegionMapper.selectList - ==>  Preparing: SELECT sname FROM region WHERE (level = ?)
2021-04-16 12:55:53.221 [DEBUG] com.dippy.mapper.RegionMapper.selectList - ==> Parameters: 1(Integer)
2021-04-16 12:55:53.226 [DEBUG] com.dippy.mapper.RegionMapper.selectList - <==      Total: 35
2021-04-16 12:56:15.456 [DEBUG] com.dippy.mapper.RegionMapper.selectList - ==>  Preparing: SELECT sname FROM region WHERE (level = ?)
2021-04-16 12:56:15.458 [DEBUG] com.dippy.mapper.RegionMapper.selectList - ==> Parameters: 2(Integer)
2021-04-16 12:56:15.466 [DEBUG] com.dippy.mapper.RegionMapper.selectList - <==      Total: 373
2021-04-16 12:56:19.382 [DEBUG] com.dippy.mapper.RegionMapper.selectList - ==>  Preparing: SELECT sname FROM region WHERE (level = ?)
2021-04-16 12:56:19.384 [DEBUG] com.dippy.mapper.RegionMapper.selectList - ==> Parameters: 3(Integer)
2021-04-16 12:56:19.438 [DEBUG] com.dippy.mapper.RegionMapper.selectList - <==      Total: 3341
2021-04-16 14:00:15.229 [DEBUG] com.dippy.mapper.ShAreaMapper.selectList - ==>  Preparing: SELECT id,pid,shortname,name,merger_name,level,pinyin,code,zip_code,first,lng,lat FROM sh_area
2021-04-16 14:00:15.309 [DEBUG] com.dippy.mapper.ShAreaMapper.selectList - ==> Parameters: 
2021-04-16 14:00:15.527 [DEBUG] com.dippy.mapper.ShAreaMapper.selectList - <==      Total: 3749
2021-04-16 14:02:16.859 [DEBUG] com.dippy.mapper.ShAreaMapper.selectList - ==>  Preparing: SELECT id,pid,shortname,name,merger_name,level,pinyin,code,zip_code,first,lng,lat FROM sh_area
2021-04-16 14:02:16.861 [DEBUG] com.dippy.mapper.ShAreaMapper.selectList - ==> Parameters: 
2021-04-16 14:02:17.164 [DEBUG] com.dippy.mapper.ShAreaMapper.selectList - <==      Total: 3749
2021-04-16 14:02:59.913 [DEBUG] com.dippy.mapper.ShAreaMapper.selectList - ==>  Preparing: SELECT id,pid,shortname,name,merger_name,level,pinyin,code,zip_code,first,lng,lat FROM sh_area
2021-04-16 14:02:59.926 [DEBUG] com.dippy.mapper.ShAreaMapper.selectList - ==> Parameters: 
2021-04-16 14:03:26.601 [DEBUG] com.dippy.mapper.ShAreaMapper.selectList - <==      Total: 3749
2021-04-16 14:03:59.260 [DEBUG] com.dippy.mapper.ShAreaMapper.selectList - ==>  Preparing: SELECT id,pid,shortname,name,merger_name,level,pinyin,code,zip_code,first,lng,lat FROM sh_area
2021-04-16 14:03:59.274 [DEBUG] com.dippy.mapper.ShAreaMapper.selectList - ==> Parameters: 
2021-04-16 14:04:25.646 [DEBUG] com.dippy.mapper.ShAreaMapper.selectList - <==      Total: 3749
2021-04-16 16:41:23.311 [DEBUG] com.dippy.mapper.CarInfoMapper.getAllCarBrand - ==>  Preparing: SELECT distinct(car_brand) FROM car_info
2021-04-16 16:41:23.414 [DEBUG] com.dippy.mapper.CarInfoMapper.getAllCarBrand - ==> Parameters: 
2021-04-16 16:41:23.419 [DEBUG] com.dippy.mapper.CarInfoMapper.getAllCarBrand - <==      Total: 9
2021-04-16 16:41:23.932 [DEBUG] com.dippy.mapper.CarInfoMapper.getAllCarBrand - ==>  Preparing: SELECT distinct(car_brand) FROM car_info
2021-04-16 16:41:23.933 [DEBUG] com.dippy.mapper.CarInfoMapper.getAllCarBrand - ==> Parameters: 
2021-04-16 16:41:23.935 [DEBUG] com.dippy.mapper.CarInfoMapper.getAllCarBrand - <==      Total: 9
2021-04-16 16:47:44.214 [DEBUG] com.dippy.mapper.CarInfoMapper.getAllCarBrand - ==>  Preparing: SELECT distinct(car_brand) FROM car_info
2021-04-16 16:47:44.215 [DEBUG] com.dippy.mapper.CarInfoMapper.getAllCarBrand - ==> Parameters: 
2021-04-16 16:47:44.217 [DEBUG] com.dippy.mapper.CarInfoMapper.getAllCarBrand - <==      Total: 9
2021-04-16 16:47:44.347 [DEBUG] com.dippy.mapper.CarInfoMapper.getAllCarBrand - ==>  Preparing: SELECT distinct(car_brand) FROM car_info
2021-04-16 16:47:44.350 [DEBUG] com.dippy.mapper.CarInfoMapper.getAllCarBrand - ==> Parameters: 
2021-04-16 16:47:44.353 [DEBUG] com.dippy.mapper.CarInfoMapper.getAllCarBrand - <==      Total: 9
2021-04-16 17:51:08.999 [DEBUG] com.dippy.mapper.RegionMapper.selectList - ==>  Preparing: SELECT id,name,pid,sname,level,citycode,yzcode,mername,Lng,Lat,pinyin FROM region
2021-04-16 17:51:09.105 [DEBUG] com.dippy.mapper.RegionMapper.selectList - ==> Parameters: 
2021-04-16 17:51:09.505 [DEBUG] com.dippy.mapper.RegionMapper.selectList - <==      Total: 3750
2021-04-16 17:57:20.828 [DEBUG] com.dippy.mapper.RegionMapper.selectList - ==>  Preparing: SELECT sname FROM region WHERE (level = ?)
2021-04-16 17:57:20.919 [DEBUG] com.dippy.mapper.RegionMapper.selectList - ==> Parameters: 3(Integer)
2021-04-16 17:57:21.070 [DEBUG] com.dippy.mapper.RegionMapper.selectList - <==      Total: 3341
2021-04-16 18:00:37.098 [DEBUG] com.dippy.mapper.RegionMapper.selectList - ==>  Preparing: SELECT id,name,pid,sname,level,citycode,yzcode,mername,Lng,Lat,pinyin FROM region
2021-04-16 18:00:37.099 [DEBUG] com.dippy.mapper.RegionMapper.selectList - ==> Parameters: 
2021-04-16 18:00:37.194 [DEBUG] com.dippy.mapper.RegionMapper.selectList - <==      Total: 3750
2021-04-16 18:05:18.233 [DEBUG] com.dippy.mapper.RegionMapper.selectList - ==>  Preparing: SELECT id,name,pid,sname,level,citycode,yzcode,mername,Lng,Lat,pinyin FROM region
2021-04-16 18:05:18.235 [DEBUG] com.dippy.mapper.RegionMapper.selectList - ==> Parameters: 
2021-04-16 18:05:18.494 [DEBUG] com.dippy.mapper.RegionMapper.selectList - <==      Total: 3750
2021-04-16 18:16:46.433 [DEBUG] com.dippy.mapper.SysUserMapper.selectOne - ==>  Preparing: SELECT user_id,username,password,user_name,sex,avatar,address_id,detailed_address,phone,email,birthday,is_lock,create_time,update_time FROM sys_user WHERE (username = ?)
2021-04-16 18:16:46.434 [DEBUG] com.dippy.mapper.SysUserMapper.selectOne - ==> Parameters: admin(String)
2021-04-16 18:16:46.499 [DEBUG] com.dippy.mapper.SysUserMapper.selectOne - <==      Total: 1
2021-04-16 18:16:46.522 [DEBUG] com.dippy.mapper.SysRoleUserMapper.selectList - ==>  Preparing: SELECT role_id FROM sys_role_user WHERE (user_id = ?)
2021-04-16 18:16:46.523 [DEBUG] com.dippy.mapper.SysRoleUserMapper.selectList - ==> Parameters: 1(Integer)
2021-04-16 18:16:46.544 [DEBUG] com.dippy.mapper.SysRoleUserMapper.selectList - <==      Total: 1
2021-04-16 18:16:46.549 [DEBUG] com.dippy.mapper.SysPermissionMapper.listPermissionByUserId - ==>  Preparing: SELECT p.* FROM sys_user u, sys_permission p LEFT JOIN sys_role_permission rp ON p.permission_id = rp.permission_id LEFT JOIN sys_role_user ru ON rp.role_id = ru.role_id WHERE u.user_id = ?
2021-04-16 18:16:46.550 [DEBUG] com.dippy.mapper.SysPermissionMapper.listPermissionByUserId - ==> Parameters: 1(Integer)
2021-04-16 18:16:46.577 [DEBUG] com.dippy.mapper.SysPermissionMapper.listPermissionByUserId - <==      Total: 40
2021-04-16 18:20:57.677 [DEBUG] com.dippy.mapper.CarInfoMapper.getAllCarBrand - ==>  Preparing: SELECT distinct(car_brand) FROM car_info
2021-04-16 18:20:57.678 [DEBUG] com.dippy.mapper.CarInfoMapper.getAllCarBrand - ==> Parameters: 
2021-04-16 18:20:57.730 [DEBUG] com.dippy.mapper.CarInfoMapper.getAllCarBrand - <==      Total: 9
2021-04-16 18:20:57.786 [DEBUG] com.dippy.mapper.CarInfoMapper.getAllCarBrand - ==>  Preparing: SELECT distinct(car_brand) FROM car_info
2021-04-16 18:20:57.787 [DEBUG] com.dippy.mapper.CarInfoMapper.getAllCarBrand - ==> Parameters: 
2021-04-16 18:20:57.790 [DEBUG] com.dippy.mapper.CarInfoMapper.getAllCarBrand - <==      Total: 9
2021-04-16 18:21:00.216 [DEBUG] com.dippy.mapper.CarInfoMapper.getAllCarBrand - ==>  Preparing: SELECT distinct(car_brand) FROM car_info
2021-04-16 18:21:00.217 [DEBUG] com.dippy.mapper.CarInfoMapper.getAllCarBrand - ==> Parameters: 
2021-04-16 18:21:00.219 [DEBUG] com.dippy.mapper.CarInfoMapper.getAllCarBrand - <==      Total: 9
2021-04-16 18:21:00.287 [DEBUG] com.dippy.mapper.CarInfoMapper.getAllCarBrand - ==>  Preparing: SELECT distinct(car_brand) FROM car_info
2021-04-16 18:21:00.288 [DEBUG] com.dippy.mapper.CarInfoMapper.getAllCarBrand - ==> Parameters: 
2021-04-16 18:21:00.289 [DEBUG] com.dippy.mapper.CarInfoMapper.getAllCarBrand - <==      Total: 9
2021-04-16 18:22:11.584 [DEBUG] com.dippy.mapper.CarInfoMapper.getAllCarBrand - ==>  Preparing: SELECT distinct(car_brand) FROM car_info
2021-04-16 18:22:11.584 [DEBUG] com.dippy.mapper.CarInfoMapper.getAllCarBrand - ==> Parameters: 
2021-04-16 18:22:11.587 [DEBUG] com.dippy.mapper.CarInfoMapper.getAllCarBrand - <==      Total: 9
2021-04-16 18:22:11.620 [DEBUG] com.dippy.mapper.CarInfoMapper.getAllCarBrand - ==>  Preparing: SELECT distinct(car_brand) FROM car_info
2021-04-16 18:22:11.621 [DEBUG] com.dippy.mapper.CarInfoMapper.getAllCarBrand - ==> Parameters: 
2021-04-16 18:22:11.622 [DEBUG] com.dippy.mapper.CarInfoMapper.getAllCarBrand - <==      Total: 9
2021-04-16 18:23:20.392 [DEBUG] com.dippy.mapper.SysUserMapper.selectOne - ==>  Preparing: SELECT user_id,username,password,user_name,sex,avatar,address_id,detailed_address,phone,email,birthday,is_lock,create_time,update_time FROM sys_user WHERE (username = ?)
2021-04-16 18:23:20.393 [DEBUG] com.dippy.mapper.SysUserMapper.selectOne - ==> Parameters: admin(String)
2021-04-16 18:23:20.395 [DEBUG] com.dippy.mapper.SysUserMapper.selectOne - <==      Total: 1
2021-04-16 18:23:20.408 [DEBUG] com.dippy.mapper.SysRoleUserMapper.selectList - ==>  Preparing: SELECT role_id FROM sys_role_user WHERE (user_id = ?)
2021-04-16 18:23:20.409 [DEBUG] com.dippy.mapper.SysRoleUserMapper.selectList - ==> Parameters: 1(Integer)
2021-04-16 18:23:20.410 [DEBUG] com.dippy.mapper.SysRoleUserMapper.selectList - <==      Total: 1
2021-04-16 18:23:20.413 [DEBUG] com.dippy.mapper.SysPermissionMapper.listPermissionByUserId - ==>  Preparing: SELECT p.* FROM sys_user u, sys_permission p LEFT JOIN sys_role_permission rp ON p.permission_id = rp.permission_id LEFT JOIN sys_role_user ru ON rp.role_id = ru.role_id WHERE u.user_id = ?
2021-04-16 18:23:20.414 [DEBUG] com.dippy.mapper.SysPermissionMapper.listPermissionByUserId - ==> Parameters: 1(Integer)
2021-04-16 18:23:20.417 [DEBUG] com.dippy.mapper.SysPermissionMapper.listPermissionByUserId - <==      Total: 40
2021-04-16 18:25:38.667 [DEBUG] com.dippy.mapper.CarInfoMapper.getAllCarBrand - ==>  Preparing: SELECT distinct(car_brand) FROM car_info
2021-04-16 18:25:38.669 [DEBUG] com.dippy.mapper.CarInfoMapper.getAllCarBrand - ==> Parameters: 
2021-04-16 18:25:38.672 [DEBUG] com.dippy.mapper.CarInfoMapper.getAllCarBrand - <==      Total: 9
2021-04-16 18:25:38.814 [DEBUG] com.dippy.mapper.CarInfoMapper.getAllCarBrand - ==>  Preparing: SELECT distinct(car_brand) FROM car_info
2021-04-16 18:25:38.814 [DEBUG] com.dippy.mapper.CarInfoMapper.getAllCarBrand - ==> Parameters: 
2021-04-16 18:25:38.816 [DEBUG] com.dippy.mapper.CarInfoMapper.getAllCarBrand - <==      Total: 9
2021-04-16 18:31:17.613 [DEBUG] com.dippy.mapper.SysUserMapper.selectOne - ==>  Preparing: SELECT user_id,username,password,user_name,sex,avatar,address_id,detailed_address,phone,email,birthday,is_lock,create_time,update_time FROM sys_user WHERE (username = ?)
2021-04-16 18:31:17.614 [DEBUG] com.dippy.mapper.SysUserMapper.selectOne - ==> Parameters: admin(String)
2021-04-16 18:31:17.621 [DEBUG] com.dippy.mapper.SysUserMapper.selectOne - <==      Total: 1
2021-04-16 18:31:17.631 [DEBUG] com.dippy.mapper.SysRoleUserMapper.selectList - ==>  Preparing: SELECT role_id FROM sys_role_user WHERE (user_id = ?)
2021-04-16 18:31:17.632 [DEBUG] com.dippy.mapper.SysRoleUserMapper.selectList - ==> Parameters: 1(Integer)
2021-04-16 18:31:17.635 [DEBUG] com.dippy.mapper.SysRoleUserMapper.selectList - <==      Total: 1
2021-04-16 18:31:17.637 [DEBUG] com.dippy.mapper.SysPermissionMapper.listPermissionByUserId - ==>  Preparing: SELECT p.* FROM sys_user u, sys_permission p LEFT JOIN sys_role_permission rp ON p.permission_id = rp.permission_id LEFT JOIN sys_role_user ru ON rp.role_id = ru.role_id WHERE u.user_id = ?
2021-04-16 18:31:17.639 [DEBUG] com.dippy.mapper.SysPermissionMapper.listPermissionByUserId - ==> Parameters: 1(Integer)
2021-04-16 18:31:17.641 [DEBUG] com.dippy.mapper.SysPermissionMapper.listPermissionByUserId - <==      Total: 40
2021-04-16 18:37:32.017 [DEBUG] com.dippy.mapper.CarInfoMapper.getAllCarBrand - ==>  Preparing: SELECT distinct(car_brand) FROM car_info
2021-04-16 18:37:32.018 [DEBUG] com.dippy.mapper.CarInfoMapper.getAllCarBrand - ==> Parameters: 
2021-04-16 18:37:32.021 [DEBUG] com.dippy.mapper.CarInfoMapper.getAllCarBrand - <==      Total: 9
2021-04-16 18:37:32.098 [DEBUG] com.dippy.mapper.CarInfoMapper.getAllCarBrand - ==>  Preparing: SELECT distinct(car_brand) FROM car_info
2021-04-16 18:37:32.099 [DEBUG] com.dippy.mapper.CarInfoMapper.getAllCarBrand - ==> Parameters: 
2021-04-16 18:37:32.101 [DEBUG] com.dippy.mapper.CarInfoMapper.getAllCarBrand - <==      Total: 9
2021-04-16 18:37:57.996 [DEBUG] com.dippy.mapper.SysUserMapper.selectOne - ==>  Preparing: SELECT user_id,username,password,user_name,sex,avatar,address_id,detailed_address,phone,email,birthday,is_lock,create_time,update_time FROM sys_user WHERE (username = ?)
2021-04-16 18:37:57.997 [DEBUG] com.dippy.mapper.SysUserMapper.selectOne - ==> Parameters: admin(String)
2021-04-16 18:37:58.000 [DEBUG] com.dippy.mapper.SysUserMapper.selectOne - <==      Total: 1
2021-04-16 18:37:58.004 [DEBUG] com.dippy.mapper.SysRoleUserMapper.selectList - ==>  Preparing: SELECT role_id FROM sys_role_user WHERE (user_id = ?)
2021-04-16 18:37:58.005 [DEBUG] com.dippy.mapper.SysRoleUserMapper.selectList - ==> Parameters: 1(Integer)
2021-04-16 18:37:58.006 [DEBUG] com.dippy.mapper.SysRoleUserMapper.selectList - <==      Total: 1
2021-04-16 18:37:58.008 [DEBUG] com.dippy.mapper.SysPermissionMapper.listPermissionByUserId - ==>  Preparing: SELECT p.* FROM sys_user u, sys_permission p LEFT JOIN sys_role_permission rp ON p.permission_id = rp.permission_id LEFT JOIN sys_role_user ru ON rp.role_id = ru.role_id WHERE u.user_id = ?
2021-04-16 18:37:58.008 [DEBUG] com.dippy.mapper.SysPermissionMapper.listPermissionByUserId - ==> Parameters: 1(Integer)
2021-04-16 18:37:58.012 [DEBUG] com.dippy.mapper.SysPermissionMapper.listPermissionByUserId - <==      Total: 40
2021-04-16 19:40:39.579 [DEBUG] com.dippy.mapper.SysUserMapper.selectOne - ==>  Preparing: SELECT user_id,username,password,user_name,sex,avatar,address_id,detailed_address,phone,email,birthday,is_lock,create_time,update_time FROM sys_user WHERE (username = ?)
2021-04-16 19:40:39.579 [DEBUG] com.dippy.mapper.SysUserMapper.selectOne - ==> Parameters: admin(String)
2021-04-16 19:40:39.582 [DEBUG] com.dippy.mapper.SysUserMapper.selectOne - <==      Total: 1
2021-04-16 19:40:39.593 [DEBUG] com.dippy.mapper.SysRoleUserMapper.selectList - ==>  Preparing: SELECT role_id FROM sys_role_user WHERE (user_id = ?)
2021-04-16 19:40:39.593 [DEBUG] com.dippy.mapper.SysRoleUserMapper.selectList - ==> Parameters: 1(Integer)
2021-04-16 19:40:39.595 [DEBUG] com.dippy.mapper.SysRoleUserMapper.selectList - <==      Total: 1
2021-04-16 19:40:39.596 [DEBUG] com.dippy.mapper.SysPermissionMapper.listPermissionByUserId - ==>  Preparing: SELECT p.* FROM sys_user u, sys_permission p LEFT JOIN sys_role_permission rp ON p.permission_id = rp.permission_id LEFT JOIN sys_role_user ru ON rp.role_id = ru.role_id WHERE u.user_id = ?
2021-04-16 19:40:39.597 [DEBUG] com.dippy.mapper.SysPermissionMapper.listPermissionByUserId - ==> Parameters: 1(Integer)
2021-04-16 19:40:39.600 [DEBUG] com.dippy.mapper.SysPermissionMapper.listPermissionByUserId - <==      Total: 40
2021-04-16 19:43:24.419 [DEBUG] com.dippy.mapper.SysUserMapper.selectOne - ==>  Preparing: SELECT user_id,username,password,user_name,sex,avatar,address_id,detailed_address,phone,email,birthday,is_lock,create_time,update_time FROM sys_user WHERE (username = ?)
2021-04-16 19:43:24.420 [DEBUG] com.dippy.mapper.SysUserMapper.selectOne - ==> Parameters: admin(String)
2021-04-16 19:43:24.422 [DEBUG] com.dippy.mapper.SysUserMapper.selectOne - <==      Total: 1
2021-04-16 19:43:24.433 [DEBUG] com.dippy.mapper.SysRoleUserMapper.selectList - ==>  Preparing: SELECT role_id FROM sys_role_user WHERE (user_id = ?)
2021-04-16 19:43:24.434 [DEBUG] com.dippy.mapper.SysRoleUserMapper.selectList - ==> Parameters: 1(Integer)
2021-04-16 19:43:24.435 [DEBUG] com.dippy.mapper.SysRoleUserMapper.selectList - <==      Total: 1
2021-04-16 19:43:24.437 [DEBUG] com.dippy.mapper.SysPermissionMapper.listPermissionByUserId - ==>  Preparing: SELECT p.* FROM sys_user u, sys_permission p LEFT JOIN sys_role_permission rp ON p.permission_id = rp.permission_id LEFT JOIN sys_role_user ru ON rp.role_id = ru.role_id WHERE u.user_id = ?
2021-04-16 19:43:24.437 [DEBUG] com.dippy.mapper.SysPermissionMapper.listPermissionByUserId - ==> Parameters: 1(Integer)
2021-04-16 19:43:24.440 [DEBUG] com.dippy.mapper.SysPermissionMapper.listPermissionByUserId - <==      Total: 40
2021-04-16 19:51:02.732 [DEBUG] com.dippy.mapper.SysUserMapper.selectOne - ==>  Preparing: SELECT user_id,username,password,user_name,sex,avatar,address_id,detailed_address,phone,email,birthday,is_lock,create_time,update_time FROM sys_user WHERE (username = ?)
2021-04-16 19:51:02.777 [DEBUG] com.dippy.mapper.SysUserMapper.selectOne - ==> Parameters: admin(String)
2021-04-16 19:51:02.825 [DEBUG] com.dippy.mapper.SysUserMapper.selectOne - <==      Total: 1
2021-04-16 19:51:02.856 [DEBUG] com.dippy.mapper.SysRoleUserMapper.selectList - ==>  Preparing: SELECT role_id FROM sys_role_user WHERE (user_id = ?)
2021-04-16 19:51:02.856 [DEBUG] com.dippy.mapper.SysRoleUserMapper.selectList - ==> Parameters: 1(Integer)
2021-04-16 19:51:02.858 [DEBUG] com.dippy.mapper.SysRoleUserMapper.selectList - <==      Total: 1
2021-04-16 19:51:02.861 [DEBUG] com.dippy.mapper.SysPermissionMapper.listPermissionByUserId - ==>  Preparing: SELECT p.* FROM sys_user u, sys_permission p LEFT JOIN sys_role_permission rp ON p.permission_id = rp.permission_id LEFT JOIN sys_role_user ru ON rp.role_id = ru.role_id WHERE u.user_id = ?
2021-04-16 19:51:02.861 [DEBUG] com.dippy.mapper.SysPermissionMapper.listPermissionByUserId - ==> Parameters: 1(Integer)
2021-04-16 19:51:02.872 [DEBUG] com.dippy.mapper.SysPermissionMapper.listPermissionByUserId - <==      Total: 40
2021-04-16 19:58:16.360 [DEBUG] com.dippy.mapper.SysUserMapper.selectOne - ==>  Preparing: SELECT user_id,username,password,user_name,sex,avatar,address_id,detailed_address,phone,email,birthday,is_lock,create_time,update_time FROM sys_user WHERE (username = ?)
2021-04-16 19:58:16.361 [DEBUG] com.dippy.mapper.SysUserMapper.selectOne - ==> Parameters: admin(String)
2021-04-16 19:58:16.364 [DEBUG] com.dippy.mapper.SysUserMapper.selectOne - <==      Total: 1
2021-04-16 19:58:16.379 [DEBUG] com.dippy.mapper.SysRoleUserMapper.selectList - ==>  Preparing: SELECT role_id FROM sys_role_user WHERE (user_id = ?)
2021-04-16 19:58:16.380 [DEBUG] com.dippy.mapper.SysRoleUserMapper.selectList - ==> Parameters: 1(Integer)
2021-04-16 19:58:16.382 [DEBUG] com.dippy.mapper.SysRoleUserMapper.selectList - <==      Total: 1
2021-04-16 19:58:16.384 [DEBUG] com.dippy.mapper.SysPermissionMapper.listPermissionByUserId - ==>  Preparing: SELECT p.* FROM sys_user u, sys_permission p LEFT JOIN sys_role_permission rp ON p.permission_id = rp.permission_id LEFT JOIN sys_role_user ru ON rp.role_id = ru.role_id WHERE u.user_id = ?
2021-04-16 19:58:16.385 [DEBUG] com.dippy.mapper.SysPermissionMapper.listPermissionByUserId - ==> Parameters: 1(Integer)
2021-04-16 19:58:16.396 [DEBUG] com.dippy.mapper.SysPermissionMapper.listPermissionByUserId - <==      Total: 40
2021-04-16 20:01:14.478 [DEBUG] com.dippy.mapper.SysUserMapper.selectOne - ==>  Preparing: SELECT user_id,username,password,user_name,sex,avatar,address_id,detailed_address,phone,email,birthday,is_lock,create_time,update_time FROM sys_user WHERE (username = ?)
2021-04-16 20:01:14.524 [DEBUG] com.dippy.mapper.SysUserMapper.selectOne - ==> Parameters: admin(String)
2021-04-16 20:01:14.573 [DEBUG] com.dippy.mapper.SysUserMapper.selectOne - <==      Total: 1
2021-04-16 20:01:14.600 [DEBUG] com.dippy.mapper.SysRoleUserMapper.selectList - ==>  Preparing: SELECT role_id FROM sys_role_user WHERE (user_id = ?)
2021-04-16 20:01:14.601 [DEBUG] com.dippy.mapper.SysRoleUserMapper.selectList - ==> Parameters: 1(Integer)
2021-04-16 20:01:14.602 [DEBUG] com.dippy.mapper.SysRoleUserMapper.selectList - <==      Total: 1
2021-04-16 20:01:14.605 [DEBUG] com.dippy.mapper.SysPermissionMapper.listPermissionByUserId - ==>  Preparing: SELECT p.* FROM sys_user u, sys_permission p LEFT JOIN sys_role_permission rp ON p.permission_id = rp.permission_id LEFT JOIN sys_role_user ru ON rp.role_id = ru.role_id WHERE u.user_id = ?
2021-04-16 20:01:14.606 [DEBUG] com.dippy.mapper.SysPermissionMapper.listPermissionByUserId - ==> Parameters: 1(Integer)
2021-04-16 20:01:14.616 [DEBUG] com.dippy.mapper.SysPermissionMapper.listPermissionByUserId - <==      Total: 40
2021-04-16 20:09:48.974 [DEBUG] com.dippy.mapper.SysUserMapper.selectOne - ==>  Preparing: SELECT user_id,username,password,user_name,sex,avatar,address_id,detailed_address,phone,email,birthday,is_lock,create_time,update_time FROM sys_user WHERE (username = ?)
2021-04-16 20:09:48.975 [DEBUG] com.dippy.mapper.SysUserMapper.selectOne - ==> Parameters: admin(String)
2021-04-16 20:09:48.977 [DEBUG] com.dippy.mapper.SysUserMapper.selectOne - <==      Total: 1
2021-04-16 20:09:48.999 [DEBUG] com.dippy.mapper.SysRoleUserMapper.selectList - ==>  Preparing: SELECT role_id FROM sys_role_user WHERE (user_id = ?)
2021-04-16 20:09:49.000 [DEBUG] com.dippy.mapper.SysRoleUserMapper.selectList - ==> Parameters: 1(Integer)
2021-04-16 20:09:49.001 [DEBUG] com.dippy.mapper.SysRoleUserMapper.selectList - <==      Total: 1
2021-04-16 20:09:49.003 [DEBUG] com.dippy.mapper.SysPermissionMapper.listPermissionByUserId - ==>  Preparing: SELECT p.* FROM sys_user u, sys_permission p LEFT JOIN sys_role_permission rp ON p.permission_id = rp.permission_id LEFT JOIN sys_role_user ru ON rp.role_id = ru.role_id WHERE u.user_id = ?
2021-04-16 20:09:49.004 [DEBUG] com.dippy.mapper.SysPermissionMapper.listPermissionByUserId - ==> Parameters: 1(Integer)
2021-04-16 20:09:49.012 [DEBUG] com.dippy.mapper.SysPermissionMapper.listPermissionByUserId - <==      Total: 40
2021-04-16 20:11:41.579 [DEBUG] com.dippy.mapper.SysUserMapper.selectOne - ==>  Preparing: SELECT user_id,username,password,user_name,sex,avatar,address_id,detailed_address,phone,email,birthday,is_lock,create_time,update_time FROM sys_user WHERE (username = ?)
2021-04-16 20:11:41.581 [DEBUG] com.dippy.mapper.SysUserMapper.selectOne - ==> Parameters: admin(String)
2021-04-16 20:11:41.585 [DEBUG] com.dippy.mapper.SysUserMapper.selectOne - <==      Total: 1
2021-04-16 20:11:41.601 [DEBUG] com.dippy.mapper.SysRoleUserMapper.selectList - ==>  Preparing: SELECT role_id FROM sys_role_user WHERE (user_id = ?)
2021-04-16 20:11:41.602 [DEBUG] com.dippy.mapper.SysRoleUserMapper.selectList - ==> Parameters: 1(Integer)
2021-04-16 20:11:41.604 [DEBUG] com.dippy.mapper.SysRoleUserMapper.selectList - <==      Total: 1
2021-04-16 20:11:41.607 [DEBUG] com.dippy.mapper.SysPermissionMapper.listPermissionByUserId - ==>  Preparing: SELECT p.* FROM sys_user u, sys_permission p LEFT JOIN sys_role_permission rp ON p.permission_id = rp.permission_id LEFT JOIN sys_role_user ru ON rp.role_id = ru.role_id WHERE u.user_id = ?
2021-04-16 20:11:41.608 [DEBUG] com.dippy.mapper.SysPermissionMapper.listPermissionByUserId - ==> Parameters: 1(Integer)
2021-04-16 20:11:41.619 [DEBUG] com.dippy.mapper.SysPermissionMapper.listPermissionByUserId - <==      Total: 40
2021-04-16 20:13:09.981 [DEBUG] com.dippy.mapper.SysUserMapper.selectOne - ==>  Preparing: SELECT user_id,username,password,user_name,sex,avatar,address_id,detailed_address,phone,email,birthday,is_lock,create_time,update_time FROM sys_user WHERE (username = ?)
2021-04-16 20:13:09.982 [DEBUG] com.dippy.mapper.SysUserMapper.selectOne - ==> Parameters: admin(String)
2021-04-16 20:13:09.986 [DEBUG] com.dippy.mapper.SysUserMapper.selectOne - <==      Total: 1
2021-04-16 20:13:09.991 [DEBUG] com.dippy.mapper.SysRoleUserMapper.selectList - ==>  Preparing: SELECT role_id FROM sys_role_user WHERE (user_id = ?)
2021-04-16 20:13:09.993 [DEBUG] com.dippy.mapper.SysRoleUserMapper.selectList - ==> Parameters: 1(Integer)
2021-04-16 20:13:09.995 [DEBUG] com.dippy.mapper.SysRoleUserMapper.selectList - <==      Total: 1
2021-04-16 20:13:09.997 [DEBUG] com.dippy.mapper.SysPermissionMapper.listPermissionByUserId - ==>  Preparing: SELECT p.* FROM sys_user u, sys_permission p LEFT JOIN sys_role_permission rp ON p.permission_id = rp.permission_id LEFT JOIN sys_role_user ru ON rp.role_id = ru.role_id WHERE u.user_id = ?
2021-04-16 20:13:09.998 [DEBUG] com.dippy.mapper.SysPermissionMapper.listPermissionByUserId - ==> Parameters: 1(Integer)
2021-04-16 20:13:10.006 [DEBUG] com.dippy.mapper.SysPermissionMapper.listPermissionByUserId - <==      Total: 40
2021-04-16 21:06:56.159 [DEBUG] com.dippy.mapper.SysUserMapper.selectOne - ==>  Preparing: SELECT user_id,username,password,user_name,sex,avatar,address_id,detailed_address,phone,email,birthday,is_lock,create_time,update_time FROM sys_user WHERE (username = ?)
2021-04-16 21:06:56.160 [DEBUG] com.dippy.mapper.SysUserMapper.selectOne - ==> Parameters: admin(String)
2021-04-16 21:06:56.163 [DEBUG] com.dippy.mapper.SysUserMapper.selectOne - <==      Total: 1
2021-04-16 21:06:56.179 [DEBUG] com.dippy.mapper.SysRoleUserMapper.selectList - ==>  Preparing: SELECT role_id FROM sys_role_user WHERE (user_id = ?)
2021-04-16 21:06:56.180 [DEBUG] com.dippy.mapper.SysRoleUserMapper.selectList - ==> Parameters: 1(Integer)
2021-04-16 21:06:56.182 [DEBUG] com.dippy.mapper.SysRoleUserMapper.selectList - <==      Total: 1
2021-04-16 21:06:56.184 [DEBUG] com.dippy.mapper.SysPermissionMapper.listPermissionByUserId - ==>  Preparing: SELECT p.* FROM sys_user u, sys_permission p LEFT JOIN sys_role_permission rp ON p.permission_id = rp.permission_id LEFT JOIN sys_role_user ru ON rp.role_id = ru.role_id WHERE u.user_id = ?
2021-04-16 21:06:56.185 [DEBUG] com.dippy.mapper.SysPermissionMapper.listPermissionByUserId - ==> Parameters: 1(Integer)
2021-04-16 21:06:56.191 [DEBUG] com.dippy.mapper.SysPermissionMapper.listPermissionByUserId - <==      Total: 40
2021-04-16 21:10:21.375 [DEBUG] com.dippy.mapper.SysUserMapper.selectOne - ==>  Preparing: SELECT user_id,username,password,user_name,sex,avatar,address_id,detailed_address,phone,email,birthday,is_lock,create_time,update_time FROM sys_user WHERE (username = ?)
2021-04-16 21:10:21.447 [DEBUG] com.dippy.mapper.SysUserMapper.selectOne - ==> Parameters: admin(String)
2021-04-16 21:10:21.515 [DEBUG] com.dippy.mapper.SysUserMapper.selectOne - <==      Total: 1
2021-04-16 21:10:21.567 [DEBUG] com.dippy.mapper.SysRoleUserMapper.selectList - ==>  Preparing: SELECT role_id FROM sys_role_user WHERE (user_id = ?)
2021-04-16 21:10:21.568 [DEBUG] com.dippy.mapper.SysRoleUserMapper.selectList - ==> Parameters: 1(Integer)
2021-04-16 21:10:21.570 [DEBUG] com.dippy.mapper.SysRoleUserMapper.selectList - <==      Total: 1
2021-04-16 21:10:21.574 [DEBUG] com.dippy.mapper.SysPermissionMapper.listPermissionByUserId - ==>  Preparing: SELECT p.* FROM sys_user u, sys_permission p LEFT JOIN sys_role_permission rp ON p.permission_id = rp.permission_id LEFT JOIN sys_role_user ru ON rp.role_id = ru.role_id WHERE u.user_id = ?
2021-04-16 21:10:21.574 [DEBUG] com.dippy.mapper.SysPermissionMapper.listPermissionByUserId - ==> Parameters: 1(Integer)
2021-04-16 21:10:21.587 [DEBUG] com.dippy.mapper.SysPermissionMapper.listPermissionByUserId - <==      Total: 40
2021-04-16 21:11:38.251 [DEBUG] com.dippy.mapper.SysUserMapper.selectOne - ==>  Preparing: SELECT user_id,username,password,user_name,sex,avatar,address_id,detailed_address,phone,email,birthday,is_lock,create_time,update_time FROM sys_user WHERE (username = ?)
2021-04-16 21:11:38.252 [DEBUG] com.dippy.mapper.SysUserMapper.selectOne - ==> Parameters: admin(String)
2021-04-16 21:11:38.256 [DEBUG] com.dippy.mapper.SysUserMapper.selectOne - <==      Total: 1
2021-04-16 21:11:38.272 [DEBUG] com.dippy.mapper.SysRoleUserMapper.selectList - ==>  Preparing: SELECT role_id FROM sys_role_user WHERE (user_id = ?)
2021-04-16 21:11:38.273 [DEBUG] com.dippy.mapper.SysRoleUserMapper.selectList - ==> Parameters: 1(Integer)
2021-04-16 21:11:38.274 [DEBUG] com.dippy.mapper.SysRoleUserMapper.selectList - <==      Total: 1
2021-04-16 21:11:38.276 [DEBUG] com.dippy.mapper.SysPermissionMapper.listPermissionByUserId - ==>  Preparing: SELECT p.* FROM sys_user u, sys_permission p LEFT JOIN sys_role_permission rp ON p.permission_id = rp.permission_id LEFT JOIN sys_role_user ru ON rp.role_id = ru.role_id WHERE u.user_id = ?
2021-04-16 21:11:38.277 [DEBUG] com.dippy.mapper.SysPermissionMapper.listPermissionByUserId - ==> Parameters: 1(Integer)
2021-04-16 21:11:38.289 [DEBUG] com.dippy.mapper.SysPermissionMapper.listPermissionByUserId - <==      Total: 40
2021-04-16 21:14:20.829 [DEBUG] com.dippy.mapper.SysUserMapper.selectOne - ==>  Preparing: SELECT user_id,username,password,user_name,sex,avatar,address_id,detailed_address,phone,email,birthday,is_lock,create_time,update_time FROM sys_user WHERE (username = ?)
2021-04-16 21:14:20.830 [DEBUG] com.dippy.mapper.SysUserMapper.selectOne - ==> Parameters: admin(String)
2021-04-16 21:14:20.833 [DEBUG] com.dippy.mapper.SysUserMapper.selectOne - <==      Total: 1
2021-04-16 21:14:20.839 [DEBUG] com.dippy.mapper.SysRoleUserMapper.selectList - ==>  Preparing: SELECT role_id FROM sys_role_user WHERE (user_id = ?)
2021-04-16 21:14:20.841 [DEBUG] com.dippy.mapper.SysRoleUserMapper.selectList - ==> Parameters: 1(Integer)
2021-04-16 21:14:20.843 [DEBUG] com.dippy.mapper.SysRoleUserMapper.selectList - <==      Total: 1
2021-04-16 21:14:20.846 [DEBUG] com.dippy.mapper.SysPermissionMapper.listPermissionByUserId - ==>  Preparing: SELECT p.* FROM sys_user u, sys_permission p LEFT JOIN sys_role_permission rp ON p.permission_id = rp.permission_id LEFT JOIN sys_role_user ru ON rp.role_id = ru.role_id WHERE u.user_id = ?
2021-04-16 21:14:20.846 [DEBUG] com.dippy.mapper.SysPermissionMapper.listPermissionByUserId - ==> Parameters: 1(Integer)
2021-04-16 21:14:20.855 [DEBUG] com.dippy.mapper.SysPermissionMapper.listPermissionByUserId - <==      Total: 40
2021-04-16 21:28:08.512 [DEBUG] com.dippy.mapper.SysUserMapper.selectOne - ==>  Preparing: SELECT user_id,username,password,user_name,sex,avatar,address_id,detailed_address,phone,email,birthday,is_lock,create_time,update_time FROM sys_user WHERE (username = ?)
2021-04-16 21:28:08.513 [DEBUG] com.dippy.mapper.SysUserMapper.selectOne - ==> Parameters: admin(String)
2021-04-16 21:28:08.517 [DEBUG] com.dippy.mapper.SysUserMapper.selectOne - <==      Total: 1
2021-04-16 21:28:08.521 [DEBUG] com.dippy.mapper.SysRoleUserMapper.selectList - ==>  Preparing: SELECT role_id FROM sys_role_user WHERE (user_id = ?)
2021-04-16 21:28:08.522 [DEBUG] com.dippy.mapper.SysRoleUserMapper.selectList - ==> Parameters: 1(Integer)
2021-04-16 21:28:08.524 [DEBUG] com.dippy.mapper.SysRoleUserMapper.selectList - <==      Total: 1
2021-04-16 21:28:08.527 [DEBUG] com.dippy.mapper.SysPermissionMapper.listPermissionByUserId - ==>  Preparing: SELECT p.* FROM sys_user u, sys_permission p LEFT JOIN sys_role_permission rp ON p.permission_id = rp.permission_id LEFT JOIN sys_role_user ru ON rp.role_id = ru.role_id WHERE u.user_id = ?
2021-04-16 21:28:08.528 [DEBUG] com.dippy.mapper.SysPermissionMapper.listPermissionByUserId - ==> Parameters: 1(Integer)
2021-04-16 21:28:08.536 [DEBUG] com.dippy.mapper.SysPermissionMapper.listPermissionByUserId - <==      Total: 40
2021-04-16 21:29:50.353 [DEBUG] com.dippy.mapper.SysUserMapper.selectOne - ==>  Preparing: SELECT user_id,username,password,user_name,sex,avatar,address_id,detailed_address,phone,email,birthday,is_lock,create_time,update_time FROM sys_user WHERE (username = ?)
2021-04-16 21:29:50.353 [DEBUG] com.dippy.mapper.SysUserMapper.selectOne - ==> Parameters: admin(String)
2021-04-16 21:29:50.356 [DEBUG] com.dippy.mapper.SysUserMapper.selectOne - <==      Total: 1
2021-04-16 21:29:50.360 [DEBUG] com.dippy.mapper.SysRoleUserMapper.selectList - ==>  Preparing: SELECT role_id FROM sys_role_user WHERE (user_id = ?)
2021-04-16 21:29:50.361 [DEBUG] com.dippy.mapper.SysRoleUserMapper.selectList - ==> Parameters: 1(Integer)
2021-04-16 21:29:50.362 [DEBUG] com.dippy.mapper.SysRoleUserMapper.selectList - <==      Total: 1
2021-04-16 21:29:50.365 [DEBUG] com.dippy.mapper.SysPermissionMapper.listPermissionByUserId - ==>  Preparing: SELECT p.* FROM sys_user u, sys_permission p LEFT JOIN sys_role_permission rp ON p.permission_id = rp.permission_id LEFT JOIN sys_role_user ru ON rp.role_id = ru.role_id WHERE u.user_id = ?
2021-04-16 21:29:50.365 [DEBUG] com.dippy.mapper.SysPermissionMapper.listPermissionByUserId - ==> Parameters: 1(Integer)
2021-04-16 21:29:50.371 [DEBUG] com.dippy.mapper.SysPermissionMapper.listPermissionByUserId - <==      Total: 40
2021-04-16 21:30:48.600 [DEBUG] com.dippy.mapper.SysUserMapper.selectOne - ==>  Preparing: SELECT user_id,username,password,user_name,sex,avatar,address_id,detailed_address,phone,email,birthday,is_lock,create_time,update_time FROM sys_user WHERE (username = ?)
2021-04-16 21:30:48.603 [DEBUG] com.dippy.mapper.SysUserMapper.selectOne - ==> Parameters: admin(String)
2021-04-16 21:30:48.609 [DEBUG] com.dippy.mapper.SysUserMapper.selectOne - <==      Total: 1
2021-04-16 21:30:48.639 [DEBUG] com.dippy.mapper.SysRoleUserMapper.selectList - ==>  Preparing: SELECT role_id FROM sys_role_user WHERE (user_id = ?)
2021-04-16 21:30:48.640 [DEBUG] com.dippy.mapper.SysRoleUserMapper.selectList - ==> Parameters: 1(Integer)
2021-04-16 21:30:48.642 [DEBUG] com.dippy.mapper.SysRoleUserMapper.selectList - <==      Total: 1
2021-04-16 21:30:48.644 [DEBUG] com.dippy.mapper.SysPermissionMapper.listPermissionByUserId - ==>  Preparing: SELECT p.* FROM sys_user u, sys_permission p LEFT JOIN sys_role_permission rp ON p.permission_id = rp.permission_id LEFT JOIN sys_role_user ru ON rp.role_id = ru.role_id WHERE u.user_id = ?
2021-04-16 21:30:48.645 [DEBUG] com.dippy.mapper.SysPermissionMapper.listPermissionByUserId - ==> Parameters: 1(Integer)
2021-04-16 21:30:48.650 [DEBUG] com.dippy.mapper.SysPermissionMapper.listPermissionByUserId - <==      Total: 40
2021-04-16 21:36:03.203 [DEBUG] com.dippy.mapper.SysUserMapper.selectOne - ==>  Preparing: SELECT user_id,username,password,user_name,sex,avatar,address_id,detailed_address,phone,email,birthday,is_lock,create_time,update_time FROM sys_user WHERE (username = ?)
2021-04-16 21:36:03.205 [DEBUG] com.dippy.mapper.SysUserMapper.selectOne - ==> Parameters: admin(String)
2021-04-16 21:36:03.208 [DEBUG] com.dippy.mapper.SysUserMapper.selectOne - <==      Total: 1
2021-04-16 21:36:03.211 [DEBUG] com.dippy.mapper.SysRoleUserMapper.selectList - ==>  Preparing: SELECT role_id FROM sys_role_user WHERE (user_id = ?)
2021-04-16 21:36:03.212 [DEBUG] com.dippy.mapper.SysRoleUserMapper.selectList - ==> Parameters: 1(Integer)
2021-04-16 21:36:03.213 [DEBUG] com.dippy.mapper.SysRoleUserMapper.selectList - <==      Total: 1
2021-04-16 21:36:03.216 [DEBUG] com.dippy.mapper.SysPermissionMapper.listPermissionByUserId - ==>  Preparing: SELECT p.* FROM sys_user u, sys_permission p LEFT JOIN sys_role_permission rp ON p.permission_id = rp.permission_id LEFT JOIN sys_role_user ru ON rp.role_id = ru.role_id WHERE u.user_id = ?
2021-04-16 21:36:03.217 [DEBUG] com.dippy.mapper.SysPermissionMapper.listPermissionByUserId - ==> Parameters: 1(Integer)
2021-04-16 21:36:03.222 [DEBUG] com.dippy.mapper.SysPermissionMapper.listPermissionByUserId - <==      Total: 40
2021-04-16 21:37:50.627 [DEBUG] com.dippy.mapper.SysUserMapper.selectOne - ==>  Preparing: SELECT user_id,username,password,user_name,sex,avatar,address_id,detailed_address,phone,email,birthday,is_lock,create_time,update_time FROM sys_user WHERE (username = ?)
2021-04-16 21:37:50.628 [DEBUG] com.dippy.mapper.SysUserMapper.selectOne - ==> Parameters: admin(String)
2021-04-16 21:37:50.632 [DEBUG] com.dippy.mapper.SysUserMapper.selectOne - <==      Total: 1
2021-04-16 21:37:50.635 [DEBUG] com.dippy.mapper.SysRoleUserMapper.selectList - ==>  Preparing: SELECT role_id FROM sys_role_user WHERE (user_id = ?)
2021-04-16 21:37:50.636 [DEBUG] com.dippy.mapper.SysRoleUserMapper.selectList - ==> Parameters: 1(Integer)
2021-04-16 21:37:50.637 [DEBUG] com.dippy.mapper.SysRoleUserMapper.selectList - <==      Total: 1
2021-04-16 21:37:50.639 [DEBUG] com.dippy.mapper.SysPermissionMapper.listPermissionByUserId - ==>  Preparing: SELECT p.* FROM sys_user u, sys_permission p LEFT JOIN sys_role_permission rp ON p.permission_id = rp.permission_id LEFT JOIN sys_role_user ru ON rp.role_id = ru.role_id WHERE u.user_id = ?
2021-04-16 21:37:50.641 [DEBUG] com.dippy.mapper.SysPermissionMapper.listPermissionByUserId - ==> Parameters: 1(Integer)
2021-04-16 21:37:50.645 [DEBUG] com.dippy.mapper.SysPermissionMapper.listPermissionByUserId - <==      Total: 40
2021-04-16 21:38:23.787 [DEBUG] com.dippy.mapper.SysUserMapper.selectOne - ==>  Preparing: SELECT user_id,username,password,user_name,sex,avatar,address_id,detailed_address,phone,email,birthday,is_lock,create_time,update_time FROM sys_user WHERE (username = ?)
2021-04-16 21:38:23.788 [DEBUG] com.dippy.mapper.SysUserMapper.selectOne - ==> Parameters: admin(String)
2021-04-16 21:38:23.790 [DEBUG] com.dippy.mapper.SysUserMapper.selectOne - <==      Total: 1
2021-04-16 21:38:23.796 [DEBUG] com.dippy.mapper.SysRoleUserMapper.selectList - ==>  Preparing: SELECT role_id FROM sys_role_user WHERE (user_id = ?)
2021-04-16 21:38:23.797 [DEBUG] com.dippy.mapper.SysRoleUserMapper.selectList - ==> Parameters: 1(Integer)
2021-04-16 21:38:23.799 [DEBUG] com.dippy.mapper.SysRoleUserMapper.selectList - <==      Total: 1
2021-04-16 21:38:23.802 [DEBUG] com.dippy.mapper.SysPermissionMapper.listPermissionByUserId - ==>  Preparing: SELECT p.* FROM sys_user u, sys_permission p LEFT JOIN sys_role_permission rp ON p.permission_id = rp.permission_id LEFT JOIN sys_role_user ru ON rp.role_id = ru.role_id WHERE u.user_id = ?
2021-04-16 21:38:23.803 [DEBUG] com.dippy.mapper.SysPermissionMapper.listPermissionByUserId - ==> Parameters: 1(Integer)
2021-04-16 21:38:23.807 [DEBUG] com.dippy.mapper.SysPermissionMapper.listPermissionByUserId - <==      Total: 40
2021-04-16 21:40:04.439 [DEBUG] com.dippy.mapper.SysUserMapper.selectOne - ==>  Preparing: SELECT user_id,username,password,user_name,sex,avatar,address_id,detailed_address,phone,email,birthday,is_lock,create_time,update_time FROM sys_user WHERE (username = ?)
2021-04-16 21:40:04.440 [DEBUG] com.dippy.mapper.SysUserMapper.selectOne - ==> Parameters: admin(String)
2021-04-16 21:40:04.443 [DEBUG] com.dippy.mapper.SysUserMapper.selectOne - <==      Total: 1
2021-04-16 21:40:04.455 [DEBUG] com.dippy.mapper.SysRoleUserMapper.selectList - ==>  Preparing: SELECT role_id FROM sys_role_user WHERE (user_id = ?)
2021-04-16 21:40:04.456 [DEBUG] com.dippy.mapper.SysRoleUserMapper.selectList - ==> Parameters: 1(Integer)
2021-04-16 21:40:04.457 [DEBUG] com.dippy.mapper.SysRoleUserMapper.selectList - <==      Total: 1
2021-04-16 21:40:04.459 [DEBUG] com.dippy.mapper.SysPermissionMapper.listPermissionByUserId - ==>  Preparing: SELECT p.* FROM sys_user u, sys_permission p LEFT JOIN sys_role_permission rp ON p.permission_id = rp.permission_id LEFT JOIN sys_role_user ru ON rp.role_id = ru.role_id WHERE u.user_id = ?
2021-04-16 21:40:04.460 [DEBUG] com.dippy.mapper.SysPermissionMapper.listPermissionByUserId - ==> Parameters: 1(Integer)
2021-04-16 21:40:04.467 [DEBUG] com.dippy.mapper.SysPermissionMapper.listPermissionByUserId - <==      Total: 40
2021-04-16 21:41:38.978 [DEBUG] com.dippy.mapper.SysUserMapper.selectOne - ==>  Preparing: SELECT user_id,username,password,user_name,sex,avatar,address_id,detailed_address,phone,email,birthday,is_lock,create_time,update_time FROM sys_user WHERE (username = ?)
2021-04-16 21:41:38.979 [DEBUG] com.dippy.mapper.SysUserMapper.selectOne - ==> Parameters: admin(String)
2021-04-16 21:41:38.981 [DEBUG] com.dippy.mapper.SysUserMapper.selectOne - <==      Total: 1
2021-04-16 21:41:38.993 [DEBUG] com.dippy.mapper.SysRoleUserMapper.selectList - ==>  Preparing: SELECT role_id FROM sys_role_user WHERE (user_id = ?)
2021-04-16 21:41:38.993 [DEBUG] com.dippy.mapper.SysRoleUserMapper.selectList - ==> Parameters: 1(Integer)
2021-04-16 21:41:38.995 [DEBUG] com.dippy.mapper.SysRoleUserMapper.selectList - <==      Total: 1
2021-04-16 21:41:38.996 [DEBUG] com.dippy.mapper.SysPermissionMapper.listPermissionByUserId - ==>  Preparing: SELECT p.* FROM sys_user u, sys_permission p LEFT JOIN sys_role_permission rp ON p.permission_id = rp.permission_id LEFT JOIN sys_role_user ru ON rp.role_id = ru.role_id WHERE u.user_id = ?
2021-04-16 21:41:38.997 [DEBUG] com.dippy.mapper.SysPermissionMapper.listPermissionByUserId - ==> Parameters: 1(Integer)
2021-04-16 21:41:39.004 [DEBUG] com.dippy.mapper.SysPermissionMapper.listPermissionByUserId - <==      Total: 40
2021-04-16 21:42:56.350 [DEBUG] com.dippy.mapper.SysUserMapper.selectOne - ==>  Preparing: SELECT user_id,username,password,user_name,sex,avatar,address_id,detailed_address,phone,email,birthday,is_lock,create_time,update_time FROM sys_user WHERE (username = ?)
2021-04-16 21:42:56.413 [DEBUG] com.dippy.mapper.SysUserMapper.selectOne - ==> Parameters: admin(String)
2021-04-16 21:42:56.475 [DEBUG] com.dippy.mapper.SysUserMapper.selectOne - <==      Total: 1
2021-04-16 21:42:56.505 [DEBUG] com.dippy.mapper.SysRoleUserMapper.selectList - ==>  Preparing: SELECT role_id FROM sys_role_user WHERE (user_id = ?)
2021-04-16 21:42:56.505 [DEBUG] com.dippy.mapper.SysRoleUserMapper.selectList - ==> Parameters: 1(Integer)
2021-04-16 21:42:56.507 [DEBUG] com.dippy.mapper.SysRoleUserMapper.selectList - <==      Total: 1
2021-04-16 21:42:56.510 [DEBUG] com.dippy.mapper.SysPermissionMapper.listPermissionByUserId - ==>  Preparing: SELECT p.* FROM sys_user u, sys_permission p LEFT JOIN sys_role_permission rp ON p.permission_id = rp.permission_id LEFT JOIN sys_role_user ru ON rp.role_id = ru.role_id WHERE u.user_id = ?
2021-04-16 21:42:56.511 [DEBUG] com.dippy.mapper.SysPermissionMapper.listPermissionByUserId - ==> Parameters: 1(Integer)
2021-04-16 21:42:56.524 [DEBUG] com.dippy.mapper.SysPermissionMapper.listPermissionByUserId - <==      Total: 40
2021-04-16 21:43:16.379 [DEBUG] com.dippy.mapper.SysUserMapper.selectOne - ==>  Preparing: SELECT user_id,username,password,user_name,sex,avatar,address_id,detailed_address,phone,email,birthday,is_lock,create_time,update_time FROM sys_user WHERE (username = ?)
2021-04-16 21:43:16.380 [DEBUG] com.dippy.mapper.SysUserMapper.selectOne - ==> Parameters: admin(String)
2021-04-16 21:43:16.383 [DEBUG] com.dippy.mapper.SysUserMapper.selectOne - <==      Total: 1
2021-04-16 21:43:16.387 [DEBUG] com.dippy.mapper.SysRoleUserMapper.selectList - ==>  Preparing: SELECT role_id FROM sys_role_user WHERE (user_id = ?)
2021-04-16 21:43:16.388 [DEBUG] com.dippy.mapper.SysRoleUserMapper.selectList - ==> Parameters: 1(Integer)
2021-04-16 21:43:16.390 [DEBUG] com.dippy.mapper.SysRoleUserMapper.selectList - <==      Total: 1
2021-04-16 21:43:16.394 [DEBUG] com.dippy.mapper.SysPermissionMapper.listPermissionByUserId - ==>  Preparing: SELECT p.* FROM sys_user u, sys_permission p LEFT JOIN sys_role_permission rp ON p.permission_id = rp.permission_id LEFT JOIN sys_role_user ru ON rp.role_id = ru.role_id WHERE u.user_id = ?
2021-04-16 21:43:16.395 [DEBUG] com.dippy.mapper.SysPermissionMapper.listPermissionByUserId - ==> Parameters: 1(Integer)
2021-04-16 21:43:16.404 [DEBUG] com.dippy.mapper.SysPermissionMapper.listPermissionByUserId - <==      Total: 40
2021-04-16 22:40:07.265 [DEBUG] com.dippy.mapper.SysUserMapper.selectOne - ==>  Preparing: SELECT user_id,username,password,user_name,sex,avatar,address_id,detailed_address,phone,email,birthday,is_lock,create_time,update_time FROM sys_user WHERE (username = ?)
2021-04-16 22:40:07.342 [DEBUG] com.dippy.mapper.SysUserMapper.selectOne - ==> Parameters: admin(String)
2021-04-16 22:40:07.438 [DEBUG] com.dippy.mapper.SysUserMapper.selectOne - <==      Total: 1
2021-04-16 22:40:07.486 [DEBUG] com.dippy.mapper.SysRoleUserMapper.selectList - ==>  Preparing: SELECT role_id FROM sys_role_user WHERE (user_id = ?)
2021-04-16 22:40:07.487 [DEBUG] com.dippy.mapper.SysRoleUserMapper.selectList - ==> Parameters: 1(Integer)
2021-04-16 22:40:07.489 [DEBUG] com.dippy.mapper.SysRoleUserMapper.selectList - <==      Total: 1
2021-04-16 22:40:07.494 [DEBUG] com.dippy.mapper.SysPermissionMapper.listPermissionByUserId - ==>  Preparing: SELECT p.* FROM sys_user u, sys_permission p LEFT JOIN sys_role_permission rp ON p.permission_id = rp.permission_id LEFT JOIN sys_role_user ru ON rp.role_id = ru.role_id WHERE u.user_id = ?
2021-04-16 22:40:07.495 [DEBUG] com.dippy.mapper.SysPermissionMapper.listPermissionByUserId - ==> Parameters: 1(Integer)
2021-04-16 22:40:07.507 [DEBUG] com.dippy.mapper.SysPermissionMapper.listPermissionByUserId - <==      Total: 40
2021-04-16 22:46:19.885 [DEBUG] com.dippy.mapper.SysUserMapper.selectOne - ==>  Preparing: SELECT user_id,username,password,user_name,sex,avatar,address_id,detailed_address,phone,email,birthday,is_lock,create_time,update_time FROM sys_user WHERE (username = ?)
2021-04-16 22:46:19.969 [DEBUG] com.dippy.mapper.SysUserMapper.selectOne - ==> Parameters: admin(String)
2021-04-16 22:46:20.056 [DEBUG] com.dippy.mapper.SysUserMapper.selectOne - <==      Total: 1
2021-04-16 22:46:20.107 [DEBUG] com.dippy.mapper.SysRoleUserMapper.selectList - ==>  Preparing: SELECT role_id FROM sys_role_user WHERE (user_id = ?)
2021-04-16 22:46:20.108 [DEBUG] com.dippy.mapper.SysRoleUserMapper.selectList - ==> Parameters: 1(Integer)
2021-04-16 22:46:20.110 [DEBUG] com.dippy.mapper.SysRoleUserMapper.selectList - <==      Total: 1
2021-04-16 22:46:20.113 [DEBUG] com.dippy.mapper.SysPermissionMapper.listPermissionByUserId - ==>  Preparing: SELECT p.* FROM sys_user u, sys_permission p LEFT JOIN sys_role_permission rp ON p.permission_id = rp.permission_id LEFT JOIN sys_role_user ru ON rp.role_id = ru.role_id WHERE u.user_id = ?
2021-04-16 22:46:20.114 [DEBUG] com.dippy.mapper.SysPermissionMapper.listPermissionByUserId - ==> Parameters: 1(Integer)
2021-04-16 22:46:20.130 [DEBUG] com.dippy.mapper.SysPermissionMapper.listPermissionByUserId - <==      Total: 40
2021-04-16 22:51:24.946 [DEBUG] com.dippy.mapper.SysUserMapper.selectOne - ==>  Preparing: SELECT user_id,username,password,user_name,sex,avatar,address_id,detailed_address,phone,email,birthday,is_lock,create_time,update_time FROM sys_user WHERE (username = ?)
2021-04-16 22:51:24.948 [DEBUG] com.dippy.mapper.SysUserMapper.selectOne - ==> Parameters: admin(String)
2021-04-16 22:51:24.951 [DEBUG] com.dippy.mapper.SysUserMapper.selectOne - <==      Total: 1
2021-04-16 22:51:24.954 [DEBUG] com.dippy.mapper.SysRoleUserMapper.selectList - ==>  Preparing: SELECT role_id FROM sys_role_user WHERE (user_id = ?)
2021-04-16 22:51:24.954 [DEBUG] com.dippy.mapper.SysRoleUserMapper.selectList - ==> Parameters: 1(Integer)
2021-04-16 22:51:24.956 [DEBUG] com.dippy.mapper.SysRoleUserMapper.selectList - <==      Total: 1
2021-04-16 22:51:24.958 [DEBUG] com.dippy.mapper.SysPermissionMapper.listPermissionByUserId - ==>  Preparing: SELECT p.* FROM sys_user u, sys_permission p LEFT JOIN sys_role_permission rp ON p.permission_id = rp.permission_id LEFT JOIN sys_role_user ru ON rp.role_id = ru.role_id WHERE u.user_id = ?
2021-04-16 22:51:24.959 [DEBUG] com.dippy.mapper.SysPermissionMapper.listPermissionByUserId - ==> Parameters: 1(Integer)
2021-04-16 22:51:24.966 [DEBUG] com.dippy.mapper.SysPermissionMapper.listPermissionByUserId - <==      Total: 40
2021-04-16 22:52:15.916 [DEBUG] com.dippy.mapper.CarInfoMapper.getAllCarBrand - ==>  Preparing: SELECT distinct(car_brand) FROM car_info
2021-04-16 22:52:15.917 [DEBUG] com.dippy.mapper.CarInfoMapper.getAllCarBrand - ==> Parameters: 
2021-04-16 22:52:15.921 [DEBUG] com.dippy.mapper.CarInfoMapper.getAllCarBrand - <==      Total: 9
2021-04-16 22:52:16.140 [DEBUG] com.dippy.mapper.CarInfoMapper.getAllCarBrand - ==>  Preparing: SELECT distinct(car_brand) FROM car_info
2021-04-16 22:52:16.140 [DEBUG] com.dippy.mapper.CarInfoMapper.getAllCarBrand - ==> Parameters: 
2021-04-16 22:52:16.144 [DEBUG] com.dippy.mapper.CarInfoMapper.getAllCarBrand - <==      Total: 9
2021-04-16 22:53:27.852 [DEBUG] com.dippy.mapper.CarInfoMapper.getAllCarBrand - ==>  Preparing: SELECT distinct(car_brand) FROM car_info
2021-04-16 22:53:27.853 [DEBUG] com.dippy.mapper.CarInfoMapper.getAllCarBrand - ==> Parameters: 
2021-04-16 22:53:27.856 [DEBUG] com.dippy.mapper.CarInfoMapper.getAllCarBrand - <==      Total: 9
2021-04-16 22:53:27.903 [DEBUG] com.dippy.mapper.CarInfoMapper.getAllCarBrand - ==>  Preparing: SELECT distinct(car_brand) FROM car_info
2021-04-16 22:53:27.904 [DEBUG] com.dippy.mapper.CarInfoMapper.getAllCarBrand - ==> Parameters: 
2021-04-16 22:53:27.907 [DEBUG] com.dippy.mapper.CarInfoMapper.getAllCarBrand - <==      Total: 9
2021-04-16 22:54:30.423 [DEBUG] com.dippy.mapper.SysUserMapper.selectOne - ==>  Preparing: SELECT user_id,username,password,user_name,sex,avatar,address_id,detailed_address,phone,email,birthday,is_lock,create_time,update_time FROM sys_user WHERE (username = ?)
2021-04-16 22:54:30.424 [DEBUG] com.dippy.mapper.SysUserMapper.selectOne - ==> Parameters: admin(String)
2021-04-16 22:54:30.426 [DEBUG] com.dippy.mapper.SysUserMapper.selectOne - <==      Total: 1
2021-04-16 22:54:30.429 [DEBUG] com.dippy.mapper.SysRoleUserMapper.selectList - ==>  Preparing: SELECT role_id FROM sys_role_user WHERE (user_id = ?)
2021-04-16 22:54:30.430 [DEBUG] com.dippy.mapper.SysRoleUserMapper.selectList - ==> Parameters: 1(Integer)
2021-04-16 22:54:30.431 [DEBUG] com.dippy.mapper.SysRoleUserMapper.selectList - <==      Total: 1
2021-04-16 22:54:30.433 [DEBUG] com.dippy.mapper.SysPermissionMapper.listPermissionByUserId - ==>  Preparing: SELECT p.* FROM sys_user u, sys_permission p LEFT JOIN sys_role_permission rp ON p.permission_id = rp.permission_id LEFT JOIN sys_role_user ru ON rp.role_id = ru.role_id WHERE u.user_id = ?
2021-04-16 22:54:30.434 [DEBUG] com.dippy.mapper.SysPermissionMapper.listPermissionByUserId - ==> Parameters: 1(Integer)
2021-04-16 22:54:30.439 [DEBUG] com.dippy.mapper.SysPermissionMapper.listPermissionByUserId - <==      Total: 40
2021-04-16 22:55:36.918 [DEBUG] com.dippy.mapper.SysUserMapper.selectOne - ==>  Preparing: SELECT user_id,username,password,user_name,sex,avatar,address_id,detailed_address,phone,email,birthday,is_lock,create_time,update_time FROM sys_user WHERE (username = ?)
2021-04-16 22:55:36.919 [DEBUG] com.dippy.mapper.SysUserMapper.selectOne - ==> Parameters: admin(String)
2021-04-16 22:55:36.922 [DEBUG] com.dippy.mapper.SysUserMapper.selectOne - <==      Total: 1
2021-04-16 22:55:36.950 [DEBUG] com.dippy.mapper.SysRoleUserMapper.selectList - ==>  Preparing: SELECT role_id FROM sys_role_user WHERE (user_id = ?)
2021-04-16 22:55:36.952 [DEBUG] com.dippy.mapper.SysRoleUserMapper.selectList - ==> Parameters: 1(Integer)
2021-04-16 22:55:36.954 [DEBUG] com.dippy.mapper.SysRoleUserMapper.selectList - <==      Total: 1
2021-04-16 22:55:36.957 [DEBUG] com.dippy.mapper.SysPermissionMapper.listPermissionByUserId - ==>  Preparing: SELECT p.* FROM sys_user u, sys_permission p LEFT JOIN sys_role_permission rp ON p.permission_id = rp.permission_id LEFT JOIN sys_role_user ru ON rp.role_id = ru.role_id WHERE u.user_id = ?
2021-04-16 22:55:36.959 [DEBUG] com.dippy.mapper.SysPermissionMapper.listPermissionByUserId - ==> Parameters: 1(Integer)
2021-04-16 22:55:36.972 [DEBUG] com.dippy.mapper.SysPermissionMapper.listPermissionByUserId - <==      Total: 40
2021-04-16 23:22:51.933 [DEBUG] com.dippy.mapper.CarInfoMapper.getAllCarBrand - ==>  Preparing: SELECT distinct(car_brand) FROM car_info
2021-04-16 23:22:52.033 [DEBUG] com.dippy.mapper.CarInfoMapper.getAllCarBrand - ==> Parameters: 
2021-04-16 23:22:52.108 [DEBUG] com.dippy.mapper.CarInfoMapper.getAllCarBrand - <==      Total: 9
2021-04-16 23:22:52.169 [DEBUG] com.dippy.mapper.CarInfoMapper.getAllCarBrand - ==>  Preparing: SELECT distinct(car_brand) FROM car_info
2021-04-16 23:22:52.170 [DEBUG] com.dippy.mapper.CarInfoMapper.getAllCarBrand - ==> Parameters: 
2021-04-16 23:22:52.175 [DEBUG] com.dippy.mapper.CarInfoMapper.getAllCarBrand - <==      Total: 9
