2021-04-16 00:26:00.699 [main] WARN  org.mybatis.spring.mapper.ClassPathMapperScanner - Skipping MapperFactoryBean with name 'carInfoMapper' and 'com.dippy.mapper.CarInfoMapper' mapperInterface. Bean already defined with the same name!
2021-04-16 00:26:00.702 [main] WARN  org.mybatis.spring.mapper.ClassPathMapperScanner - Skipping MapperFactoryBean with name 'carPictureMapper' and 'com.dippy.mapper.CarPictureMapper' mapperInterface. Bean already defined with the same name!
2021-04-16 00:26:00.703 [main] WARN  org.mybatis.spring.mapper.ClassPathMapperScanner - Skipping MapperFactoryBean with name 'logLoginMapper' and 'com.dippy.mapper.LogLoginMapper' mapperInterface. Bean already defined with the same name!
2021-04-16 00:26:00.703 [main] WARN  org.mybatis.spring.mapper.ClassPathMapperScanner - Skipping MapperFactoryBean with name 'persistentLoginsMapper' and 'com.dippy.mapper.PersistentLoginsMapper' mapperInterface. Bean already defined with the same name!
2021-04-16 00:26:00.767 [main] WARN  org.mybatis.spring.mapper.ClassPathMapperScanner - Skipping MapperFactoryBean with name 'regionMapper' and 'com.dippy.mapper.RegionMapper' mapperInterface. Bean already defined with the same name!
2021-04-16 00:26:00.767 [main] WARN  org.mybatis.spring.mapper.ClassPathMapperScanner - Skipping MapperFactoryBean with name 'sysPermissionMapper' and 'com.dippy.mapper.SysPermissionMapper' mapperInterface. Bean already defined with the same name!
2021-04-16 00:26:00.767 [main] WARN  org.mybatis.spring.mapper.ClassPathMapperScanner - Skipping MapperFactoryBean with name 'sysRoleMapper' and 'com.dippy.mapper.SysRoleMapper' mapperInterface. Bean already defined with the same name!
2021-04-16 00:26:00.768 [main] WARN  org.mybatis.spring.mapper.ClassPathMapperScanner - Skipping MapperFactoryBean with name 'sysRolePermissionMapper' and 'com.dippy.mapper.SysRolePermissionMapper' mapperInterface. Bean already defined with the same name!
2021-04-16 00:26:00.768 [main] WARN  org.mybatis.spring.mapper.ClassPathMapperScanner - Skipping MapperFactoryBean with name 'sysRoleUserMapper' and 'com.dippy.mapper.SysRoleUserMapper' mapperInterface. Bean already defined with the same name!
2021-04-16 00:26:00.768 [main] WARN  org.mybatis.spring.mapper.ClassPathMapperScanner - Skipping MapperFactoryBean with name 'sysUserMapper' and 'com.dippy.mapper.SysUserMapper' mapperInterface. Bean already defined with the same name!
2021-04-16 00:26:00.769 [main] WARN  org.mybatis.spring.mapper.ClassPathMapperScanner - Skipping MapperFactoryBean with name 'userAddressMapper' and 'com.dippy.mapper.UserAddressMapper' mapperInterface. Bean already defined with the same name!
2021-04-16 00:26:00.769 [main] WARN  org.mybatis.spring.mapper.ClassPathMapperScanner - Skipping MapperFactoryBean with name 'userInfoMapper' and 'com.dippy.mapper.UserInfoMapper' mapperInterface. Bean already defined with the same name!
2021-04-16 00:26:00.770 [main] WARN  org.mybatis.spring.mapper.ClassPathMapperScanner - No MyBatis mapper was found in '[com.dippy.mapper]' package. Please check your configuration.
2021-04-16 00:26:07.216 [main] WARN  org.springframework.data.convert.CustomConversions - Registering converter from class org.springframework.data.geo.Point to interface java.util.Map as writing converter although it doesn't convert to a store-supported type! You might want to check your annotation setup at the converter implementation.
2021-04-16 00:26:07.217 [main] WARN  org.springframework.data.convert.CustomConversions - Registering converter from interface java.util.Map to class org.springframework.data.geo.Point as reading converter although it doesn't convert from a store-supported type! You might want to check your annotation setup at the converter implementation.
2021-04-16 00:26:07.217 [main] WARN  org.springframework.data.convert.CustomConversions - Registering converter from class org.springframework.data.elasticsearch.core.geo.GeoPoint to interface java.util.Map as writing converter although it doesn't convert to a store-supported type! You might want to check your annotation setup at the converter implementation.
2021-04-16 00:26:07.218 [main] WARN  org.springframework.data.convert.CustomConversions - Registering converter from interface java.util.Map to class org.springframework.data.elasticsearch.core.geo.GeoPoint as reading converter although it doesn't convert from a store-supported type! You might want to check your annotation setup at the converter implementation.
2021-04-16 00:26:07.438 [main] WARN  o.s.data.elasticsearch.support.VersionInfo - Version mismatch in between Elasticsearch Clients build/use: 7.6.2 - 7.10.1
2021-04-16 00:26:08.181 [main] WARN  c.b.mybatisplus.core.metadata.TableInfoHelper - Can not find table primary key in Class: "com.dippy.entity.PersistentLogins".
2021-04-16 00:28:13.134 [http-nio-8090-exec-3] WARN  o.s.w.s.m.m.a.ExceptionHandlerExceptionResolver - Resolved [org.springframework.web.HttpRequestMethodNotSupportedException: Request method 'POST' not supported]
2021-04-16 00:32:31.449 [http-nio-8090-exec-6] WARN  org.mybatis.spring.mapper.ClassPathMapperScanner - No MyBatis mapper was found in '[com.dippy.mapper]' package. Please check your configuration.
2021-04-16 00:32:31.494 [http-nio-8090-exec-6] WARN  org.mybatis.spring.mapper.ClassPathMapperScanner - No MyBatis mapper was found in '[com.dippy.mapper]' package. Please check your configuration.
2021-04-16 00:36:12.413 [http-nio-8090-exec-10] WARN  org.mybatis.spring.mapper.ClassPathMapperScanner - No MyBatis mapper was found in '[com.dippy.mapper]' package. Please check your configuration.
2021-04-16 00:36:12.444 [http-nio-8090-exec-10] WARN  org.mybatis.spring.mapper.ClassPathMapperScanner - No MyBatis mapper was found in '[com.dippy.mapper]' package. Please check your configuration.
2021-04-16 00:40:12.920 [AMQP Connection 192.168.88.132:5672] WARN  com.rabbitmq.client.impl.ForgivingExceptionHandler - An unexpected connection driver error occured (Exception message: Connection reset)
2021-04-16 00:40:13.117 [lettuce-nioEventLoop-4-2] WARN  io.lettuce.core.protocol.ConnectionWatchdog - Cannot reconnect to [yuechi.com:6379]: No route to host: no further information: yuechi.com/192.168.88.132:6379
io.netty.channel.AbstractChannel$AnnotatedNoRouteToHostException: No route to host: no further information: yuechi.com/192.168.88.132:6379
Caused by: java.net.NoRouteToHostException: No route to host: no further information
	at sun.nio.ch.SocketChannelImpl.checkConnect(Native Method)
	at sun.nio.ch.SocketChannelImpl.finishConnect(SocketChannelImpl.java:717)
	at io.netty.channel.socket.nio.NioSocketChannel.doFinishConnect(NioSocketChannel.java:330)
	at io.netty.channel.nio.AbstractNioChannel$AbstractNioUnsafe.finishConnect(AbstractNioChannel.java:334)
	at io.netty.channel.nio.NioEventLoop.processSelectedKey(NioEventLoop.java:702)
	at io.netty.channel.nio.NioEventLoop.processSelectedKeysOptimized(NioEventLoop.java:650)
	at io.netty.channel.nio.NioEventLoop.processSelectedKeys(NioEventLoop.java:576)
	at io.netty.channel.nio.NioEventLoop.run(NioEventLoop.java:493)
	at io.netty.util.concurrent.SingleThreadEventExecutor$4.run(SingleThreadEventExecutor.java:989)
	at io.netty.util.internal.ThreadExecutorMap$2.run(ThreadExecutorMap.java:74)
	at io.netty.util.concurrent.FastThreadLocalRunnable.run(FastThreadLocalRunnable.java:30)
	at java.lang.Thread.run(Thread.java:748)
2021-04-16 09:20:59.265 [HikariPool-1 housekeeper] WARN  com.zaxxer.hikari.pool.HikariPool - HikariPool-1 - Thread starvation or clock leap detected (housekeeper delta=8h41m12s571ms865µs800ns).
2021-04-16 09:21:12.745 [lettuce-nioEventLoop-4-4] WARN  io.lettuce.core.protocol.ConnectionWatchdog - Cannot reconnect to [yuechi.com:6379]: connection timed out: yuechi.com/192.168.88.132:6379
2021-04-16 09:21:22.977 [lettuce-nioEventLoop-4-1] WARN  io.lettuce.core.protocol.ConnectionWatchdog - Cannot reconnect to [yuechi.com:6379]: connection timed out: yuechi.com/192.168.88.132:6379
2021-04-16 09:21:25.996 [org.springframework.amqp.rabbit.RabbitListenerEndpointContainer#0-2] WARN  o.s.a.r.listener.SimpleMessageListenerContainer - Consumer raised exception, processing can restart if the connection factory supports it. Exception summary: org.springframework.amqp.AmqpConnectException: java.net.ConnectException: Connection timed out: connect
2021-04-16 09:21:33.278 [lettuce-nioEventLoop-4-2] WARN  io.lettuce.core.protocol.ConnectionWatchdog - Cannot reconnect to [yuechi.com:6379]: connection timed out: yuechi.com/192.168.88.132:6379
2021-04-16 11:43:14.006 [main] WARN  org.mybatis.spring.mapper.ClassPathMapperScanner - Skipping MapperFactoryBean with name 'carInfoMapper' and 'com.dippy.mapper.CarInfoMapper' mapperInterface. Bean already defined with the same name!
2021-04-16 11:43:14.104 [main] WARN  org.mybatis.spring.mapper.ClassPathMapperScanner - Skipping MapperFactoryBean with name 'carPictureMapper' and 'com.dippy.mapper.CarPictureMapper' mapperInterface. Bean already defined with the same name!
2021-04-16 11:43:14.104 [main] WARN  org.mybatis.spring.mapper.ClassPathMapperScanner - Skipping MapperFactoryBean with name 'logLoginMapper' and 'com.dippy.mapper.LogLoginMapper' mapperInterface. Bean already defined with the same name!
2021-04-16 11:43:14.104 [main] WARN  org.mybatis.spring.mapper.ClassPathMapperScanner - Skipping MapperFactoryBean with name 'persistentLoginsMapper' and 'com.dippy.mapper.PersistentLoginsMapper' mapperInterface. Bean already defined with the same name!
2021-04-16 11:43:14.104 [main] WARN  org.mybatis.spring.mapper.ClassPathMapperScanner - Skipping MapperFactoryBean with name 'regionMapper' and 'com.dippy.mapper.RegionMapper' mapperInterface. Bean already defined with the same name!
2021-04-16 11:43:14.104 [main] WARN  org.mybatis.spring.mapper.ClassPathMapperScanner - Skipping MapperFactoryBean with name 'sysPermissionMapper' and 'com.dippy.mapper.SysPermissionMapper' mapperInterface. Bean already defined with the same name!
2021-04-16 11:43:14.104 [main] WARN  org.mybatis.spring.mapper.ClassPathMapperScanner - Skipping MapperFactoryBean with name 'sysRoleMapper' and 'com.dippy.mapper.SysRoleMapper' mapperInterface. Bean already defined with the same name!
2021-04-16 11:43:14.105 [main] WARN  org.mybatis.spring.mapper.ClassPathMapperScanner - Skipping MapperFactoryBean with name 'sysRolePermissionMapper' and 'com.dippy.mapper.SysRolePermissionMapper' mapperInterface. Bean already defined with the same name!
2021-04-16 11:43:14.105 [main] WARN  org.mybatis.spring.mapper.ClassPathMapperScanner - Skipping MapperFactoryBean with name 'sysRoleUserMapper' and 'com.dippy.mapper.SysRoleUserMapper' mapperInterface. Bean already defined with the same name!
2021-04-16 11:43:14.105 [main] WARN  org.mybatis.spring.mapper.ClassPathMapperScanner - Skipping MapperFactoryBean with name 'sysUserMapper' and 'com.dippy.mapper.SysUserMapper' mapperInterface. Bean already defined with the same name!
2021-04-16 11:43:14.105 [main] WARN  org.mybatis.spring.mapper.ClassPathMapperScanner - Skipping MapperFactoryBean with name 'userAddressMapper' and 'com.dippy.mapper.UserAddressMapper' mapperInterface. Bean already defined with the same name!
2021-04-16 11:43:14.105 [main] WARN  org.mybatis.spring.mapper.ClassPathMapperScanner - Skipping MapperFactoryBean with name 'userInfoMapper' and 'com.dippy.mapper.UserInfoMapper' mapperInterface. Bean already defined with the same name!
2021-04-16 11:43:14.106 [main] WARN  org.mybatis.spring.mapper.ClassPathMapperScanner - No MyBatis mapper was found in '[com.dippy.mapper]' package. Please check your configuration.
2021-04-16 11:43:19.178 [main] WARN  org.springframework.data.convert.CustomConversions - Registering converter from class org.springframework.data.geo.Point to interface java.util.Map as writing converter although it doesn't convert to a store-supported type! You might want to check your annotation setup at the converter implementation.
2021-04-16 11:43:19.179 [main] WARN  org.springframework.data.convert.CustomConversions - Registering converter from interface java.util.Map to class org.springframework.data.geo.Point as reading converter although it doesn't convert from a store-supported type! You might want to check your annotation setup at the converter implementation.
2021-04-16 11:43:19.179 [main] WARN  org.springframework.data.convert.CustomConversions - Registering converter from class org.springframework.data.elasticsearch.core.geo.GeoPoint to interface java.util.Map as writing converter although it doesn't convert to a store-supported type! You might want to check your annotation setup at the converter implementation.
2021-04-16 11:43:19.180 [main] WARN  org.springframework.data.convert.CustomConversions - Registering converter from interface java.util.Map to class org.springframework.data.elasticsearch.core.geo.GeoPoint as reading converter although it doesn't convert from a store-supported type! You might want to check your annotation setup at the converter implementation.
2021-04-16 11:43:19.402 [main] WARN  o.s.data.elasticsearch.support.VersionInfo - Version mismatch in between Elasticsearch Clients build/use: 7.6.2 - 7.10.1
2021-04-16 11:43:20.045 [main] WARN  c.b.mybatisplus.core.metadata.TableInfoHelper - Can not find table primary key in Class: "com.dippy.entity.PersistentLogins".
2021-04-16 11:45:16.188 [http-nio-8090-exec-2] WARN  org.mybatis.spring.mapper.ClassPathMapperScanner - No MyBatis mapper was found in '[com.dippy.mapper]' package. Please check your configuration.
2021-04-16 11:45:16.193 [http-nio-8090-exec-2] WARN  org.mybatis.spring.mapper.ClassPathMapperScanner - No MyBatis mapper was found in '[com.dippy.mapper]' package. Please check your configuration.
2021-04-16 11:45:27.027 [http-nio-8090-exec-2] WARN  org.mybatis.spring.mapper.ClassPathMapperScanner - No MyBatis mapper was found in '[com.dippy.mapper]' package. Please check your configuration.
2021-04-16 11:45:27.036 [http-nio-8090-exec-2] WARN  org.mybatis.spring.mapper.ClassPathMapperScanner - No MyBatis mapper was found in '[com.dippy.mapper]' package. Please check your configuration.
2021-04-16 11:49:44.221 [http-nio-8090-exec-2] WARN  org.mybatis.spring.mapper.ClassPathMapperScanner - No MyBatis mapper was found in '[com.dippy.mapper]' package. Please check your configuration.
2021-04-16 11:49:44.230 [http-nio-8090-exec-2] WARN  org.mybatis.spring.mapper.ClassPathMapperScanner - No MyBatis mapper was found in '[com.dippy.mapper]' package. Please check your configuration.
2021-04-16 12:01:11.599 [http-nio-8090-exec-3] WARN  org.mybatis.spring.mapper.ClassPathMapperScanner - No MyBatis mapper was found in '[com.dippy.mapper]' package. Please check your configuration.
2021-04-16 12:01:11.607 [http-nio-8090-exec-3] WARN  org.mybatis.spring.mapper.ClassPathMapperScanner - No MyBatis mapper was found in '[com.dippy.mapper]' package. Please check your configuration.
2021-04-16 12:06:55.698 [http-nio-8090-exec-7] WARN  org.mybatis.spring.mapper.ClassPathMapperScanner - No MyBatis mapper was found in '[com.dippy.mapper]' package. Please check your configuration.
2021-04-16 12:06:55.705 [http-nio-8090-exec-7] WARN  org.mybatis.spring.mapper.ClassPathMapperScanner - No MyBatis mapper was found in '[com.dippy.mapper]' package. Please check your configuration.
2021-04-16 12:32:54.893 [http-nio-8090-exec-9] WARN  org.mybatis.spring.mapper.ClassPathMapperScanner - No MyBatis mapper was found in '[com.dippy.mapper]' package. Please check your configuration.
2021-04-16 12:32:54.901 [http-nio-8090-exec-9] WARN  org.mybatis.spring.mapper.ClassPathMapperScanner - No MyBatis mapper was found in '[com.dippy.mapper]' package. Please check your configuration.
2021-04-16 12:35:11.627 [http-nio-8090-exec-4] WARN  org.mybatis.spring.mapper.ClassPathMapperScanner - No MyBatis mapper was found in '[com.dippy.mapper]' package. Please check your configuration.
2021-04-16 12:35:11.645 [http-nio-8090-exec-4] WARN  org.mybatis.spring.mapper.ClassPathMapperScanner - No MyBatis mapper was found in '[com.dippy.mapper]' package. Please check your configuration.
2021-04-16 12:40:07.593 [http-nio-8090-exec-7] WARN  org.mybatis.spring.mapper.ClassPathMapperScanner - No MyBatis mapper was found in '[com.dippy.mapper]' package. Please check your configuration.
2021-04-16 12:40:07.597 [http-nio-8090-exec-7] WARN  org.mybatis.spring.mapper.ClassPathMapperScanner - No MyBatis mapper was found in '[com.dippy.mapper]' package. Please check your configuration.
2021-04-16 12:51:29.878 [http-nio-8090-exec-9] WARN  org.mybatis.spring.mapper.ClassPathMapperScanner - No MyBatis mapper was found in '[com.dippy.mapper]' package. Please check your configuration.
2021-04-16 12:51:29.884 [http-nio-8090-exec-9] WARN  org.mybatis.spring.mapper.ClassPathMapperScanner - No MyBatis mapper was found in '[com.dippy.mapper]' package. Please check your configuration.
2021-04-16 12:54:11.610 [http-nio-8090-exec-1] WARN  org.mybatis.spring.mapper.ClassPathMapperScanner - No MyBatis mapper was found in '[com.dippy.mapper]' package. Please check your configuration.
2021-04-16 12:54:11.620 [http-nio-8090-exec-1] WARN  org.mybatis.spring.mapper.ClassPathMapperScanner - No MyBatis mapper was found in '[com.dippy.mapper]' package. Please check your configuration.
2021-04-16 13:12:59.053 [http-nio-8090-exec-8] WARN  org.mybatis.spring.mapper.ClassPathMapperScanner - No MyBatis mapper was found in '[com.dippy.mapper]' package. Please check your configuration.
2021-04-16 13:12:59.062 [http-nio-8090-exec-8] WARN  org.mybatis.spring.mapper.ClassPathMapperScanner - No MyBatis mapper was found in '[com.dippy.mapper]' package. Please check your configuration.
2021-04-16 13:54:01.076 [main] WARN  org.mybatis.spring.mapper.ClassPathMapperScanner - Skipping MapperFactoryBean with name 'carInfoMapper' and 'com.dippy.mapper.CarInfoMapper' mapperInterface. Bean already defined with the same name!
2021-04-16 13:54:01.077 [main] WARN  org.mybatis.spring.mapper.ClassPathMapperScanner - Skipping MapperFactoryBean with name 'carPictureMapper' and 'com.dippy.mapper.CarPictureMapper' mapperInterface. Bean already defined with the same name!
2021-04-16 13:54:01.078 [main] WARN  org.mybatis.spring.mapper.ClassPathMapperScanner - Skipping MapperFactoryBean with name 'logLoginMapper' and 'com.dippy.mapper.LogLoginMapper' mapperInterface. Bean already defined with the same name!
2021-04-16 13:54:01.078 [main] WARN  org.mybatis.spring.mapper.ClassPathMapperScanner - Skipping MapperFactoryBean with name 'persistentLoginsMapper' and 'com.dippy.mapper.PersistentLoginsMapper' mapperInterface. Bean already defined with the same name!
2021-04-16 13:54:01.078 [main] WARN  org.mybatis.spring.mapper.ClassPathMapperScanner - Skipping MapperFactoryBean with name 'regionMapper' and 'com.dippy.mapper.RegionMapper' mapperInterface. Bean already defined with the same name!
2021-04-16 13:54:01.078 [main] WARN  org.mybatis.spring.mapper.ClassPathMapperScanner - Skipping MapperFactoryBean with name 'shAreaMapper' and 'com.dippy.mapper.ShAreaMapper' mapperInterface. Bean already defined with the same name!
2021-04-16 13:54:01.079 [main] WARN  org.mybatis.spring.mapper.ClassPathMapperScanner - Skipping MapperFactoryBean with name 'sysPermissionMapper' and 'com.dippy.mapper.SysPermissionMapper' mapperInterface. Bean already defined with the same name!
2021-04-16 13:54:01.079 [main] WARN  org.mybatis.spring.mapper.ClassPathMapperScanner - Skipping MapperFactoryBean with name 'sysRoleMapper' and 'com.dippy.mapper.SysRoleMapper' mapperInterface. Bean already defined with the same name!
2021-04-16 13:54:01.079 [main] WARN  org.mybatis.spring.mapper.ClassPathMapperScanner - Skipping MapperFactoryBean with name 'sysRolePermissionMapper' and 'com.dippy.mapper.SysRolePermissionMapper' mapperInterface. Bean already defined with the same name!
2021-04-16 13:54:01.079 [main] WARN  org.mybatis.spring.mapper.ClassPathMapperScanner - Skipping MapperFactoryBean with name 'sysRoleUserMapper' and 'com.dippy.mapper.SysRoleUserMapper' mapperInterface. Bean already defined with the same name!
2021-04-16 13:54:01.079 [main] WARN  org.mybatis.spring.mapper.ClassPathMapperScanner - Skipping MapperFactoryBean with name 'sysUserMapper' and 'com.dippy.mapper.SysUserMapper' mapperInterface. Bean already defined with the same name!
2021-04-16 13:54:01.080 [main] WARN  org.mybatis.spring.mapper.ClassPathMapperScanner - Skipping MapperFactoryBean with name 'userAddressMapper' and 'com.dippy.mapper.UserAddressMapper' mapperInterface. Bean already defined with the same name!
2021-04-16 13:54:01.080 [main] WARN  org.mybatis.spring.mapper.ClassPathMapperScanner - Skipping MapperFactoryBean with name 'userInfoMapper' and 'com.dippy.mapper.UserInfoMapper' mapperInterface. Bean already defined with the same name!
2021-04-16 13:54:01.081 [main] WARN  org.mybatis.spring.mapper.ClassPathMapperScanner - No MyBatis mapper was found in '[com.dippy.mapper]' package. Please check your configuration.
2021-04-16 13:54:06.066 [main] WARN  org.springframework.data.convert.CustomConversions - Registering converter from class org.springframework.data.geo.Point to interface java.util.Map as writing converter although it doesn't convert to a store-supported type! You might want to check your annotation setup at the converter implementation.
2021-04-16 13:54:06.066 [main] WARN  org.springframework.data.convert.CustomConversions - Registering converter from interface java.util.Map to class org.springframework.data.geo.Point as reading converter although it doesn't convert from a store-supported type! You might want to check your annotation setup at the converter implementation.
2021-04-16 13:54:06.067 [main] WARN  org.springframework.data.convert.CustomConversions - Registering converter from class org.springframework.data.elasticsearch.core.geo.GeoPoint to interface java.util.Map as writing converter although it doesn't convert to a store-supported type! You might want to check your annotation setup at the converter implementation.
2021-04-16 13:54:06.067 [main] WARN  org.springframework.data.convert.CustomConversions - Registering converter from interface java.util.Map to class org.springframework.data.elasticsearch.core.geo.GeoPoint as reading converter although it doesn't convert from a store-supported type! You might want to check your annotation setup at the converter implementation.
2021-04-16 13:54:06.307 [main] WARN  o.s.data.elasticsearch.support.VersionInfo - Version mismatch in between Elasticsearch Clients build/use: 7.6.2 - 7.10.1
2021-04-16 13:54:06.923 [main] WARN  c.b.mybatisplus.core.metadata.TableInfoHelper - Can not find table primary key in Class: "com.dippy.entity.PersistentLogins".
2021-04-16 14:02:16.306 [http-nio-8090-exec-3] WARN  org.mybatis.spring.mapper.ClassPathMapperScanner - No MyBatis mapper was found in '[com.dippy.mapper]' package. Please check your configuration.
2021-04-16 14:02:16.308 [http-nio-8090-exec-3] WARN  org.mybatis.spring.mapper.ClassPathMapperScanner - No MyBatis mapper was found in '[com.dippy.mapper]' package. Please check your configuration.
2021-04-16 14:05:10.674 [HikariPool-1 housekeeper] WARN  com.zaxxer.hikari.pool.HikariPool - HikariPool-1 - Thread starvation or clock leap detected (housekeeper delta=55s359ms453µs600ns).
2021-04-16 14:45:30.980 [http-nio-8090-exec-6] WARN  org.mybatis.spring.mapper.ClassPathMapperScanner - No MyBatis mapper was found in '[com.dippy.mapper]' package. Please check your configuration.
2021-04-16 14:45:30.982 [http-nio-8090-exec-6] WARN  org.mybatis.spring.mapper.ClassPathMapperScanner - No MyBatis mapper was found in '[com.dippy.mapper]' package. Please check your configuration.
2021-04-16 16:41:18.215 [http-nio-8090-exec-8] WARN  org.mybatis.spring.mapper.ClassPathMapperScanner - No MyBatis mapper was found in '[com.dippy.mapper]' package. Please check your configuration.
2021-04-16 16:41:18.238 [http-nio-8090-exec-8] WARN  org.mybatis.spring.mapper.ClassPathMapperScanner - No MyBatis mapper was found in '[com.dippy.mapper]' package. Please check your configuration.
2021-04-16 17:49:25.881 [main] WARN  org.mybatis.spring.mapper.ClassPathMapperScanner - Skipping MapperFactoryBean with name 'carInfoMapper' and 'com.dippy.mapper.CarInfoMapper' mapperInterface. Bean already defined with the same name!
2021-04-16 17:49:25.894 [main] WARN  org.mybatis.spring.mapper.ClassPathMapperScanner - Skipping MapperFactoryBean with name 'carPictureMapper' and 'com.dippy.mapper.CarPictureMapper' mapperInterface. Bean already defined with the same name!
2021-04-16 17:49:25.894 [main] WARN  org.mybatis.spring.mapper.ClassPathMapperScanner - Skipping MapperFactoryBean with name 'logLoginMapper' and 'com.dippy.mapper.LogLoginMapper' mapperInterface. Bean already defined with the same name!
2021-04-16 17:49:25.895 [main] WARN  org.mybatis.spring.mapper.ClassPathMapperScanner - Skipping MapperFactoryBean with name 'persistentLoginsMapper' and 'com.dippy.mapper.PersistentLoginsMapper' mapperInterface. Bean already defined with the same name!
2021-04-16 17:49:25.895 [main] WARN  org.mybatis.spring.mapper.ClassPathMapperScanner - Skipping MapperFactoryBean with name 'regionMapper' and 'com.dippy.mapper.RegionMapper' mapperInterface. Bean already defined with the same name!
2021-04-16 17:49:25.895 [main] WARN  org.mybatis.spring.mapper.ClassPathMapperScanner - Skipping MapperFactoryBean with name 'shAreaMapper' and 'com.dippy.mapper.ShAreaMapper' mapperInterface. Bean already defined with the same name!
2021-04-16 17:49:25.895 [main] WARN  org.mybatis.spring.mapper.ClassPathMapperScanner - Skipping MapperFactoryBean with name 'sysPermissionMapper' and 'com.dippy.mapper.SysPermissionMapper' mapperInterface. Bean already defined with the same name!
2021-04-16 17:49:25.895 [main] WARN  org.mybatis.spring.mapper.ClassPathMapperScanner - Skipping MapperFactoryBean with name 'sysRoleMapper' and 'com.dippy.mapper.SysRoleMapper' mapperInterface. Bean already defined with the same name!
2021-04-16 17:49:25.896 [main] WARN  org.mybatis.spring.mapper.ClassPathMapperScanner - Skipping MapperFactoryBean with name 'sysRolePermissionMapper' and 'com.dippy.mapper.SysRolePermissionMapper' mapperInterface. Bean already defined with the same name!
2021-04-16 17:49:25.896 [main] WARN  org.mybatis.spring.mapper.ClassPathMapperScanner - Skipping MapperFactoryBean with name 'sysRoleUserMapper' and 'com.dippy.mapper.SysRoleUserMapper' mapperInterface. Bean already defined with the same name!
2021-04-16 17:49:25.896 [main] WARN  org.mybatis.spring.mapper.ClassPathMapperScanner - Skipping MapperFactoryBean with name 'sysUserMapper' and 'com.dippy.mapper.SysUserMapper' mapperInterface. Bean already defined with the same name!
2021-04-16 17:49:25.896 [main] WARN  org.mybatis.spring.mapper.ClassPathMapperScanner - Skipping MapperFactoryBean with name 'userAddressMapper' and 'com.dippy.mapper.UserAddressMapper' mapperInterface. Bean already defined with the same name!
2021-04-16 17:49:25.897 [main] WARN  org.mybatis.spring.mapper.ClassPathMapperScanner - Skipping MapperFactoryBean with name 'userInfoMapper' and 'com.dippy.mapper.UserInfoMapper' mapperInterface. Bean already defined with the same name!
2021-04-16 17:49:25.897 [main] WARN  org.mybatis.spring.mapper.ClassPathMapperScanner - No MyBatis mapper was found in '[com.dippy.mapper]' package. Please check your configuration.
2021-04-16 17:49:30.985 [main] WARN  org.springframework.data.convert.CustomConversions - Registering converter from class org.springframework.data.geo.Point to interface java.util.Map as writing converter although it doesn't convert to a store-supported type! You might want to check your annotation setup at the converter implementation.
2021-04-16 17:49:30.986 [main] WARN  org.springframework.data.convert.CustomConversions - Registering converter from interface java.util.Map to class org.springframework.data.geo.Point as reading converter although it doesn't convert from a store-supported type! You might want to check your annotation setup at the converter implementation.
2021-04-16 17:49:30.987 [main] WARN  org.springframework.data.convert.CustomConversions - Registering converter from class org.springframework.data.elasticsearch.core.geo.GeoPoint to interface java.util.Map as writing converter although it doesn't convert to a store-supported type! You might want to check your annotation setup at the converter implementation.
2021-04-16 17:49:30.987 [main] WARN  org.springframework.data.convert.CustomConversions - Registering converter from interface java.util.Map to class org.springframework.data.elasticsearch.core.geo.GeoPoint as reading converter although it doesn't convert from a store-supported type! You might want to check your annotation setup at the converter implementation.
2021-04-16 17:49:31.251 [main] WARN  o.s.data.elasticsearch.support.VersionInfo - Version mismatch in between Elasticsearch Clients build/use: 7.6.2 - 7.10.1
2021-04-16 17:49:31.873 [main] WARN  c.b.mybatisplus.core.metadata.TableInfoHelper - Can not find table primary key in Class: "com.dippy.entity.PersistentLogins".
2021-04-16 17:49:46.966 [rebel-change-detector-thread] WARN  org.mybatis.spring.mapper.ClassPathMapperScanner - No MyBatis mapper was found in '[com.dippy.mapper]' package. Please check your configuration.
2021-04-16 17:49:47.047 [rebel-change-detector-thread] WARN  org.mybatis.spring.mapper.ClassPathMapperScanner - No MyBatis mapper was found in '[com.dippy.mapper]' package. Please check your configuration.
2021-04-16 17:56:32.419 [main] WARN  org.mybatis.spring.mapper.ClassPathMapperScanner - Skipping MapperFactoryBean with name 'carInfoMapper' and 'com.dippy.mapper.CarInfoMapper' mapperInterface. Bean already defined with the same name!
2021-04-16 17:56:32.420 [main] WARN  org.mybatis.spring.mapper.ClassPathMapperScanner - Skipping MapperFactoryBean with name 'carPictureMapper' and 'com.dippy.mapper.CarPictureMapper' mapperInterface. Bean already defined with the same name!
2021-04-16 17:56:32.420 [main] WARN  org.mybatis.spring.mapper.ClassPathMapperScanner - Skipping MapperFactoryBean with name 'logLoginMapper' and 'com.dippy.mapper.LogLoginMapper' mapperInterface. Bean already defined with the same name!
2021-04-16 17:56:32.421 [main] WARN  org.mybatis.spring.mapper.ClassPathMapperScanner - Skipping MapperFactoryBean with name 'persistentLoginsMapper' and 'com.dippy.mapper.PersistentLoginsMapper' mapperInterface. Bean already defined with the same name!
2021-04-16 17:56:32.421 [main] WARN  org.mybatis.spring.mapper.ClassPathMapperScanner - Skipping MapperFactoryBean with name 'regionMapper' and 'com.dippy.mapper.RegionMapper' mapperInterface. Bean already defined with the same name!
2021-04-16 17:56:32.421 [main] WARN  org.mybatis.spring.mapper.ClassPathMapperScanner - Skipping MapperFactoryBean with name 'shAreaMapper' and 'com.dippy.mapper.ShAreaMapper' mapperInterface. Bean already defined with the same name!
2021-04-16 17:56:32.421 [main] WARN  org.mybatis.spring.mapper.ClassPathMapperScanner - Skipping MapperFactoryBean with name 'sysPermissionMapper' and 'com.dippy.mapper.SysPermissionMapper' mapperInterface. Bean already defined with the same name!
2021-04-16 17:56:32.422 [main] WARN  org.mybatis.spring.mapper.ClassPathMapperScanner - Skipping MapperFactoryBean with name 'sysRoleMapper' and 'com.dippy.mapper.SysRoleMapper' mapperInterface. Bean already defined with the same name!
2021-04-16 17:56:32.422 [main] WARN  org.mybatis.spring.mapper.ClassPathMapperScanner - Skipping MapperFactoryBean with name 'sysRolePermissionMapper' and 'com.dippy.mapper.SysRolePermissionMapper' mapperInterface. Bean already defined with the same name!
2021-04-16 17:56:32.422 [main] WARN  org.mybatis.spring.mapper.ClassPathMapperScanner - Skipping MapperFactoryBean with name 'sysRoleUserMapper' and 'com.dippy.mapper.SysRoleUserMapper' mapperInterface. Bean already defined with the same name!
2021-04-16 17:56:32.422 [main] WARN  org.mybatis.spring.mapper.ClassPathMapperScanner - Skipping MapperFactoryBean with name 'sysUserMapper' and 'com.dippy.mapper.SysUserMapper' mapperInterface. Bean already defined with the same name!
2021-04-16 17:56:32.422 [main] WARN  org.mybatis.spring.mapper.ClassPathMapperScanner - Skipping MapperFactoryBean with name 'userAddressMapper' and 'com.dippy.mapper.UserAddressMapper' mapperInterface. Bean already defined with the same name!
2021-04-16 17:56:32.423 [main] WARN  org.mybatis.spring.mapper.ClassPathMapperScanner - Skipping MapperFactoryBean with name 'userInfoMapper' and 'com.dippy.mapper.UserInfoMapper' mapperInterface. Bean already defined with the same name!
2021-04-16 17:56:32.423 [main] WARN  org.mybatis.spring.mapper.ClassPathMapperScanner - No MyBatis mapper was found in '[com.dippy.mapper]' package. Please check your configuration.
2021-04-16 17:56:37.906 [main] WARN  org.springframework.data.convert.CustomConversions - Registering converter from class org.springframework.data.geo.Point to interface java.util.Map as writing converter although it doesn't convert to a store-supported type! You might want to check your annotation setup at the converter implementation.
2021-04-16 17:56:37.907 [main] WARN  org.springframework.data.convert.CustomConversions - Registering converter from interface java.util.Map to class org.springframework.data.geo.Point as reading converter although it doesn't convert from a store-supported type! You might want to check your annotation setup at the converter implementation.
2021-04-16 17:56:37.907 [main] WARN  org.springframework.data.convert.CustomConversions - Registering converter from class org.springframework.data.elasticsearch.core.geo.GeoPoint to interface java.util.Map as writing converter although it doesn't convert to a store-supported type! You might want to check your annotation setup at the converter implementation.
2021-04-16 17:56:37.908 [main] WARN  org.springframework.data.convert.CustomConversions - Registering converter from interface java.util.Map to class org.springframework.data.elasticsearch.core.geo.GeoPoint as reading converter although it doesn't convert from a store-supported type! You might want to check your annotation setup at the converter implementation.
2021-04-16 17:56:38.185 [main] WARN  o.s.data.elasticsearch.support.VersionInfo - Version mismatch in between Elasticsearch Clients build/use: 7.6.2 - 7.10.1
2021-04-16 17:56:39.180 [main] WARN  c.b.mybatisplus.core.metadata.TableInfoHelper - Can not find table primary key in Class: "com.dippy.entity.PersistentLogins".
2021-04-16 18:00:36.922 [http-nio-8090-exec-5] WARN  o.s.a.r.listener.SimpleMessageListenerContainer - 'missingQueuesFatal' is ignored during the initial start(), for lazily loaded containers
2021-04-16 18:05:17.820 [http-nio-8090-exec-9] WARN  org.mybatis.spring.mapper.ClassPathMapperScanner - No MyBatis mapper was found in '[com.dippy.mapper]' package. Please check your configuration.
2021-04-16 18:05:17.871 [http-nio-8090-exec-9] WARN  org.mybatis.spring.mapper.ClassPathMapperScanner - No MyBatis mapper was found in '[com.dippy.mapper]' package. Please check your configuration.
2021-04-16 18:16:31.899 [http-nio-8090-exec-10] WARN  org.mybatis.spring.mapper.ClassPathMapperScanner - No MyBatis mapper was found in '[com.dippy.mapper]' package. Please check your configuration.
2021-04-16 18:16:31.928 [http-nio-8090-exec-10] WARN  org.mybatis.spring.mapper.ClassPathMapperScanner - No MyBatis mapper was found in '[com.dippy.mapper]' package. Please check your configuration.
2021-04-16 18:20:34.087 [http-nio-8090-exec-6] WARN  org.mybatis.spring.mapper.ClassPathMapperScanner - No MyBatis mapper was found in '[com.dippy.mapper]' package. Please check your configuration.
2021-04-16 18:20:34.117 [http-nio-8090-exec-6] WARN  org.mybatis.spring.mapper.ClassPathMapperScanner - No MyBatis mapper was found in '[com.dippy.mapper]' package. Please check your configuration.
2021-04-16 18:22:11.227 [http-nio-8090-exec-5] WARN  org.mybatis.spring.mapper.ClassPathMapperScanner - No MyBatis mapper was found in '[com.dippy.mapper]' package. Please check your configuration.
2021-04-16 18:22:11.283 [http-nio-8090-exec-5] WARN  org.mybatis.spring.mapper.ClassPathMapperScanner - No MyBatis mapper was found in '[com.dippy.mapper]' package. Please check your configuration.
2021-04-16 18:31:06.289 [http-nio-8090-exec-3] WARN  org.mybatis.spring.mapper.ClassPathMapperScanner - No MyBatis mapper was found in '[com.dippy.mapper]' package. Please check your configuration.
2021-04-16 18:31:06.373 [http-nio-8090-exec-3] WARN  org.mybatis.spring.mapper.ClassPathMapperScanner - No MyBatis mapper was found in '[com.dippy.mapper]' package. Please check your configuration.
2021-04-16 19:40:10.669 [http-nio-8090-exec-10] WARN  org.mybatis.spring.mapper.ClassPathMapperScanner - No MyBatis mapper was found in '[com.dippy.mapper]' package. Please check your configuration.
2021-04-16 19:40:10.780 [http-nio-8090-exec-10] WARN  org.mybatis.spring.mapper.ClassPathMapperScanner - No MyBatis mapper was found in '[com.dippy.mapper]' package. Please check your configuration.
2021-04-16 19:40:28.344 [http-nio-8090-exec-4] WARN  org.mybatis.spring.mapper.ClassPathMapperScanner - No MyBatis mapper was found in '[com.dippy.mapper]' package. Please check your configuration.
2021-04-16 19:40:28.403 [http-nio-8090-exec-4] WARN  org.mybatis.spring.mapper.ClassPathMapperScanner - No MyBatis mapper was found in '[com.dippy.mapper]' package. Please check your configuration.
2021-04-16 19:41:36.664 [http-nio-8090-exec-9] WARN  org.mybatis.spring.mapper.ClassPathMapperScanner - No MyBatis mapper was found in '[com.dippy.mapper]' package. Please check your configuration.
2021-04-16 19:41:36.689 [http-nio-8090-exec-9] WARN  org.mybatis.spring.mapper.ClassPathMapperScanner - No MyBatis mapper was found in '[com.dippy.mapper]' package. Please check your configuration.
2021-04-16 19:43:12.182 [http-nio-8090-exec-1] WARN  org.mybatis.spring.mapper.ClassPathMapperScanner - No MyBatis mapper was found in '[com.dippy.mapper]' package. Please check your configuration.
2021-04-16 19:43:12.226 [http-nio-8090-exec-1] WARN  org.mybatis.spring.mapper.ClassPathMapperScanner - No MyBatis mapper was found in '[com.dippy.mapper]' package. Please check your configuration.
2021-04-16 19:49:16.332 [main] WARN  org.mybatis.spring.mapper.ClassPathMapperScanner - Skipping MapperFactoryBean with name 'carInfoMapper' and 'com.dippy.mapper.CarInfoMapper' mapperInterface. Bean already defined with the same name!
2021-04-16 19:49:16.333 [main] WARN  org.mybatis.spring.mapper.ClassPathMapperScanner - Skipping MapperFactoryBean with name 'carPictureMapper' and 'com.dippy.mapper.CarPictureMapper' mapperInterface. Bean already defined with the same name!
2021-04-16 19:49:16.333 [main] WARN  org.mybatis.spring.mapper.ClassPathMapperScanner - Skipping MapperFactoryBean with name 'logLoginMapper' and 'com.dippy.mapper.LogLoginMapper' mapperInterface. Bean already defined with the same name!
2021-04-16 19:49:16.333 [main] WARN  org.mybatis.spring.mapper.ClassPathMapperScanner - Skipping MapperFactoryBean with name 'persistentLoginsMapper' and 'com.dippy.mapper.PersistentLoginsMapper' mapperInterface. Bean already defined with the same name!
2021-04-16 19:49:16.333 [main] WARN  org.mybatis.spring.mapper.ClassPathMapperScanner - Skipping MapperFactoryBean with name 'regionMapper' and 'com.dippy.mapper.RegionMapper' mapperInterface. Bean already defined with the same name!
2021-04-16 19:49:16.334 [main] WARN  org.mybatis.spring.mapper.ClassPathMapperScanner - Skipping MapperFactoryBean with name 'shAreaMapper' and 'com.dippy.mapper.ShAreaMapper' mapperInterface. Bean already defined with the same name!
2021-04-16 19:49:16.334 [main] WARN  org.mybatis.spring.mapper.ClassPathMapperScanner - Skipping MapperFactoryBean with name 'sysPermissionMapper' and 'com.dippy.mapper.SysPermissionMapper' mapperInterface. Bean already defined with the same name!
2021-04-16 19:49:16.334 [main] WARN  org.mybatis.spring.mapper.ClassPathMapperScanner - Skipping MapperFactoryBean with name 'sysRoleMapper' and 'com.dippy.mapper.SysRoleMapper' mapperInterface. Bean already defined with the same name!
2021-04-16 19:49:16.334 [main] WARN  org.mybatis.spring.mapper.ClassPathMapperScanner - Skipping MapperFactoryBean with name 'sysRolePermissionMapper' and 'com.dippy.mapper.SysRolePermissionMapper' mapperInterface. Bean already defined with the same name!
2021-04-16 19:49:16.334 [main] WARN  org.mybatis.spring.mapper.ClassPathMapperScanner - Skipping MapperFactoryBean with name 'sysRoleUserMapper' and 'com.dippy.mapper.SysRoleUserMapper' mapperInterface. Bean already defined with the same name!
2021-04-16 19:49:16.335 [main] WARN  org.mybatis.spring.mapper.ClassPathMapperScanner - Skipping MapperFactoryBean with name 'sysUserMapper' and 'com.dippy.mapper.SysUserMapper' mapperInterface. Bean already defined with the same name!
2021-04-16 19:49:16.335 [main] WARN  org.mybatis.spring.mapper.ClassPathMapperScanner - Skipping MapperFactoryBean with name 'userAddressMapper' and 'com.dippy.mapper.UserAddressMapper' mapperInterface. Bean already defined with the same name!
2021-04-16 19:49:16.335 [main] WARN  org.mybatis.spring.mapper.ClassPathMapperScanner - Skipping MapperFactoryBean with name 'userInfoMapper' and 'com.dippy.mapper.UserInfoMapper' mapperInterface. Bean already defined with the same name!
2021-04-16 19:49:16.336 [main] WARN  org.mybatis.spring.mapper.ClassPathMapperScanner - No MyBatis mapper was found in '[com.dippy.mapper]' package. Please check your configuration.
2021-04-16 19:49:22.836 [main] WARN  org.springframework.data.convert.CustomConversions - Registering converter from class org.springframework.data.geo.Point to interface java.util.Map as writing converter although it doesn't convert to a store-supported type! You might want to check your annotation setup at the converter implementation.
2021-04-16 19:49:22.836 [main] WARN  org.springframework.data.convert.CustomConversions - Registering converter from interface java.util.Map to class org.springframework.data.geo.Point as reading converter although it doesn't convert from a store-supported type! You might want to check your annotation setup at the converter implementation.
2021-04-16 19:49:22.837 [main] WARN  org.springframework.data.convert.CustomConversions - Registering converter from class org.springframework.data.elasticsearch.core.geo.GeoPoint to interface java.util.Map as writing converter although it doesn't convert to a store-supported type! You might want to check your annotation setup at the converter implementation.
2021-04-16 19:49:22.837 [main] WARN  org.springframework.data.convert.CustomConversions - Registering converter from interface java.util.Map to class org.springframework.data.elasticsearch.core.geo.GeoPoint as reading converter although it doesn't convert from a store-supported type! You might want to check your annotation setup at the converter implementation.
2021-04-16 19:49:23.072 [main] WARN  o.s.data.elasticsearch.support.VersionInfo - Version mismatch in between Elasticsearch Clients build/use: 7.6.2 - 7.10.1
2021-04-16 19:49:24.027 [main] WARN  c.b.mybatisplus.core.metadata.TableInfoHelper - Can not find table primary key in Class: "com.dippy.entity.PersistentLogins".
2021-04-16 19:57:39.296 [http-nio-8090-exec-8] WARN  org.mybatis.spring.mapper.ClassPathMapperScanner - No MyBatis mapper was found in '[com.dippy.mapper]' package. Please check your configuration.
2021-04-16 19:57:39.300 [http-nio-8090-exec-8] WARN  org.mybatis.spring.mapper.ClassPathMapperScanner - No MyBatis mapper was found in '[com.dippy.mapper]' package. Please check your configuration.
2021-04-16 19:58:16.605 [http-nio-8090-exec-10] WARN  o.s.w.s.m.m.a.ExceptionHandlerExceptionResolver - Resolved [org.springframework.web.HttpRequestMethodNotSupportedException: Request method 'POST' not supported]
2021-04-16 20:00:36.440 [main] WARN  org.mybatis.spring.mapper.ClassPathMapperScanner - Skipping MapperFactoryBean with name 'carInfoMapper' and 'com.dippy.mapper.CarInfoMapper' mapperInterface. Bean already defined with the same name!
2021-04-16 20:00:36.440 [main] WARN  org.mybatis.spring.mapper.ClassPathMapperScanner - Skipping MapperFactoryBean with name 'carPictureMapper' and 'com.dippy.mapper.CarPictureMapper' mapperInterface. Bean already defined with the same name!
2021-04-16 20:00:36.441 [main] WARN  org.mybatis.spring.mapper.ClassPathMapperScanner - Skipping MapperFactoryBean with name 'logLoginMapper' and 'com.dippy.mapper.LogLoginMapper' mapperInterface. Bean already defined with the same name!
2021-04-16 20:00:36.441 [main] WARN  org.mybatis.spring.mapper.ClassPathMapperScanner - Skipping MapperFactoryBean with name 'persistentLoginsMapper' and 'com.dippy.mapper.PersistentLoginsMapper' mapperInterface. Bean already defined with the same name!
2021-04-16 20:00:36.442 [main] WARN  org.mybatis.spring.mapper.ClassPathMapperScanner - Skipping MapperFactoryBean with name 'regionMapper' and 'com.dippy.mapper.RegionMapper' mapperInterface. Bean already defined with the same name!
2021-04-16 20:00:36.442 [main] WARN  org.mybatis.spring.mapper.ClassPathMapperScanner - Skipping MapperFactoryBean with name 'shAreaMapper' and 'com.dippy.mapper.ShAreaMapper' mapperInterface. Bean already defined with the same name!
2021-04-16 20:00:36.442 [main] WARN  org.mybatis.spring.mapper.ClassPathMapperScanner - Skipping MapperFactoryBean with name 'sysPermissionMapper' and 'com.dippy.mapper.SysPermissionMapper' mapperInterface. Bean already defined with the same name!
2021-04-16 20:00:36.442 [main] WARN  org.mybatis.spring.mapper.ClassPathMapperScanner - Skipping MapperFactoryBean with name 'sysRoleMapper' and 'com.dippy.mapper.SysRoleMapper' mapperInterface. Bean already defined with the same name!
2021-04-16 20:00:36.442 [main] WARN  org.mybatis.spring.mapper.ClassPathMapperScanner - Skipping MapperFactoryBean with name 'sysRolePermissionMapper' and 'com.dippy.mapper.SysRolePermissionMapper' mapperInterface. Bean already defined with the same name!
2021-04-16 20:00:36.443 [main] WARN  org.mybatis.spring.mapper.ClassPathMapperScanner - Skipping MapperFactoryBean with name 'sysRoleUserMapper' and 'com.dippy.mapper.SysRoleUserMapper' mapperInterface. Bean already defined with the same name!
2021-04-16 20:00:36.443 [main] WARN  org.mybatis.spring.mapper.ClassPathMapperScanner - Skipping MapperFactoryBean with name 'sysUserMapper' and 'com.dippy.mapper.SysUserMapper' mapperInterface. Bean already defined with the same name!
2021-04-16 20:00:36.443 [main] WARN  org.mybatis.spring.mapper.ClassPathMapperScanner - Skipping MapperFactoryBean with name 'userAddressMapper' and 'com.dippy.mapper.UserAddressMapper' mapperInterface. Bean already defined with the same name!
2021-04-16 20:00:36.443 [main] WARN  org.mybatis.spring.mapper.ClassPathMapperScanner - Skipping MapperFactoryBean with name 'userInfoMapper' and 'com.dippy.mapper.UserInfoMapper' mapperInterface. Bean already defined with the same name!
2021-04-16 20:00:36.444 [main] WARN  org.mybatis.spring.mapper.ClassPathMapperScanner - No MyBatis mapper was found in '[com.dippy.mapper]' package. Please check your configuration.
2021-04-16 20:00:41.258 [main] WARN  org.springframework.data.convert.CustomConversions - Registering converter from class org.springframework.data.geo.Point to interface java.util.Map as writing converter although it doesn't convert to a store-supported type! You might want to check your annotation setup at the converter implementation.
2021-04-16 20:00:41.259 [main] WARN  org.springframework.data.convert.CustomConversions - Registering converter from interface java.util.Map to class org.springframework.data.geo.Point as reading converter although it doesn't convert from a store-supported type! You might want to check your annotation setup at the converter implementation.
2021-04-16 20:00:41.260 [main] WARN  org.springframework.data.convert.CustomConversions - Registering converter from class org.springframework.data.elasticsearch.core.geo.GeoPoint to interface java.util.Map as writing converter although it doesn't convert to a store-supported type! You might want to check your annotation setup at the converter implementation.
2021-04-16 20:00:41.260 [main] WARN  org.springframework.data.convert.CustomConversions - Registering converter from interface java.util.Map to class org.springframework.data.elasticsearch.core.geo.GeoPoint as reading converter although it doesn't convert from a store-supported type! You might want to check your annotation setup at the converter implementation.
2021-04-16 20:00:41.461 [main] WARN  o.s.data.elasticsearch.support.VersionInfo - Version mismatch in between Elasticsearch Clients build/use: 7.6.2 - 7.10.1
2021-04-16 20:00:42.027 [main] WARN  c.b.mybatisplus.core.metadata.TableInfoHelper - Can not find table primary key in Class: "com.dippy.entity.PersistentLogins".
2021-04-16 20:01:16.320 [http-nio-8090-exec-5] WARN  o.s.w.s.m.m.a.ExceptionHandlerExceptionResolver - Resolved [org.springframework.web.HttpRequestMethodNotSupportedException: Request method 'POST' not supported]
2021-04-16 20:09:49.121 [http-nio-8090-exec-9] WARN  o.s.w.s.m.m.a.ExceptionHandlerExceptionResolver - Resolved [org.springframework.web.HttpRequestMethodNotSupportedException: Request method 'POST' not supported]
2021-04-16 20:11:31.761 [http-nio-8090-exec-2] WARN  org.mybatis.spring.mapper.ClassPathMapperScanner - No MyBatis mapper was found in '[com.dippy.mapper]' package. Please check your configuration.
2021-04-16 20:11:31.879 [http-nio-8090-exec-2] WARN  org.mybatis.spring.mapper.ClassPathMapperScanner - No MyBatis mapper was found in '[com.dippy.mapper]' package. Please check your configuration.
2021-04-16 20:11:41.741 [http-nio-8090-exec-5] WARN  o.s.w.s.m.m.a.ExceptionHandlerExceptionResolver - Resolved [org.springframework.web.HttpRequestMethodNotSupportedException: Request method 'POST' not supported]
2021-04-16 20:13:10.145 [http-nio-8090-exec-8] WARN  o.s.w.s.m.m.a.ExceptionHandlerExceptionResolver - Resolved [org.springframework.web.HttpRequestMethodNotSupportedException: Request method 'POST' not supported]
2021-04-16 21:06:41.166 [http-nio-8090-exec-10] WARN  org.mybatis.spring.mapper.ClassPathMapperScanner - No MyBatis mapper was found in '[com.dippy.mapper]' package. Please check your configuration.
2021-04-16 21:06:41.253 [http-nio-8090-exec-10] WARN  org.mybatis.spring.mapper.ClassPathMapperScanner - No MyBatis mapper was found in '[com.dippy.mapper]' package. Please check your configuration.
2021-04-16 21:06:56.306 [http-nio-8090-exec-4] WARN  o.s.w.s.m.m.a.ExceptionHandlerExceptionResolver - Resolved [org.springframework.web.HttpRequestMethodNotSupportedException: Request method 'POST' not supported]
2021-04-16 21:08:56.631 [main] WARN  org.mybatis.spring.mapper.ClassPathMapperScanner - Skipping MapperFactoryBean with name 'carInfoMapper' and 'com.dippy.mapper.CarInfoMapper' mapperInterface. Bean already defined with the same name!
2021-04-16 21:08:56.632 [main] WARN  org.mybatis.spring.mapper.ClassPathMapperScanner - Skipping MapperFactoryBean with name 'carPictureMapper' and 'com.dippy.mapper.CarPictureMapper' mapperInterface. Bean already defined with the same name!
2021-04-16 21:08:56.633 [main] WARN  org.mybatis.spring.mapper.ClassPathMapperScanner - Skipping MapperFactoryBean with name 'logLoginMapper' and 'com.dippy.mapper.LogLoginMapper' mapperInterface. Bean already defined with the same name!
2021-04-16 21:08:56.633 [main] WARN  org.mybatis.spring.mapper.ClassPathMapperScanner - Skipping MapperFactoryBean with name 'persistentLoginsMapper' and 'com.dippy.mapper.PersistentLoginsMapper' mapperInterface. Bean already defined with the same name!
2021-04-16 21:08:56.634 [main] WARN  org.mybatis.spring.mapper.ClassPathMapperScanner - Skipping MapperFactoryBean with name 'regionMapper' and 'com.dippy.mapper.RegionMapper' mapperInterface. Bean already defined with the same name!
2021-04-16 21:08:56.634 [main] WARN  org.mybatis.spring.mapper.ClassPathMapperScanner - Skipping MapperFactoryBean with name 'shAreaMapper' and 'com.dippy.mapper.ShAreaMapper' mapperInterface. Bean already defined with the same name!
2021-04-16 21:08:56.634 [main] WARN  org.mybatis.spring.mapper.ClassPathMapperScanner - Skipping MapperFactoryBean with name 'sysPermissionMapper' and 'com.dippy.mapper.SysPermissionMapper' mapperInterface. Bean already defined with the same name!
2021-04-16 21:08:56.635 [main] WARN  org.mybatis.spring.mapper.ClassPathMapperScanner - Skipping MapperFactoryBean with name 'sysRoleMapper' and 'com.dippy.mapper.SysRoleMapper' mapperInterface. Bean already defined with the same name!
2021-04-16 21:08:56.635 [main] WARN  org.mybatis.spring.mapper.ClassPathMapperScanner - Skipping MapperFactoryBean with name 'sysRolePermissionMapper' and 'com.dippy.mapper.SysRolePermissionMapper' mapperInterface. Bean already defined with the same name!
2021-04-16 21:08:56.635 [main] WARN  org.mybatis.spring.mapper.ClassPathMapperScanner - Skipping MapperFactoryBean with name 'sysRoleUserMapper' and 'com.dippy.mapper.SysRoleUserMapper' mapperInterface. Bean already defined with the same name!
2021-04-16 21:08:56.636 [main] WARN  org.mybatis.spring.mapper.ClassPathMapperScanner - Skipping MapperFactoryBean with name 'sysUserMapper' and 'com.dippy.mapper.SysUserMapper' mapperInterface. Bean already defined with the same name!
2021-04-16 21:08:56.636 [main] WARN  org.mybatis.spring.mapper.ClassPathMapperScanner - Skipping MapperFactoryBean with name 'userAddressMapper' and 'com.dippy.mapper.UserAddressMapper' mapperInterface. Bean already defined with the same name!
2021-04-16 21:08:56.636 [main] WARN  org.mybatis.spring.mapper.ClassPathMapperScanner - Skipping MapperFactoryBean with name 'userInfoMapper' and 'com.dippy.mapper.UserInfoMapper' mapperInterface. Bean already defined with the same name!
2021-04-16 21:08:56.637 [main] WARN  org.mybatis.spring.mapper.ClassPathMapperScanner - No MyBatis mapper was found in '[com.dippy.mapper]' package. Please check your configuration.
2021-04-16 21:09:02.884 [main] WARN  org.springframework.data.convert.CustomConversions - Registering converter from class org.springframework.data.geo.Point to interface java.util.Map as writing converter although it doesn't convert to a store-supported type! You might want to check your annotation setup at the converter implementation.
2021-04-16 21:09:02.884 [main] WARN  org.springframework.data.convert.CustomConversions - Registering converter from interface java.util.Map to class org.springframework.data.geo.Point as reading converter although it doesn't convert from a store-supported type! You might want to check your annotation setup at the converter implementation.
2021-04-16 21:09:02.885 [main] WARN  org.springframework.data.convert.CustomConversions - Registering converter from class org.springframework.data.elasticsearch.core.geo.GeoPoint to interface java.util.Map as writing converter although it doesn't convert to a store-supported type! You might want to check your annotation setup at the converter implementation.
2021-04-16 21:09:02.885 [main] WARN  org.springframework.data.convert.CustomConversions - Registering converter from interface java.util.Map to class org.springframework.data.elasticsearch.core.geo.GeoPoint as reading converter although it doesn't convert from a store-supported type! You might want to check your annotation setup at the converter implementation.
2021-04-16 21:09:03.146 [main] WARN  o.s.data.elasticsearch.support.VersionInfo - Version mismatch in between Elasticsearch Clients build/use: 7.6.2 - 7.10.1
2021-04-16 21:09:03.945 [main] WARN  c.b.mybatisplus.core.metadata.TableInfoHelper - Can not find table primary key in Class: "com.dippy.entity.PersistentLogins".
2021-04-16 21:10:23.434 [http-nio-8090-exec-6] WARN  o.s.w.s.m.m.a.ExceptionHandlerExceptionResolver - Resolved [org.springframework.web.HttpRequestMethodNotSupportedException: Request method 'POST' not supported]
2021-04-16 21:11:31.120 [http-nio-8090-exec-8] WARN  org.mybatis.spring.mapper.ClassPathMapperScanner - No MyBatis mapper was found in '[com.dippy.mapper]' package. Please check your configuration.
2021-04-16 21:11:31.122 [http-nio-8090-exec-8] WARN  org.mybatis.spring.mapper.ClassPathMapperScanner - No MyBatis mapper was found in '[com.dippy.mapper]' package. Please check your configuration.
2021-04-16 21:30:24.698 [http-nio-8090-exec-4] WARN  org.mybatis.spring.mapper.ClassPathMapperScanner - No MyBatis mapper was found in '[com.dippy.mapper]' package. Please check your configuration.
2021-04-16 21:30:24.703 [http-nio-8090-exec-4] WARN  org.mybatis.spring.mapper.ClassPathMapperScanner - No MyBatis mapper was found in '[com.dippy.mapper]' package. Please check your configuration.
2021-04-16 21:39:50.601 [http-nio-8090-exec-6] WARN  org.mybatis.spring.mapper.ClassPathMapperScanner - No MyBatis mapper was found in '[com.dippy.mapper]' package. Please check your configuration.
2021-04-16 21:39:50.602 [http-nio-8090-exec-6] WARN  org.mybatis.spring.mapper.ClassPathMapperScanner - No MyBatis mapper was found in '[com.dippy.mapper]' package. Please check your configuration.
2021-04-16 21:40:04.070 [http-nio-8090-exec-8] WARN  org.mybatis.spring.mapper.ClassPathMapperScanner - No MyBatis mapper was found in '[com.dippy.mapper]' package. Please check your configuration.
2021-04-16 21:40:04.072 [http-nio-8090-exec-8] WARN  org.mybatis.spring.mapper.ClassPathMapperScanner - No MyBatis mapper was found in '[com.dippy.mapper]' package. Please check your configuration.
2021-04-16 21:41:28.994 [http-nio-8090-exec-2] WARN  org.mybatis.spring.mapper.ClassPathMapperScanner - No MyBatis mapper was found in '[com.dippy.mapper]' package. Please check your configuration.
2021-04-16 21:41:28.996 [http-nio-8090-exec-2] WARN  org.mybatis.spring.mapper.ClassPathMapperScanner - No MyBatis mapper was found in '[com.dippy.mapper]' package. Please check your configuration.
2021-04-16 21:42:27.030 [main] WARN  org.mybatis.spring.mapper.ClassPathMapperScanner - Skipping MapperFactoryBean with name 'carInfoMapper' and 'com.dippy.mapper.CarInfoMapper' mapperInterface. Bean already defined with the same name!
2021-04-16 21:42:27.031 [main] WARN  org.mybatis.spring.mapper.ClassPathMapperScanner - Skipping MapperFactoryBean with name 'carPictureMapper' and 'com.dippy.mapper.CarPictureMapper' mapperInterface. Bean already defined with the same name!
2021-04-16 21:42:27.032 [main] WARN  org.mybatis.spring.mapper.ClassPathMapperScanner - Skipping MapperFactoryBean with name 'logLoginMapper' and 'com.dippy.mapper.LogLoginMapper' mapperInterface. Bean already defined with the same name!
2021-04-16 21:42:27.032 [main] WARN  org.mybatis.spring.mapper.ClassPathMapperScanner - Skipping MapperFactoryBean with name 'persistentLoginsMapper' and 'com.dippy.mapper.PersistentLoginsMapper' mapperInterface. Bean already defined with the same name!
2021-04-16 21:42:27.032 [main] WARN  org.mybatis.spring.mapper.ClassPathMapperScanner - Skipping MapperFactoryBean with name 'regionMapper' and 'com.dippy.mapper.RegionMapper' mapperInterface. Bean already defined with the same name!
2021-04-16 21:42:27.032 [main] WARN  org.mybatis.spring.mapper.ClassPathMapperScanner - Skipping MapperFactoryBean with name 'shAreaMapper' and 'com.dippy.mapper.ShAreaMapper' mapperInterface. Bean already defined with the same name!
2021-04-16 21:42:27.033 [main] WARN  org.mybatis.spring.mapper.ClassPathMapperScanner - Skipping MapperFactoryBean with name 'sysPermissionMapper' and 'com.dippy.mapper.SysPermissionMapper' mapperInterface. Bean already defined with the same name!
2021-04-16 21:42:27.033 [main] WARN  org.mybatis.spring.mapper.ClassPathMapperScanner - Skipping MapperFactoryBean with name 'sysRoleMapper' and 'com.dippy.mapper.SysRoleMapper' mapperInterface. Bean already defined with the same name!
2021-04-16 21:42:27.033 [main] WARN  org.mybatis.spring.mapper.ClassPathMapperScanner - Skipping MapperFactoryBean with name 'sysRolePermissionMapper' and 'com.dippy.mapper.SysRolePermissionMapper' mapperInterface. Bean already defined with the same name!
2021-04-16 21:42:27.033 [main] WARN  org.mybatis.spring.mapper.ClassPathMapperScanner - Skipping MapperFactoryBean with name 'sysRoleUserMapper' and 'com.dippy.mapper.SysRoleUserMapper' mapperInterface. Bean already defined with the same name!
2021-04-16 21:42:27.034 [main] WARN  org.mybatis.spring.mapper.ClassPathMapperScanner - Skipping MapperFactoryBean with name 'sysUserMapper' and 'com.dippy.mapper.SysUserMapper' mapperInterface. Bean already defined with the same name!
2021-04-16 21:42:27.034 [main] WARN  org.mybatis.spring.mapper.ClassPathMapperScanner - Skipping MapperFactoryBean with name 'userAddressMapper' and 'com.dippy.mapper.UserAddressMapper' mapperInterface. Bean already defined with the same name!
2021-04-16 21:42:27.034 [main] WARN  org.mybatis.spring.mapper.ClassPathMapperScanner - Skipping MapperFactoryBean with name 'userInfoMapper' and 'com.dippy.mapper.UserInfoMapper' mapperInterface. Bean already defined with the same name!
2021-04-16 21:42:27.035 [main] WARN  org.mybatis.spring.mapper.ClassPathMapperScanner - No MyBatis mapper was found in '[com.dippy.mapper]' package. Please check your configuration.
2021-04-16 21:42:32.136 [main] WARN  org.springframework.data.convert.CustomConversions - Registering converter from class org.springframework.data.geo.Point to interface java.util.Map as writing converter although it doesn't convert to a store-supported type! You might want to check your annotation setup at the converter implementation.
2021-04-16 21:42:32.136 [main] WARN  org.springframework.data.convert.CustomConversions - Registering converter from interface java.util.Map to class org.springframework.data.geo.Point as reading converter although it doesn't convert from a store-supported type! You might want to check your annotation setup at the converter implementation.
2021-04-16 21:42:32.137 [main] WARN  org.springframework.data.convert.CustomConversions - Registering converter from class org.springframework.data.elasticsearch.core.geo.GeoPoint to interface java.util.Map as writing converter although it doesn't convert to a store-supported type! You might want to check your annotation setup at the converter implementation.
2021-04-16 21:42:32.137 [main] WARN  org.springframework.data.convert.CustomConversions - Registering converter from interface java.util.Map to class org.springframework.data.elasticsearch.core.geo.GeoPoint as reading converter although it doesn't convert from a store-supported type! You might want to check your annotation setup at the converter implementation.
2021-04-16 21:42:32.339 [main] WARN  o.s.data.elasticsearch.support.VersionInfo - Version mismatch in between Elasticsearch Clients build/use: 7.6.2 - 7.10.1
2021-04-16 21:42:32.956 [main] WARN  c.b.mybatisplus.core.metadata.TableInfoHelper - Can not find table primary key in Class: "com.dippy.entity.PersistentLogins".
2021-04-16 22:33:30.043 [main] WARN  org.mybatis.spring.mapper.ClassPathMapperScanner - Skipping MapperFactoryBean with name 'carInfoMapper' and 'com.dippy.mapper.CarInfoMapper' mapperInterface. Bean already defined with the same name!
2021-04-16 22:33:30.044 [main] WARN  org.mybatis.spring.mapper.ClassPathMapperScanner - Skipping MapperFactoryBean with name 'carPictureMapper' and 'com.dippy.mapper.CarPictureMapper' mapperInterface. Bean already defined with the same name!
2021-04-16 22:33:30.044 [main] WARN  org.mybatis.spring.mapper.ClassPathMapperScanner - Skipping MapperFactoryBean with name 'logLoginMapper' and 'com.dippy.mapper.LogLoginMapper' mapperInterface. Bean already defined with the same name!
2021-04-16 22:33:30.044 [main] WARN  org.mybatis.spring.mapper.ClassPathMapperScanner - Skipping MapperFactoryBean with name 'persistentLoginsMapper' and 'com.dippy.mapper.PersistentLoginsMapper' mapperInterface. Bean already defined with the same name!
2021-04-16 22:33:30.045 [main] WARN  org.mybatis.spring.mapper.ClassPathMapperScanner - Skipping MapperFactoryBean with name 'regionMapper' and 'com.dippy.mapper.RegionMapper' mapperInterface. Bean already defined with the same name!
2021-04-16 22:33:30.045 [main] WARN  org.mybatis.spring.mapper.ClassPathMapperScanner - Skipping MapperFactoryBean with name 'shAreaMapper' and 'com.dippy.mapper.ShAreaMapper' mapperInterface. Bean already defined with the same name!
2021-04-16 22:33:30.045 [main] WARN  org.mybatis.spring.mapper.ClassPathMapperScanner - Skipping MapperFactoryBean with name 'sysPermissionMapper' and 'com.dippy.mapper.SysPermissionMapper' mapperInterface. Bean already defined with the same name!
2021-04-16 22:33:30.045 [main] WARN  org.mybatis.spring.mapper.ClassPathMapperScanner - Skipping MapperFactoryBean with name 'sysRoleMapper' and 'com.dippy.mapper.SysRoleMapper' mapperInterface. Bean already defined with the same name!
2021-04-16 22:33:30.046 [main] WARN  org.mybatis.spring.mapper.ClassPathMapperScanner - Skipping MapperFactoryBean with name 'sysRolePermissionMapper' and 'com.dippy.mapper.SysRolePermissionMapper' mapperInterface. Bean already defined with the same name!
2021-04-16 22:33:30.046 [main] WARN  org.mybatis.spring.mapper.ClassPathMapperScanner - Skipping MapperFactoryBean with name 'sysRoleUserMapper' and 'com.dippy.mapper.SysRoleUserMapper' mapperInterface. Bean already defined with the same name!
2021-04-16 22:33:30.046 [main] WARN  org.mybatis.spring.mapper.ClassPathMapperScanner - Skipping MapperFactoryBean with name 'sysUserMapper' and 'com.dippy.mapper.SysUserMapper' mapperInterface. Bean already defined with the same name!
2021-04-16 22:33:30.046 [main] WARN  org.mybatis.spring.mapper.ClassPathMapperScanner - Skipping MapperFactoryBean with name 'userAddressMapper' and 'com.dippy.mapper.UserAddressMapper' mapperInterface. Bean already defined with the same name!
2021-04-16 22:33:30.047 [main] WARN  org.mybatis.spring.mapper.ClassPathMapperScanner - Skipping MapperFactoryBean with name 'userInfoMapper' and 'com.dippy.mapper.UserInfoMapper' mapperInterface. Bean already defined with the same name!
2021-04-16 22:33:30.048 [main] WARN  org.mybatis.spring.mapper.ClassPathMapperScanner - No MyBatis mapper was found in '[com.dippy.mapper]' package. Please check your configuration.
2021-04-16 22:33:36.171 [main] WARN  org.springframework.data.convert.CustomConversions - Registering converter from class org.springframework.data.geo.Point to interface java.util.Map as writing converter although it doesn't convert to a store-supported type! You might want to check your annotation setup at the converter implementation.
2021-04-16 22:33:36.172 [main] WARN  org.springframework.data.convert.CustomConversions - Registering converter from interface java.util.Map to class org.springframework.data.geo.Point as reading converter although it doesn't convert from a store-supported type! You might want to check your annotation setup at the converter implementation.
2021-04-16 22:33:36.173 [main] WARN  org.springframework.data.convert.CustomConversions - Registering converter from class org.springframework.data.elasticsearch.core.geo.GeoPoint to interface java.util.Map as writing converter although it doesn't convert to a store-supported type! You might want to check your annotation setup at the converter implementation.
2021-04-16 22:33:36.173 [main] WARN  org.springframework.data.convert.CustomConversions - Registering converter from interface java.util.Map to class org.springframework.data.elasticsearch.core.geo.GeoPoint as reading converter although it doesn't convert from a store-supported type! You might want to check your annotation setup at the converter implementation.
2021-04-16 22:33:36.402 [main] WARN  o.s.data.elasticsearch.support.VersionInfo - Version mismatch in between Elasticsearch Clients build/use: 7.6.2 - 7.10.1
2021-04-16 22:33:36.983 [main] WARN  c.b.mybatisplus.core.metadata.TableInfoHelper - Can not find table primary key in Class: "com.dippy.entity.PersistentLogins".
2021-04-16 22:39:08.672 [AMQP Connection 192.168.88.132:5672] WARN  com.rabbitmq.client.impl.ForgivingExceptionHandler - An unexpected connection driver error occured (Exception message: Connection reset)
2021-04-16 22:41:28.606 [main] WARN  org.mybatis.spring.mapper.ClassPathMapperScanner - Skipping MapperFactoryBean with name 'carInfoMapper' and 'com.dippy.mapper.CarInfoMapper' mapperInterface. Bean already defined with the same name!
2021-04-16 22:41:28.607 [main] WARN  org.mybatis.spring.mapper.ClassPathMapperScanner - Skipping MapperFactoryBean with name 'carPictureMapper' and 'com.dippy.mapper.CarPictureMapper' mapperInterface. Bean already defined with the same name!
2021-04-16 22:41:28.607 [main] WARN  org.mybatis.spring.mapper.ClassPathMapperScanner - Skipping MapperFactoryBean with name 'logLoginMapper' and 'com.dippy.mapper.LogLoginMapper' mapperInterface. Bean already defined with the same name!
2021-04-16 22:41:28.607 [main] WARN  org.mybatis.spring.mapper.ClassPathMapperScanner - Skipping MapperFactoryBean with name 'persistentLoginsMapper' and 'com.dippy.mapper.PersistentLoginsMapper' mapperInterface. Bean already defined with the same name!
2021-04-16 22:41:28.608 [main] WARN  org.mybatis.spring.mapper.ClassPathMapperScanner - Skipping MapperFactoryBean with name 'regionMapper' and 'com.dippy.mapper.RegionMapper' mapperInterface. Bean already defined with the same name!
2021-04-16 22:41:28.608 [main] WARN  org.mybatis.spring.mapper.ClassPathMapperScanner - Skipping MapperFactoryBean with name 'shAreaMapper' and 'com.dippy.mapper.ShAreaMapper' mapperInterface. Bean already defined with the same name!
2021-04-16 22:41:28.608 [main] WARN  org.mybatis.spring.mapper.ClassPathMapperScanner - Skipping MapperFactoryBean with name 'sysPermissionMapper' and 'com.dippy.mapper.SysPermissionMapper' mapperInterface. Bean already defined with the same name!
2021-04-16 22:41:28.608 [main] WARN  org.mybatis.spring.mapper.ClassPathMapperScanner - Skipping MapperFactoryBean with name 'sysRoleMapper' and 'com.dippy.mapper.SysRoleMapper' mapperInterface. Bean already defined with the same name!
2021-04-16 22:41:28.609 [main] WARN  org.mybatis.spring.mapper.ClassPathMapperScanner - Skipping MapperFactoryBean with name 'sysRolePermissionMapper' and 'com.dippy.mapper.SysRolePermissionMapper' mapperInterface. Bean already defined with the same name!
2021-04-16 22:41:28.609 [main] WARN  org.mybatis.spring.mapper.ClassPathMapperScanner - Skipping MapperFactoryBean with name 'sysRoleUserMapper' and 'com.dippy.mapper.SysRoleUserMapper' mapperInterface. Bean already defined with the same name!
2021-04-16 22:41:28.609 [main] WARN  org.mybatis.spring.mapper.ClassPathMapperScanner - Skipping MapperFactoryBean with name 'sysUserMapper' and 'com.dippy.mapper.SysUserMapper' mapperInterface. Bean already defined with the same name!
2021-04-16 22:41:28.609 [main] WARN  org.mybatis.spring.mapper.ClassPathMapperScanner - Skipping MapperFactoryBean with name 'userAddressMapper' and 'com.dippy.mapper.UserAddressMapper' mapperInterface. Bean already defined with the same name!
2021-04-16 22:41:28.609 [main] WARN  org.mybatis.spring.mapper.ClassPathMapperScanner - Skipping MapperFactoryBean with name 'userInfoMapper' and 'com.dippy.mapper.UserInfoMapper' mapperInterface. Bean already defined with the same name!
2021-04-16 22:41:28.610 [main] WARN  org.mybatis.spring.mapper.ClassPathMapperScanner - No MyBatis mapper was found in '[com.dippy.mapper]' package. Please check your configuration.
2021-04-16 22:41:34.003 [main] WARN  org.springframework.data.convert.CustomConversions - Registering converter from class org.springframework.data.geo.Point to interface java.util.Map as writing converter although it doesn't convert to a store-supported type! You might want to check your annotation setup at the converter implementation.
2021-04-16 22:41:34.004 [main] WARN  org.springframework.data.convert.CustomConversions - Registering converter from interface java.util.Map to class org.springframework.data.geo.Point as reading converter although it doesn't convert from a store-supported type! You might want to check your annotation setup at the converter implementation.
2021-04-16 22:41:34.004 [main] WARN  org.springframework.data.convert.CustomConversions - Registering converter from class org.springframework.data.elasticsearch.core.geo.GeoPoint to interface java.util.Map as writing converter although it doesn't convert to a store-supported type! You might want to check your annotation setup at the converter implementation.
2021-04-16 22:41:34.004 [main] WARN  org.springframework.data.convert.CustomConversions - Registering converter from interface java.util.Map to class org.springframework.data.elasticsearch.core.geo.GeoPoint as reading converter although it doesn't convert from a store-supported type! You might want to check your annotation setup at the converter implementation.
2021-04-16 22:41:34.279 [main] WARN  o.s.data.elasticsearch.support.VersionInfo - Version mismatch in between Elasticsearch Clients build/use: 7.6.2 - 7.10.1
2021-04-16 22:41:34.934 [main] WARN  c.b.mybatisplus.core.metadata.TableInfoHelper - Can not find table primary key in Class: "com.dippy.entity.PersistentLogins".
2021-04-16 22:55:29.257 [http-nio-8090-exec-3] WARN  org.mybatis.spring.mapper.ClassPathMapperScanner - No MyBatis mapper was found in '[com.dippy.mapper]' package. Please check your configuration.
2021-04-16 22:55:29.267 [http-nio-8090-exec-3] WARN  org.mybatis.spring.mapper.ClassPathMapperScanner - No MyBatis mapper was found in '[com.dippy.mapper]' package. Please check your configuration.
2021-04-16 22:56:03.910 [http-nio-8090-exec-7] WARN  org.mybatis.spring.mapper.ClassPathMapperScanner - No MyBatis mapper was found in '[com.dippy.mapper]' package. Please check your configuration.
2021-04-16 22:56:03.915 [http-nio-8090-exec-7] WARN  org.mybatis.spring.mapper.ClassPathMapperScanner - No MyBatis mapper was found in '[com.dippy.mapper]' package. Please check your configuration.
2021-04-16 22:58:02.065 [HikariPool-1 housekeeper] WARN  com.zaxxer.hikari.pool.HikariPool - HikariPool-1 - Thread starvation or clock leap detected (housekeeper delta=1m12s66ms329µs800ns).
2021-04-16 22:58:02.188 [http-nio-8090-exec-7] WARN  org.mybatis.spring.mapper.ClassPathMapperScanner - No MyBatis mapper was found in '[com.dippy.mapper]' package. Please check your configuration.
2021-04-16 22:58:02.193 [http-nio-8090-exec-7] WARN  org.mybatis.spring.mapper.ClassPathMapperScanner - No MyBatis mapper was found in '[com.dippy.mapper]' package. Please check your configuration.
2021-04-16 23:01:20.908 [main] WARN  org.mybatis.spring.mapper.ClassPathMapperScanner - Skipping MapperFactoryBean with name 'carInfoMapper' and 'com.dippy.mapper.CarInfoMapper' mapperInterface. Bean already defined with the same name!
2021-04-16 23:01:20.909 [main] WARN  org.mybatis.spring.mapper.ClassPathMapperScanner - Skipping MapperFactoryBean with name 'carPictureMapper' and 'com.dippy.mapper.CarPictureMapper' mapperInterface. Bean already defined with the same name!
2021-04-16 23:01:20.909 [main] WARN  org.mybatis.spring.mapper.ClassPathMapperScanner - Skipping MapperFactoryBean with name 'logLoginMapper' and 'com.dippy.mapper.LogLoginMapper' mapperInterface. Bean already defined with the same name!
2021-04-16 23:01:20.909 [main] WARN  org.mybatis.spring.mapper.ClassPathMapperScanner - Skipping MapperFactoryBean with name 'persistentLoginsMapper' and 'com.dippy.mapper.PersistentLoginsMapper' mapperInterface. Bean already defined with the same name!
2021-04-16 23:01:20.910 [main] WARN  org.mybatis.spring.mapper.ClassPathMapperScanner - Skipping MapperFactoryBean with name 'regionMapper' and 'com.dippy.mapper.RegionMapper' mapperInterface. Bean already defined with the same name!
2021-04-16 23:01:20.910 [main] WARN  org.mybatis.spring.mapper.ClassPathMapperScanner - Skipping MapperFactoryBean with name 'shAreaMapper' and 'com.dippy.mapper.ShAreaMapper' mapperInterface. Bean already defined with the same name!
2021-04-16 23:01:20.910 [main] WARN  org.mybatis.spring.mapper.ClassPathMapperScanner - Skipping MapperFactoryBean with name 'sysPermissionMapper' and 'com.dippy.mapper.SysPermissionMapper' mapperInterface. Bean already defined with the same name!
2021-04-16 23:01:20.910 [main] WARN  org.mybatis.spring.mapper.ClassPathMapperScanner - Skipping MapperFactoryBean with name 'sysRoleMapper' and 'com.dippy.mapper.SysRoleMapper' mapperInterface. Bean already defined with the same name!
2021-04-16 23:01:20.911 [main] WARN  org.mybatis.spring.mapper.ClassPathMapperScanner - Skipping MapperFactoryBean with name 'sysRolePermissionMapper' and 'com.dippy.mapper.SysRolePermissionMapper' mapperInterface. Bean already defined with the same name!
2021-04-16 23:01:20.911 [main] WARN  org.mybatis.spring.mapper.ClassPathMapperScanner - Skipping MapperFactoryBean with name 'sysRoleUserMapper' and 'com.dippy.mapper.SysRoleUserMapper' mapperInterface. Bean already defined with the same name!
2021-04-16 23:01:20.911 [main] WARN  org.mybatis.spring.mapper.ClassPathMapperScanner - Skipping MapperFactoryBean with name 'sysUserMapper' and 'com.dippy.mapper.SysUserMapper' mapperInterface. Bean already defined with the same name!
2021-04-16 23:01:20.911 [main] WARN  org.mybatis.spring.mapper.ClassPathMapperScanner - Skipping MapperFactoryBean with name 'userAddressMapper' and 'com.dippy.mapper.UserAddressMapper' mapperInterface. Bean already defined with the same name!
2021-04-16 23:01:20.912 [main] WARN  org.mybatis.spring.mapper.ClassPathMapperScanner - Skipping MapperFactoryBean with name 'userInfoMapper' and 'com.dippy.mapper.UserInfoMapper' mapperInterface. Bean already defined with the same name!
2021-04-16 23:01:20.912 [main] WARN  org.mybatis.spring.mapper.ClassPathMapperScanner - No MyBatis mapper was found in '[com.dippy.mapper]' package. Please check your configuration.
2021-04-16 23:01:27.159 [main] WARN  org.springframework.data.convert.CustomConversions - Registering converter from class org.springframework.data.geo.Point to interface java.util.Map as writing converter although it doesn't convert to a store-supported type! You might want to check your annotation setup at the converter implementation.
2021-04-16 23:01:27.160 [main] WARN  org.springframework.data.convert.CustomConversions - Registering converter from interface java.util.Map to class org.springframework.data.geo.Point as reading converter although it doesn't convert from a store-supported type! You might want to check your annotation setup at the converter implementation.
2021-04-16 23:01:27.160 [main] WARN  org.springframework.data.convert.CustomConversions - Registering converter from class org.springframework.data.elasticsearch.core.geo.GeoPoint to interface java.util.Map as writing converter although it doesn't convert to a store-supported type! You might want to check your annotation setup at the converter implementation.
2021-04-16 23:01:27.161 [main] WARN  org.springframework.data.convert.CustomConversions - Registering converter from interface java.util.Map to class org.springframework.data.elasticsearch.core.geo.GeoPoint as reading converter although it doesn't convert from a store-supported type! You might want to check your annotation setup at the converter implementation.
2021-04-16 23:01:27.370 [main] WARN  o.s.data.elasticsearch.support.VersionInfo - Version mismatch in between Elasticsearch Clients build/use: 7.6.2 - 7.10.1
2021-04-16 23:01:28.214 [main] WARN  c.b.mybatisplus.core.metadata.TableInfoHelper - Can not find table primary key in Class: "com.dippy.entity.PersistentLogins".
2021-04-16 23:14:58.640 [http-nio-8090-exec-2] WARN  org.mybatis.spring.mapper.ClassPathMapperScanner - No MyBatis mapper was found in '[com.dippy.mapper]' package. Please check your configuration.
2021-04-16 23:14:58.807 [http-nio-8090-exec-2] WARN  org.mybatis.spring.mapper.ClassPathMapperScanner - No MyBatis mapper was found in '[com.dippy.mapper]' package. Please check your configuration.
2021-04-16 23:15:49.559 [http-nio-8090-exec-3] WARN  org.mybatis.spring.mapper.ClassPathMapperScanner - No MyBatis mapper was found in '[com.dippy.mapper]' package. Please check your configuration.
2021-04-16 23:15:49.635 [http-nio-8090-exec-3] WARN  org.mybatis.spring.mapper.ClassPathMapperScanner - No MyBatis mapper was found in '[com.dippy.mapper]' package. Please check your configuration.
2021-04-16 23:16:38.248 [http-nio-8090-exec-7] WARN  org.mybatis.spring.mapper.ClassPathMapperScanner - No MyBatis mapper was found in '[com.dippy.mapper]' package. Please check your configuration.
2021-04-16 23:16:38.418 [http-nio-8090-exec-7] WARN  org.mybatis.spring.mapper.ClassPathMapperScanner - No MyBatis mapper was found in '[com.dippy.mapper]' package. Please check your configuration.
2021-04-16 23:16:50.086 [http-nio-8090-exec-9] WARN  org.mybatis.spring.mapper.ClassPathMapperScanner - No MyBatis mapper was found in '[com.dippy.mapper]' package. Please check your configuration.
2021-04-16 23:16:50.241 [http-nio-8090-exec-9] WARN  org.mybatis.spring.mapper.ClassPathMapperScanner - No MyBatis mapper was found in '[com.dippy.mapper]' package. Please check your configuration.
2021-04-16 23:18:37.825 [http-nio-8090-exec-5] WARN  o.s.w.s.m.m.a.ExceptionHandlerExceptionResolver - Resolved [org.springframework.http.converter.HttpMessageNotReadableException: Required request body is missing: public com.dippy.common.result.Result com.dippy.controller.es.SearchController.searchListPage(com.dippy.es.vo.SearchParamVo,javax.servlet.http.HttpServletRequest)]
2021-04-16 23:22:43.176 [http-nio-8090-exec-6] WARN  org.mybatis.spring.mapper.ClassPathMapperScanner - No MyBatis mapper was found in '[com.dippy.mapper]' package. Please check your configuration.
2021-04-16 23:22:43.279 [http-nio-8090-exec-6] WARN  org.mybatis.spring.mapper.ClassPathMapperScanner - No MyBatis mapper was found in '[com.dippy.mapper]' package. Please check your configuration.
2021-04-16 23:24:10.809 [main] WARN  org.mybatis.spring.mapper.ClassPathMapperScanner - Skipping MapperFactoryBean with name 'carInfoMapper' and 'com.dippy.mapper.CarInfoMapper' mapperInterface. Bean already defined with the same name!
2021-04-16 23:24:10.809 [main] WARN  org.mybatis.spring.mapper.ClassPathMapperScanner - Skipping MapperFactoryBean with name 'carPictureMapper' and 'com.dippy.mapper.CarPictureMapper' mapperInterface. Bean already defined with the same name!
2021-04-16 23:24:10.810 [main] WARN  org.mybatis.spring.mapper.ClassPathMapperScanner - Skipping MapperFactoryBean with name 'logLoginMapper' and 'com.dippy.mapper.LogLoginMapper' mapperInterface. Bean already defined with the same name!
2021-04-16 23:24:10.810 [main] WARN  org.mybatis.spring.mapper.ClassPathMapperScanner - Skipping MapperFactoryBean with name 'persistentLoginsMapper' and 'com.dippy.mapper.PersistentLoginsMapper' mapperInterface. Bean already defined with the same name!
2021-04-16 23:24:10.810 [main] WARN  org.mybatis.spring.mapper.ClassPathMapperScanner - Skipping MapperFactoryBean with name 'regionMapper' and 'com.dippy.mapper.RegionMapper' mapperInterface. Bean already defined with the same name!
2021-04-16 23:24:10.810 [main] WARN  org.mybatis.spring.mapper.ClassPathMapperScanner - Skipping MapperFactoryBean with name 'shAreaMapper' and 'com.dippy.mapper.ShAreaMapper' mapperInterface. Bean already defined with the same name!
2021-04-16 23:24:10.811 [main] WARN  org.mybatis.spring.mapper.ClassPathMapperScanner - Skipping MapperFactoryBean with name 'sysPermissionMapper' and 'com.dippy.mapper.SysPermissionMapper' mapperInterface. Bean already defined with the same name!
2021-04-16 23:24:10.811 [main] WARN  org.mybatis.spring.mapper.ClassPathMapperScanner - Skipping MapperFactoryBean with name 'sysRoleMapper' and 'com.dippy.mapper.SysRoleMapper' mapperInterface. Bean already defined with the same name!
2021-04-16 23:24:10.811 [main] WARN  org.mybatis.spring.mapper.ClassPathMapperScanner - Skipping MapperFactoryBean with name 'sysRolePermissionMapper' and 'com.dippy.mapper.SysRolePermissionMapper' mapperInterface. Bean already defined with the same name!
2021-04-16 23:24:10.811 [main] WARN  org.mybatis.spring.mapper.ClassPathMapperScanner - Skipping MapperFactoryBean with name 'sysRoleUserMapper' and 'com.dippy.mapper.SysRoleUserMapper' mapperInterface. Bean already defined with the same name!
2021-04-16 23:24:10.811 [main] WARN  org.mybatis.spring.mapper.ClassPathMapperScanner - Skipping MapperFactoryBean with name 'sysUserMapper' and 'com.dippy.mapper.SysUserMapper' mapperInterface. Bean already defined with the same name!
2021-04-16 23:24:10.812 [main] WARN  org.mybatis.spring.mapper.ClassPathMapperScanner - Skipping MapperFactoryBean with name 'userAddressMapper' and 'com.dippy.mapper.UserAddressMapper' mapperInterface. Bean already defined with the same name!
2021-04-16 23:24:10.812 [main] WARN  org.mybatis.spring.mapper.ClassPathMapperScanner - Skipping MapperFactoryBean with name 'userInfoMapper' and 'com.dippy.mapper.UserInfoMapper' mapperInterface. Bean already defined with the same name!
2021-04-16 23:24:10.813 [main] WARN  org.mybatis.spring.mapper.ClassPathMapperScanner - No MyBatis mapper was found in '[com.dippy.mapper]' package. Please check your configuration.
2021-04-16 23:24:17.561 [main] WARN  org.springframework.data.convert.CustomConversions - Registering converter from class org.springframework.data.geo.Point to interface java.util.Map as writing converter although it doesn't convert to a store-supported type! You might want to check your annotation setup at the converter implementation.
2021-04-16 23:24:17.562 [main] WARN  org.springframework.data.convert.CustomConversions - Registering converter from interface java.util.Map to class org.springframework.data.geo.Point as reading converter although it doesn't convert from a store-supported type! You might want to check your annotation setup at the converter implementation.
2021-04-16 23:24:17.562 [main] WARN  org.springframework.data.convert.CustomConversions - Registering converter from class org.springframework.data.elasticsearch.core.geo.GeoPoint to interface java.util.Map as writing converter although it doesn't convert to a store-supported type! You might want to check your annotation setup at the converter implementation.
2021-04-16 23:24:17.563 [main] WARN  org.springframework.data.convert.CustomConversions - Registering converter from interface java.util.Map to class org.springframework.data.elasticsearch.core.geo.GeoPoint as reading converter although it doesn't convert from a store-supported type! You might want to check your annotation setup at the converter implementation.
2021-04-16 23:24:17.771 [main] WARN  o.s.data.elasticsearch.support.VersionInfo - Version mismatch in between Elasticsearch Clients build/use: 7.6.2 - 7.10.1
2021-04-16 23:24:18.682 [main] WARN  c.b.mybatisplus.core.metadata.TableInfoHelper - Can not find table primary key in Class: "com.dippy.entity.PersistentLogins".
2021-04-16 23:38:03.854 [http-nio-8090-exec-10] WARN  org.mybatis.spring.mapper.ClassPathMapperScanner - No MyBatis mapper was found in '[com.dippy.mapper]' package. Please check your configuration.
2021-04-16 23:38:04.045 [http-nio-8090-exec-10] WARN  org.mybatis.spring.mapper.ClassPathMapperScanner - No MyBatis mapper was found in '[com.dippy.mapper]' package. Please check your configuration.
2021-04-16 23:48:37.725 [AMQP Connection 192.168.88.132:5672] WARN  com.rabbitmq.client.impl.ForgivingExceptionHandler - An unexpected connection driver error occured (Exception message: Connection reset)
2021-04-16 23:48:43.361 [http-nio-8090-exec-4] WARN  org.mybatis.spring.mapper.ClassPathMapperScanner - No MyBatis mapper was found in '[com.dippy.mapper]' package. Please check your configuration.
2021-04-16 23:48:43.480 [http-nio-8090-exec-4] WARN  org.mybatis.spring.mapper.ClassPathMapperScanner - No MyBatis mapper was found in '[com.dippy.mapper]' package. Please check your configuration.
2021-04-16 23:49:35.698 [http-nio-8090-exec-9] WARN  org.mybatis.spring.mapper.ClassPathMapperScanner - No MyBatis mapper was found in '[com.dippy.mapper]' package. Please check your configuration.
2021-04-16 23:49:35.821 [http-nio-8090-exec-9] WARN  org.mybatis.spring.mapper.ClassPathMapperScanner - No MyBatis mapper was found in '[com.dippy.mapper]' package. Please check your configuration.
2021-04-16 23:50:04.231 [http-nio-8090-exec-10] WARN  org.mybatis.spring.mapper.ClassPathMapperScanner - No MyBatis mapper was found in '[com.dippy.mapper]' package. Please check your configuration.
2021-04-16 23:50:04.481 [http-nio-8090-exec-10] WARN  org.mybatis.spring.mapper.ClassPathMapperScanner - No MyBatis mapper was found in '[com.dippy.mapper]' package. Please check your configuration.
2021-04-16 23:53:02.900 [http-nio-8090-exec-1] WARN  org.mybatis.spring.mapper.ClassPathMapperScanner - No MyBatis mapper was found in '[com.dippy.mapper]' package. Please check your configuration.
2021-04-16 23:53:03.065 [http-nio-8090-exec-1] WARN  org.mybatis.spring.mapper.ClassPathMapperScanner - No MyBatis mapper was found in '[com.dippy.mapper]' package. Please check your configuration.
